[2023-02-04T02:55:44.874+0000] {taskinstance.py:1165} INFO - Dependencies all met for <TaskInstance: real_estate_data_pipeline.clean_and_transform_data manual__2023-02-04T02:54:52.739112+00:00 [queued]>
[2023-02-04T02:55:44.881+0000] {taskinstance.py:1165} INFO - Dependencies all met for <TaskInstance: real_estate_data_pipeline.clean_and_transform_data manual__2023-02-04T02:54:52.739112+00:00 [queued]>
[2023-02-04T02:55:44.881+0000] {taskinstance.py:1362} INFO - 
--------------------------------------------------------------------------------
[2023-02-04T02:55:44.882+0000] {taskinstance.py:1363} INFO - Starting attempt 2 of 3
[2023-02-04T02:55:44.882+0000] {taskinstance.py:1364} INFO - 
--------------------------------------------------------------------------------
[2023-02-04T02:55:44.891+0000] {taskinstance.py:1383} INFO - Executing <Task(PythonOperator): clean_and_transform_data> on 2023-02-04 02:54:52.739112+00:00
[2023-02-04T02:55:44.896+0000] {standard_task_runner.py:54} INFO - Started process 9361 to run task
[2023-02-04T02:55:44.900+0000] {standard_task_runner.py:82} INFO - Running: ['***', 'tasks', 'run', 'real_estate_data_pipeline', 'clean_and_transform_data', 'manual__2023-02-04T02:54:52.739112+00:00', '--job-id', '1370', '--raw', '--subdir', 'DAGS_FOLDER/real_estate_dag.py', '--cfg-path', '/tmp/tmpoj55liz7']
[2023-02-04T02:55:44.901+0000] {standard_task_runner.py:83} INFO - Job 1370: Subtask clean_and_transform_data
[2023-02-04T02:55:44.902+0000] {dagbag.py:525} INFO - Filling up the DagBag from /opt/***/dags/real_estate_dag.py
[2023-02-04T02:55:45.174+0000] {task_command.py:384} INFO - Running <TaskInstance: real_estate_data_pipeline.clean_and_transform_data manual__2023-02-04T02:54:52.739112+00:00 [running]> on host 9667f615f42a
[2023-02-04T02:55:45.232+0000] {taskinstance.py:1592} INFO - Exporting the following env vars:
AIRFLOW_CTX_DAG_OWNER=me
AIRFLOW_CTX_DAG_ID=real_estate_data_pipeline
AIRFLOW_CTX_TASK_ID=clean_and_transform_data
AIRFLOW_CTX_EXECUTION_DATE=2023-02-04T02:54:52.739112+00:00
AIRFLOW_CTX_TRY_NUMBER=2
AIRFLOW_CTX_DAG_RUN_ID=manual__2023-02-04T02:54:52.739112+00:00
[2023-02-04T02:55:45.253+0000] {python.py:177} INFO - Done. Returned value was:   property_address       city  property_zipcode  ...  bathrooms  sqft  sale_date
0      1234 Elm St    Anytown             12345  ...        2.0  2000 2022-01-01
1     5678 Oak Ave  Othertown             67890  ...        2.5  2500 2022-01-02
2    1234 Birch Rd   Sometown             54321  ...        2.0  1500 2022-01-03

[3 rows x 8 columns]
[2023-02-04T02:55:45.272+0000] {xcom.py:600} ERROR - Could not serialize the XCom value into JSON. If you are using pickle instead of JSON for XCom, then you need to enable pickle support for XCom in your *** config.
[2023-02-04T02:55:45.273+0000] {taskinstance.py:1851} ERROR - Task failed with exception
Traceback (most recent call last):
  File "/home/airflow/.local/lib/python3.7/site-packages/airflow/utils/session.py", line 72, in wrapper
    return func(*args, **kwargs)
  File "/home/airflow/.local/lib/python3.7/site-packages/airflow/models/taskinstance.py", line 2385, in xcom_push
    session=session,
  File "/home/airflow/.local/lib/python3.7/site-packages/airflow/utils/session.py", line 72, in wrapper
    return func(*args, **kwargs)
  File "/home/airflow/.local/lib/python3.7/site-packages/airflow/models/xcom.py", line 212, in set
    map_index=map_index,
  File "/home/airflow/.local/lib/python3.7/site-packages/airflow/models/xcom.py", line 597, in serialize_value
    return json.dumps(value).encode('UTF-8')
  File "/usr/local/lib/python3.7/json/__init__.py", line 231, in dumps
    return _default_encoder.encode(obj)
  File "/usr/local/lib/python3.7/json/encoder.py", line 199, in encode
    chunks = self.iterencode(o, _one_shot=True)
  File "/usr/local/lib/python3.7/json/encoder.py", line 257, in iterencode
    return _iterencode(o, 0)
  File "/usr/local/lib/python3.7/json/encoder.py", line 179, in default
    raise TypeError(f'Object of type {o.__class__.__name__} '
TypeError: Object of type DataFrame is not JSON serializable
[2023-02-04T02:55:45.285+0000] {taskinstance.py:1406} INFO - Marking task as UP_FOR_RETRY. dag_id=real_estate_data_pipeline, task_id=clean_and_transform_data, execution_date=20230204T025452, start_date=20230204T025544, end_date=20230204T025545
[2023-02-04T02:55:45.292+0000] {standard_task_runner.py:107} ERROR - Failed to execute job 1370 for task clean_and_transform_data (Object of type DataFrame is not JSON serializable; 9361)
[2023-02-04T02:55:45.320+0000] {local_task_job.py:164} INFO - Task exited with return code 1
[2023-02-04T02:55:45.348+0000] {local_task_job.py:273} INFO - 0 downstream tasks scheduled from follow-on schedule check
