[2023-02-04T02:54:53.520+0000] {taskinstance.py:1165} INFO - Dependencies all met for <TaskInstance: real_estate_data_pipeline.clean_and_transform_data manual__2023-02-04T02:54:52.739112+00:00 [queued]>
[2023-02-04T02:54:53.528+0000] {taskinstance.py:1165} INFO - Dependencies all met for <TaskInstance: real_estate_data_pipeline.clean_and_transform_data manual__2023-02-04T02:54:52.739112+00:00 [queued]>
[2023-02-04T02:54:53.529+0000] {taskinstance.py:1362} INFO - 
--------------------------------------------------------------------------------
[2023-02-04T02:54:53.529+0000] {taskinstance.py:1363} INFO - Starting attempt 1 of 2
[2023-02-04T02:54:53.530+0000] {taskinstance.py:1364} INFO - 
--------------------------------------------------------------------------------
[2023-02-04T02:54:53.538+0000] {taskinstance.py:1383} INFO - Executing <Task(PythonOperator): clean_and_transform_data> on 2023-02-04 02:54:52.739112+00:00
[2023-02-04T02:54:53.542+0000] {standard_task_runner.py:54} INFO - Started process 9313 to run task
[2023-02-04T02:54:53.547+0000] {standard_task_runner.py:82} INFO - Running: ['***', 'tasks', 'run', 'real_estate_data_pipeline', 'clean_and_transform_data', 'manual__2023-02-04T02:54:52.739112+00:00', '--job-id', '1369', '--raw', '--subdir', 'DAGS_FOLDER/real_estate_dag.py', '--cfg-path', '/tmp/tmpiwo8z6ll']
[2023-02-04T02:54:53.549+0000] {standard_task_runner.py:83} INFO - Job 1369: Subtask clean_and_transform_data
[2023-02-04T02:54:53.550+0000] {dagbag.py:525} INFO - Filling up the DagBag from /opt/***/dags/real_estate_dag.py
[2023-02-04T02:54:53.929+0000] {task_command.py:384} INFO - Running <TaskInstance: real_estate_data_pipeline.clean_and_transform_data manual__2023-02-04T02:54:52.739112+00:00 [running]> on host 9667f615f42a
[2023-02-04T02:54:53.978+0000] {taskinstance.py:1592} INFO - Exporting the following env vars:
AIRFLOW_CTX_DAG_OWNER=me
AIRFLOW_CTX_DAG_ID=real_estate_data_pipeline
AIRFLOW_CTX_TASK_ID=clean_and_transform_data
AIRFLOW_CTX_EXECUTION_DATE=2023-02-04T02:54:52.739112+00:00
AIRFLOW_CTX_TRY_NUMBER=1
AIRFLOW_CTX_DAG_RUN_ID=manual__2023-02-04T02:54:52.739112+00:00
[2023-02-04T02:54:53.991+0000] {taskinstance.py:1851} ERROR - Task failed with exception
Traceback (most recent call last):
  File "/home/airflow/.local/lib/python3.7/site-packages/airflow/operators/python.py", line 175, in execute
    return_value = self.execute_callable()
  File "/home/airflow/.local/lib/python3.7/site-packages/airflow/operators/python.py", line 193, in execute_callable
    return self.python_callable(*self.op_args, **self.op_kwargs)
  File "/opt/airflow/dags/real_estate_dag.py", line 39, in clean_and_transform_data
    df = df.dropna()  # remove rows with missing values
AttributeError: 'NoneType' object has no attribute 'dropna'
[2023-02-04T02:54:54.001+0000] {taskinstance.py:1406} INFO - Marking task as UP_FOR_RETRY. dag_id=real_estate_data_pipeline, task_id=clean_and_transform_data, execution_date=20230204T025452, start_date=20230204T025453, end_date=20230204T025454
[2023-02-04T02:54:54.008+0000] {standard_task_runner.py:107} ERROR - Failed to execute job 1369 for task clean_and_transform_data ('NoneType' object has no attribute 'dropna'; 9313)
[2023-02-04T02:54:54.046+0000] {local_task_job.py:164} INFO - Task exited with return code 1
[2023-02-04T02:54:54.070+0000] {local_task_job.py:273} INFO - 0 downstream tasks scheduled from follow-on schedule check
