[2023-01-20T23:40:09.523+0000] {processor.py:156} INFO - Started process (PID=72) to work on /home/airflow/.local/lib/python3.7/site-packages/airflow/example_dags/example_xcomargs.py
[2023-01-20T23:40:09.524+0000] {processor.py:758} INFO - Processing file /home/airflow/.local/lib/python3.7/site-packages/airflow/example_dags/example_xcomargs.py for tasks to queue
[2023-01-20T23:40:09.525+0000] {logging_mixin.py:117} INFO - [2023-01-20T23:40:09.525+0000] {dagbag.py:525} INFO - Filling up the DagBag from /home/airflow/.local/lib/python3.7/site-packages/airflow/example_dags/example_xcomargs.py
[2023-01-20T23:40:09.541+0000] {processor.py:768} INFO - DAG(s) dict_keys(['example_xcom_args', 'example_xcom_args_with_operators']) retrieved from /home/airflow/.local/lib/python3.7/site-packages/airflow/example_dags/example_xcomargs.py
[2023-01-20T23:40:09.662+0000] {logging_mixin.py:117} INFO - [2023-01-20T23:40:09.662+0000] {dag.py:2573} INFO - Sync 2 DAGs
[2023-01-20T23:40:09.674+0000] {logging_mixin.py:117} INFO - [2023-01-20T23:40:09.674+0000] {dag.py:3328} INFO - Setting next_dagrun for example_xcom_args to None, run_after=None
[2023-01-20T23:40:09.677+0000] {logging_mixin.py:117} INFO - [2023-01-20T23:40:09.677+0000] {dag.py:3328} INFO - Setting next_dagrun for example_xcom_args_with_operators to None, run_after=None
[2023-01-20T23:40:09.685+0000] {processor.py:178} INFO - Processing /home/airflow/.local/lib/python3.7/site-packages/airflow/example_dags/example_xcomargs.py took 0.165 seconds
[2023-01-20T23:40:40.796+0000] {processor.py:156} INFO - Started process (PID=136) to work on /home/airflow/.local/lib/python3.7/site-packages/airflow/example_dags/example_xcomargs.py
[2023-01-20T23:40:40.798+0000] {processor.py:758} INFO - Processing file /home/airflow/.local/lib/python3.7/site-packages/airflow/example_dags/example_xcomargs.py for tasks to queue
[2023-01-20T23:40:40.798+0000] {logging_mixin.py:117} INFO - [2023-01-20T23:40:40.798+0000] {dagbag.py:525} INFO - Filling up the DagBag from /home/airflow/.local/lib/python3.7/site-packages/airflow/example_dags/example_xcomargs.py
[2023-01-20T23:40:41.265+0000] {processor.py:768} INFO - DAG(s) dict_keys(['example_xcom_args', 'example_xcom_args_with_operators']) retrieved from /home/airflow/.local/lib/python3.7/site-packages/airflow/example_dags/example_xcomargs.py
[2023-01-20T23:40:41.466+0000] {logging_mixin.py:117} INFO - [2023-01-20T23:40:41.465+0000] {dag.py:2573} INFO - Sync 2 DAGs
[2023-01-20T23:40:41.488+0000] {logging_mixin.py:117} INFO - [2023-01-20T23:40:41.488+0000] {dag.py:3328} INFO - Setting next_dagrun for example_xcom_args to None, run_after=None
[2023-01-20T23:40:41.491+0000] {logging_mixin.py:117} INFO - [2023-01-20T23:40:41.491+0000] {dag.py:3328} INFO - Setting next_dagrun for example_xcom_args_with_operators to None, run_after=None
[2023-01-20T23:40:41.503+0000] {processor.py:178} INFO - Processing /home/airflow/.local/lib/python3.7/site-packages/airflow/example_dags/example_xcomargs.py took 0.711 seconds
[2023-01-20T23:41:11.708+0000] {processor.py:156} INFO - Started process (PID=200) to work on /home/airflow/.local/lib/python3.7/site-packages/airflow/example_dags/example_xcomargs.py
[2023-01-20T23:41:11.709+0000] {processor.py:758} INFO - Processing file /home/airflow/.local/lib/python3.7/site-packages/airflow/example_dags/example_xcomargs.py for tasks to queue
[2023-01-20T23:41:11.710+0000] {logging_mixin.py:117} INFO - [2023-01-20T23:41:11.710+0000] {dagbag.py:525} INFO - Filling up the DagBag from /home/airflow/.local/lib/python3.7/site-packages/airflow/example_dags/example_xcomargs.py
[2023-01-20T23:41:11.843+0000] {processor.py:768} INFO - DAG(s) dict_keys(['example_xcom_args_with_operators', 'example_xcom_args']) retrieved from /home/airflow/.local/lib/python3.7/site-packages/airflow/example_dags/example_xcomargs.py
[2023-01-20T23:41:11.867+0000] {logging_mixin.py:117} INFO - [2023-01-20T23:41:11.867+0000] {dag.py:2573} INFO - Sync 2 DAGs
[2023-01-20T23:41:11.880+0000] {logging_mixin.py:117} INFO - [2023-01-20T23:41:11.880+0000] {dag.py:3328} INFO - Setting next_dagrun for example_xcom_args to None, run_after=None
[2023-01-20T23:41:11.883+0000] {logging_mixin.py:117} INFO - [2023-01-20T23:41:11.883+0000] {dag.py:3328} INFO - Setting next_dagrun for example_xcom_args_with_operators to None, run_after=None
[2023-01-20T23:41:11.891+0000] {processor.py:178} INFO - Processing /home/airflow/.local/lib/python3.7/site-packages/airflow/example_dags/example_xcomargs.py took 0.186 seconds
[2023-01-20T23:41:42.738+0000] {processor.py:156} INFO - Started process (PID=261) to work on /home/airflow/.local/lib/python3.7/site-packages/airflow/example_dags/example_xcomargs.py
[2023-01-20T23:41:42.740+0000] {processor.py:758} INFO - Processing file /home/airflow/.local/lib/python3.7/site-packages/airflow/example_dags/example_xcomargs.py for tasks to queue
[2023-01-20T23:41:42.740+0000] {logging_mixin.py:117} INFO - [2023-01-20T23:41:42.740+0000] {dagbag.py:525} INFO - Filling up the DagBag from /home/airflow/.local/lib/python3.7/site-packages/airflow/example_dags/example_xcomargs.py
[2023-01-20T23:41:42.757+0000] {processor.py:768} INFO - DAG(s) dict_keys(['example_xcom_args', 'example_xcom_args_with_operators']) retrieved from /home/airflow/.local/lib/python3.7/site-packages/airflow/example_dags/example_xcomargs.py
[2023-01-20T23:41:42.786+0000] {logging_mixin.py:117} INFO - [2023-01-20T23:41:42.786+0000] {dag.py:2573} INFO - Sync 2 DAGs
[2023-01-20T23:41:42.801+0000] {logging_mixin.py:117} INFO - [2023-01-20T23:41:42.801+0000] {dag.py:3328} INFO - Setting next_dagrun for example_xcom_args to None, run_after=None
[2023-01-20T23:41:42.803+0000] {logging_mixin.py:117} INFO - [2023-01-20T23:41:42.803+0000] {dag.py:3328} INFO - Setting next_dagrun for example_xcom_args_with_operators to None, run_after=None
[2023-01-20T23:41:42.813+0000] {processor.py:178} INFO - Processing /home/airflow/.local/lib/python3.7/site-packages/airflow/example_dags/example_xcomargs.py took 0.079 seconds
[2023-01-20T23:42:13.199+0000] {processor.py:156} INFO - Started process (PID=317) to work on /home/airflow/.local/lib/python3.7/site-packages/airflow/example_dags/example_xcomargs.py
[2023-01-20T23:42:13.200+0000] {processor.py:758} INFO - Processing file /home/airflow/.local/lib/python3.7/site-packages/airflow/example_dags/example_xcomargs.py for tasks to queue
[2023-01-20T23:42:13.201+0000] {logging_mixin.py:117} INFO - [2023-01-20T23:42:13.201+0000] {dagbag.py:525} INFO - Filling up the DagBag from /home/airflow/.local/lib/python3.7/site-packages/airflow/example_dags/example_xcomargs.py
[2023-01-20T23:42:13.218+0000] {processor.py:768} INFO - DAG(s) dict_keys(['example_xcom_args', 'example_xcom_args_with_operators']) retrieved from /home/airflow/.local/lib/python3.7/site-packages/airflow/example_dags/example_xcomargs.py
[2023-01-20T23:42:13.246+0000] {logging_mixin.py:117} INFO - [2023-01-20T23:42:13.246+0000] {dag.py:2573} INFO - Sync 2 DAGs
[2023-01-20T23:42:13.261+0000] {logging_mixin.py:117} INFO - [2023-01-20T23:42:13.261+0000] {dag.py:3328} INFO - Setting next_dagrun for example_xcom_args to None, run_after=None
[2023-01-20T23:42:13.263+0000] {logging_mixin.py:117} INFO - [2023-01-20T23:42:13.263+0000] {dag.py:3328} INFO - Setting next_dagrun for example_xcom_args_with_operators to None, run_after=None
[2023-01-20T23:42:13.273+0000] {processor.py:178} INFO - Processing /home/airflow/.local/lib/python3.7/site-packages/airflow/example_dags/example_xcomargs.py took 0.077 seconds
[2023-01-20T23:42:43.944+0000] {processor.py:156} INFO - Started process (PID=380) to work on /home/airflow/.local/lib/python3.7/site-packages/airflow/example_dags/example_xcomargs.py
[2023-01-20T23:42:43.945+0000] {processor.py:758} INFO - Processing file /home/airflow/.local/lib/python3.7/site-packages/airflow/example_dags/example_xcomargs.py for tasks to queue
[2023-01-20T23:42:43.946+0000] {logging_mixin.py:117} INFO - [2023-01-20T23:42:43.946+0000] {dagbag.py:525} INFO - Filling up the DagBag from /home/airflow/.local/lib/python3.7/site-packages/airflow/example_dags/example_xcomargs.py
[2023-01-20T23:42:43.962+0000] {processor.py:768} INFO - DAG(s) dict_keys(['example_xcom_args_with_operators', 'example_xcom_args']) retrieved from /home/airflow/.local/lib/python3.7/site-packages/airflow/example_dags/example_xcomargs.py
[2023-01-20T23:42:43.988+0000] {logging_mixin.py:117} INFO - [2023-01-20T23:42:43.988+0000] {dag.py:2573} INFO - Sync 2 DAGs
[2023-01-20T23:42:44.002+0000] {logging_mixin.py:117} INFO - [2023-01-20T23:42:44.002+0000] {dag.py:3328} INFO - Setting next_dagrun for example_xcom_args to None, run_after=None
[2023-01-20T23:42:44.005+0000] {logging_mixin.py:117} INFO - [2023-01-20T23:42:44.005+0000] {dag.py:3328} INFO - Setting next_dagrun for example_xcom_args_with_operators to None, run_after=None
[2023-01-20T23:42:44.014+0000] {processor.py:178} INFO - Processing /home/airflow/.local/lib/python3.7/site-packages/airflow/example_dags/example_xcomargs.py took 0.072 seconds
[2023-01-20T23:43:14.985+0000] {processor.py:156} INFO - Started process (PID=444) to work on /home/airflow/.local/lib/python3.7/site-packages/airflow/example_dags/example_xcomargs.py
[2023-01-20T23:43:14.987+0000] {processor.py:758} INFO - Processing file /home/airflow/.local/lib/python3.7/site-packages/airflow/example_dags/example_xcomargs.py for tasks to queue
[2023-01-20T23:43:14.988+0000] {logging_mixin.py:117} INFO - [2023-01-20T23:43:14.987+0000] {dagbag.py:525} INFO - Filling up the DagBag from /home/airflow/.local/lib/python3.7/site-packages/airflow/example_dags/example_xcomargs.py
[2023-01-20T23:43:15.015+0000] {processor.py:768} INFO - DAG(s) dict_keys(['example_xcom_args_with_operators', 'example_xcom_args']) retrieved from /home/airflow/.local/lib/python3.7/site-packages/airflow/example_dags/example_xcomargs.py
[2023-01-20T23:43:15.072+0000] {logging_mixin.py:117} INFO - [2023-01-20T23:43:15.072+0000] {dag.py:2573} INFO - Sync 2 DAGs
[2023-01-20T23:43:15.100+0000] {logging_mixin.py:117} INFO - [2023-01-20T23:43:15.100+0000] {dag.py:3328} INFO - Setting next_dagrun for example_xcom_args to None, run_after=None
[2023-01-20T23:43:15.115+0000] {logging_mixin.py:117} INFO - [2023-01-20T23:43:15.115+0000] {dag.py:3328} INFO - Setting next_dagrun for example_xcom_args_with_operators to None, run_after=None
[2023-01-20T23:43:15.185+0000] {processor.py:178} INFO - Processing /home/airflow/.local/lib/python3.7/site-packages/airflow/example_dags/example_xcomargs.py took 0.205 seconds
[2023-01-20T23:43:45.585+0000] {processor.py:156} INFO - Started process (PID=507) to work on /home/airflow/.local/lib/python3.7/site-packages/airflow/example_dags/example_xcomargs.py
[2023-01-20T23:43:45.586+0000] {processor.py:758} INFO - Processing file /home/airflow/.local/lib/python3.7/site-packages/airflow/example_dags/example_xcomargs.py for tasks to queue
[2023-01-20T23:43:45.587+0000] {logging_mixin.py:117} INFO - [2023-01-20T23:43:45.586+0000] {dagbag.py:525} INFO - Filling up the DagBag from /home/airflow/.local/lib/python3.7/site-packages/airflow/example_dags/example_xcomargs.py
[2023-01-20T23:43:45.603+0000] {processor.py:768} INFO - DAG(s) dict_keys(['example_xcom_args', 'example_xcom_args_with_operators']) retrieved from /home/airflow/.local/lib/python3.7/site-packages/airflow/example_dags/example_xcomargs.py
[2023-01-20T23:43:45.632+0000] {logging_mixin.py:117} INFO - [2023-01-20T23:43:45.632+0000] {dag.py:2573} INFO - Sync 2 DAGs
[2023-01-20T23:43:45.645+0000] {logging_mixin.py:117} INFO - [2023-01-20T23:43:45.645+0000] {dag.py:3328} INFO - Setting next_dagrun for example_xcom_args to None, run_after=None
[2023-01-20T23:43:45.647+0000] {logging_mixin.py:117} INFO - [2023-01-20T23:43:45.647+0000] {dag.py:3328} INFO - Setting next_dagrun for example_xcom_args_with_operators to None, run_after=None
[2023-01-20T23:43:45.655+0000] {processor.py:178} INFO - Processing /home/airflow/.local/lib/python3.7/site-packages/airflow/example_dags/example_xcomargs.py took 0.073 seconds
[2023-01-20T23:44:16.074+0000] {processor.py:156} INFO - Started process (PID=570) to work on /home/airflow/.local/lib/python3.7/site-packages/airflow/example_dags/example_xcomargs.py
[2023-01-20T23:44:16.076+0000] {processor.py:758} INFO - Processing file /home/airflow/.local/lib/python3.7/site-packages/airflow/example_dags/example_xcomargs.py for tasks to queue
[2023-01-20T23:44:16.077+0000] {logging_mixin.py:117} INFO - [2023-01-20T23:44:16.077+0000] {dagbag.py:525} INFO - Filling up the DagBag from /home/airflow/.local/lib/python3.7/site-packages/airflow/example_dags/example_xcomargs.py
[2023-01-20T23:44:16.095+0000] {processor.py:768} INFO - DAG(s) dict_keys(['example_xcom_args_with_operators', 'example_xcom_args']) retrieved from /home/airflow/.local/lib/python3.7/site-packages/airflow/example_dags/example_xcomargs.py
[2023-01-20T23:44:16.125+0000] {logging_mixin.py:117} INFO - [2023-01-20T23:44:16.125+0000] {dag.py:2573} INFO - Sync 2 DAGs
[2023-01-20T23:44:16.140+0000] {logging_mixin.py:117} INFO - [2023-01-20T23:44:16.139+0000] {dag.py:3328} INFO - Setting next_dagrun for example_xcom_args to None, run_after=None
[2023-01-20T23:44:16.142+0000] {logging_mixin.py:117} INFO - [2023-01-20T23:44:16.142+0000] {dag.py:3328} INFO - Setting next_dagrun for example_xcom_args_with_operators to None, run_after=None
[2023-01-20T23:44:16.152+0000] {processor.py:178} INFO - Processing /home/airflow/.local/lib/python3.7/site-packages/airflow/example_dags/example_xcomargs.py took 0.080 seconds
[2023-01-20T23:44:46.396+0000] {processor.py:156} INFO - Started process (PID=631) to work on /home/airflow/.local/lib/python3.7/site-packages/airflow/example_dags/example_xcomargs.py
[2023-01-20T23:44:46.398+0000] {processor.py:758} INFO - Processing file /home/airflow/.local/lib/python3.7/site-packages/airflow/example_dags/example_xcomargs.py for tasks to queue
[2023-01-20T23:44:46.398+0000] {logging_mixin.py:117} INFO - [2023-01-20T23:44:46.398+0000] {dagbag.py:525} INFO - Filling up the DagBag from /home/airflow/.local/lib/python3.7/site-packages/airflow/example_dags/example_xcomargs.py
[2023-01-20T23:44:46.416+0000] {processor.py:768} INFO - DAG(s) dict_keys(['example_xcom_args_with_operators', 'example_xcom_args']) retrieved from /home/airflow/.local/lib/python3.7/site-packages/airflow/example_dags/example_xcomargs.py
[2023-01-20T23:44:46.445+0000] {logging_mixin.py:117} INFO - [2023-01-20T23:44:46.445+0000] {dag.py:2573} INFO - Sync 2 DAGs
[2023-01-20T23:44:46.461+0000] {logging_mixin.py:117} INFO - [2023-01-20T23:44:46.461+0000] {dag.py:3328} INFO - Setting next_dagrun for example_xcom_args to None, run_after=None
[2023-01-20T23:44:46.464+0000] {logging_mixin.py:117} INFO - [2023-01-20T23:44:46.464+0000] {dag.py:3328} INFO - Setting next_dagrun for example_xcom_args_with_operators to None, run_after=None
[2023-01-20T23:44:46.475+0000] {processor.py:178} INFO - Processing /home/airflow/.local/lib/python3.7/site-packages/airflow/example_dags/example_xcomargs.py took 0.081 seconds
[2023-01-20T23:45:16.758+0000] {processor.py:156} INFO - Started process (PID=687) to work on /home/airflow/.local/lib/python3.7/site-packages/airflow/example_dags/example_xcomargs.py
[2023-01-20T23:45:16.759+0000] {processor.py:758} INFO - Processing file /home/airflow/.local/lib/python3.7/site-packages/airflow/example_dags/example_xcomargs.py for tasks to queue
[2023-01-20T23:45:16.760+0000] {logging_mixin.py:117} INFO - [2023-01-20T23:45:16.760+0000] {dagbag.py:525} INFO - Filling up the DagBag from /home/airflow/.local/lib/python3.7/site-packages/airflow/example_dags/example_xcomargs.py
[2023-01-20T23:45:16.776+0000] {processor.py:768} INFO - DAG(s) dict_keys(['example_xcom_args', 'example_xcom_args_with_operators']) retrieved from /home/airflow/.local/lib/python3.7/site-packages/airflow/example_dags/example_xcomargs.py
[2023-01-20T23:45:16.804+0000] {logging_mixin.py:117} INFO - [2023-01-20T23:45:16.804+0000] {dag.py:2573} INFO - Sync 2 DAGs
[2023-01-20T23:45:16.818+0000] {logging_mixin.py:117} INFO - [2023-01-20T23:45:16.817+0000] {dag.py:3328} INFO - Setting next_dagrun for example_xcom_args to None, run_after=None
[2023-01-20T23:45:16.820+0000] {logging_mixin.py:117} INFO - [2023-01-20T23:45:16.820+0000] {dag.py:3328} INFO - Setting next_dagrun for example_xcom_args_with_operators to None, run_after=None
[2023-01-20T23:45:16.829+0000] {processor.py:178} INFO - Processing /home/airflow/.local/lib/python3.7/site-packages/airflow/example_dags/example_xcomargs.py took 0.074 seconds
[2023-01-20T23:45:47.123+0000] {processor.py:156} INFO - Started process (PID=750) to work on /home/airflow/.local/lib/python3.7/site-packages/airflow/example_dags/example_xcomargs.py
[2023-01-20T23:45:47.126+0000] {processor.py:758} INFO - Processing file /home/airflow/.local/lib/python3.7/site-packages/airflow/example_dags/example_xcomargs.py for tasks to queue
[2023-01-20T23:45:47.132+0000] {logging_mixin.py:117} INFO - [2023-01-20T23:45:47.131+0000] {dagbag.py:525} INFO - Filling up the DagBag from /home/airflow/.local/lib/python3.7/site-packages/airflow/example_dags/example_xcomargs.py
[2023-01-20T23:45:47.174+0000] {processor.py:768} INFO - DAG(s) dict_keys(['example_xcom_args', 'example_xcom_args_with_operators']) retrieved from /home/airflow/.local/lib/python3.7/site-packages/airflow/example_dags/example_xcomargs.py
[2023-01-20T23:45:47.213+0000] {logging_mixin.py:117} INFO - [2023-01-20T23:45:47.213+0000] {dag.py:2573} INFO - Sync 2 DAGs
[2023-01-20T23:45:47.228+0000] {logging_mixin.py:117} INFO - [2023-01-20T23:45:47.228+0000] {dag.py:3328} INFO - Setting next_dagrun for example_xcom_args to None, run_after=None
[2023-01-20T23:45:47.231+0000] {logging_mixin.py:117} INFO - [2023-01-20T23:45:47.231+0000] {dag.py:3328} INFO - Setting next_dagrun for example_xcom_args_with_operators to None, run_after=None
[2023-01-20T23:45:47.247+0000] {processor.py:178} INFO - Processing /home/airflow/.local/lib/python3.7/site-packages/airflow/example_dags/example_xcomargs.py took 0.130 seconds
[2023-01-20T23:46:17.387+0000] {processor.py:156} INFO - Started process (PID=813) to work on /home/airflow/.local/lib/python3.7/site-packages/airflow/example_dags/example_xcomargs.py
[2023-01-20T23:46:17.388+0000] {processor.py:758} INFO - Processing file /home/airflow/.local/lib/python3.7/site-packages/airflow/example_dags/example_xcomargs.py for tasks to queue
[2023-01-20T23:46:17.389+0000] {logging_mixin.py:117} INFO - [2023-01-20T23:46:17.389+0000] {dagbag.py:525} INFO - Filling up the DagBag from /home/airflow/.local/lib/python3.7/site-packages/airflow/example_dags/example_xcomargs.py
[2023-01-20T23:46:17.405+0000] {processor.py:768} INFO - DAG(s) dict_keys(['example_xcom_args_with_operators', 'example_xcom_args']) retrieved from /home/airflow/.local/lib/python3.7/site-packages/airflow/example_dags/example_xcomargs.py
[2023-01-20T23:46:17.432+0000] {logging_mixin.py:117} INFO - [2023-01-20T23:46:17.432+0000] {dag.py:2573} INFO - Sync 2 DAGs
[2023-01-20T23:46:17.446+0000] {logging_mixin.py:117} INFO - [2023-01-20T23:46:17.446+0000] {dag.py:3328} INFO - Setting next_dagrun for example_xcom_args to None, run_after=None
[2023-01-20T23:46:17.449+0000] {logging_mixin.py:117} INFO - [2023-01-20T23:46:17.449+0000] {dag.py:3328} INFO - Setting next_dagrun for example_xcom_args_with_operators to None, run_after=None
[2023-01-20T23:46:17.459+0000] {processor.py:178} INFO - Processing /home/airflow/.local/lib/python3.7/site-packages/airflow/example_dags/example_xcomargs.py took 0.075 seconds
[2023-01-20T23:46:47.920+0000] {processor.py:156} INFO - Started process (PID=876) to work on /home/airflow/.local/lib/python3.7/site-packages/airflow/example_dags/example_xcomargs.py
[2023-01-20T23:46:47.921+0000] {processor.py:758} INFO - Processing file /home/airflow/.local/lib/python3.7/site-packages/airflow/example_dags/example_xcomargs.py for tasks to queue
[2023-01-20T23:46:47.921+0000] {logging_mixin.py:117} INFO - [2023-01-20T23:46:47.921+0000] {dagbag.py:525} INFO - Filling up the DagBag from /home/airflow/.local/lib/python3.7/site-packages/airflow/example_dags/example_xcomargs.py
[2023-01-20T23:46:47.939+0000] {processor.py:768} INFO - DAG(s) dict_keys(['example_xcom_args', 'example_xcom_args_with_operators']) retrieved from /home/airflow/.local/lib/python3.7/site-packages/airflow/example_dags/example_xcomargs.py
[2023-01-20T23:46:47.970+0000] {logging_mixin.py:117} INFO - [2023-01-20T23:46:47.970+0000] {dag.py:2573} INFO - Sync 2 DAGs
[2023-01-20T23:46:47.987+0000] {logging_mixin.py:117} INFO - [2023-01-20T23:46:47.987+0000] {dag.py:3328} INFO - Setting next_dagrun for example_xcom_args to None, run_after=None
[2023-01-20T23:46:47.989+0000] {logging_mixin.py:117} INFO - [2023-01-20T23:46:47.989+0000] {dag.py:3328} INFO - Setting next_dagrun for example_xcom_args_with_operators to None, run_after=None
[2023-01-20T23:46:48.001+0000] {processor.py:178} INFO - Processing /home/airflow/.local/lib/python3.7/site-packages/airflow/example_dags/example_xcomargs.py took 0.085 seconds
[2023-01-20T23:47:18.441+0000] {processor.py:156} INFO - Started process (PID=939) to work on /home/airflow/.local/lib/python3.7/site-packages/airflow/example_dags/example_xcomargs.py
[2023-01-20T23:47:18.442+0000] {processor.py:758} INFO - Processing file /home/airflow/.local/lib/python3.7/site-packages/airflow/example_dags/example_xcomargs.py for tasks to queue
[2023-01-20T23:47:18.443+0000] {logging_mixin.py:117} INFO - [2023-01-20T23:47:18.443+0000] {dagbag.py:525} INFO - Filling up the DagBag from /home/airflow/.local/lib/python3.7/site-packages/airflow/example_dags/example_xcomargs.py
[2023-01-20T23:47:18.460+0000] {processor.py:768} INFO - DAG(s) dict_keys(['example_xcom_args_with_operators', 'example_xcom_args']) retrieved from /home/airflow/.local/lib/python3.7/site-packages/airflow/example_dags/example_xcomargs.py
[2023-01-20T23:47:18.489+0000] {logging_mixin.py:117} INFO - [2023-01-20T23:47:18.489+0000] {dag.py:2573} INFO - Sync 2 DAGs
[2023-01-20T23:47:18.503+0000] {logging_mixin.py:117} INFO - [2023-01-20T23:47:18.503+0000] {dag.py:3328} INFO - Setting next_dagrun for example_xcom_args to None, run_after=None
[2023-01-20T23:47:18.505+0000] {logging_mixin.py:117} INFO - [2023-01-20T23:47:18.505+0000] {dag.py:3328} INFO - Setting next_dagrun for example_xcom_args_with_operators to None, run_after=None
[2023-01-20T23:47:18.515+0000] {processor.py:178} INFO - Processing /home/airflow/.local/lib/python3.7/site-packages/airflow/example_dags/example_xcomargs.py took 0.077 seconds
[2023-01-20T23:47:48.931+0000] {processor.py:156} INFO - Started process (PID=999) to work on /home/airflow/.local/lib/python3.7/site-packages/airflow/example_dags/example_xcomargs.py
[2023-01-20T23:47:48.932+0000] {processor.py:758} INFO - Processing file /home/airflow/.local/lib/python3.7/site-packages/airflow/example_dags/example_xcomargs.py for tasks to queue
[2023-01-20T23:47:48.933+0000] {logging_mixin.py:117} INFO - [2023-01-20T23:47:48.933+0000] {dagbag.py:525} INFO - Filling up the DagBag from /home/airflow/.local/lib/python3.7/site-packages/airflow/example_dags/example_xcomargs.py
[2023-01-20T23:47:48.950+0000] {processor.py:768} INFO - DAG(s) dict_keys(['example_xcom_args', 'example_xcom_args_with_operators']) retrieved from /home/airflow/.local/lib/python3.7/site-packages/airflow/example_dags/example_xcomargs.py
[2023-01-20T23:47:48.980+0000] {logging_mixin.py:117} INFO - [2023-01-20T23:47:48.980+0000] {dag.py:2573} INFO - Sync 2 DAGs
[2023-01-20T23:47:48.997+0000] {logging_mixin.py:117} INFO - [2023-01-20T23:47:48.997+0000] {dag.py:3328} INFO - Setting next_dagrun for example_xcom_args to None, run_after=None
[2023-01-20T23:47:49.000+0000] {logging_mixin.py:117} INFO - [2023-01-20T23:47:48.999+0000] {dag.py:3328} INFO - Setting next_dagrun for example_xcom_args_with_operators to None, run_after=None
[2023-01-20T23:47:49.010+0000] {processor.py:178} INFO - Processing /home/airflow/.local/lib/python3.7/site-packages/airflow/example_dags/example_xcomargs.py took 0.082 seconds
[2023-01-20T23:48:19.371+0000] {processor.py:156} INFO - Started process (PID=1055) to work on /home/airflow/.local/lib/python3.7/site-packages/airflow/example_dags/example_xcomargs.py
[2023-01-20T23:48:19.372+0000] {processor.py:758} INFO - Processing file /home/airflow/.local/lib/python3.7/site-packages/airflow/example_dags/example_xcomargs.py for tasks to queue
[2023-01-20T23:48:19.372+0000] {logging_mixin.py:117} INFO - [2023-01-20T23:48:19.372+0000] {dagbag.py:525} INFO - Filling up the DagBag from /home/airflow/.local/lib/python3.7/site-packages/airflow/example_dags/example_xcomargs.py
[2023-01-20T23:48:19.387+0000] {processor.py:768} INFO - DAG(s) dict_keys(['example_xcom_args', 'example_xcom_args_with_operators']) retrieved from /home/airflow/.local/lib/python3.7/site-packages/airflow/example_dags/example_xcomargs.py
[2023-01-20T23:48:19.414+0000] {logging_mixin.py:117} INFO - [2023-01-20T23:48:19.414+0000] {dag.py:2573} INFO - Sync 2 DAGs
[2023-01-20T23:48:19.428+0000] {logging_mixin.py:117} INFO - [2023-01-20T23:48:19.428+0000] {dag.py:3328} INFO - Setting next_dagrun for example_xcom_args to None, run_after=None
[2023-01-20T23:48:19.430+0000] {logging_mixin.py:117} INFO - [2023-01-20T23:48:19.430+0000] {dag.py:3328} INFO - Setting next_dagrun for example_xcom_args_with_operators to None, run_after=None
[2023-01-20T23:48:19.439+0000] {processor.py:178} INFO - Processing /home/airflow/.local/lib/python3.7/site-packages/airflow/example_dags/example_xcomargs.py took 0.071 seconds
[2023-01-20T23:48:49.764+0000] {processor.py:156} INFO - Started process (PID=1118) to work on /home/airflow/.local/lib/python3.7/site-packages/airflow/example_dags/example_xcomargs.py
[2023-01-20T23:48:49.765+0000] {processor.py:758} INFO - Processing file /home/airflow/.local/lib/python3.7/site-packages/airflow/example_dags/example_xcomargs.py for tasks to queue
[2023-01-20T23:48:49.766+0000] {logging_mixin.py:117} INFO - [2023-01-20T23:48:49.766+0000] {dagbag.py:525} INFO - Filling up the DagBag from /home/airflow/.local/lib/python3.7/site-packages/airflow/example_dags/example_xcomargs.py
[2023-01-20T23:48:49.782+0000] {processor.py:768} INFO - DAG(s) dict_keys(['example_xcom_args_with_operators', 'example_xcom_args']) retrieved from /home/airflow/.local/lib/python3.7/site-packages/airflow/example_dags/example_xcomargs.py
[2023-01-20T23:48:49.811+0000] {logging_mixin.py:117} INFO - [2023-01-20T23:48:49.811+0000] {dag.py:2573} INFO - Sync 2 DAGs
[2023-01-20T23:48:49.825+0000] {logging_mixin.py:117} INFO - [2023-01-20T23:48:49.825+0000] {dag.py:3328} INFO - Setting next_dagrun for example_xcom_args to None, run_after=None
[2023-01-20T23:48:49.828+0000] {logging_mixin.py:117} INFO - [2023-01-20T23:48:49.828+0000] {dag.py:3328} INFO - Setting next_dagrun for example_xcom_args_with_operators to None, run_after=None
[2023-01-20T23:48:49.838+0000] {processor.py:178} INFO - Processing /home/airflow/.local/lib/python3.7/site-packages/airflow/example_dags/example_xcomargs.py took 0.077 seconds
[2023-01-20T23:49:20.096+0000] {processor.py:156} INFO - Started process (PID=1181) to work on /home/airflow/.local/lib/python3.7/site-packages/airflow/example_dags/example_xcomargs.py
[2023-01-20T23:49:20.097+0000] {processor.py:758} INFO - Processing file /home/airflow/.local/lib/python3.7/site-packages/airflow/example_dags/example_xcomargs.py for tasks to queue
[2023-01-20T23:49:20.098+0000] {logging_mixin.py:117} INFO - [2023-01-20T23:49:20.098+0000] {dagbag.py:525} INFO - Filling up the DagBag from /home/airflow/.local/lib/python3.7/site-packages/airflow/example_dags/example_xcomargs.py
[2023-01-20T23:49:20.116+0000] {processor.py:768} INFO - DAG(s) dict_keys(['example_xcom_args', 'example_xcom_args_with_operators']) retrieved from /home/airflow/.local/lib/python3.7/site-packages/airflow/example_dags/example_xcomargs.py
[2023-01-20T23:49:20.149+0000] {logging_mixin.py:117} INFO - [2023-01-20T23:49:20.148+0000] {dag.py:2573} INFO - Sync 2 DAGs
[2023-01-20T23:49:20.170+0000] {logging_mixin.py:117} INFO - [2023-01-20T23:49:20.170+0000] {dag.py:3328} INFO - Setting next_dagrun for example_xcom_args to None, run_after=None
[2023-01-20T23:49:20.173+0000] {logging_mixin.py:117} INFO - [2023-01-20T23:49:20.173+0000] {dag.py:3328} INFO - Setting next_dagrun for example_xcom_args_with_operators to None, run_after=None
[2023-01-20T23:49:20.183+0000] {processor.py:178} INFO - Processing /home/airflow/.local/lib/python3.7/site-packages/airflow/example_dags/example_xcomargs.py took 0.089 seconds
[2023-01-20T23:49:50.487+0000] {processor.py:156} INFO - Started process (PID=1244) to work on /home/airflow/.local/lib/python3.7/site-packages/airflow/example_dags/example_xcomargs.py
[2023-01-20T23:49:50.488+0000] {processor.py:758} INFO - Processing file /home/airflow/.local/lib/python3.7/site-packages/airflow/example_dags/example_xcomargs.py for tasks to queue
[2023-01-20T23:49:50.488+0000] {logging_mixin.py:117} INFO - [2023-01-20T23:49:50.488+0000] {dagbag.py:525} INFO - Filling up the DagBag from /home/airflow/.local/lib/python3.7/site-packages/airflow/example_dags/example_xcomargs.py
[2023-01-20T23:49:50.506+0000] {processor.py:768} INFO - DAG(s) dict_keys(['example_xcom_args_with_operators', 'example_xcom_args']) retrieved from /home/airflow/.local/lib/python3.7/site-packages/airflow/example_dags/example_xcomargs.py
[2023-01-20T23:49:50.535+0000] {logging_mixin.py:117} INFO - [2023-01-20T23:49:50.535+0000] {dag.py:2573} INFO - Sync 2 DAGs
[2023-01-20T23:49:50.549+0000] {logging_mixin.py:117} INFO - [2023-01-20T23:49:50.549+0000] {dag.py:3328} INFO - Setting next_dagrun for example_xcom_args to None, run_after=None
[2023-01-20T23:49:50.552+0000] {logging_mixin.py:117} INFO - [2023-01-20T23:49:50.552+0000] {dag.py:3328} INFO - Setting next_dagrun for example_xcom_args_with_operators to None, run_after=None
[2023-01-20T23:49:50.565+0000] {processor.py:178} INFO - Processing /home/airflow/.local/lib/python3.7/site-packages/airflow/example_dags/example_xcomargs.py took 0.081 seconds
[2023-01-20T23:50:20.818+0000] {processor.py:156} INFO - Started process (PID=1307) to work on /home/airflow/.local/lib/python3.7/site-packages/airflow/example_dags/example_xcomargs.py
[2023-01-20T23:50:20.819+0000] {processor.py:758} INFO - Processing file /home/airflow/.local/lib/python3.7/site-packages/airflow/example_dags/example_xcomargs.py for tasks to queue
[2023-01-20T23:50:20.820+0000] {logging_mixin.py:117} INFO - [2023-01-20T23:50:20.820+0000] {dagbag.py:525} INFO - Filling up the DagBag from /home/airflow/.local/lib/python3.7/site-packages/airflow/example_dags/example_xcomargs.py
[2023-01-20T23:50:20.835+0000] {processor.py:768} INFO - DAG(s) dict_keys(['example_xcom_args', 'example_xcom_args_with_operators']) retrieved from /home/airflow/.local/lib/python3.7/site-packages/airflow/example_dags/example_xcomargs.py
[2023-01-20T23:50:20.862+0000] {logging_mixin.py:117} INFO - [2023-01-20T23:50:20.862+0000] {dag.py:2573} INFO - Sync 2 DAGs
[2023-01-20T23:50:20.876+0000] {logging_mixin.py:117} INFO - [2023-01-20T23:50:20.876+0000] {dag.py:3328} INFO - Setting next_dagrun for example_xcom_args to None, run_after=None
[2023-01-20T23:50:20.878+0000] {logging_mixin.py:117} INFO - [2023-01-20T23:50:20.878+0000] {dag.py:3328} INFO - Setting next_dagrun for example_xcom_args_with_operators to None, run_after=None
[2023-01-20T23:50:20.887+0000] {processor.py:178} INFO - Processing /home/airflow/.local/lib/python3.7/site-packages/airflow/example_dags/example_xcomargs.py took 0.072 seconds
[2023-01-20T23:50:51.099+0000] {processor.py:156} INFO - Started process (PID=1368) to work on /home/airflow/.local/lib/python3.7/site-packages/airflow/example_dags/example_xcomargs.py
[2023-01-20T23:50:51.100+0000] {processor.py:758} INFO - Processing file /home/airflow/.local/lib/python3.7/site-packages/airflow/example_dags/example_xcomargs.py for tasks to queue
[2023-01-20T23:50:51.101+0000] {logging_mixin.py:117} INFO - [2023-01-20T23:50:51.101+0000] {dagbag.py:525} INFO - Filling up the DagBag from /home/airflow/.local/lib/python3.7/site-packages/airflow/example_dags/example_xcomargs.py
[2023-01-20T23:50:51.120+0000] {processor.py:768} INFO - DAG(s) dict_keys(['example_xcom_args_with_operators', 'example_xcom_args']) retrieved from /home/airflow/.local/lib/python3.7/site-packages/airflow/example_dags/example_xcomargs.py
[2023-01-20T23:50:51.151+0000] {logging_mixin.py:117} INFO - [2023-01-20T23:50:51.151+0000] {dag.py:2573} INFO - Sync 2 DAGs
[2023-01-20T23:50:51.167+0000] {logging_mixin.py:117} INFO - [2023-01-20T23:50:51.167+0000] {dag.py:3328} INFO - Setting next_dagrun for example_xcom_args to None, run_after=None
[2023-01-20T23:50:51.170+0000] {logging_mixin.py:117} INFO - [2023-01-20T23:50:51.170+0000] {dag.py:3328} INFO - Setting next_dagrun for example_xcom_args_with_operators to None, run_after=None
[2023-01-20T23:50:51.180+0000] {processor.py:178} INFO - Processing /home/airflow/.local/lib/python3.7/site-packages/airflow/example_dags/example_xcomargs.py took 0.084 seconds
[2023-01-20T23:51:21.541+0000] {processor.py:156} INFO - Started process (PID=1424) to work on /home/airflow/.local/lib/python3.7/site-packages/airflow/example_dags/example_xcomargs.py
[2023-01-20T23:51:21.542+0000] {processor.py:758} INFO - Processing file /home/airflow/.local/lib/python3.7/site-packages/airflow/example_dags/example_xcomargs.py for tasks to queue
[2023-01-20T23:51:21.543+0000] {logging_mixin.py:117} INFO - [2023-01-20T23:51:21.543+0000] {dagbag.py:525} INFO - Filling up the DagBag from /home/airflow/.local/lib/python3.7/site-packages/airflow/example_dags/example_xcomargs.py
[2023-01-20T23:51:21.559+0000] {processor.py:768} INFO - DAG(s) dict_keys(['example_xcom_args_with_operators', 'example_xcom_args']) retrieved from /home/airflow/.local/lib/python3.7/site-packages/airflow/example_dags/example_xcomargs.py
[2023-01-20T23:51:21.587+0000] {logging_mixin.py:117} INFO - [2023-01-20T23:51:21.587+0000] {dag.py:2573} INFO - Sync 2 DAGs
[2023-01-20T23:51:21.601+0000] {logging_mixin.py:117} INFO - [2023-01-20T23:51:21.601+0000] {dag.py:3328} INFO - Setting next_dagrun for example_xcom_args to None, run_after=None
[2023-01-20T23:51:21.603+0000] {logging_mixin.py:117} INFO - [2023-01-20T23:51:21.603+0000] {dag.py:3328} INFO - Setting next_dagrun for example_xcom_args_with_operators to None, run_after=None
[2023-01-20T23:51:21.612+0000] {processor.py:178} INFO - Processing /home/airflow/.local/lib/python3.7/site-packages/airflow/example_dags/example_xcomargs.py took 0.074 seconds
[2023-01-20T23:51:52.065+0000] {processor.py:156} INFO - Started process (PID=1488) to work on /home/airflow/.local/lib/python3.7/site-packages/airflow/example_dags/example_xcomargs.py
[2023-01-20T23:51:52.067+0000] {processor.py:758} INFO - Processing file /home/airflow/.local/lib/python3.7/site-packages/airflow/example_dags/example_xcomargs.py for tasks to queue
[2023-01-20T23:51:52.067+0000] {logging_mixin.py:117} INFO - [2023-01-20T23:51:52.067+0000] {dagbag.py:525} INFO - Filling up the DagBag from /home/airflow/.local/lib/python3.7/site-packages/airflow/example_dags/example_xcomargs.py
[2023-01-20T23:51:52.085+0000] {processor.py:768} INFO - DAG(s) dict_keys(['example_xcom_args', 'example_xcom_args_with_operators']) retrieved from /home/airflow/.local/lib/python3.7/site-packages/airflow/example_dags/example_xcomargs.py
[2023-01-20T23:51:52.117+0000] {logging_mixin.py:117} INFO - [2023-01-20T23:51:52.116+0000] {dag.py:2573} INFO - Sync 2 DAGs
[2023-01-20T23:51:52.132+0000] {logging_mixin.py:117} INFO - [2023-01-20T23:51:52.132+0000] {dag.py:3328} INFO - Setting next_dagrun for example_xcom_args to None, run_after=None
[2023-01-20T23:51:52.135+0000] {logging_mixin.py:117} INFO - [2023-01-20T23:51:52.135+0000] {dag.py:3328} INFO - Setting next_dagrun for example_xcom_args_with_operators to None, run_after=None
[2023-01-20T23:51:52.143+0000] {processor.py:178} INFO - Processing /home/airflow/.local/lib/python3.7/site-packages/airflow/example_dags/example_xcomargs.py took 0.081 seconds
[2023-01-20T23:52:22.586+0000] {processor.py:156} INFO - Started process (PID=1551) to work on /home/airflow/.local/lib/python3.7/site-packages/airflow/example_dags/example_xcomargs.py
[2023-01-20T23:52:22.588+0000] {processor.py:758} INFO - Processing file /home/airflow/.local/lib/python3.7/site-packages/airflow/example_dags/example_xcomargs.py for tasks to queue
[2023-01-20T23:52:22.590+0000] {logging_mixin.py:117} INFO - [2023-01-20T23:52:22.590+0000] {dagbag.py:525} INFO - Filling up the DagBag from /home/airflow/.local/lib/python3.7/site-packages/airflow/example_dags/example_xcomargs.py
[2023-01-20T23:52:22.616+0000] {processor.py:768} INFO - DAG(s) dict_keys(['example_xcom_args_with_operators', 'example_xcom_args']) retrieved from /home/airflow/.local/lib/python3.7/site-packages/airflow/example_dags/example_xcomargs.py
[2023-01-20T23:52:22.651+0000] {logging_mixin.py:117} INFO - [2023-01-20T23:52:22.651+0000] {dag.py:2573} INFO - Sync 2 DAGs
[2023-01-20T23:52:22.667+0000] {logging_mixin.py:117} INFO - [2023-01-20T23:52:22.667+0000] {dag.py:3328} INFO - Setting next_dagrun for example_xcom_args to None, run_after=None
[2023-01-20T23:52:22.669+0000] {logging_mixin.py:117} INFO - [2023-01-20T23:52:22.669+0000] {dag.py:3328} INFO - Setting next_dagrun for example_xcom_args_with_operators to None, run_after=None
[2023-01-20T23:52:22.680+0000] {processor.py:178} INFO - Processing /home/airflow/.local/lib/python3.7/site-packages/airflow/example_dags/example_xcomargs.py took 0.096 seconds
[2023-01-20T23:52:52.954+0000] {processor.py:156} INFO - Started process (PID=1614) to work on /home/airflow/.local/lib/python3.7/site-packages/airflow/example_dags/example_xcomargs.py
[2023-01-20T23:52:52.955+0000] {processor.py:758} INFO - Processing file /home/airflow/.local/lib/python3.7/site-packages/airflow/example_dags/example_xcomargs.py for tasks to queue
[2023-01-20T23:52:52.956+0000] {logging_mixin.py:117} INFO - [2023-01-20T23:52:52.956+0000] {dagbag.py:525} INFO - Filling up the DagBag from /home/airflow/.local/lib/python3.7/site-packages/airflow/example_dags/example_xcomargs.py
[2023-01-20T23:52:52.972+0000] {processor.py:768} INFO - DAG(s) dict_keys(['example_xcom_args_with_operators', 'example_xcom_args']) retrieved from /home/airflow/.local/lib/python3.7/site-packages/airflow/example_dags/example_xcomargs.py
[2023-01-20T23:52:53.000+0000] {logging_mixin.py:117} INFO - [2023-01-20T23:52:53.000+0000] {dag.py:2573} INFO - Sync 2 DAGs
[2023-01-20T23:52:53.015+0000] {logging_mixin.py:117} INFO - [2023-01-20T23:52:53.015+0000] {dag.py:3328} INFO - Setting next_dagrun for example_xcom_args to None, run_after=None
[2023-01-20T23:52:53.017+0000] {logging_mixin.py:117} INFO - [2023-01-20T23:52:53.017+0000] {dag.py:3328} INFO - Setting next_dagrun for example_xcom_args_with_operators to None, run_after=None
[2023-01-20T23:52:53.026+0000] {processor.py:178} INFO - Processing /home/airflow/.local/lib/python3.7/site-packages/airflow/example_dags/example_xcomargs.py took 0.075 seconds
[2023-01-20T23:53:23.514+0000] {processor.py:156} INFO - Started process (PID=1677) to work on /home/airflow/.local/lib/python3.7/site-packages/airflow/example_dags/example_xcomargs.py
[2023-01-20T23:53:23.518+0000] {processor.py:758} INFO - Processing file /home/airflow/.local/lib/python3.7/site-packages/airflow/example_dags/example_xcomargs.py for tasks to queue
[2023-01-20T23:53:23.522+0000] {logging_mixin.py:117} INFO - [2023-01-20T23:53:23.522+0000] {dagbag.py:525} INFO - Filling up the DagBag from /home/airflow/.local/lib/python3.7/site-packages/airflow/example_dags/example_xcomargs.py
[2023-01-20T23:53:23.538+0000] {processor.py:768} INFO - DAG(s) dict_keys(['example_xcom_args_with_operators', 'example_xcom_args']) retrieved from /home/airflow/.local/lib/python3.7/site-packages/airflow/example_dags/example_xcomargs.py
[2023-01-20T23:53:23.567+0000] {logging_mixin.py:117} INFO - [2023-01-20T23:53:23.567+0000] {dag.py:2573} INFO - Sync 2 DAGs
[2023-01-20T23:53:23.581+0000] {logging_mixin.py:117} INFO - [2023-01-20T23:53:23.581+0000] {dag.py:3328} INFO - Setting next_dagrun for example_xcom_args to None, run_after=None
[2023-01-20T23:53:23.583+0000] {logging_mixin.py:117} INFO - [2023-01-20T23:53:23.583+0000] {dag.py:3328} INFO - Setting next_dagrun for example_xcom_args_with_operators to None, run_after=None
[2023-01-20T23:53:23.592+0000] {processor.py:178} INFO - Processing /home/airflow/.local/lib/python3.7/site-packages/airflow/example_dags/example_xcomargs.py took 0.080 seconds
[2023-01-20T23:53:53.929+0000] {processor.py:156} INFO - Started process (PID=1739) to work on /home/airflow/.local/lib/python3.7/site-packages/airflow/example_dags/example_xcomargs.py
[2023-01-20T23:53:53.930+0000] {processor.py:758} INFO - Processing file /home/airflow/.local/lib/python3.7/site-packages/airflow/example_dags/example_xcomargs.py for tasks to queue
[2023-01-20T23:53:53.931+0000] {logging_mixin.py:117} INFO - [2023-01-20T23:53:53.931+0000] {dagbag.py:525} INFO - Filling up the DagBag from /home/airflow/.local/lib/python3.7/site-packages/airflow/example_dags/example_xcomargs.py
[2023-01-20T23:53:53.951+0000] {processor.py:768} INFO - DAG(s) dict_keys(['example_xcom_args_with_operators', 'example_xcom_args']) retrieved from /home/airflow/.local/lib/python3.7/site-packages/airflow/example_dags/example_xcomargs.py
[2023-01-20T23:53:53.984+0000] {logging_mixin.py:117} INFO - [2023-01-20T23:53:53.984+0000] {dag.py:2573} INFO - Sync 2 DAGs
[2023-01-20T23:53:54.006+0000] {logging_mixin.py:117} INFO - [2023-01-20T23:53:54.005+0000] {dag.py:3328} INFO - Setting next_dagrun for example_xcom_args to None, run_after=None
[2023-01-20T23:53:54.011+0000] {logging_mixin.py:117} INFO - [2023-01-20T23:53:54.010+0000] {dag.py:3328} INFO - Setting next_dagrun for example_xcom_args_with_operators to None, run_after=None
[2023-01-20T23:53:54.024+0000] {processor.py:178} INFO - Processing /home/airflow/.local/lib/python3.7/site-packages/airflow/example_dags/example_xcomargs.py took 0.098 seconds
[2023-01-20T23:55:02.668+0000] {processor.py:156} INFO - Started process (PID=72) to work on /home/airflow/.local/lib/python3.7/site-packages/airflow/example_dags/example_xcomargs.py
[2023-01-20T23:55:02.672+0000] {processor.py:758} INFO - Processing file /home/airflow/.local/lib/python3.7/site-packages/airflow/example_dags/example_xcomargs.py for tasks to queue
[2023-01-20T23:55:02.675+0000] {logging_mixin.py:117} INFO - [2023-01-20T23:55:02.674+0000] {dagbag.py:525} INFO - Filling up the DagBag from /home/airflow/.local/lib/python3.7/site-packages/airflow/example_dags/example_xcomargs.py
[2023-01-20T23:55:02.705+0000] {processor.py:768} INFO - DAG(s) dict_keys(['example_xcom_args_with_operators', 'example_xcom_args']) retrieved from /home/airflow/.local/lib/python3.7/site-packages/airflow/example_dags/example_xcomargs.py
[2023-01-20T23:55:02.891+0000] {logging_mixin.py:117} INFO - [2023-01-20T23:55:02.891+0000] {dag.py:2573} INFO - Sync 2 DAGs
[2023-01-20T23:55:02.905+0000] {logging_mixin.py:117} INFO - [2023-01-20T23:55:02.905+0000] {dag.py:3328} INFO - Setting next_dagrun for example_xcom_args to None, run_after=None
[2023-01-20T23:55:02.908+0000] {logging_mixin.py:117} INFO - [2023-01-20T23:55:02.908+0000] {dag.py:3328} INFO - Setting next_dagrun for example_xcom_args_with_operators to None, run_after=None
[2023-01-20T23:55:02.919+0000] {processor.py:178} INFO - Processing /home/airflow/.local/lib/python3.7/site-packages/airflow/example_dags/example_xcomargs.py took 0.257 seconds
[2023-01-20T23:57:39.368+0000] {processor.py:156} INFO - Started process (PID=72) to work on /home/airflow/.local/lib/python3.7/site-packages/airflow/example_dags/example_xcomargs.py
[2023-01-20T23:57:39.371+0000] {processor.py:758} INFO - Processing file /home/airflow/.local/lib/python3.7/site-packages/airflow/example_dags/example_xcomargs.py for tasks to queue
[2023-01-20T23:57:39.372+0000] {logging_mixin.py:117} INFO - [2023-01-20T23:57:39.372+0000] {dagbag.py:525} INFO - Filling up the DagBag from /home/airflow/.local/lib/python3.7/site-packages/airflow/example_dags/example_xcomargs.py
[2023-01-20T23:57:39.391+0000] {processor.py:768} INFO - DAG(s) dict_keys(['example_xcom_args', 'example_xcom_args_with_operators']) retrieved from /home/airflow/.local/lib/python3.7/site-packages/airflow/example_dags/example_xcomargs.py
[2023-01-20T23:57:39.525+0000] {logging_mixin.py:117} INFO - [2023-01-20T23:57:39.525+0000] {dag.py:2573} INFO - Sync 2 DAGs
[2023-01-20T23:57:39.555+0000] {logging_mixin.py:117} INFO - [2023-01-20T23:57:39.555+0000] {dag.py:3328} INFO - Setting next_dagrun for example_xcom_args to None, run_after=None
[2023-01-20T23:57:39.559+0000] {logging_mixin.py:117} INFO - [2023-01-20T23:57:39.558+0000] {dag.py:3328} INFO - Setting next_dagrun for example_xcom_args_with_operators to None, run_after=None
[2023-01-20T23:57:39.572+0000] {processor.py:178} INFO - Processing /home/airflow/.local/lib/python3.7/site-packages/airflow/example_dags/example_xcomargs.py took 0.208 seconds
[2023-01-20T23:58:10.477+0000] {processor.py:156} INFO - Started process (PID=134) to work on /home/airflow/.local/lib/python3.7/site-packages/airflow/example_dags/example_xcomargs.py
[2023-01-20T23:58:10.479+0000] {processor.py:758} INFO - Processing file /home/airflow/.local/lib/python3.7/site-packages/airflow/example_dags/example_xcomargs.py for tasks to queue
[2023-01-20T23:58:10.480+0000] {logging_mixin.py:117} INFO - [2023-01-20T23:58:10.480+0000] {dagbag.py:525} INFO - Filling up the DagBag from /home/airflow/.local/lib/python3.7/site-packages/airflow/example_dags/example_xcomargs.py
[2023-01-20T23:58:10.605+0000] {processor.py:768} INFO - DAG(s) dict_keys(['example_xcom_args', 'example_xcom_args_with_operators']) retrieved from /home/airflow/.local/lib/python3.7/site-packages/airflow/example_dags/example_xcomargs.py
[2023-01-20T23:58:10.636+0000] {logging_mixin.py:117} INFO - [2023-01-20T23:58:10.635+0000] {dag.py:2573} INFO - Sync 2 DAGs
[2023-01-20T23:58:10.651+0000] {logging_mixin.py:117} INFO - [2023-01-20T23:58:10.651+0000] {dag.py:3328} INFO - Setting next_dagrun for example_xcom_args to None, run_after=None
[2023-01-20T23:58:10.654+0000] {logging_mixin.py:117} INFO - [2023-01-20T23:58:10.654+0000] {dag.py:3328} INFO - Setting next_dagrun for example_xcom_args_with_operators to None, run_after=None
[2023-01-20T23:58:10.666+0000] {processor.py:178} INFO - Processing /home/airflow/.local/lib/python3.7/site-packages/airflow/example_dags/example_xcomargs.py took 0.192 seconds
[2023-01-20T23:58:41.131+0000] {processor.py:156} INFO - Started process (PID=188) to work on /home/airflow/.local/lib/python3.7/site-packages/airflow/example_dags/example_xcomargs.py
[2023-01-20T23:58:41.132+0000] {processor.py:758} INFO - Processing file /home/airflow/.local/lib/python3.7/site-packages/airflow/example_dags/example_xcomargs.py for tasks to queue
[2023-01-20T23:58:41.133+0000] {logging_mixin.py:117} INFO - [2023-01-20T23:58:41.133+0000] {dagbag.py:525} INFO - Filling up the DagBag from /home/airflow/.local/lib/python3.7/site-packages/airflow/example_dags/example_xcomargs.py
[2023-01-20T23:58:41.277+0000] {processor.py:768} INFO - DAG(s) dict_keys(['example_xcom_args_with_operators', 'example_xcom_args']) retrieved from /home/airflow/.local/lib/python3.7/site-packages/airflow/example_dags/example_xcomargs.py
[2023-01-20T23:58:41.303+0000] {logging_mixin.py:117} INFO - [2023-01-20T23:58:41.303+0000] {dag.py:2573} INFO - Sync 2 DAGs
[2023-01-20T23:58:41.317+0000] {logging_mixin.py:117} INFO - [2023-01-20T23:58:41.317+0000] {dag.py:3328} INFO - Setting next_dagrun for example_xcom_args to None, run_after=None
[2023-01-20T23:58:41.320+0000] {logging_mixin.py:117} INFO - [2023-01-20T23:58:41.320+0000] {dag.py:3328} INFO - Setting next_dagrun for example_xcom_args_with_operators to None, run_after=None
[2023-01-20T23:58:41.330+0000] {processor.py:178} INFO - Processing /home/airflow/.local/lib/python3.7/site-packages/airflow/example_dags/example_xcomargs.py took 0.201 seconds
[2023-01-20T23:59:11.484+0000] {processor.py:156} INFO - Started process (PID=251) to work on /home/airflow/.local/lib/python3.7/site-packages/airflow/example_dags/example_xcomargs.py
[2023-01-20T23:59:11.486+0000] {processor.py:758} INFO - Processing file /home/airflow/.local/lib/python3.7/site-packages/airflow/example_dags/example_xcomargs.py for tasks to queue
[2023-01-20T23:59:11.487+0000] {logging_mixin.py:117} INFO - [2023-01-20T23:59:11.486+0000] {dagbag.py:525} INFO - Filling up the DagBag from /home/airflow/.local/lib/python3.7/site-packages/airflow/example_dags/example_xcomargs.py
[2023-01-20T23:59:11.504+0000] {processor.py:768} INFO - DAG(s) dict_keys(['example_xcom_args', 'example_xcom_args_with_operators']) retrieved from /home/airflow/.local/lib/python3.7/site-packages/airflow/example_dags/example_xcomargs.py
[2023-01-20T23:59:11.544+0000] {logging_mixin.py:117} INFO - [2023-01-20T23:59:11.544+0000] {dag.py:2573} INFO - Sync 2 DAGs
[2023-01-20T23:59:11.560+0000] {logging_mixin.py:117} INFO - [2023-01-20T23:59:11.560+0000] {dag.py:3328} INFO - Setting next_dagrun for example_xcom_args to None, run_after=None
[2023-01-20T23:59:11.562+0000] {logging_mixin.py:117} INFO - [2023-01-20T23:59:11.562+0000] {dag.py:3328} INFO - Setting next_dagrun for example_xcom_args_with_operators to None, run_after=None
[2023-01-20T23:59:11.573+0000] {processor.py:178} INFO - Processing /home/airflow/.local/lib/python3.7/site-packages/airflow/example_dags/example_xcomargs.py took 0.091 seconds
[2023-01-20T23:59:41.937+0000] {processor.py:156} INFO - Started process (PID=314) to work on /home/airflow/.local/lib/python3.7/site-packages/airflow/example_dags/example_xcomargs.py
[2023-01-20T23:59:41.938+0000] {processor.py:758} INFO - Processing file /home/airflow/.local/lib/python3.7/site-packages/airflow/example_dags/example_xcomargs.py for tasks to queue
[2023-01-20T23:59:41.939+0000] {logging_mixin.py:117} INFO - [2023-01-20T23:59:41.939+0000] {dagbag.py:525} INFO - Filling up the DagBag from /home/airflow/.local/lib/python3.7/site-packages/airflow/example_dags/example_xcomargs.py
[2023-01-20T23:59:41.958+0000] {processor.py:768} INFO - DAG(s) dict_keys(['example_xcom_args', 'example_xcom_args_with_operators']) retrieved from /home/airflow/.local/lib/python3.7/site-packages/airflow/example_dags/example_xcomargs.py
[2023-01-20T23:59:41.989+0000] {logging_mixin.py:117} INFO - [2023-01-20T23:59:41.989+0000] {dag.py:2573} INFO - Sync 2 DAGs
[2023-01-20T23:59:42.004+0000] {logging_mixin.py:117} INFO - [2023-01-20T23:59:42.004+0000] {dag.py:3328} INFO - Setting next_dagrun for example_xcom_args to None, run_after=None
[2023-01-20T23:59:42.007+0000] {logging_mixin.py:117} INFO - [2023-01-20T23:59:42.007+0000] {dag.py:3328} INFO - Setting next_dagrun for example_xcom_args_with_operators to None, run_after=None
[2023-01-20T23:59:42.019+0000] {processor.py:178} INFO - Processing /home/airflow/.local/lib/python3.7/site-packages/airflow/example_dags/example_xcomargs.py took 0.085 seconds
