[2023-01-20T23:39:56.314+0000] {processor.py:156} INFO - Started process (PID=42) to work on /home/airflow/.local/lib/python3.7/site-packages/airflow/example_dags/example_subdag_operator.py
[2023-01-20T23:39:56.319+0000] {processor.py:758} INFO - Processing file /home/airflow/.local/lib/python3.7/site-packages/airflow/example_dags/example_subdag_operator.py for tasks to queue
[2023-01-20T23:39:56.324+0000] {logging_mixin.py:117} INFO - [2023-01-20T23:39:56.323+0000] {dagbag.py:525} INFO - Filling up the DagBag from /home/airflow/.local/lib/python3.7/site-packages/airflow/example_dags/example_subdag_operator.py
[2023-01-20T23:39:56.484+0000] {processor.py:768} INFO - DAG(s) dict_keys(['example_subdag_operator.section-1', 'example_subdag_operator.section-2', 'example_subdag_operator']) retrieved from /home/airflow/.local/lib/python3.7/site-packages/airflow/example_dags/example_subdag_operator.py
[2023-01-20T23:39:58.056+0000] {logging_mixin.py:117} INFO - [2023-01-20T23:39:58.054+0000] {dag.py:2573} INFO - Sync 3 DAGs
[2023-01-20T23:39:58.168+0000] {logging_mixin.py:117} INFO - [2023-01-20T23:39:58.168+0000] {dag.py:3328} INFO - Setting next_dagrun for example_subdag_operator to 2022-01-01T00:00:00+00:00, run_after=2022-01-01T00:00:00+00:00
[2023-01-20T23:39:58.187+0000] {logging_mixin.py:117} INFO - [2023-01-20T23:39:58.187+0000] {dag.py:3328} INFO - Setting next_dagrun for example_subdag_operator.section-1 to None, run_after=None
[2023-01-20T23:39:58.189+0000] {logging_mixin.py:117} INFO - [2023-01-20T23:39:58.189+0000] {dag.py:3328} INFO - Setting next_dagrun for example_subdag_operator.section-2 to None, run_after=None
[2023-01-20T23:39:58.228+0000] {logging_mixin.py:117} INFO - [2023-01-20T23:39:58.228+0000] {dag.py:2573} INFO - Sync 2 DAGs
[2023-01-20T23:39:58.264+0000] {logging_mixin.py:117} INFO - [2023-01-20T23:39:58.264+0000] {dag.py:3328} INFO - Setting next_dagrun for example_subdag_operator.section-1 to None, run_after=None
[2023-01-20T23:39:58.266+0000] {logging_mixin.py:117} INFO - [2023-01-20T23:39:58.266+0000] {dag.py:3328} INFO - Setting next_dagrun for example_subdag_operator.section-2 to None, run_after=None
[2023-01-20T23:39:58.318+0000] {processor.py:178} INFO - Processing /home/airflow/.local/lib/python3.7/site-packages/airflow/example_dags/example_subdag_operator.py took 2.022 seconds
[2023-01-20T23:40:28.780+0000] {processor.py:156} INFO - Started process (PID=104) to work on /home/airflow/.local/lib/python3.7/site-packages/airflow/example_dags/example_subdag_operator.py
[2023-01-20T23:40:28.783+0000] {processor.py:758} INFO - Processing file /home/airflow/.local/lib/python3.7/site-packages/airflow/example_dags/example_subdag_operator.py for tasks to queue
[2023-01-20T23:40:28.787+0000] {logging_mixin.py:117} INFO - [2023-01-20T23:40:28.787+0000] {dagbag.py:525} INFO - Filling up the DagBag from /home/airflow/.local/lib/python3.7/site-packages/airflow/example_dags/example_subdag_operator.py
[2023-01-20T23:40:28.824+0000] {processor.py:768} INFO - DAG(s) dict_keys(['example_subdag_operator.section-1', 'example_subdag_operator.section-2', 'example_subdag_operator']) retrieved from /home/airflow/.local/lib/python3.7/site-packages/airflow/example_dags/example_subdag_operator.py
[2023-01-20T23:40:28.972+0000] {logging_mixin.py:117} INFO - [2023-01-20T23:40:28.972+0000] {dag.py:2573} INFO - Sync 3 DAGs
[2023-01-20T23:40:28.986+0000] {logging_mixin.py:117} INFO - [2023-01-20T23:40:28.986+0000] {dag.py:3328} INFO - Setting next_dagrun for example_subdag_operator to 2022-01-01T00:00:00+00:00, run_after=2022-01-01T00:00:00+00:00
[2023-01-20T23:40:28.989+0000] {logging_mixin.py:117} INFO - [2023-01-20T23:40:28.989+0000] {dag.py:3328} INFO - Setting next_dagrun for example_subdag_operator.section-1 to None, run_after=None
[2023-01-20T23:40:28.990+0000] {logging_mixin.py:117} INFO - [2023-01-20T23:40:28.990+0000] {dag.py:3328} INFO - Setting next_dagrun for example_subdag_operator.section-2 to None, run_after=None
[2023-01-20T23:40:28.995+0000] {logging_mixin.py:117} INFO - [2023-01-20T23:40:28.995+0000] {dag.py:2573} INFO - Sync 2 DAGs
[2023-01-20T23:40:28.999+0000] {logging_mixin.py:117} INFO - [2023-01-20T23:40:28.999+0000] {dag.py:3328} INFO - Setting next_dagrun for example_subdag_operator.section-1 to None, run_after=None
[2023-01-20T23:40:28.999+0000] {logging_mixin.py:117} INFO - [2023-01-20T23:40:28.999+0000] {dag.py:3328} INFO - Setting next_dagrun for example_subdag_operator.section-2 to None, run_after=None
[2023-01-20T23:40:29.006+0000] {processor.py:178} INFO - Processing /home/airflow/.local/lib/python3.7/site-packages/airflow/example_dags/example_subdag_operator.py took 0.231 seconds
[2023-01-20T23:40:59.317+0000] {processor.py:156} INFO - Started process (PID=160) to work on /home/airflow/.local/lib/python3.7/site-packages/airflow/example_dags/example_subdag_operator.py
[2023-01-20T23:40:59.319+0000] {processor.py:758} INFO - Processing file /home/airflow/.local/lib/python3.7/site-packages/airflow/example_dags/example_subdag_operator.py for tasks to queue
[2023-01-20T23:40:59.320+0000] {logging_mixin.py:117} INFO - [2023-01-20T23:40:59.320+0000] {dagbag.py:525} INFO - Filling up the DagBag from /home/airflow/.local/lib/python3.7/site-packages/airflow/example_dags/example_subdag_operator.py
[2023-01-20T23:40:59.451+0000] {processor.py:768} INFO - DAG(s) dict_keys(['example_subdag_operator.section-1', 'example_subdag_operator.section-2', 'example_subdag_operator']) retrieved from /home/airflow/.local/lib/python3.7/site-packages/airflow/example_dags/example_subdag_operator.py
[2023-01-20T23:40:59.546+0000] {logging_mixin.py:117} INFO - [2023-01-20T23:40:59.546+0000] {dag.py:2573} INFO - Sync 3 DAGs
[2023-01-20T23:40:59.560+0000] {logging_mixin.py:117} INFO - [2023-01-20T23:40:59.560+0000] {dag.py:3328} INFO - Setting next_dagrun for example_subdag_operator to 2022-01-01T00:00:00+00:00, run_after=2022-01-01T00:00:00+00:00
[2023-01-20T23:40:59.562+0000] {logging_mixin.py:117} INFO - [2023-01-20T23:40:59.562+0000] {dag.py:3328} INFO - Setting next_dagrun for example_subdag_operator.section-1 to None, run_after=None
[2023-01-20T23:40:59.563+0000] {logging_mixin.py:117} INFO - [2023-01-20T23:40:59.563+0000] {dag.py:3328} INFO - Setting next_dagrun for example_subdag_operator.section-2 to None, run_after=None
[2023-01-20T23:40:59.567+0000] {logging_mixin.py:117} INFO - [2023-01-20T23:40:59.567+0000] {dag.py:2573} INFO - Sync 2 DAGs
[2023-01-20T23:40:59.571+0000] {logging_mixin.py:117} INFO - [2023-01-20T23:40:59.571+0000] {dag.py:3328} INFO - Setting next_dagrun for example_subdag_operator.section-1 to None, run_after=None
[2023-01-20T23:40:59.572+0000] {logging_mixin.py:117} INFO - [2023-01-20T23:40:59.572+0000] {dag.py:3328} INFO - Setting next_dagrun for example_subdag_operator.section-2 to None, run_after=None
[2023-01-20T23:40:59.578+0000] {processor.py:178} INFO - Processing /home/airflow/.local/lib/python3.7/site-packages/airflow/example_dags/example_subdag_operator.py took 0.265 seconds
[2023-01-20T23:41:29.689+0000] {processor.py:156} INFO - Started process (PID=223) to work on /home/airflow/.local/lib/python3.7/site-packages/airflow/example_dags/example_subdag_operator.py
[2023-01-20T23:41:29.690+0000] {processor.py:758} INFO - Processing file /home/airflow/.local/lib/python3.7/site-packages/airflow/example_dags/example_subdag_operator.py for tasks to queue
[2023-01-20T23:41:29.691+0000] {logging_mixin.py:117} INFO - [2023-01-20T23:41:29.691+0000] {dagbag.py:525} INFO - Filling up the DagBag from /home/airflow/.local/lib/python3.7/site-packages/airflow/example_dags/example_subdag_operator.py
[2023-01-20T23:41:29.816+0000] {processor.py:768} INFO - DAG(s) dict_keys(['example_subdag_operator.section-1', 'example_subdag_operator.section-2', 'example_subdag_operator']) retrieved from /home/airflow/.local/lib/python3.7/site-packages/airflow/example_dags/example_subdag_operator.py
[2023-01-20T23:41:29.904+0000] {logging_mixin.py:117} INFO - [2023-01-20T23:41:29.904+0000] {dag.py:2573} INFO - Sync 3 DAGs
[2023-01-20T23:41:29.917+0000] {logging_mixin.py:117} INFO - [2023-01-20T23:41:29.917+0000] {dag.py:3328} INFO - Setting next_dagrun for example_subdag_operator to 2022-01-01T00:00:00+00:00, run_after=2022-01-01T00:00:00+00:00
[2023-01-20T23:41:29.920+0000] {logging_mixin.py:117} INFO - [2023-01-20T23:41:29.920+0000] {dag.py:3328} INFO - Setting next_dagrun for example_subdag_operator.section-1 to None, run_after=None
[2023-01-20T23:41:29.921+0000] {logging_mixin.py:117} INFO - [2023-01-20T23:41:29.921+0000] {dag.py:3328} INFO - Setting next_dagrun for example_subdag_operator.section-2 to None, run_after=None
[2023-01-20T23:41:29.925+0000] {logging_mixin.py:117} INFO - [2023-01-20T23:41:29.925+0000] {dag.py:2573} INFO - Sync 2 DAGs
[2023-01-20T23:41:29.928+0000] {logging_mixin.py:117} INFO - [2023-01-20T23:41:29.928+0000] {dag.py:3328} INFO - Setting next_dagrun for example_subdag_operator.section-1 to None, run_after=None
[2023-01-20T23:41:29.928+0000] {logging_mixin.py:117} INFO - [2023-01-20T23:41:29.928+0000] {dag.py:3328} INFO - Setting next_dagrun for example_subdag_operator.section-2 to None, run_after=None
[2023-01-20T23:41:29.934+0000] {processor.py:178} INFO - Processing /home/airflow/.local/lib/python3.7/site-packages/airflow/example_dags/example_subdag_operator.py took 0.247 seconds
[2023-01-20T23:42:00.632+0000] {processor.py:156} INFO - Started process (PID=286) to work on /home/airflow/.local/lib/python3.7/site-packages/airflow/example_dags/example_subdag_operator.py
[2023-01-20T23:42:00.633+0000] {processor.py:758} INFO - Processing file /home/airflow/.local/lib/python3.7/site-packages/airflow/example_dags/example_subdag_operator.py for tasks to queue
[2023-01-20T23:42:00.636+0000] {logging_mixin.py:117} INFO - [2023-01-20T23:42:00.636+0000] {dagbag.py:525} INFO - Filling up the DagBag from /home/airflow/.local/lib/python3.7/site-packages/airflow/example_dags/example_subdag_operator.py
[2023-01-20T23:42:00.678+0000] {processor.py:768} INFO - DAG(s) dict_keys(['example_subdag_operator.section-1', 'example_subdag_operator.section-2', 'example_subdag_operator']) retrieved from /home/airflow/.local/lib/python3.7/site-packages/airflow/example_dags/example_subdag_operator.py
[2023-01-20T23:42:00.790+0000] {logging_mixin.py:117} INFO - [2023-01-20T23:42:00.790+0000] {dag.py:2573} INFO - Sync 3 DAGs
[2023-01-20T23:42:00.807+0000] {logging_mixin.py:117} INFO - [2023-01-20T23:42:00.807+0000] {dag.py:3328} INFO - Setting next_dagrun for example_subdag_operator to 2022-01-01T00:00:00+00:00, run_after=2022-01-01T00:00:00+00:00
[2023-01-20T23:42:00.810+0000] {logging_mixin.py:117} INFO - [2023-01-20T23:42:00.810+0000] {dag.py:3328} INFO - Setting next_dagrun for example_subdag_operator.section-1 to None, run_after=None
[2023-01-20T23:42:00.811+0000] {logging_mixin.py:117} INFO - [2023-01-20T23:42:00.811+0000] {dag.py:3328} INFO - Setting next_dagrun for example_subdag_operator.section-2 to None, run_after=None
[2023-01-20T23:42:00.816+0000] {logging_mixin.py:117} INFO - [2023-01-20T23:42:00.816+0000] {dag.py:2573} INFO - Sync 2 DAGs
[2023-01-20T23:42:00.821+0000] {logging_mixin.py:117} INFO - [2023-01-20T23:42:00.821+0000] {dag.py:3328} INFO - Setting next_dagrun for example_subdag_operator.section-1 to None, run_after=None
[2023-01-20T23:42:00.822+0000] {logging_mixin.py:117} INFO - [2023-01-20T23:42:00.822+0000] {dag.py:3328} INFO - Setting next_dagrun for example_subdag_operator.section-2 to None, run_after=None
[2023-01-20T23:42:00.836+0000] {processor.py:178} INFO - Processing /home/airflow/.local/lib/python3.7/site-packages/airflow/example_dags/example_subdag_operator.py took 0.211 seconds
[2023-01-20T23:42:31.372+0000] {processor.py:156} INFO - Started process (PID=349) to work on /home/airflow/.local/lib/python3.7/site-packages/airflow/example_dags/example_subdag_operator.py
[2023-01-20T23:42:31.375+0000] {processor.py:758} INFO - Processing file /home/airflow/.local/lib/python3.7/site-packages/airflow/example_dags/example_subdag_operator.py for tasks to queue
[2023-01-20T23:42:31.376+0000] {logging_mixin.py:117} INFO - [2023-01-20T23:42:31.376+0000] {dagbag.py:525} INFO - Filling up the DagBag from /home/airflow/.local/lib/python3.7/site-packages/airflow/example_dags/example_subdag_operator.py
[2023-01-20T23:42:31.411+0000] {processor.py:768} INFO - DAG(s) dict_keys(['example_subdag_operator.section-1', 'example_subdag_operator.section-2', 'example_subdag_operator']) retrieved from /home/airflow/.local/lib/python3.7/site-packages/airflow/example_dags/example_subdag_operator.py
[2023-01-20T23:42:31.538+0000] {logging_mixin.py:117} INFO - [2023-01-20T23:42:31.538+0000] {dag.py:2573} INFO - Sync 3 DAGs
[2023-01-20T23:42:31.554+0000] {logging_mixin.py:117} INFO - [2023-01-20T23:42:31.554+0000] {dag.py:3328} INFO - Setting next_dagrun for example_subdag_operator to 2022-01-01T00:00:00+00:00, run_after=2022-01-01T00:00:00+00:00
[2023-01-20T23:42:31.557+0000] {logging_mixin.py:117} INFO - [2023-01-20T23:42:31.556+0000] {dag.py:3328} INFO - Setting next_dagrun for example_subdag_operator.section-1 to None, run_after=None
[2023-01-20T23:42:31.558+0000] {logging_mixin.py:117} INFO - [2023-01-20T23:42:31.558+0000] {dag.py:3328} INFO - Setting next_dagrun for example_subdag_operator.section-2 to None, run_after=None
[2023-01-20T23:42:31.563+0000] {logging_mixin.py:117} INFO - [2023-01-20T23:42:31.563+0000] {dag.py:2573} INFO - Sync 2 DAGs
[2023-01-20T23:42:31.567+0000] {logging_mixin.py:117} INFO - [2023-01-20T23:42:31.567+0000] {dag.py:3328} INFO - Setting next_dagrun for example_subdag_operator.section-1 to None, run_after=None
[2023-01-20T23:42:31.568+0000] {logging_mixin.py:117} INFO - [2023-01-20T23:42:31.568+0000] {dag.py:3328} INFO - Setting next_dagrun for example_subdag_operator.section-2 to None, run_after=None
[2023-01-20T23:42:31.575+0000] {processor.py:178} INFO - Processing /home/airflow/.local/lib/python3.7/site-packages/airflow/example_dags/example_subdag_operator.py took 0.207 seconds
[2023-01-20T23:43:02.044+0000] {processor.py:156} INFO - Started process (PID=413) to work on /home/airflow/.local/lib/python3.7/site-packages/airflow/example_dags/example_subdag_operator.py
[2023-01-20T23:43:02.047+0000] {processor.py:758} INFO - Processing file /home/airflow/.local/lib/python3.7/site-packages/airflow/example_dags/example_subdag_operator.py for tasks to queue
[2023-01-20T23:43:02.049+0000] {logging_mixin.py:117} INFO - [2023-01-20T23:43:02.049+0000] {dagbag.py:525} INFO - Filling up the DagBag from /home/airflow/.local/lib/python3.7/site-packages/airflow/example_dags/example_subdag_operator.py
[2023-01-20T23:43:02.092+0000] {processor.py:768} INFO - DAG(s) dict_keys(['example_subdag_operator.section-1', 'example_subdag_operator.section-2', 'example_subdag_operator']) retrieved from /home/airflow/.local/lib/python3.7/site-packages/airflow/example_dags/example_subdag_operator.py
[2023-01-20T23:43:02.205+0000] {logging_mixin.py:117} INFO - [2023-01-20T23:43:02.205+0000] {dag.py:2573} INFO - Sync 3 DAGs
[2023-01-20T23:43:02.220+0000] {logging_mixin.py:117} INFO - [2023-01-20T23:43:02.220+0000] {dag.py:3328} INFO - Setting next_dagrun for example_subdag_operator to 2022-01-01T00:00:00+00:00, run_after=2022-01-01T00:00:00+00:00
[2023-01-20T23:43:02.223+0000] {logging_mixin.py:117} INFO - [2023-01-20T23:43:02.223+0000] {dag.py:3328} INFO - Setting next_dagrun for example_subdag_operator.section-1 to None, run_after=None
[2023-01-20T23:43:02.224+0000] {logging_mixin.py:117} INFO - [2023-01-20T23:43:02.224+0000] {dag.py:3328} INFO - Setting next_dagrun for example_subdag_operator.section-2 to None, run_after=None
[2023-01-20T23:43:02.228+0000] {logging_mixin.py:117} INFO - [2023-01-20T23:43:02.228+0000] {dag.py:2573} INFO - Sync 2 DAGs
[2023-01-20T23:43:02.231+0000] {logging_mixin.py:117} INFO - [2023-01-20T23:43:02.231+0000] {dag.py:3328} INFO - Setting next_dagrun for example_subdag_operator.section-1 to None, run_after=None
[2023-01-20T23:43:02.231+0000] {logging_mixin.py:117} INFO - [2023-01-20T23:43:02.231+0000] {dag.py:3328} INFO - Setting next_dagrun for example_subdag_operator.section-2 to None, run_after=None
[2023-01-20T23:43:02.237+0000] {processor.py:178} INFO - Processing /home/airflow/.local/lib/python3.7/site-packages/airflow/example_dags/example_subdag_operator.py took 0.197 seconds
[2023-01-20T23:43:32.332+0000] {processor.py:156} INFO - Started process (PID=476) to work on /home/airflow/.local/lib/python3.7/site-packages/airflow/example_dags/example_subdag_operator.py
[2023-01-20T23:43:32.333+0000] {processor.py:758} INFO - Processing file /home/airflow/.local/lib/python3.7/site-packages/airflow/example_dags/example_subdag_operator.py for tasks to queue
[2023-01-20T23:43:32.334+0000] {logging_mixin.py:117} INFO - [2023-01-20T23:43:32.334+0000] {dagbag.py:525} INFO - Filling up the DagBag from /home/airflow/.local/lib/python3.7/site-packages/airflow/example_dags/example_subdag_operator.py
[2023-01-20T23:43:32.357+0000] {processor.py:768} INFO - DAG(s) dict_keys(['example_subdag_operator.section-1', 'example_subdag_operator.section-2', 'example_subdag_operator']) retrieved from /home/airflow/.local/lib/python3.7/site-packages/airflow/example_dags/example_subdag_operator.py
[2023-01-20T23:43:32.440+0000] {logging_mixin.py:117} INFO - [2023-01-20T23:43:32.440+0000] {dag.py:2573} INFO - Sync 3 DAGs
[2023-01-20T23:43:32.453+0000] {logging_mixin.py:117} INFO - [2023-01-20T23:43:32.453+0000] {dag.py:3328} INFO - Setting next_dagrun for example_subdag_operator to 2022-01-01T00:00:00+00:00, run_after=2022-01-01T00:00:00+00:00
[2023-01-20T23:43:32.455+0000] {logging_mixin.py:117} INFO - [2023-01-20T23:43:32.455+0000] {dag.py:3328} INFO - Setting next_dagrun for example_subdag_operator.section-1 to None, run_after=None
[2023-01-20T23:43:32.456+0000] {logging_mixin.py:117} INFO - [2023-01-20T23:43:32.456+0000] {dag.py:3328} INFO - Setting next_dagrun for example_subdag_operator.section-2 to None, run_after=None
[2023-01-20T23:43:32.460+0000] {logging_mixin.py:117} INFO - [2023-01-20T23:43:32.460+0000] {dag.py:2573} INFO - Sync 2 DAGs
[2023-01-20T23:43:32.463+0000] {logging_mixin.py:117} INFO - [2023-01-20T23:43:32.463+0000] {dag.py:3328} INFO - Setting next_dagrun for example_subdag_operator.section-1 to None, run_after=None
[2023-01-20T23:43:32.464+0000] {logging_mixin.py:117} INFO - [2023-01-20T23:43:32.464+0000] {dag.py:3328} INFO - Setting next_dagrun for example_subdag_operator.section-2 to None, run_after=None
[2023-01-20T23:43:32.470+0000] {processor.py:178} INFO - Processing /home/airflow/.local/lib/python3.7/site-packages/airflow/example_dags/example_subdag_operator.py took 0.141 seconds
[2023-01-20T23:44:02.532+0000] {processor.py:156} INFO - Started process (PID=530) to work on /home/airflow/.local/lib/python3.7/site-packages/airflow/example_dags/example_subdag_operator.py
[2023-01-20T23:44:02.533+0000] {processor.py:758} INFO - Processing file /home/airflow/.local/lib/python3.7/site-packages/airflow/example_dags/example_subdag_operator.py for tasks to queue
[2023-01-20T23:44:02.535+0000] {logging_mixin.py:117} INFO - [2023-01-20T23:44:02.535+0000] {dagbag.py:525} INFO - Filling up the DagBag from /home/airflow/.local/lib/python3.7/site-packages/airflow/example_dags/example_subdag_operator.py
[2023-01-20T23:44:02.557+0000] {processor.py:768} INFO - DAG(s) dict_keys(['example_subdag_operator.section-1', 'example_subdag_operator.section-2', 'example_subdag_operator']) retrieved from /home/airflow/.local/lib/python3.7/site-packages/airflow/example_dags/example_subdag_operator.py
[2023-01-20T23:44:02.642+0000] {logging_mixin.py:117} INFO - [2023-01-20T23:44:02.642+0000] {dag.py:2573} INFO - Sync 3 DAGs
[2023-01-20T23:44:02.656+0000] {logging_mixin.py:117} INFO - [2023-01-20T23:44:02.656+0000] {dag.py:3328} INFO - Setting next_dagrun for example_subdag_operator to 2022-01-01T00:00:00+00:00, run_after=2022-01-01T00:00:00+00:00
[2023-01-20T23:44:02.659+0000] {logging_mixin.py:117} INFO - [2023-01-20T23:44:02.658+0000] {dag.py:3328} INFO - Setting next_dagrun for example_subdag_operator.section-1 to None, run_after=None
[2023-01-20T23:44:02.659+0000] {logging_mixin.py:117} INFO - [2023-01-20T23:44:02.659+0000] {dag.py:3328} INFO - Setting next_dagrun for example_subdag_operator.section-2 to None, run_after=None
[2023-01-20T23:44:02.664+0000] {logging_mixin.py:117} INFO - [2023-01-20T23:44:02.664+0000] {dag.py:2573} INFO - Sync 2 DAGs
[2023-01-20T23:44:02.667+0000] {logging_mixin.py:117} INFO - [2023-01-20T23:44:02.667+0000] {dag.py:3328} INFO - Setting next_dagrun for example_subdag_operator.section-1 to None, run_after=None
[2023-01-20T23:44:02.668+0000] {logging_mixin.py:117} INFO - [2023-01-20T23:44:02.668+0000] {dag.py:3328} INFO - Setting next_dagrun for example_subdag_operator.section-2 to None, run_after=None
[2023-01-20T23:44:02.673+0000] {processor.py:178} INFO - Processing /home/airflow/.local/lib/python3.7/site-packages/airflow/example_dags/example_subdag_operator.py took 0.144 seconds
[2023-01-20T23:44:32.962+0000] {processor.py:156} INFO - Started process (PID=593) to work on /home/airflow/.local/lib/python3.7/site-packages/airflow/example_dags/example_subdag_operator.py
[2023-01-20T23:44:32.965+0000] {processor.py:758} INFO - Processing file /home/airflow/.local/lib/python3.7/site-packages/airflow/example_dags/example_subdag_operator.py for tasks to queue
[2023-01-20T23:44:32.966+0000] {logging_mixin.py:117} INFO - [2023-01-20T23:44:32.966+0000] {dagbag.py:525} INFO - Filling up the DagBag from /home/airflow/.local/lib/python3.7/site-packages/airflow/example_dags/example_subdag_operator.py
[2023-01-20T23:44:32.999+0000] {processor.py:768} INFO - DAG(s) dict_keys(['example_subdag_operator.section-1', 'example_subdag_operator.section-2', 'example_subdag_operator']) retrieved from /home/airflow/.local/lib/python3.7/site-packages/airflow/example_dags/example_subdag_operator.py
[2023-01-20T23:44:33.093+0000] {logging_mixin.py:117} INFO - [2023-01-20T23:44:33.093+0000] {dag.py:2573} INFO - Sync 3 DAGs
[2023-01-20T23:44:33.106+0000] {logging_mixin.py:117} INFO - [2023-01-20T23:44:33.106+0000] {dag.py:3328} INFO - Setting next_dagrun for example_subdag_operator to 2022-01-01T00:00:00+00:00, run_after=2022-01-01T00:00:00+00:00
[2023-01-20T23:44:33.109+0000] {logging_mixin.py:117} INFO - [2023-01-20T23:44:33.109+0000] {dag.py:3328} INFO - Setting next_dagrun for example_subdag_operator.section-1 to None, run_after=None
[2023-01-20T23:44:33.110+0000] {logging_mixin.py:117} INFO - [2023-01-20T23:44:33.110+0000] {dag.py:3328} INFO - Setting next_dagrun for example_subdag_operator.section-2 to None, run_after=None
[2023-01-20T23:44:33.114+0000] {logging_mixin.py:117} INFO - [2023-01-20T23:44:33.114+0000] {dag.py:2573} INFO - Sync 2 DAGs
[2023-01-20T23:44:33.117+0000] {logging_mixin.py:117} INFO - [2023-01-20T23:44:33.117+0000] {dag.py:3328} INFO - Setting next_dagrun for example_subdag_operator.section-1 to None, run_after=None
[2023-01-20T23:44:33.118+0000] {logging_mixin.py:117} INFO - [2023-01-20T23:44:33.118+0000] {dag.py:3328} INFO - Setting next_dagrun for example_subdag_operator.section-2 to None, run_after=None
[2023-01-20T23:44:33.124+0000] {processor.py:178} INFO - Processing /home/airflow/.local/lib/python3.7/site-packages/airflow/example_dags/example_subdag_operator.py took 0.165 seconds
[2023-01-20T23:45:03.294+0000] {processor.py:156} INFO - Started process (PID=656) to work on /home/airflow/.local/lib/python3.7/site-packages/airflow/example_dags/example_subdag_operator.py
[2023-01-20T23:45:03.296+0000] {processor.py:758} INFO - Processing file /home/airflow/.local/lib/python3.7/site-packages/airflow/example_dags/example_subdag_operator.py for tasks to queue
[2023-01-20T23:45:03.297+0000] {logging_mixin.py:117} INFO - [2023-01-20T23:45:03.297+0000] {dagbag.py:525} INFO - Filling up the DagBag from /home/airflow/.local/lib/python3.7/site-packages/airflow/example_dags/example_subdag_operator.py
[2023-01-20T23:45:03.329+0000] {processor.py:768} INFO - DAG(s) dict_keys(['example_subdag_operator.section-1', 'example_subdag_operator.section-2', 'example_subdag_operator']) retrieved from /home/airflow/.local/lib/python3.7/site-packages/airflow/example_dags/example_subdag_operator.py
[2023-01-20T23:45:03.414+0000] {logging_mixin.py:117} INFO - [2023-01-20T23:45:03.414+0000] {dag.py:2573} INFO - Sync 3 DAGs
[2023-01-20T23:45:03.428+0000] {logging_mixin.py:117} INFO - [2023-01-20T23:45:03.428+0000] {dag.py:3328} INFO - Setting next_dagrun for example_subdag_operator to 2022-01-01T00:00:00+00:00, run_after=2022-01-01T00:00:00+00:00
[2023-01-20T23:45:03.431+0000] {logging_mixin.py:117} INFO - [2023-01-20T23:45:03.430+0000] {dag.py:3328} INFO - Setting next_dagrun for example_subdag_operator.section-1 to None, run_after=None
[2023-01-20T23:45:03.432+0000] {logging_mixin.py:117} INFO - [2023-01-20T23:45:03.431+0000] {dag.py:3328} INFO - Setting next_dagrun for example_subdag_operator.section-2 to None, run_after=None
[2023-01-20T23:45:03.436+0000] {logging_mixin.py:117} INFO - [2023-01-20T23:45:03.436+0000] {dag.py:2573} INFO - Sync 2 DAGs
[2023-01-20T23:45:03.439+0000] {logging_mixin.py:117} INFO - [2023-01-20T23:45:03.438+0000] {dag.py:3328} INFO - Setting next_dagrun for example_subdag_operator.section-1 to None, run_after=None
[2023-01-20T23:45:03.439+0000] {logging_mixin.py:117} INFO - [2023-01-20T23:45:03.439+0000] {dag.py:3328} INFO - Setting next_dagrun for example_subdag_operator.section-2 to None, run_after=None
[2023-01-20T23:45:03.445+0000] {processor.py:178} INFO - Processing /home/airflow/.local/lib/python3.7/site-packages/airflow/example_dags/example_subdag_operator.py took 0.155 seconds
[2023-01-20T23:45:33.541+0000] {processor.py:156} INFO - Started process (PID=719) to work on /home/airflow/.local/lib/python3.7/site-packages/airflow/example_dags/example_subdag_operator.py
[2023-01-20T23:45:33.544+0000] {processor.py:758} INFO - Processing file /home/airflow/.local/lib/python3.7/site-packages/airflow/example_dags/example_subdag_operator.py for tasks to queue
[2023-01-20T23:45:33.545+0000] {logging_mixin.py:117} INFO - [2023-01-20T23:45:33.545+0000] {dagbag.py:525} INFO - Filling up the DagBag from /home/airflow/.local/lib/python3.7/site-packages/airflow/example_dags/example_subdag_operator.py
[2023-01-20T23:45:33.578+0000] {processor.py:768} INFO - DAG(s) dict_keys(['example_subdag_operator.section-1', 'example_subdag_operator.section-2', 'example_subdag_operator']) retrieved from /home/airflow/.local/lib/python3.7/site-packages/airflow/example_dags/example_subdag_operator.py
[2023-01-20T23:45:33.662+0000] {logging_mixin.py:117} INFO - [2023-01-20T23:45:33.662+0000] {dag.py:2573} INFO - Sync 3 DAGs
[2023-01-20T23:45:33.675+0000] {logging_mixin.py:117} INFO - [2023-01-20T23:45:33.675+0000] {dag.py:3328} INFO - Setting next_dagrun for example_subdag_operator to 2022-01-01T00:00:00+00:00, run_after=2022-01-01T00:00:00+00:00
[2023-01-20T23:45:33.677+0000] {logging_mixin.py:117} INFO - [2023-01-20T23:45:33.677+0000] {dag.py:3328} INFO - Setting next_dagrun for example_subdag_operator.section-1 to None, run_after=None
[2023-01-20T23:45:33.678+0000] {logging_mixin.py:117} INFO - [2023-01-20T23:45:33.678+0000] {dag.py:3328} INFO - Setting next_dagrun for example_subdag_operator.section-2 to None, run_after=None
[2023-01-20T23:45:33.682+0000] {logging_mixin.py:117} INFO - [2023-01-20T23:45:33.682+0000] {dag.py:2573} INFO - Sync 2 DAGs
[2023-01-20T23:45:33.685+0000] {logging_mixin.py:117} INFO - [2023-01-20T23:45:33.685+0000] {dag.py:3328} INFO - Setting next_dagrun for example_subdag_operator.section-1 to None, run_after=None
[2023-01-20T23:45:33.686+0000] {logging_mixin.py:117} INFO - [2023-01-20T23:45:33.686+0000] {dag.py:3328} INFO - Setting next_dagrun for example_subdag_operator.section-2 to None, run_after=None
[2023-01-20T23:45:33.691+0000] {processor.py:178} INFO - Processing /home/airflow/.local/lib/python3.7/site-packages/airflow/example_dags/example_subdag_operator.py took 0.154 seconds
[2023-01-20T23:46:04.012+0000] {processor.py:156} INFO - Started process (PID=782) to work on /home/airflow/.local/lib/python3.7/site-packages/airflow/example_dags/example_subdag_operator.py
[2023-01-20T23:46:04.014+0000] {processor.py:758} INFO - Processing file /home/airflow/.local/lib/python3.7/site-packages/airflow/example_dags/example_subdag_operator.py for tasks to queue
[2023-01-20T23:46:04.015+0000] {logging_mixin.py:117} INFO - [2023-01-20T23:46:04.015+0000] {dagbag.py:525} INFO - Filling up the DagBag from /home/airflow/.local/lib/python3.7/site-packages/airflow/example_dags/example_subdag_operator.py
[2023-01-20T23:46:04.046+0000] {processor.py:768} INFO - DAG(s) dict_keys(['example_subdag_operator.section-1', 'example_subdag_operator.section-2', 'example_subdag_operator']) retrieved from /home/airflow/.local/lib/python3.7/site-packages/airflow/example_dags/example_subdag_operator.py
[2023-01-20T23:46:04.133+0000] {logging_mixin.py:117} INFO - [2023-01-20T23:46:04.133+0000] {dag.py:2573} INFO - Sync 3 DAGs
[2023-01-20T23:46:04.146+0000] {logging_mixin.py:117} INFO - [2023-01-20T23:46:04.146+0000] {dag.py:3328} INFO - Setting next_dagrun for example_subdag_operator to 2022-01-01T00:00:00+00:00, run_after=2022-01-01T00:00:00+00:00
[2023-01-20T23:46:04.148+0000] {logging_mixin.py:117} INFO - [2023-01-20T23:46:04.148+0000] {dag.py:3328} INFO - Setting next_dagrun for example_subdag_operator.section-1 to None, run_after=None
[2023-01-20T23:46:04.149+0000] {logging_mixin.py:117} INFO - [2023-01-20T23:46:04.149+0000] {dag.py:3328} INFO - Setting next_dagrun for example_subdag_operator.section-2 to None, run_after=None
[2023-01-20T23:46:04.153+0000] {logging_mixin.py:117} INFO - [2023-01-20T23:46:04.153+0000] {dag.py:2573} INFO - Sync 2 DAGs
[2023-01-20T23:46:04.156+0000] {logging_mixin.py:117} INFO - [2023-01-20T23:46:04.156+0000] {dag.py:3328} INFO - Setting next_dagrun for example_subdag_operator.section-1 to None, run_after=None
[2023-01-20T23:46:04.156+0000] {logging_mixin.py:117} INFO - [2023-01-20T23:46:04.156+0000] {dag.py:3328} INFO - Setting next_dagrun for example_subdag_operator.section-2 to None, run_after=None
[2023-01-20T23:46:04.162+0000] {processor.py:178} INFO - Processing /home/airflow/.local/lib/python3.7/site-packages/airflow/example_dags/example_subdag_operator.py took 0.156 seconds
[2023-01-20T23:46:34.327+0000] {processor.py:156} INFO - Started process (PID=845) to work on /home/airflow/.local/lib/python3.7/site-packages/airflow/example_dags/example_subdag_operator.py
[2023-01-20T23:46:34.330+0000] {processor.py:758} INFO - Processing file /home/airflow/.local/lib/python3.7/site-packages/airflow/example_dags/example_subdag_operator.py for tasks to queue
[2023-01-20T23:46:34.330+0000] {logging_mixin.py:117} INFO - [2023-01-20T23:46:34.330+0000] {dagbag.py:525} INFO - Filling up the DagBag from /home/airflow/.local/lib/python3.7/site-packages/airflow/example_dags/example_subdag_operator.py
[2023-01-20T23:46:34.354+0000] {processor.py:768} INFO - DAG(s) dict_keys(['example_subdag_operator.section-1', 'example_subdag_operator.section-2', 'example_subdag_operator']) retrieved from /home/airflow/.local/lib/python3.7/site-packages/airflow/example_dags/example_subdag_operator.py
[2023-01-20T23:46:34.438+0000] {logging_mixin.py:117} INFO - [2023-01-20T23:46:34.438+0000] {dag.py:2573} INFO - Sync 3 DAGs
[2023-01-20T23:46:34.451+0000] {logging_mixin.py:117} INFO - [2023-01-20T23:46:34.451+0000] {dag.py:3328} INFO - Setting next_dagrun for example_subdag_operator to 2022-01-01T00:00:00+00:00, run_after=2022-01-01T00:00:00+00:00
[2023-01-20T23:46:34.454+0000] {logging_mixin.py:117} INFO - [2023-01-20T23:46:34.454+0000] {dag.py:3328} INFO - Setting next_dagrun for example_subdag_operator.section-1 to None, run_after=None
[2023-01-20T23:46:34.455+0000] {logging_mixin.py:117} INFO - [2023-01-20T23:46:34.455+0000] {dag.py:3328} INFO - Setting next_dagrun for example_subdag_operator.section-2 to None, run_after=None
[2023-01-20T23:46:34.459+0000] {logging_mixin.py:117} INFO - [2023-01-20T23:46:34.459+0000] {dag.py:2573} INFO - Sync 2 DAGs
[2023-01-20T23:46:34.462+0000] {logging_mixin.py:117} INFO - [2023-01-20T23:46:34.462+0000] {dag.py:3328} INFO - Setting next_dagrun for example_subdag_operator.section-1 to None, run_after=None
[2023-01-20T23:46:34.462+0000] {logging_mixin.py:117} INFO - [2023-01-20T23:46:34.462+0000] {dag.py:3328} INFO - Setting next_dagrun for example_subdag_operator.section-2 to None, run_after=None
[2023-01-20T23:46:34.468+0000] {processor.py:178} INFO - Processing /home/airflow/.local/lib/python3.7/site-packages/airflow/example_dags/example_subdag_operator.py took 0.144 seconds
[2023-01-20T23:47:04.863+0000] {processor.py:156} INFO - Started process (PID=899) to work on /home/airflow/.local/lib/python3.7/site-packages/airflow/example_dags/example_subdag_operator.py
[2023-01-20T23:47:04.864+0000] {processor.py:758} INFO - Processing file /home/airflow/.local/lib/python3.7/site-packages/airflow/example_dags/example_subdag_operator.py for tasks to queue
[2023-01-20T23:47:04.865+0000] {logging_mixin.py:117} INFO - [2023-01-20T23:47:04.865+0000] {dagbag.py:525} INFO - Filling up the DagBag from /home/airflow/.local/lib/python3.7/site-packages/airflow/example_dags/example_subdag_operator.py
[2023-01-20T23:47:04.920+0000] {processor.py:768} INFO - DAG(s) dict_keys(['example_subdag_operator.section-1', 'example_subdag_operator.section-2', 'example_subdag_operator']) retrieved from /home/airflow/.local/lib/python3.7/site-packages/airflow/example_dags/example_subdag_operator.py
[2023-01-20T23:47:05.017+0000] {logging_mixin.py:117} INFO - [2023-01-20T23:47:05.017+0000] {dag.py:2573} INFO - Sync 3 DAGs
[2023-01-20T23:47:05.033+0000] {logging_mixin.py:117} INFO - [2023-01-20T23:47:05.032+0000] {dag.py:3328} INFO - Setting next_dagrun for example_subdag_operator to 2022-01-01T00:00:00+00:00, run_after=2022-01-01T00:00:00+00:00
[2023-01-20T23:47:05.035+0000] {logging_mixin.py:117} INFO - [2023-01-20T23:47:05.035+0000] {dag.py:3328} INFO - Setting next_dagrun for example_subdag_operator.section-1 to None, run_after=None
[2023-01-20T23:47:05.036+0000] {logging_mixin.py:117} INFO - [2023-01-20T23:47:05.036+0000] {dag.py:3328} INFO - Setting next_dagrun for example_subdag_operator.section-2 to None, run_after=None
[2023-01-20T23:47:05.040+0000] {logging_mixin.py:117} INFO - [2023-01-20T23:47:05.040+0000] {dag.py:2573} INFO - Sync 2 DAGs
[2023-01-20T23:47:05.044+0000] {logging_mixin.py:117} INFO - [2023-01-20T23:47:05.044+0000] {dag.py:3328} INFO - Setting next_dagrun for example_subdag_operator.section-1 to None, run_after=None
[2023-01-20T23:47:05.045+0000] {logging_mixin.py:117} INFO - [2023-01-20T23:47:05.045+0000] {dag.py:3328} INFO - Setting next_dagrun for example_subdag_operator.section-2 to None, run_after=None
[2023-01-20T23:47:05.051+0000] {processor.py:178} INFO - Processing /home/airflow/.local/lib/python3.7/site-packages/airflow/example_dags/example_subdag_operator.py took 0.192 seconds
[2023-01-20T23:47:35.452+0000] {processor.py:156} INFO - Started process (PID=962) to work on /home/airflow/.local/lib/python3.7/site-packages/airflow/example_dags/example_subdag_operator.py
[2023-01-20T23:47:35.453+0000] {processor.py:758} INFO - Processing file /home/airflow/.local/lib/python3.7/site-packages/airflow/example_dags/example_subdag_operator.py for tasks to queue
[2023-01-20T23:47:35.454+0000] {logging_mixin.py:117} INFO - [2023-01-20T23:47:35.454+0000] {dagbag.py:525} INFO - Filling up the DagBag from /home/airflow/.local/lib/python3.7/site-packages/airflow/example_dags/example_subdag_operator.py
[2023-01-20T23:47:35.486+0000] {processor.py:768} INFO - DAG(s) dict_keys(['example_subdag_operator.section-1', 'example_subdag_operator.section-2', 'example_subdag_operator']) retrieved from /home/airflow/.local/lib/python3.7/site-packages/airflow/example_dags/example_subdag_operator.py
[2023-01-20T23:47:35.576+0000] {logging_mixin.py:117} INFO - [2023-01-20T23:47:35.576+0000] {dag.py:2573} INFO - Sync 3 DAGs
[2023-01-20T23:47:35.589+0000] {logging_mixin.py:117} INFO - [2023-01-20T23:47:35.589+0000] {dag.py:3328} INFO - Setting next_dagrun for example_subdag_operator to 2022-01-01T00:00:00+00:00, run_after=2022-01-01T00:00:00+00:00
[2023-01-20T23:47:35.591+0000] {logging_mixin.py:117} INFO - [2023-01-20T23:47:35.591+0000] {dag.py:3328} INFO - Setting next_dagrun for example_subdag_operator.section-1 to None, run_after=None
[2023-01-20T23:47:35.592+0000] {logging_mixin.py:117} INFO - [2023-01-20T23:47:35.592+0000] {dag.py:3328} INFO - Setting next_dagrun for example_subdag_operator.section-2 to None, run_after=None
[2023-01-20T23:47:35.597+0000] {logging_mixin.py:117} INFO - [2023-01-20T23:47:35.597+0000] {dag.py:2573} INFO - Sync 2 DAGs
[2023-01-20T23:47:35.600+0000] {logging_mixin.py:117} INFO - [2023-01-20T23:47:35.600+0000] {dag.py:3328} INFO - Setting next_dagrun for example_subdag_operator.section-1 to None, run_after=None
[2023-01-20T23:47:35.600+0000] {logging_mixin.py:117} INFO - [2023-01-20T23:47:35.600+0000] {dag.py:3328} INFO - Setting next_dagrun for example_subdag_operator.section-2 to None, run_after=None
[2023-01-20T23:47:35.606+0000] {processor.py:178} INFO - Processing /home/airflow/.local/lib/python3.7/site-packages/airflow/example_dags/example_subdag_operator.py took 0.160 seconds
[2023-01-20T23:48:05.828+0000] {processor.py:156} INFO - Started process (PID=1024) to work on /home/airflow/.local/lib/python3.7/site-packages/airflow/example_dags/example_subdag_operator.py
[2023-01-20T23:48:05.830+0000] {processor.py:758} INFO - Processing file /home/airflow/.local/lib/python3.7/site-packages/airflow/example_dags/example_subdag_operator.py for tasks to queue
[2023-01-20T23:48:05.831+0000] {logging_mixin.py:117} INFO - [2023-01-20T23:48:05.831+0000] {dagbag.py:525} INFO - Filling up the DagBag from /home/airflow/.local/lib/python3.7/site-packages/airflow/example_dags/example_subdag_operator.py
[2023-01-20T23:48:05.867+0000] {processor.py:768} INFO - DAG(s) dict_keys(['example_subdag_operator.section-1', 'example_subdag_operator.section-2', 'example_subdag_operator']) retrieved from /home/airflow/.local/lib/python3.7/site-packages/airflow/example_dags/example_subdag_operator.py
[2023-01-20T23:48:05.973+0000] {logging_mixin.py:117} INFO - [2023-01-20T23:48:05.972+0000] {dag.py:2573} INFO - Sync 3 DAGs
[2023-01-20T23:48:05.986+0000] {logging_mixin.py:117} INFO - [2023-01-20T23:48:05.986+0000] {dag.py:3328} INFO - Setting next_dagrun for example_subdag_operator to 2022-01-01T00:00:00+00:00, run_after=2022-01-01T00:00:00+00:00
[2023-01-20T23:48:05.988+0000] {logging_mixin.py:117} INFO - [2023-01-20T23:48:05.988+0000] {dag.py:3328} INFO - Setting next_dagrun for example_subdag_operator.section-1 to None, run_after=None
[2023-01-20T23:48:05.989+0000] {logging_mixin.py:117} INFO - [2023-01-20T23:48:05.989+0000] {dag.py:3328} INFO - Setting next_dagrun for example_subdag_operator.section-2 to None, run_after=None
[2023-01-20T23:48:05.993+0000] {logging_mixin.py:117} INFO - [2023-01-20T23:48:05.993+0000] {dag.py:2573} INFO - Sync 2 DAGs
[2023-01-20T23:48:05.996+0000] {logging_mixin.py:117} INFO - [2023-01-20T23:48:05.996+0000] {dag.py:3328} INFO - Setting next_dagrun for example_subdag_operator.section-1 to None, run_after=None
[2023-01-20T23:48:05.997+0000] {logging_mixin.py:117} INFO - [2023-01-20T23:48:05.997+0000] {dag.py:3328} INFO - Setting next_dagrun for example_subdag_operator.section-2 to None, run_after=None
[2023-01-20T23:48:06.002+0000] {processor.py:178} INFO - Processing /home/airflow/.local/lib/python3.7/site-packages/airflow/example_dags/example_subdag_operator.py took 0.179 seconds
[2023-01-20T23:48:36.273+0000] {processor.py:156} INFO - Started process (PID=1087) to work on /home/airflow/.local/lib/python3.7/site-packages/airflow/example_dags/example_subdag_operator.py
[2023-01-20T23:48:36.275+0000] {processor.py:758} INFO - Processing file /home/airflow/.local/lib/python3.7/site-packages/airflow/example_dags/example_subdag_operator.py for tasks to queue
[2023-01-20T23:48:36.276+0000] {logging_mixin.py:117} INFO - [2023-01-20T23:48:36.276+0000] {dagbag.py:525} INFO - Filling up the DagBag from /home/airflow/.local/lib/python3.7/site-packages/airflow/example_dags/example_subdag_operator.py
[2023-01-20T23:48:36.308+0000] {processor.py:768} INFO - DAG(s) dict_keys(['example_subdag_operator.section-1', 'example_subdag_operator.section-2', 'example_subdag_operator']) retrieved from /home/airflow/.local/lib/python3.7/site-packages/airflow/example_dags/example_subdag_operator.py
[2023-01-20T23:48:36.402+0000] {logging_mixin.py:117} INFO - [2023-01-20T23:48:36.402+0000] {dag.py:2573} INFO - Sync 3 DAGs
[2023-01-20T23:48:36.417+0000] {logging_mixin.py:117} INFO - [2023-01-20T23:48:36.417+0000] {dag.py:3328} INFO - Setting next_dagrun for example_subdag_operator to 2022-01-01T00:00:00+00:00, run_after=2022-01-01T00:00:00+00:00
[2023-01-20T23:48:36.420+0000] {logging_mixin.py:117} INFO - [2023-01-20T23:48:36.420+0000] {dag.py:3328} INFO - Setting next_dagrun for example_subdag_operator.section-1 to None, run_after=None
[2023-01-20T23:48:36.421+0000] {logging_mixin.py:117} INFO - [2023-01-20T23:48:36.421+0000] {dag.py:3328} INFO - Setting next_dagrun for example_subdag_operator.section-2 to None, run_after=None
[2023-01-20T23:48:36.425+0000] {logging_mixin.py:117} INFO - [2023-01-20T23:48:36.425+0000] {dag.py:2573} INFO - Sync 2 DAGs
[2023-01-20T23:48:36.429+0000] {logging_mixin.py:117} INFO - [2023-01-20T23:48:36.428+0000] {dag.py:3328} INFO - Setting next_dagrun for example_subdag_operator.section-1 to None, run_after=None
[2023-01-20T23:48:36.429+0000] {logging_mixin.py:117} INFO - [2023-01-20T23:48:36.429+0000] {dag.py:3328} INFO - Setting next_dagrun for example_subdag_operator.section-2 to None, run_after=None
[2023-01-20T23:48:36.435+0000] {processor.py:178} INFO - Processing /home/airflow/.local/lib/python3.7/site-packages/airflow/example_dags/example_subdag_operator.py took 0.168 seconds
[2023-01-20T23:49:06.638+0000] {processor.py:156} INFO - Started process (PID=1150) to work on /home/airflow/.local/lib/python3.7/site-packages/airflow/example_dags/example_subdag_operator.py
[2023-01-20T23:49:06.640+0000] {processor.py:758} INFO - Processing file /home/airflow/.local/lib/python3.7/site-packages/airflow/example_dags/example_subdag_operator.py for tasks to queue
[2023-01-20T23:49:06.641+0000] {logging_mixin.py:117} INFO - [2023-01-20T23:49:06.641+0000] {dagbag.py:525} INFO - Filling up the DagBag from /home/airflow/.local/lib/python3.7/site-packages/airflow/example_dags/example_subdag_operator.py
[2023-01-20T23:49:06.678+0000] {processor.py:768} INFO - DAG(s) dict_keys(['example_subdag_operator.section-1', 'example_subdag_operator.section-2', 'example_subdag_operator']) retrieved from /home/airflow/.local/lib/python3.7/site-packages/airflow/example_dags/example_subdag_operator.py
[2023-01-20T23:49:06.769+0000] {logging_mixin.py:117} INFO - [2023-01-20T23:49:06.769+0000] {dag.py:2573} INFO - Sync 3 DAGs
[2023-01-20T23:49:06.783+0000] {logging_mixin.py:117} INFO - [2023-01-20T23:49:06.783+0000] {dag.py:3328} INFO - Setting next_dagrun for example_subdag_operator to 2022-01-01T00:00:00+00:00, run_after=2022-01-01T00:00:00+00:00
[2023-01-20T23:49:06.785+0000] {logging_mixin.py:117} INFO - [2023-01-20T23:49:06.785+0000] {dag.py:3328} INFO - Setting next_dagrun for example_subdag_operator.section-1 to None, run_after=None
[2023-01-20T23:49:06.786+0000] {logging_mixin.py:117} INFO - [2023-01-20T23:49:06.786+0000] {dag.py:3328} INFO - Setting next_dagrun for example_subdag_operator.section-2 to None, run_after=None
[2023-01-20T23:49:06.790+0000] {logging_mixin.py:117} INFO - [2023-01-20T23:49:06.790+0000] {dag.py:2573} INFO - Sync 2 DAGs
[2023-01-20T23:49:06.793+0000] {logging_mixin.py:117} INFO - [2023-01-20T23:49:06.793+0000] {dag.py:3328} INFO - Setting next_dagrun for example_subdag_operator.section-1 to None, run_after=None
[2023-01-20T23:49:06.794+0000] {logging_mixin.py:117} INFO - [2023-01-20T23:49:06.793+0000] {dag.py:3328} INFO - Setting next_dagrun for example_subdag_operator.section-2 to None, run_after=None
[2023-01-20T23:49:06.799+0000] {processor.py:178} INFO - Processing /home/airflow/.local/lib/python3.7/site-packages/airflow/example_dags/example_subdag_operator.py took 0.168 seconds
[2023-01-20T23:49:37.042+0000] {processor.py:156} INFO - Started process (PID=1213) to work on /home/airflow/.local/lib/python3.7/site-packages/airflow/example_dags/example_subdag_operator.py
[2023-01-20T23:49:37.044+0000] {processor.py:758} INFO - Processing file /home/airflow/.local/lib/python3.7/site-packages/airflow/example_dags/example_subdag_operator.py for tasks to queue
[2023-01-20T23:49:37.045+0000] {logging_mixin.py:117} INFO - [2023-01-20T23:49:37.045+0000] {dagbag.py:525} INFO - Filling up the DagBag from /home/airflow/.local/lib/python3.7/site-packages/airflow/example_dags/example_subdag_operator.py
[2023-01-20T23:49:37.075+0000] {processor.py:768} INFO - DAG(s) dict_keys(['example_subdag_operator.section-1', 'example_subdag_operator.section-2', 'example_subdag_operator']) retrieved from /home/airflow/.local/lib/python3.7/site-packages/airflow/example_dags/example_subdag_operator.py
[2023-01-20T23:49:37.159+0000] {logging_mixin.py:117} INFO - [2023-01-20T23:49:37.159+0000] {dag.py:2573} INFO - Sync 3 DAGs
[2023-01-20T23:49:37.172+0000] {logging_mixin.py:117} INFO - [2023-01-20T23:49:37.172+0000] {dag.py:3328} INFO - Setting next_dagrun for example_subdag_operator to 2022-01-01T00:00:00+00:00, run_after=2022-01-01T00:00:00+00:00
[2023-01-20T23:49:37.175+0000] {logging_mixin.py:117} INFO - [2023-01-20T23:49:37.175+0000] {dag.py:3328} INFO - Setting next_dagrun for example_subdag_operator.section-1 to None, run_after=None
[2023-01-20T23:49:37.176+0000] {logging_mixin.py:117} INFO - [2023-01-20T23:49:37.176+0000] {dag.py:3328} INFO - Setting next_dagrun for example_subdag_operator.section-2 to None, run_after=None
[2023-01-20T23:49:37.180+0000] {logging_mixin.py:117} INFO - [2023-01-20T23:49:37.180+0000] {dag.py:2573} INFO - Sync 2 DAGs
[2023-01-20T23:49:37.183+0000] {logging_mixin.py:117} INFO - [2023-01-20T23:49:37.183+0000] {dag.py:3328} INFO - Setting next_dagrun for example_subdag_operator.section-1 to None, run_after=None
[2023-01-20T23:49:37.183+0000] {logging_mixin.py:117} INFO - [2023-01-20T23:49:37.183+0000] {dag.py:3328} INFO - Setting next_dagrun for example_subdag_operator.section-2 to None, run_after=None
[2023-01-20T23:49:37.189+0000] {processor.py:178} INFO - Processing /home/airflow/.local/lib/python3.7/site-packages/airflow/example_dags/example_subdag_operator.py took 0.151 seconds
[2023-01-20T23:50:07.349+0000] {processor.py:156} INFO - Started process (PID=1267) to work on /home/airflow/.local/lib/python3.7/site-packages/airflow/example_dags/example_subdag_operator.py
[2023-01-20T23:50:07.351+0000] {processor.py:758} INFO - Processing file /home/airflow/.local/lib/python3.7/site-packages/airflow/example_dags/example_subdag_operator.py for tasks to queue
[2023-01-20T23:50:07.352+0000] {logging_mixin.py:117} INFO - [2023-01-20T23:50:07.352+0000] {dagbag.py:525} INFO - Filling up the DagBag from /home/airflow/.local/lib/python3.7/site-packages/airflow/example_dags/example_subdag_operator.py
[2023-01-20T23:50:07.383+0000] {processor.py:768} INFO - DAG(s) dict_keys(['example_subdag_operator.section-1', 'example_subdag_operator.section-2', 'example_subdag_operator']) retrieved from /home/airflow/.local/lib/python3.7/site-packages/airflow/example_dags/example_subdag_operator.py
[2023-01-20T23:50:07.470+0000] {logging_mixin.py:117} INFO - [2023-01-20T23:50:07.470+0000] {dag.py:2573} INFO - Sync 3 DAGs
[2023-01-20T23:50:07.483+0000] {logging_mixin.py:117} INFO - [2023-01-20T23:50:07.483+0000] {dag.py:3328} INFO - Setting next_dagrun for example_subdag_operator to 2022-01-01T00:00:00+00:00, run_after=2022-01-01T00:00:00+00:00
[2023-01-20T23:50:07.486+0000] {logging_mixin.py:117} INFO - [2023-01-20T23:50:07.486+0000] {dag.py:3328} INFO - Setting next_dagrun for example_subdag_operator.section-1 to None, run_after=None
[2023-01-20T23:50:07.487+0000] {logging_mixin.py:117} INFO - [2023-01-20T23:50:07.487+0000] {dag.py:3328} INFO - Setting next_dagrun for example_subdag_operator.section-2 to None, run_after=None
[2023-01-20T23:50:07.491+0000] {logging_mixin.py:117} INFO - [2023-01-20T23:50:07.491+0000] {dag.py:2573} INFO - Sync 2 DAGs
[2023-01-20T23:50:07.494+0000] {logging_mixin.py:117} INFO - [2023-01-20T23:50:07.494+0000] {dag.py:3328} INFO - Setting next_dagrun for example_subdag_operator.section-1 to None, run_after=None
[2023-01-20T23:50:07.495+0000] {logging_mixin.py:117} INFO - [2023-01-20T23:50:07.494+0000] {dag.py:3328} INFO - Setting next_dagrun for example_subdag_operator.section-2 to None, run_after=None
[2023-01-20T23:50:07.500+0000] {processor.py:178} INFO - Processing /home/airflow/.local/lib/python3.7/site-packages/airflow/example_dags/example_subdag_operator.py took 0.155 seconds
[2023-01-20T23:50:37.680+0000] {processor.py:156} INFO - Started process (PID=1330) to work on /home/airflow/.local/lib/python3.7/site-packages/airflow/example_dags/example_subdag_operator.py
[2023-01-20T23:50:37.682+0000] {processor.py:758} INFO - Processing file /home/airflow/.local/lib/python3.7/site-packages/airflow/example_dags/example_subdag_operator.py for tasks to queue
[2023-01-20T23:50:37.683+0000] {logging_mixin.py:117} INFO - [2023-01-20T23:50:37.683+0000] {dagbag.py:525} INFO - Filling up the DagBag from /home/airflow/.local/lib/python3.7/site-packages/airflow/example_dags/example_subdag_operator.py
[2023-01-20T23:50:37.717+0000] {processor.py:768} INFO - DAG(s) dict_keys(['example_subdag_operator.section-1', 'example_subdag_operator.section-2', 'example_subdag_operator']) retrieved from /home/airflow/.local/lib/python3.7/site-packages/airflow/example_dags/example_subdag_operator.py
[2023-01-20T23:50:37.802+0000] {logging_mixin.py:117} INFO - [2023-01-20T23:50:37.802+0000] {dag.py:2573} INFO - Sync 3 DAGs
[2023-01-20T23:50:37.815+0000] {logging_mixin.py:117} INFO - [2023-01-20T23:50:37.815+0000] {dag.py:3328} INFO - Setting next_dagrun for example_subdag_operator to 2022-01-01T00:00:00+00:00, run_after=2022-01-01T00:00:00+00:00
[2023-01-20T23:50:37.818+0000] {logging_mixin.py:117} INFO - [2023-01-20T23:50:37.818+0000] {dag.py:3328} INFO - Setting next_dagrun for example_subdag_operator.section-1 to None, run_after=None
[2023-01-20T23:50:37.819+0000] {logging_mixin.py:117} INFO - [2023-01-20T23:50:37.819+0000] {dag.py:3328} INFO - Setting next_dagrun for example_subdag_operator.section-2 to None, run_after=None
[2023-01-20T23:50:37.823+0000] {logging_mixin.py:117} INFO - [2023-01-20T23:50:37.823+0000] {dag.py:2573} INFO - Sync 2 DAGs
[2023-01-20T23:50:37.826+0000] {logging_mixin.py:117} INFO - [2023-01-20T23:50:37.826+0000] {dag.py:3328} INFO - Setting next_dagrun for example_subdag_operator.section-1 to None, run_after=None
[2023-01-20T23:50:37.826+0000] {logging_mixin.py:117} INFO - [2023-01-20T23:50:37.826+0000] {dag.py:3328} INFO - Setting next_dagrun for example_subdag_operator.section-2 to None, run_after=None
[2023-01-20T23:50:37.833+0000] {processor.py:178} INFO - Processing /home/airflow/.local/lib/python3.7/site-packages/airflow/example_dags/example_subdag_operator.py took 0.156 seconds
[2023-01-20T23:51:07.929+0000] {processor.py:156} INFO - Started process (PID=1393) to work on /home/airflow/.local/lib/python3.7/site-packages/airflow/example_dags/example_subdag_operator.py
[2023-01-20T23:51:07.931+0000] {processor.py:758} INFO - Processing file /home/airflow/.local/lib/python3.7/site-packages/airflow/example_dags/example_subdag_operator.py for tasks to queue
[2023-01-20T23:51:07.931+0000] {logging_mixin.py:117} INFO - [2023-01-20T23:51:07.931+0000] {dagbag.py:525} INFO - Filling up the DagBag from /home/airflow/.local/lib/python3.7/site-packages/airflow/example_dags/example_subdag_operator.py
[2023-01-20T23:51:07.957+0000] {processor.py:768} INFO - DAG(s) dict_keys(['example_subdag_operator.section-1', 'example_subdag_operator.section-2', 'example_subdag_operator']) retrieved from /home/airflow/.local/lib/python3.7/site-packages/airflow/example_dags/example_subdag_operator.py
[2023-01-20T23:51:08.056+0000] {logging_mixin.py:117} INFO - [2023-01-20T23:51:08.055+0000] {dag.py:2573} INFO - Sync 3 DAGs
[2023-01-20T23:51:08.070+0000] {logging_mixin.py:117} INFO - [2023-01-20T23:51:08.070+0000] {dag.py:3328} INFO - Setting next_dagrun for example_subdag_operator to 2022-01-01T00:00:00+00:00, run_after=2022-01-01T00:00:00+00:00
[2023-01-20T23:51:08.073+0000] {logging_mixin.py:117} INFO - [2023-01-20T23:51:08.072+0000] {dag.py:3328} INFO - Setting next_dagrun for example_subdag_operator.section-1 to None, run_after=None
[2023-01-20T23:51:08.074+0000] {logging_mixin.py:117} INFO - [2023-01-20T23:51:08.073+0000] {dag.py:3328} INFO - Setting next_dagrun for example_subdag_operator.section-2 to None, run_after=None
[2023-01-20T23:51:08.078+0000] {logging_mixin.py:117} INFO - [2023-01-20T23:51:08.078+0000] {dag.py:2573} INFO - Sync 2 DAGs
[2023-01-20T23:51:08.082+0000] {logging_mixin.py:117} INFO - [2023-01-20T23:51:08.082+0000] {dag.py:3328} INFO - Setting next_dagrun for example_subdag_operator.section-1 to None, run_after=None
[2023-01-20T23:51:08.082+0000] {logging_mixin.py:117} INFO - [2023-01-20T23:51:08.082+0000] {dag.py:3328} INFO - Setting next_dagrun for example_subdag_operator.section-2 to None, run_after=None
[2023-01-20T23:51:08.088+0000] {processor.py:178} INFO - Processing /home/airflow/.local/lib/python3.7/site-packages/airflow/example_dags/example_subdag_operator.py took 0.162 seconds
[2023-01-20T23:51:38.425+0000] {processor.py:156} INFO - Started process (PID=1457) to work on /home/airflow/.local/lib/python3.7/site-packages/airflow/example_dags/example_subdag_operator.py
[2023-01-20T23:51:38.428+0000] {processor.py:758} INFO - Processing file /home/airflow/.local/lib/python3.7/site-packages/airflow/example_dags/example_subdag_operator.py for tasks to queue
[2023-01-20T23:51:38.429+0000] {logging_mixin.py:117} INFO - [2023-01-20T23:51:38.429+0000] {dagbag.py:525} INFO - Filling up the DagBag from /home/airflow/.local/lib/python3.7/site-packages/airflow/example_dags/example_subdag_operator.py
[2023-01-20T23:51:38.464+0000] {processor.py:768} INFO - DAG(s) dict_keys(['example_subdag_operator.section-1', 'example_subdag_operator.section-2', 'example_subdag_operator']) retrieved from /home/airflow/.local/lib/python3.7/site-packages/airflow/example_dags/example_subdag_operator.py
[2023-01-20T23:51:38.550+0000] {logging_mixin.py:117} INFO - [2023-01-20T23:51:38.550+0000] {dag.py:2573} INFO - Sync 3 DAGs
[2023-01-20T23:51:38.564+0000] {logging_mixin.py:117} INFO - [2023-01-20T23:51:38.563+0000] {dag.py:3328} INFO - Setting next_dagrun for example_subdag_operator to 2022-01-01T00:00:00+00:00, run_after=2022-01-01T00:00:00+00:00
[2023-01-20T23:51:38.566+0000] {logging_mixin.py:117} INFO - [2023-01-20T23:51:38.566+0000] {dag.py:3328} INFO - Setting next_dagrun for example_subdag_operator.section-1 to None, run_after=None
[2023-01-20T23:51:38.567+0000] {logging_mixin.py:117} INFO - [2023-01-20T23:51:38.567+0000] {dag.py:3328} INFO - Setting next_dagrun for example_subdag_operator.section-2 to None, run_after=None
[2023-01-20T23:51:38.571+0000] {logging_mixin.py:117} INFO - [2023-01-20T23:51:38.571+0000] {dag.py:2573} INFO - Sync 2 DAGs
[2023-01-20T23:51:38.574+0000] {logging_mixin.py:117} INFO - [2023-01-20T23:51:38.574+0000] {dag.py:3328} INFO - Setting next_dagrun for example_subdag_operator.section-1 to None, run_after=None
[2023-01-20T23:51:38.574+0000] {logging_mixin.py:117} INFO - [2023-01-20T23:51:38.574+0000] {dag.py:3328} INFO - Setting next_dagrun for example_subdag_operator.section-2 to None, run_after=None
[2023-01-20T23:51:38.581+0000] {processor.py:178} INFO - Processing /home/airflow/.local/lib/python3.7/site-packages/airflow/example_dags/example_subdag_operator.py took 0.160 seconds
[2023-01-20T23:52:09.056+0000] {processor.py:156} INFO - Started process (PID=1520) to work on /home/airflow/.local/lib/python3.7/site-packages/airflow/example_dags/example_subdag_operator.py
[2023-01-20T23:52:09.058+0000] {processor.py:758} INFO - Processing file /home/airflow/.local/lib/python3.7/site-packages/airflow/example_dags/example_subdag_operator.py for tasks to queue
[2023-01-20T23:52:09.059+0000] {logging_mixin.py:117} INFO - [2023-01-20T23:52:09.059+0000] {dagbag.py:525} INFO - Filling up the DagBag from /home/airflow/.local/lib/python3.7/site-packages/airflow/example_dags/example_subdag_operator.py
[2023-01-20T23:52:09.101+0000] {processor.py:768} INFO - DAG(s) dict_keys(['example_subdag_operator.section-1', 'example_subdag_operator.section-2', 'example_subdag_operator']) retrieved from /home/airflow/.local/lib/python3.7/site-packages/airflow/example_dags/example_subdag_operator.py
[2023-01-20T23:52:09.203+0000] {logging_mixin.py:117} INFO - [2023-01-20T23:52:09.203+0000] {dag.py:2573} INFO - Sync 3 DAGs
[2023-01-20T23:52:09.217+0000] {logging_mixin.py:117} INFO - [2023-01-20T23:52:09.217+0000] {dag.py:3328} INFO - Setting next_dagrun for example_subdag_operator to 2022-01-01T00:00:00+00:00, run_after=2022-01-01T00:00:00+00:00
[2023-01-20T23:52:09.220+0000] {logging_mixin.py:117} INFO - [2023-01-20T23:52:09.220+0000] {dag.py:3328} INFO - Setting next_dagrun for example_subdag_operator.section-1 to None, run_after=None
[2023-01-20T23:52:09.221+0000] {logging_mixin.py:117} INFO - [2023-01-20T23:52:09.221+0000] {dag.py:3328} INFO - Setting next_dagrun for example_subdag_operator.section-2 to None, run_after=None
[2023-01-20T23:52:09.226+0000] {logging_mixin.py:117} INFO - [2023-01-20T23:52:09.226+0000] {dag.py:2573} INFO - Sync 2 DAGs
[2023-01-20T23:52:09.230+0000] {logging_mixin.py:117} INFO - [2023-01-20T23:52:09.229+0000] {dag.py:3328} INFO - Setting next_dagrun for example_subdag_operator.section-1 to None, run_after=None
[2023-01-20T23:52:09.230+0000] {logging_mixin.py:117} INFO - [2023-01-20T23:52:09.230+0000] {dag.py:3328} INFO - Setting next_dagrun for example_subdag_operator.section-2 to None, run_after=None
[2023-01-20T23:52:09.236+0000] {processor.py:178} INFO - Processing /home/airflow/.local/lib/python3.7/site-packages/airflow/example_dags/example_subdag_operator.py took 0.184 seconds
[2023-01-20T23:52:39.481+0000] {processor.py:156} INFO - Started process (PID=1583) to work on /home/airflow/.local/lib/python3.7/site-packages/airflow/example_dags/example_subdag_operator.py
[2023-01-20T23:52:39.483+0000] {processor.py:758} INFO - Processing file /home/airflow/.local/lib/python3.7/site-packages/airflow/example_dags/example_subdag_operator.py for tasks to queue
[2023-01-20T23:52:39.484+0000] {logging_mixin.py:117} INFO - [2023-01-20T23:52:39.484+0000] {dagbag.py:525} INFO - Filling up the DagBag from /home/airflow/.local/lib/python3.7/site-packages/airflow/example_dags/example_subdag_operator.py
[2023-01-20T23:52:39.514+0000] {processor.py:768} INFO - DAG(s) dict_keys(['example_subdag_operator.section-1', 'example_subdag_operator.section-2', 'example_subdag_operator']) retrieved from /home/airflow/.local/lib/python3.7/site-packages/airflow/example_dags/example_subdag_operator.py
[2023-01-20T23:52:39.598+0000] {logging_mixin.py:117} INFO - [2023-01-20T23:52:39.598+0000] {dag.py:2573} INFO - Sync 3 DAGs
[2023-01-20T23:52:39.611+0000] {logging_mixin.py:117} INFO - [2023-01-20T23:52:39.611+0000] {dag.py:3328} INFO - Setting next_dagrun for example_subdag_operator to 2022-01-01T00:00:00+00:00, run_after=2022-01-01T00:00:00+00:00
[2023-01-20T23:52:39.614+0000] {logging_mixin.py:117} INFO - [2023-01-20T23:52:39.614+0000] {dag.py:3328} INFO - Setting next_dagrun for example_subdag_operator.section-1 to None, run_after=None
[2023-01-20T23:52:39.615+0000] {logging_mixin.py:117} INFO - [2023-01-20T23:52:39.615+0000] {dag.py:3328} INFO - Setting next_dagrun for example_subdag_operator.section-2 to None, run_after=None
[2023-01-20T23:52:39.619+0000] {logging_mixin.py:117} INFO - [2023-01-20T23:52:39.619+0000] {dag.py:2573} INFO - Sync 2 DAGs
[2023-01-20T23:52:39.622+0000] {logging_mixin.py:117} INFO - [2023-01-20T23:52:39.622+0000] {dag.py:3328} INFO - Setting next_dagrun for example_subdag_operator.section-1 to None, run_after=None
[2023-01-20T23:52:39.623+0000] {logging_mixin.py:117} INFO - [2023-01-20T23:52:39.623+0000] {dag.py:3328} INFO - Setting next_dagrun for example_subdag_operator.section-2 to None, run_after=None
[2023-01-20T23:52:39.629+0000] {processor.py:178} INFO - Processing /home/airflow/.local/lib/python3.7/site-packages/airflow/example_dags/example_subdag_operator.py took 0.153 seconds
[2023-01-20T23:53:09.857+0000] {processor.py:156} INFO - Started process (PID=1637) to work on /home/airflow/.local/lib/python3.7/site-packages/airflow/example_dags/example_subdag_operator.py
[2023-01-20T23:53:09.860+0000] {processor.py:758} INFO - Processing file /home/airflow/.local/lib/python3.7/site-packages/airflow/example_dags/example_subdag_operator.py for tasks to queue
[2023-01-20T23:53:09.861+0000] {logging_mixin.py:117} INFO - [2023-01-20T23:53:09.861+0000] {dagbag.py:525} INFO - Filling up the DagBag from /home/airflow/.local/lib/python3.7/site-packages/airflow/example_dags/example_subdag_operator.py
[2023-01-20T23:53:09.897+0000] {processor.py:768} INFO - DAG(s) dict_keys(['example_subdag_operator.section-1', 'example_subdag_operator.section-2', 'example_subdag_operator']) retrieved from /home/airflow/.local/lib/python3.7/site-packages/airflow/example_dags/example_subdag_operator.py
[2023-01-20T23:53:09.989+0000] {logging_mixin.py:117} INFO - [2023-01-20T23:53:09.989+0000] {dag.py:2573} INFO - Sync 3 DAGs
[2023-01-20T23:53:10.002+0000] {logging_mixin.py:117} INFO - [2023-01-20T23:53:10.002+0000] {dag.py:3328} INFO - Setting next_dagrun for example_subdag_operator to 2022-01-01T00:00:00+00:00, run_after=2022-01-01T00:00:00+00:00
[2023-01-20T23:53:10.005+0000] {logging_mixin.py:117} INFO - [2023-01-20T23:53:10.004+0000] {dag.py:3328} INFO - Setting next_dagrun for example_subdag_operator.section-1 to None, run_after=None
[2023-01-20T23:53:10.005+0000] {logging_mixin.py:117} INFO - [2023-01-20T23:53:10.005+0000] {dag.py:3328} INFO - Setting next_dagrun for example_subdag_operator.section-2 to None, run_after=None
[2023-01-20T23:53:10.010+0000] {logging_mixin.py:117} INFO - [2023-01-20T23:53:10.010+0000] {dag.py:2573} INFO - Sync 2 DAGs
[2023-01-20T23:53:10.013+0000] {logging_mixin.py:117} INFO - [2023-01-20T23:53:10.013+0000] {dag.py:3328} INFO - Setting next_dagrun for example_subdag_operator.section-1 to None, run_after=None
[2023-01-20T23:53:10.013+0000] {logging_mixin.py:117} INFO - [2023-01-20T23:53:10.013+0000] {dag.py:3328} INFO - Setting next_dagrun for example_subdag_operator.section-2 to None, run_after=None
[2023-01-20T23:53:10.019+0000] {processor.py:178} INFO - Processing /home/airflow/.local/lib/python3.7/site-packages/airflow/example_dags/example_subdag_operator.py took 0.167 seconds
[2023-01-20T23:53:40.506+0000] {processor.py:156} INFO - Started process (PID=1700) to work on /home/airflow/.local/lib/python3.7/site-packages/airflow/example_dags/example_subdag_operator.py
[2023-01-20T23:53:40.508+0000] {processor.py:758} INFO - Processing file /home/airflow/.local/lib/python3.7/site-packages/airflow/example_dags/example_subdag_operator.py for tasks to queue
[2023-01-20T23:53:40.513+0000] {logging_mixin.py:117} INFO - [2023-01-20T23:53:40.513+0000] {dagbag.py:525} INFO - Filling up the DagBag from /home/airflow/.local/lib/python3.7/site-packages/airflow/example_dags/example_subdag_operator.py
[2023-01-20T23:53:40.546+0000] {processor.py:768} INFO - DAG(s) dict_keys(['example_subdag_operator.section-1', 'example_subdag_operator.section-2', 'example_subdag_operator']) retrieved from /home/airflow/.local/lib/python3.7/site-packages/airflow/example_dags/example_subdag_operator.py
[2023-01-20T23:53:40.642+0000] {logging_mixin.py:117} INFO - [2023-01-20T23:53:40.642+0000] {dag.py:2573} INFO - Sync 3 DAGs
[2023-01-20T23:53:40.656+0000] {logging_mixin.py:117} INFO - [2023-01-20T23:53:40.655+0000] {dag.py:3328} INFO - Setting next_dagrun for example_subdag_operator to 2022-01-01T00:00:00+00:00, run_after=2022-01-01T00:00:00+00:00
[2023-01-20T23:53:40.658+0000] {logging_mixin.py:117} INFO - [2023-01-20T23:53:40.658+0000] {dag.py:3328} INFO - Setting next_dagrun for example_subdag_operator.section-1 to None, run_after=None
[2023-01-20T23:53:40.659+0000] {logging_mixin.py:117} INFO - [2023-01-20T23:53:40.659+0000] {dag.py:3328} INFO - Setting next_dagrun for example_subdag_operator.section-2 to None, run_after=None
[2023-01-20T23:53:40.663+0000] {logging_mixin.py:117} INFO - [2023-01-20T23:53:40.663+0000] {dag.py:2573} INFO - Sync 2 DAGs
[2023-01-20T23:53:40.666+0000] {logging_mixin.py:117} INFO - [2023-01-20T23:53:40.666+0000] {dag.py:3328} INFO - Setting next_dagrun for example_subdag_operator.section-1 to None, run_after=None
[2023-01-20T23:53:40.667+0000] {logging_mixin.py:117} INFO - [2023-01-20T23:53:40.667+0000] {dag.py:3328} INFO - Setting next_dagrun for example_subdag_operator.section-2 to None, run_after=None
[2023-01-20T23:53:40.672+0000] {processor.py:178} INFO - Processing /home/airflow/.local/lib/python3.7/site-packages/airflow/example_dags/example_subdag_operator.py took 0.172 seconds
[2023-01-20T23:54:10.795+0000] {processor.py:156} INFO - Started process (PID=1764) to work on /home/airflow/.local/lib/python3.7/site-packages/airflow/example_dags/example_subdag_operator.py
[2023-01-20T23:54:10.796+0000] {processor.py:758} INFO - Processing file /home/airflow/.local/lib/python3.7/site-packages/airflow/example_dags/example_subdag_operator.py for tasks to queue
[2023-01-20T23:54:10.798+0000] {logging_mixin.py:117} INFO - [2023-01-20T23:54:10.798+0000] {dagbag.py:525} INFO - Filling up the DagBag from /home/airflow/.local/lib/python3.7/site-packages/airflow/example_dags/example_subdag_operator.py
[2023-01-20T23:54:10.835+0000] {processor.py:768} INFO - DAG(s) dict_keys(['example_subdag_operator.section-1', 'example_subdag_operator.section-2', 'example_subdag_operator']) retrieved from /home/airflow/.local/lib/python3.7/site-packages/airflow/example_dags/example_subdag_operator.py
[2023-01-20T23:54:10.928+0000] {logging_mixin.py:117} INFO - [2023-01-20T23:54:10.927+0000] {dag.py:2573} INFO - Sync 3 DAGs
[2023-01-20T23:54:10.942+0000] {logging_mixin.py:117} INFO - [2023-01-20T23:54:10.942+0000] {dag.py:3328} INFO - Setting next_dagrun for example_subdag_operator to 2022-01-01T00:00:00+00:00, run_after=2022-01-01T00:00:00+00:00
[2023-01-20T23:54:10.944+0000] {logging_mixin.py:117} INFO - [2023-01-20T23:54:10.944+0000] {dag.py:3328} INFO - Setting next_dagrun for example_subdag_operator.section-1 to None, run_after=None
[2023-01-20T23:54:10.945+0000] {logging_mixin.py:117} INFO - [2023-01-20T23:54:10.945+0000] {dag.py:3328} INFO - Setting next_dagrun for example_subdag_operator.section-2 to None, run_after=None
[2023-01-20T23:54:10.949+0000] {logging_mixin.py:117} INFO - [2023-01-20T23:54:10.949+0000] {dag.py:2573} INFO - Sync 2 DAGs
[2023-01-20T23:54:10.952+0000] {logging_mixin.py:117} INFO - [2023-01-20T23:54:10.952+0000] {dag.py:3328} INFO - Setting next_dagrun for example_subdag_operator.section-1 to None, run_after=None
[2023-01-20T23:54:10.953+0000] {logging_mixin.py:117} INFO - [2023-01-20T23:54:10.953+0000] {dag.py:3328} INFO - Setting next_dagrun for example_subdag_operator.section-2 to None, run_after=None
[2023-01-20T23:54:10.959+0000] {processor.py:178} INFO - Processing /home/airflow/.local/lib/python3.7/site-packages/airflow/example_dags/example_subdag_operator.py took 0.169 seconds
[2023-01-20T23:54:54.554+0000] {processor.py:156} INFO - Started process (PID=41) to work on /home/airflow/.local/lib/python3.7/site-packages/airflow/example_dags/example_subdag_operator.py
[2023-01-20T23:54:54.561+0000] {processor.py:758} INFO - Processing file /home/airflow/.local/lib/python3.7/site-packages/airflow/example_dags/example_subdag_operator.py for tasks to queue
[2023-01-20T23:54:54.562+0000] {logging_mixin.py:117} INFO - [2023-01-20T23:54:54.562+0000] {dagbag.py:525} INFO - Filling up the DagBag from /home/airflow/.local/lib/python3.7/site-packages/airflow/example_dags/example_subdag_operator.py
[2023-01-20T23:54:54.631+0000] {processor.py:768} INFO - DAG(s) dict_keys(['example_subdag_operator.section-1', 'example_subdag_operator.section-2', 'example_subdag_operator']) retrieved from /home/airflow/.local/lib/python3.7/site-packages/airflow/example_dags/example_subdag_operator.py
[2023-01-20T23:54:55.394+0000] {logging_mixin.py:117} INFO - [2023-01-20T23:54:55.394+0000] {dag.py:2573} INFO - Sync 3 DAGs
[2023-01-20T23:54:55.445+0000] {logging_mixin.py:117} INFO - [2023-01-20T23:54:55.445+0000] {dag.py:3328} INFO - Setting next_dagrun for example_subdag_operator to 2022-01-01T00:00:00+00:00, run_after=2022-01-01T00:00:00+00:00
[2023-01-20T23:54:55.454+0000] {logging_mixin.py:117} INFO - [2023-01-20T23:54:55.452+0000] {dag.py:3328} INFO - Setting next_dagrun for example_subdag_operator.section-1 to None, run_after=None
[2023-01-20T23:54:55.460+0000] {logging_mixin.py:117} INFO - [2023-01-20T23:54:55.460+0000] {dag.py:3328} INFO - Setting next_dagrun for example_subdag_operator.section-2 to None, run_after=None
[2023-01-20T23:54:55.482+0000] {logging_mixin.py:117} INFO - [2023-01-20T23:54:55.481+0000] {dag.py:2573} INFO - Sync 2 DAGs
[2023-01-20T23:54:55.489+0000] {logging_mixin.py:117} INFO - [2023-01-20T23:54:55.489+0000] {dag.py:3328} INFO - Setting next_dagrun for example_subdag_operator.section-1 to None, run_after=None
[2023-01-20T23:54:55.490+0000] {logging_mixin.py:117} INFO - [2023-01-20T23:54:55.490+0000] {dag.py:3328} INFO - Setting next_dagrun for example_subdag_operator.section-2 to None, run_after=None
[2023-01-20T23:54:55.511+0000] {processor.py:178} INFO - Processing /home/airflow/.local/lib/python3.7/site-packages/airflow/example_dags/example_subdag_operator.py took 0.961 seconds
[2023-01-20T23:55:25.685+0000] {processor.py:156} INFO - Started process (PID=105) to work on /home/airflow/.local/lib/python3.7/site-packages/airflow/example_dags/example_subdag_operator.py
[2023-01-20T23:55:25.687+0000] {processor.py:758} INFO - Processing file /home/airflow/.local/lib/python3.7/site-packages/airflow/example_dags/example_subdag_operator.py for tasks to queue
[2023-01-20T23:55:25.688+0000] {logging_mixin.py:117} INFO - [2023-01-20T23:55:25.688+0000] {dagbag.py:525} INFO - Filling up the DagBag from /home/airflow/.local/lib/python3.7/site-packages/airflow/example_dags/example_subdag_operator.py
[2023-01-20T23:55:25.725+0000] {processor.py:768} INFO - DAG(s) dict_keys(['example_subdag_operator.section-1', 'example_subdag_operator.section-2', 'example_subdag_operator']) retrieved from /home/airflow/.local/lib/python3.7/site-packages/airflow/example_dags/example_subdag_operator.py
[2023-01-20T23:55:25.924+0000] {logging_mixin.py:117} INFO - [2023-01-20T23:55:25.924+0000] {dag.py:2573} INFO - Sync 3 DAGs
[2023-01-20T23:55:25.938+0000] {logging_mixin.py:117} INFO - [2023-01-20T23:55:25.938+0000] {dag.py:3328} INFO - Setting next_dagrun for example_subdag_operator to 2022-01-01T00:00:00+00:00, run_after=2022-01-01T00:00:00+00:00
[2023-01-20T23:55:25.940+0000] {logging_mixin.py:117} INFO - [2023-01-20T23:55:25.940+0000] {dag.py:3328} INFO - Setting next_dagrun for example_subdag_operator.section-1 to None, run_after=None
[2023-01-20T23:55:25.942+0000] {logging_mixin.py:117} INFO - [2023-01-20T23:55:25.942+0000] {dag.py:3328} INFO - Setting next_dagrun for example_subdag_operator.section-2 to None, run_after=None
[2023-01-20T23:55:25.946+0000] {logging_mixin.py:117} INFO - [2023-01-20T23:55:25.946+0000] {dag.py:2573} INFO - Sync 2 DAGs
[2023-01-20T23:55:25.951+0000] {logging_mixin.py:117} INFO - [2023-01-20T23:55:25.951+0000] {dag.py:3328} INFO - Setting next_dagrun for example_subdag_operator.section-1 to None, run_after=None
[2023-01-20T23:55:25.952+0000] {logging_mixin.py:117} INFO - [2023-01-20T23:55:25.952+0000] {dag.py:3328} INFO - Setting next_dagrun for example_subdag_operator.section-2 to None, run_after=None
[2023-01-20T23:55:25.959+0000] {processor.py:178} INFO - Processing /home/airflow/.local/lib/python3.7/site-packages/airflow/example_dags/example_subdag_operator.py took 0.279 seconds
[2023-01-20T23:57:23.293+0000] {processor.py:156} INFO - Started process (PID=42) to work on /home/airflow/.local/lib/python3.7/site-packages/airflow/example_dags/example_subdag_operator.py
[2023-01-20T23:57:23.299+0000] {processor.py:758} INFO - Processing file /home/airflow/.local/lib/python3.7/site-packages/airflow/example_dags/example_subdag_operator.py for tasks to queue
[2023-01-20T23:57:23.300+0000] {logging_mixin.py:117} INFO - [2023-01-20T23:57:23.300+0000] {dagbag.py:525} INFO - Filling up the DagBag from /home/airflow/.local/lib/python3.7/site-packages/airflow/example_dags/example_subdag_operator.py
[2023-01-20T23:57:23.361+0000] {processor.py:768} INFO - DAG(s) dict_keys(['example_subdag_operator.section-1', 'example_subdag_operator.section-2', 'example_subdag_operator']) retrieved from /home/airflow/.local/lib/python3.7/site-packages/airflow/example_dags/example_subdag_operator.py
[2023-01-20T23:57:23.406+0000] {logging_mixin.py:117} INFO - [2023-01-20T23:57:23.406+0000] {dag.py:2573} INFO - Sync 3 DAGs
[2023-01-20T23:57:23.980+0000] {logging_mixin.py:117} INFO - [2023-01-20T23:57:23.979+0000] {dag.py:3328} INFO - Setting next_dagrun for example_subdag_operator to 2022-01-01T00:00:00+00:00, run_after=2022-01-01T00:00:00+00:00
[2023-01-20T23:57:23.985+0000] {logging_mixin.py:117} INFO - [2023-01-20T23:57:23.985+0000] {dag.py:3328} INFO - Setting next_dagrun for example_subdag_operator.section-1 to None, run_after=None
[2023-01-20T23:57:23.987+0000] {logging_mixin.py:117} INFO - [2023-01-20T23:57:23.987+0000] {dag.py:3328} INFO - Setting next_dagrun for example_subdag_operator.section-2 to None, run_after=None
[2023-01-20T23:57:23.999+0000] {logging_mixin.py:117} INFO - [2023-01-20T23:57:23.999+0000] {dag.py:2573} INFO - Sync 2 DAGs
[2023-01-20T23:57:24.037+0000] {logging_mixin.py:117} INFO - [2023-01-20T23:57:24.036+0000] {dag.py:3328} INFO - Setting next_dagrun for example_subdag_operator.section-1 to None, run_after=None
[2023-01-20T23:57:24.040+0000] {logging_mixin.py:117} INFO - [2023-01-20T23:57:24.039+0000] {dag.py:3328} INFO - Setting next_dagrun for example_subdag_operator.section-2 to None, run_after=None
[2023-01-20T23:57:24.081+0000] {processor.py:178} INFO - Processing /home/airflow/.local/lib/python3.7/site-packages/airflow/example_dags/example_subdag_operator.py took 0.792 seconds
[2023-01-20T23:57:54.275+0000] {processor.py:156} INFO - Started process (PID=95) to work on /home/airflow/.local/lib/python3.7/site-packages/airflow/example_dags/example_subdag_operator.py
[2023-01-20T23:57:54.276+0000] {processor.py:758} INFO - Processing file /home/airflow/.local/lib/python3.7/site-packages/airflow/example_dags/example_subdag_operator.py for tasks to queue
[2023-01-20T23:57:54.277+0000] {logging_mixin.py:117} INFO - [2023-01-20T23:57:54.276+0000] {dagbag.py:525} INFO - Filling up the DagBag from /home/airflow/.local/lib/python3.7/site-packages/airflow/example_dags/example_subdag_operator.py
[2023-01-20T23:57:54.300+0000] {processor.py:768} INFO - DAG(s) dict_keys(['example_subdag_operator.section-1', 'example_subdag_operator.section-2', 'example_subdag_operator']) retrieved from /home/airflow/.local/lib/python3.7/site-packages/airflow/example_dags/example_subdag_operator.py
[2023-01-20T23:57:54.468+0000] {logging_mixin.py:117} INFO - [2023-01-20T23:57:54.468+0000] {dag.py:2573} INFO - Sync 3 DAGs
[2023-01-20T23:57:54.481+0000] {logging_mixin.py:117} INFO - [2023-01-20T23:57:54.481+0000] {dag.py:3328} INFO - Setting next_dagrun for example_subdag_operator to 2022-01-01T00:00:00+00:00, run_after=2022-01-01T00:00:00+00:00
[2023-01-20T23:57:54.483+0000] {logging_mixin.py:117} INFO - [2023-01-20T23:57:54.483+0000] {dag.py:3328} INFO - Setting next_dagrun for example_subdag_operator.section-1 to None, run_after=None
[2023-01-20T23:57:54.484+0000] {logging_mixin.py:117} INFO - [2023-01-20T23:57:54.484+0000] {dag.py:3328} INFO - Setting next_dagrun for example_subdag_operator.section-2 to None, run_after=None
[2023-01-20T23:57:54.488+0000] {logging_mixin.py:117} INFO - [2023-01-20T23:57:54.488+0000] {dag.py:2573} INFO - Sync 2 DAGs
[2023-01-20T23:57:54.492+0000] {logging_mixin.py:117} INFO - [2023-01-20T23:57:54.492+0000] {dag.py:3328} INFO - Setting next_dagrun for example_subdag_operator.section-1 to None, run_after=None
[2023-01-20T23:57:54.493+0000] {logging_mixin.py:117} INFO - [2023-01-20T23:57:54.493+0000] {dag.py:3328} INFO - Setting next_dagrun for example_subdag_operator.section-2 to None, run_after=None
[2023-01-20T23:57:54.498+0000] {processor.py:178} INFO - Processing /home/airflow/.local/lib/python3.7/site-packages/airflow/example_dags/example_subdag_operator.py took 0.226 seconds
[2023-01-20T23:58:25.179+0000] {processor.py:156} INFO - Started process (PID=157) to work on /home/airflow/.local/lib/python3.7/site-packages/airflow/example_dags/example_subdag_operator.py
[2023-01-20T23:58:25.180+0000] {processor.py:758} INFO - Processing file /home/airflow/.local/lib/python3.7/site-packages/airflow/example_dags/example_subdag_operator.py for tasks to queue
[2023-01-20T23:58:25.182+0000] {logging_mixin.py:117} INFO - [2023-01-20T23:58:25.182+0000] {dagbag.py:525} INFO - Filling up the DagBag from /home/airflow/.local/lib/python3.7/site-packages/airflow/example_dags/example_subdag_operator.py
[2023-01-20T23:58:25.443+0000] {processor.py:768} INFO - DAG(s) dict_keys(['example_subdag_operator.section-1', 'example_subdag_operator.section-2', 'example_subdag_operator']) retrieved from /home/airflow/.local/lib/python3.7/site-packages/airflow/example_dags/example_subdag_operator.py
[2023-01-20T23:58:25.562+0000] {logging_mixin.py:117} INFO - [2023-01-20T23:58:25.562+0000] {dag.py:2573} INFO - Sync 3 DAGs
[2023-01-20T23:58:25.579+0000] {logging_mixin.py:117} INFO - [2023-01-20T23:58:25.579+0000] {dag.py:3328} INFO - Setting next_dagrun for example_subdag_operator to 2022-01-01T00:00:00+00:00, run_after=2022-01-01T00:00:00+00:00
[2023-01-20T23:58:25.588+0000] {logging_mixin.py:117} INFO - [2023-01-20T23:58:25.587+0000] {dag.py:3328} INFO - Setting next_dagrun for example_subdag_operator.section-1 to None, run_after=None
[2023-01-20T23:58:25.589+0000] {logging_mixin.py:117} INFO - [2023-01-20T23:58:25.589+0000] {dag.py:3328} INFO - Setting next_dagrun for example_subdag_operator.section-2 to None, run_after=None
[2023-01-20T23:58:25.596+0000] {logging_mixin.py:117} INFO - [2023-01-20T23:58:25.596+0000] {dag.py:2573} INFO - Sync 2 DAGs
[2023-01-20T23:58:25.603+0000] {logging_mixin.py:117} INFO - [2023-01-20T23:58:25.602+0000] {dag.py:3328} INFO - Setting next_dagrun for example_subdag_operator.section-1 to None, run_after=None
[2023-01-20T23:58:25.603+0000] {logging_mixin.py:117} INFO - [2023-01-20T23:58:25.603+0000] {dag.py:3328} INFO - Setting next_dagrun for example_subdag_operator.section-2 to None, run_after=None
[2023-01-20T23:58:25.610+0000] {processor.py:178} INFO - Processing /home/airflow/.local/lib/python3.7/site-packages/airflow/example_dags/example_subdag_operator.py took 0.436 seconds
[2023-01-20T23:58:56.022+0000] {processor.py:156} INFO - Started process (PID=220) to work on /home/airflow/.local/lib/python3.7/site-packages/airflow/example_dags/example_subdag_operator.py
[2023-01-20T23:58:56.024+0000] {processor.py:758} INFO - Processing file /home/airflow/.local/lib/python3.7/site-packages/airflow/example_dags/example_subdag_operator.py for tasks to queue
[2023-01-20T23:58:56.025+0000] {logging_mixin.py:117} INFO - [2023-01-20T23:58:56.024+0000] {dagbag.py:525} INFO - Filling up the DagBag from /home/airflow/.local/lib/python3.7/site-packages/airflow/example_dags/example_subdag_operator.py
[2023-01-20T23:58:56.048+0000] {processor.py:768} INFO - DAG(s) dict_keys(['example_subdag_operator.section-1', 'example_subdag_operator.section-2', 'example_subdag_operator']) retrieved from /home/airflow/.local/lib/python3.7/site-packages/airflow/example_dags/example_subdag_operator.py
[2023-01-20T23:58:56.135+0000] {logging_mixin.py:117} INFO - [2023-01-20T23:58:56.135+0000] {dag.py:2573} INFO - Sync 3 DAGs
[2023-01-20T23:58:56.150+0000] {logging_mixin.py:117} INFO - [2023-01-20T23:58:56.149+0000] {dag.py:3328} INFO - Setting next_dagrun for example_subdag_operator to 2022-01-01T00:00:00+00:00, run_after=2022-01-01T00:00:00+00:00
[2023-01-20T23:58:56.153+0000] {logging_mixin.py:117} INFO - [2023-01-20T23:58:56.153+0000] {dag.py:3328} INFO - Setting next_dagrun for example_subdag_operator.section-1 to None, run_after=None
[2023-01-20T23:58:56.154+0000] {logging_mixin.py:117} INFO - [2023-01-20T23:58:56.154+0000] {dag.py:3328} INFO - Setting next_dagrun for example_subdag_operator.section-2 to None, run_after=None
[2023-01-20T23:58:56.159+0000] {logging_mixin.py:117} INFO - [2023-01-20T23:58:56.159+0000] {dag.py:2573} INFO - Sync 2 DAGs
[2023-01-20T23:58:56.162+0000] {logging_mixin.py:117} INFO - [2023-01-20T23:58:56.162+0000] {dag.py:3328} INFO - Setting next_dagrun for example_subdag_operator.section-1 to None, run_after=None
[2023-01-20T23:58:56.162+0000] {logging_mixin.py:117} INFO - [2023-01-20T23:58:56.162+0000] {dag.py:3328} INFO - Setting next_dagrun for example_subdag_operator.section-2 to None, run_after=None
[2023-01-20T23:58:56.169+0000] {processor.py:178} INFO - Processing /home/airflow/.local/lib/python3.7/site-packages/airflow/example_dags/example_subdag_operator.py took 0.149 seconds
[2023-01-20T23:59:26.521+0000] {processor.py:156} INFO - Started process (PID=283) to work on /home/airflow/.local/lib/python3.7/site-packages/airflow/example_dags/example_subdag_operator.py
[2023-01-20T23:59:26.523+0000] {processor.py:758} INFO - Processing file /home/airflow/.local/lib/python3.7/site-packages/airflow/example_dags/example_subdag_operator.py for tasks to queue
[2023-01-20T23:59:26.524+0000] {logging_mixin.py:117} INFO - [2023-01-20T23:59:26.524+0000] {dagbag.py:525} INFO - Filling up the DagBag from /home/airflow/.local/lib/python3.7/site-packages/airflow/example_dags/example_subdag_operator.py
[2023-01-20T23:59:26.553+0000] {processor.py:768} INFO - DAG(s) dict_keys(['example_subdag_operator.section-1', 'example_subdag_operator.section-2', 'example_subdag_operator']) retrieved from /home/airflow/.local/lib/python3.7/site-packages/airflow/example_dags/example_subdag_operator.py
[2023-01-20T23:59:26.661+0000] {logging_mixin.py:117} INFO - [2023-01-20T23:59:26.661+0000] {dag.py:2573} INFO - Sync 3 DAGs
[2023-01-20T23:59:26.680+0000] {logging_mixin.py:117} INFO - [2023-01-20T23:59:26.680+0000] {dag.py:3328} INFO - Setting next_dagrun for example_subdag_operator to 2022-01-01T00:00:00+00:00, run_after=2022-01-01T00:00:00+00:00
[2023-01-20T23:59:26.684+0000] {logging_mixin.py:117} INFO - [2023-01-20T23:59:26.683+0000] {dag.py:3328} INFO - Setting next_dagrun for example_subdag_operator.section-1 to None, run_after=None
[2023-01-20T23:59:26.685+0000] {logging_mixin.py:117} INFO - [2023-01-20T23:59:26.685+0000] {dag.py:3328} INFO - Setting next_dagrun for example_subdag_operator.section-2 to None, run_after=None
[2023-01-20T23:59:26.691+0000] {logging_mixin.py:117} INFO - [2023-01-20T23:59:26.690+0000] {dag.py:2573} INFO - Sync 2 DAGs
[2023-01-20T23:59:26.695+0000] {logging_mixin.py:117} INFO - [2023-01-20T23:59:26.695+0000] {dag.py:3328} INFO - Setting next_dagrun for example_subdag_operator.section-1 to None, run_after=None
[2023-01-20T23:59:26.696+0000] {logging_mixin.py:117} INFO - [2023-01-20T23:59:26.696+0000] {dag.py:3328} INFO - Setting next_dagrun for example_subdag_operator.section-2 to None, run_after=None
[2023-01-20T23:59:26.706+0000] {processor.py:178} INFO - Processing /home/airflow/.local/lib/python3.7/site-packages/airflow/example_dags/example_subdag_operator.py took 0.187 seconds
[2023-01-20T23:59:56.860+0000] {processor.py:156} INFO - Started process (PID=337) to work on /home/airflow/.local/lib/python3.7/site-packages/airflow/example_dags/example_subdag_operator.py
[2023-01-20T23:59:56.862+0000] {processor.py:758} INFO - Processing file /home/airflow/.local/lib/python3.7/site-packages/airflow/example_dags/example_subdag_operator.py for tasks to queue
[2023-01-20T23:59:56.863+0000] {logging_mixin.py:117} INFO - [2023-01-20T23:59:56.863+0000] {dagbag.py:525} INFO - Filling up the DagBag from /home/airflow/.local/lib/python3.7/site-packages/airflow/example_dags/example_subdag_operator.py
[2023-01-20T23:59:56.885+0000] {processor.py:768} INFO - DAG(s) dict_keys(['example_subdag_operator.section-1', 'example_subdag_operator.section-2', 'example_subdag_operator']) retrieved from /home/airflow/.local/lib/python3.7/site-packages/airflow/example_dags/example_subdag_operator.py
[2023-01-20T23:59:56.971+0000] {logging_mixin.py:117} INFO - [2023-01-20T23:59:56.971+0000] {dag.py:2573} INFO - Sync 3 DAGs
[2023-01-20T23:59:56.985+0000] {logging_mixin.py:117} INFO - [2023-01-20T23:59:56.984+0000] {dag.py:3328} INFO - Setting next_dagrun for example_subdag_operator to 2022-01-01T00:00:00+00:00, run_after=2022-01-01T00:00:00+00:00
[2023-01-20T23:59:56.987+0000] {logging_mixin.py:117} INFO - [2023-01-20T23:59:56.987+0000] {dag.py:3328} INFO - Setting next_dagrun for example_subdag_operator.section-1 to None, run_after=None
[2023-01-20T23:59:56.988+0000] {logging_mixin.py:117} INFO - [2023-01-20T23:59:56.988+0000] {dag.py:3328} INFO - Setting next_dagrun for example_subdag_operator.section-2 to None, run_after=None
[2023-01-20T23:59:56.992+0000] {logging_mixin.py:117} INFO - [2023-01-20T23:59:56.992+0000] {dag.py:2573} INFO - Sync 2 DAGs
[2023-01-20T23:59:56.995+0000] {logging_mixin.py:117} INFO - [2023-01-20T23:59:56.995+0000] {dag.py:3328} INFO - Setting next_dagrun for example_subdag_operator.section-1 to None, run_after=None
[2023-01-20T23:59:56.996+0000] {logging_mixin.py:117} INFO - [2023-01-20T23:59:56.996+0000] {dag.py:3328} INFO - Setting next_dagrun for example_subdag_operator.section-2 to None, run_after=None
[2023-01-20T23:59:57.002+0000] {processor.py:178} INFO - Processing /home/airflow/.local/lib/python3.7/site-packages/airflow/example_dags/example_subdag_operator.py took 0.144 seconds
