[2023-01-20T23:40:08.577+0000] {processor.py:156} INFO - Started process (PID=67) to work on /home/airflow/.local/lib/python3.7/site-packages/airflow/example_dags/example_latest_only.py
[2023-01-20T23:40:08.579+0000] {processor.py:758} INFO - Processing file /home/airflow/.local/lib/python3.7/site-packages/airflow/example_dags/example_latest_only.py for tasks to queue
[2023-01-20T23:40:08.580+0000] {logging_mixin.py:117} INFO - [2023-01-20T23:40:08.580+0000] {dagbag.py:525} INFO - Filling up the DagBag from /home/airflow/.local/lib/python3.7/site-packages/airflow/example_dags/example_latest_only.py
[2023-01-20T23:40:08.617+0000] {processor.py:768} INFO - DAG(s) dict_keys(['latest_only']) retrieved from /home/airflow/.local/lib/python3.7/site-packages/airflow/example_dags/example_latest_only.py
[2023-01-20T23:40:08.884+0000] {logging_mixin.py:117} INFO - [2023-01-20T23:40:08.884+0000] {dag.py:2573} INFO - Sync 1 DAGs
[2023-01-20T23:40:08.908+0000] {logging_mixin.py:117} INFO - [2023-01-20T23:40:08.907+0000] {dag.py:3328} INFO - Setting next_dagrun for latest_only to 2023-01-20T19:40:08.907394+00:00, run_after=2023-01-20T23:40:08.907394+00:00
[2023-01-20T23:40:08.926+0000] {processor.py:178} INFO - Processing /home/airflow/.local/lib/python3.7/site-packages/airflow/example_dags/example_latest_only.py took 0.354 seconds
[2023-01-20T23:40:39.162+0000] {processor.py:156} INFO - Started process (PID=131) to work on /home/airflow/.local/lib/python3.7/site-packages/airflow/example_dags/example_latest_only.py
[2023-01-20T23:40:39.164+0000] {processor.py:758} INFO - Processing file /home/airflow/.local/lib/python3.7/site-packages/airflow/example_dags/example_latest_only.py for tasks to queue
[2023-01-20T23:40:39.165+0000] {logging_mixin.py:117} INFO - [2023-01-20T23:40:39.165+0000] {dagbag.py:525} INFO - Filling up the DagBag from /home/airflow/.local/lib/python3.7/site-packages/airflow/example_dags/example_latest_only.py
[2023-01-20T23:40:39.176+0000] {processor.py:768} INFO - DAG(s) dict_keys(['latest_only']) retrieved from /home/airflow/.local/lib/python3.7/site-packages/airflow/example_dags/example_latest_only.py
[2023-01-20T23:40:39.428+0000] {logging_mixin.py:117} INFO - [2023-01-20T23:40:39.427+0000] {dag.py:2573} INFO - Sync 1 DAGs
[2023-01-20T23:40:39.457+0000] {logging_mixin.py:117} INFO - [2023-01-20T23:40:39.457+0000] {dag.py:3328} INFO - Setting next_dagrun for latest_only to 2023-01-20T19:40:39.457116+00:00, run_after=2023-01-20T23:40:39.457116+00:00
[2023-01-20T23:40:39.475+0000] {processor.py:178} INFO - Processing /home/airflow/.local/lib/python3.7/site-packages/airflow/example_dags/example_latest_only.py took 0.315 seconds
[2023-01-20T23:41:09.827+0000] {processor.py:156} INFO - Started process (PID=186) to work on /home/airflow/.local/lib/python3.7/site-packages/airflow/example_dags/example_latest_only.py
[2023-01-20T23:41:09.828+0000] {processor.py:758} INFO - Processing file /home/airflow/.local/lib/python3.7/site-packages/airflow/example_dags/example_latest_only.py for tasks to queue
[2023-01-20T23:41:09.829+0000] {logging_mixin.py:117} INFO - [2023-01-20T23:41:09.829+0000] {dagbag.py:525} INFO - Filling up the DagBag from /home/airflow/.local/lib/python3.7/site-packages/airflow/example_dags/example_latest_only.py
[2023-01-20T23:41:09.942+0000] {processor.py:768} INFO - DAG(s) dict_keys(['latest_only']) retrieved from /home/airflow/.local/lib/python3.7/site-packages/airflow/example_dags/example_latest_only.py
[2023-01-20T23:41:09.962+0000] {logging_mixin.py:117} INFO - [2023-01-20T23:41:09.962+0000] {dag.py:2573} INFO - Sync 1 DAGs
[2023-01-20T23:41:09.975+0000] {logging_mixin.py:117} INFO - [2023-01-20T23:41:09.975+0000] {dag.py:3328} INFO - Setting next_dagrun for latest_only to 2023-01-20T19:41:09.975663+00:00, run_after=2023-01-20T23:41:09.975663+00:00
[2023-01-20T23:41:09.985+0000] {processor.py:178} INFO - Processing /home/airflow/.local/lib/python3.7/site-packages/airflow/example_dags/example_latest_only.py took 0.161 seconds
[2023-01-20T23:41:40.395+0000] {processor.py:156} INFO - Started process (PID=249) to work on /home/airflow/.local/lib/python3.7/site-packages/airflow/example_dags/example_latest_only.py
[2023-01-20T23:41:40.396+0000] {processor.py:758} INFO - Processing file /home/airflow/.local/lib/python3.7/site-packages/airflow/example_dags/example_latest_only.py for tasks to queue
[2023-01-20T23:41:40.397+0000] {logging_mixin.py:117} INFO - [2023-01-20T23:41:40.397+0000] {dagbag.py:525} INFO - Filling up the DagBag from /home/airflow/.local/lib/python3.7/site-packages/airflow/example_dags/example_latest_only.py
[2023-01-20T23:41:40.408+0000] {processor.py:768} INFO - DAG(s) dict_keys(['latest_only']) retrieved from /home/airflow/.local/lib/python3.7/site-packages/airflow/example_dags/example_latest_only.py
[2023-01-20T23:41:40.438+0000] {logging_mixin.py:117} INFO - [2023-01-20T23:41:40.438+0000] {dag.py:2573} INFO - Sync 1 DAGs
[2023-01-20T23:41:40.459+0000] {logging_mixin.py:117} INFO - [2023-01-20T23:41:40.459+0000] {dag.py:3328} INFO - Setting next_dagrun for latest_only to 2023-01-20T19:41:40.459589+00:00, run_after=2023-01-20T23:41:40.459589+00:00
[2023-01-20T23:41:40.478+0000] {processor.py:178} INFO - Processing /home/airflow/.local/lib/python3.7/site-packages/airflow/example_dags/example_latest_only.py took 0.086 seconds
[2023-01-20T23:42:10.816+0000] {processor.py:156} INFO - Started process (PID=312) to work on /home/airflow/.local/lib/python3.7/site-packages/airflow/example_dags/example_latest_only.py
[2023-01-20T23:42:10.817+0000] {processor.py:758} INFO - Processing file /home/airflow/.local/lib/python3.7/site-packages/airflow/example_dags/example_latest_only.py for tasks to queue
[2023-01-20T23:42:10.818+0000] {logging_mixin.py:117} INFO - [2023-01-20T23:42:10.818+0000] {dagbag.py:525} INFO - Filling up the DagBag from /home/airflow/.local/lib/python3.7/site-packages/airflow/example_dags/example_latest_only.py
[2023-01-20T23:42:10.828+0000] {processor.py:768} INFO - DAG(s) dict_keys(['latest_only']) retrieved from /home/airflow/.local/lib/python3.7/site-packages/airflow/example_dags/example_latest_only.py
[2023-01-20T23:42:10.854+0000] {logging_mixin.py:117} INFO - [2023-01-20T23:42:10.854+0000] {dag.py:2573} INFO - Sync 1 DAGs
[2023-01-20T23:42:10.869+0000] {logging_mixin.py:117} INFO - [2023-01-20T23:42:10.869+0000] {dag.py:3328} INFO - Setting next_dagrun for latest_only to 2023-01-20T19:42:10.869697+00:00, run_after=2023-01-20T23:42:10.869697+00:00
[2023-01-20T23:42:10.881+0000] {processor.py:178} INFO - Processing /home/airflow/.local/lib/python3.7/site-packages/airflow/example_dags/example_latest_only.py took 0.067 seconds
[2023-01-20T23:42:41.583+0000] {processor.py:156} INFO - Started process (PID=375) to work on /home/airflow/.local/lib/python3.7/site-packages/airflow/example_dags/example_latest_only.py
[2023-01-20T23:42:41.584+0000] {processor.py:758} INFO - Processing file /home/airflow/.local/lib/python3.7/site-packages/airflow/example_dags/example_latest_only.py for tasks to queue
[2023-01-20T23:42:41.585+0000] {logging_mixin.py:117} INFO - [2023-01-20T23:42:41.585+0000] {dagbag.py:525} INFO - Filling up the DagBag from /home/airflow/.local/lib/python3.7/site-packages/airflow/example_dags/example_latest_only.py
[2023-01-20T23:42:41.594+0000] {processor.py:768} INFO - DAG(s) dict_keys(['latest_only']) retrieved from /home/airflow/.local/lib/python3.7/site-packages/airflow/example_dags/example_latest_only.py
[2023-01-20T23:42:41.622+0000] {logging_mixin.py:117} INFO - [2023-01-20T23:42:41.622+0000] {dag.py:2573} INFO - Sync 1 DAGs
[2023-01-20T23:42:41.637+0000] {logging_mixin.py:117} INFO - [2023-01-20T23:42:41.637+0000] {dag.py:3328} INFO - Setting next_dagrun for latest_only to 2023-01-20T19:42:41.637062+00:00, run_after=2023-01-20T23:42:41.637062+00:00
[2023-01-20T23:42:41.649+0000] {processor.py:178} INFO - Processing /home/airflow/.local/lib/python3.7/site-packages/airflow/example_dags/example_latest_only.py took 0.069 seconds
[2023-01-20T23:43:12.020+0000] {processor.py:156} INFO - Started process (PID=439) to work on /home/airflow/.local/lib/python3.7/site-packages/airflow/example_dags/example_latest_only.py
[2023-01-20T23:43:12.022+0000] {processor.py:758} INFO - Processing file /home/airflow/.local/lib/python3.7/site-packages/airflow/example_dags/example_latest_only.py for tasks to queue
[2023-01-20T23:43:12.024+0000] {logging_mixin.py:117} INFO - [2023-01-20T23:43:12.024+0000] {dagbag.py:525} INFO - Filling up the DagBag from /home/airflow/.local/lib/python3.7/site-packages/airflow/example_dags/example_latest_only.py
[2023-01-20T23:43:12.076+0000] {processor.py:768} INFO - DAG(s) dict_keys(['latest_only']) retrieved from /home/airflow/.local/lib/python3.7/site-packages/airflow/example_dags/example_latest_only.py
[2023-01-20T23:43:12.197+0000] {logging_mixin.py:117} INFO - [2023-01-20T23:43:12.197+0000] {dag.py:2573} INFO - Sync 1 DAGs
[2023-01-20T23:43:12.238+0000] {logging_mixin.py:117} INFO - [2023-01-20T23:43:12.237+0000] {dag.py:3328} INFO - Setting next_dagrun for latest_only to 2023-01-20T19:43:12.237526+00:00, run_after=2023-01-20T23:43:12.237526+00:00
[2023-01-20T23:43:12.319+0000] {processor.py:178} INFO - Processing /home/airflow/.local/lib/python3.7/site-packages/airflow/example_dags/example_latest_only.py took 0.303 seconds
[2023-01-20T23:43:43.243+0000] {processor.py:156} INFO - Started process (PID=502) to work on /home/airflow/.local/lib/python3.7/site-packages/airflow/example_dags/example_latest_only.py
[2023-01-20T23:43:43.244+0000] {processor.py:758} INFO - Processing file /home/airflow/.local/lib/python3.7/site-packages/airflow/example_dags/example_latest_only.py for tasks to queue
[2023-01-20T23:43:43.246+0000] {logging_mixin.py:117} INFO - [2023-01-20T23:43:43.245+0000] {dagbag.py:525} INFO - Filling up the DagBag from /home/airflow/.local/lib/python3.7/site-packages/airflow/example_dags/example_latest_only.py
[2023-01-20T23:43:43.260+0000] {processor.py:768} INFO - DAG(s) dict_keys(['latest_only']) retrieved from /home/airflow/.local/lib/python3.7/site-packages/airflow/example_dags/example_latest_only.py
[2023-01-20T23:43:43.291+0000] {logging_mixin.py:117} INFO - [2023-01-20T23:43:43.291+0000] {dag.py:2573} INFO - Sync 1 DAGs
[2023-01-20T23:43:43.305+0000] {logging_mixin.py:117} INFO - [2023-01-20T23:43:43.305+0000] {dag.py:3328} INFO - Setting next_dagrun for latest_only to 2023-01-20T19:43:43.305698+00:00, run_after=2023-01-20T23:43:43.305698+00:00
[2023-01-20T23:43:43.316+0000] {processor.py:178} INFO - Processing /home/airflow/.local/lib/python3.7/site-packages/airflow/example_dags/example_latest_only.py took 0.078 seconds
[2023-01-20T23:44:13.686+0000] {processor.py:156} INFO - Started process (PID=556) to work on /home/airflow/.local/lib/python3.7/site-packages/airflow/example_dags/example_latest_only.py
[2023-01-20T23:44:13.688+0000] {processor.py:758} INFO - Processing file /home/airflow/.local/lib/python3.7/site-packages/airflow/example_dags/example_latest_only.py for tasks to queue
[2023-01-20T23:44:13.689+0000] {logging_mixin.py:117} INFO - [2023-01-20T23:44:13.689+0000] {dagbag.py:525} INFO - Filling up the DagBag from /home/airflow/.local/lib/python3.7/site-packages/airflow/example_dags/example_latest_only.py
[2023-01-20T23:44:13.700+0000] {processor.py:768} INFO - DAG(s) dict_keys(['latest_only']) retrieved from /home/airflow/.local/lib/python3.7/site-packages/airflow/example_dags/example_latest_only.py
[2023-01-20T23:44:13.729+0000] {logging_mixin.py:117} INFO - [2023-01-20T23:44:13.729+0000] {dag.py:2573} INFO - Sync 1 DAGs
[2023-01-20T23:44:13.745+0000] {logging_mixin.py:117} INFO - [2023-01-20T23:44:13.745+0000] {dag.py:3328} INFO - Setting next_dagrun for latest_only to 2023-01-20T19:44:13.744991+00:00, run_after=2023-01-20T23:44:13.744991+00:00
[2023-01-20T23:44:13.757+0000] {processor.py:178} INFO - Processing /home/airflow/.local/lib/python3.7/site-packages/airflow/example_dags/example_latest_only.py took 0.075 seconds
[2023-01-20T23:44:44.036+0000] {processor.py:156} INFO - Started process (PID=619) to work on /home/airflow/.local/lib/python3.7/site-packages/airflow/example_dags/example_latest_only.py
[2023-01-20T23:44:44.038+0000] {processor.py:758} INFO - Processing file /home/airflow/.local/lib/python3.7/site-packages/airflow/example_dags/example_latest_only.py for tasks to queue
[2023-01-20T23:44:44.040+0000] {logging_mixin.py:117} INFO - [2023-01-20T23:44:44.039+0000] {dagbag.py:525} INFO - Filling up the DagBag from /home/airflow/.local/lib/python3.7/site-packages/airflow/example_dags/example_latest_only.py
[2023-01-20T23:44:44.054+0000] {processor.py:768} INFO - DAG(s) dict_keys(['latest_only']) retrieved from /home/airflow/.local/lib/python3.7/site-packages/airflow/example_dags/example_latest_only.py
[2023-01-20T23:44:44.089+0000] {logging_mixin.py:117} INFO - [2023-01-20T23:44:44.089+0000] {dag.py:2573} INFO - Sync 1 DAGs
[2023-01-20T23:44:44.104+0000] {logging_mixin.py:117} INFO - [2023-01-20T23:44:44.104+0000] {dag.py:3328} INFO - Setting next_dagrun for latest_only to 2023-01-20T19:44:44.104266+00:00, run_after=2023-01-20T23:44:44.104266+00:00
[2023-01-20T23:44:44.115+0000] {processor.py:178} INFO - Processing /home/airflow/.local/lib/python3.7/site-packages/airflow/example_dags/example_latest_only.py took 0.083 seconds
[2023-01-20T23:45:14.434+0000] {processor.py:156} INFO - Started process (PID=682) to work on /home/airflow/.local/lib/python3.7/site-packages/airflow/example_dags/example_latest_only.py
[2023-01-20T23:45:14.435+0000] {processor.py:758} INFO - Processing file /home/airflow/.local/lib/python3.7/site-packages/airflow/example_dags/example_latest_only.py for tasks to queue
[2023-01-20T23:45:14.436+0000] {logging_mixin.py:117} INFO - [2023-01-20T23:45:14.436+0000] {dagbag.py:525} INFO - Filling up the DagBag from /home/airflow/.local/lib/python3.7/site-packages/airflow/example_dags/example_latest_only.py
[2023-01-20T23:45:14.451+0000] {processor.py:768} INFO - DAG(s) dict_keys(['latest_only']) retrieved from /home/airflow/.local/lib/python3.7/site-packages/airflow/example_dags/example_latest_only.py
[2023-01-20T23:45:14.480+0000] {logging_mixin.py:117} INFO - [2023-01-20T23:45:14.480+0000] {dag.py:2573} INFO - Sync 1 DAGs
[2023-01-20T23:45:14.495+0000] {logging_mixin.py:117} INFO - [2023-01-20T23:45:14.495+0000] {dag.py:3328} INFO - Setting next_dagrun for latest_only to 2023-01-20T19:45:14.495492+00:00, run_after=2023-01-20T23:45:14.495492+00:00
[2023-01-20T23:45:14.506+0000] {processor.py:178} INFO - Processing /home/airflow/.local/lib/python3.7/site-packages/airflow/example_dags/example_latest_only.py took 0.077 seconds
[2023-01-20T23:45:44.692+0000] {processor.py:156} INFO - Started process (PID=745) to work on /home/airflow/.local/lib/python3.7/site-packages/airflow/example_dags/example_latest_only.py
[2023-01-20T23:45:44.693+0000] {processor.py:758} INFO - Processing file /home/airflow/.local/lib/python3.7/site-packages/airflow/example_dags/example_latest_only.py for tasks to queue
[2023-01-20T23:45:44.695+0000] {logging_mixin.py:117} INFO - [2023-01-20T23:45:44.694+0000] {dagbag.py:525} INFO - Filling up the DagBag from /home/airflow/.local/lib/python3.7/site-packages/airflow/example_dags/example_latest_only.py
[2023-01-20T23:45:44.709+0000] {processor.py:768} INFO - DAG(s) dict_keys(['latest_only']) retrieved from /home/airflow/.local/lib/python3.7/site-packages/airflow/example_dags/example_latest_only.py
[2023-01-20T23:45:44.738+0000] {logging_mixin.py:117} INFO - [2023-01-20T23:45:44.738+0000] {dag.py:2573} INFO - Sync 1 DAGs
[2023-01-20T23:45:44.754+0000] {logging_mixin.py:117} INFO - [2023-01-20T23:45:44.753+0000] {dag.py:3328} INFO - Setting next_dagrun for latest_only to 2023-01-20T19:45:44.753798+00:00, run_after=2023-01-20T23:45:44.753798+00:00
[2023-01-20T23:45:44.764+0000] {processor.py:178} INFO - Processing /home/airflow/.local/lib/python3.7/site-packages/airflow/example_dags/example_latest_only.py took 0.076 seconds
[2023-01-20T23:46:15.078+0000] {processor.py:156} INFO - Started process (PID=808) to work on /home/airflow/.local/lib/python3.7/site-packages/airflow/example_dags/example_latest_only.py
[2023-01-20T23:46:15.080+0000] {processor.py:758} INFO - Processing file /home/airflow/.local/lib/python3.7/site-packages/airflow/example_dags/example_latest_only.py for tasks to queue
[2023-01-20T23:46:15.082+0000] {logging_mixin.py:117} INFO - [2023-01-20T23:46:15.081+0000] {dagbag.py:525} INFO - Filling up the DagBag from /home/airflow/.local/lib/python3.7/site-packages/airflow/example_dags/example_latest_only.py
[2023-01-20T23:46:15.096+0000] {processor.py:768} INFO - DAG(s) dict_keys(['latest_only']) retrieved from /home/airflow/.local/lib/python3.7/site-packages/airflow/example_dags/example_latest_only.py
[2023-01-20T23:46:15.126+0000] {logging_mixin.py:117} INFO - [2023-01-20T23:46:15.126+0000] {dag.py:2573} INFO - Sync 1 DAGs
[2023-01-20T23:46:15.141+0000] {logging_mixin.py:117} INFO - [2023-01-20T23:46:15.141+0000] {dag.py:3328} INFO - Setting next_dagrun for latest_only to 2023-01-20T19:46:15.141236+00:00, run_after=2023-01-20T23:46:15.141236+00:00
[2023-01-20T23:46:15.152+0000] {processor.py:178} INFO - Processing /home/airflow/.local/lib/python3.7/site-packages/airflow/example_dags/example_latest_only.py took 0.079 seconds
[2023-01-20T23:46:45.502+0000] {processor.py:156} INFO - Started process (PID=871) to work on /home/airflow/.local/lib/python3.7/site-packages/airflow/example_dags/example_latest_only.py
[2023-01-20T23:46:45.504+0000] {processor.py:758} INFO - Processing file /home/airflow/.local/lib/python3.7/site-packages/airflow/example_dags/example_latest_only.py for tasks to queue
[2023-01-20T23:46:45.505+0000] {logging_mixin.py:117} INFO - [2023-01-20T23:46:45.505+0000] {dagbag.py:525} INFO - Filling up the DagBag from /home/airflow/.local/lib/python3.7/site-packages/airflow/example_dags/example_latest_only.py
[2023-01-20T23:46:45.519+0000] {processor.py:768} INFO - DAG(s) dict_keys(['latest_only']) retrieved from /home/airflow/.local/lib/python3.7/site-packages/airflow/example_dags/example_latest_only.py
[2023-01-20T23:46:45.557+0000] {logging_mixin.py:117} INFO - [2023-01-20T23:46:45.557+0000] {dag.py:2573} INFO - Sync 1 DAGs
[2023-01-20T23:46:45.581+0000] {logging_mixin.py:117} INFO - [2023-01-20T23:46:45.581+0000] {dag.py:3328} INFO - Setting next_dagrun for latest_only to 2023-01-20T19:46:45.581358+00:00, run_after=2023-01-20T23:46:45.581358+00:00
[2023-01-20T23:46:45.608+0000] {processor.py:178} INFO - Processing /home/airflow/.local/lib/python3.7/site-packages/airflow/example_dags/example_latest_only.py took 0.110 seconds
[2023-01-20T23:47:16.064+0000] {processor.py:156} INFO - Started process (PID=925) to work on /home/airflow/.local/lib/python3.7/site-packages/airflow/example_dags/example_latest_only.py
[2023-01-20T23:47:16.066+0000] {processor.py:758} INFO - Processing file /home/airflow/.local/lib/python3.7/site-packages/airflow/example_dags/example_latest_only.py for tasks to queue
[2023-01-20T23:47:16.067+0000] {logging_mixin.py:117} INFO - [2023-01-20T23:47:16.067+0000] {dagbag.py:525} INFO - Filling up the DagBag from /home/airflow/.local/lib/python3.7/site-packages/airflow/example_dags/example_latest_only.py
[2023-01-20T23:47:16.086+0000] {processor.py:768} INFO - DAG(s) dict_keys(['latest_only']) retrieved from /home/airflow/.local/lib/python3.7/site-packages/airflow/example_dags/example_latest_only.py
[2023-01-20T23:47:16.120+0000] {logging_mixin.py:117} INFO - [2023-01-20T23:47:16.120+0000] {dag.py:2573} INFO - Sync 1 DAGs
[2023-01-20T23:47:16.136+0000] {logging_mixin.py:117} INFO - [2023-01-20T23:47:16.136+0000] {dag.py:3328} INFO - Setting next_dagrun for latest_only to 2023-01-20T19:47:16.136510+00:00, run_after=2023-01-20T23:47:16.136510+00:00
[2023-01-20T23:47:16.148+0000] {processor.py:178} INFO - Processing /home/airflow/.local/lib/python3.7/site-packages/airflow/example_dags/example_latest_only.py took 0.088 seconds
[2023-01-20T23:47:46.586+0000] {processor.py:156} INFO - Started process (PID=988) to work on /home/airflow/.local/lib/python3.7/site-packages/airflow/example_dags/example_latest_only.py
[2023-01-20T23:47:46.588+0000] {processor.py:758} INFO - Processing file /home/airflow/.local/lib/python3.7/site-packages/airflow/example_dags/example_latest_only.py for tasks to queue
[2023-01-20T23:47:46.589+0000] {logging_mixin.py:117} INFO - [2023-01-20T23:47:46.589+0000] {dagbag.py:525} INFO - Filling up the DagBag from /home/airflow/.local/lib/python3.7/site-packages/airflow/example_dags/example_latest_only.py
[2023-01-20T23:47:46.605+0000] {processor.py:768} INFO - DAG(s) dict_keys(['latest_only']) retrieved from /home/airflow/.local/lib/python3.7/site-packages/airflow/example_dags/example_latest_only.py
[2023-01-20T23:47:46.637+0000] {logging_mixin.py:117} INFO - [2023-01-20T23:47:46.637+0000] {dag.py:2573} INFO - Sync 1 DAGs
[2023-01-20T23:47:46.652+0000] {logging_mixin.py:117} INFO - [2023-01-20T23:47:46.652+0000] {dag.py:3328} INFO - Setting next_dagrun for latest_only to 2023-01-20T19:47:46.652642+00:00, run_after=2023-01-20T23:47:46.652642+00:00
[2023-01-20T23:47:46.664+0000] {processor.py:178} INFO - Processing /home/airflow/.local/lib/python3.7/site-packages/airflow/example_dags/example_latest_only.py took 0.082 seconds
[2023-01-20T23:48:17.016+0000] {processor.py:156} INFO - Started process (PID=1050) to work on /home/airflow/.local/lib/python3.7/site-packages/airflow/example_dags/example_latest_only.py
[2023-01-20T23:48:17.018+0000] {processor.py:758} INFO - Processing file /home/airflow/.local/lib/python3.7/site-packages/airflow/example_dags/example_latest_only.py for tasks to queue
[2023-01-20T23:48:17.019+0000] {logging_mixin.py:117} INFO - [2023-01-20T23:48:17.019+0000] {dagbag.py:525} INFO - Filling up the DagBag from /home/airflow/.local/lib/python3.7/site-packages/airflow/example_dags/example_latest_only.py
[2023-01-20T23:48:17.033+0000] {processor.py:768} INFO - DAG(s) dict_keys(['latest_only']) retrieved from /home/airflow/.local/lib/python3.7/site-packages/airflow/example_dags/example_latest_only.py
[2023-01-20T23:48:17.063+0000] {logging_mixin.py:117} INFO - [2023-01-20T23:48:17.063+0000] {dag.py:2573} INFO - Sync 1 DAGs
[2023-01-20T23:48:17.077+0000] {logging_mixin.py:117} INFO - [2023-01-20T23:48:17.077+0000] {dag.py:3328} INFO - Setting next_dagrun for latest_only to 2023-01-20T19:48:17.077382+00:00, run_after=2023-01-20T23:48:17.077382+00:00
[2023-01-20T23:48:17.088+0000] {processor.py:178} INFO - Processing /home/airflow/.local/lib/python3.7/site-packages/airflow/example_dags/example_latest_only.py took 0.075 seconds
[2023-01-20T23:48:47.397+0000] {processor.py:156} INFO - Started process (PID=1113) to work on /home/airflow/.local/lib/python3.7/site-packages/airflow/example_dags/example_latest_only.py
[2023-01-20T23:48:47.399+0000] {processor.py:758} INFO - Processing file /home/airflow/.local/lib/python3.7/site-packages/airflow/example_dags/example_latest_only.py for tasks to queue
[2023-01-20T23:48:47.400+0000] {logging_mixin.py:117} INFO - [2023-01-20T23:48:47.400+0000] {dagbag.py:525} INFO - Filling up the DagBag from /home/airflow/.local/lib/python3.7/site-packages/airflow/example_dags/example_latest_only.py
[2023-01-20T23:48:47.411+0000] {processor.py:768} INFO - DAG(s) dict_keys(['latest_only']) retrieved from /home/airflow/.local/lib/python3.7/site-packages/airflow/example_dags/example_latest_only.py
[2023-01-20T23:48:47.442+0000] {logging_mixin.py:117} INFO - [2023-01-20T23:48:47.441+0000] {dag.py:2573} INFO - Sync 1 DAGs
[2023-01-20T23:48:47.458+0000] {logging_mixin.py:117} INFO - [2023-01-20T23:48:47.458+0000] {dag.py:3328} INFO - Setting next_dagrun for latest_only to 2023-01-20T19:48:47.458050+00:00, run_after=2023-01-20T23:48:47.458050+00:00
[2023-01-20T23:48:47.471+0000] {processor.py:178} INFO - Processing /home/airflow/.local/lib/python3.7/site-packages/airflow/example_dags/example_latest_only.py took 0.077 seconds
[2023-01-20T23:49:17.741+0000] {processor.py:156} INFO - Started process (PID=1176) to work on /home/airflow/.local/lib/python3.7/site-packages/airflow/example_dags/example_latest_only.py
[2023-01-20T23:49:17.742+0000] {processor.py:758} INFO - Processing file /home/airflow/.local/lib/python3.7/site-packages/airflow/example_dags/example_latest_only.py for tasks to queue
[2023-01-20T23:49:17.744+0000] {logging_mixin.py:117} INFO - [2023-01-20T23:49:17.744+0000] {dagbag.py:525} INFO - Filling up the DagBag from /home/airflow/.local/lib/python3.7/site-packages/airflow/example_dags/example_latest_only.py
[2023-01-20T23:49:17.759+0000] {processor.py:768} INFO - DAG(s) dict_keys(['latest_only']) retrieved from /home/airflow/.local/lib/python3.7/site-packages/airflow/example_dags/example_latest_only.py
[2023-01-20T23:49:17.791+0000] {logging_mixin.py:117} INFO - [2023-01-20T23:49:17.790+0000] {dag.py:2573} INFO - Sync 1 DAGs
[2023-01-20T23:49:17.807+0000] {logging_mixin.py:117} INFO - [2023-01-20T23:49:17.806+0000] {dag.py:3328} INFO - Setting next_dagrun for latest_only to 2023-01-20T19:49:17.806825+00:00, run_after=2023-01-20T23:49:17.806825+00:00
[2023-01-20T23:49:17.818+0000] {processor.py:178} INFO - Processing /home/airflow/.local/lib/python3.7/site-packages/airflow/example_dags/example_latest_only.py took 0.082 seconds
[2023-01-20T23:49:48.098+0000] {processor.py:156} INFO - Started process (PID=1239) to work on /home/airflow/.local/lib/python3.7/site-packages/airflow/example_dags/example_latest_only.py
[2023-01-20T23:49:48.100+0000] {processor.py:758} INFO - Processing file /home/airflow/.local/lib/python3.7/site-packages/airflow/example_dags/example_latest_only.py for tasks to queue
[2023-01-20T23:49:48.101+0000] {logging_mixin.py:117} INFO - [2023-01-20T23:49:48.101+0000] {dagbag.py:525} INFO - Filling up the DagBag from /home/airflow/.local/lib/python3.7/site-packages/airflow/example_dags/example_latest_only.py
[2023-01-20T23:49:48.116+0000] {processor.py:768} INFO - DAG(s) dict_keys(['latest_only']) retrieved from /home/airflow/.local/lib/python3.7/site-packages/airflow/example_dags/example_latest_only.py
[2023-01-20T23:49:48.145+0000] {logging_mixin.py:117} INFO - [2023-01-20T23:49:48.145+0000] {dag.py:2573} INFO - Sync 1 DAGs
[2023-01-20T23:49:48.160+0000] {logging_mixin.py:117} INFO - [2023-01-20T23:49:48.160+0000] {dag.py:3328} INFO - Setting next_dagrun for latest_only to 2023-01-20T19:49:48.159868+00:00, run_after=2023-01-20T23:49:48.159868+00:00
[2023-01-20T23:49:48.170+0000] {processor.py:178} INFO - Processing /home/airflow/.local/lib/python3.7/site-packages/airflow/example_dags/example_latest_only.py took 0.077 seconds
[2023-01-20T23:50:18.450+0000] {processor.py:156} INFO - Started process (PID=1293) to work on /home/airflow/.local/lib/python3.7/site-packages/airflow/example_dags/example_latest_only.py
[2023-01-20T23:50:18.452+0000] {processor.py:758} INFO - Processing file /home/airflow/.local/lib/python3.7/site-packages/airflow/example_dags/example_latest_only.py for tasks to queue
[2023-01-20T23:50:18.453+0000] {logging_mixin.py:117} INFO - [2023-01-20T23:50:18.453+0000] {dagbag.py:525} INFO - Filling up the DagBag from /home/airflow/.local/lib/python3.7/site-packages/airflow/example_dags/example_latest_only.py
[2023-01-20T23:50:18.468+0000] {processor.py:768} INFO - DAG(s) dict_keys(['latest_only']) retrieved from /home/airflow/.local/lib/python3.7/site-packages/airflow/example_dags/example_latest_only.py
[2023-01-20T23:50:18.499+0000] {logging_mixin.py:117} INFO - [2023-01-20T23:50:18.498+0000] {dag.py:2573} INFO - Sync 1 DAGs
[2023-01-20T23:50:18.513+0000] {logging_mixin.py:117} INFO - [2023-01-20T23:50:18.513+0000] {dag.py:3328} INFO - Setting next_dagrun for latest_only to 2023-01-20T19:50:18.513443+00:00, run_after=2023-01-20T23:50:18.513443+00:00
[2023-01-20T23:50:18.524+0000] {processor.py:178} INFO - Processing /home/airflow/.local/lib/python3.7/site-packages/airflow/example_dags/example_latest_only.py took 0.079 seconds
[2023-01-20T23:50:48.742+0000] {processor.py:156} INFO - Started process (PID=1356) to work on /home/airflow/.local/lib/python3.7/site-packages/airflow/example_dags/example_latest_only.py
[2023-01-20T23:50:48.744+0000] {processor.py:758} INFO - Processing file /home/airflow/.local/lib/python3.7/site-packages/airflow/example_dags/example_latest_only.py for tasks to queue
[2023-01-20T23:50:48.745+0000] {logging_mixin.py:117} INFO - [2023-01-20T23:50:48.745+0000] {dagbag.py:525} INFO - Filling up the DagBag from /home/airflow/.local/lib/python3.7/site-packages/airflow/example_dags/example_latest_only.py
[2023-01-20T23:50:48.760+0000] {processor.py:768} INFO - DAG(s) dict_keys(['latest_only']) retrieved from /home/airflow/.local/lib/python3.7/site-packages/airflow/example_dags/example_latest_only.py
[2023-01-20T23:50:48.789+0000] {logging_mixin.py:117} INFO - [2023-01-20T23:50:48.789+0000] {dag.py:2573} INFO - Sync 1 DAGs
[2023-01-20T23:50:48.803+0000] {logging_mixin.py:117} INFO - [2023-01-20T23:50:48.803+0000] {dag.py:3328} INFO - Setting next_dagrun for latest_only to 2023-01-20T19:50:48.802860+00:00, run_after=2023-01-20T23:50:48.802860+00:00
[2023-01-20T23:50:48.814+0000] {processor.py:178} INFO - Processing /home/airflow/.local/lib/python3.7/site-packages/airflow/example_dags/example_latest_only.py took 0.078 seconds
[2023-01-20T23:51:19.138+0000] {processor.py:156} INFO - Started process (PID=1419) to work on /home/airflow/.local/lib/python3.7/site-packages/airflow/example_dags/example_latest_only.py
[2023-01-20T23:51:19.140+0000] {processor.py:758} INFO - Processing file /home/airflow/.local/lib/python3.7/site-packages/airflow/example_dags/example_latest_only.py for tasks to queue
[2023-01-20T23:51:19.141+0000] {logging_mixin.py:117} INFO - [2023-01-20T23:51:19.141+0000] {dagbag.py:525} INFO - Filling up the DagBag from /home/airflow/.local/lib/python3.7/site-packages/airflow/example_dags/example_latest_only.py
[2023-01-20T23:51:19.155+0000] {processor.py:768} INFO - DAG(s) dict_keys(['latest_only']) retrieved from /home/airflow/.local/lib/python3.7/site-packages/airflow/example_dags/example_latest_only.py
[2023-01-20T23:51:19.200+0000] {logging_mixin.py:117} INFO - [2023-01-20T23:51:19.200+0000] {dag.py:2573} INFO - Sync 1 DAGs
[2023-01-20T23:51:19.226+0000] {logging_mixin.py:117} INFO - [2023-01-20T23:51:19.226+0000] {dag.py:3328} INFO - Setting next_dagrun for latest_only to 2023-01-20T19:51:19.226615+00:00, run_after=2023-01-20T23:51:19.226615+00:00
[2023-01-20T23:51:19.241+0000] {processor.py:178} INFO - Processing /home/airflow/.local/lib/python3.7/site-packages/airflow/example_dags/example_latest_only.py took 0.106 seconds
[2023-01-20T23:51:49.678+0000] {processor.py:156} INFO - Started process (PID=1483) to work on /home/airflow/.local/lib/python3.7/site-packages/airflow/example_dags/example_latest_only.py
[2023-01-20T23:51:49.681+0000] {processor.py:758} INFO - Processing file /home/airflow/.local/lib/python3.7/site-packages/airflow/example_dags/example_latest_only.py for tasks to queue
[2023-01-20T23:51:49.682+0000] {logging_mixin.py:117} INFO - [2023-01-20T23:51:49.682+0000] {dagbag.py:525} INFO - Filling up the DagBag from /home/airflow/.local/lib/python3.7/site-packages/airflow/example_dags/example_latest_only.py
[2023-01-20T23:51:49.696+0000] {processor.py:768} INFO - DAG(s) dict_keys(['latest_only']) retrieved from /home/airflow/.local/lib/python3.7/site-packages/airflow/example_dags/example_latest_only.py
[2023-01-20T23:51:49.745+0000] {logging_mixin.py:117} INFO - [2023-01-20T23:51:49.745+0000] {dag.py:2573} INFO - Sync 1 DAGs
[2023-01-20T23:51:49.776+0000] {logging_mixin.py:117} INFO - [2023-01-20T23:51:49.776+0000] {dag.py:3328} INFO - Setting next_dagrun for latest_only to 2023-01-20T19:51:49.776203+00:00, run_after=2023-01-20T23:51:49.776203+00:00
[2023-01-20T23:51:49.793+0000] {processor.py:178} INFO - Processing /home/airflow/.local/lib/python3.7/site-packages/airflow/example_dags/example_latest_only.py took 0.117 seconds
[2023-01-20T23:52:20.244+0000] {processor.py:156} INFO - Started process (PID=1546) to work on /home/airflow/.local/lib/python3.7/site-packages/airflow/example_dags/example_latest_only.py
[2023-01-20T23:52:20.246+0000] {processor.py:758} INFO - Processing file /home/airflow/.local/lib/python3.7/site-packages/airflow/example_dags/example_latest_only.py for tasks to queue
[2023-01-20T23:52:20.247+0000] {logging_mixin.py:117} INFO - [2023-01-20T23:52:20.247+0000] {dagbag.py:525} INFO - Filling up the DagBag from /home/airflow/.local/lib/python3.7/site-packages/airflow/example_dags/example_latest_only.py
[2023-01-20T23:52:20.260+0000] {processor.py:768} INFO - DAG(s) dict_keys(['latest_only']) retrieved from /home/airflow/.local/lib/python3.7/site-packages/airflow/example_dags/example_latest_only.py
[2023-01-20T23:52:20.291+0000] {logging_mixin.py:117} INFO - [2023-01-20T23:52:20.291+0000] {dag.py:2573} INFO - Sync 1 DAGs
[2023-01-20T23:52:20.306+0000] {logging_mixin.py:117} INFO - [2023-01-20T23:52:20.306+0000] {dag.py:3328} INFO - Setting next_dagrun for latest_only to 2023-01-20T19:52:20.306648+00:00, run_after=2023-01-20T23:52:20.306648+00:00
[2023-01-20T23:52:20.318+0000] {processor.py:178} INFO - Processing /home/airflow/.local/lib/python3.7/site-packages/airflow/example_dags/example_latest_only.py took 0.076 seconds
[2023-01-20T23:52:50.602+0000] {processor.py:156} INFO - Started process (PID=1609) to work on /home/airflow/.local/lib/python3.7/site-packages/airflow/example_dags/example_latest_only.py
[2023-01-20T23:52:50.603+0000] {processor.py:758} INFO - Processing file /home/airflow/.local/lib/python3.7/site-packages/airflow/example_dags/example_latest_only.py for tasks to queue
[2023-01-20T23:52:50.605+0000] {logging_mixin.py:117} INFO - [2023-01-20T23:52:50.604+0000] {dagbag.py:525} INFO - Filling up the DagBag from /home/airflow/.local/lib/python3.7/site-packages/airflow/example_dags/example_latest_only.py
[2023-01-20T23:52:50.619+0000] {processor.py:768} INFO - DAG(s) dict_keys(['latest_only']) retrieved from /home/airflow/.local/lib/python3.7/site-packages/airflow/example_dags/example_latest_only.py
[2023-01-20T23:52:50.648+0000] {logging_mixin.py:117} INFO - [2023-01-20T23:52:50.648+0000] {dag.py:2573} INFO - Sync 1 DAGs
[2023-01-20T23:52:50.664+0000] {logging_mixin.py:117} INFO - [2023-01-20T23:52:50.664+0000] {dag.py:3328} INFO - Setting next_dagrun for latest_only to 2023-01-20T19:52:50.664061+00:00, run_after=2023-01-20T23:52:50.664061+00:00
[2023-01-20T23:52:50.675+0000] {processor.py:178} INFO - Processing /home/airflow/.local/lib/python3.7/site-packages/airflow/example_dags/example_latest_only.py took 0.078 seconds
[2023-01-20T23:53:21.083+0000] {processor.py:156} INFO - Started process (PID=1663) to work on /home/airflow/.local/lib/python3.7/site-packages/airflow/example_dags/example_latest_only.py
[2023-01-20T23:53:21.085+0000] {processor.py:758} INFO - Processing file /home/airflow/.local/lib/python3.7/site-packages/airflow/example_dags/example_latest_only.py for tasks to queue
[2023-01-20T23:53:21.087+0000] {logging_mixin.py:117} INFO - [2023-01-20T23:53:21.087+0000] {dagbag.py:525} INFO - Filling up the DagBag from /home/airflow/.local/lib/python3.7/site-packages/airflow/example_dags/example_latest_only.py
[2023-01-20T23:53:21.104+0000] {processor.py:768} INFO - DAG(s) dict_keys(['latest_only']) retrieved from /home/airflow/.local/lib/python3.7/site-packages/airflow/example_dags/example_latest_only.py
[2023-01-20T23:53:21.135+0000] {logging_mixin.py:117} INFO - [2023-01-20T23:53:21.135+0000] {dag.py:2573} INFO - Sync 1 DAGs
[2023-01-20T23:53:21.152+0000] {logging_mixin.py:117} INFO - [2023-01-20T23:53:21.152+0000] {dag.py:3328} INFO - Setting next_dagrun for latest_only to 2023-01-20T19:53:21.152569+00:00, run_after=2023-01-20T23:53:21.152569+00:00
[2023-01-20T23:53:21.169+0000] {processor.py:178} INFO - Processing /home/airflow/.local/lib/python3.7/site-packages/airflow/example_dags/example_latest_only.py took 0.091 seconds
[2023-01-20T23:53:51.585+0000] {processor.py:156} INFO - Started process (PID=1727) to work on /home/airflow/.local/lib/python3.7/site-packages/airflow/example_dags/example_latest_only.py
[2023-01-20T23:53:51.587+0000] {processor.py:758} INFO - Processing file /home/airflow/.local/lib/python3.7/site-packages/airflow/example_dags/example_latest_only.py for tasks to queue
[2023-01-20T23:53:51.588+0000] {logging_mixin.py:117} INFO - [2023-01-20T23:53:51.588+0000] {dagbag.py:525} INFO - Filling up the DagBag from /home/airflow/.local/lib/python3.7/site-packages/airflow/example_dags/example_latest_only.py
[2023-01-20T23:53:51.605+0000] {processor.py:768} INFO - DAG(s) dict_keys(['latest_only']) retrieved from /home/airflow/.local/lib/python3.7/site-packages/airflow/example_dags/example_latest_only.py
[2023-01-20T23:53:51.637+0000] {logging_mixin.py:117} INFO - [2023-01-20T23:53:51.637+0000] {dag.py:2573} INFO - Sync 1 DAGs
[2023-01-20T23:53:51.655+0000] {logging_mixin.py:117} INFO - [2023-01-20T23:53:51.655+0000] {dag.py:3328} INFO - Setting next_dagrun for latest_only to 2023-01-20T19:53:51.655010+00:00, run_after=2023-01-20T23:53:51.655010+00:00
[2023-01-20T23:53:51.666+0000] {processor.py:178} INFO - Processing /home/airflow/.local/lib/python3.7/site-packages/airflow/example_dags/example_latest_only.py took 0.085 seconds
[2023-01-20T23:54:21.941+0000] {processor.py:156} INFO - Started process (PID=1790) to work on /home/airflow/.local/lib/python3.7/site-packages/airflow/example_dags/example_latest_only.py
[2023-01-20T23:54:21.942+0000] {processor.py:758} INFO - Processing file /home/airflow/.local/lib/python3.7/site-packages/airflow/example_dags/example_latest_only.py for tasks to queue
[2023-01-20T23:54:21.943+0000] {logging_mixin.py:117} INFO - [2023-01-20T23:54:21.943+0000] {dagbag.py:525} INFO - Filling up the DagBag from /home/airflow/.local/lib/python3.7/site-packages/airflow/example_dags/example_latest_only.py
[2023-01-20T23:54:21.957+0000] {processor.py:768} INFO - DAG(s) dict_keys(['latest_only']) retrieved from /home/airflow/.local/lib/python3.7/site-packages/airflow/example_dags/example_latest_only.py
[2023-01-20T23:54:21.996+0000] {logging_mixin.py:117} INFO - [2023-01-20T23:54:21.996+0000] {dag.py:2573} INFO - Sync 1 DAGs
[2023-01-20T23:54:22.013+0000] {logging_mixin.py:117} INFO - [2023-01-20T23:54:22.012+0000] {dag.py:3328} INFO - Setting next_dagrun for latest_only to 2023-01-20T19:54:22.012770+00:00, run_after=2023-01-20T23:54:22.012770+00:00
[2023-01-20T23:54:22.025+0000] {processor.py:178} INFO - Processing /home/airflow/.local/lib/python3.7/site-packages/airflow/example_dags/example_latest_only.py took 0.087 seconds
[2023-01-20T23:55:01.613+0000] {processor.py:156} INFO - Started process (PID=67) to work on /home/airflow/.local/lib/python3.7/site-packages/airflow/example_dags/example_latest_only.py
[2023-01-20T23:55:01.616+0000] {processor.py:758} INFO - Processing file /home/airflow/.local/lib/python3.7/site-packages/airflow/example_dags/example_latest_only.py for tasks to queue
[2023-01-20T23:55:01.617+0000] {logging_mixin.py:117} INFO - [2023-01-20T23:55:01.617+0000] {dagbag.py:525} INFO - Filling up the DagBag from /home/airflow/.local/lib/python3.7/site-packages/airflow/example_dags/example_latest_only.py
[2023-01-20T23:55:01.654+0000] {processor.py:768} INFO - DAG(s) dict_keys(['latest_only']) retrieved from /home/airflow/.local/lib/python3.7/site-packages/airflow/example_dags/example_latest_only.py
[2023-01-20T23:55:01.921+0000] {logging_mixin.py:117} INFO - [2023-01-20T23:55:01.921+0000] {dag.py:2573} INFO - Sync 1 DAGs
[2023-01-20T23:55:01.944+0000] {logging_mixin.py:117} INFO - [2023-01-20T23:55:01.944+0000] {dag.py:3328} INFO - Setting next_dagrun for latest_only to 2023-01-20T19:55:01.943838+00:00, run_after=2023-01-20T23:55:01.943838+00:00
[2023-01-20T23:55:01.963+0000] {processor.py:178} INFO - Processing /home/airflow/.local/lib/python3.7/site-packages/airflow/example_dags/example_latest_only.py took 0.353 seconds
[2023-01-20T23:57:38.800+0000] {processor.py:156} INFO - Started process (PID=67) to work on /home/airflow/.local/lib/python3.7/site-packages/airflow/example_dags/example_latest_only.py
[2023-01-20T23:57:38.801+0000] {processor.py:758} INFO - Processing file /home/airflow/.local/lib/python3.7/site-packages/airflow/example_dags/example_latest_only.py for tasks to queue
[2023-01-20T23:57:38.802+0000] {logging_mixin.py:117} INFO - [2023-01-20T23:57:38.802+0000] {dagbag.py:525} INFO - Filling up the DagBag from /home/airflow/.local/lib/python3.7/site-packages/airflow/example_dags/example_latest_only.py
[2023-01-20T23:57:38.819+0000] {processor.py:768} INFO - DAG(s) dict_keys(['latest_only']) retrieved from /home/airflow/.local/lib/python3.7/site-packages/airflow/example_dags/example_latest_only.py
[2023-01-20T23:57:38.954+0000] {logging_mixin.py:117} INFO - [2023-01-20T23:57:38.953+0000] {dag.py:2573} INFO - Sync 1 DAGs
[2023-01-20T23:57:38.973+0000] {logging_mixin.py:117} INFO - [2023-01-20T23:57:38.973+0000] {dag.py:3328} INFO - Setting next_dagrun for latest_only to 2023-01-20T19:57:38.973307+00:00, run_after=2023-01-20T23:57:38.973307+00:00
[2023-01-20T23:57:38.986+0000] {processor.py:178} INFO - Processing /home/airflow/.local/lib/python3.7/site-packages/airflow/example_dags/example_latest_only.py took 0.189 seconds
[2023-01-20T23:58:09.941+0000] {processor.py:156} INFO - Started process (PID=129) to work on /home/airflow/.local/lib/python3.7/site-packages/airflow/example_dags/example_latest_only.py
[2023-01-20T23:58:09.944+0000] {processor.py:758} INFO - Processing file /home/airflow/.local/lib/python3.7/site-packages/airflow/example_dags/example_latest_only.py for tasks to queue
[2023-01-20T23:58:09.944+0000] {logging_mixin.py:117} INFO - [2023-01-20T23:58:09.944+0000] {dagbag.py:525} INFO - Filling up the DagBag from /home/airflow/.local/lib/python3.7/site-packages/airflow/example_dags/example_latest_only.py
[2023-01-20T23:58:09.956+0000] {processor.py:768} INFO - DAG(s) dict_keys(['latest_only']) retrieved from /home/airflow/.local/lib/python3.7/site-packages/airflow/example_dags/example_latest_only.py
[2023-01-20T23:58:10.099+0000] {logging_mixin.py:117} INFO - [2023-01-20T23:58:10.099+0000] {dag.py:2573} INFO - Sync 1 DAGs
[2023-01-20T23:58:10.113+0000] {logging_mixin.py:117} INFO - [2023-01-20T23:58:10.113+0000] {dag.py:3328} INFO - Setting next_dagrun for latest_only to 2023-01-20T19:58:10.113014+00:00, run_after=2023-01-20T23:58:10.113014+00:00
[2023-01-20T23:58:10.125+0000] {processor.py:178} INFO - Processing /home/airflow/.local/lib/python3.7/site-packages/airflow/example_dags/example_latest_only.py took 0.187 seconds
[2023-01-20T23:58:40.491+0000] {processor.py:156} INFO - Started process (PID=183) to work on /home/airflow/.local/lib/python3.7/site-packages/airflow/example_dags/example_latest_only.py
[2023-01-20T23:58:40.492+0000] {processor.py:758} INFO - Processing file /home/airflow/.local/lib/python3.7/site-packages/airflow/example_dags/example_latest_only.py for tasks to queue
[2023-01-20T23:58:40.493+0000] {logging_mixin.py:117} INFO - [2023-01-20T23:58:40.493+0000] {dagbag.py:525} INFO - Filling up the DagBag from /home/airflow/.local/lib/python3.7/site-packages/airflow/example_dags/example_latest_only.py
[2023-01-20T23:58:40.608+0000] {processor.py:768} INFO - DAG(s) dict_keys(['latest_only']) retrieved from /home/airflow/.local/lib/python3.7/site-packages/airflow/example_dags/example_latest_only.py
[2023-01-20T23:58:40.629+0000] {logging_mixin.py:117} INFO - [2023-01-20T23:58:40.629+0000] {dag.py:2573} INFO - Sync 1 DAGs
[2023-01-20T23:58:40.643+0000] {logging_mixin.py:117} INFO - [2023-01-20T23:58:40.643+0000] {dag.py:3328} INFO - Setting next_dagrun for latest_only to 2023-01-20T19:58:40.643293+00:00, run_after=2023-01-20T23:58:40.643293+00:00
[2023-01-20T23:58:40.653+0000] {processor.py:178} INFO - Processing /home/airflow/.local/lib/python3.7/site-packages/airflow/example_dags/example_latest_only.py took 0.164 seconds
[2023-01-20T23:59:11.177+0000] {processor.py:156} INFO - Started process (PID=246) to work on /home/airflow/.local/lib/python3.7/site-packages/airflow/example_dags/example_latest_only.py
[2023-01-20T23:59:11.178+0000] {processor.py:758} INFO - Processing file /home/airflow/.local/lib/python3.7/site-packages/airflow/example_dags/example_latest_only.py for tasks to queue
[2023-01-20T23:59:11.179+0000] {logging_mixin.py:117} INFO - [2023-01-20T23:59:11.179+0000] {dagbag.py:525} INFO - Filling up the DagBag from /home/airflow/.local/lib/python3.7/site-packages/airflow/example_dags/example_latest_only.py
[2023-01-20T23:59:11.188+0000] {processor.py:768} INFO - DAG(s) dict_keys(['latest_only']) retrieved from /home/airflow/.local/lib/python3.7/site-packages/airflow/example_dags/example_latest_only.py
[2023-01-20T23:59:11.217+0000] {logging_mixin.py:117} INFO - [2023-01-20T23:59:11.217+0000] {dag.py:2573} INFO - Sync 1 DAGs
[2023-01-20T23:59:11.232+0000] {logging_mixin.py:117} INFO - [2023-01-20T23:59:11.232+0000] {dag.py:3328} INFO - Setting next_dagrun for latest_only to 2023-01-20T19:59:11.232178+00:00, run_after=2023-01-20T23:59:11.232178+00:00
[2023-01-20T23:59:11.244+0000] {processor.py:178} INFO - Processing /home/airflow/.local/lib/python3.7/site-packages/airflow/example_dags/example_latest_only.py took 0.070 seconds
[2023-01-20T23:59:41.460+0000] {processor.py:156} INFO - Started process (PID=308) to work on /home/airflow/.local/lib/python3.7/site-packages/airflow/example_dags/example_latest_only.py
[2023-01-20T23:59:41.462+0000] {processor.py:758} INFO - Processing file /home/airflow/.local/lib/python3.7/site-packages/airflow/example_dags/example_latest_only.py for tasks to queue
[2023-01-20T23:59:41.463+0000] {logging_mixin.py:117} INFO - [2023-01-20T23:59:41.463+0000] {dagbag.py:525} INFO - Filling up the DagBag from /home/airflow/.local/lib/python3.7/site-packages/airflow/example_dags/example_latest_only.py
[2023-01-20T23:59:41.473+0000] {processor.py:768} INFO - DAG(s) dict_keys(['latest_only']) retrieved from /home/airflow/.local/lib/python3.7/site-packages/airflow/example_dags/example_latest_only.py
[2023-01-20T23:59:41.504+0000] {logging_mixin.py:117} INFO - [2023-01-20T23:59:41.504+0000] {dag.py:2573} INFO - Sync 1 DAGs
[2023-01-20T23:59:41.520+0000] {logging_mixin.py:117} INFO - [2023-01-20T23:59:41.520+0000] {dag.py:3328} INFO - Setting next_dagrun for latest_only to 2023-01-20T19:59:41.520190+00:00, run_after=2023-01-20T23:59:41.520190+00:00
[2023-01-20T23:59:41.532+0000] {processor.py:178} INFO - Processing /home/airflow/.local/lib/python3.7/site-packages/airflow/example_dags/example_latest_only.py took 0.075 seconds
