[2023-01-20T23:39:53.496+0000] {processor.py:156} INFO - Started process (PID=35) to work on /home/airflow/.local/lib/python3.7/site-packages/airflow/example_dags/example_branch_operator_decorator.py
[2023-01-20T23:39:53.498+0000] {processor.py:758} INFO - Processing file /home/airflow/.local/lib/python3.7/site-packages/airflow/example_dags/example_branch_operator_decorator.py for tasks to queue
[2023-01-20T23:39:53.499+0000] {logging_mixin.py:117} INFO - [2023-01-20T23:39:53.499+0000] {dagbag.py:525} INFO - Filling up the DagBag from /home/airflow/.local/lib/python3.7/site-packages/airflow/example_dags/example_branch_operator_decorator.py
[2023-01-20T23:39:53.543+0000] {processor.py:768} INFO - DAG(s) dict_keys(['example_branch_python_operator_decorator']) retrieved from /home/airflow/.local/lib/python3.7/site-packages/airflow/example_dags/example_branch_operator_decorator.py
[2023-01-20T23:39:53.941+0000] {logging_mixin.py:117} INFO - [2023-01-20T23:39:53.941+0000] {dag.py:2573} INFO - Sync 1 DAGs
[2023-01-20T23:39:54.044+0000] {logging_mixin.py:117} INFO - [2023-01-20T23:39:54.044+0000] {dag.py:3328} INFO - Setting next_dagrun for example_branch_python_operator_decorator to 2023-01-19T00:00:00+00:00, run_after=2023-01-20T00:00:00+00:00
[2023-01-20T23:39:54.098+0000] {processor.py:178} INFO - Processing /home/airflow/.local/lib/python3.7/site-packages/airflow/example_dags/example_branch_operator_decorator.py took 0.615 seconds
[2023-01-20T23:40:24.755+0000] {processor.py:156} INFO - Started process (PID=88) to work on /home/airflow/.local/lib/python3.7/site-packages/airflow/example_dags/example_branch_operator_decorator.py
[2023-01-20T23:40:24.757+0000] {processor.py:758} INFO - Processing file /home/airflow/.local/lib/python3.7/site-packages/airflow/example_dags/example_branch_operator_decorator.py for tasks to queue
[2023-01-20T23:40:24.757+0000] {logging_mixin.py:117} INFO - [2023-01-20T23:40:24.757+0000] {dagbag.py:525} INFO - Filling up the DagBag from /home/airflow/.local/lib/python3.7/site-packages/airflow/example_dags/example_branch_operator_decorator.py
[2023-01-20T23:40:24.773+0000] {processor.py:768} INFO - DAG(s) dict_keys(['example_branch_python_operator_decorator']) retrieved from /home/airflow/.local/lib/python3.7/site-packages/airflow/example_dags/example_branch_operator_decorator.py
[2023-01-20T23:40:24.908+0000] {logging_mixin.py:117} INFO - [2023-01-20T23:40:24.908+0000] {dag.py:2573} INFO - Sync 1 DAGs
[2023-01-20T23:40:24.922+0000] {logging_mixin.py:117} INFO - [2023-01-20T23:40:24.922+0000] {dag.py:3328} INFO - Setting next_dagrun for example_branch_python_operator_decorator to 2023-01-19T00:00:00+00:00, run_after=2023-01-20T00:00:00+00:00
[2023-01-20T23:40:24.932+0000] {processor.py:178} INFO - Processing /home/airflow/.local/lib/python3.7/site-packages/airflow/example_dags/example_branch_operator_decorator.py took 0.179 seconds
[2023-01-20T23:40:55.584+0000] {processor.py:156} INFO - Started process (PID=153) to work on /home/airflow/.local/lib/python3.7/site-packages/airflow/example_dags/example_branch_operator_decorator.py
[2023-01-20T23:40:55.585+0000] {processor.py:758} INFO - Processing file /home/airflow/.local/lib/python3.7/site-packages/airflow/example_dags/example_branch_operator_decorator.py for tasks to queue
[2023-01-20T23:40:55.586+0000] {logging_mixin.py:117} INFO - [2023-01-20T23:40:55.586+0000] {dagbag.py:525} INFO - Filling up the DagBag from /home/airflow/.local/lib/python3.7/site-packages/airflow/example_dags/example_branch_operator_decorator.py
[2023-01-20T23:40:55.755+0000] {processor.py:768} INFO - DAG(s) dict_keys(['example_branch_python_operator_decorator']) retrieved from /home/airflow/.local/lib/python3.7/site-packages/airflow/example_dags/example_branch_operator_decorator.py
[2023-01-20T23:40:55.780+0000] {logging_mixin.py:117} INFO - [2023-01-20T23:40:55.779+0000] {dag.py:2573} INFO - Sync 1 DAGs
[2023-01-20T23:40:55.797+0000] {logging_mixin.py:117} INFO - [2023-01-20T23:40:55.797+0000] {dag.py:3328} INFO - Setting next_dagrun for example_branch_python_operator_decorator to 2023-01-19T00:00:00+00:00, run_after=2023-01-20T00:00:00+00:00
[2023-01-20T23:40:55.810+0000] {processor.py:178} INFO - Processing /home/airflow/.local/lib/python3.7/site-packages/airflow/example_dags/example_branch_operator_decorator.py took 0.229 seconds
[2023-01-20T23:41:26.667+0000] {processor.py:156} INFO - Started process (PID=216) to work on /home/airflow/.local/lib/python3.7/site-packages/airflow/example_dags/example_branch_operator_decorator.py
[2023-01-20T23:41:26.669+0000] {processor.py:758} INFO - Processing file /home/airflow/.local/lib/python3.7/site-packages/airflow/example_dags/example_branch_operator_decorator.py for tasks to queue
[2023-01-20T23:41:26.669+0000] {logging_mixin.py:117} INFO - [2023-01-20T23:41:26.669+0000] {dagbag.py:525} INFO - Filling up the DagBag from /home/airflow/.local/lib/python3.7/site-packages/airflow/example_dags/example_branch_operator_decorator.py
[2023-01-20T23:41:26.800+0000] {processor.py:768} INFO - DAG(s) dict_keys(['example_branch_python_operator_decorator']) retrieved from /home/airflow/.local/lib/python3.7/site-packages/airflow/example_dags/example_branch_operator_decorator.py
[2023-01-20T23:41:26.825+0000] {logging_mixin.py:117} INFO - [2023-01-20T23:41:26.824+0000] {dag.py:2573} INFO - Sync 1 DAGs
[2023-01-20T23:41:26.840+0000] {logging_mixin.py:117} INFO - [2023-01-20T23:41:26.840+0000] {dag.py:3328} INFO - Setting next_dagrun for example_branch_python_operator_decorator to 2023-01-19T00:00:00+00:00, run_after=2023-01-20T00:00:00+00:00
[2023-01-20T23:41:26.854+0000] {processor.py:178} INFO - Processing /home/airflow/.local/lib/python3.7/site-packages/airflow/example_dags/example_branch_operator_decorator.py took 0.190 seconds
[2023-01-20T23:41:57.262+0000] {processor.py:156} INFO - Started process (PID=279) to work on /home/airflow/.local/lib/python3.7/site-packages/airflow/example_dags/example_branch_operator_decorator.py
[2023-01-20T23:41:57.263+0000] {processor.py:758} INFO - Processing file /home/airflow/.local/lib/python3.7/site-packages/airflow/example_dags/example_branch_operator_decorator.py for tasks to queue
[2023-01-20T23:41:57.264+0000] {logging_mixin.py:117} INFO - [2023-01-20T23:41:57.264+0000] {dagbag.py:525} INFO - Filling up the DagBag from /home/airflow/.local/lib/python3.7/site-packages/airflow/example_dags/example_branch_operator_decorator.py
[2023-01-20T23:41:57.282+0000] {processor.py:768} INFO - DAG(s) dict_keys(['example_branch_python_operator_decorator']) retrieved from /home/airflow/.local/lib/python3.7/site-packages/airflow/example_dags/example_branch_operator_decorator.py
[2023-01-20T23:41:57.310+0000] {logging_mixin.py:117} INFO - [2023-01-20T23:41:57.310+0000] {dag.py:2573} INFO - Sync 1 DAGs
[2023-01-20T23:41:57.326+0000] {logging_mixin.py:117} INFO - [2023-01-20T23:41:57.326+0000] {dag.py:3328} INFO - Setting next_dagrun for example_branch_python_operator_decorator to 2023-01-19T00:00:00+00:00, run_after=2023-01-20T00:00:00+00:00
[2023-01-20T23:41:57.338+0000] {processor.py:178} INFO - Processing /home/airflow/.local/lib/python3.7/site-packages/airflow/example_dags/example_branch_operator_decorator.py took 0.078 seconds
[2023-01-20T23:42:27.835+0000] {processor.py:156} INFO - Started process (PID=342) to work on /home/airflow/.local/lib/python3.7/site-packages/airflow/example_dags/example_branch_operator_decorator.py
[2023-01-20T23:42:27.837+0000] {processor.py:758} INFO - Processing file /home/airflow/.local/lib/python3.7/site-packages/airflow/example_dags/example_branch_operator_decorator.py for tasks to queue
[2023-01-20T23:42:27.838+0000] {logging_mixin.py:117} INFO - [2023-01-20T23:42:27.838+0000] {dagbag.py:525} INFO - Filling up the DagBag from /home/airflow/.local/lib/python3.7/site-packages/airflow/example_dags/example_branch_operator_decorator.py
[2023-01-20T23:42:27.863+0000] {processor.py:768} INFO - DAG(s) dict_keys(['example_branch_python_operator_decorator']) retrieved from /home/airflow/.local/lib/python3.7/site-packages/airflow/example_dags/example_branch_operator_decorator.py
[2023-01-20T23:42:27.926+0000] {logging_mixin.py:117} INFO - [2023-01-20T23:42:27.926+0000] {dag.py:2573} INFO - Sync 1 DAGs
[2023-01-20T23:42:27.954+0000] {logging_mixin.py:117} INFO - [2023-01-20T23:42:27.954+0000] {dag.py:3328} INFO - Setting next_dagrun for example_branch_python_operator_decorator to 2023-01-19T00:00:00+00:00, run_after=2023-01-20T00:00:00+00:00
[2023-01-20T23:42:27.979+0000] {processor.py:178} INFO - Processing /home/airflow/.local/lib/python3.7/site-packages/airflow/example_dags/example_branch_operator_decorator.py took 0.148 seconds
[2023-01-20T23:42:58.540+0000] {processor.py:156} INFO - Started process (PID=406) to work on /home/airflow/.local/lib/python3.7/site-packages/airflow/example_dags/example_branch_operator_decorator.py
[2023-01-20T23:42:58.542+0000] {processor.py:758} INFO - Processing file /home/airflow/.local/lib/python3.7/site-packages/airflow/example_dags/example_branch_operator_decorator.py for tasks to queue
[2023-01-20T23:42:58.543+0000] {logging_mixin.py:117} INFO - [2023-01-20T23:42:58.542+0000] {dagbag.py:525} INFO - Filling up the DagBag from /home/airflow/.local/lib/python3.7/site-packages/airflow/example_dags/example_branch_operator_decorator.py
[2023-01-20T23:42:58.561+0000] {processor.py:768} INFO - DAG(s) dict_keys(['example_branch_python_operator_decorator']) retrieved from /home/airflow/.local/lib/python3.7/site-packages/airflow/example_dags/example_branch_operator_decorator.py
[2023-01-20T23:42:58.609+0000] {logging_mixin.py:117} INFO - [2023-01-20T23:42:58.609+0000] {dag.py:2573} INFO - Sync 1 DAGs
[2023-01-20T23:42:58.663+0000] {logging_mixin.py:117} INFO - [2023-01-20T23:42:58.663+0000] {dag.py:3328} INFO - Setting next_dagrun for example_branch_python_operator_decorator to 2023-01-19T00:00:00+00:00, run_after=2023-01-20T00:00:00+00:00
[2023-01-20T23:42:58.677+0000] {processor.py:178} INFO - Processing /home/airflow/.local/lib/python3.7/site-packages/airflow/example_dags/example_branch_operator_decorator.py took 0.140 seconds
[2023-01-20T23:43:28.787+0000] {processor.py:156} INFO - Started process (PID=460) to work on /home/airflow/.local/lib/python3.7/site-packages/airflow/example_dags/example_branch_operator_decorator.py
[2023-01-20T23:43:28.788+0000] {processor.py:758} INFO - Processing file /home/airflow/.local/lib/python3.7/site-packages/airflow/example_dags/example_branch_operator_decorator.py for tasks to queue
[2023-01-20T23:43:28.789+0000] {logging_mixin.py:117} INFO - [2023-01-20T23:43:28.789+0000] {dagbag.py:525} INFO - Filling up the DagBag from /home/airflow/.local/lib/python3.7/site-packages/airflow/example_dags/example_branch_operator_decorator.py
[2023-01-20T23:43:28.806+0000] {processor.py:768} INFO - DAG(s) dict_keys(['example_branch_python_operator_decorator']) retrieved from /home/airflow/.local/lib/python3.7/site-packages/airflow/example_dags/example_branch_operator_decorator.py
[2023-01-20T23:43:28.835+0000] {logging_mixin.py:117} INFO - [2023-01-20T23:43:28.835+0000] {dag.py:2573} INFO - Sync 1 DAGs
[2023-01-20T23:43:28.851+0000] {logging_mixin.py:117} INFO - [2023-01-20T23:43:28.851+0000] {dag.py:3328} INFO - Setting next_dagrun for example_branch_python_operator_decorator to 2023-01-19T00:00:00+00:00, run_after=2023-01-20T00:00:00+00:00
[2023-01-20T23:43:28.863+0000] {processor.py:178} INFO - Processing /home/airflow/.local/lib/python3.7/site-packages/airflow/example_dags/example_branch_operator_decorator.py took 0.079 seconds
[2023-01-20T23:43:59.003+0000] {processor.py:156} INFO - Started process (PID=523) to work on /home/airflow/.local/lib/python3.7/site-packages/airflow/example_dags/example_branch_operator_decorator.py
[2023-01-20T23:43:59.005+0000] {processor.py:758} INFO - Processing file /home/airflow/.local/lib/python3.7/site-packages/airflow/example_dags/example_branch_operator_decorator.py for tasks to queue
[2023-01-20T23:43:59.006+0000] {logging_mixin.py:117} INFO - [2023-01-20T23:43:59.006+0000] {dagbag.py:525} INFO - Filling up the DagBag from /home/airflow/.local/lib/python3.7/site-packages/airflow/example_dags/example_branch_operator_decorator.py
[2023-01-20T23:43:59.023+0000] {processor.py:768} INFO - DAG(s) dict_keys(['example_branch_python_operator_decorator']) retrieved from /home/airflow/.local/lib/python3.7/site-packages/airflow/example_dags/example_branch_operator_decorator.py
[2023-01-20T23:43:59.052+0000] {logging_mixin.py:117} INFO - [2023-01-20T23:43:59.051+0000] {dag.py:2573} INFO - Sync 1 DAGs
[2023-01-20T23:43:59.068+0000] {logging_mixin.py:117} INFO - [2023-01-20T23:43:59.068+0000] {dag.py:3328} INFO - Setting next_dagrun for example_branch_python_operator_decorator to 2023-01-19T00:00:00+00:00, run_after=2023-01-20T00:00:00+00:00
[2023-01-20T23:43:59.079+0000] {processor.py:178} INFO - Processing /home/airflow/.local/lib/python3.7/site-packages/airflow/example_dags/example_branch_operator_decorator.py took 0.079 seconds
[2023-01-20T23:44:29.513+0000] {processor.py:156} INFO - Started process (PID=586) to work on /home/airflow/.local/lib/python3.7/site-packages/airflow/example_dags/example_branch_operator_decorator.py
[2023-01-20T23:44:29.514+0000] {processor.py:758} INFO - Processing file /home/airflow/.local/lib/python3.7/site-packages/airflow/example_dags/example_branch_operator_decorator.py for tasks to queue
[2023-01-20T23:44:29.515+0000] {logging_mixin.py:117} INFO - [2023-01-20T23:44:29.515+0000] {dagbag.py:525} INFO - Filling up the DagBag from /home/airflow/.local/lib/python3.7/site-packages/airflow/example_dags/example_branch_operator_decorator.py
[2023-01-20T23:44:29.531+0000] {processor.py:768} INFO - DAG(s) dict_keys(['example_branch_python_operator_decorator']) retrieved from /home/airflow/.local/lib/python3.7/site-packages/airflow/example_dags/example_branch_operator_decorator.py
[2023-01-20T23:44:29.559+0000] {logging_mixin.py:117} INFO - [2023-01-20T23:44:29.559+0000] {dag.py:2573} INFO - Sync 1 DAGs
[2023-01-20T23:44:29.576+0000] {logging_mixin.py:117} INFO - [2023-01-20T23:44:29.575+0000] {dag.py:3328} INFO - Setting next_dagrun for example_branch_python_operator_decorator to 2023-01-19T00:00:00+00:00, run_after=2023-01-20T00:00:00+00:00
[2023-01-20T23:44:29.587+0000] {processor.py:178} INFO - Processing /home/airflow/.local/lib/python3.7/site-packages/airflow/example_dags/example_branch_operator_decorator.py took 0.076 seconds
[2023-01-20T23:44:59.890+0000] {processor.py:156} INFO - Started process (PID=649) to work on /home/airflow/.local/lib/python3.7/site-packages/airflow/example_dags/example_branch_operator_decorator.py
[2023-01-20T23:44:59.892+0000] {processor.py:758} INFO - Processing file /home/airflow/.local/lib/python3.7/site-packages/airflow/example_dags/example_branch_operator_decorator.py for tasks to queue
[2023-01-20T23:44:59.894+0000] {logging_mixin.py:117} INFO - [2023-01-20T23:44:59.894+0000] {dagbag.py:525} INFO - Filling up the DagBag from /home/airflow/.local/lib/python3.7/site-packages/airflow/example_dags/example_branch_operator_decorator.py
[2023-01-20T23:44:59.912+0000] {processor.py:768} INFO - DAG(s) dict_keys(['example_branch_python_operator_decorator']) retrieved from /home/airflow/.local/lib/python3.7/site-packages/airflow/example_dags/example_branch_operator_decorator.py
[2023-01-20T23:44:59.941+0000] {logging_mixin.py:117} INFO - [2023-01-20T23:44:59.941+0000] {dag.py:2573} INFO - Sync 1 DAGs
[2023-01-20T23:44:59.959+0000] {logging_mixin.py:117} INFO - [2023-01-20T23:44:59.959+0000] {dag.py:3328} INFO - Setting next_dagrun for example_branch_python_operator_decorator to 2023-01-19T00:00:00+00:00, run_after=2023-01-20T00:00:00+00:00
[2023-01-20T23:44:59.971+0000] {processor.py:178} INFO - Processing /home/airflow/.local/lib/python3.7/site-packages/airflow/example_dags/example_branch_operator_decorator.py took 0.084 seconds
[2023-01-20T23:45:30.156+0000] {processor.py:156} INFO - Started process (PID=712) to work on /home/airflow/.local/lib/python3.7/site-packages/airflow/example_dags/example_branch_operator_decorator.py
[2023-01-20T23:45:30.157+0000] {processor.py:758} INFO - Processing file /home/airflow/.local/lib/python3.7/site-packages/airflow/example_dags/example_branch_operator_decorator.py for tasks to queue
[2023-01-20T23:45:30.158+0000] {logging_mixin.py:117} INFO - [2023-01-20T23:45:30.158+0000] {dagbag.py:525} INFO - Filling up the DagBag from /home/airflow/.local/lib/python3.7/site-packages/airflow/example_dags/example_branch_operator_decorator.py
[2023-01-20T23:45:30.175+0000] {processor.py:768} INFO - DAG(s) dict_keys(['example_branch_python_operator_decorator']) retrieved from /home/airflow/.local/lib/python3.7/site-packages/airflow/example_dags/example_branch_operator_decorator.py
[2023-01-20T23:45:30.203+0000] {logging_mixin.py:117} INFO - [2023-01-20T23:45:30.202+0000] {dag.py:2573} INFO - Sync 1 DAGs
[2023-01-20T23:45:30.219+0000] {logging_mixin.py:117} INFO - [2023-01-20T23:45:30.219+0000] {dag.py:3328} INFO - Setting next_dagrun for example_branch_python_operator_decorator to 2023-01-19T00:00:00+00:00, run_after=2023-01-20T00:00:00+00:00
[2023-01-20T23:45:30.231+0000] {processor.py:178} INFO - Processing /home/airflow/.local/lib/python3.7/site-packages/airflow/example_dags/example_branch_operator_decorator.py took 0.078 seconds
[2023-01-20T23:46:00.617+0000] {processor.py:156} INFO - Started process (PID=766) to work on /home/airflow/.local/lib/python3.7/site-packages/airflow/example_dags/example_branch_operator_decorator.py
[2023-01-20T23:46:00.618+0000] {processor.py:758} INFO - Processing file /home/airflow/.local/lib/python3.7/site-packages/airflow/example_dags/example_branch_operator_decorator.py for tasks to queue
[2023-01-20T23:46:00.619+0000] {logging_mixin.py:117} INFO - [2023-01-20T23:46:00.619+0000] {dagbag.py:525} INFO - Filling up the DagBag from /home/airflow/.local/lib/python3.7/site-packages/airflow/example_dags/example_branch_operator_decorator.py
[2023-01-20T23:46:00.636+0000] {processor.py:768} INFO - DAG(s) dict_keys(['example_branch_python_operator_decorator']) retrieved from /home/airflow/.local/lib/python3.7/site-packages/airflow/example_dags/example_branch_operator_decorator.py
[2023-01-20T23:46:00.667+0000] {logging_mixin.py:117} INFO - [2023-01-20T23:46:00.667+0000] {dag.py:2573} INFO - Sync 1 DAGs
[2023-01-20T23:46:00.685+0000] {logging_mixin.py:117} INFO - [2023-01-20T23:46:00.685+0000] {dag.py:3328} INFO - Setting next_dagrun for example_branch_python_operator_decorator to 2023-01-19T00:00:00+00:00, run_after=2023-01-20T00:00:00+00:00
[2023-01-20T23:46:00.698+0000] {processor.py:178} INFO - Processing /home/airflow/.local/lib/python3.7/site-packages/airflow/example_dags/example_branch_operator_decorator.py took 0.083 seconds
[2023-01-20T23:46:30.956+0000] {processor.py:156} INFO - Started process (PID=829) to work on /home/airflow/.local/lib/python3.7/site-packages/airflow/example_dags/example_branch_operator_decorator.py
[2023-01-20T23:46:30.958+0000] {processor.py:758} INFO - Processing file /home/airflow/.local/lib/python3.7/site-packages/airflow/example_dags/example_branch_operator_decorator.py for tasks to queue
[2023-01-20T23:46:30.958+0000] {logging_mixin.py:117} INFO - [2023-01-20T23:46:30.958+0000] {dagbag.py:525} INFO - Filling up the DagBag from /home/airflow/.local/lib/python3.7/site-packages/airflow/example_dags/example_branch_operator_decorator.py
[2023-01-20T23:46:30.975+0000] {processor.py:768} INFO - DAG(s) dict_keys(['example_branch_python_operator_decorator']) retrieved from /home/airflow/.local/lib/python3.7/site-packages/airflow/example_dags/example_branch_operator_decorator.py
[2023-01-20T23:46:31.002+0000] {logging_mixin.py:117} INFO - [2023-01-20T23:46:31.002+0000] {dag.py:2573} INFO - Sync 1 DAGs
[2023-01-20T23:46:31.018+0000] {logging_mixin.py:117} INFO - [2023-01-20T23:46:31.018+0000] {dag.py:3328} INFO - Setting next_dagrun for example_branch_python_operator_decorator to 2023-01-19T00:00:00+00:00, run_after=2023-01-20T00:00:00+00:00
[2023-01-20T23:46:31.030+0000] {processor.py:178} INFO - Processing /home/airflow/.local/lib/python3.7/site-packages/airflow/example_dags/example_branch_operator_decorator.py took 0.076 seconds
[2023-01-20T23:47:01.464+0000] {processor.py:156} INFO - Started process (PID=892) to work on /home/airflow/.local/lib/python3.7/site-packages/airflow/example_dags/example_branch_operator_decorator.py
[2023-01-20T23:47:01.466+0000] {processor.py:758} INFO - Processing file /home/airflow/.local/lib/python3.7/site-packages/airflow/example_dags/example_branch_operator_decorator.py for tasks to queue
[2023-01-20T23:47:01.468+0000] {logging_mixin.py:117} INFO - [2023-01-20T23:47:01.468+0000] {dagbag.py:525} INFO - Filling up the DagBag from /home/airflow/.local/lib/python3.7/site-packages/airflow/example_dags/example_branch_operator_decorator.py
[2023-01-20T23:47:01.491+0000] {processor.py:768} INFO - DAG(s) dict_keys(['example_branch_python_operator_decorator']) retrieved from /home/airflow/.local/lib/python3.7/site-packages/airflow/example_dags/example_branch_operator_decorator.py
[2023-01-20T23:47:01.522+0000] {logging_mixin.py:117} INFO - [2023-01-20T23:47:01.522+0000] {dag.py:2573} INFO - Sync 1 DAGs
[2023-01-20T23:47:01.540+0000] {logging_mixin.py:117} INFO - [2023-01-20T23:47:01.539+0000] {dag.py:3328} INFO - Setting next_dagrun for example_branch_python_operator_decorator to 2023-01-19T00:00:00+00:00, run_after=2023-01-20T00:00:00+00:00
[2023-01-20T23:47:01.551+0000] {processor.py:178} INFO - Processing /home/airflow/.local/lib/python3.7/site-packages/airflow/example_dags/example_branch_operator_decorator.py took 0.090 seconds
[2023-01-20T23:47:31.958+0000] {processor.py:156} INFO - Started process (PID=955) to work on /home/airflow/.local/lib/python3.7/site-packages/airflow/example_dags/example_branch_operator_decorator.py
[2023-01-20T23:47:31.960+0000] {processor.py:758} INFO - Processing file /home/airflow/.local/lib/python3.7/site-packages/airflow/example_dags/example_branch_operator_decorator.py for tasks to queue
[2023-01-20T23:47:31.961+0000] {logging_mixin.py:117} INFO - [2023-01-20T23:47:31.961+0000] {dagbag.py:525} INFO - Filling up the DagBag from /home/airflow/.local/lib/python3.7/site-packages/airflow/example_dags/example_branch_operator_decorator.py
[2023-01-20T23:47:31.982+0000] {processor.py:768} INFO - DAG(s) dict_keys(['example_branch_python_operator_decorator']) retrieved from /home/airflow/.local/lib/python3.7/site-packages/airflow/example_dags/example_branch_operator_decorator.py
[2023-01-20T23:47:32.020+0000] {logging_mixin.py:117} INFO - [2023-01-20T23:47:32.020+0000] {dag.py:2573} INFO - Sync 1 DAGs
[2023-01-20T23:47:32.040+0000] {logging_mixin.py:117} INFO - [2023-01-20T23:47:32.040+0000] {dag.py:3328} INFO - Setting next_dagrun for example_branch_python_operator_decorator to 2023-01-19T00:00:00+00:00, run_after=2023-01-20T00:00:00+00:00
[2023-01-20T23:47:32.052+0000] {processor.py:178} INFO - Processing /home/airflow/.local/lib/python3.7/site-packages/airflow/example_dags/example_branch_operator_decorator.py took 0.098 seconds
[2023-01-20T23:48:02.430+0000] {processor.py:156} INFO - Started process (PID=1017) to work on /home/airflow/.local/lib/python3.7/site-packages/airflow/example_dags/example_branch_operator_decorator.py
[2023-01-20T23:48:02.431+0000] {processor.py:758} INFO - Processing file /home/airflow/.local/lib/python3.7/site-packages/airflow/example_dags/example_branch_operator_decorator.py for tasks to queue
[2023-01-20T23:48:02.432+0000] {logging_mixin.py:117} INFO - [2023-01-20T23:48:02.432+0000] {dagbag.py:525} INFO - Filling up the DagBag from /home/airflow/.local/lib/python3.7/site-packages/airflow/example_dags/example_branch_operator_decorator.py
[2023-01-20T23:48:02.448+0000] {processor.py:768} INFO - DAG(s) dict_keys(['example_branch_python_operator_decorator']) retrieved from /home/airflow/.local/lib/python3.7/site-packages/airflow/example_dags/example_branch_operator_decorator.py
[2023-01-20T23:48:02.477+0000] {logging_mixin.py:117} INFO - [2023-01-20T23:48:02.476+0000] {dag.py:2573} INFO - Sync 1 DAGs
[2023-01-20T23:48:02.493+0000] {logging_mixin.py:117} INFO - [2023-01-20T23:48:02.493+0000] {dag.py:3328} INFO - Setting next_dagrun for example_branch_python_operator_decorator to 2023-01-19T00:00:00+00:00, run_after=2023-01-20T00:00:00+00:00
[2023-01-20T23:48:02.504+0000] {processor.py:178} INFO - Processing /home/airflow/.local/lib/python3.7/site-packages/airflow/example_dags/example_branch_operator_decorator.py took 0.076 seconds
[2023-01-20T23:48:32.878+0000] {processor.py:156} INFO - Started process (PID=1080) to work on /home/airflow/.local/lib/python3.7/site-packages/airflow/example_dags/example_branch_operator_decorator.py
[2023-01-20T23:48:32.880+0000] {processor.py:758} INFO - Processing file /home/airflow/.local/lib/python3.7/site-packages/airflow/example_dags/example_branch_operator_decorator.py for tasks to queue
[2023-01-20T23:48:32.880+0000] {logging_mixin.py:117} INFO - [2023-01-20T23:48:32.880+0000] {dagbag.py:525} INFO - Filling up the DagBag from /home/airflow/.local/lib/python3.7/site-packages/airflow/example_dags/example_branch_operator_decorator.py
[2023-01-20T23:48:32.897+0000] {processor.py:768} INFO - DAG(s) dict_keys(['example_branch_python_operator_decorator']) retrieved from /home/airflow/.local/lib/python3.7/site-packages/airflow/example_dags/example_branch_operator_decorator.py
[2023-01-20T23:48:32.926+0000] {logging_mixin.py:117} INFO - [2023-01-20T23:48:32.926+0000] {dag.py:2573} INFO - Sync 1 DAGs
[2023-01-20T23:48:32.943+0000] {logging_mixin.py:117} INFO - [2023-01-20T23:48:32.942+0000] {dag.py:3328} INFO - Setting next_dagrun for example_branch_python_operator_decorator to 2023-01-19T00:00:00+00:00, run_after=2023-01-20T00:00:00+00:00
[2023-01-20T23:48:32.955+0000] {processor.py:178} INFO - Processing /home/airflow/.local/lib/python3.7/site-packages/airflow/example_dags/example_branch_operator_decorator.py took 0.079 seconds
[2023-01-20T23:49:03.276+0000] {processor.py:156} INFO - Started process (PID=1134) to work on /home/airflow/.local/lib/python3.7/site-packages/airflow/example_dags/example_branch_operator_decorator.py
[2023-01-20T23:49:03.278+0000] {processor.py:758} INFO - Processing file /home/airflow/.local/lib/python3.7/site-packages/airflow/example_dags/example_branch_operator_decorator.py for tasks to queue
[2023-01-20T23:49:03.278+0000] {logging_mixin.py:117} INFO - [2023-01-20T23:49:03.278+0000] {dagbag.py:525} INFO - Filling up the DagBag from /home/airflow/.local/lib/python3.7/site-packages/airflow/example_dags/example_branch_operator_decorator.py
[2023-01-20T23:49:03.295+0000] {processor.py:768} INFO - DAG(s) dict_keys(['example_branch_python_operator_decorator']) retrieved from /home/airflow/.local/lib/python3.7/site-packages/airflow/example_dags/example_branch_operator_decorator.py
[2023-01-20T23:49:03.323+0000] {logging_mixin.py:117} INFO - [2023-01-20T23:49:03.323+0000] {dag.py:2573} INFO - Sync 1 DAGs
[2023-01-20T23:49:03.340+0000] {logging_mixin.py:117} INFO - [2023-01-20T23:49:03.340+0000] {dag.py:3328} INFO - Setting next_dagrun for example_branch_python_operator_decorator to 2023-01-19T00:00:00+00:00, run_after=2023-01-20T00:00:00+00:00
[2023-01-20T23:49:03.351+0000] {processor.py:178} INFO - Processing /home/airflow/.local/lib/python3.7/site-packages/airflow/example_dags/example_branch_operator_decorator.py took 0.077 seconds
[2023-01-20T23:49:33.663+0000] {processor.py:156} INFO - Started process (PID=1197) to work on /home/airflow/.local/lib/python3.7/site-packages/airflow/example_dags/example_branch_operator_decorator.py
[2023-01-20T23:49:33.665+0000] {processor.py:758} INFO - Processing file /home/airflow/.local/lib/python3.7/site-packages/airflow/example_dags/example_branch_operator_decorator.py for tasks to queue
[2023-01-20T23:49:33.665+0000] {logging_mixin.py:117} INFO - [2023-01-20T23:49:33.665+0000] {dagbag.py:525} INFO - Filling up the DagBag from /home/airflow/.local/lib/python3.7/site-packages/airflow/example_dags/example_branch_operator_decorator.py
[2023-01-20T23:49:33.683+0000] {processor.py:768} INFO - DAG(s) dict_keys(['example_branch_python_operator_decorator']) retrieved from /home/airflow/.local/lib/python3.7/site-packages/airflow/example_dags/example_branch_operator_decorator.py
[2023-01-20T23:49:33.713+0000] {logging_mixin.py:117} INFO - [2023-01-20T23:49:33.713+0000] {dag.py:2573} INFO - Sync 1 DAGs
[2023-01-20T23:49:33.732+0000] {logging_mixin.py:117} INFO - [2023-01-20T23:49:33.732+0000] {dag.py:3328} INFO - Setting next_dagrun for example_branch_python_operator_decorator to 2023-01-19T00:00:00+00:00, run_after=2023-01-20T00:00:00+00:00
[2023-01-20T23:49:33.744+0000] {processor.py:178} INFO - Processing /home/airflow/.local/lib/python3.7/site-packages/airflow/example_dags/example_branch_operator_decorator.py took 0.083 seconds
[2023-01-20T23:50:03.953+0000] {processor.py:156} INFO - Started process (PID=1260) to work on /home/airflow/.local/lib/python3.7/site-packages/airflow/example_dags/example_branch_operator_decorator.py
[2023-01-20T23:50:03.955+0000] {processor.py:758} INFO - Processing file /home/airflow/.local/lib/python3.7/site-packages/airflow/example_dags/example_branch_operator_decorator.py for tasks to queue
[2023-01-20T23:50:03.955+0000] {logging_mixin.py:117} INFO - [2023-01-20T23:50:03.955+0000] {dagbag.py:525} INFO - Filling up the DagBag from /home/airflow/.local/lib/python3.7/site-packages/airflow/example_dags/example_branch_operator_decorator.py
[2023-01-20T23:50:03.972+0000] {processor.py:768} INFO - DAG(s) dict_keys(['example_branch_python_operator_decorator']) retrieved from /home/airflow/.local/lib/python3.7/site-packages/airflow/example_dags/example_branch_operator_decorator.py
[2023-01-20T23:50:04.001+0000] {logging_mixin.py:117} INFO - [2023-01-20T23:50:04.001+0000] {dag.py:2573} INFO - Sync 1 DAGs
[2023-01-20T23:50:04.017+0000] {logging_mixin.py:117} INFO - [2023-01-20T23:50:04.017+0000] {dag.py:3328} INFO - Setting next_dagrun for example_branch_python_operator_decorator to 2023-01-19T00:00:00+00:00, run_after=2023-01-20T00:00:00+00:00
[2023-01-20T23:50:04.029+0000] {processor.py:178} INFO - Processing /home/airflow/.local/lib/python3.7/site-packages/airflow/example_dags/example_branch_operator_decorator.py took 0.079 seconds
[2023-01-20T23:50:34.304+0000] {processor.py:156} INFO - Started process (PID=1323) to work on /home/airflow/.local/lib/python3.7/site-packages/airflow/example_dags/example_branch_operator_decorator.py
[2023-01-20T23:50:34.305+0000] {processor.py:758} INFO - Processing file /home/airflow/.local/lib/python3.7/site-packages/airflow/example_dags/example_branch_operator_decorator.py for tasks to queue
[2023-01-20T23:50:34.305+0000] {logging_mixin.py:117} INFO - [2023-01-20T23:50:34.305+0000] {dagbag.py:525} INFO - Filling up the DagBag from /home/airflow/.local/lib/python3.7/site-packages/airflow/example_dags/example_branch_operator_decorator.py
[2023-01-20T23:50:34.322+0000] {processor.py:768} INFO - DAG(s) dict_keys(['example_branch_python_operator_decorator']) retrieved from /home/airflow/.local/lib/python3.7/site-packages/airflow/example_dags/example_branch_operator_decorator.py
[2023-01-20T23:50:34.351+0000] {logging_mixin.py:117} INFO - [2023-01-20T23:50:34.351+0000] {dag.py:2573} INFO - Sync 1 DAGs
[2023-01-20T23:50:34.368+0000] {logging_mixin.py:117} INFO - [2023-01-20T23:50:34.368+0000] {dag.py:3328} INFO - Setting next_dagrun for example_branch_python_operator_decorator to 2023-01-19T00:00:00+00:00, run_after=2023-01-20T00:00:00+00:00
[2023-01-20T23:50:34.378+0000] {processor.py:178} INFO - Processing /home/airflow/.local/lib/python3.7/site-packages/airflow/example_dags/example_branch_operator_decorator.py took 0.077 seconds
[2023-01-20T23:51:04.594+0000] {processor.py:156} INFO - Started process (PID=1386) to work on /home/airflow/.local/lib/python3.7/site-packages/airflow/example_dags/example_branch_operator_decorator.py
[2023-01-20T23:51:04.595+0000] {processor.py:758} INFO - Processing file /home/airflow/.local/lib/python3.7/site-packages/airflow/example_dags/example_branch_operator_decorator.py for tasks to queue
[2023-01-20T23:51:04.596+0000] {logging_mixin.py:117} INFO - [2023-01-20T23:51:04.596+0000] {dagbag.py:525} INFO - Filling up the DagBag from /home/airflow/.local/lib/python3.7/site-packages/airflow/example_dags/example_branch_operator_decorator.py
[2023-01-20T23:51:04.614+0000] {processor.py:768} INFO - DAG(s) dict_keys(['example_branch_python_operator_decorator']) retrieved from /home/airflow/.local/lib/python3.7/site-packages/airflow/example_dags/example_branch_operator_decorator.py
[2023-01-20T23:51:04.645+0000] {logging_mixin.py:117} INFO - [2023-01-20T23:51:04.645+0000] {dag.py:2573} INFO - Sync 1 DAGs
[2023-01-20T23:51:04.665+0000] {logging_mixin.py:117} INFO - [2023-01-20T23:51:04.665+0000] {dag.py:3328} INFO - Setting next_dagrun for example_branch_python_operator_decorator to 2023-01-19T00:00:00+00:00, run_after=2023-01-20T00:00:00+00:00
[2023-01-20T23:51:04.678+0000] {processor.py:178} INFO - Processing /home/airflow/.local/lib/python3.7/site-packages/airflow/example_dags/example_branch_operator_decorator.py took 0.087 seconds
[2023-01-20T23:51:35.000+0000] {processor.py:156} INFO - Started process (PID=1450) to work on /home/airflow/.local/lib/python3.7/site-packages/airflow/example_dags/example_branch_operator_decorator.py
[2023-01-20T23:51:35.002+0000] {processor.py:758} INFO - Processing file /home/airflow/.local/lib/python3.7/site-packages/airflow/example_dags/example_branch_operator_decorator.py for tasks to queue
[2023-01-20T23:51:35.003+0000] {logging_mixin.py:117} INFO - [2023-01-20T23:51:35.003+0000] {dagbag.py:525} INFO - Filling up the DagBag from /home/airflow/.local/lib/python3.7/site-packages/airflow/example_dags/example_branch_operator_decorator.py
[2023-01-20T23:51:35.023+0000] {processor.py:768} INFO - DAG(s) dict_keys(['example_branch_python_operator_decorator']) retrieved from /home/airflow/.local/lib/python3.7/site-packages/airflow/example_dags/example_branch_operator_decorator.py
[2023-01-20T23:51:35.053+0000] {logging_mixin.py:117} INFO - [2023-01-20T23:51:35.053+0000] {dag.py:2573} INFO - Sync 1 DAGs
[2023-01-20T23:51:35.071+0000] {logging_mixin.py:117} INFO - [2023-01-20T23:51:35.071+0000] {dag.py:3328} INFO - Setting next_dagrun for example_branch_python_operator_decorator to 2023-01-19T00:00:00+00:00, run_after=2023-01-20T00:00:00+00:00
[2023-01-20T23:51:35.083+0000] {processor.py:178} INFO - Processing /home/airflow/.local/lib/python3.7/site-packages/airflow/example_dags/example_branch_operator_decorator.py took 0.086 seconds
[2023-01-20T23:52:05.575+0000] {processor.py:156} INFO - Started process (PID=1504) to work on /home/airflow/.local/lib/python3.7/site-packages/airflow/example_dags/example_branch_operator_decorator.py
[2023-01-20T23:52:05.577+0000] {processor.py:758} INFO - Processing file /home/airflow/.local/lib/python3.7/site-packages/airflow/example_dags/example_branch_operator_decorator.py for tasks to queue
[2023-01-20T23:52:05.578+0000] {logging_mixin.py:117} INFO - [2023-01-20T23:52:05.578+0000] {dagbag.py:525} INFO - Filling up the DagBag from /home/airflow/.local/lib/python3.7/site-packages/airflow/example_dags/example_branch_operator_decorator.py
[2023-01-20T23:52:05.598+0000] {processor.py:768} INFO - DAG(s) dict_keys(['example_branch_python_operator_decorator']) retrieved from /home/airflow/.local/lib/python3.7/site-packages/airflow/example_dags/example_branch_operator_decorator.py
[2023-01-20T23:52:05.627+0000] {logging_mixin.py:117} INFO - [2023-01-20T23:52:05.627+0000] {dag.py:2573} INFO - Sync 1 DAGs
[2023-01-20T23:52:05.644+0000] {logging_mixin.py:117} INFO - [2023-01-20T23:52:05.644+0000] {dag.py:3328} INFO - Setting next_dagrun for example_branch_python_operator_decorator to 2023-01-19T00:00:00+00:00, run_after=2023-01-20T00:00:00+00:00
[2023-01-20T23:52:05.656+0000] {processor.py:178} INFO - Processing /home/airflow/.local/lib/python3.7/site-packages/airflow/example_dags/example_branch_operator_decorator.py took 0.083 seconds
[2023-01-20T23:52:36.083+0000] {processor.py:156} INFO - Started process (PID=1567) to work on /home/airflow/.local/lib/python3.7/site-packages/airflow/example_dags/example_branch_operator_decorator.py
[2023-01-20T23:52:36.084+0000] {processor.py:758} INFO - Processing file /home/airflow/.local/lib/python3.7/site-packages/airflow/example_dags/example_branch_operator_decorator.py for tasks to queue
[2023-01-20T23:52:36.085+0000] {logging_mixin.py:117} INFO - [2023-01-20T23:52:36.085+0000] {dagbag.py:525} INFO - Filling up the DagBag from /home/airflow/.local/lib/python3.7/site-packages/airflow/example_dags/example_branch_operator_decorator.py
[2023-01-20T23:52:36.103+0000] {processor.py:768} INFO - DAG(s) dict_keys(['example_branch_python_operator_decorator']) retrieved from /home/airflow/.local/lib/python3.7/site-packages/airflow/example_dags/example_branch_operator_decorator.py
[2023-01-20T23:52:36.132+0000] {logging_mixin.py:117} INFO - [2023-01-20T23:52:36.132+0000] {dag.py:2573} INFO - Sync 1 DAGs
[2023-01-20T23:52:36.149+0000] {logging_mixin.py:117} INFO - [2023-01-20T23:52:36.149+0000] {dag.py:3328} INFO - Setting next_dagrun for example_branch_python_operator_decorator to 2023-01-19T00:00:00+00:00, run_after=2023-01-20T00:00:00+00:00
[2023-01-20T23:52:36.160+0000] {processor.py:178} INFO - Processing /home/airflow/.local/lib/python3.7/site-packages/airflow/example_dags/example_branch_operator_decorator.py took 0.080 seconds
[2023-01-20T23:53:06.433+0000] {processor.py:156} INFO - Started process (PID=1630) to work on /home/airflow/.local/lib/python3.7/site-packages/airflow/example_dags/example_branch_operator_decorator.py
[2023-01-20T23:53:06.435+0000] {processor.py:758} INFO - Processing file /home/airflow/.local/lib/python3.7/site-packages/airflow/example_dags/example_branch_operator_decorator.py for tasks to queue
[2023-01-20T23:53:06.436+0000] {logging_mixin.py:117} INFO - [2023-01-20T23:53:06.436+0000] {dagbag.py:525} INFO - Filling up the DagBag from /home/airflow/.local/lib/python3.7/site-packages/airflow/example_dags/example_branch_operator_decorator.py
[2023-01-20T23:53:06.453+0000] {processor.py:768} INFO - DAG(s) dict_keys(['example_branch_python_operator_decorator']) retrieved from /home/airflow/.local/lib/python3.7/site-packages/airflow/example_dags/example_branch_operator_decorator.py
[2023-01-20T23:53:06.481+0000] {logging_mixin.py:117} INFO - [2023-01-20T23:53:06.481+0000] {dag.py:2573} INFO - Sync 1 DAGs
[2023-01-20T23:53:06.499+0000] {logging_mixin.py:117} INFO - [2023-01-20T23:53:06.499+0000] {dag.py:3328} INFO - Setting next_dagrun for example_branch_python_operator_decorator to 2023-01-19T00:00:00+00:00, run_after=2023-01-20T00:00:00+00:00
[2023-01-20T23:53:06.510+0000] {processor.py:178} INFO - Processing /home/airflow/.local/lib/python3.7/site-packages/airflow/example_dags/example_branch_operator_decorator.py took 0.080 seconds
[2023-01-20T23:53:37.107+0000] {processor.py:156} INFO - Started process (PID=1693) to work on /home/airflow/.local/lib/python3.7/site-packages/airflow/example_dags/example_branch_operator_decorator.py
[2023-01-20T23:53:37.109+0000] {processor.py:758} INFO - Processing file /home/airflow/.local/lib/python3.7/site-packages/airflow/example_dags/example_branch_operator_decorator.py for tasks to queue
[2023-01-20T23:53:37.110+0000] {logging_mixin.py:117} INFO - [2023-01-20T23:53:37.110+0000] {dagbag.py:525} INFO - Filling up the DagBag from /home/airflow/.local/lib/python3.7/site-packages/airflow/example_dags/example_branch_operator_decorator.py
[2023-01-20T23:53:37.131+0000] {processor.py:768} INFO - DAG(s) dict_keys(['example_branch_python_operator_decorator']) retrieved from /home/airflow/.local/lib/python3.7/site-packages/airflow/example_dags/example_branch_operator_decorator.py
[2023-01-20T23:53:37.168+0000] {logging_mixin.py:117} INFO - [2023-01-20T23:53:37.168+0000] {dag.py:2573} INFO - Sync 1 DAGs
[2023-01-20T23:53:37.189+0000] {logging_mixin.py:117} INFO - [2023-01-20T23:53:37.189+0000] {dag.py:3328} INFO - Setting next_dagrun for example_branch_python_operator_decorator to 2023-01-19T00:00:00+00:00, run_after=2023-01-20T00:00:00+00:00
[2023-01-20T23:53:37.201+0000] {processor.py:178} INFO - Processing /home/airflow/.local/lib/python3.7/site-packages/airflow/example_dags/example_branch_operator_decorator.py took 0.099 seconds
[2023-01-20T23:54:07.413+0000] {processor.py:156} INFO - Started process (PID=1757) to work on /home/airflow/.local/lib/python3.7/site-packages/airflow/example_dags/example_branch_operator_decorator.py
[2023-01-20T23:54:07.415+0000] {processor.py:758} INFO - Processing file /home/airflow/.local/lib/python3.7/site-packages/airflow/example_dags/example_branch_operator_decorator.py for tasks to queue
[2023-01-20T23:54:07.416+0000] {logging_mixin.py:117} INFO - [2023-01-20T23:54:07.416+0000] {dagbag.py:525} INFO - Filling up the DagBag from /home/airflow/.local/lib/python3.7/site-packages/airflow/example_dags/example_branch_operator_decorator.py
[2023-01-20T23:54:07.439+0000] {processor.py:768} INFO - DAG(s) dict_keys(['example_branch_python_operator_decorator']) retrieved from /home/airflow/.local/lib/python3.7/site-packages/airflow/example_dags/example_branch_operator_decorator.py
[2023-01-20T23:54:07.472+0000] {logging_mixin.py:117} INFO - [2023-01-20T23:54:07.472+0000] {dag.py:2573} INFO - Sync 1 DAGs
[2023-01-20T23:54:07.490+0000] {logging_mixin.py:117} INFO - [2023-01-20T23:54:07.490+0000] {dag.py:3328} INFO - Setting next_dagrun for example_branch_python_operator_decorator to 2023-01-19T00:00:00+00:00, run_after=2023-01-20T00:00:00+00:00
[2023-01-20T23:54:07.502+0000] {processor.py:178} INFO - Processing /home/airflow/.local/lib/python3.7/site-packages/airflow/example_dags/example_branch_operator_decorator.py took 0.092 seconds
[2023-01-20T23:54:53.272+0000] {processor.py:156} INFO - Started process (PID=34) to work on /home/airflow/.local/lib/python3.7/site-packages/airflow/example_dags/example_branch_operator_decorator.py
[2023-01-20T23:54:53.273+0000] {processor.py:758} INFO - Processing file /home/airflow/.local/lib/python3.7/site-packages/airflow/example_dags/example_branch_operator_decorator.py for tasks to queue
[2023-01-20T23:54:53.274+0000] {logging_mixin.py:117} INFO - [2023-01-20T23:54:53.274+0000] {dagbag.py:525} INFO - Filling up the DagBag from /home/airflow/.local/lib/python3.7/site-packages/airflow/example_dags/example_branch_operator_decorator.py
[2023-01-20T23:54:53.303+0000] {processor.py:768} INFO - DAG(s) dict_keys(['example_branch_python_operator_decorator']) retrieved from /home/airflow/.local/lib/python3.7/site-packages/airflow/example_dags/example_branch_operator_decorator.py
[2023-01-20T23:54:53.487+0000] {logging_mixin.py:117} INFO - [2023-01-20T23:54:53.486+0000] {dag.py:2573} INFO - Sync 1 DAGs
[2023-01-20T23:54:53.519+0000] {logging_mixin.py:117} INFO - [2023-01-20T23:54:53.519+0000] {dag.py:3328} INFO - Setting next_dagrun for example_branch_python_operator_decorator to 2023-01-19T00:00:00+00:00, run_after=2023-01-20T00:00:00+00:00
[2023-01-20T23:54:53.536+0000] {processor.py:178} INFO - Processing /home/airflow/.local/lib/python3.7/site-packages/airflow/example_dags/example_branch_operator_decorator.py took 0.268 seconds
[2023-01-20T23:55:23.620+0000] {processor.py:156} INFO - Started process (PID=98) to work on /home/airflow/.local/lib/python3.7/site-packages/airflow/example_dags/example_branch_operator_decorator.py
[2023-01-20T23:55:23.622+0000] {processor.py:758} INFO - Processing file /home/airflow/.local/lib/python3.7/site-packages/airflow/example_dags/example_branch_operator_decorator.py for tasks to queue
[2023-01-20T23:55:23.622+0000] {logging_mixin.py:117} INFO - [2023-01-20T23:55:23.622+0000] {dagbag.py:525} INFO - Filling up the DagBag from /home/airflow/.local/lib/python3.7/site-packages/airflow/example_dags/example_branch_operator_decorator.py
[2023-01-20T23:55:23.639+0000] {processor.py:768} INFO - DAG(s) dict_keys(['example_branch_python_operator_decorator']) retrieved from /home/airflow/.local/lib/python3.7/site-packages/airflow/example_dags/example_branch_operator_decorator.py
[2023-01-20T23:55:23.777+0000] {logging_mixin.py:117} INFO - [2023-01-20T23:55:23.777+0000] {dag.py:2573} INFO - Sync 1 DAGs
[2023-01-20T23:55:23.792+0000] {logging_mixin.py:117} INFO - [2023-01-20T23:55:23.792+0000] {dag.py:3328} INFO - Setting next_dagrun for example_branch_python_operator_decorator to 2023-01-19T00:00:00+00:00, run_after=2023-01-20T00:00:00+00:00
[2023-01-20T23:55:23.804+0000] {processor.py:178} INFO - Processing /home/airflow/.local/lib/python3.7/site-packages/airflow/example_dags/example_branch_operator_decorator.py took 0.187 seconds
[2023-01-20T23:57:21.177+0000] {processor.py:156} INFO - Started process (PID=35) to work on /home/airflow/.local/lib/python3.7/site-packages/airflow/example_dags/example_branch_operator_decorator.py
[2023-01-20T23:57:21.180+0000] {processor.py:758} INFO - Processing file /home/airflow/.local/lib/python3.7/site-packages/airflow/example_dags/example_branch_operator_decorator.py for tasks to queue
[2023-01-20T23:57:21.185+0000] {logging_mixin.py:117} INFO - [2023-01-20T23:57:21.184+0000] {dagbag.py:525} INFO - Filling up the DagBag from /home/airflow/.local/lib/python3.7/site-packages/airflow/example_dags/example_branch_operator_decorator.py
[2023-01-20T23:57:21.236+0000] {processor.py:768} INFO - DAG(s) dict_keys(['example_branch_python_operator_decorator']) retrieved from /home/airflow/.local/lib/python3.7/site-packages/airflow/example_dags/example_branch_operator_decorator.py
[2023-01-20T23:57:21.644+0000] {logging_mixin.py:117} INFO - [2023-01-20T23:57:21.644+0000] {dag.py:2573} INFO - Sync 1 DAGs
[2023-01-20T23:57:21.698+0000] {logging_mixin.py:117} INFO - [2023-01-20T23:57:21.698+0000] {dag.py:3328} INFO - Setting next_dagrun for example_branch_python_operator_decorator to 2023-01-19T00:00:00+00:00, run_after=2023-01-20T00:00:00+00:00
[2023-01-20T23:57:21.726+0000] {processor.py:178} INFO - Processing /home/airflow/.local/lib/python3.7/site-packages/airflow/example_dags/example_branch_operator_decorator.py took 0.553 seconds
[2023-01-20T23:57:52.329+0000] {processor.py:156} INFO - Started process (PID=88) to work on /home/airflow/.local/lib/python3.7/site-packages/airflow/example_dags/example_branch_operator_decorator.py
[2023-01-20T23:57:52.330+0000] {processor.py:758} INFO - Processing file /home/airflow/.local/lib/python3.7/site-packages/airflow/example_dags/example_branch_operator_decorator.py for tasks to queue
[2023-01-20T23:57:52.331+0000] {logging_mixin.py:117} INFO - [2023-01-20T23:57:52.331+0000] {dagbag.py:525} INFO - Filling up the DagBag from /home/airflow/.local/lib/python3.7/site-packages/airflow/example_dags/example_branch_operator_decorator.py
[2023-01-20T23:57:52.350+0000] {processor.py:768} INFO - DAG(s) dict_keys(['example_branch_python_operator_decorator']) retrieved from /home/airflow/.local/lib/python3.7/site-packages/airflow/example_dags/example_branch_operator_decorator.py
[2023-01-20T23:57:52.504+0000] {logging_mixin.py:117} INFO - [2023-01-20T23:57:52.503+0000] {dag.py:2573} INFO - Sync 1 DAGs
[2023-01-20T23:57:52.522+0000] {logging_mixin.py:117} INFO - [2023-01-20T23:57:52.522+0000] {dag.py:3328} INFO - Setting next_dagrun for example_branch_python_operator_decorator to 2023-01-19T00:00:00+00:00, run_after=2023-01-20T00:00:00+00:00
[2023-01-20T23:57:52.537+0000] {processor.py:178} INFO - Processing /home/airflow/.local/lib/python3.7/site-packages/airflow/example_dags/example_branch_operator_decorator.py took 0.211 seconds
[2023-01-20T23:58:23.950+0000] {processor.py:156} INFO - Started process (PID=150) to work on /home/airflow/.local/lib/python3.7/site-packages/airflow/example_dags/example_branch_operator_decorator.py
[2023-01-20T23:58:23.952+0000] {processor.py:758} INFO - Processing file /home/airflow/.local/lib/python3.7/site-packages/airflow/example_dags/example_branch_operator_decorator.py for tasks to queue
[2023-01-20T23:58:23.953+0000] {logging_mixin.py:117} INFO - [2023-01-20T23:58:23.952+0000] {dagbag.py:525} INFO - Filling up the DagBag from /home/airflow/.local/lib/python3.7/site-packages/airflow/example_dags/example_branch_operator_decorator.py
[2023-01-20T23:58:24.109+0000] {processor.py:768} INFO - DAG(s) dict_keys(['example_branch_python_operator_decorator']) retrieved from /home/airflow/.local/lib/python3.7/site-packages/airflow/example_dags/example_branch_operator_decorator.py
[2023-01-20T23:58:24.152+0000] {logging_mixin.py:117} INFO - [2023-01-20T23:58:24.151+0000] {dag.py:2573} INFO - Sync 1 DAGs
[2023-01-20T23:58:24.199+0000] {logging_mixin.py:117} INFO - [2023-01-20T23:58:24.199+0000] {dag.py:3328} INFO - Setting next_dagrun for example_branch_python_operator_decorator to 2023-01-19T00:00:00+00:00, run_after=2023-01-20T00:00:00+00:00
[2023-01-20T23:58:24.239+0000] {processor.py:178} INFO - Processing /home/airflow/.local/lib/python3.7/site-packages/airflow/example_dags/example_branch_operator_decorator.py took 0.293 seconds
[2023-01-20T23:58:55.191+0000] {processor.py:156} INFO - Started process (PID=213) to work on /home/airflow/.local/lib/python3.7/site-packages/airflow/example_dags/example_branch_operator_decorator.py
[2023-01-20T23:58:55.193+0000] {processor.py:758} INFO - Processing file /home/airflow/.local/lib/python3.7/site-packages/airflow/example_dags/example_branch_operator_decorator.py for tasks to queue
[2023-01-20T23:58:55.194+0000] {logging_mixin.py:117} INFO - [2023-01-20T23:58:55.194+0000] {dagbag.py:525} INFO - Filling up the DagBag from /home/airflow/.local/lib/python3.7/site-packages/airflow/example_dags/example_branch_operator_decorator.py
[2023-01-20T23:58:55.356+0000] {processor.py:768} INFO - DAG(s) dict_keys(['example_branch_python_operator_decorator']) retrieved from /home/airflow/.local/lib/python3.7/site-packages/airflow/example_dags/example_branch_operator_decorator.py
[2023-01-20T23:58:55.380+0000] {logging_mixin.py:117} INFO - [2023-01-20T23:58:55.380+0000] {dag.py:2573} INFO - Sync 1 DAGs
[2023-01-20T23:58:55.397+0000] {logging_mixin.py:117} INFO - [2023-01-20T23:58:55.397+0000] {dag.py:3328} INFO - Setting next_dagrun for example_branch_python_operator_decorator to 2023-01-19T00:00:00+00:00, run_after=2023-01-20T00:00:00+00:00
[2023-01-20T23:58:55.411+0000] {processor.py:178} INFO - Processing /home/airflow/.local/lib/python3.7/site-packages/airflow/example_dags/example_branch_operator_decorator.py took 0.223 seconds
[2023-01-20T23:59:26.043+0000] {processor.py:156} INFO - Started process (PID=274) to work on /home/airflow/.local/lib/python3.7/site-packages/airflow/example_dags/example_branch_operator_decorator.py
[2023-01-20T23:59:26.045+0000] {processor.py:758} INFO - Processing file /home/airflow/.local/lib/python3.7/site-packages/airflow/example_dags/example_branch_operator_decorator.py for tasks to queue
[2023-01-20T23:59:26.046+0000] {logging_mixin.py:117} INFO - [2023-01-20T23:59:26.046+0000] {dagbag.py:525} INFO - Filling up the DagBag from /home/airflow/.local/lib/python3.7/site-packages/airflow/example_dags/example_branch_operator_decorator.py
[2023-01-20T23:59:26.065+0000] {processor.py:768} INFO - DAG(s) dict_keys(['example_branch_python_operator_decorator']) retrieved from /home/airflow/.local/lib/python3.7/site-packages/airflow/example_dags/example_branch_operator_decorator.py
[2023-01-20T23:59:26.101+0000] {logging_mixin.py:117} INFO - [2023-01-20T23:59:26.101+0000] {dag.py:2573} INFO - Sync 1 DAGs
[2023-01-20T23:59:26.122+0000] {logging_mixin.py:117} INFO - [2023-01-20T23:59:26.121+0000] {dag.py:3328} INFO - Setting next_dagrun for example_branch_python_operator_decorator to 2023-01-19T00:00:00+00:00, run_after=2023-01-20T00:00:00+00:00
[2023-01-20T23:59:26.135+0000] {processor.py:178} INFO - Processing /home/airflow/.local/lib/python3.7/site-packages/airflow/example_dags/example_branch_operator_decorator.py took 0.096 seconds
[2023-01-20T23:59:56.475+0000] {processor.py:156} INFO - Started process (PID=330) to work on /home/airflow/.local/lib/python3.7/site-packages/airflow/example_dags/example_branch_operator_decorator.py
[2023-01-20T23:59:56.476+0000] {processor.py:758} INFO - Processing file /home/airflow/.local/lib/python3.7/site-packages/airflow/example_dags/example_branch_operator_decorator.py for tasks to queue
[2023-01-20T23:59:56.477+0000] {logging_mixin.py:117} INFO - [2023-01-20T23:59:56.477+0000] {dagbag.py:525} INFO - Filling up the DagBag from /home/airflow/.local/lib/python3.7/site-packages/airflow/example_dags/example_branch_operator_decorator.py
[2023-01-20T23:59:56.493+0000] {processor.py:768} INFO - DAG(s) dict_keys(['example_branch_python_operator_decorator']) retrieved from /home/airflow/.local/lib/python3.7/site-packages/airflow/example_dags/example_branch_operator_decorator.py
[2023-01-20T23:59:56.522+0000] {logging_mixin.py:117} INFO - [2023-01-20T23:59:56.522+0000] {dag.py:2573} INFO - Sync 1 DAGs
[2023-01-20T23:59:56.539+0000] {logging_mixin.py:117} INFO - [2023-01-20T23:59:56.539+0000] {dag.py:3328} INFO - Setting next_dagrun for example_branch_python_operator_decorator to 2023-01-19T00:00:00+00:00, run_after=2023-01-20T00:00:00+00:00
[2023-01-20T23:59:56.551+0000] {processor.py:178} INFO - Processing /home/airflow/.local/lib/python3.7/site-packages/airflow/example_dags/example_branch_operator_decorator.py took 0.079 seconds
