[2023-01-20T23:40:09.283+0000] {processor.py:156} INFO - Started process (PID=70) to work on /home/airflow/.local/lib/python3.7/site-packages/airflow/example_dags/example_branch_day_of_week_operator.py
[2023-01-20T23:40:09.284+0000] {processor.py:758} INFO - Processing file /home/airflow/.local/lib/python3.7/site-packages/airflow/example_dags/example_branch_day_of_week_operator.py for tasks to queue
[2023-01-20T23:40:09.286+0000] {logging_mixin.py:117} INFO - [2023-01-20T23:40:09.286+0000] {dagbag.py:525} INFO - Filling up the DagBag from /home/airflow/.local/lib/python3.7/site-packages/airflow/example_dags/example_branch_day_of_week_operator.py
[2023-01-20T23:40:09.299+0000] {processor.py:768} INFO - DAG(s) dict_keys(['example_weekday_branch_operator']) retrieved from /home/airflow/.local/lib/python3.7/site-packages/airflow/example_dags/example_branch_day_of_week_operator.py
[2023-01-20T23:40:09.456+0000] {logging_mixin.py:117} INFO - [2023-01-20T23:40:09.456+0000] {dag.py:2573} INFO - Sync 1 DAGs
[2023-01-20T23:40:09.473+0000] {logging_mixin.py:117} INFO - [2023-01-20T23:40:09.472+0000] {dag.py:3328} INFO - Setting next_dagrun for example_weekday_branch_operator to 2023-01-19T00:00:00+00:00, run_after=2023-01-20T00:00:00+00:00
[2023-01-20T23:40:09.484+0000] {processor.py:178} INFO - Processing /home/airflow/.local/lib/python3.7/site-packages/airflow/example_dags/example_branch_day_of_week_operator.py took 0.203 seconds
[2023-01-20T23:40:40.005+0000] {processor.py:156} INFO - Started process (PID=134) to work on /home/airflow/.local/lib/python3.7/site-packages/airflow/example_dags/example_branch_day_of_week_operator.py
[2023-01-20T23:40:40.006+0000] {processor.py:758} INFO - Processing file /home/airflow/.local/lib/python3.7/site-packages/airflow/example_dags/example_branch_day_of_week_operator.py for tasks to queue
[2023-01-20T23:40:40.007+0000] {logging_mixin.py:117} INFO - [2023-01-20T23:40:40.007+0000] {dagbag.py:525} INFO - Filling up the DagBag from /home/airflow/.local/lib/python3.7/site-packages/airflow/example_dags/example_branch_day_of_week_operator.py
[2023-01-20T23:40:40.020+0000] {processor.py:768} INFO - DAG(s) dict_keys(['example_weekday_branch_operator']) retrieved from /home/airflow/.local/lib/python3.7/site-packages/airflow/example_dags/example_branch_day_of_week_operator.py
[2023-01-20T23:40:40.212+0000] {logging_mixin.py:117} INFO - [2023-01-20T23:40:40.212+0000] {dag.py:2573} INFO - Sync 1 DAGs
[2023-01-20T23:40:40.230+0000] {logging_mixin.py:117} INFO - [2023-01-20T23:40:40.230+0000] {dag.py:3328} INFO - Setting next_dagrun for example_weekday_branch_operator to 2023-01-19T00:00:00+00:00, run_after=2023-01-20T00:00:00+00:00
[2023-01-20T23:40:40.241+0000] {processor.py:178} INFO - Processing /home/airflow/.local/lib/python3.7/site-packages/airflow/example_dags/example_branch_day_of_week_operator.py took 0.238 seconds
[2023-01-20T23:41:11.231+0000] {processor.py:156} INFO - Started process (PID=198) to work on /home/airflow/.local/lib/python3.7/site-packages/airflow/example_dags/example_branch_day_of_week_operator.py
[2023-01-20T23:41:11.232+0000] {processor.py:758} INFO - Processing file /home/airflow/.local/lib/python3.7/site-packages/airflow/example_dags/example_branch_day_of_week_operator.py for tasks to queue
[2023-01-20T23:41:11.234+0000] {logging_mixin.py:117} INFO - [2023-01-20T23:41:11.233+0000] {dagbag.py:525} INFO - Filling up the DagBag from /home/airflow/.local/lib/python3.7/site-packages/airflow/example_dags/example_branch_day_of_week_operator.py
[2023-01-20T23:41:11.548+0000] {processor.py:768} INFO - DAG(s) dict_keys(['example_weekday_branch_operator']) retrieved from /home/airflow/.local/lib/python3.7/site-packages/airflow/example_dags/example_branch_day_of_week_operator.py
[2023-01-20T23:41:11.581+0000] {logging_mixin.py:117} INFO - [2023-01-20T23:41:11.581+0000] {dag.py:2573} INFO - Sync 1 DAGs
[2023-01-20T23:41:11.617+0000] {logging_mixin.py:117} INFO - [2023-01-20T23:41:11.617+0000] {dag.py:3328} INFO - Setting next_dagrun for example_weekday_branch_operator to 2023-01-19T00:00:00+00:00, run_after=2023-01-20T00:00:00+00:00
[2023-01-20T23:41:11.673+0000] {processor.py:178} INFO - Processing /home/airflow/.local/lib/python3.7/site-packages/airflow/example_dags/example_branch_day_of_week_operator.py took 0.446 seconds
[2023-01-20T23:41:42.623+0000] {processor.py:156} INFO - Started process (PID=252) to work on /home/airflow/.local/lib/python3.7/site-packages/airflow/example_dags/example_branch_day_of_week_operator.py
[2023-01-20T23:41:42.625+0000] {processor.py:758} INFO - Processing file /home/airflow/.local/lib/python3.7/site-packages/airflow/example_dags/example_branch_day_of_week_operator.py for tasks to queue
[2023-01-20T23:41:42.626+0000] {logging_mixin.py:117} INFO - [2023-01-20T23:41:42.626+0000] {dagbag.py:525} INFO - Filling up the DagBag from /home/airflow/.local/lib/python3.7/site-packages/airflow/example_dags/example_branch_day_of_week_operator.py
[2023-01-20T23:41:42.645+0000] {processor.py:768} INFO - DAG(s) dict_keys(['example_weekday_branch_operator']) retrieved from /home/airflow/.local/lib/python3.7/site-packages/airflow/example_dags/example_branch_day_of_week_operator.py
[2023-01-20T23:41:42.681+0000] {logging_mixin.py:117} INFO - [2023-01-20T23:41:42.681+0000] {dag.py:2573} INFO - Sync 1 DAGs
[2023-01-20T23:41:42.698+0000] {logging_mixin.py:117} INFO - [2023-01-20T23:41:42.698+0000] {dag.py:3328} INFO - Setting next_dagrun for example_weekday_branch_operator to 2023-01-19T00:00:00+00:00, run_after=2023-01-20T00:00:00+00:00
[2023-01-20T23:41:42.712+0000] {processor.py:178} INFO - Processing /home/airflow/.local/lib/python3.7/site-packages/airflow/example_dags/example_branch_day_of_week_operator.py took 0.094 seconds
[2023-01-20T23:42:13.079+0000] {processor.py:156} INFO - Started process (PID=315) to work on /home/airflow/.local/lib/python3.7/site-packages/airflow/example_dags/example_branch_day_of_week_operator.py
[2023-01-20T23:42:13.082+0000] {processor.py:758} INFO - Processing file /home/airflow/.local/lib/python3.7/site-packages/airflow/example_dags/example_branch_day_of_week_operator.py for tasks to queue
[2023-01-20T23:42:13.084+0000] {logging_mixin.py:117} INFO - [2023-01-20T23:42:13.084+0000] {dagbag.py:525} INFO - Filling up the DagBag from /home/airflow/.local/lib/python3.7/site-packages/airflow/example_dags/example_branch_day_of_week_operator.py
[2023-01-20T23:42:13.110+0000] {processor.py:768} INFO - DAG(s) dict_keys(['example_weekday_branch_operator']) retrieved from /home/airflow/.local/lib/python3.7/site-packages/airflow/example_dags/example_branch_day_of_week_operator.py
[2023-01-20T23:42:13.147+0000] {logging_mixin.py:117} INFO - [2023-01-20T23:42:13.147+0000] {dag.py:2573} INFO - Sync 1 DAGs
[2023-01-20T23:42:13.164+0000] {logging_mixin.py:117} INFO - [2023-01-20T23:42:13.164+0000] {dag.py:3328} INFO - Setting next_dagrun for example_weekday_branch_operator to 2023-01-19T00:00:00+00:00, run_after=2023-01-20T00:00:00+00:00
[2023-01-20T23:42:13.176+0000] {processor.py:178} INFO - Processing /home/airflow/.local/lib/python3.7/site-packages/airflow/example_dags/example_branch_day_of_week_operator.py took 0.104 seconds
[2023-01-20T23:42:43.838+0000] {processor.py:156} INFO - Started process (PID=378) to work on /home/airflow/.local/lib/python3.7/site-packages/airflow/example_dags/example_branch_day_of_week_operator.py
[2023-01-20T23:42:43.840+0000] {processor.py:758} INFO - Processing file /home/airflow/.local/lib/python3.7/site-packages/airflow/example_dags/example_branch_day_of_week_operator.py for tasks to queue
[2023-01-20T23:42:43.842+0000] {logging_mixin.py:117} INFO - [2023-01-20T23:42:43.842+0000] {dagbag.py:525} INFO - Filling up the DagBag from /home/airflow/.local/lib/python3.7/site-packages/airflow/example_dags/example_branch_day_of_week_operator.py
[2023-01-20T23:42:43.862+0000] {processor.py:768} INFO - DAG(s) dict_keys(['example_weekday_branch_operator']) retrieved from /home/airflow/.local/lib/python3.7/site-packages/airflow/example_dags/example_branch_day_of_week_operator.py
[2023-01-20T23:42:43.891+0000] {logging_mixin.py:117} INFO - [2023-01-20T23:42:43.891+0000] {dag.py:2573} INFO - Sync 1 DAGs
[2023-01-20T23:42:43.909+0000] {logging_mixin.py:117} INFO - [2023-01-20T23:42:43.909+0000] {dag.py:3328} INFO - Setting next_dagrun for example_weekday_branch_operator to 2023-01-19T00:00:00+00:00, run_after=2023-01-20T00:00:00+00:00
[2023-01-20T23:42:43.921+0000] {processor.py:178} INFO - Processing /home/airflow/.local/lib/python3.7/site-packages/airflow/example_dags/example_branch_day_of_week_operator.py took 0.089 seconds
[2023-01-20T23:43:14.716+0000] {processor.py:156} INFO - Started process (PID=442) to work on /home/airflow/.local/lib/python3.7/site-packages/airflow/example_dags/example_branch_day_of_week_operator.py
[2023-01-20T23:43:14.720+0000] {processor.py:758} INFO - Processing file /home/airflow/.local/lib/python3.7/site-packages/airflow/example_dags/example_branch_day_of_week_operator.py for tasks to queue
[2023-01-20T23:43:14.723+0000] {logging_mixin.py:117} INFO - [2023-01-20T23:43:14.723+0000] {dagbag.py:525} INFO - Filling up the DagBag from /home/airflow/.local/lib/python3.7/site-packages/airflow/example_dags/example_branch_day_of_week_operator.py
[2023-01-20T23:43:14.754+0000] {processor.py:768} INFO - DAG(s) dict_keys(['example_weekday_branch_operator']) retrieved from /home/airflow/.local/lib/python3.7/site-packages/airflow/example_dags/example_branch_day_of_week_operator.py
[2023-01-20T23:43:14.822+0000] {logging_mixin.py:117} INFO - [2023-01-20T23:43:14.822+0000] {dag.py:2573} INFO - Sync 1 DAGs
[2023-01-20T23:43:14.885+0000] {logging_mixin.py:117} INFO - [2023-01-20T23:43:14.885+0000] {dag.py:3328} INFO - Setting next_dagrun for example_weekday_branch_operator to 2023-01-19T00:00:00+00:00, run_after=2023-01-20T00:00:00+00:00
[2023-01-20T23:43:14.946+0000] {processor.py:178} INFO - Processing /home/airflow/.local/lib/python3.7/site-packages/airflow/example_dags/example_branch_day_of_week_operator.py took 0.236 seconds
[2023-01-20T23:43:45.481+0000] {processor.py:156} INFO - Started process (PID=505) to work on /home/airflow/.local/lib/python3.7/site-packages/airflow/example_dags/example_branch_day_of_week_operator.py
[2023-01-20T23:43:45.484+0000] {processor.py:758} INFO - Processing file /home/airflow/.local/lib/python3.7/site-packages/airflow/example_dags/example_branch_day_of_week_operator.py for tasks to queue
[2023-01-20T23:43:45.485+0000] {logging_mixin.py:117} INFO - [2023-01-20T23:43:45.485+0000] {dagbag.py:525} INFO - Filling up the DagBag from /home/airflow/.local/lib/python3.7/site-packages/airflow/example_dags/example_branch_day_of_week_operator.py
[2023-01-20T23:43:45.506+0000] {processor.py:768} INFO - DAG(s) dict_keys(['example_weekday_branch_operator']) retrieved from /home/airflow/.local/lib/python3.7/site-packages/airflow/example_dags/example_branch_day_of_week_operator.py
[2023-01-20T23:43:45.536+0000] {logging_mixin.py:117} INFO - [2023-01-20T23:43:45.536+0000] {dag.py:2573} INFO - Sync 1 DAGs
[2023-01-20T23:43:45.551+0000] {logging_mixin.py:117} INFO - [2023-01-20T23:43:45.551+0000] {dag.py:3328} INFO - Setting next_dagrun for example_weekday_branch_operator to 2023-01-19T00:00:00+00:00, run_after=2023-01-20T00:00:00+00:00
[2023-01-20T23:43:45.561+0000] {processor.py:178} INFO - Processing /home/airflow/.local/lib/python3.7/site-packages/airflow/example_dags/example_branch_day_of_week_operator.py took 0.086 seconds
[2023-01-20T23:44:15.947+0000] {processor.py:156} INFO - Started process (PID=568) to work on /home/airflow/.local/lib/python3.7/site-packages/airflow/example_dags/example_branch_day_of_week_operator.py
[2023-01-20T23:44:15.950+0000] {processor.py:758} INFO - Processing file /home/airflow/.local/lib/python3.7/site-packages/airflow/example_dags/example_branch_day_of_week_operator.py for tasks to queue
[2023-01-20T23:44:15.952+0000] {logging_mixin.py:117} INFO - [2023-01-20T23:44:15.952+0000] {dagbag.py:525} INFO - Filling up the DagBag from /home/airflow/.local/lib/python3.7/site-packages/airflow/example_dags/example_branch_day_of_week_operator.py
[2023-01-20T23:44:15.975+0000] {processor.py:768} INFO - DAG(s) dict_keys(['example_weekday_branch_operator']) retrieved from /home/airflow/.local/lib/python3.7/site-packages/airflow/example_dags/example_branch_day_of_week_operator.py
[2023-01-20T23:44:16.018+0000] {logging_mixin.py:117} INFO - [2023-01-20T23:44:16.018+0000] {dag.py:2573} INFO - Sync 1 DAGs
[2023-01-20T23:44:16.037+0000] {logging_mixin.py:117} INFO - [2023-01-20T23:44:16.037+0000] {dag.py:3328} INFO - Setting next_dagrun for example_weekday_branch_operator to 2023-01-19T00:00:00+00:00, run_after=2023-01-20T00:00:00+00:00
[2023-01-20T23:44:16.049+0000] {processor.py:178} INFO - Processing /home/airflow/.local/lib/python3.7/site-packages/airflow/example_dags/example_branch_day_of_week_operator.py took 0.111 seconds
[2023-01-20T23:44:46.283+0000] {processor.py:156} INFO - Started process (PID=622) to work on /home/airflow/.local/lib/python3.7/site-packages/airflow/example_dags/example_branch_day_of_week_operator.py
[2023-01-20T23:44:46.286+0000] {processor.py:758} INFO - Processing file /home/airflow/.local/lib/python3.7/site-packages/airflow/example_dags/example_branch_day_of_week_operator.py for tasks to queue
[2023-01-20T23:44:46.287+0000] {logging_mixin.py:117} INFO - [2023-01-20T23:44:46.287+0000] {dagbag.py:525} INFO - Filling up the DagBag from /home/airflow/.local/lib/python3.7/site-packages/airflow/example_dags/example_branch_day_of_week_operator.py
[2023-01-20T23:44:46.309+0000] {processor.py:768} INFO - DAG(s) dict_keys(['example_weekday_branch_operator']) retrieved from /home/airflow/.local/lib/python3.7/site-packages/airflow/example_dags/example_branch_day_of_week_operator.py
[2023-01-20T23:44:46.343+0000] {logging_mixin.py:117} INFO - [2023-01-20T23:44:46.342+0000] {dag.py:2573} INFO - Sync 1 DAGs
[2023-01-20T23:44:46.360+0000] {logging_mixin.py:117} INFO - [2023-01-20T23:44:46.360+0000] {dag.py:3328} INFO - Setting next_dagrun for example_weekday_branch_operator to 2023-01-19T00:00:00+00:00, run_after=2023-01-20T00:00:00+00:00
[2023-01-20T23:44:46.371+0000] {processor.py:178} INFO - Processing /home/airflow/.local/lib/python3.7/site-packages/airflow/example_dags/example_branch_day_of_week_operator.py took 0.094 seconds
[2023-01-20T23:45:16.655+0000] {processor.py:156} INFO - Started process (PID=685) to work on /home/airflow/.local/lib/python3.7/site-packages/airflow/example_dags/example_branch_day_of_week_operator.py
[2023-01-20T23:45:16.657+0000] {processor.py:758} INFO - Processing file /home/airflow/.local/lib/python3.7/site-packages/airflow/example_dags/example_branch_day_of_week_operator.py for tasks to queue
[2023-01-20T23:45:16.658+0000] {logging_mixin.py:117} INFO - [2023-01-20T23:45:16.658+0000] {dagbag.py:525} INFO - Filling up the DagBag from /home/airflow/.local/lib/python3.7/site-packages/airflow/example_dags/example_branch_day_of_week_operator.py
[2023-01-20T23:45:16.676+0000] {processor.py:768} INFO - DAG(s) dict_keys(['example_weekday_branch_operator']) retrieved from /home/airflow/.local/lib/python3.7/site-packages/airflow/example_dags/example_branch_day_of_week_operator.py
[2023-01-20T23:45:16.706+0000] {logging_mixin.py:117} INFO - [2023-01-20T23:45:16.706+0000] {dag.py:2573} INFO - Sync 1 DAGs
[2023-01-20T23:45:16.722+0000] {logging_mixin.py:117} INFO - [2023-01-20T23:45:16.722+0000] {dag.py:3328} INFO - Setting next_dagrun for example_weekday_branch_operator to 2023-01-19T00:00:00+00:00, run_after=2023-01-20T00:00:00+00:00
[2023-01-20T23:45:16.733+0000] {processor.py:178} INFO - Processing /home/airflow/.local/lib/python3.7/site-packages/airflow/example_dags/example_branch_day_of_week_operator.py took 0.081 seconds
[2023-01-20T23:45:46.968+0000] {processor.py:156} INFO - Started process (PID=748) to work on /home/airflow/.local/lib/python3.7/site-packages/airflow/example_dags/example_branch_day_of_week_operator.py
[2023-01-20T23:45:46.970+0000] {processor.py:758} INFO - Processing file /home/airflow/.local/lib/python3.7/site-packages/airflow/example_dags/example_branch_day_of_week_operator.py for tasks to queue
[2023-01-20T23:45:46.972+0000] {logging_mixin.py:117} INFO - [2023-01-20T23:45:46.971+0000] {dagbag.py:525} INFO - Filling up the DagBag from /home/airflow/.local/lib/python3.7/site-packages/airflow/example_dags/example_branch_day_of_week_operator.py
[2023-01-20T23:45:46.991+0000] {processor.py:768} INFO - DAG(s) dict_keys(['example_weekday_branch_operator']) retrieved from /home/airflow/.local/lib/python3.7/site-packages/airflow/example_dags/example_branch_day_of_week_operator.py
[2023-01-20T23:45:47.024+0000] {logging_mixin.py:117} INFO - [2023-01-20T23:45:47.024+0000] {dag.py:2573} INFO - Sync 1 DAGs
[2023-01-20T23:45:47.040+0000] {logging_mixin.py:117} INFO - [2023-01-20T23:45:47.040+0000] {dag.py:3328} INFO - Setting next_dagrun for example_weekday_branch_operator to 2023-01-19T00:00:00+00:00, run_after=2023-01-20T00:00:00+00:00
[2023-01-20T23:45:47.050+0000] {processor.py:178} INFO - Processing /home/airflow/.local/lib/python3.7/site-packages/airflow/example_dags/example_branch_day_of_week_operator.py took 0.088 seconds
[2023-01-20T23:46:17.289+0000] {processor.py:156} INFO - Started process (PID=811) to work on /home/airflow/.local/lib/python3.7/site-packages/airflow/example_dags/example_branch_day_of_week_operator.py
[2023-01-20T23:46:17.292+0000] {processor.py:758} INFO - Processing file /home/airflow/.local/lib/python3.7/site-packages/airflow/example_dags/example_branch_day_of_week_operator.py for tasks to queue
[2023-01-20T23:46:17.293+0000] {logging_mixin.py:117} INFO - [2023-01-20T23:46:17.293+0000] {dagbag.py:525} INFO - Filling up the DagBag from /home/airflow/.local/lib/python3.7/site-packages/airflow/example_dags/example_branch_day_of_week_operator.py
[2023-01-20T23:46:17.304+0000] {processor.py:768} INFO - DAG(s) dict_keys(['example_weekday_branch_operator']) retrieved from /home/airflow/.local/lib/python3.7/site-packages/airflow/example_dags/example_branch_day_of_week_operator.py
[2023-01-20T23:46:17.334+0000] {logging_mixin.py:117} INFO - [2023-01-20T23:46:17.334+0000] {dag.py:2573} INFO - Sync 1 DAGs
[2023-01-20T23:46:17.349+0000] {logging_mixin.py:117} INFO - [2023-01-20T23:46:17.349+0000] {dag.py:3328} INFO - Setting next_dagrun for example_weekday_branch_operator to 2023-01-19T00:00:00+00:00, run_after=2023-01-20T00:00:00+00:00
[2023-01-20T23:46:17.361+0000] {processor.py:178} INFO - Processing /home/airflow/.local/lib/python3.7/site-packages/airflow/example_dags/example_branch_day_of_week_operator.py took 0.075 seconds
[2023-01-20T23:46:47.813+0000] {processor.py:156} INFO - Started process (PID=874) to work on /home/airflow/.local/lib/python3.7/site-packages/airflow/example_dags/example_branch_day_of_week_operator.py
[2023-01-20T23:46:47.816+0000] {processor.py:758} INFO - Processing file /home/airflow/.local/lib/python3.7/site-packages/airflow/example_dags/example_branch_day_of_week_operator.py for tasks to queue
[2023-01-20T23:46:47.818+0000] {logging_mixin.py:117} INFO - [2023-01-20T23:46:47.817+0000] {dagbag.py:525} INFO - Filling up the DagBag from /home/airflow/.local/lib/python3.7/site-packages/airflow/example_dags/example_branch_day_of_week_operator.py
[2023-01-20T23:46:47.836+0000] {processor.py:768} INFO - DAG(s) dict_keys(['example_weekday_branch_operator']) retrieved from /home/airflow/.local/lib/python3.7/site-packages/airflow/example_dags/example_branch_day_of_week_operator.py
[2023-01-20T23:46:47.869+0000] {logging_mixin.py:117} INFO - [2023-01-20T23:46:47.868+0000] {dag.py:2573} INFO - Sync 1 DAGs
[2023-01-20T23:46:47.885+0000] {logging_mixin.py:117} INFO - [2023-01-20T23:46:47.885+0000] {dag.py:3328} INFO - Setting next_dagrun for example_weekday_branch_operator to 2023-01-19T00:00:00+00:00, run_after=2023-01-20T00:00:00+00:00
[2023-01-20T23:46:47.895+0000] {processor.py:178} INFO - Processing /home/airflow/.local/lib/python3.7/site-packages/airflow/example_dags/example_branch_day_of_week_operator.py took 0.089 seconds
[2023-01-20T23:47:18.332+0000] {processor.py:156} INFO - Started process (PID=937) to work on /home/airflow/.local/lib/python3.7/site-packages/airflow/example_dags/example_branch_day_of_week_operator.py
[2023-01-20T23:47:18.335+0000] {processor.py:758} INFO - Processing file /home/airflow/.local/lib/python3.7/site-packages/airflow/example_dags/example_branch_day_of_week_operator.py for tasks to queue
[2023-01-20T23:47:18.337+0000] {logging_mixin.py:117} INFO - [2023-01-20T23:47:18.337+0000] {dagbag.py:525} INFO - Filling up the DagBag from /home/airflow/.local/lib/python3.7/site-packages/airflow/example_dags/example_branch_day_of_week_operator.py
[2023-01-20T23:47:18.355+0000] {processor.py:768} INFO - DAG(s) dict_keys(['example_weekday_branch_operator']) retrieved from /home/airflow/.local/lib/python3.7/site-packages/airflow/example_dags/example_branch_day_of_week_operator.py
[2023-01-20T23:47:18.389+0000] {logging_mixin.py:117} INFO - [2023-01-20T23:47:18.389+0000] {dag.py:2573} INFO - Sync 1 DAGs
[2023-01-20T23:47:18.405+0000] {logging_mixin.py:117} INFO - [2023-01-20T23:47:18.405+0000] {dag.py:3328} INFO - Setting next_dagrun for example_weekday_branch_operator to 2023-01-19T00:00:00+00:00, run_after=2023-01-20T00:00:00+00:00
[2023-01-20T23:47:18.416+0000] {processor.py:178} INFO - Processing /home/airflow/.local/lib/python3.7/site-packages/airflow/example_dags/example_branch_day_of_week_operator.py took 0.090 seconds
[2023-01-20T23:47:48.824+0000] {processor.py:156} INFO - Started process (PID=991) to work on /home/airflow/.local/lib/python3.7/site-packages/airflow/example_dags/example_branch_day_of_week_operator.py
[2023-01-20T23:47:48.826+0000] {processor.py:758} INFO - Processing file /home/airflow/.local/lib/python3.7/site-packages/airflow/example_dags/example_branch_day_of_week_operator.py for tasks to queue
[2023-01-20T23:47:48.827+0000] {logging_mixin.py:117} INFO - [2023-01-20T23:47:48.827+0000] {dagbag.py:525} INFO - Filling up the DagBag from /home/airflow/.local/lib/python3.7/site-packages/airflow/example_dags/example_branch_day_of_week_operator.py
[2023-01-20T23:47:48.844+0000] {processor.py:768} INFO - DAG(s) dict_keys(['example_weekday_branch_operator']) retrieved from /home/airflow/.local/lib/python3.7/site-packages/airflow/example_dags/example_branch_day_of_week_operator.py
[2023-01-20T23:47:48.874+0000] {logging_mixin.py:117} INFO - [2023-01-20T23:47:48.874+0000] {dag.py:2573} INFO - Sync 1 DAGs
[2023-01-20T23:47:48.892+0000] {logging_mixin.py:117} INFO - [2023-01-20T23:47:48.892+0000] {dag.py:3328} INFO - Setting next_dagrun for example_weekday_branch_operator to 2023-01-19T00:00:00+00:00, run_after=2023-01-20T00:00:00+00:00
[2023-01-20T23:47:48.904+0000] {processor.py:178} INFO - Processing /home/airflow/.local/lib/python3.7/site-packages/airflow/example_dags/example_branch_day_of_week_operator.py took 0.085 seconds
[2023-01-20T23:48:19.267+0000] {processor.py:156} INFO - Started process (PID=1053) to work on /home/airflow/.local/lib/python3.7/site-packages/airflow/example_dags/example_branch_day_of_week_operator.py
[2023-01-20T23:48:19.269+0000] {processor.py:758} INFO - Processing file /home/airflow/.local/lib/python3.7/site-packages/airflow/example_dags/example_branch_day_of_week_operator.py for tasks to queue
[2023-01-20T23:48:19.271+0000] {logging_mixin.py:117} INFO - [2023-01-20T23:48:19.270+0000] {dagbag.py:525} INFO - Filling up the DagBag from /home/airflow/.local/lib/python3.7/site-packages/airflow/example_dags/example_branch_day_of_week_operator.py
[2023-01-20T23:48:19.289+0000] {processor.py:768} INFO - DAG(s) dict_keys(['example_weekday_branch_operator']) retrieved from /home/airflow/.local/lib/python3.7/site-packages/airflow/example_dags/example_branch_day_of_week_operator.py
[2023-01-20T23:48:19.321+0000] {logging_mixin.py:117} INFO - [2023-01-20T23:48:19.320+0000] {dag.py:2573} INFO - Sync 1 DAGs
[2023-01-20T23:48:19.335+0000] {logging_mixin.py:117} INFO - [2023-01-20T23:48:19.335+0000] {dag.py:3328} INFO - Setting next_dagrun for example_weekday_branch_operator to 2023-01-19T00:00:00+00:00, run_after=2023-01-20T00:00:00+00:00
[2023-01-20T23:48:19.346+0000] {processor.py:178} INFO - Processing /home/airflow/.local/lib/python3.7/site-packages/airflow/example_dags/example_branch_day_of_week_operator.py took 0.085 seconds
[2023-01-20T23:48:49.661+0000] {processor.py:156} INFO - Started process (PID=1116) to work on /home/airflow/.local/lib/python3.7/site-packages/airflow/example_dags/example_branch_day_of_week_operator.py
[2023-01-20T23:48:49.665+0000] {processor.py:758} INFO - Processing file /home/airflow/.local/lib/python3.7/site-packages/airflow/example_dags/example_branch_day_of_week_operator.py for tasks to queue
[2023-01-20T23:48:49.666+0000] {logging_mixin.py:117} INFO - [2023-01-20T23:48:49.666+0000] {dagbag.py:525} INFO - Filling up the DagBag from /home/airflow/.local/lib/python3.7/site-packages/airflow/example_dags/example_branch_day_of_week_operator.py
[2023-01-20T23:48:49.684+0000] {processor.py:768} INFO - DAG(s) dict_keys(['example_weekday_branch_operator']) retrieved from /home/airflow/.local/lib/python3.7/site-packages/airflow/example_dags/example_branch_day_of_week_operator.py
[2023-01-20T23:48:49.716+0000] {logging_mixin.py:117} INFO - [2023-01-20T23:48:49.716+0000] {dag.py:2573} INFO - Sync 1 DAGs
[2023-01-20T23:48:49.730+0000] {logging_mixin.py:117} INFO - [2023-01-20T23:48:49.730+0000] {dag.py:3328} INFO - Setting next_dagrun for example_weekday_branch_operator to 2023-01-19T00:00:00+00:00, run_after=2023-01-20T00:00:00+00:00
[2023-01-20T23:48:49.741+0000] {processor.py:178} INFO - Processing /home/airflow/.local/lib/python3.7/site-packages/airflow/example_dags/example_branch_day_of_week_operator.py took 0.085 seconds
[2023-01-20T23:49:19.951+0000] {processor.py:156} INFO - Started process (PID=1179) to work on /home/airflow/.local/lib/python3.7/site-packages/airflow/example_dags/example_branch_day_of_week_operator.py
[2023-01-20T23:49:19.953+0000] {processor.py:758} INFO - Processing file /home/airflow/.local/lib/python3.7/site-packages/airflow/example_dags/example_branch_day_of_week_operator.py for tasks to queue
[2023-01-20T23:49:19.956+0000] {logging_mixin.py:117} INFO - [2023-01-20T23:49:19.956+0000] {dagbag.py:525} INFO - Filling up the DagBag from /home/airflow/.local/lib/python3.7/site-packages/airflow/example_dags/example_branch_day_of_week_operator.py
[2023-01-20T23:49:19.974+0000] {processor.py:768} INFO - DAG(s) dict_keys(['example_weekday_branch_operator']) retrieved from /home/airflow/.local/lib/python3.7/site-packages/airflow/example_dags/example_branch_day_of_week_operator.py
[2023-01-20T23:49:20.021+0000] {logging_mixin.py:117} INFO - [2023-01-20T23:49:20.021+0000] {dag.py:2573} INFO - Sync 1 DAGs
[2023-01-20T23:49:20.047+0000] {logging_mixin.py:117} INFO - [2023-01-20T23:49:20.047+0000] {dag.py:3328} INFO - Setting next_dagrun for example_weekday_branch_operator to 2023-01-19T00:00:00+00:00, run_after=2023-01-20T00:00:00+00:00
[2023-01-20T23:49:20.068+0000] {processor.py:178} INFO - Processing /home/airflow/.local/lib/python3.7/site-packages/airflow/example_dags/example_branch_day_of_week_operator.py took 0.120 seconds
[2023-01-20T23:49:50.372+0000] {processor.py:156} INFO - Started process (PID=1242) to work on /home/airflow/.local/lib/python3.7/site-packages/airflow/example_dags/example_branch_day_of_week_operator.py
[2023-01-20T23:49:50.375+0000] {processor.py:758} INFO - Processing file /home/airflow/.local/lib/python3.7/site-packages/airflow/example_dags/example_branch_day_of_week_operator.py for tasks to queue
[2023-01-20T23:49:50.377+0000] {logging_mixin.py:117} INFO - [2023-01-20T23:49:50.377+0000] {dagbag.py:525} INFO - Filling up the DagBag from /home/airflow/.local/lib/python3.7/site-packages/airflow/example_dags/example_branch_day_of_week_operator.py
[2023-01-20T23:49:50.401+0000] {processor.py:768} INFO - DAG(s) dict_keys(['example_weekday_branch_operator']) retrieved from /home/airflow/.local/lib/python3.7/site-packages/airflow/example_dags/example_branch_day_of_week_operator.py
[2023-01-20T23:49:50.437+0000] {logging_mixin.py:117} INFO - [2023-01-20T23:49:50.437+0000] {dag.py:2573} INFO - Sync 1 DAGs
[2023-01-20T23:49:50.453+0000] {logging_mixin.py:117} INFO - [2023-01-20T23:49:50.453+0000] {dag.py:3328} INFO - Setting next_dagrun for example_weekday_branch_operator to 2023-01-19T00:00:00+00:00, run_after=2023-01-20T00:00:00+00:00
[2023-01-20T23:49:50.464+0000] {processor.py:178} INFO - Processing /home/airflow/.local/lib/python3.7/site-packages/airflow/example_dags/example_branch_day_of_week_operator.py took 0.099 seconds
[2023-01-20T23:50:20.705+0000] {processor.py:156} INFO - Started process (PID=1305) to work on /home/airflow/.local/lib/python3.7/site-packages/airflow/example_dags/example_branch_day_of_week_operator.py
[2023-01-20T23:50:20.708+0000] {processor.py:758} INFO - Processing file /home/airflow/.local/lib/python3.7/site-packages/airflow/example_dags/example_branch_day_of_week_operator.py for tasks to queue
[2023-01-20T23:50:20.710+0000] {logging_mixin.py:117} INFO - [2023-01-20T23:50:20.709+0000] {dagbag.py:525} INFO - Filling up the DagBag from /home/airflow/.local/lib/python3.7/site-packages/airflow/example_dags/example_branch_day_of_week_operator.py
[2023-01-20T23:50:20.732+0000] {processor.py:768} INFO - DAG(s) dict_keys(['example_weekday_branch_operator']) retrieved from /home/airflow/.local/lib/python3.7/site-packages/airflow/example_dags/example_branch_day_of_week_operator.py
[2023-01-20T23:50:20.768+0000] {logging_mixin.py:117} INFO - [2023-01-20T23:50:20.768+0000] {dag.py:2573} INFO - Sync 1 DAGs
[2023-01-20T23:50:20.783+0000] {logging_mixin.py:117} INFO - [2023-01-20T23:50:20.783+0000] {dag.py:3328} INFO - Setting next_dagrun for example_weekday_branch_operator to 2023-01-19T00:00:00+00:00, run_after=2023-01-20T00:00:00+00:00
[2023-01-20T23:50:20.795+0000] {processor.py:178} INFO - Processing /home/airflow/.local/lib/python3.7/site-packages/airflow/example_dags/example_branch_day_of_week_operator.py took 0.096 seconds
[2023-01-20T23:50:50.993+0000] {processor.py:156} INFO - Started process (PID=1359) to work on /home/airflow/.local/lib/python3.7/site-packages/airflow/example_dags/example_branch_day_of_week_operator.py
[2023-01-20T23:50:50.995+0000] {processor.py:758} INFO - Processing file /home/airflow/.local/lib/python3.7/site-packages/airflow/example_dags/example_branch_day_of_week_operator.py for tasks to queue
[2023-01-20T23:50:50.997+0000] {logging_mixin.py:117} INFO - [2023-01-20T23:50:50.997+0000] {dagbag.py:525} INFO - Filling up the DagBag from /home/airflow/.local/lib/python3.7/site-packages/airflow/example_dags/example_branch_day_of_week_operator.py
[2023-01-20T23:50:51.016+0000] {processor.py:768} INFO - DAG(s) dict_keys(['example_weekday_branch_operator']) retrieved from /home/airflow/.local/lib/python3.7/site-packages/airflow/example_dags/example_branch_day_of_week_operator.py
[2023-01-20T23:50:51.048+0000] {logging_mixin.py:117} INFO - [2023-01-20T23:50:51.047+0000] {dag.py:2573} INFO - Sync 1 DAGs
[2023-01-20T23:50:51.063+0000] {logging_mixin.py:117} INFO - [2023-01-20T23:50:51.063+0000] {dag.py:3328} INFO - Setting next_dagrun for example_weekday_branch_operator to 2023-01-19T00:00:00+00:00, run_after=2023-01-20T00:00:00+00:00
[2023-01-20T23:50:51.075+0000] {processor.py:178} INFO - Processing /home/airflow/.local/lib/python3.7/site-packages/airflow/example_dags/example_branch_day_of_week_operator.py took 0.087 seconds
[2023-01-20T23:51:21.440+0000] {processor.py:156} INFO - Started process (PID=1422) to work on /home/airflow/.local/lib/python3.7/site-packages/airflow/example_dags/example_branch_day_of_week_operator.py
[2023-01-20T23:51:21.444+0000] {processor.py:758} INFO - Processing file /home/airflow/.local/lib/python3.7/site-packages/airflow/example_dags/example_branch_day_of_week_operator.py for tasks to queue
[2023-01-20T23:51:21.445+0000] {logging_mixin.py:117} INFO - [2023-01-20T23:51:21.445+0000] {dagbag.py:525} INFO - Filling up the DagBag from /home/airflow/.local/lib/python3.7/site-packages/airflow/example_dags/example_branch_day_of_week_operator.py
[2023-01-20T23:51:21.462+0000] {processor.py:768} INFO - DAG(s) dict_keys(['example_weekday_branch_operator']) retrieved from /home/airflow/.local/lib/python3.7/site-packages/airflow/example_dags/example_branch_day_of_week_operator.py
[2023-01-20T23:51:21.491+0000] {logging_mixin.py:117} INFO - [2023-01-20T23:51:21.491+0000] {dag.py:2573} INFO - Sync 1 DAGs
[2023-01-20T23:51:21.507+0000] {logging_mixin.py:117} INFO - [2023-01-20T23:51:21.507+0000] {dag.py:3328} INFO - Setting next_dagrun for example_weekday_branch_operator to 2023-01-19T00:00:00+00:00, run_after=2023-01-20T00:00:00+00:00
[2023-01-20T23:51:21.517+0000] {processor.py:178} INFO - Processing /home/airflow/.local/lib/python3.7/site-packages/airflow/example_dags/example_branch_day_of_week_operator.py took 0.082 seconds
[2023-01-20T23:51:51.963+0000] {processor.py:156} INFO - Started process (PID=1486) to work on /home/airflow/.local/lib/python3.7/site-packages/airflow/example_dags/example_branch_day_of_week_operator.py
[2023-01-20T23:51:51.965+0000] {processor.py:758} INFO - Processing file /home/airflow/.local/lib/python3.7/site-packages/airflow/example_dags/example_branch_day_of_week_operator.py for tasks to queue
[2023-01-20T23:51:51.967+0000] {logging_mixin.py:117} INFO - [2023-01-20T23:51:51.966+0000] {dagbag.py:525} INFO - Filling up the DagBag from /home/airflow/.local/lib/python3.7/site-packages/airflow/example_dags/example_branch_day_of_week_operator.py
[2023-01-20T23:51:51.985+0000] {processor.py:768} INFO - DAG(s) dict_keys(['example_weekday_branch_operator']) retrieved from /home/airflow/.local/lib/python3.7/site-packages/airflow/example_dags/example_branch_day_of_week_operator.py
[2023-01-20T23:51:52.016+0000] {logging_mixin.py:117} INFO - [2023-01-20T23:51:52.015+0000] {dag.py:2573} INFO - Sync 1 DAGs
[2023-01-20T23:51:52.031+0000] {logging_mixin.py:117} INFO - [2023-01-20T23:51:52.031+0000] {dag.py:3328} INFO - Setting next_dagrun for example_weekday_branch_operator to 2023-01-19T00:00:00+00:00, run_after=2023-01-20T00:00:00+00:00
[2023-01-20T23:51:52.043+0000] {processor.py:178} INFO - Processing /home/airflow/.local/lib/python3.7/site-packages/airflow/example_dags/example_branch_day_of_week_operator.py took 0.083 seconds
[2023-01-20T23:52:22.466+0000] {processor.py:156} INFO - Started process (PID=1549) to work on /home/airflow/.local/lib/python3.7/site-packages/airflow/example_dags/example_branch_day_of_week_operator.py
[2023-01-20T23:52:22.468+0000] {processor.py:758} INFO - Processing file /home/airflow/.local/lib/python3.7/site-packages/airflow/example_dags/example_branch_day_of_week_operator.py for tasks to queue
[2023-01-20T23:52:22.469+0000] {logging_mixin.py:117} INFO - [2023-01-20T23:52:22.469+0000] {dagbag.py:525} INFO - Filling up the DagBag from /home/airflow/.local/lib/python3.7/site-packages/airflow/example_dags/example_branch_day_of_week_operator.py
[2023-01-20T23:52:22.484+0000] {processor.py:768} INFO - DAG(s) dict_keys(['example_weekday_branch_operator']) retrieved from /home/airflow/.local/lib/python3.7/site-packages/airflow/example_dags/example_branch_day_of_week_operator.py
[2023-01-20T23:52:22.518+0000] {logging_mixin.py:117} INFO - [2023-01-20T23:52:22.518+0000] {dag.py:2573} INFO - Sync 1 DAGs
[2023-01-20T23:52:22.537+0000] {logging_mixin.py:117} INFO - [2023-01-20T23:52:22.537+0000] {dag.py:3328} INFO - Setting next_dagrun for example_weekday_branch_operator to 2023-01-19T00:00:00+00:00, run_after=2023-01-20T00:00:00+00:00
[2023-01-20T23:52:22.559+0000] {processor.py:178} INFO - Processing /home/airflow/.local/lib/python3.7/site-packages/airflow/example_dags/example_branch_day_of_week_operator.py took 0.097 seconds
[2023-01-20T23:52:52.840+0000] {processor.py:156} INFO - Started process (PID=1612) to work on /home/airflow/.local/lib/python3.7/site-packages/airflow/example_dags/example_branch_day_of_week_operator.py
[2023-01-20T23:52:52.843+0000] {processor.py:758} INFO - Processing file /home/airflow/.local/lib/python3.7/site-packages/airflow/example_dags/example_branch_day_of_week_operator.py for tasks to queue
[2023-01-20T23:52:52.844+0000] {logging_mixin.py:117} INFO - [2023-01-20T23:52:52.844+0000] {dagbag.py:525} INFO - Filling up the DagBag from /home/airflow/.local/lib/python3.7/site-packages/airflow/example_dags/example_branch_day_of_week_operator.py
[2023-01-20T23:52:52.868+0000] {processor.py:768} INFO - DAG(s) dict_keys(['example_weekday_branch_operator']) retrieved from /home/airflow/.local/lib/python3.7/site-packages/airflow/example_dags/example_branch_day_of_week_operator.py
[2023-01-20T23:52:52.904+0000] {logging_mixin.py:117} INFO - [2023-01-20T23:52:52.904+0000] {dag.py:2573} INFO - Sync 1 DAGs
[2023-01-20T23:52:52.920+0000] {logging_mixin.py:117} INFO - [2023-01-20T23:52:52.920+0000] {dag.py:3328} INFO - Setting next_dagrun for example_weekday_branch_operator to 2023-01-19T00:00:00+00:00, run_after=2023-01-20T00:00:00+00:00
[2023-01-20T23:52:52.930+0000] {processor.py:178} INFO - Processing /home/airflow/.local/lib/python3.7/site-packages/airflow/example_dags/example_branch_day_of_week_operator.py took 0.095 seconds
[2023-01-20T23:53:23.382+0000] {processor.py:156} INFO - Started process (PID=1675) to work on /home/airflow/.local/lib/python3.7/site-packages/airflow/example_dags/example_branch_day_of_week_operator.py
[2023-01-20T23:53:23.386+0000] {processor.py:758} INFO - Processing file /home/airflow/.local/lib/python3.7/site-packages/airflow/example_dags/example_branch_day_of_week_operator.py for tasks to queue
[2023-01-20T23:53:23.388+0000] {logging_mixin.py:117} INFO - [2023-01-20T23:53:23.387+0000] {dagbag.py:525} INFO - Filling up the DagBag from /home/airflow/.local/lib/python3.7/site-packages/airflow/example_dags/example_branch_day_of_week_operator.py
[2023-01-20T23:53:23.413+0000] {processor.py:768} INFO - DAG(s) dict_keys(['example_weekday_branch_operator']) retrieved from /home/airflow/.local/lib/python3.7/site-packages/airflow/example_dags/example_branch_day_of_week_operator.py
[2023-01-20T23:53:23.452+0000] {logging_mixin.py:117} INFO - [2023-01-20T23:53:23.452+0000] {dag.py:2573} INFO - Sync 1 DAGs
[2023-01-20T23:53:23.475+0000] {logging_mixin.py:117} INFO - [2023-01-20T23:53:23.475+0000] {dag.py:3328} INFO - Setting next_dagrun for example_weekday_branch_operator to 2023-01-19T00:00:00+00:00, run_after=2023-01-20T00:00:00+00:00
[2023-01-20T23:53:23.487+0000] {processor.py:178} INFO - Processing /home/airflow/.local/lib/python3.7/site-packages/airflow/example_dags/example_branch_day_of_week_operator.py took 0.112 seconds
[2023-01-20T23:53:53.819+0000] {processor.py:156} INFO - Started process (PID=1736) to work on /home/airflow/.local/lib/python3.7/site-packages/airflow/example_dags/example_branch_day_of_week_operator.py
[2023-01-20T23:53:53.821+0000] {processor.py:758} INFO - Processing file /home/airflow/.local/lib/python3.7/site-packages/airflow/example_dags/example_branch_day_of_week_operator.py for tasks to queue
[2023-01-20T23:53:53.822+0000] {logging_mixin.py:117} INFO - [2023-01-20T23:53:53.822+0000] {dagbag.py:525} INFO - Filling up the DagBag from /home/airflow/.local/lib/python3.7/site-packages/airflow/example_dags/example_branch_day_of_week_operator.py
[2023-01-20T23:53:53.841+0000] {processor.py:768} INFO - DAG(s) dict_keys(['example_weekday_branch_operator']) retrieved from /home/airflow/.local/lib/python3.7/site-packages/airflow/example_dags/example_branch_day_of_week_operator.py
[2023-01-20T23:53:53.876+0000] {logging_mixin.py:117} INFO - [2023-01-20T23:53:53.876+0000] {dag.py:2573} INFO - Sync 1 DAGs
[2023-01-20T23:53:53.893+0000] {logging_mixin.py:117} INFO - [2023-01-20T23:53:53.893+0000] {dag.py:3328} INFO - Setting next_dagrun for example_weekday_branch_operator to 2023-01-19T00:00:00+00:00, run_after=2023-01-20T00:00:00+00:00
[2023-01-20T23:53:53.904+0000] {processor.py:178} INFO - Processing /home/airflow/.local/lib/python3.7/site-packages/airflow/example_dags/example_branch_day_of_week_operator.py took 0.090 seconds
[2023-01-20T23:55:02.363+0000] {processor.py:156} INFO - Started process (PID=70) to work on /home/airflow/.local/lib/python3.7/site-packages/airflow/example_dags/example_branch_day_of_week_operator.py
[2023-01-20T23:55:02.367+0000] {processor.py:758} INFO - Processing file /home/airflow/.local/lib/python3.7/site-packages/airflow/example_dags/example_branch_day_of_week_operator.py for tasks to queue
[2023-01-20T23:55:02.368+0000] {logging_mixin.py:117} INFO - [2023-01-20T23:55:02.368+0000] {dagbag.py:525} INFO - Filling up the DagBag from /home/airflow/.local/lib/python3.7/site-packages/airflow/example_dags/example_branch_day_of_week_operator.py
[2023-01-20T23:55:02.396+0000] {processor.py:768} INFO - DAG(s) dict_keys(['example_weekday_branch_operator']) retrieved from /home/airflow/.local/lib/python3.7/site-packages/airflow/example_dags/example_branch_day_of_week_operator.py
[2023-01-20T23:55:02.596+0000] {logging_mixin.py:117} INFO - [2023-01-20T23:55:02.596+0000] {dag.py:2573} INFO - Sync 1 DAGs
[2023-01-20T23:55:02.612+0000] {logging_mixin.py:117} INFO - [2023-01-20T23:55:02.612+0000] {dag.py:3328} INFO - Setting next_dagrun for example_weekday_branch_operator to 2023-01-19T00:00:00+00:00, run_after=2023-01-20T00:00:00+00:00
[2023-01-20T23:55:02.623+0000] {processor.py:178} INFO - Processing /home/airflow/.local/lib/python3.7/site-packages/airflow/example_dags/example_branch_day_of_week_operator.py took 0.264 seconds
[2023-01-20T23:57:39.159+0000] {processor.py:156} INFO - Started process (PID=70) to work on /home/airflow/.local/lib/python3.7/site-packages/airflow/example_dags/example_branch_day_of_week_operator.py
[2023-01-20T23:57:39.161+0000] {processor.py:758} INFO - Processing file /home/airflow/.local/lib/python3.7/site-packages/airflow/example_dags/example_branch_day_of_week_operator.py for tasks to queue
[2023-01-20T23:57:39.162+0000] {logging_mixin.py:117} INFO - [2023-01-20T23:57:39.162+0000] {dagbag.py:525} INFO - Filling up the DagBag from /home/airflow/.local/lib/python3.7/site-packages/airflow/example_dags/example_branch_day_of_week_operator.py
[2023-01-20T23:57:39.175+0000] {processor.py:768} INFO - DAG(s) dict_keys(['example_weekday_branch_operator']) retrieved from /home/airflow/.local/lib/python3.7/site-packages/airflow/example_dags/example_branch_day_of_week_operator.py
[2023-01-20T23:57:39.299+0000] {logging_mixin.py:117} INFO - [2023-01-20T23:57:39.299+0000] {dag.py:2573} INFO - Sync 1 DAGs
[2023-01-20T23:57:39.314+0000] {logging_mixin.py:117} INFO - [2023-01-20T23:57:39.313+0000] {dag.py:3328} INFO - Setting next_dagrun for example_weekday_branch_operator to 2023-01-19T00:00:00+00:00, run_after=2023-01-20T00:00:00+00:00
[2023-01-20T23:57:39.326+0000] {processor.py:178} INFO - Processing /home/airflow/.local/lib/python3.7/site-packages/airflow/example_dags/example_branch_day_of_week_operator.py took 0.172 seconds
[2023-01-20T23:58:10.257+0000] {processor.py:156} INFO - Started process (PID=132) to work on /home/airflow/.local/lib/python3.7/site-packages/airflow/example_dags/example_branch_day_of_week_operator.py
[2023-01-20T23:58:10.258+0000] {processor.py:758} INFO - Processing file /home/airflow/.local/lib/python3.7/site-packages/airflow/example_dags/example_branch_day_of_week_operator.py for tasks to queue
[2023-01-20T23:58:10.259+0000] {logging_mixin.py:117} INFO - [2023-01-20T23:58:10.259+0000] {dagbag.py:525} INFO - Filling up the DagBag from /home/airflow/.local/lib/python3.7/site-packages/airflow/example_dags/example_branch_day_of_week_operator.py
[2023-01-20T23:58:10.272+0000] {processor.py:768} INFO - DAG(s) dict_keys(['example_weekday_branch_operator']) retrieved from /home/airflow/.local/lib/python3.7/site-packages/airflow/example_dags/example_branch_day_of_week_operator.py
[2023-01-20T23:58:10.412+0000] {logging_mixin.py:117} INFO - [2023-01-20T23:58:10.412+0000] {dag.py:2573} INFO - Sync 1 DAGs
[2023-01-20T23:58:10.426+0000] {logging_mixin.py:117} INFO - [2023-01-20T23:58:10.426+0000] {dag.py:3328} INFO - Setting next_dagrun for example_weekday_branch_operator to 2023-01-19T00:00:00+00:00, run_after=2023-01-20T00:00:00+00:00
[2023-01-20T23:58:10.439+0000] {processor.py:178} INFO - Processing /home/airflow/.local/lib/python3.7/site-packages/airflow/example_dags/example_branch_day_of_week_operator.py took 0.185 seconds
[2023-01-20T23:58:40.910+0000] {processor.py:156} INFO - Started process (PID=186) to work on /home/airflow/.local/lib/python3.7/site-packages/airflow/example_dags/example_branch_day_of_week_operator.py
[2023-01-20T23:58:40.911+0000] {processor.py:758} INFO - Processing file /home/airflow/.local/lib/python3.7/site-packages/airflow/example_dags/example_branch_day_of_week_operator.py for tasks to queue
[2023-01-20T23:58:40.913+0000] {logging_mixin.py:117} INFO - [2023-01-20T23:58:40.912+0000] {dagbag.py:525} INFO - Filling up the DagBag from /home/airflow/.local/lib/python3.7/site-packages/airflow/example_dags/example_branch_day_of_week_operator.py
[2023-01-20T23:58:41.045+0000] {processor.py:768} INFO - DAG(s) dict_keys(['example_weekday_branch_operator']) retrieved from /home/airflow/.local/lib/python3.7/site-packages/airflow/example_dags/example_branch_day_of_week_operator.py
[2023-01-20T23:58:41.068+0000] {logging_mixin.py:117} INFO - [2023-01-20T23:58:41.067+0000] {dag.py:2573} INFO - Sync 1 DAGs
[2023-01-20T23:58:41.083+0000] {logging_mixin.py:117} INFO - [2023-01-20T23:58:41.083+0000] {dag.py:3328} INFO - Setting next_dagrun for example_weekday_branch_operator to 2023-01-19T00:00:00+00:00, run_after=2023-01-20T00:00:00+00:00
[2023-01-20T23:58:41.094+0000] {processor.py:178} INFO - Processing /home/airflow/.local/lib/python3.7/site-packages/airflow/example_dags/example_branch_day_of_week_operator.py took 0.187 seconds
[2023-01-20T23:59:11.376+0000] {processor.py:156} INFO - Started process (PID=249) to work on /home/airflow/.local/lib/python3.7/site-packages/airflow/example_dags/example_branch_day_of_week_operator.py
[2023-01-20T23:59:11.378+0000] {processor.py:758} INFO - Processing file /home/airflow/.local/lib/python3.7/site-packages/airflow/example_dags/example_branch_day_of_week_operator.py for tasks to queue
[2023-01-20T23:59:11.379+0000] {logging_mixin.py:117} INFO - [2023-01-20T23:59:11.379+0000] {dagbag.py:525} INFO - Filling up the DagBag from /home/airflow/.local/lib/python3.7/site-packages/airflow/example_dags/example_branch_day_of_week_operator.py
[2023-01-20T23:59:11.392+0000] {processor.py:768} INFO - DAG(s) dict_keys(['example_weekday_branch_operator']) retrieved from /home/airflow/.local/lib/python3.7/site-packages/airflow/example_dags/example_branch_day_of_week_operator.py
[2023-01-20T23:59:11.423+0000] {logging_mixin.py:117} INFO - [2023-01-20T23:59:11.423+0000] {dag.py:2573} INFO - Sync 1 DAGs
[2023-01-20T23:59:11.440+0000] {logging_mixin.py:117} INFO - [2023-01-20T23:59:11.440+0000] {dag.py:3328} INFO - Setting next_dagrun for example_weekday_branch_operator to 2023-01-19T00:00:00+00:00, run_after=2023-01-20T00:00:00+00:00
[2023-01-20T23:59:11.452+0000] {processor.py:178} INFO - Processing /home/airflow/.local/lib/python3.7/site-packages/airflow/example_dags/example_branch_day_of_week_operator.py took 0.078 seconds
[2023-01-20T23:59:41.822+0000] {processor.py:156} INFO - Started process (PID=312) to work on /home/airflow/.local/lib/python3.7/site-packages/airflow/example_dags/example_branch_day_of_week_operator.py
[2023-01-20T23:59:41.823+0000] {processor.py:758} INFO - Processing file /home/airflow/.local/lib/python3.7/site-packages/airflow/example_dags/example_branch_day_of_week_operator.py for tasks to queue
[2023-01-20T23:59:41.824+0000] {logging_mixin.py:117} INFO - [2023-01-20T23:59:41.824+0000] {dagbag.py:525} INFO - Filling up the DagBag from /home/airflow/.local/lib/python3.7/site-packages/airflow/example_dags/example_branch_day_of_week_operator.py
[2023-01-20T23:59:41.838+0000] {processor.py:768} INFO - DAG(s) dict_keys(['example_weekday_branch_operator']) retrieved from /home/airflow/.local/lib/python3.7/site-packages/airflow/example_dags/example_branch_day_of_week_operator.py
[2023-01-20T23:59:41.875+0000] {logging_mixin.py:117} INFO - [2023-01-20T23:59:41.875+0000] {dag.py:2573} INFO - Sync 1 DAGs
[2023-01-20T23:59:41.893+0000] {logging_mixin.py:117} INFO - [2023-01-20T23:59:41.893+0000] {dag.py:3328} INFO - Setting next_dagrun for example_weekday_branch_operator to 2023-01-19T00:00:00+00:00, run_after=2023-01-20T00:00:00+00:00
[2023-01-20T23:59:41.906+0000] {processor.py:178} INFO - Processing /home/airflow/.local/lib/python3.7/site-packages/airflow/example_dags/example_branch_day_of_week_operator.py took 0.086 seconds
