[2023-01-20T23:40:06.733+0000] {processor.py:156} INFO - Started process (PID=61) to work on /home/airflow/.local/lib/python3.7/site-packages/airflow/example_dags/example_nested_branch_dag.py
[2023-01-20T23:40:06.734+0000] {processor.py:758} INFO - Processing file /home/airflow/.local/lib/python3.7/site-packages/airflow/example_dags/example_nested_branch_dag.py for tasks to queue
[2023-01-20T23:40:06.735+0000] {logging_mixin.py:117} INFO - [2023-01-20T23:40:06.735+0000] {dagbag.py:525} INFO - Filling up the DagBag from /home/airflow/.local/lib/python3.7/site-packages/airflow/example_dags/example_nested_branch_dag.py
[2023-01-20T23:40:06.799+0000] {processor.py:768} INFO - DAG(s) dict_keys(['example_nested_branch_dag']) retrieved from /home/airflow/.local/lib/python3.7/site-packages/airflow/example_dags/example_nested_branch_dag.py
[2023-01-20T23:40:07.138+0000] {logging_mixin.py:117} INFO - [2023-01-20T23:40:07.137+0000] {dag.py:2573} INFO - Sync 1 DAGs
[2023-01-20T23:40:07.161+0000] {logging_mixin.py:117} INFO - [2023-01-20T23:40:07.161+0000] {dag.py:3328} INFO - Setting next_dagrun for example_nested_branch_dag to 2023-01-19T00:00:00+00:00, run_after=2023-01-20T00:00:00+00:00
[2023-01-20T23:40:07.186+0000] {processor.py:178} INFO - Processing /home/airflow/.local/lib/python3.7/site-packages/airflow/example_dags/example_nested_branch_dag.py took 0.456 seconds
[2023-01-20T23:40:37.302+0000] {processor.py:156} INFO - Started process (PID=125) to work on /home/airflow/.local/lib/python3.7/site-packages/airflow/example_dags/example_nested_branch_dag.py
[2023-01-20T23:40:37.304+0000] {processor.py:758} INFO - Processing file /home/airflow/.local/lib/python3.7/site-packages/airflow/example_dags/example_nested_branch_dag.py for tasks to queue
[2023-01-20T23:40:37.305+0000] {logging_mixin.py:117} INFO - [2023-01-20T23:40:37.305+0000] {dagbag.py:525} INFO - Filling up the DagBag from /home/airflow/.local/lib/python3.7/site-packages/airflow/example_dags/example_nested_branch_dag.py
[2023-01-20T23:40:37.473+0000] {processor.py:768} INFO - DAG(s) dict_keys(['example_nested_branch_dag']) retrieved from /home/airflow/.local/lib/python3.7/site-packages/airflow/example_dags/example_nested_branch_dag.py
[2023-01-20T23:40:37.504+0000] {logging_mixin.py:117} INFO - [2023-01-20T23:40:37.504+0000] {dag.py:2573} INFO - Sync 1 DAGs
[2023-01-20T23:40:37.521+0000] {logging_mixin.py:117} INFO - [2023-01-20T23:40:37.521+0000] {dag.py:3328} INFO - Setting next_dagrun for example_nested_branch_dag to 2023-01-19T00:00:00+00:00, run_after=2023-01-20T00:00:00+00:00
[2023-01-20T23:40:37.534+0000] {processor.py:178} INFO - Processing /home/airflow/.local/lib/python3.7/site-packages/airflow/example_dags/example_nested_branch_dag.py took 0.235 seconds
[2023-01-20T23:41:07.786+0000] {processor.py:156} INFO - Started process (PID=180) to work on /home/airflow/.local/lib/python3.7/site-packages/airflow/example_dags/example_nested_branch_dag.py
[2023-01-20T23:41:07.787+0000] {processor.py:758} INFO - Processing file /home/airflow/.local/lib/python3.7/site-packages/airflow/example_dags/example_nested_branch_dag.py for tasks to queue
[2023-01-20T23:41:07.787+0000] {logging_mixin.py:117} INFO - [2023-01-20T23:41:07.787+0000] {dagbag.py:525} INFO - Filling up the DagBag from /home/airflow/.local/lib/python3.7/site-packages/airflow/example_dags/example_nested_branch_dag.py
[2023-01-20T23:41:07.898+0000] {processor.py:768} INFO - DAG(s) dict_keys(['example_nested_branch_dag']) retrieved from /home/airflow/.local/lib/python3.7/site-packages/airflow/example_dags/example_nested_branch_dag.py
[2023-01-20T23:41:07.919+0000] {logging_mixin.py:117} INFO - [2023-01-20T23:41:07.919+0000] {dag.py:2573} INFO - Sync 1 DAGs
[2023-01-20T23:41:07.932+0000] {logging_mixin.py:117} INFO - [2023-01-20T23:41:07.932+0000] {dag.py:3328} INFO - Setting next_dagrun for example_nested_branch_dag to 2023-01-19T00:00:00+00:00, run_after=2023-01-20T00:00:00+00:00
[2023-01-20T23:41:07.942+0000] {processor.py:178} INFO - Processing /home/airflow/.local/lib/python3.7/site-packages/airflow/example_dags/example_nested_branch_dag.py took 0.159 seconds
[2023-01-20T23:41:37.991+0000] {processor.py:156} INFO - Started process (PID=243) to work on /home/airflow/.local/lib/python3.7/site-packages/airflow/example_dags/example_nested_branch_dag.py
[2023-01-20T23:41:37.992+0000] {processor.py:758} INFO - Processing file /home/airflow/.local/lib/python3.7/site-packages/airflow/example_dags/example_nested_branch_dag.py for tasks to queue
[2023-01-20T23:41:37.993+0000] {logging_mixin.py:117} INFO - [2023-01-20T23:41:37.992+0000] {dagbag.py:525} INFO - Filling up the DagBag from /home/airflow/.local/lib/python3.7/site-packages/airflow/example_dags/example_nested_branch_dag.py
[2023-01-20T23:41:38.008+0000] {processor.py:768} INFO - DAG(s) dict_keys(['example_nested_branch_dag']) retrieved from /home/airflow/.local/lib/python3.7/site-packages/airflow/example_dags/example_nested_branch_dag.py
[2023-01-20T23:41:38.036+0000] {logging_mixin.py:117} INFO - [2023-01-20T23:41:38.036+0000] {dag.py:2573} INFO - Sync 1 DAGs
[2023-01-20T23:41:38.052+0000] {logging_mixin.py:117} INFO - [2023-01-20T23:41:38.052+0000] {dag.py:3328} INFO - Setting next_dagrun for example_nested_branch_dag to 2023-01-19T00:00:00+00:00, run_after=2023-01-20T00:00:00+00:00
[2023-01-20T23:41:38.065+0000] {processor.py:178} INFO - Processing /home/airflow/.local/lib/python3.7/site-packages/airflow/example_dags/example_nested_branch_dag.py took 0.076 seconds
[2023-01-20T23:42:08.467+0000] {processor.py:156} INFO - Started process (PID=306) to work on /home/airflow/.local/lib/python3.7/site-packages/airflow/example_dags/example_nested_branch_dag.py
[2023-01-20T23:42:08.468+0000] {processor.py:758} INFO - Processing file /home/airflow/.local/lib/python3.7/site-packages/airflow/example_dags/example_nested_branch_dag.py for tasks to queue
[2023-01-20T23:42:08.470+0000] {logging_mixin.py:117} INFO - [2023-01-20T23:42:08.470+0000] {dagbag.py:525} INFO - Filling up the DagBag from /home/airflow/.local/lib/python3.7/site-packages/airflow/example_dags/example_nested_branch_dag.py
[2023-01-20T23:42:08.484+0000] {processor.py:768} INFO - DAG(s) dict_keys(['example_nested_branch_dag']) retrieved from /home/airflow/.local/lib/python3.7/site-packages/airflow/example_dags/example_nested_branch_dag.py
[2023-01-20T23:42:08.510+0000] {logging_mixin.py:117} INFO - [2023-01-20T23:42:08.510+0000] {dag.py:2573} INFO - Sync 1 DAGs
[2023-01-20T23:42:08.524+0000] {logging_mixin.py:117} INFO - [2023-01-20T23:42:08.524+0000] {dag.py:3328} INFO - Setting next_dagrun for example_nested_branch_dag to 2023-01-19T00:00:00+00:00, run_after=2023-01-20T00:00:00+00:00
[2023-01-20T23:42:08.534+0000] {processor.py:178} INFO - Processing /home/airflow/.local/lib/python3.7/site-packages/airflow/example_dags/example_nested_branch_dag.py took 0.069 seconds
[2023-01-20T23:42:39.262+0000] {processor.py:156} INFO - Started process (PID=369) to work on /home/airflow/.local/lib/python3.7/site-packages/airflow/example_dags/example_nested_branch_dag.py
[2023-01-20T23:42:39.264+0000] {processor.py:758} INFO - Processing file /home/airflow/.local/lib/python3.7/site-packages/airflow/example_dags/example_nested_branch_dag.py for tasks to queue
[2023-01-20T23:42:39.264+0000] {logging_mixin.py:117} INFO - [2023-01-20T23:42:39.264+0000] {dagbag.py:525} INFO - Filling up the DagBag from /home/airflow/.local/lib/python3.7/site-packages/airflow/example_dags/example_nested_branch_dag.py
[2023-01-20T23:42:39.280+0000] {processor.py:768} INFO - DAG(s) dict_keys(['example_nested_branch_dag']) retrieved from /home/airflow/.local/lib/python3.7/site-packages/airflow/example_dags/example_nested_branch_dag.py
[2023-01-20T23:42:39.306+0000] {logging_mixin.py:117} INFO - [2023-01-20T23:42:39.306+0000] {dag.py:2573} INFO - Sync 1 DAGs
[2023-01-20T23:42:39.322+0000] {logging_mixin.py:117} INFO - [2023-01-20T23:42:39.322+0000] {dag.py:3328} INFO - Setting next_dagrun for example_nested_branch_dag to 2023-01-19T00:00:00+00:00, run_after=2023-01-20T00:00:00+00:00
[2023-01-20T23:42:39.333+0000] {processor.py:178} INFO - Processing /home/airflow/.local/lib/python3.7/site-packages/airflow/example_dags/example_nested_branch_dag.py took 0.073 seconds
[2023-01-20T23:43:10.200+0000] {processor.py:156} INFO - Started process (PID=433) to work on /home/airflow/.local/lib/python3.7/site-packages/airflow/example_dags/example_nested_branch_dag.py
[2023-01-20T23:43:10.203+0000] {processor.py:758} INFO - Processing file /home/airflow/.local/lib/python3.7/site-packages/airflow/example_dags/example_nested_branch_dag.py for tasks to queue
[2023-01-20T23:43:10.206+0000] {logging_mixin.py:117} INFO - [2023-01-20T23:43:10.206+0000] {dagbag.py:525} INFO - Filling up the DagBag from /home/airflow/.local/lib/python3.7/site-packages/airflow/example_dags/example_nested_branch_dag.py
[2023-01-20T23:43:10.229+0000] {processor.py:768} INFO - DAG(s) dict_keys(['example_nested_branch_dag']) retrieved from /home/airflow/.local/lib/python3.7/site-packages/airflow/example_dags/example_nested_branch_dag.py
[2023-01-20T23:43:10.306+0000] {logging_mixin.py:117} INFO - [2023-01-20T23:43:10.306+0000] {dag.py:2573} INFO - Sync 1 DAGs
[2023-01-20T23:43:10.327+0000] {logging_mixin.py:117} INFO - [2023-01-20T23:43:10.327+0000] {dag.py:3328} INFO - Setting next_dagrun for example_nested_branch_dag to 2023-01-19T00:00:00+00:00, run_after=2023-01-20T00:00:00+00:00
[2023-01-20T23:43:10.376+0000] {processor.py:178} INFO - Processing /home/airflow/.local/lib/python3.7/site-packages/airflow/example_dags/example_nested_branch_dag.py took 0.183 seconds
[2023-01-20T23:43:41.052+0000] {processor.py:156} INFO - Started process (PID=487) to work on /home/airflow/.local/lib/python3.7/site-packages/airflow/example_dags/example_nested_branch_dag.py
[2023-01-20T23:43:41.053+0000] {processor.py:758} INFO - Processing file /home/airflow/.local/lib/python3.7/site-packages/airflow/example_dags/example_nested_branch_dag.py for tasks to queue
[2023-01-20T23:43:41.054+0000] {logging_mixin.py:117} INFO - [2023-01-20T23:43:41.054+0000] {dagbag.py:525} INFO - Filling up the DagBag from /home/airflow/.local/lib/python3.7/site-packages/airflow/example_dags/example_nested_branch_dag.py
[2023-01-20T23:43:41.071+0000] {processor.py:768} INFO - DAG(s) dict_keys(['example_nested_branch_dag']) retrieved from /home/airflow/.local/lib/python3.7/site-packages/airflow/example_dags/example_nested_branch_dag.py
[2023-01-20T23:43:41.096+0000] {logging_mixin.py:117} INFO - [2023-01-20T23:43:41.096+0000] {dag.py:2573} INFO - Sync 1 DAGs
[2023-01-20T23:43:41.110+0000] {logging_mixin.py:117} INFO - [2023-01-20T23:43:41.110+0000] {dag.py:3328} INFO - Setting next_dagrun for example_nested_branch_dag to 2023-01-19T00:00:00+00:00, run_after=2023-01-20T00:00:00+00:00
[2023-01-20T23:43:41.120+0000] {processor.py:178} INFO - Processing /home/airflow/.local/lib/python3.7/site-packages/airflow/example_dags/example_nested_branch_dag.py took 0.071 seconds
[2023-01-20T23:44:11.381+0000] {processor.py:156} INFO - Started process (PID=550) to work on /home/airflow/.local/lib/python3.7/site-packages/airflow/example_dags/example_nested_branch_dag.py
[2023-01-20T23:44:11.383+0000] {processor.py:758} INFO - Processing file /home/airflow/.local/lib/python3.7/site-packages/airflow/example_dags/example_nested_branch_dag.py for tasks to queue
[2023-01-20T23:44:11.383+0000] {logging_mixin.py:117} INFO - [2023-01-20T23:44:11.383+0000] {dagbag.py:525} INFO - Filling up the DagBag from /home/airflow/.local/lib/python3.7/site-packages/airflow/example_dags/example_nested_branch_dag.py
[2023-01-20T23:44:11.400+0000] {processor.py:768} INFO - DAG(s) dict_keys(['example_nested_branch_dag']) retrieved from /home/airflow/.local/lib/python3.7/site-packages/airflow/example_dags/example_nested_branch_dag.py
[2023-01-20T23:44:11.425+0000] {logging_mixin.py:117} INFO - [2023-01-20T23:44:11.425+0000] {dag.py:2573} INFO - Sync 1 DAGs
[2023-01-20T23:44:11.439+0000] {logging_mixin.py:117} INFO - [2023-01-20T23:44:11.439+0000] {dag.py:3328} INFO - Setting next_dagrun for example_nested_branch_dag to 2023-01-19T00:00:00+00:00, run_after=2023-01-20T00:00:00+00:00
[2023-01-20T23:44:11.449+0000] {processor.py:178} INFO - Processing /home/airflow/.local/lib/python3.7/site-packages/airflow/example_dags/example_nested_branch_dag.py took 0.070 seconds
[2023-01-20T23:44:41.722+0000] {processor.py:156} INFO - Started process (PID=613) to work on /home/airflow/.local/lib/python3.7/site-packages/airflow/example_dags/example_nested_branch_dag.py
[2023-01-20T23:44:41.723+0000] {processor.py:758} INFO - Processing file /home/airflow/.local/lib/python3.7/site-packages/airflow/example_dags/example_nested_branch_dag.py for tasks to queue
[2023-01-20T23:44:41.724+0000] {logging_mixin.py:117} INFO - [2023-01-20T23:44:41.724+0000] {dagbag.py:525} INFO - Filling up the DagBag from /home/airflow/.local/lib/python3.7/site-packages/airflow/example_dags/example_nested_branch_dag.py
[2023-01-20T23:44:41.741+0000] {processor.py:768} INFO - DAG(s) dict_keys(['example_nested_branch_dag']) retrieved from /home/airflow/.local/lib/python3.7/site-packages/airflow/example_dags/example_nested_branch_dag.py
[2023-01-20T23:44:41.766+0000] {logging_mixin.py:117} INFO - [2023-01-20T23:44:41.766+0000] {dag.py:2573} INFO - Sync 1 DAGs
[2023-01-20T23:44:41.779+0000] {logging_mixin.py:117} INFO - [2023-01-20T23:44:41.779+0000] {dag.py:3328} INFO - Setting next_dagrun for example_nested_branch_dag to 2023-01-19T00:00:00+00:00, run_after=2023-01-20T00:00:00+00:00
[2023-01-20T23:44:41.789+0000] {processor.py:178} INFO - Processing /home/airflow/.local/lib/python3.7/site-packages/airflow/example_dags/example_nested_branch_dag.py took 0.070 seconds
[2023-01-20T23:45:12.130+0000] {processor.py:156} INFO - Started process (PID=676) to work on /home/airflow/.local/lib/python3.7/site-packages/airflow/example_dags/example_nested_branch_dag.py
[2023-01-20T23:45:12.131+0000] {processor.py:758} INFO - Processing file /home/airflow/.local/lib/python3.7/site-packages/airflow/example_dags/example_nested_branch_dag.py for tasks to queue
[2023-01-20T23:45:12.132+0000] {logging_mixin.py:117} INFO - [2023-01-20T23:45:12.132+0000] {dagbag.py:525} INFO - Filling up the DagBag from /home/airflow/.local/lib/python3.7/site-packages/airflow/example_dags/example_nested_branch_dag.py
[2023-01-20T23:45:12.153+0000] {processor.py:768} INFO - DAG(s) dict_keys(['example_nested_branch_dag']) retrieved from /home/airflow/.local/lib/python3.7/site-packages/airflow/example_dags/example_nested_branch_dag.py
[2023-01-20T23:45:12.185+0000] {logging_mixin.py:117} INFO - [2023-01-20T23:45:12.184+0000] {dag.py:2573} INFO - Sync 1 DAGs
[2023-01-20T23:45:12.201+0000] {logging_mixin.py:117} INFO - [2023-01-20T23:45:12.201+0000] {dag.py:3328} INFO - Setting next_dagrun for example_nested_branch_dag to 2023-01-19T00:00:00+00:00, run_after=2023-01-20T00:00:00+00:00
[2023-01-20T23:45:12.211+0000] {processor.py:178} INFO - Processing /home/airflow/.local/lib/python3.7/site-packages/airflow/example_dags/example_nested_branch_dag.py took 0.084 seconds
[2023-01-20T23:45:42.423+0000] {processor.py:156} INFO - Started process (PID=739) to work on /home/airflow/.local/lib/python3.7/site-packages/airflow/example_dags/example_nested_branch_dag.py
[2023-01-20T23:45:42.424+0000] {processor.py:758} INFO - Processing file /home/airflow/.local/lib/python3.7/site-packages/airflow/example_dags/example_nested_branch_dag.py for tasks to queue
[2023-01-20T23:45:42.424+0000] {logging_mixin.py:117} INFO - [2023-01-20T23:45:42.424+0000] {dagbag.py:525} INFO - Filling up the DagBag from /home/airflow/.local/lib/python3.7/site-packages/airflow/example_dags/example_nested_branch_dag.py
[2023-01-20T23:45:42.438+0000] {processor.py:768} INFO - DAG(s) dict_keys(['example_nested_branch_dag']) retrieved from /home/airflow/.local/lib/python3.7/site-packages/airflow/example_dags/example_nested_branch_dag.py
[2023-01-20T23:45:42.464+0000] {logging_mixin.py:117} INFO - [2023-01-20T23:45:42.464+0000] {dag.py:2573} INFO - Sync 1 DAGs
[2023-01-20T23:45:42.478+0000] {logging_mixin.py:117} INFO - [2023-01-20T23:45:42.478+0000] {dag.py:3328} INFO - Setting next_dagrun for example_nested_branch_dag to 2023-01-19T00:00:00+00:00, run_after=2023-01-20T00:00:00+00:00
[2023-01-20T23:45:42.489+0000] {processor.py:178} INFO - Processing /home/airflow/.local/lib/python3.7/site-packages/airflow/example_dags/example_nested_branch_dag.py took 0.069 seconds
[2023-01-20T23:46:12.796+0000] {processor.py:156} INFO - Started process (PID=802) to work on /home/airflow/.local/lib/python3.7/site-packages/airflow/example_dags/example_nested_branch_dag.py
[2023-01-20T23:46:12.797+0000] {processor.py:758} INFO - Processing file /home/airflow/.local/lib/python3.7/site-packages/airflow/example_dags/example_nested_branch_dag.py for tasks to queue
[2023-01-20T23:46:12.798+0000] {logging_mixin.py:117} INFO - [2023-01-20T23:46:12.798+0000] {dagbag.py:525} INFO - Filling up the DagBag from /home/airflow/.local/lib/python3.7/site-packages/airflow/example_dags/example_nested_branch_dag.py
[2023-01-20T23:46:12.816+0000] {processor.py:768} INFO - DAG(s) dict_keys(['example_nested_branch_dag']) retrieved from /home/airflow/.local/lib/python3.7/site-packages/airflow/example_dags/example_nested_branch_dag.py
[2023-01-20T23:46:12.848+0000] {logging_mixin.py:117} INFO - [2023-01-20T23:46:12.848+0000] {dag.py:2573} INFO - Sync 1 DAGs
[2023-01-20T23:46:12.864+0000] {logging_mixin.py:117} INFO - [2023-01-20T23:46:12.864+0000] {dag.py:3328} INFO - Setting next_dagrun for example_nested_branch_dag to 2023-01-19T00:00:00+00:00, run_after=2023-01-20T00:00:00+00:00
[2023-01-20T23:46:12.878+0000] {processor.py:178} INFO - Processing /home/airflow/.local/lib/python3.7/site-packages/airflow/example_dags/example_nested_branch_dag.py took 0.085 seconds
[2023-01-20T23:46:43.178+0000] {processor.py:156} INFO - Started process (PID=856) to work on /home/airflow/.local/lib/python3.7/site-packages/airflow/example_dags/example_nested_branch_dag.py
[2023-01-20T23:46:43.180+0000] {processor.py:758} INFO - Processing file /home/airflow/.local/lib/python3.7/site-packages/airflow/example_dags/example_nested_branch_dag.py for tasks to queue
[2023-01-20T23:46:43.180+0000] {logging_mixin.py:117} INFO - [2023-01-20T23:46:43.180+0000] {dagbag.py:525} INFO - Filling up the DagBag from /home/airflow/.local/lib/python3.7/site-packages/airflow/example_dags/example_nested_branch_dag.py
[2023-01-20T23:46:43.198+0000] {processor.py:768} INFO - DAG(s) dict_keys(['example_nested_branch_dag']) retrieved from /home/airflow/.local/lib/python3.7/site-packages/airflow/example_dags/example_nested_branch_dag.py
[2023-01-20T23:46:43.225+0000] {logging_mixin.py:117} INFO - [2023-01-20T23:46:43.225+0000] {dag.py:2573} INFO - Sync 1 DAGs
[2023-01-20T23:46:43.240+0000] {logging_mixin.py:117} INFO - [2023-01-20T23:46:43.240+0000] {dag.py:3328} INFO - Setting next_dagrun for example_nested_branch_dag to 2023-01-19T00:00:00+00:00, run_after=2023-01-20T00:00:00+00:00
[2023-01-20T23:46:43.251+0000] {processor.py:178} INFO - Processing /home/airflow/.local/lib/python3.7/site-packages/airflow/example_dags/example_nested_branch_dag.py took 0.076 seconds
[2023-01-20T23:47:13.747+0000] {processor.py:156} INFO - Started process (PID=919) to work on /home/airflow/.local/lib/python3.7/site-packages/airflow/example_dags/example_nested_branch_dag.py
[2023-01-20T23:47:13.748+0000] {processor.py:758} INFO - Processing file /home/airflow/.local/lib/python3.7/site-packages/airflow/example_dags/example_nested_branch_dag.py for tasks to queue
[2023-01-20T23:47:13.748+0000] {logging_mixin.py:117} INFO - [2023-01-20T23:47:13.748+0000] {dagbag.py:525} INFO - Filling up the DagBag from /home/airflow/.local/lib/python3.7/site-packages/airflow/example_dags/example_nested_branch_dag.py
[2023-01-20T23:47:13.765+0000] {processor.py:768} INFO - DAG(s) dict_keys(['example_nested_branch_dag']) retrieved from /home/airflow/.local/lib/python3.7/site-packages/airflow/example_dags/example_nested_branch_dag.py
[2023-01-20T23:47:13.790+0000] {logging_mixin.py:117} INFO - [2023-01-20T23:47:13.790+0000] {dag.py:2573} INFO - Sync 1 DAGs
[2023-01-20T23:47:13.805+0000] {logging_mixin.py:117} INFO - [2023-01-20T23:47:13.805+0000] {dag.py:3328} INFO - Setting next_dagrun for example_nested_branch_dag to 2023-01-19T00:00:00+00:00, run_after=2023-01-20T00:00:00+00:00
[2023-01-20T23:47:13.815+0000] {processor.py:178} INFO - Processing /home/airflow/.local/lib/python3.7/site-packages/airflow/example_dags/example_nested_branch_dag.py took 0.072 seconds
[2023-01-20T23:47:44.240+0000] {processor.py:156} INFO - Started process (PID=982) to work on /home/airflow/.local/lib/python3.7/site-packages/airflow/example_dags/example_nested_branch_dag.py
[2023-01-20T23:47:44.241+0000] {processor.py:758} INFO - Processing file /home/airflow/.local/lib/python3.7/site-packages/airflow/example_dags/example_nested_branch_dag.py for tasks to queue
[2023-01-20T23:47:44.242+0000] {logging_mixin.py:117} INFO - [2023-01-20T23:47:44.242+0000] {dagbag.py:525} INFO - Filling up the DagBag from /home/airflow/.local/lib/python3.7/site-packages/airflow/example_dags/example_nested_branch_dag.py
[2023-01-20T23:47:44.258+0000] {processor.py:768} INFO - DAG(s) dict_keys(['example_nested_branch_dag']) retrieved from /home/airflow/.local/lib/python3.7/site-packages/airflow/example_dags/example_nested_branch_dag.py
[2023-01-20T23:47:44.284+0000] {logging_mixin.py:117} INFO - [2023-01-20T23:47:44.284+0000] {dag.py:2573} INFO - Sync 1 DAGs
[2023-01-20T23:47:44.298+0000] {logging_mixin.py:117} INFO - [2023-01-20T23:47:44.298+0000] {dag.py:3328} INFO - Setting next_dagrun for example_nested_branch_dag to 2023-01-19T00:00:00+00:00, run_after=2023-01-20T00:00:00+00:00
[2023-01-20T23:47:44.308+0000] {processor.py:178} INFO - Processing /home/airflow/.local/lib/python3.7/site-packages/airflow/example_dags/example_nested_branch_dag.py took 0.070 seconds
[2023-01-20T23:48:14.675+0000] {processor.py:156} INFO - Started process (PID=1044) to work on /home/airflow/.local/lib/python3.7/site-packages/airflow/example_dags/example_nested_branch_dag.py
[2023-01-20T23:48:14.676+0000] {processor.py:758} INFO - Processing file /home/airflow/.local/lib/python3.7/site-packages/airflow/example_dags/example_nested_branch_dag.py for tasks to queue
[2023-01-20T23:48:14.677+0000] {logging_mixin.py:117} INFO - [2023-01-20T23:48:14.676+0000] {dagbag.py:525} INFO - Filling up the DagBag from /home/airflow/.local/lib/python3.7/site-packages/airflow/example_dags/example_nested_branch_dag.py
[2023-01-20T23:48:14.692+0000] {processor.py:768} INFO - DAG(s) dict_keys(['example_nested_branch_dag']) retrieved from /home/airflow/.local/lib/python3.7/site-packages/airflow/example_dags/example_nested_branch_dag.py
[2023-01-20T23:48:14.719+0000] {logging_mixin.py:117} INFO - [2023-01-20T23:48:14.718+0000] {dag.py:2573} INFO - Sync 1 DAGs
[2023-01-20T23:48:14.732+0000] {logging_mixin.py:117} INFO - [2023-01-20T23:48:14.732+0000] {dag.py:3328} INFO - Setting next_dagrun for example_nested_branch_dag to 2023-01-19T00:00:00+00:00, run_after=2023-01-20T00:00:00+00:00
[2023-01-20T23:48:14.743+0000] {processor.py:178} INFO - Processing /home/airflow/.local/lib/python3.7/site-packages/airflow/example_dags/example_nested_branch_dag.py took 0.071 seconds
[2023-01-20T23:48:45.103+0000] {processor.py:156} INFO - Started process (PID=1107) to work on /home/airflow/.local/lib/python3.7/site-packages/airflow/example_dags/example_nested_branch_dag.py
[2023-01-20T23:48:45.104+0000] {processor.py:758} INFO - Processing file /home/airflow/.local/lib/python3.7/site-packages/airflow/example_dags/example_nested_branch_dag.py for tasks to queue
[2023-01-20T23:48:45.105+0000] {logging_mixin.py:117} INFO - [2023-01-20T23:48:45.105+0000] {dagbag.py:525} INFO - Filling up the DagBag from /home/airflow/.local/lib/python3.7/site-packages/airflow/example_dags/example_nested_branch_dag.py
[2023-01-20T23:48:45.121+0000] {processor.py:768} INFO - DAG(s) dict_keys(['example_nested_branch_dag']) retrieved from /home/airflow/.local/lib/python3.7/site-packages/airflow/example_dags/example_nested_branch_dag.py
[2023-01-20T23:48:45.146+0000] {logging_mixin.py:117} INFO - [2023-01-20T23:48:45.146+0000] {dag.py:2573} INFO - Sync 1 DAGs
[2023-01-20T23:48:45.160+0000] {logging_mixin.py:117} INFO - [2023-01-20T23:48:45.160+0000] {dag.py:3328} INFO - Setting next_dagrun for example_nested_branch_dag to 2023-01-19T00:00:00+00:00, run_after=2023-01-20T00:00:00+00:00
[2023-01-20T23:48:45.171+0000] {processor.py:178} INFO - Processing /home/airflow/.local/lib/python3.7/site-packages/airflow/example_dags/example_nested_branch_dag.py took 0.071 seconds
[2023-01-20T23:49:15.429+0000] {processor.py:156} INFO - Started process (PID=1170) to work on /home/airflow/.local/lib/python3.7/site-packages/airflow/example_dags/example_nested_branch_dag.py
[2023-01-20T23:49:15.430+0000] {processor.py:758} INFO - Processing file /home/airflow/.local/lib/python3.7/site-packages/airflow/example_dags/example_nested_branch_dag.py for tasks to queue
[2023-01-20T23:49:15.431+0000] {logging_mixin.py:117} INFO - [2023-01-20T23:49:15.430+0000] {dagbag.py:525} INFO - Filling up the DagBag from /home/airflow/.local/lib/python3.7/site-packages/airflow/example_dags/example_nested_branch_dag.py
[2023-01-20T23:49:15.446+0000] {processor.py:768} INFO - DAG(s) dict_keys(['example_nested_branch_dag']) retrieved from /home/airflow/.local/lib/python3.7/site-packages/airflow/example_dags/example_nested_branch_dag.py
[2023-01-20T23:49:15.473+0000] {logging_mixin.py:117} INFO - [2023-01-20T23:49:15.472+0000] {dag.py:2573} INFO - Sync 1 DAGs
[2023-01-20T23:49:15.487+0000] {logging_mixin.py:117} INFO - [2023-01-20T23:49:15.487+0000] {dag.py:3328} INFO - Setting next_dagrun for example_nested_branch_dag to 2023-01-19T00:00:00+00:00, run_after=2023-01-20T00:00:00+00:00
[2023-01-20T23:49:15.497+0000] {processor.py:178} INFO - Processing /home/airflow/.local/lib/python3.7/site-packages/airflow/example_dags/example_nested_branch_dag.py took 0.072 seconds
[2023-01-20T23:49:45.813+0000] {processor.py:156} INFO - Started process (PID=1224) to work on /home/airflow/.local/lib/python3.7/site-packages/airflow/example_dags/example_nested_branch_dag.py
[2023-01-20T23:49:45.815+0000] {processor.py:758} INFO - Processing file /home/airflow/.local/lib/python3.7/site-packages/airflow/example_dags/example_nested_branch_dag.py for tasks to queue
[2023-01-20T23:49:45.815+0000] {logging_mixin.py:117} INFO - [2023-01-20T23:49:45.815+0000] {dagbag.py:525} INFO - Filling up the DagBag from /home/airflow/.local/lib/python3.7/site-packages/airflow/example_dags/example_nested_branch_dag.py
[2023-01-20T23:49:45.832+0000] {processor.py:768} INFO - DAG(s) dict_keys(['example_nested_branch_dag']) retrieved from /home/airflow/.local/lib/python3.7/site-packages/airflow/example_dags/example_nested_branch_dag.py
[2023-01-20T23:49:45.858+0000] {logging_mixin.py:117} INFO - [2023-01-20T23:49:45.858+0000] {dag.py:2573} INFO - Sync 1 DAGs
[2023-01-20T23:49:45.872+0000] {logging_mixin.py:117} INFO - [2023-01-20T23:49:45.872+0000] {dag.py:3328} INFO - Setting next_dagrun for example_nested_branch_dag to 2023-01-19T00:00:00+00:00, run_after=2023-01-20T00:00:00+00:00
[2023-01-20T23:49:45.881+0000] {processor.py:178} INFO - Processing /home/airflow/.local/lib/python3.7/site-packages/airflow/example_dags/example_nested_branch_dag.py took 0.071 seconds
[2023-01-20T23:50:16.064+0000] {processor.py:156} INFO - Started process (PID=1287) to work on /home/airflow/.local/lib/python3.7/site-packages/airflow/example_dags/example_nested_branch_dag.py
[2023-01-20T23:50:16.065+0000] {processor.py:758} INFO - Processing file /home/airflow/.local/lib/python3.7/site-packages/airflow/example_dags/example_nested_branch_dag.py for tasks to queue
[2023-01-20T23:50:16.066+0000] {logging_mixin.py:117} INFO - [2023-01-20T23:50:16.066+0000] {dagbag.py:525} INFO - Filling up the DagBag from /home/airflow/.local/lib/python3.7/site-packages/airflow/example_dags/example_nested_branch_dag.py
[2023-01-20T23:50:16.082+0000] {processor.py:768} INFO - DAG(s) dict_keys(['example_nested_branch_dag']) retrieved from /home/airflow/.local/lib/python3.7/site-packages/airflow/example_dags/example_nested_branch_dag.py
[2023-01-20T23:50:16.109+0000] {logging_mixin.py:117} INFO - [2023-01-20T23:50:16.109+0000] {dag.py:2573} INFO - Sync 1 DAGs
[2023-01-20T23:50:16.124+0000] {logging_mixin.py:117} INFO - [2023-01-20T23:50:16.123+0000] {dag.py:3328} INFO - Setting next_dagrun for example_nested_branch_dag to 2023-01-19T00:00:00+00:00, run_after=2023-01-20T00:00:00+00:00
[2023-01-20T23:50:16.135+0000] {processor.py:178} INFO - Processing /home/airflow/.local/lib/python3.7/site-packages/airflow/example_dags/example_nested_branch_dag.py took 0.073 seconds
[2023-01-20T23:50:46.392+0000] {processor.py:156} INFO - Started process (PID=1350) to work on /home/airflow/.local/lib/python3.7/site-packages/airflow/example_dags/example_nested_branch_dag.py
[2023-01-20T23:50:46.393+0000] {processor.py:758} INFO - Processing file /home/airflow/.local/lib/python3.7/site-packages/airflow/example_dags/example_nested_branch_dag.py for tasks to queue
[2023-01-20T23:50:46.394+0000] {logging_mixin.py:117} INFO - [2023-01-20T23:50:46.394+0000] {dagbag.py:525} INFO - Filling up the DagBag from /home/airflow/.local/lib/python3.7/site-packages/airflow/example_dags/example_nested_branch_dag.py
[2023-01-20T23:50:46.410+0000] {processor.py:768} INFO - DAG(s) dict_keys(['example_nested_branch_dag']) retrieved from /home/airflow/.local/lib/python3.7/site-packages/airflow/example_dags/example_nested_branch_dag.py
[2023-01-20T23:50:46.438+0000] {logging_mixin.py:117} INFO - [2023-01-20T23:50:46.438+0000] {dag.py:2573} INFO - Sync 1 DAGs
[2023-01-20T23:50:46.454+0000] {logging_mixin.py:117} INFO - [2023-01-20T23:50:46.454+0000] {dag.py:3328} INFO - Setting next_dagrun for example_nested_branch_dag to 2023-01-19T00:00:00+00:00, run_after=2023-01-20T00:00:00+00:00
[2023-01-20T23:50:46.465+0000] {processor.py:178} INFO - Processing /home/airflow/.local/lib/python3.7/site-packages/airflow/example_dags/example_nested_branch_dag.py took 0.076 seconds
[2023-01-20T23:51:16.816+0000] {processor.py:156} INFO - Started process (PID=1413) to work on /home/airflow/.local/lib/python3.7/site-packages/airflow/example_dags/example_nested_branch_dag.py
[2023-01-20T23:51:16.817+0000] {processor.py:758} INFO - Processing file /home/airflow/.local/lib/python3.7/site-packages/airflow/example_dags/example_nested_branch_dag.py for tasks to queue
[2023-01-20T23:51:16.818+0000] {logging_mixin.py:117} INFO - [2023-01-20T23:51:16.818+0000] {dagbag.py:525} INFO - Filling up the DagBag from /home/airflow/.local/lib/python3.7/site-packages/airflow/example_dags/example_nested_branch_dag.py
[2023-01-20T23:51:16.834+0000] {processor.py:768} INFO - DAG(s) dict_keys(['example_nested_branch_dag']) retrieved from /home/airflow/.local/lib/python3.7/site-packages/airflow/example_dags/example_nested_branch_dag.py
[2023-01-20T23:51:16.861+0000] {logging_mixin.py:117} INFO - [2023-01-20T23:51:16.861+0000] {dag.py:2573} INFO - Sync 1 DAGs
[2023-01-20T23:51:16.876+0000] {logging_mixin.py:117} INFO - [2023-01-20T23:51:16.876+0000] {dag.py:3328} INFO - Setting next_dagrun for example_nested_branch_dag to 2023-01-19T00:00:00+00:00, run_after=2023-01-20T00:00:00+00:00
[2023-01-20T23:51:16.888+0000] {processor.py:178} INFO - Processing /home/airflow/.local/lib/python3.7/site-packages/airflow/example_dags/example_nested_branch_dag.py took 0.075 seconds
[2023-01-20T23:51:47.320+0000] {processor.py:156} INFO - Started process (PID=1477) to work on /home/airflow/.local/lib/python3.7/site-packages/airflow/example_dags/example_nested_branch_dag.py
[2023-01-20T23:51:47.321+0000] {processor.py:758} INFO - Processing file /home/airflow/.local/lib/python3.7/site-packages/airflow/example_dags/example_nested_branch_dag.py for tasks to queue
[2023-01-20T23:51:47.322+0000] {logging_mixin.py:117} INFO - [2023-01-20T23:51:47.322+0000] {dagbag.py:525} INFO - Filling up the DagBag from /home/airflow/.local/lib/python3.7/site-packages/airflow/example_dags/example_nested_branch_dag.py
[2023-01-20T23:51:47.337+0000] {processor.py:768} INFO - DAG(s) dict_keys(['example_nested_branch_dag']) retrieved from /home/airflow/.local/lib/python3.7/site-packages/airflow/example_dags/example_nested_branch_dag.py
[2023-01-20T23:51:47.368+0000] {logging_mixin.py:117} INFO - [2023-01-20T23:51:47.368+0000] {dag.py:2573} INFO - Sync 1 DAGs
[2023-01-20T23:51:47.384+0000] {logging_mixin.py:117} INFO - [2023-01-20T23:51:47.384+0000] {dag.py:3328} INFO - Setting next_dagrun for example_nested_branch_dag to 2023-01-19T00:00:00+00:00, run_after=2023-01-20T00:00:00+00:00
[2023-01-20T23:51:47.394+0000] {processor.py:178} INFO - Processing /home/airflow/.local/lib/python3.7/site-packages/airflow/example_dags/example_nested_branch_dag.py took 0.077 seconds
[2023-01-20T23:52:17.959+0000] {processor.py:156} INFO - Started process (PID=1540) to work on /home/airflow/.local/lib/python3.7/site-packages/airflow/example_dags/example_nested_branch_dag.py
[2023-01-20T23:52:17.961+0000] {processor.py:758} INFO - Processing file /home/airflow/.local/lib/python3.7/site-packages/airflow/example_dags/example_nested_branch_dag.py for tasks to queue
[2023-01-20T23:52:17.961+0000] {logging_mixin.py:117} INFO - [2023-01-20T23:52:17.961+0000] {dagbag.py:525} INFO - Filling up the DagBag from /home/airflow/.local/lib/python3.7/site-packages/airflow/example_dags/example_nested_branch_dag.py
[2023-01-20T23:52:17.976+0000] {processor.py:768} INFO - DAG(s) dict_keys(['example_nested_branch_dag']) retrieved from /home/airflow/.local/lib/python3.7/site-packages/airflow/example_dags/example_nested_branch_dag.py
[2023-01-20T23:52:18.003+0000] {logging_mixin.py:117} INFO - [2023-01-20T23:52:18.003+0000] {dag.py:2573} INFO - Sync 1 DAGs
[2023-01-20T23:52:18.018+0000] {logging_mixin.py:117} INFO - [2023-01-20T23:52:18.018+0000] {dag.py:3328} INFO - Setting next_dagrun for example_nested_branch_dag to 2023-01-19T00:00:00+00:00, run_after=2023-01-20T00:00:00+00:00
[2023-01-20T23:52:18.029+0000] {processor.py:178} INFO - Processing /home/airflow/.local/lib/python3.7/site-packages/airflow/example_dags/example_nested_branch_dag.py took 0.072 seconds
[2023-01-20T23:52:48.207+0000] {processor.py:156} INFO - Started process (PID=1594) to work on /home/airflow/.local/lib/python3.7/site-packages/airflow/example_dags/example_nested_branch_dag.py
[2023-01-20T23:52:48.208+0000] {processor.py:758} INFO - Processing file /home/airflow/.local/lib/python3.7/site-packages/airflow/example_dags/example_nested_branch_dag.py for tasks to queue
[2023-01-20T23:52:48.209+0000] {logging_mixin.py:117} INFO - [2023-01-20T23:52:48.209+0000] {dagbag.py:525} INFO - Filling up the DagBag from /home/airflow/.local/lib/python3.7/site-packages/airflow/example_dags/example_nested_branch_dag.py
[2023-01-20T23:52:48.227+0000] {processor.py:768} INFO - DAG(s) dict_keys(['example_nested_branch_dag']) retrieved from /home/airflow/.local/lib/python3.7/site-packages/airflow/example_dags/example_nested_branch_dag.py
[2023-01-20T23:52:48.254+0000] {logging_mixin.py:117} INFO - [2023-01-20T23:52:48.253+0000] {dag.py:2573} INFO - Sync 1 DAGs
[2023-01-20T23:52:48.268+0000] {logging_mixin.py:117} INFO - [2023-01-20T23:52:48.268+0000] {dag.py:3328} INFO - Setting next_dagrun for example_nested_branch_dag to 2023-01-19T00:00:00+00:00, run_after=2023-01-20T00:00:00+00:00
[2023-01-20T23:52:48.280+0000] {processor.py:178} INFO - Processing /home/airflow/.local/lib/python3.7/site-packages/airflow/example_dags/example_nested_branch_dag.py took 0.076 seconds
[2023-01-20T23:53:18.718+0000] {processor.py:156} INFO - Started process (PID=1657) to work on /home/airflow/.local/lib/python3.7/site-packages/airflow/example_dags/example_nested_branch_dag.py
[2023-01-20T23:53:18.720+0000] {processor.py:758} INFO - Processing file /home/airflow/.local/lib/python3.7/site-packages/airflow/example_dags/example_nested_branch_dag.py for tasks to queue
[2023-01-20T23:53:18.721+0000] {logging_mixin.py:117} INFO - [2023-01-20T23:53:18.721+0000] {dagbag.py:525} INFO - Filling up the DagBag from /home/airflow/.local/lib/python3.7/site-packages/airflow/example_dags/example_nested_branch_dag.py
[2023-01-20T23:53:18.738+0000] {processor.py:768} INFO - DAG(s) dict_keys(['example_nested_branch_dag']) retrieved from /home/airflow/.local/lib/python3.7/site-packages/airflow/example_dags/example_nested_branch_dag.py
[2023-01-20T23:53:18.764+0000] {logging_mixin.py:117} INFO - [2023-01-20T23:53:18.764+0000] {dag.py:2573} INFO - Sync 1 DAGs
[2023-01-20T23:53:18.779+0000] {logging_mixin.py:117} INFO - [2023-01-20T23:53:18.779+0000] {dag.py:3328} INFO - Setting next_dagrun for example_nested_branch_dag to 2023-01-19T00:00:00+00:00, run_after=2023-01-20T00:00:00+00:00
[2023-01-20T23:53:18.789+0000] {processor.py:178} INFO - Processing /home/airflow/.local/lib/python3.7/site-packages/airflow/example_dags/example_nested_branch_dag.py took 0.073 seconds
[2023-01-20T23:53:49.300+0000] {processor.py:156} INFO - Started process (PID=1721) to work on /home/airflow/.local/lib/python3.7/site-packages/airflow/example_dags/example_nested_branch_dag.py
[2023-01-20T23:53:49.301+0000] {processor.py:758} INFO - Processing file /home/airflow/.local/lib/python3.7/site-packages/airflow/example_dags/example_nested_branch_dag.py for tasks to queue
[2023-01-20T23:53:49.302+0000] {logging_mixin.py:117} INFO - [2023-01-20T23:53:49.301+0000] {dagbag.py:525} INFO - Filling up the DagBag from /home/airflow/.local/lib/python3.7/site-packages/airflow/example_dags/example_nested_branch_dag.py
[2023-01-20T23:53:49.316+0000] {processor.py:768} INFO - DAG(s) dict_keys(['example_nested_branch_dag']) retrieved from /home/airflow/.local/lib/python3.7/site-packages/airflow/example_dags/example_nested_branch_dag.py
[2023-01-20T23:53:49.342+0000] {logging_mixin.py:117} INFO - [2023-01-20T23:53:49.342+0000] {dag.py:2573} INFO - Sync 1 DAGs
[2023-01-20T23:53:49.357+0000] {logging_mixin.py:117} INFO - [2023-01-20T23:53:49.357+0000] {dag.py:3328} INFO - Setting next_dagrun for example_nested_branch_dag to 2023-01-19T00:00:00+00:00, run_after=2023-01-20T00:00:00+00:00
[2023-01-20T23:53:49.367+0000] {processor.py:178} INFO - Processing /home/airflow/.local/lib/python3.7/site-packages/airflow/example_dags/example_nested_branch_dag.py took 0.069 seconds
[2023-01-20T23:54:19.613+0000] {processor.py:156} INFO - Started process (PID=1784) to work on /home/airflow/.local/lib/python3.7/site-packages/airflow/example_dags/example_nested_branch_dag.py
[2023-01-20T23:54:19.618+0000] {processor.py:758} INFO - Processing file /home/airflow/.local/lib/python3.7/site-packages/airflow/example_dags/example_nested_branch_dag.py for tasks to queue
[2023-01-20T23:54:19.619+0000] {logging_mixin.py:117} INFO - [2023-01-20T23:54:19.619+0000] {dagbag.py:525} INFO - Filling up the DagBag from /home/airflow/.local/lib/python3.7/site-packages/airflow/example_dags/example_nested_branch_dag.py
[2023-01-20T23:54:19.635+0000] {processor.py:768} INFO - DAG(s) dict_keys(['example_nested_branch_dag']) retrieved from /home/airflow/.local/lib/python3.7/site-packages/airflow/example_dags/example_nested_branch_dag.py
[2023-01-20T23:54:19.662+0000] {logging_mixin.py:117} INFO - [2023-01-20T23:54:19.662+0000] {dag.py:2573} INFO - Sync 1 DAGs
[2023-01-20T23:54:19.678+0000] {logging_mixin.py:117} INFO - [2023-01-20T23:54:19.678+0000] {dag.py:3328} INFO - Setting next_dagrun for example_nested_branch_dag to 2023-01-19T00:00:00+00:00, run_after=2023-01-20T00:00:00+00:00
[2023-01-20T23:54:19.693+0000] {processor.py:178} INFO - Processing /home/airflow/.local/lib/python3.7/site-packages/airflow/example_dags/example_nested_branch_dag.py took 0.082 seconds
[2023-01-20T23:54:59.450+0000] {processor.py:156} INFO - Started process (PID=61) to work on /home/airflow/.local/lib/python3.7/site-packages/airflow/example_dags/example_nested_branch_dag.py
[2023-01-20T23:54:59.455+0000] {processor.py:758} INFO - Processing file /home/airflow/.local/lib/python3.7/site-packages/airflow/example_dags/example_nested_branch_dag.py for tasks to queue
[2023-01-20T23:54:59.456+0000] {logging_mixin.py:117} INFO - [2023-01-20T23:54:59.456+0000] {dagbag.py:525} INFO - Filling up the DagBag from /home/airflow/.local/lib/python3.7/site-packages/airflow/example_dags/example_nested_branch_dag.py
[2023-01-20T23:54:59.536+0000] {processor.py:768} INFO - DAG(s) dict_keys(['example_nested_branch_dag']) retrieved from /home/airflow/.local/lib/python3.7/site-packages/airflow/example_dags/example_nested_branch_dag.py
[2023-01-20T23:55:00.224+0000] {logging_mixin.py:117} INFO - [2023-01-20T23:55:00.224+0000] {dag.py:2573} INFO - Sync 1 DAGs
[2023-01-20T23:55:00.250+0000] {logging_mixin.py:117} INFO - [2023-01-20T23:55:00.250+0000] {dag.py:3328} INFO - Setting next_dagrun for example_nested_branch_dag to 2023-01-19T00:00:00+00:00, run_after=2023-01-20T00:00:00+00:00
[2023-01-20T23:55:00.303+0000] {processor.py:178} INFO - Processing /home/airflow/.local/lib/python3.7/site-packages/airflow/example_dags/example_nested_branch_dag.py took 0.855 seconds
[2023-01-20T23:55:30.793+0000] {processor.py:156} INFO - Started process (PID=116) to work on /home/airflow/.local/lib/python3.7/site-packages/airflow/example_dags/example_nested_branch_dag.py
[2023-01-20T23:55:30.796+0000] {processor.py:758} INFO - Processing file /home/airflow/.local/lib/python3.7/site-packages/airflow/example_dags/example_nested_branch_dag.py for tasks to queue
[2023-01-20T23:55:30.802+0000] {logging_mixin.py:117} INFO - [2023-01-20T23:55:30.801+0000] {dagbag.py:525} INFO - Filling up the DagBag from /home/airflow/.local/lib/python3.7/site-packages/airflow/example_dags/example_nested_branch_dag.py
[2023-01-20T23:55:35.647+0000] {logging_mixin.py:117} INFO - [2023-01-20T23:55:35.646+0000] {process_utils.py:256} INFO - Waiting up to 5 seconds for processes to exit...
[2023-01-20T23:55:35.651+0000] {logging_mixin.py:117} WARNING - Exception ignored in: <function WeakKeyDictionary.__init__.<locals>.remove at 0xffff8fbdfd40>
[2023-01-20T23:55:35.653+0000] {logging_mixin.py:117} WARNING - Traceback (most recent call last):
[2023-01-20T23:55:35.654+0000] {logging_mixin.py:117} WARNING -   File "/usr/local/lib/python3.7/weakref.py", line 358, in remove
[2023-01-20T23:55:35.782+0000] {logging_mixin.py:117} WARNING - SystemExit: 0
[2023-01-20T23:55:35.791+0000] {processor.py:768} INFO - DAG(s) dict_keys(['example_nested_branch_dag']) retrieved from /home/airflow/.local/lib/python3.7/site-packages/airflow/example_dags/example_nested_branch_dag.py
[2023-01-20T23:55:35.886+0000] {logging_mixin.py:117} INFO - [2023-01-20T23:55:35.885+0000] {dag.py:2573} INFO - Sync 1 DAGs
[2023-01-20T23:55:35.940+0000] {logging_mixin.py:117} INFO - [2023-01-20T23:55:35.940+0000] {dag.py:3328} INFO - Setting next_dagrun for example_nested_branch_dag to 2023-01-19T00:00:00+00:00, run_after=2023-01-20T00:00:00+00:00
[2023-01-20T23:55:35.976+0000] {processor.py:178} INFO - Processing /home/airflow/.local/lib/python3.7/site-packages/airflow/example_dags/example_nested_branch_dag.py took 5.202 seconds
[2023-01-20T23:57:37.445+0000] {processor.py:156} INFO - Started process (PID=61) to work on /home/airflow/.local/lib/python3.7/site-packages/airflow/example_dags/example_nested_branch_dag.py
[2023-01-20T23:57:37.448+0000] {processor.py:758} INFO - Processing file /home/airflow/.local/lib/python3.7/site-packages/airflow/example_dags/example_nested_branch_dag.py for tasks to queue
[2023-01-20T23:57:37.452+0000] {logging_mixin.py:117} INFO - [2023-01-20T23:57:37.452+0000] {dagbag.py:525} INFO - Filling up the DagBag from /home/airflow/.local/lib/python3.7/site-packages/airflow/example_dags/example_nested_branch_dag.py
[2023-01-20T23:57:37.512+0000] {processor.py:768} INFO - DAG(s) dict_keys(['example_nested_branch_dag']) retrieved from /home/airflow/.local/lib/python3.7/site-packages/airflow/example_dags/example_nested_branch_dag.py
[2023-01-20T23:57:37.898+0000] {logging_mixin.py:117} INFO - [2023-01-20T23:57:37.898+0000] {dag.py:2573} INFO - Sync 1 DAGs
[2023-01-20T23:57:37.937+0000] {logging_mixin.py:117} INFO - [2023-01-20T23:57:37.936+0000] {dag.py:3328} INFO - Setting next_dagrun for example_nested_branch_dag to 2023-01-19T00:00:00+00:00, run_after=2023-01-20T00:00:00+00:00
[2023-01-20T23:57:37.989+0000] {processor.py:178} INFO - Processing /home/airflow/.local/lib/python3.7/site-packages/airflow/example_dags/example_nested_branch_dag.py took 0.548 seconds
[2023-01-20T23:58:08.101+0000] {processor.py:156} INFO - Started process (PID=114) to work on /home/airflow/.local/lib/python3.7/site-packages/airflow/example_dags/example_nested_branch_dag.py
[2023-01-20T23:58:08.103+0000] {processor.py:758} INFO - Processing file /home/airflow/.local/lib/python3.7/site-packages/airflow/example_dags/example_nested_branch_dag.py for tasks to queue
[2023-01-20T23:58:08.104+0000] {logging_mixin.py:117} INFO - [2023-01-20T23:58:08.103+0000] {dagbag.py:525} INFO - Filling up the DagBag from /home/airflow/.local/lib/python3.7/site-packages/airflow/example_dags/example_nested_branch_dag.py
[2023-01-20T23:58:08.218+0000] {processor.py:768} INFO - DAG(s) dict_keys(['example_nested_branch_dag']) retrieved from /home/airflow/.local/lib/python3.7/site-packages/airflow/example_dags/example_nested_branch_dag.py
[2023-01-20T23:58:08.239+0000] {logging_mixin.py:117} INFO - [2023-01-20T23:58:08.239+0000] {dag.py:2573} INFO - Sync 1 DAGs
[2023-01-20T23:58:08.252+0000] {logging_mixin.py:117} INFO - [2023-01-20T23:58:08.252+0000] {dag.py:3328} INFO - Setting next_dagrun for example_nested_branch_dag to 2023-01-19T00:00:00+00:00, run_after=2023-01-20T00:00:00+00:00
[2023-01-20T23:58:08.262+0000] {processor.py:178} INFO - Processing /home/airflow/.local/lib/python3.7/site-packages/airflow/example_dags/example_nested_branch_dag.py took 0.164 seconds
[2023-01-20T23:58:38.678+0000] {processor.py:156} INFO - Started process (PID=177) to work on /home/airflow/.local/lib/python3.7/site-packages/airflow/example_dags/example_nested_branch_dag.py
[2023-01-20T23:58:38.679+0000] {processor.py:758} INFO - Processing file /home/airflow/.local/lib/python3.7/site-packages/airflow/example_dags/example_nested_branch_dag.py for tasks to queue
[2023-01-20T23:58:38.680+0000] {logging_mixin.py:117} INFO - [2023-01-20T23:58:38.680+0000] {dagbag.py:525} INFO - Filling up the DagBag from /home/airflow/.local/lib/python3.7/site-packages/airflow/example_dags/example_nested_branch_dag.py
[2023-01-20T23:58:38.901+0000] {processor.py:768} INFO - DAG(s) dict_keys(['example_nested_branch_dag']) retrieved from /home/airflow/.local/lib/python3.7/site-packages/airflow/example_dags/example_nested_branch_dag.py
[2023-01-20T23:58:38.933+0000] {logging_mixin.py:117} INFO - [2023-01-20T23:58:38.932+0000] {dag.py:2573} INFO - Sync 1 DAGs
[2023-01-20T23:58:38.949+0000] {logging_mixin.py:117} INFO - [2023-01-20T23:58:38.949+0000] {dag.py:3328} INFO - Setting next_dagrun for example_nested_branch_dag to 2023-01-19T00:00:00+00:00, run_after=2023-01-20T00:00:00+00:00
[2023-01-20T23:58:38.961+0000] {processor.py:178} INFO - Processing /home/airflow/.local/lib/python3.7/site-packages/airflow/example_dags/example_nested_branch_dag.py took 0.286 seconds
[2023-01-20T23:59:09.816+0000] {processor.py:156} INFO - Started process (PID=240) to work on /home/airflow/.local/lib/python3.7/site-packages/airflow/example_dags/example_nested_branch_dag.py
[2023-01-20T23:59:09.819+0000] {processor.py:758} INFO - Processing file /home/airflow/.local/lib/python3.7/site-packages/airflow/example_dags/example_nested_branch_dag.py for tasks to queue
[2023-01-20T23:59:09.820+0000] {logging_mixin.py:117} INFO - [2023-01-20T23:59:09.820+0000] {dagbag.py:525} INFO - Filling up the DagBag from /home/airflow/.local/lib/python3.7/site-packages/airflow/example_dags/example_nested_branch_dag.py
[2023-01-20T23:59:09.843+0000] {processor.py:768} INFO - DAG(s) dict_keys(['example_nested_branch_dag']) retrieved from /home/airflow/.local/lib/python3.7/site-packages/airflow/example_dags/example_nested_branch_dag.py
[2023-01-20T23:59:09.878+0000] {logging_mixin.py:117} INFO - [2023-01-20T23:59:09.877+0000] {dag.py:2573} INFO - Sync 1 DAGs
[2023-01-20T23:59:09.894+0000] {logging_mixin.py:117} INFO - [2023-01-20T23:59:09.893+0000] {dag.py:3328} INFO - Setting next_dagrun for example_nested_branch_dag to 2023-01-19T00:00:00+00:00, run_after=2023-01-20T00:00:00+00:00
[2023-01-20T23:59:09.905+0000] {processor.py:178} INFO - Processing /home/airflow/.local/lib/python3.7/site-packages/airflow/example_dags/example_nested_branch_dag.py took 0.094 seconds
[2023-01-20T23:59:40.277+0000] {processor.py:156} INFO - Started process (PID=303) to work on /home/airflow/.local/lib/python3.7/site-packages/airflow/example_dags/example_nested_branch_dag.py
[2023-01-20T23:59:40.281+0000] {processor.py:758} INFO - Processing file /home/airflow/.local/lib/python3.7/site-packages/airflow/example_dags/example_nested_branch_dag.py for tasks to queue
[2023-01-20T23:59:40.283+0000] {logging_mixin.py:117} INFO - [2023-01-20T23:59:40.283+0000] {dagbag.py:525} INFO - Filling up the DagBag from /home/airflow/.local/lib/python3.7/site-packages/airflow/example_dags/example_nested_branch_dag.py
[2023-01-20T23:59:40.311+0000] {processor.py:768} INFO - DAG(s) dict_keys(['example_nested_branch_dag']) retrieved from /home/airflow/.local/lib/python3.7/site-packages/airflow/example_dags/example_nested_branch_dag.py
[2023-01-20T23:59:40.341+0000] {logging_mixin.py:117} INFO - [2023-01-20T23:59:40.341+0000] {dag.py:2573} INFO - Sync 1 DAGs
[2023-01-20T23:59:40.357+0000] {logging_mixin.py:117} INFO - [2023-01-20T23:59:40.357+0000] {dag.py:3328} INFO - Setting next_dagrun for example_nested_branch_dag to 2023-01-19T00:00:00+00:00, run_after=2023-01-20T00:00:00+00:00
[2023-01-20T23:59:40.368+0000] {processor.py:178} INFO - Processing /home/airflow/.local/lib/python3.7/site-packages/airflow/example_dags/example_nested_branch_dag.py took 0.097 seconds
