[2023-01-20T23:39:55.074+0000] {processor.py:156} INFO - Started process (PID=40) to work on /home/airflow/.local/lib/python3.7/site-packages/airflow/example_dags/example_dag_decorator.py
[2023-01-20T23:39:55.082+0000] {processor.py:758} INFO - Processing file /home/airflow/.local/lib/python3.7/site-packages/airflow/example_dags/example_dag_decorator.py for tasks to queue
[2023-01-20T23:39:55.087+0000] {logging_mixin.py:117} INFO - [2023-01-20T23:39:55.087+0000] {dagbag.py:525} INFO - Filling up the DagBag from /home/airflow/.local/lib/python3.7/site-packages/airflow/example_dags/example_dag_decorator.py
[2023-01-20T23:39:55.222+0000] {processor.py:768} INFO - DAG(s) dict_keys(['example_dag_decorator']) retrieved from /home/airflow/.local/lib/python3.7/site-packages/airflow/example_dags/example_dag_decorator.py
[2023-01-20T23:39:56.078+0000] {logging_mixin.py:117} INFO - [2023-01-20T23:39:56.075+0000] {dag.py:2573} INFO - Sync 1 DAGs
[2023-01-20T23:39:56.127+0000] {logging_mixin.py:117} INFO - [2023-01-20T23:39:56.127+0000] {dag.py:3328} INFO - Setting next_dagrun for example_dag_decorator to None, run_after=None
[2023-01-20T23:39:56.167+0000] {processor.py:178} INFO - Processing /home/airflow/.local/lib/python3.7/site-packages/airflow/example_dags/example_dag_decorator.py took 1.113 seconds
[2023-01-20T23:40:26.425+0000] {processor.py:156} INFO - Started process (PID=102) to work on /home/airflow/.local/lib/python3.7/site-packages/airflow/example_dags/example_dag_decorator.py
[2023-01-20T23:40:26.427+0000] {processor.py:758} INFO - Processing file /home/airflow/.local/lib/python3.7/site-packages/airflow/example_dags/example_dag_decorator.py for tasks to queue
[2023-01-20T23:40:26.429+0000] {logging_mixin.py:117} INFO - [2023-01-20T23:40:26.429+0000] {dagbag.py:525} INFO - Filling up the DagBag from /home/airflow/.local/lib/python3.7/site-packages/airflow/example_dags/example_dag_decorator.py
[2023-01-20T23:40:26.659+0000] {processor.py:768} INFO - DAG(s) dict_keys(['example_dag_decorator']) retrieved from /home/airflow/.local/lib/python3.7/site-packages/airflow/example_dags/example_dag_decorator.py
[2023-01-20T23:40:26.674+0000] {logging_mixin.py:117} INFO - [2023-01-20T23:40:26.674+0000] {dag.py:2573} INFO - Sync 1 DAGs
[2023-01-20T23:40:26.687+0000] {logging_mixin.py:117} INFO - [2023-01-20T23:40:26.687+0000] {dag.py:3328} INFO - Setting next_dagrun for example_dag_decorator to None, run_after=None
[2023-01-20T23:40:26.698+0000] {processor.py:178} INFO - Processing /home/airflow/.local/lib/python3.7/site-packages/airflow/example_dags/example_dag_decorator.py took 0.279 seconds
[2023-01-20T23:40:57.080+0000] {processor.py:156} INFO - Started process (PID=158) to work on /home/airflow/.local/lib/python3.7/site-packages/airflow/example_dags/example_dag_decorator.py
[2023-01-20T23:40:57.082+0000] {processor.py:758} INFO - Processing file /home/airflow/.local/lib/python3.7/site-packages/airflow/example_dags/example_dag_decorator.py for tasks to queue
[2023-01-20T23:40:57.083+0000] {logging_mixin.py:117} INFO - [2023-01-20T23:40:57.083+0000] {dagbag.py:525} INFO - Filling up the DagBag from /home/airflow/.local/lib/python3.7/site-packages/airflow/example_dags/example_dag_decorator.py
[2023-01-20T23:40:57.199+0000] {processor.py:768} INFO - DAG(s) dict_keys(['example_dag_decorator']) retrieved from /home/airflow/.local/lib/python3.7/site-packages/airflow/example_dags/example_dag_decorator.py
[2023-01-20T23:40:57.239+0000] {logging_mixin.py:117} INFO - [2023-01-20T23:40:57.239+0000] {dag.py:2573} INFO - Sync 1 DAGs
[2023-01-20T23:40:57.252+0000] {logging_mixin.py:117} INFO - [2023-01-20T23:40:57.252+0000] {dag.py:3328} INFO - Setting next_dagrun for example_dag_decorator to None, run_after=None
[2023-01-20T23:40:57.263+0000] {processor.py:178} INFO - Processing /home/airflow/.local/lib/python3.7/site-packages/airflow/example_dags/example_dag_decorator.py took 0.187 seconds
[2023-01-20T23:41:28.229+0000] {processor.py:156} INFO - Started process (PID=221) to work on /home/airflow/.local/lib/python3.7/site-packages/airflow/example_dags/example_dag_decorator.py
[2023-01-20T23:41:28.233+0000] {processor.py:758} INFO - Processing file /home/airflow/.local/lib/python3.7/site-packages/airflow/example_dags/example_dag_decorator.py for tasks to queue
[2023-01-20T23:41:28.235+0000] {logging_mixin.py:117} INFO - [2023-01-20T23:41:28.235+0000] {dagbag.py:525} INFO - Filling up the DagBag from /home/airflow/.local/lib/python3.7/site-packages/airflow/example_dags/example_dag_decorator.py
[2023-01-20T23:41:28.364+0000] {processor.py:768} INFO - DAG(s) dict_keys(['example_dag_decorator']) retrieved from /home/airflow/.local/lib/python3.7/site-packages/airflow/example_dags/example_dag_decorator.py
[2023-01-20T23:41:28.412+0000] {logging_mixin.py:117} INFO - [2023-01-20T23:41:28.412+0000] {dag.py:2573} INFO - Sync 1 DAGs
[2023-01-20T23:41:28.432+0000] {logging_mixin.py:117} INFO - [2023-01-20T23:41:28.432+0000] {dag.py:3328} INFO - Setting next_dagrun for example_dag_decorator to None, run_after=None
[2023-01-20T23:41:28.443+0000] {processor.py:178} INFO - Processing /home/airflow/.local/lib/python3.7/site-packages/airflow/example_dags/example_dag_decorator.py took 0.220 seconds
[2023-01-20T23:41:58.524+0000] {processor.py:156} INFO - Started process (PID=284) to work on /home/airflow/.local/lib/python3.7/site-packages/airflow/example_dags/example_dag_decorator.py
[2023-01-20T23:41:58.526+0000] {processor.py:758} INFO - Processing file /home/airflow/.local/lib/python3.7/site-packages/airflow/example_dags/example_dag_decorator.py for tasks to queue
[2023-01-20T23:41:58.527+0000] {logging_mixin.py:117} INFO - [2023-01-20T23:41:58.527+0000] {dagbag.py:525} INFO - Filling up the DagBag from /home/airflow/.local/lib/python3.7/site-packages/airflow/example_dags/example_dag_decorator.py
[2023-01-20T23:41:58.550+0000] {processor.py:768} INFO - DAG(s) dict_keys(['example_dag_decorator']) retrieved from /home/airflow/.local/lib/python3.7/site-packages/airflow/example_dags/example_dag_decorator.py
[2023-01-20T23:41:58.599+0000] {logging_mixin.py:117} INFO - [2023-01-20T23:41:58.599+0000] {dag.py:2573} INFO - Sync 1 DAGs
[2023-01-20T23:41:58.613+0000] {logging_mixin.py:117} INFO - [2023-01-20T23:41:58.613+0000] {dag.py:3328} INFO - Setting next_dagrun for example_dag_decorator to None, run_after=None
[2023-01-20T23:41:58.625+0000] {processor.py:178} INFO - Processing /home/airflow/.local/lib/python3.7/site-packages/airflow/example_dags/example_dag_decorator.py took 0.104 seconds
[2023-01-20T23:42:29.217+0000] {processor.py:156} INFO - Started process (PID=347) to work on /home/airflow/.local/lib/python3.7/site-packages/airflow/example_dags/example_dag_decorator.py
[2023-01-20T23:42:29.219+0000] {processor.py:758} INFO - Processing file /home/airflow/.local/lib/python3.7/site-packages/airflow/example_dags/example_dag_decorator.py for tasks to queue
[2023-01-20T23:42:29.220+0000] {logging_mixin.py:117} INFO - [2023-01-20T23:42:29.220+0000] {dagbag.py:525} INFO - Filling up the DagBag from /home/airflow/.local/lib/python3.7/site-packages/airflow/example_dags/example_dag_decorator.py
[2023-01-20T23:42:29.254+0000] {processor.py:768} INFO - DAG(s) dict_keys(['example_dag_decorator']) retrieved from /home/airflow/.local/lib/python3.7/site-packages/airflow/example_dags/example_dag_decorator.py
[2023-01-20T23:42:29.319+0000] {logging_mixin.py:117} INFO - [2023-01-20T23:42:29.318+0000] {dag.py:2573} INFO - Sync 1 DAGs
[2023-01-20T23:42:29.332+0000] {logging_mixin.py:117} INFO - [2023-01-20T23:42:29.332+0000] {dag.py:3328} INFO - Setting next_dagrun for example_dag_decorator to None, run_after=None
[2023-01-20T23:42:29.343+0000] {processor.py:178} INFO - Processing /home/airflow/.local/lib/python3.7/site-packages/airflow/example_dags/example_dag_decorator.py took 0.130 seconds
[2023-01-20T23:42:59.869+0000] {processor.py:156} INFO - Started process (PID=411) to work on /home/airflow/.local/lib/python3.7/site-packages/airflow/example_dags/example_dag_decorator.py
[2023-01-20T23:42:59.871+0000] {processor.py:758} INFO - Processing file /home/airflow/.local/lib/python3.7/site-packages/airflow/example_dags/example_dag_decorator.py for tasks to queue
[2023-01-20T23:42:59.877+0000] {logging_mixin.py:117} INFO - [2023-01-20T23:42:59.877+0000] {dagbag.py:525} INFO - Filling up the DagBag from /home/airflow/.local/lib/python3.7/site-packages/airflow/example_dags/example_dag_decorator.py
[2023-01-20T23:42:59.907+0000] {processor.py:768} INFO - DAG(s) dict_keys(['example_dag_decorator']) retrieved from /home/airflow/.local/lib/python3.7/site-packages/airflow/example_dags/example_dag_decorator.py
[2023-01-20T23:42:59.972+0000] {logging_mixin.py:117} INFO - [2023-01-20T23:42:59.972+0000] {dag.py:2573} INFO - Sync 1 DAGs
[2023-01-20T23:42:59.987+0000] {logging_mixin.py:117} INFO - [2023-01-20T23:42:59.987+0000] {dag.py:3328} INFO - Setting next_dagrun for example_dag_decorator to None, run_after=None
[2023-01-20T23:43:00.001+0000] {processor.py:178} INFO - Processing /home/airflow/.local/lib/python3.7/site-packages/airflow/example_dags/example_dag_decorator.py took 0.136 seconds
[2023-01-20T23:43:30.065+0000] {processor.py:156} INFO - Started process (PID=465) to work on /home/airflow/.local/lib/python3.7/site-packages/airflow/example_dags/example_dag_decorator.py
[2023-01-20T23:43:30.066+0000] {processor.py:758} INFO - Processing file /home/airflow/.local/lib/python3.7/site-packages/airflow/example_dags/example_dag_decorator.py for tasks to queue
[2023-01-20T23:43:30.067+0000] {logging_mixin.py:117} INFO - [2023-01-20T23:43:30.067+0000] {dagbag.py:525} INFO - Filling up the DagBag from /home/airflow/.local/lib/python3.7/site-packages/airflow/example_dags/example_dag_decorator.py
[2023-01-20T23:43:30.089+0000] {processor.py:768} INFO - DAG(s) dict_keys(['example_dag_decorator']) retrieved from /home/airflow/.local/lib/python3.7/site-packages/airflow/example_dags/example_dag_decorator.py
[2023-01-20T23:43:30.136+0000] {logging_mixin.py:117} INFO - [2023-01-20T23:43:30.136+0000] {dag.py:2573} INFO - Sync 1 DAGs
[2023-01-20T23:43:30.148+0000] {logging_mixin.py:117} INFO - [2023-01-20T23:43:30.148+0000] {dag.py:3328} INFO - Setting next_dagrun for example_dag_decorator to None, run_after=None
[2023-01-20T23:43:30.159+0000] {processor.py:178} INFO - Processing /home/airflow/.local/lib/python3.7/site-packages/airflow/example_dags/example_dag_decorator.py took 0.097 seconds
[2023-01-20T23:44:00.249+0000] {processor.py:156} INFO - Started process (PID=528) to work on /home/airflow/.local/lib/python3.7/site-packages/airflow/example_dags/example_dag_decorator.py
[2023-01-20T23:44:00.251+0000] {processor.py:758} INFO - Processing file /home/airflow/.local/lib/python3.7/site-packages/airflow/example_dags/example_dag_decorator.py for tasks to queue
[2023-01-20T23:44:00.252+0000] {logging_mixin.py:117} INFO - [2023-01-20T23:44:00.252+0000] {dagbag.py:525} INFO - Filling up the DagBag from /home/airflow/.local/lib/python3.7/site-packages/airflow/example_dags/example_dag_decorator.py
[2023-01-20T23:44:00.282+0000] {processor.py:768} INFO - DAG(s) dict_keys(['example_dag_decorator']) retrieved from /home/airflow/.local/lib/python3.7/site-packages/airflow/example_dags/example_dag_decorator.py
[2023-01-20T23:44:00.340+0000] {logging_mixin.py:117} INFO - [2023-01-20T23:44:00.339+0000] {dag.py:2573} INFO - Sync 1 DAGs
[2023-01-20T23:44:00.356+0000] {logging_mixin.py:117} INFO - [2023-01-20T23:44:00.356+0000] {dag.py:3328} INFO - Setting next_dagrun for example_dag_decorator to None, run_after=None
[2023-01-20T23:44:00.366+0000] {processor.py:178} INFO - Processing /home/airflow/.local/lib/python3.7/site-packages/airflow/example_dags/example_dag_decorator.py took 0.123 seconds
[2023-01-20T23:44:30.806+0000] {processor.py:156} INFO - Started process (PID=591) to work on /home/airflow/.local/lib/python3.7/site-packages/airflow/example_dags/example_dag_decorator.py
[2023-01-20T23:44:30.808+0000] {processor.py:758} INFO - Processing file /home/airflow/.local/lib/python3.7/site-packages/airflow/example_dags/example_dag_decorator.py for tasks to queue
[2023-01-20T23:44:30.809+0000] {logging_mixin.py:117} INFO - [2023-01-20T23:44:30.809+0000] {dagbag.py:525} INFO - Filling up the DagBag from /home/airflow/.local/lib/python3.7/site-packages/airflow/example_dags/example_dag_decorator.py
[2023-01-20T23:44:30.837+0000] {processor.py:768} INFO - DAG(s) dict_keys(['example_dag_decorator']) retrieved from /home/airflow/.local/lib/python3.7/site-packages/airflow/example_dags/example_dag_decorator.py
[2023-01-20T23:44:30.888+0000] {logging_mixin.py:117} INFO - [2023-01-20T23:44:30.888+0000] {dag.py:2573} INFO - Sync 1 DAGs
[2023-01-20T23:44:30.900+0000] {logging_mixin.py:117} INFO - [2023-01-20T23:44:30.900+0000] {dag.py:3328} INFO - Setting next_dagrun for example_dag_decorator to None, run_after=None
[2023-01-20T23:44:30.910+0000] {processor.py:178} INFO - Processing /home/airflow/.local/lib/python3.7/site-packages/airflow/example_dags/example_dag_decorator.py took 0.109 seconds
[2023-01-20T23:45:01.157+0000] {processor.py:156} INFO - Started process (PID=654) to work on /home/airflow/.local/lib/python3.7/site-packages/airflow/example_dags/example_dag_decorator.py
[2023-01-20T23:45:01.159+0000] {processor.py:758} INFO - Processing file /home/airflow/.local/lib/python3.7/site-packages/airflow/example_dags/example_dag_decorator.py for tasks to queue
[2023-01-20T23:45:01.160+0000] {logging_mixin.py:117} INFO - [2023-01-20T23:45:01.160+0000] {dagbag.py:525} INFO - Filling up the DagBag from /home/airflow/.local/lib/python3.7/site-packages/airflow/example_dags/example_dag_decorator.py
[2023-01-20T23:45:01.185+0000] {processor.py:768} INFO - DAG(s) dict_keys(['example_dag_decorator']) retrieved from /home/airflow/.local/lib/python3.7/site-packages/airflow/example_dags/example_dag_decorator.py
[2023-01-20T23:45:01.235+0000] {logging_mixin.py:117} INFO - [2023-01-20T23:45:01.235+0000] {dag.py:2573} INFO - Sync 1 DAGs
[2023-01-20T23:45:01.248+0000] {logging_mixin.py:117} INFO - [2023-01-20T23:45:01.248+0000] {dag.py:3328} INFO - Setting next_dagrun for example_dag_decorator to None, run_after=None
[2023-01-20T23:45:01.258+0000] {processor.py:178} INFO - Processing /home/airflow/.local/lib/python3.7/site-packages/airflow/example_dags/example_dag_decorator.py took 0.106 seconds
[2023-01-20T23:45:31.393+0000] {processor.py:156} INFO - Started process (PID=717) to work on /home/airflow/.local/lib/python3.7/site-packages/airflow/example_dags/example_dag_decorator.py
[2023-01-20T23:45:31.395+0000] {processor.py:758} INFO - Processing file /home/airflow/.local/lib/python3.7/site-packages/airflow/example_dags/example_dag_decorator.py for tasks to queue
[2023-01-20T23:45:31.396+0000] {logging_mixin.py:117} INFO - [2023-01-20T23:45:31.396+0000] {dagbag.py:525} INFO - Filling up the DagBag from /home/airflow/.local/lib/python3.7/site-packages/airflow/example_dags/example_dag_decorator.py
[2023-01-20T23:45:31.425+0000] {processor.py:768} INFO - DAG(s) dict_keys(['example_dag_decorator']) retrieved from /home/airflow/.local/lib/python3.7/site-packages/airflow/example_dags/example_dag_decorator.py
[2023-01-20T23:45:31.475+0000] {logging_mixin.py:117} INFO - [2023-01-20T23:45:31.475+0000] {dag.py:2573} INFO - Sync 1 DAGs
[2023-01-20T23:45:31.488+0000] {logging_mixin.py:117} INFO - [2023-01-20T23:45:31.488+0000] {dag.py:3328} INFO - Setting next_dagrun for example_dag_decorator to None, run_after=None
[2023-01-20T23:45:31.498+0000] {processor.py:178} INFO - Processing /home/airflow/.local/lib/python3.7/site-packages/airflow/example_dags/example_dag_decorator.py took 0.112 seconds
[2023-01-20T23:46:01.833+0000] {processor.py:156} INFO - Started process (PID=780) to work on /home/airflow/.local/lib/python3.7/site-packages/airflow/example_dags/example_dag_decorator.py
[2023-01-20T23:46:01.834+0000] {processor.py:758} INFO - Processing file /home/airflow/.local/lib/python3.7/site-packages/airflow/example_dags/example_dag_decorator.py for tasks to queue
[2023-01-20T23:46:01.835+0000] {logging_mixin.py:117} INFO - [2023-01-20T23:46:01.835+0000] {dagbag.py:525} INFO - Filling up the DagBag from /home/airflow/.local/lib/python3.7/site-packages/airflow/example_dags/example_dag_decorator.py
[2023-01-20T23:46:01.862+0000] {processor.py:768} INFO - DAG(s) dict_keys(['example_dag_decorator']) retrieved from /home/airflow/.local/lib/python3.7/site-packages/airflow/example_dags/example_dag_decorator.py
[2023-01-20T23:46:01.945+0000] {logging_mixin.py:117} INFO - [2023-01-20T23:46:01.945+0000] {dag.py:2573} INFO - Sync 1 DAGs
[2023-01-20T23:46:01.969+0000] {logging_mixin.py:117} INFO - [2023-01-20T23:46:01.969+0000] {dag.py:3328} INFO - Setting next_dagrun for example_dag_decorator to None, run_after=None
[2023-01-20T23:46:01.981+0000] {processor.py:178} INFO - Processing /home/airflow/.local/lib/python3.7/site-packages/airflow/example_dags/example_dag_decorator.py took 0.151 seconds
[2023-01-20T23:46:32.212+0000] {processor.py:156} INFO - Started process (PID=834) to work on /home/airflow/.local/lib/python3.7/site-packages/airflow/example_dags/example_dag_decorator.py
[2023-01-20T23:46:32.214+0000] {processor.py:758} INFO - Processing file /home/airflow/.local/lib/python3.7/site-packages/airflow/example_dags/example_dag_decorator.py for tasks to queue
[2023-01-20T23:46:32.215+0000] {logging_mixin.py:117} INFO - [2023-01-20T23:46:32.215+0000] {dagbag.py:525} INFO - Filling up the DagBag from /home/airflow/.local/lib/python3.7/site-packages/airflow/example_dags/example_dag_decorator.py
[2023-01-20T23:46:32.242+0000] {processor.py:768} INFO - DAG(s) dict_keys(['example_dag_decorator']) retrieved from /home/airflow/.local/lib/python3.7/site-packages/airflow/example_dags/example_dag_decorator.py
[2023-01-20T23:46:32.290+0000] {logging_mixin.py:117} INFO - [2023-01-20T23:46:32.290+0000] {dag.py:2573} INFO - Sync 1 DAGs
[2023-01-20T23:46:32.303+0000] {logging_mixin.py:117} INFO - [2023-01-20T23:46:32.303+0000] {dag.py:3328} INFO - Setting next_dagrun for example_dag_decorator to None, run_after=None
[2023-01-20T23:46:32.313+0000] {processor.py:178} INFO - Processing /home/airflow/.local/lib/python3.7/site-packages/airflow/example_dags/example_dag_decorator.py took 0.106 seconds
[2023-01-20T23:47:02.722+0000] {processor.py:156} INFO - Started process (PID=897) to work on /home/airflow/.local/lib/python3.7/site-packages/airflow/example_dags/example_dag_decorator.py
[2023-01-20T23:47:02.724+0000] {processor.py:758} INFO - Processing file /home/airflow/.local/lib/python3.7/site-packages/airflow/example_dags/example_dag_decorator.py for tasks to queue
[2023-01-20T23:47:02.725+0000] {logging_mixin.py:117} INFO - [2023-01-20T23:47:02.725+0000] {dagbag.py:525} INFO - Filling up the DagBag from /home/airflow/.local/lib/python3.7/site-packages/airflow/example_dags/example_dag_decorator.py
[2023-01-20T23:47:02.753+0000] {processor.py:768} INFO - DAG(s) dict_keys(['example_dag_decorator']) retrieved from /home/airflow/.local/lib/python3.7/site-packages/airflow/example_dags/example_dag_decorator.py
[2023-01-20T23:47:02.806+0000] {logging_mixin.py:117} INFO - [2023-01-20T23:47:02.806+0000] {dag.py:2573} INFO - Sync 1 DAGs
[2023-01-20T23:47:02.819+0000] {logging_mixin.py:117} INFO - [2023-01-20T23:47:02.819+0000] {dag.py:3328} INFO - Setting next_dagrun for example_dag_decorator to None, run_after=None
[2023-01-20T23:47:02.831+0000] {processor.py:178} INFO - Processing /home/airflow/.local/lib/python3.7/site-packages/airflow/example_dags/example_dag_decorator.py took 0.114 seconds
[2023-01-20T23:47:33.293+0000] {processor.py:156} INFO - Started process (PID=960) to work on /home/airflow/.local/lib/python3.7/site-packages/airflow/example_dags/example_dag_decorator.py
[2023-01-20T23:47:33.295+0000] {processor.py:758} INFO - Processing file /home/airflow/.local/lib/python3.7/site-packages/airflow/example_dags/example_dag_decorator.py for tasks to queue
[2023-01-20T23:47:33.296+0000] {logging_mixin.py:117} INFO - [2023-01-20T23:47:33.296+0000] {dagbag.py:525} INFO - Filling up the DagBag from /home/airflow/.local/lib/python3.7/site-packages/airflow/example_dags/example_dag_decorator.py
[2023-01-20T23:47:33.319+0000] {processor.py:768} INFO - DAG(s) dict_keys(['example_dag_decorator']) retrieved from /home/airflow/.local/lib/python3.7/site-packages/airflow/example_dags/example_dag_decorator.py
[2023-01-20T23:47:33.372+0000] {logging_mixin.py:117} INFO - [2023-01-20T23:47:33.372+0000] {dag.py:2573} INFO - Sync 1 DAGs
[2023-01-20T23:47:33.385+0000] {logging_mixin.py:117} INFO - [2023-01-20T23:47:33.385+0000] {dag.py:3328} INFO - Setting next_dagrun for example_dag_decorator to None, run_after=None
[2023-01-20T23:47:33.398+0000] {processor.py:178} INFO - Processing /home/airflow/.local/lib/python3.7/site-packages/airflow/example_dags/example_dag_decorator.py took 0.110 seconds
[2023-01-20T23:48:03.684+0000] {processor.py:156} INFO - Started process (PID=1022) to work on /home/airflow/.local/lib/python3.7/site-packages/airflow/example_dags/example_dag_decorator.py
[2023-01-20T23:48:03.689+0000] {processor.py:758} INFO - Processing file /home/airflow/.local/lib/python3.7/site-packages/airflow/example_dags/example_dag_decorator.py for tasks to queue
[2023-01-20T23:48:03.690+0000] {logging_mixin.py:117} INFO - [2023-01-20T23:48:03.690+0000] {dagbag.py:525} INFO - Filling up the DagBag from /home/airflow/.local/lib/python3.7/site-packages/airflow/example_dags/example_dag_decorator.py
[2023-01-20T23:48:03.716+0000] {processor.py:768} INFO - DAG(s) dict_keys(['example_dag_decorator']) retrieved from /home/airflow/.local/lib/python3.7/site-packages/airflow/example_dags/example_dag_decorator.py
[2023-01-20T23:48:03.766+0000] {logging_mixin.py:117} INFO - [2023-01-20T23:48:03.765+0000] {dag.py:2573} INFO - Sync 1 DAGs
[2023-01-20T23:48:03.779+0000] {logging_mixin.py:117} INFO - [2023-01-20T23:48:03.779+0000] {dag.py:3328} INFO - Setting next_dagrun for example_dag_decorator to None, run_after=None
[2023-01-20T23:48:03.789+0000] {processor.py:178} INFO - Processing /home/airflow/.local/lib/python3.7/site-packages/airflow/example_dags/example_dag_decorator.py took 0.110 seconds
[2023-01-20T23:48:34.121+0000] {processor.py:156} INFO - Started process (PID=1085) to work on /home/airflow/.local/lib/python3.7/site-packages/airflow/example_dags/example_dag_decorator.py
[2023-01-20T23:48:34.122+0000] {processor.py:758} INFO - Processing file /home/airflow/.local/lib/python3.7/site-packages/airflow/example_dags/example_dag_decorator.py for tasks to queue
[2023-01-20T23:48:34.123+0000] {logging_mixin.py:117} INFO - [2023-01-20T23:48:34.123+0000] {dagbag.py:525} INFO - Filling up the DagBag from /home/airflow/.local/lib/python3.7/site-packages/airflow/example_dags/example_dag_decorator.py
[2023-01-20T23:48:34.151+0000] {processor.py:768} INFO - DAG(s) dict_keys(['example_dag_decorator']) retrieved from /home/airflow/.local/lib/python3.7/site-packages/airflow/example_dags/example_dag_decorator.py
[2023-01-20T23:48:34.201+0000] {logging_mixin.py:117} INFO - [2023-01-20T23:48:34.201+0000] {dag.py:2573} INFO - Sync 1 DAGs
[2023-01-20T23:48:34.214+0000] {logging_mixin.py:117} INFO - [2023-01-20T23:48:34.214+0000] {dag.py:3328} INFO - Setting next_dagrun for example_dag_decorator to None, run_after=None
[2023-01-20T23:48:34.227+0000] {processor.py:178} INFO - Processing /home/airflow/.local/lib/python3.7/site-packages/airflow/example_dags/example_dag_decorator.py took 0.111 seconds
[2023-01-20T23:49:04.486+0000] {processor.py:156} INFO - Started process (PID=1148) to work on /home/airflow/.local/lib/python3.7/site-packages/airflow/example_dags/example_dag_decorator.py
[2023-01-20T23:49:04.487+0000] {processor.py:758} INFO - Processing file /home/airflow/.local/lib/python3.7/site-packages/airflow/example_dags/example_dag_decorator.py for tasks to queue
[2023-01-20T23:49:04.488+0000] {logging_mixin.py:117} INFO - [2023-01-20T23:49:04.488+0000] {dagbag.py:525} INFO - Filling up the DagBag from /home/airflow/.local/lib/python3.7/site-packages/airflow/example_dags/example_dag_decorator.py
[2023-01-20T23:49:04.507+0000] {processor.py:768} INFO - DAG(s) dict_keys(['example_dag_decorator']) retrieved from /home/airflow/.local/lib/python3.7/site-packages/airflow/example_dags/example_dag_decorator.py
[2023-01-20T23:49:04.558+0000] {logging_mixin.py:117} INFO - [2023-01-20T23:49:04.558+0000] {dag.py:2573} INFO - Sync 1 DAGs
[2023-01-20T23:49:04.572+0000] {logging_mixin.py:117} INFO - [2023-01-20T23:49:04.572+0000] {dag.py:3328} INFO - Setting next_dagrun for example_dag_decorator to None, run_after=None
[2023-01-20T23:49:04.582+0000] {processor.py:178} INFO - Processing /home/airflow/.local/lib/python3.7/site-packages/airflow/example_dags/example_dag_decorator.py took 0.098 seconds
[2023-01-20T23:49:34.892+0000] {processor.py:156} INFO - Started process (PID=1202) to work on /home/airflow/.local/lib/python3.7/site-packages/airflow/example_dags/example_dag_decorator.py
[2023-01-20T23:49:34.894+0000] {processor.py:758} INFO - Processing file /home/airflow/.local/lib/python3.7/site-packages/airflow/example_dags/example_dag_decorator.py for tasks to queue
[2023-01-20T23:49:34.894+0000] {logging_mixin.py:117} INFO - [2023-01-20T23:49:34.894+0000] {dagbag.py:525} INFO - Filling up the DagBag from /home/airflow/.local/lib/python3.7/site-packages/airflow/example_dags/example_dag_decorator.py
[2023-01-20T23:49:34.916+0000] {processor.py:768} INFO - DAG(s) dict_keys(['example_dag_decorator']) retrieved from /home/airflow/.local/lib/python3.7/site-packages/airflow/example_dags/example_dag_decorator.py
[2023-01-20T23:49:34.965+0000] {logging_mixin.py:117} INFO - [2023-01-20T23:49:34.965+0000] {dag.py:2573} INFO - Sync 1 DAGs
[2023-01-20T23:49:34.978+0000] {logging_mixin.py:117} INFO - [2023-01-20T23:49:34.978+0000] {dag.py:3328} INFO - Setting next_dagrun for example_dag_decorator to None, run_after=None
[2023-01-20T23:49:34.989+0000] {processor.py:178} INFO - Processing /home/airflow/.local/lib/python3.7/site-packages/airflow/example_dags/example_dag_decorator.py took 0.100 seconds
[2023-01-20T23:50:05.201+0000] {processor.py:156} INFO - Started process (PID=1265) to work on /home/airflow/.local/lib/python3.7/site-packages/airflow/example_dags/example_dag_decorator.py
[2023-01-20T23:50:05.204+0000] {processor.py:758} INFO - Processing file /home/airflow/.local/lib/python3.7/site-packages/airflow/example_dags/example_dag_decorator.py for tasks to queue
[2023-01-20T23:50:05.208+0000] {logging_mixin.py:117} INFO - [2023-01-20T23:50:05.208+0000] {dagbag.py:525} INFO - Filling up the DagBag from /home/airflow/.local/lib/python3.7/site-packages/airflow/example_dags/example_dag_decorator.py
[2023-01-20T23:50:05.235+0000] {processor.py:768} INFO - DAG(s) dict_keys(['example_dag_decorator']) retrieved from /home/airflow/.local/lib/python3.7/site-packages/airflow/example_dags/example_dag_decorator.py
[2023-01-20T23:50:05.286+0000] {logging_mixin.py:117} INFO - [2023-01-20T23:50:05.286+0000] {dag.py:2573} INFO - Sync 1 DAGs
[2023-01-20T23:50:05.299+0000] {logging_mixin.py:117} INFO - [2023-01-20T23:50:05.299+0000] {dag.py:3328} INFO - Setting next_dagrun for example_dag_decorator to None, run_after=None
[2023-01-20T23:50:05.309+0000] {processor.py:178} INFO - Processing /home/airflow/.local/lib/python3.7/site-packages/airflow/example_dags/example_dag_decorator.py took 0.114 seconds
[2023-01-20T23:50:35.519+0000] {processor.py:156} INFO - Started process (PID=1328) to work on /home/airflow/.local/lib/python3.7/site-packages/airflow/example_dags/example_dag_decorator.py
[2023-01-20T23:50:35.520+0000] {processor.py:758} INFO - Processing file /home/airflow/.local/lib/python3.7/site-packages/airflow/example_dags/example_dag_decorator.py for tasks to queue
[2023-01-20T23:50:35.521+0000] {logging_mixin.py:117} INFO - [2023-01-20T23:50:35.521+0000] {dagbag.py:525} INFO - Filling up the DagBag from /home/airflow/.local/lib/python3.7/site-packages/airflow/example_dags/example_dag_decorator.py
[2023-01-20T23:50:35.542+0000] {processor.py:768} INFO - DAG(s) dict_keys(['example_dag_decorator']) retrieved from /home/airflow/.local/lib/python3.7/site-packages/airflow/example_dags/example_dag_decorator.py
[2023-01-20T23:50:35.607+0000] {logging_mixin.py:117} INFO - [2023-01-20T23:50:35.607+0000] {dag.py:2573} INFO - Sync 1 DAGs
[2023-01-20T23:50:35.622+0000] {logging_mixin.py:117} INFO - [2023-01-20T23:50:35.622+0000] {dag.py:3328} INFO - Setting next_dagrun for example_dag_decorator to None, run_after=None
[2023-01-20T23:50:35.636+0000] {processor.py:178} INFO - Processing /home/airflow/.local/lib/python3.7/site-packages/airflow/example_dags/example_dag_decorator.py took 0.121 seconds
[2023-01-20T23:51:05.819+0000] {processor.py:156} INFO - Started process (PID=1391) to work on /home/airflow/.local/lib/python3.7/site-packages/airflow/example_dags/example_dag_decorator.py
[2023-01-20T23:51:05.823+0000] {processor.py:758} INFO - Processing file /home/airflow/.local/lib/python3.7/site-packages/airflow/example_dags/example_dag_decorator.py for tasks to queue
[2023-01-20T23:51:05.824+0000] {logging_mixin.py:117} INFO - [2023-01-20T23:51:05.824+0000] {dagbag.py:525} INFO - Filling up the DagBag from /home/airflow/.local/lib/python3.7/site-packages/airflow/example_dags/example_dag_decorator.py
[2023-01-20T23:51:05.847+0000] {processor.py:768} INFO - DAG(s) dict_keys(['example_dag_decorator']) retrieved from /home/airflow/.local/lib/python3.7/site-packages/airflow/example_dags/example_dag_decorator.py
[2023-01-20T23:51:05.899+0000] {logging_mixin.py:117} INFO - [2023-01-20T23:51:05.899+0000] {dag.py:2573} INFO - Sync 1 DAGs
[2023-01-20T23:51:05.912+0000] {logging_mixin.py:117} INFO - [2023-01-20T23:51:05.912+0000] {dag.py:3328} INFO - Setting next_dagrun for example_dag_decorator to None, run_after=None
[2023-01-20T23:51:05.923+0000] {processor.py:178} INFO - Processing /home/airflow/.local/lib/python3.7/site-packages/airflow/example_dags/example_dag_decorator.py took 0.107 seconds
[2023-01-20T23:51:36.262+0000] {processor.py:156} INFO - Started process (PID=1455) to work on /home/airflow/.local/lib/python3.7/site-packages/airflow/example_dags/example_dag_decorator.py
[2023-01-20T23:51:36.264+0000] {processor.py:758} INFO - Processing file /home/airflow/.local/lib/python3.7/site-packages/airflow/example_dags/example_dag_decorator.py for tasks to queue
[2023-01-20T23:51:36.265+0000] {logging_mixin.py:117} INFO - [2023-01-20T23:51:36.265+0000] {dagbag.py:525} INFO - Filling up the DagBag from /home/airflow/.local/lib/python3.7/site-packages/airflow/example_dags/example_dag_decorator.py
[2023-01-20T23:51:36.293+0000] {processor.py:768} INFO - DAG(s) dict_keys(['example_dag_decorator']) retrieved from /home/airflow/.local/lib/python3.7/site-packages/airflow/example_dags/example_dag_decorator.py
[2023-01-20T23:51:36.343+0000] {logging_mixin.py:117} INFO - [2023-01-20T23:51:36.343+0000] {dag.py:2573} INFO - Sync 1 DAGs
[2023-01-20T23:51:36.356+0000] {logging_mixin.py:117} INFO - [2023-01-20T23:51:36.356+0000] {dag.py:3328} INFO - Setting next_dagrun for example_dag_decorator to None, run_after=None
[2023-01-20T23:51:36.367+0000] {processor.py:178} INFO - Processing /home/airflow/.local/lib/python3.7/site-packages/airflow/example_dags/example_dag_decorator.py took 0.110 seconds
[2023-01-20T23:52:06.816+0000] {processor.py:156} INFO - Started process (PID=1518) to work on /home/airflow/.local/lib/python3.7/site-packages/airflow/example_dags/example_dag_decorator.py
[2023-01-20T23:52:06.818+0000] {processor.py:758} INFO - Processing file /home/airflow/.local/lib/python3.7/site-packages/airflow/example_dags/example_dag_decorator.py for tasks to queue
[2023-01-20T23:52:06.820+0000] {logging_mixin.py:117} INFO - [2023-01-20T23:52:06.820+0000] {dagbag.py:525} INFO - Filling up the DagBag from /home/airflow/.local/lib/python3.7/site-packages/airflow/example_dags/example_dag_decorator.py
[2023-01-20T23:52:06.888+0000] {processor.py:768} INFO - DAG(s) dict_keys(['example_dag_decorator']) retrieved from /home/airflow/.local/lib/python3.7/site-packages/airflow/example_dags/example_dag_decorator.py
[2023-01-20T23:52:06.980+0000] {logging_mixin.py:117} INFO - [2023-01-20T23:52:06.980+0000] {dag.py:2573} INFO - Sync 1 DAGs
[2023-01-20T23:52:07.000+0000] {logging_mixin.py:117} INFO - [2023-01-20T23:52:07.000+0000] {dag.py:3328} INFO - Setting next_dagrun for example_dag_decorator to None, run_after=None
[2023-01-20T23:52:07.013+0000] {processor.py:178} INFO - Processing /home/airflow/.local/lib/python3.7/site-packages/airflow/example_dags/example_dag_decorator.py took 0.201 seconds
[2023-01-20T23:52:37.335+0000] {processor.py:156} INFO - Started process (PID=1572) to work on /home/airflow/.local/lib/python3.7/site-packages/airflow/example_dags/example_dag_decorator.py
[2023-01-20T23:52:37.337+0000] {processor.py:758} INFO - Processing file /home/airflow/.local/lib/python3.7/site-packages/airflow/example_dags/example_dag_decorator.py for tasks to queue
[2023-01-20T23:52:37.338+0000] {logging_mixin.py:117} INFO - [2023-01-20T23:52:37.338+0000] {dagbag.py:525} INFO - Filling up the DagBag from /home/airflow/.local/lib/python3.7/site-packages/airflow/example_dags/example_dag_decorator.py
[2023-01-20T23:52:37.366+0000] {processor.py:768} INFO - DAG(s) dict_keys(['example_dag_decorator']) retrieved from /home/airflow/.local/lib/python3.7/site-packages/airflow/example_dags/example_dag_decorator.py
[2023-01-20T23:52:37.418+0000] {logging_mixin.py:117} INFO - [2023-01-20T23:52:37.417+0000] {dag.py:2573} INFO - Sync 1 DAGs
[2023-01-20T23:52:37.432+0000] {logging_mixin.py:117} INFO - [2023-01-20T23:52:37.432+0000] {dag.py:3328} INFO - Setting next_dagrun for example_dag_decorator to None, run_after=None
[2023-01-20T23:52:37.448+0000] {processor.py:178} INFO - Processing /home/airflow/.local/lib/python3.7/site-packages/airflow/example_dags/example_dag_decorator.py took 0.118 seconds
[2023-01-20T23:53:07.648+0000] {processor.py:156} INFO - Started process (PID=1635) to work on /home/airflow/.local/lib/python3.7/site-packages/airflow/example_dags/example_dag_decorator.py
[2023-01-20T23:53:07.649+0000] {processor.py:758} INFO - Processing file /home/airflow/.local/lib/python3.7/site-packages/airflow/example_dags/example_dag_decorator.py for tasks to queue
[2023-01-20T23:53:07.650+0000] {logging_mixin.py:117} INFO - [2023-01-20T23:53:07.650+0000] {dagbag.py:525} INFO - Filling up the DagBag from /home/airflow/.local/lib/python3.7/site-packages/airflow/example_dags/example_dag_decorator.py
[2023-01-20T23:53:07.685+0000] {processor.py:768} INFO - DAG(s) dict_keys(['example_dag_decorator']) retrieved from /home/airflow/.local/lib/python3.7/site-packages/airflow/example_dags/example_dag_decorator.py
[2023-01-20T23:53:07.773+0000] {logging_mixin.py:117} INFO - [2023-01-20T23:53:07.773+0000] {dag.py:2573} INFO - Sync 1 DAGs
[2023-01-20T23:53:07.787+0000] {logging_mixin.py:117} INFO - [2023-01-20T23:53:07.787+0000] {dag.py:3328} INFO - Setting next_dagrun for example_dag_decorator to None, run_after=None
[2023-01-20T23:53:07.798+0000] {processor.py:178} INFO - Processing /home/airflow/.local/lib/python3.7/site-packages/airflow/example_dags/example_dag_decorator.py took 0.156 seconds
[2023-01-20T23:53:38.372+0000] {processor.py:156} INFO - Started process (PID=1698) to work on /home/airflow/.local/lib/python3.7/site-packages/airflow/example_dags/example_dag_decorator.py
[2023-01-20T23:53:38.374+0000] {processor.py:758} INFO - Processing file /home/airflow/.local/lib/python3.7/site-packages/airflow/example_dags/example_dag_decorator.py for tasks to queue
[2023-01-20T23:53:38.377+0000] {logging_mixin.py:117} INFO - [2023-01-20T23:53:38.377+0000] {dagbag.py:525} INFO - Filling up the DagBag from /home/airflow/.local/lib/python3.7/site-packages/airflow/example_dags/example_dag_decorator.py
[2023-01-20T23:53:38.407+0000] {processor.py:768} INFO - DAG(s) dict_keys(['example_dag_decorator']) retrieved from /home/airflow/.local/lib/python3.7/site-packages/airflow/example_dags/example_dag_decorator.py
[2023-01-20T23:53:38.462+0000] {logging_mixin.py:117} INFO - [2023-01-20T23:53:38.462+0000] {dag.py:2573} INFO - Sync 1 DAGs
[2023-01-20T23:53:38.475+0000] {logging_mixin.py:117} INFO - [2023-01-20T23:53:38.475+0000] {dag.py:3328} INFO - Setting next_dagrun for example_dag_decorator to None, run_after=None
[2023-01-20T23:53:38.486+0000] {processor.py:178} INFO - Processing /home/airflow/.local/lib/python3.7/site-packages/airflow/example_dags/example_dag_decorator.py took 0.120 seconds
[2023-01-20T23:54:08.656+0000] {processor.py:156} INFO - Started process (PID=1762) to work on /home/airflow/.local/lib/python3.7/site-packages/airflow/example_dags/example_dag_decorator.py
[2023-01-20T23:54:08.658+0000] {processor.py:758} INFO - Processing file /home/airflow/.local/lib/python3.7/site-packages/airflow/example_dags/example_dag_decorator.py for tasks to queue
[2023-01-20T23:54:08.659+0000] {logging_mixin.py:117} INFO - [2023-01-20T23:54:08.659+0000] {dagbag.py:525} INFO - Filling up the DagBag from /home/airflow/.local/lib/python3.7/site-packages/airflow/example_dags/example_dag_decorator.py
[2023-01-20T23:54:08.685+0000] {processor.py:768} INFO - DAG(s) dict_keys(['example_dag_decorator']) retrieved from /home/airflow/.local/lib/python3.7/site-packages/airflow/example_dags/example_dag_decorator.py
[2023-01-20T23:54:08.736+0000] {logging_mixin.py:117} INFO - [2023-01-20T23:54:08.736+0000] {dag.py:2573} INFO - Sync 1 DAGs
[2023-01-20T23:54:08.749+0000] {logging_mixin.py:117} INFO - [2023-01-20T23:54:08.749+0000] {dag.py:3328} INFO - Setting next_dagrun for example_dag_decorator to None, run_after=None
[2023-01-20T23:54:08.760+0000] {processor.py:178} INFO - Processing /home/airflow/.local/lib/python3.7/site-packages/airflow/example_dags/example_dag_decorator.py took 0.108 seconds
[2023-01-20T23:54:54.108+0000] {processor.py:156} INFO - Started process (PID=39) to work on /home/airflow/.local/lib/python3.7/site-packages/airflow/example_dags/example_dag_decorator.py
[2023-01-20T23:54:54.109+0000] {processor.py:758} INFO - Processing file /home/airflow/.local/lib/python3.7/site-packages/airflow/example_dags/example_dag_decorator.py for tasks to queue
[2023-01-20T23:54:54.111+0000] {logging_mixin.py:117} INFO - [2023-01-20T23:54:54.111+0000] {dagbag.py:525} INFO - Filling up the DagBag from /home/airflow/.local/lib/python3.7/site-packages/airflow/example_dags/example_dag_decorator.py
[2023-01-20T23:54:54.158+0000] {processor.py:768} INFO - DAG(s) dict_keys(['example_dag_decorator']) retrieved from /home/airflow/.local/lib/python3.7/site-packages/airflow/example_dags/example_dag_decorator.py
[2023-01-20T23:54:54.436+0000] {logging_mixin.py:117} INFO - [2023-01-20T23:54:54.436+0000] {dag.py:2573} INFO - Sync 1 DAGs
[2023-01-20T23:54:54.463+0000] {logging_mixin.py:117} INFO - [2023-01-20T23:54:54.462+0000] {dag.py:3328} INFO - Setting next_dagrun for example_dag_decorator to None, run_after=None
[2023-01-20T23:54:54.483+0000] {processor.py:178} INFO - Processing /home/airflow/.local/lib/python3.7/site-packages/airflow/example_dags/example_dag_decorator.py took 0.378 seconds
[2023-01-20T23:55:24.642+0000] {processor.py:156} INFO - Started process (PID=103) to work on /home/airflow/.local/lib/python3.7/site-packages/airflow/example_dags/example_dag_decorator.py
[2023-01-20T23:55:24.643+0000] {processor.py:758} INFO - Processing file /home/airflow/.local/lib/python3.7/site-packages/airflow/example_dags/example_dag_decorator.py for tasks to queue
[2023-01-20T23:55:24.643+0000] {logging_mixin.py:117} INFO - [2023-01-20T23:55:24.643+0000] {dagbag.py:525} INFO - Filling up the DagBag from /home/airflow/.local/lib/python3.7/site-packages/airflow/example_dags/example_dag_decorator.py
[2023-01-20T23:55:24.748+0000] {processor.py:768} INFO - DAG(s) dict_keys(['example_dag_decorator']) retrieved from /home/airflow/.local/lib/python3.7/site-packages/airflow/example_dags/example_dag_decorator.py
[2023-01-20T23:55:24.788+0000] {logging_mixin.py:117} INFO - [2023-01-20T23:55:24.788+0000] {dag.py:2573} INFO - Sync 1 DAGs
[2023-01-20T23:55:24.800+0000] {logging_mixin.py:117} INFO - [2023-01-20T23:55:24.800+0000] {dag.py:3328} INFO - Setting next_dagrun for example_dag_decorator to None, run_after=None
[2023-01-20T23:55:24.811+0000] {processor.py:178} INFO - Processing /home/airflow/.local/lib/python3.7/site-packages/airflow/example_dags/example_dag_decorator.py took 0.172 seconds
[2023-01-20T23:57:22.653+0000] {processor.py:156} INFO - Started process (PID=40) to work on /home/airflow/.local/lib/python3.7/site-packages/airflow/example_dags/example_dag_decorator.py
[2023-01-20T23:57:22.661+0000] {processor.py:758} INFO - Processing file /home/airflow/.local/lib/python3.7/site-packages/airflow/example_dags/example_dag_decorator.py for tasks to queue
[2023-01-20T23:57:22.663+0000] {logging_mixin.py:117} INFO - [2023-01-20T23:57:22.663+0000] {dagbag.py:525} INFO - Filling up the DagBag from /home/airflow/.local/lib/python3.7/site-packages/airflow/example_dags/example_dag_decorator.py
[2023-01-20T23:57:22.712+0000] {processor.py:768} INFO - DAG(s) dict_keys(['example_dag_decorator']) retrieved from /home/airflow/.local/lib/python3.7/site-packages/airflow/example_dags/example_dag_decorator.py
[2023-01-20T23:57:23.157+0000] {logging_mixin.py:117} INFO - [2023-01-20T23:57:23.156+0000] {dag.py:2573} INFO - Sync 1 DAGs
[2023-01-20T23:57:23.186+0000] {logging_mixin.py:117} INFO - [2023-01-20T23:57:23.186+0000] {dag.py:3328} INFO - Setting next_dagrun for example_dag_decorator to None, run_after=None
[2023-01-20T23:57:23.217+0000] {processor.py:178} INFO - Processing /home/airflow/.local/lib/python3.7/site-packages/airflow/example_dags/example_dag_decorator.py took 0.576 seconds
[2023-01-20T23:57:53.848+0000] {processor.py:156} INFO - Started process (PID=93) to work on /home/airflow/.local/lib/python3.7/site-packages/airflow/example_dags/example_dag_decorator.py
[2023-01-20T23:57:53.850+0000] {processor.py:758} INFO - Processing file /home/airflow/.local/lib/python3.7/site-packages/airflow/example_dags/example_dag_decorator.py for tasks to queue
[2023-01-20T23:57:53.851+0000] {logging_mixin.py:117} INFO - [2023-01-20T23:57:53.851+0000] {dagbag.py:525} INFO - Filling up the DagBag from /home/airflow/.local/lib/python3.7/site-packages/airflow/example_dags/example_dag_decorator.py
[2023-01-20T23:57:54.006+0000] {processor.py:768} INFO - DAG(s) dict_keys(['example_dag_decorator']) retrieved from /home/airflow/.local/lib/python3.7/site-packages/airflow/example_dags/example_dag_decorator.py
[2023-01-20T23:57:54.050+0000] {logging_mixin.py:117} INFO - [2023-01-20T23:57:54.050+0000] {dag.py:2573} INFO - Sync 1 DAGs
[2023-01-20T23:57:54.064+0000] {logging_mixin.py:117} INFO - [2023-01-20T23:57:54.063+0000] {dag.py:3328} INFO - Setting next_dagrun for example_dag_decorator to None, run_after=None
[2023-01-20T23:57:54.076+0000] {processor.py:178} INFO - Processing /home/airflow/.local/lib/python3.7/site-packages/airflow/example_dags/example_dag_decorator.py took 0.234 seconds
[2023-01-20T23:58:24.766+0000] {processor.py:156} INFO - Started process (PID=155) to work on /home/airflow/.local/lib/python3.7/site-packages/airflow/example_dags/example_dag_decorator.py
[2023-01-20T23:58:24.768+0000] {processor.py:758} INFO - Processing file /home/airflow/.local/lib/python3.7/site-packages/airflow/example_dags/example_dag_decorator.py for tasks to queue
[2023-01-20T23:58:24.769+0000] {logging_mixin.py:117} INFO - [2023-01-20T23:58:24.769+0000] {dagbag.py:525} INFO - Filling up the DagBag from /home/airflow/.local/lib/python3.7/site-packages/airflow/example_dags/example_dag_decorator.py
[2023-01-20T23:58:24.977+0000] {processor.py:768} INFO - DAG(s) dict_keys(['example_dag_decorator']) retrieved from /home/airflow/.local/lib/python3.7/site-packages/airflow/example_dags/example_dag_decorator.py
[2023-01-20T23:58:25.087+0000] {logging_mixin.py:117} INFO - [2023-01-20T23:58:25.087+0000] {dag.py:2573} INFO - Sync 1 DAGs
[2023-01-20T23:58:25.105+0000] {logging_mixin.py:117} INFO - [2023-01-20T23:58:25.105+0000] {dag.py:3328} INFO - Setting next_dagrun for example_dag_decorator to None, run_after=None
[2023-01-20T23:58:25.123+0000] {processor.py:178} INFO - Processing /home/airflow/.local/lib/python3.7/site-packages/airflow/example_dags/example_dag_decorator.py took 0.365 seconds
[2023-01-20T23:58:55.897+0000] {processor.py:156} INFO - Started process (PID=218) to work on /home/airflow/.local/lib/python3.7/site-packages/airflow/example_dags/example_dag_decorator.py
[2023-01-20T23:58:55.899+0000] {processor.py:758} INFO - Processing file /home/airflow/.local/lib/python3.7/site-packages/airflow/example_dags/example_dag_decorator.py for tasks to queue
[2023-01-20T23:58:55.901+0000] {logging_mixin.py:117} INFO - [2023-01-20T23:58:55.901+0000] {dagbag.py:525} INFO - Filling up the DagBag from /home/airflow/.local/lib/python3.7/site-packages/airflow/example_dags/example_dag_decorator.py
[2023-01-20T23:58:55.923+0000] {processor.py:768} INFO - DAG(s) dict_keys(['example_dag_decorator']) retrieved from /home/airflow/.local/lib/python3.7/site-packages/airflow/example_dags/example_dag_decorator.py
[2023-01-20T23:58:55.975+0000] {logging_mixin.py:117} INFO - [2023-01-20T23:58:55.975+0000] {dag.py:2573} INFO - Sync 1 DAGs
[2023-01-20T23:58:55.989+0000] {logging_mixin.py:117} INFO - [2023-01-20T23:58:55.989+0000] {dag.py:3328} INFO - Setting next_dagrun for example_dag_decorator to None, run_after=None
[2023-01-20T23:58:56.001+0000] {processor.py:178} INFO - Processing /home/airflow/.local/lib/python3.7/site-packages/airflow/example_dags/example_dag_decorator.py took 0.107 seconds
[2023-01-20T23:59:26.370+0000] {processor.py:156} INFO - Started process (PID=281) to work on /home/airflow/.local/lib/python3.7/site-packages/airflow/example_dags/example_dag_decorator.py
[2023-01-20T23:59:26.372+0000] {processor.py:758} INFO - Processing file /home/airflow/.local/lib/python3.7/site-packages/airflow/example_dags/example_dag_decorator.py for tasks to queue
[2023-01-20T23:59:26.373+0000] {logging_mixin.py:117} INFO - [2023-01-20T23:59:26.373+0000] {dagbag.py:525} INFO - Filling up the DagBag from /home/airflow/.local/lib/python3.7/site-packages/airflow/example_dags/example_dag_decorator.py
[2023-01-20T23:59:26.397+0000] {processor.py:768} INFO - DAG(s) dict_keys(['example_dag_decorator']) retrieved from /home/airflow/.local/lib/python3.7/site-packages/airflow/example_dags/example_dag_decorator.py
[2023-01-20T23:59:26.456+0000] {logging_mixin.py:117} INFO - [2023-01-20T23:59:26.456+0000] {dag.py:2573} INFO - Sync 1 DAGs
[2023-01-20T23:59:26.474+0000] {logging_mixin.py:117} INFO - [2023-01-20T23:59:26.474+0000] {dag.py:3328} INFO - Setting next_dagrun for example_dag_decorator to None, run_after=None
[2023-01-20T23:59:26.490+0000] {processor.py:178} INFO - Processing /home/airflow/.local/lib/python3.7/site-packages/airflow/example_dags/example_dag_decorator.py took 0.123 seconds
[2023-01-20T23:59:56.732+0000] {processor.py:156} INFO - Started process (PID=335) to work on /home/airflow/.local/lib/python3.7/site-packages/airflow/example_dags/example_dag_decorator.py
[2023-01-20T23:59:56.733+0000] {processor.py:758} INFO - Processing file /home/airflow/.local/lib/python3.7/site-packages/airflow/example_dags/example_dag_decorator.py for tasks to queue
[2023-01-20T23:59:56.734+0000] {logging_mixin.py:117} INFO - [2023-01-20T23:59:56.734+0000] {dagbag.py:525} INFO - Filling up the DagBag from /home/airflow/.local/lib/python3.7/site-packages/airflow/example_dags/example_dag_decorator.py
[2023-01-20T23:59:56.755+0000] {processor.py:768} INFO - DAG(s) dict_keys(['example_dag_decorator']) retrieved from /home/airflow/.local/lib/python3.7/site-packages/airflow/example_dags/example_dag_decorator.py
[2023-01-20T23:59:56.805+0000] {logging_mixin.py:117} INFO - [2023-01-20T23:59:56.805+0000] {dag.py:2573} INFO - Sync 1 DAGs
[2023-01-20T23:59:56.820+0000] {logging_mixin.py:117} INFO - [2023-01-20T23:59:56.819+0000] {dag.py:3328} INFO - Setting next_dagrun for example_dag_decorator to None, run_after=None
[2023-01-20T23:59:56.833+0000] {processor.py:178} INFO - Processing /home/airflow/.local/lib/python3.7/site-packages/airflow/example_dags/example_dag_decorator.py took 0.104 seconds
