[2023-01-20T23:39:52.906+0000] {processor.py:156} INFO - Started process (PID=33) to work on /home/airflow/.local/lib/python3.7/site-packages/airflow/example_dags/example_time_delta_sensor_async.py
[2023-01-20T23:39:52.908+0000] {processor.py:758} INFO - Processing file /home/airflow/.local/lib/python3.7/site-packages/airflow/example_dags/example_time_delta_sensor_async.py for tasks to queue
[2023-01-20T23:39:52.909+0000] {logging_mixin.py:117} INFO - [2023-01-20T23:39:52.909+0000] {dagbag.py:525} INFO - Filling up the DagBag from /home/airflow/.local/lib/python3.7/site-packages/airflow/example_dags/example_time_delta_sensor_async.py
[2023-01-20T23:39:52.994+0000] {processor.py:768} INFO - DAG(s) dict_keys(['example_time_delta_sensor_async']) retrieved from /home/airflow/.local/lib/python3.7/site-packages/airflow/example_dags/example_time_delta_sensor_async.py
[2023-01-20T23:39:53.529+0000] {logging_mixin.py:117} INFO - [2023-01-20T23:39:53.528+0000] {dag.py:2573} INFO - Sync 1 DAGs
[2023-01-20T23:39:53.564+0000] {logging_mixin.py:117} INFO - [2023-01-20T23:39:53.563+0000] {dag.py:3328} INFO - Setting next_dagrun for example_time_delta_sensor_async to None, run_after=None
[2023-01-20T23:39:53.607+0000] {processor.py:178} INFO - Processing /home/airflow/.local/lib/python3.7/site-packages/airflow/example_dags/example_time_delta_sensor_async.py took 0.708 seconds
[2023-01-20T23:40:24.346+0000] {processor.py:156} INFO - Started process (PID=86) to work on /home/airflow/.local/lib/python3.7/site-packages/airflow/example_dags/example_time_delta_sensor_async.py
[2023-01-20T23:40:24.350+0000] {processor.py:758} INFO - Processing file /home/airflow/.local/lib/python3.7/site-packages/airflow/example_dags/example_time_delta_sensor_async.py for tasks to queue
[2023-01-20T23:40:24.351+0000] {logging_mixin.py:117} INFO - [2023-01-20T23:40:24.351+0000] {dagbag.py:525} INFO - Filling up the DagBag from /home/airflow/.local/lib/python3.7/site-packages/airflow/example_dags/example_time_delta_sensor_async.py
[2023-01-20T23:40:24.375+0000] {processor.py:768} INFO - DAG(s) dict_keys(['example_time_delta_sensor_async']) retrieved from /home/airflow/.local/lib/python3.7/site-packages/airflow/example_dags/example_time_delta_sensor_async.py
[2023-01-20T23:40:24.683+0000] {logging_mixin.py:117} INFO - [2023-01-20T23:40:24.683+0000] {dag.py:2573} INFO - Sync 1 DAGs
[2023-01-20T23:40:24.707+0000] {logging_mixin.py:117} INFO - [2023-01-20T23:40:24.707+0000] {dag.py:3328} INFO - Setting next_dagrun for example_time_delta_sensor_async to None, run_after=None
[2023-01-20T23:40:24.718+0000] {processor.py:178} INFO - Processing /home/airflow/.local/lib/python3.7/site-packages/airflow/example_dags/example_time_delta_sensor_async.py took 0.378 seconds
[2023-01-20T23:40:55.142+0000] {processor.py:156} INFO - Started process (PID=151) to work on /home/airflow/.local/lib/python3.7/site-packages/airflow/example_dags/example_time_delta_sensor_async.py
[2023-01-20T23:40:55.145+0000] {processor.py:758} INFO - Processing file /home/airflow/.local/lib/python3.7/site-packages/airflow/example_dags/example_time_delta_sensor_async.py for tasks to queue
[2023-01-20T23:40:55.147+0000] {logging_mixin.py:117} INFO - [2023-01-20T23:40:55.147+0000] {dagbag.py:525} INFO - Filling up the DagBag from /home/airflow/.local/lib/python3.7/site-packages/airflow/example_dags/example_time_delta_sensor_async.py
[2023-01-20T23:40:55.213+0000] {processor.py:768} INFO - DAG(s) dict_keys(['example_time_delta_sensor_async']) retrieved from /home/airflow/.local/lib/python3.7/site-packages/airflow/example_dags/example_time_delta_sensor_async.py
[2023-01-20T23:40:55.589+0000] {logging_mixin.py:117} INFO - [2023-01-20T23:40:55.589+0000] {dag.py:2573} INFO - Sync 1 DAGs
[2023-01-20T23:40:55.604+0000] {logging_mixin.py:117} INFO - [2023-01-20T23:40:55.604+0000] {dag.py:3328} INFO - Setting next_dagrun for example_time_delta_sensor_async to None, run_after=None
[2023-01-20T23:40:55.615+0000] {processor.py:178} INFO - Processing /home/airflow/.local/lib/python3.7/site-packages/airflow/example_dags/example_time_delta_sensor_async.py took 0.480 seconds
[2023-01-20T23:41:26.355+0000] {processor.py:156} INFO - Started process (PID=214) to work on /home/airflow/.local/lib/python3.7/site-packages/airflow/example_dags/example_time_delta_sensor_async.py
[2023-01-20T23:41:26.358+0000] {processor.py:758} INFO - Processing file /home/airflow/.local/lib/python3.7/site-packages/airflow/example_dags/example_time_delta_sensor_async.py for tasks to queue
[2023-01-20T23:41:26.360+0000] {logging_mixin.py:117} INFO - [2023-01-20T23:41:26.359+0000] {dagbag.py:525} INFO - Filling up the DagBag from /home/airflow/.local/lib/python3.7/site-packages/airflow/example_dags/example_time_delta_sensor_async.py
[2023-01-20T23:41:26.572+0000] {processor.py:768} INFO - DAG(s) dict_keys(['example_time_delta_sensor_async']) retrieved from /home/airflow/.local/lib/python3.7/site-packages/airflow/example_dags/example_time_delta_sensor_async.py
[2023-01-20T23:41:26.683+0000] {logging_mixin.py:117} INFO - [2023-01-20T23:41:26.682+0000] {dag.py:2573} INFO - Sync 1 DAGs
[2023-01-20T23:41:26.697+0000] {logging_mixin.py:117} INFO - [2023-01-20T23:41:26.697+0000] {dag.py:3328} INFO - Setting next_dagrun for example_time_delta_sensor_async to None, run_after=None
[2023-01-20T23:41:26.709+0000] {processor.py:178} INFO - Processing /home/airflow/.local/lib/python3.7/site-packages/airflow/example_dags/example_time_delta_sensor_async.py took 0.360 seconds
[2023-01-20T23:41:57.151+0000] {processor.py:156} INFO - Started process (PID=277) to work on /home/airflow/.local/lib/python3.7/site-packages/airflow/example_dags/example_time_delta_sensor_async.py
[2023-01-20T23:41:57.153+0000] {processor.py:758} INFO - Processing file /home/airflow/.local/lib/python3.7/site-packages/airflow/example_dags/example_time_delta_sensor_async.py for tasks to queue
[2023-01-20T23:41:57.155+0000] {logging_mixin.py:117} INFO - [2023-01-20T23:41:57.155+0000] {dagbag.py:525} INFO - Filling up the DagBag from /home/airflow/.local/lib/python3.7/site-packages/airflow/example_dags/example_time_delta_sensor_async.py
[2023-01-20T23:41:57.174+0000] {processor.py:768} INFO - DAG(s) dict_keys(['example_time_delta_sensor_async']) retrieved from /home/airflow/.local/lib/python3.7/site-packages/airflow/example_dags/example_time_delta_sensor_async.py
[2023-01-20T23:41:57.285+0000] {logging_mixin.py:117} INFO - [2023-01-20T23:41:57.285+0000] {dag.py:2573} INFO - Sync 1 DAGs
[2023-01-20T23:41:57.299+0000] {logging_mixin.py:117} INFO - [2023-01-20T23:41:57.299+0000] {dag.py:3328} INFO - Setting next_dagrun for example_time_delta_sensor_async to None, run_after=None
[2023-01-20T23:41:57.309+0000] {processor.py:178} INFO - Processing /home/airflow/.local/lib/python3.7/site-packages/airflow/example_dags/example_time_delta_sensor_async.py took 0.165 seconds
[2023-01-20T23:42:27.607+0000] {processor.py:156} INFO - Started process (PID=340) to work on /home/airflow/.local/lib/python3.7/site-packages/airflow/example_dags/example_time_delta_sensor_async.py
[2023-01-20T23:42:27.610+0000] {processor.py:758} INFO - Processing file /home/airflow/.local/lib/python3.7/site-packages/airflow/example_dags/example_time_delta_sensor_async.py for tasks to queue
[2023-01-20T23:42:27.611+0000] {logging_mixin.py:117} INFO - [2023-01-20T23:42:27.611+0000] {dagbag.py:525} INFO - Filling up the DagBag from /home/airflow/.local/lib/python3.7/site-packages/airflow/example_dags/example_time_delta_sensor_async.py
[2023-01-20T23:42:27.636+0000] {processor.py:768} INFO - DAG(s) dict_keys(['example_time_delta_sensor_async']) retrieved from /home/airflow/.local/lib/python3.7/site-packages/airflow/example_dags/example_time_delta_sensor_async.py
[2023-01-20T23:42:27.853+0000] {logging_mixin.py:117} INFO - [2023-01-20T23:42:27.853+0000] {dag.py:2573} INFO - Sync 1 DAGs
[2023-01-20T23:42:27.873+0000] {logging_mixin.py:117} INFO - [2023-01-20T23:42:27.873+0000] {dag.py:3328} INFO - Setting next_dagrun for example_time_delta_sensor_async to None, run_after=None
[2023-01-20T23:42:27.903+0000] {processor.py:178} INFO - Processing /home/airflow/.local/lib/python3.7/site-packages/airflow/example_dags/example_time_delta_sensor_async.py took 0.303 seconds
[2023-01-20T23:42:58.357+0000] {processor.py:156} INFO - Started process (PID=402) to work on /home/airflow/.local/lib/python3.7/site-packages/airflow/example_dags/example_time_delta_sensor_async.py
[2023-01-20T23:42:58.361+0000] {processor.py:758} INFO - Processing file /home/airflow/.local/lib/python3.7/site-packages/airflow/example_dags/example_time_delta_sensor_async.py for tasks to queue
[2023-01-20T23:42:58.362+0000] {logging_mixin.py:117} INFO - [2023-01-20T23:42:58.362+0000] {dagbag.py:525} INFO - Filling up the DagBag from /home/airflow/.local/lib/python3.7/site-packages/airflow/example_dags/example_time_delta_sensor_async.py
[2023-01-20T23:42:58.383+0000] {processor.py:768} INFO - DAG(s) dict_keys(['example_time_delta_sensor_async']) retrieved from /home/airflow/.local/lib/python3.7/site-packages/airflow/example_dags/example_time_delta_sensor_async.py
[2023-01-20T23:42:58.548+0000] {logging_mixin.py:117} INFO - [2023-01-20T23:42:58.548+0000] {dag.py:2573} INFO - Sync 1 DAGs
[2023-01-20T23:42:58.564+0000] {logging_mixin.py:117} INFO - [2023-01-20T23:42:58.564+0000] {dag.py:3328} INFO - Setting next_dagrun for example_time_delta_sensor_async to None, run_after=None
[2023-01-20T23:42:58.577+0000] {processor.py:178} INFO - Processing /home/airflow/.local/lib/python3.7/site-packages/airflow/example_dags/example_time_delta_sensor_async.py took 0.224 seconds
[2023-01-20T23:43:28.661+0000] {processor.py:156} INFO - Started process (PID=458) to work on /home/airflow/.local/lib/python3.7/site-packages/airflow/example_dags/example_time_delta_sensor_async.py
[2023-01-20T23:43:28.665+0000] {processor.py:758} INFO - Processing file /home/airflow/.local/lib/python3.7/site-packages/airflow/example_dags/example_time_delta_sensor_async.py for tasks to queue
[2023-01-20T23:43:28.666+0000] {logging_mixin.py:117} INFO - [2023-01-20T23:43:28.666+0000] {dagbag.py:525} INFO - Filling up the DagBag from /home/airflow/.local/lib/python3.7/site-packages/airflow/example_dags/example_time_delta_sensor_async.py
[2023-01-20T23:43:28.697+0000] {processor.py:768} INFO - DAG(s) dict_keys(['example_time_delta_sensor_async']) retrieved from /home/airflow/.local/lib/python3.7/site-packages/airflow/example_dags/example_time_delta_sensor_async.py
[2023-01-20T23:43:28.824+0000] {logging_mixin.py:117} INFO - [2023-01-20T23:43:28.824+0000] {dag.py:2573} INFO - Sync 1 DAGs
[2023-01-20T23:43:28.838+0000] {logging_mixin.py:117} INFO - [2023-01-20T23:43:28.838+0000] {dag.py:3328} INFO - Setting next_dagrun for example_time_delta_sensor_async to None, run_after=None
[2023-01-20T23:43:28.849+0000] {processor.py:178} INFO - Processing /home/airflow/.local/lib/python3.7/site-packages/airflow/example_dags/example_time_delta_sensor_async.py took 0.195 seconds
[2023-01-20T23:43:58.899+0000] {processor.py:156} INFO - Started process (PID=522) to work on /home/airflow/.local/lib/python3.7/site-packages/airflow/example_dags/example_time_delta_sensor_async.py
[2023-01-20T23:43:58.901+0000] {processor.py:758} INFO - Processing file /home/airflow/.local/lib/python3.7/site-packages/airflow/example_dags/example_time_delta_sensor_async.py for tasks to queue
[2023-01-20T23:43:58.902+0000] {logging_mixin.py:117} INFO - [2023-01-20T23:43:58.902+0000] {dagbag.py:525} INFO - Filling up the DagBag from /home/airflow/.local/lib/python3.7/site-packages/airflow/example_dags/example_time_delta_sensor_async.py
[2023-01-20T23:43:58.918+0000] {processor.py:768} INFO - DAG(s) dict_keys(['example_time_delta_sensor_async']) retrieved from /home/airflow/.local/lib/python3.7/site-packages/airflow/example_dags/example_time_delta_sensor_async.py
[2023-01-20T23:43:59.023+0000] {logging_mixin.py:117} INFO - [2023-01-20T23:43:59.023+0000] {dag.py:2573} INFO - Sync 1 DAGs
[2023-01-20T23:43:59.037+0000] {logging_mixin.py:117} INFO - [2023-01-20T23:43:59.037+0000] {dag.py:3328} INFO - Setting next_dagrun for example_time_delta_sensor_async to None, run_after=None
[2023-01-20T23:43:59.048+0000] {processor.py:178} INFO - Processing /home/airflow/.local/lib/python3.7/site-packages/airflow/example_dags/example_time_delta_sensor_async.py took 0.153 seconds
[2023-01-20T23:44:29.409+0000] {processor.py:156} INFO - Started process (PID=584) to work on /home/airflow/.local/lib/python3.7/site-packages/airflow/example_dags/example_time_delta_sensor_async.py
[2023-01-20T23:44:29.412+0000] {processor.py:758} INFO - Processing file /home/airflow/.local/lib/python3.7/site-packages/airflow/example_dags/example_time_delta_sensor_async.py for tasks to queue
[2023-01-20T23:44:29.414+0000] {logging_mixin.py:117} INFO - [2023-01-20T23:44:29.413+0000] {dagbag.py:525} INFO - Filling up the DagBag from /home/airflow/.local/lib/python3.7/site-packages/airflow/example_dags/example_time_delta_sensor_async.py
[2023-01-20T23:44:29.430+0000] {processor.py:768} INFO - DAG(s) dict_keys(['example_time_delta_sensor_async']) retrieved from /home/airflow/.local/lib/python3.7/site-packages/airflow/example_dags/example_time_delta_sensor_async.py
[2023-01-20T23:44:29.529+0000] {logging_mixin.py:117} INFO - [2023-01-20T23:44:29.529+0000] {dag.py:2573} INFO - Sync 1 DAGs
[2023-01-20T23:44:29.543+0000] {logging_mixin.py:117} INFO - [2023-01-20T23:44:29.543+0000] {dag.py:3328} INFO - Setting next_dagrun for example_time_delta_sensor_async to None, run_after=None
[2023-01-20T23:44:29.554+0000] {processor.py:178} INFO - Processing /home/airflow/.local/lib/python3.7/site-packages/airflow/example_dags/example_time_delta_sensor_async.py took 0.151 seconds
[2023-01-20T23:44:59.767+0000] {processor.py:156} INFO - Started process (PID=647) to work on /home/airflow/.local/lib/python3.7/site-packages/airflow/example_dags/example_time_delta_sensor_async.py
[2023-01-20T23:44:59.770+0000] {processor.py:758} INFO - Processing file /home/airflow/.local/lib/python3.7/site-packages/airflow/example_dags/example_time_delta_sensor_async.py for tasks to queue
[2023-01-20T23:44:59.772+0000] {logging_mixin.py:117} INFO - [2023-01-20T23:44:59.772+0000] {dagbag.py:525} INFO - Filling up the DagBag from /home/airflow/.local/lib/python3.7/site-packages/airflow/example_dags/example_time_delta_sensor_async.py
[2023-01-20T23:44:59.793+0000] {processor.py:768} INFO - DAG(s) dict_keys(['example_time_delta_sensor_async']) retrieved from /home/airflow/.local/lib/python3.7/site-packages/airflow/example_dags/example_time_delta_sensor_async.py
[2023-01-20T23:44:59.904+0000] {logging_mixin.py:117} INFO - [2023-01-20T23:44:59.904+0000] {dag.py:2573} INFO - Sync 1 DAGs
[2023-01-20T23:44:59.920+0000] {logging_mixin.py:117} INFO - [2023-01-20T23:44:59.919+0000] {dag.py:3328} INFO - Setting next_dagrun for example_time_delta_sensor_async to None, run_after=None
[2023-01-20T23:44:59.932+0000] {processor.py:178} INFO - Processing /home/airflow/.local/lib/python3.7/site-packages/airflow/example_dags/example_time_delta_sensor_async.py took 0.171 seconds
[2023-01-20T23:45:30.057+0000] {processor.py:156} INFO - Started process (PID=710) to work on /home/airflow/.local/lib/python3.7/site-packages/airflow/example_dags/example_time_delta_sensor_async.py
[2023-01-20T23:45:30.059+0000] {processor.py:758} INFO - Processing file /home/airflow/.local/lib/python3.7/site-packages/airflow/example_dags/example_time_delta_sensor_async.py for tasks to queue
[2023-01-20T23:45:30.060+0000] {logging_mixin.py:117} INFO - [2023-01-20T23:45:30.060+0000] {dagbag.py:525} INFO - Filling up the DagBag from /home/airflow/.local/lib/python3.7/site-packages/airflow/example_dags/example_time_delta_sensor_async.py
[2023-01-20T23:45:30.072+0000] {processor.py:768} INFO - DAG(s) dict_keys(['example_time_delta_sensor_async']) retrieved from /home/airflow/.local/lib/python3.7/site-packages/airflow/example_dags/example_time_delta_sensor_async.py
[2023-01-20T23:45:30.174+0000] {logging_mixin.py:117} INFO - [2023-01-20T23:45:30.174+0000] {dag.py:2573} INFO - Sync 1 DAGs
[2023-01-20T23:45:30.189+0000] {logging_mixin.py:117} INFO - [2023-01-20T23:45:30.189+0000] {dag.py:3328} INFO - Setting next_dagrun for example_time_delta_sensor_async to None, run_after=None
[2023-01-20T23:45:30.201+0000] {processor.py:178} INFO - Processing /home/airflow/.local/lib/python3.7/site-packages/airflow/example_dags/example_time_delta_sensor_async.py took 0.148 seconds
[2023-01-20T23:46:00.493+0000] {processor.py:156} INFO - Started process (PID=764) to work on /home/airflow/.local/lib/python3.7/site-packages/airflow/example_dags/example_time_delta_sensor_async.py
[2023-01-20T23:46:00.496+0000] {processor.py:758} INFO - Processing file /home/airflow/.local/lib/python3.7/site-packages/airflow/example_dags/example_time_delta_sensor_async.py for tasks to queue
[2023-01-20T23:46:00.497+0000] {logging_mixin.py:117} INFO - [2023-01-20T23:46:00.497+0000] {dagbag.py:525} INFO - Filling up the DagBag from /home/airflow/.local/lib/python3.7/site-packages/airflow/example_dags/example_time_delta_sensor_async.py
[2023-01-20T23:46:00.514+0000] {processor.py:768} INFO - DAG(s) dict_keys(['example_time_delta_sensor_async']) retrieved from /home/airflow/.local/lib/python3.7/site-packages/airflow/example_dags/example_time_delta_sensor_async.py
[2023-01-20T23:46:00.642+0000] {logging_mixin.py:117} INFO - [2023-01-20T23:46:00.642+0000] {dag.py:2573} INFO - Sync 1 DAGs
[2023-01-20T23:46:00.657+0000] {logging_mixin.py:117} INFO - [2023-01-20T23:46:00.657+0000] {dag.py:3328} INFO - Setting next_dagrun for example_time_delta_sensor_async to None, run_after=None
[2023-01-20T23:46:00.669+0000] {processor.py:178} INFO - Processing /home/airflow/.local/lib/python3.7/site-packages/airflow/example_dags/example_time_delta_sensor_async.py took 0.180 seconds
[2023-01-20T23:46:30.835+0000] {processor.py:156} INFO - Started process (PID=827) to work on /home/airflow/.local/lib/python3.7/site-packages/airflow/example_dags/example_time_delta_sensor_async.py
[2023-01-20T23:46:30.838+0000] {processor.py:758} INFO - Processing file /home/airflow/.local/lib/python3.7/site-packages/airflow/example_dags/example_time_delta_sensor_async.py for tasks to queue
[2023-01-20T23:46:30.840+0000] {logging_mixin.py:117} INFO - [2023-01-20T23:46:30.840+0000] {dagbag.py:525} INFO - Filling up the DagBag from /home/airflow/.local/lib/python3.7/site-packages/airflow/example_dags/example_time_delta_sensor_async.py
[2023-01-20T23:46:30.862+0000] {processor.py:768} INFO - DAG(s) dict_keys(['example_time_delta_sensor_async']) retrieved from /home/airflow/.local/lib/python3.7/site-packages/airflow/example_dags/example_time_delta_sensor_async.py
[2023-01-20T23:46:30.980+0000] {logging_mixin.py:117} INFO - [2023-01-20T23:46:30.980+0000] {dag.py:2573} INFO - Sync 1 DAGs
[2023-01-20T23:46:30.995+0000] {logging_mixin.py:117} INFO - [2023-01-20T23:46:30.995+0000] {dag.py:3328} INFO - Setting next_dagrun for example_time_delta_sensor_async to None, run_after=None
[2023-01-20T23:46:31.006+0000] {processor.py:178} INFO - Processing /home/airflow/.local/lib/python3.7/site-packages/airflow/example_dags/example_time_delta_sensor_async.py took 0.177 seconds
[2023-01-20T23:47:01.297+0000] {processor.py:156} INFO - Started process (PID=890) to work on /home/airflow/.local/lib/python3.7/site-packages/airflow/example_dags/example_time_delta_sensor_async.py
[2023-01-20T23:47:01.300+0000] {processor.py:758} INFO - Processing file /home/airflow/.local/lib/python3.7/site-packages/airflow/example_dags/example_time_delta_sensor_async.py for tasks to queue
[2023-01-20T23:47:01.302+0000] {logging_mixin.py:117} INFO - [2023-01-20T23:47:01.301+0000] {dagbag.py:525} INFO - Filling up the DagBag from /home/airflow/.local/lib/python3.7/site-packages/airflow/example_dags/example_time_delta_sensor_async.py
[2023-01-20T23:47:01.341+0000] {processor.py:768} INFO - DAG(s) dict_keys(['example_time_delta_sensor_async']) retrieved from /home/airflow/.local/lib/python3.7/site-packages/airflow/example_dags/example_time_delta_sensor_async.py
[2023-01-20T23:47:01.474+0000] {logging_mixin.py:117} INFO - [2023-01-20T23:47:01.474+0000] {dag.py:2573} INFO - Sync 1 DAGs
[2023-01-20T23:47:01.494+0000] {logging_mixin.py:117} INFO - [2023-01-20T23:47:01.494+0000] {dag.py:3328} INFO - Setting next_dagrun for example_time_delta_sensor_async to None, run_after=None
[2023-01-20T23:47:01.506+0000] {processor.py:178} INFO - Processing /home/airflow/.local/lib/python3.7/site-packages/airflow/example_dags/example_time_delta_sensor_async.py took 0.216 seconds
[2023-01-20T23:47:31.789+0000] {processor.py:156} INFO - Started process (PID=953) to work on /home/airflow/.local/lib/python3.7/site-packages/airflow/example_dags/example_time_delta_sensor_async.py
[2023-01-20T23:47:31.791+0000] {processor.py:758} INFO - Processing file /home/airflow/.local/lib/python3.7/site-packages/airflow/example_dags/example_time_delta_sensor_async.py for tasks to queue
[2023-01-20T23:47:31.792+0000] {logging_mixin.py:117} INFO - [2023-01-20T23:47:31.792+0000] {dagbag.py:525} INFO - Filling up the DagBag from /home/airflow/.local/lib/python3.7/site-packages/airflow/example_dags/example_time_delta_sensor_async.py
[2023-01-20T23:47:31.808+0000] {processor.py:768} INFO - DAG(s) dict_keys(['example_time_delta_sensor_async']) retrieved from /home/airflow/.local/lib/python3.7/site-packages/airflow/example_dags/example_time_delta_sensor_async.py
[2023-01-20T23:47:31.966+0000] {logging_mixin.py:117} INFO - [2023-01-20T23:47:31.966+0000] {dag.py:2573} INFO - Sync 1 DAGs
[2023-01-20T23:47:31.993+0000] {logging_mixin.py:117} INFO - [2023-01-20T23:47:31.993+0000] {dag.py:3328} INFO - Setting next_dagrun for example_time_delta_sensor_async to None, run_after=None
[2023-01-20T23:47:32.010+0000] {processor.py:178} INFO - Processing /home/airflow/.local/lib/python3.7/site-packages/airflow/example_dags/example_time_delta_sensor_async.py took 0.225 seconds
[2023-01-20T23:48:02.321+0000] {processor.py:156} INFO - Started process (PID=1015) to work on /home/airflow/.local/lib/python3.7/site-packages/airflow/example_dags/example_time_delta_sensor_async.py
[2023-01-20T23:48:02.324+0000] {processor.py:758} INFO - Processing file /home/airflow/.local/lib/python3.7/site-packages/airflow/example_dags/example_time_delta_sensor_async.py for tasks to queue
[2023-01-20T23:48:02.325+0000] {logging_mixin.py:117} INFO - [2023-01-20T23:48:02.325+0000] {dagbag.py:525} INFO - Filling up the DagBag from /home/airflow/.local/lib/python3.7/site-packages/airflow/example_dags/example_time_delta_sensor_async.py
[2023-01-20T23:48:02.344+0000] {processor.py:768} INFO - DAG(s) dict_keys(['example_time_delta_sensor_async']) retrieved from /home/airflow/.local/lib/python3.7/site-packages/airflow/example_dags/example_time_delta_sensor_async.py
[2023-01-20T23:48:02.449+0000] {logging_mixin.py:117} INFO - [2023-01-20T23:48:02.449+0000] {dag.py:2573} INFO - Sync 1 DAGs
[2023-01-20T23:48:02.463+0000] {logging_mixin.py:117} INFO - [2023-01-20T23:48:02.463+0000] {dag.py:3328} INFO - Setting next_dagrun for example_time_delta_sensor_async to None, run_after=None
[2023-01-20T23:48:02.474+0000] {processor.py:178} INFO - Processing /home/airflow/.local/lib/python3.7/site-packages/airflow/example_dags/example_time_delta_sensor_async.py took 0.160 seconds
[2023-01-20T23:48:32.754+0000] {processor.py:156} INFO - Started process (PID=1078) to work on /home/airflow/.local/lib/python3.7/site-packages/airflow/example_dags/example_time_delta_sensor_async.py
[2023-01-20T23:48:32.756+0000] {processor.py:758} INFO - Processing file /home/airflow/.local/lib/python3.7/site-packages/airflow/example_dags/example_time_delta_sensor_async.py for tasks to queue
[2023-01-20T23:48:32.758+0000] {logging_mixin.py:117} INFO - [2023-01-20T23:48:32.758+0000] {dagbag.py:525} INFO - Filling up the DagBag from /home/airflow/.local/lib/python3.7/site-packages/airflow/example_dags/example_time_delta_sensor_async.py
[2023-01-20T23:48:32.779+0000] {processor.py:768} INFO - DAG(s) dict_keys(['example_time_delta_sensor_async']) retrieved from /home/airflow/.local/lib/python3.7/site-packages/airflow/example_dags/example_time_delta_sensor_async.py
[2023-01-20T23:48:32.899+0000] {logging_mixin.py:117} INFO - [2023-01-20T23:48:32.899+0000] {dag.py:2573} INFO - Sync 1 DAGs
[2023-01-20T23:48:32.913+0000] {logging_mixin.py:117} INFO - [2023-01-20T23:48:32.913+0000] {dag.py:3328} INFO - Setting next_dagrun for example_time_delta_sensor_async to None, run_after=None
[2023-01-20T23:48:32.926+0000] {processor.py:178} INFO - Processing /home/airflow/.local/lib/python3.7/site-packages/airflow/example_dags/example_time_delta_sensor_async.py took 0.178 seconds
[2023-01-20T23:49:03.142+0000] {processor.py:156} INFO - Started process (PID=1132) to work on /home/airflow/.local/lib/python3.7/site-packages/airflow/example_dags/example_time_delta_sensor_async.py
[2023-01-20T23:49:03.145+0000] {processor.py:758} INFO - Processing file /home/airflow/.local/lib/python3.7/site-packages/airflow/example_dags/example_time_delta_sensor_async.py for tasks to queue
[2023-01-20T23:49:03.147+0000] {logging_mixin.py:117} INFO - [2023-01-20T23:49:03.147+0000] {dagbag.py:525} INFO - Filling up the DagBag from /home/airflow/.local/lib/python3.7/site-packages/airflow/example_dags/example_time_delta_sensor_async.py
[2023-01-20T23:49:03.169+0000] {processor.py:768} INFO - DAG(s) dict_keys(['example_time_delta_sensor_async']) retrieved from /home/airflow/.local/lib/python3.7/site-packages/airflow/example_dags/example_time_delta_sensor_async.py
[2023-01-20T23:49:03.294+0000] {logging_mixin.py:117} INFO - [2023-01-20T23:49:03.294+0000] {dag.py:2573} INFO - Sync 1 DAGs
[2023-01-20T23:49:03.309+0000] {logging_mixin.py:117} INFO - [2023-01-20T23:49:03.309+0000] {dag.py:3328} INFO - Setting next_dagrun for example_time_delta_sensor_async to None, run_after=None
[2023-01-20T23:49:03.320+0000] {processor.py:178} INFO - Processing /home/airflow/.local/lib/python3.7/site-packages/airflow/example_dags/example_time_delta_sensor_async.py took 0.185 seconds
[2023-01-20T23:49:33.525+0000] {processor.py:156} INFO - Started process (PID=1195) to work on /home/airflow/.local/lib/python3.7/site-packages/airflow/example_dags/example_time_delta_sensor_async.py
[2023-01-20T23:49:33.528+0000] {processor.py:758} INFO - Processing file /home/airflow/.local/lib/python3.7/site-packages/airflow/example_dags/example_time_delta_sensor_async.py for tasks to queue
[2023-01-20T23:49:33.530+0000] {logging_mixin.py:117} INFO - [2023-01-20T23:49:33.530+0000] {dagbag.py:525} INFO - Filling up the DagBag from /home/airflow/.local/lib/python3.7/site-packages/airflow/example_dags/example_time_delta_sensor_async.py
[2023-01-20T23:49:33.552+0000] {processor.py:768} INFO - DAG(s) dict_keys(['example_time_delta_sensor_async']) retrieved from /home/airflow/.local/lib/python3.7/site-packages/airflow/example_dags/example_time_delta_sensor_async.py
[2023-01-20T23:49:33.686+0000] {logging_mixin.py:117} INFO - [2023-01-20T23:49:33.686+0000] {dag.py:2573} INFO - Sync 1 DAGs
[2023-01-20T23:49:33.701+0000] {logging_mixin.py:117} INFO - [2023-01-20T23:49:33.701+0000] {dag.py:3328} INFO - Setting next_dagrun for example_time_delta_sensor_async to None, run_after=None
[2023-01-20T23:49:33.712+0000] {processor.py:178} INFO - Processing /home/airflow/.local/lib/python3.7/site-packages/airflow/example_dags/example_time_delta_sensor_async.py took 0.194 seconds
[2023-01-20T23:50:03.848+0000] {processor.py:156} INFO - Started process (PID=1258) to work on /home/airflow/.local/lib/python3.7/site-packages/airflow/example_dags/example_time_delta_sensor_async.py
[2023-01-20T23:50:03.850+0000] {processor.py:758} INFO - Processing file /home/airflow/.local/lib/python3.7/site-packages/airflow/example_dags/example_time_delta_sensor_async.py for tasks to queue
[2023-01-20T23:50:03.851+0000] {logging_mixin.py:117} INFO - [2023-01-20T23:50:03.851+0000] {dagbag.py:525} INFO - Filling up the DagBag from /home/airflow/.local/lib/python3.7/site-packages/airflow/example_dags/example_time_delta_sensor_async.py
[2023-01-20T23:50:03.864+0000] {processor.py:768} INFO - DAG(s) dict_keys(['example_time_delta_sensor_async']) retrieved from /home/airflow/.local/lib/python3.7/site-packages/airflow/example_dags/example_time_delta_sensor_async.py
[2023-01-20T23:50:03.972+0000] {logging_mixin.py:117} INFO - [2023-01-20T23:50:03.971+0000] {dag.py:2573} INFO - Sync 1 DAGs
[2023-01-20T23:50:03.987+0000] {logging_mixin.py:117} INFO - [2023-01-20T23:50:03.987+0000] {dag.py:3328} INFO - Setting next_dagrun for example_time_delta_sensor_async to None, run_after=None
[2023-01-20T23:50:03.997+0000] {processor.py:178} INFO - Processing /home/airflow/.local/lib/python3.7/site-packages/airflow/example_dags/example_time_delta_sensor_async.py took 0.154 seconds
[2023-01-20T23:50:34.192+0000] {processor.py:156} INFO - Started process (PID=1321) to work on /home/airflow/.local/lib/python3.7/site-packages/airflow/example_dags/example_time_delta_sensor_async.py
[2023-01-20T23:50:34.194+0000] {processor.py:758} INFO - Processing file /home/airflow/.local/lib/python3.7/site-packages/airflow/example_dags/example_time_delta_sensor_async.py for tasks to queue
[2023-01-20T23:50:34.195+0000] {logging_mixin.py:117} INFO - [2023-01-20T23:50:34.195+0000] {dagbag.py:525} INFO - Filling up the DagBag from /home/airflow/.local/lib/python3.7/site-packages/airflow/example_dags/example_time_delta_sensor_async.py
[2023-01-20T23:50:34.212+0000] {processor.py:768} INFO - DAG(s) dict_keys(['example_time_delta_sensor_async']) retrieved from /home/airflow/.local/lib/python3.7/site-packages/airflow/example_dags/example_time_delta_sensor_async.py
[2023-01-20T23:50:34.323+0000] {logging_mixin.py:117} INFO - [2023-01-20T23:50:34.323+0000] {dag.py:2573} INFO - Sync 1 DAGs
[2023-01-20T23:50:34.337+0000] {logging_mixin.py:117} INFO - [2023-01-20T23:50:34.337+0000] {dag.py:3328} INFO - Setting next_dagrun for example_time_delta_sensor_async to None, run_after=None
[2023-01-20T23:50:34.347+0000] {processor.py:178} INFO - Processing /home/airflow/.local/lib/python3.7/site-packages/airflow/example_dags/example_time_delta_sensor_async.py took 0.162 seconds
[2023-01-20T23:51:04.469+0000] {processor.py:156} INFO - Started process (PID=1384) to work on /home/airflow/.local/lib/python3.7/site-packages/airflow/example_dags/example_time_delta_sensor_async.py
[2023-01-20T23:51:04.473+0000] {processor.py:758} INFO - Processing file /home/airflow/.local/lib/python3.7/site-packages/airflow/example_dags/example_time_delta_sensor_async.py for tasks to queue
[2023-01-20T23:51:04.474+0000] {logging_mixin.py:117} INFO - [2023-01-20T23:51:04.474+0000] {dagbag.py:525} INFO - Filling up the DagBag from /home/airflow/.local/lib/python3.7/site-packages/airflow/example_dags/example_time_delta_sensor_async.py
[2023-01-20T23:51:04.495+0000] {processor.py:768} INFO - DAG(s) dict_keys(['example_time_delta_sensor_async']) retrieved from /home/airflow/.local/lib/python3.7/site-packages/airflow/example_dags/example_time_delta_sensor_async.py
[2023-01-20T23:51:04.620+0000] {logging_mixin.py:117} INFO - [2023-01-20T23:51:04.620+0000] {dag.py:2573} INFO - Sync 1 DAGs
[2023-01-20T23:51:04.637+0000] {logging_mixin.py:117} INFO - [2023-01-20T23:51:04.636+0000] {dag.py:3328} INFO - Setting next_dagrun for example_time_delta_sensor_async to None, run_after=None
[2023-01-20T23:51:04.650+0000] {processor.py:178} INFO - Processing /home/airflow/.local/lib/python3.7/site-packages/airflow/example_dags/example_time_delta_sensor_async.py took 0.187 seconds
[2023-01-20T23:51:34.886+0000] {processor.py:156} INFO - Started process (PID=1448) to work on /home/airflow/.local/lib/python3.7/site-packages/airflow/example_dags/example_time_delta_sensor_async.py
[2023-01-20T23:51:34.890+0000] {processor.py:758} INFO - Processing file /home/airflow/.local/lib/python3.7/site-packages/airflow/example_dags/example_time_delta_sensor_async.py for tasks to queue
[2023-01-20T23:51:34.891+0000] {logging_mixin.py:117} INFO - [2023-01-20T23:51:34.891+0000] {dagbag.py:525} INFO - Filling up the DagBag from /home/airflow/.local/lib/python3.7/site-packages/airflow/example_dags/example_time_delta_sensor_async.py
[2023-01-20T23:51:34.910+0000] {processor.py:768} INFO - DAG(s) dict_keys(['example_time_delta_sensor_async']) retrieved from /home/airflow/.local/lib/python3.7/site-packages/airflow/example_dags/example_time_delta_sensor_async.py
[2023-01-20T23:51:35.026+0000] {logging_mixin.py:117} INFO - [2023-01-20T23:51:35.026+0000] {dag.py:2573} INFO - Sync 1 DAGs
[2023-01-20T23:51:35.042+0000] {logging_mixin.py:117} INFO - [2023-01-20T23:51:35.042+0000] {dag.py:3328} INFO - Setting next_dagrun for example_time_delta_sensor_async to None, run_after=None
[2023-01-20T23:51:35.053+0000] {processor.py:178} INFO - Processing /home/airflow/.local/lib/python3.7/site-packages/airflow/example_dags/example_time_delta_sensor_async.py took 0.172 seconds
[2023-01-20T23:52:05.450+0000] {processor.py:156} INFO - Started process (PID=1502) to work on /home/airflow/.local/lib/python3.7/site-packages/airflow/example_dags/example_time_delta_sensor_async.py
[2023-01-20T23:52:05.453+0000] {processor.py:758} INFO - Processing file /home/airflow/.local/lib/python3.7/site-packages/airflow/example_dags/example_time_delta_sensor_async.py for tasks to queue
[2023-01-20T23:52:05.455+0000] {logging_mixin.py:117} INFO - [2023-01-20T23:52:05.455+0000] {dagbag.py:525} INFO - Filling up the DagBag from /home/airflow/.local/lib/python3.7/site-packages/airflow/example_dags/example_time_delta_sensor_async.py
[2023-01-20T23:52:05.477+0000] {processor.py:768} INFO - DAG(s) dict_keys(['example_time_delta_sensor_async']) retrieved from /home/airflow/.local/lib/python3.7/site-packages/airflow/example_dags/example_time_delta_sensor_async.py
[2023-01-20T23:52:05.606+0000] {logging_mixin.py:117} INFO - [2023-01-20T23:52:05.606+0000] {dag.py:2573} INFO - Sync 1 DAGs
[2023-01-20T23:52:05.620+0000] {logging_mixin.py:117} INFO - [2023-01-20T23:52:05.620+0000] {dag.py:3328} INFO - Setting next_dagrun for example_time_delta_sensor_async to None, run_after=None
[2023-01-20T23:52:05.631+0000] {processor.py:178} INFO - Processing /home/airflow/.local/lib/python3.7/site-packages/airflow/example_dags/example_time_delta_sensor_async.py took 0.189 seconds
[2023-01-20T23:52:35.944+0000] {processor.py:156} INFO - Started process (PID=1565) to work on /home/airflow/.local/lib/python3.7/site-packages/airflow/example_dags/example_time_delta_sensor_async.py
[2023-01-20T23:52:35.946+0000] {processor.py:758} INFO - Processing file /home/airflow/.local/lib/python3.7/site-packages/airflow/example_dags/example_time_delta_sensor_async.py for tasks to queue
[2023-01-20T23:52:35.947+0000] {logging_mixin.py:117} INFO - [2023-01-20T23:52:35.947+0000] {dagbag.py:525} INFO - Filling up the DagBag from /home/airflow/.local/lib/python3.7/site-packages/airflow/example_dags/example_time_delta_sensor_async.py
[2023-01-20T23:52:35.966+0000] {processor.py:768} INFO - DAG(s) dict_keys(['example_time_delta_sensor_async']) retrieved from /home/airflow/.local/lib/python3.7/site-packages/airflow/example_dags/example_time_delta_sensor_async.py
[2023-01-20T23:52:36.102+0000] {logging_mixin.py:117} INFO - [2023-01-20T23:52:36.102+0000] {dag.py:2573} INFO - Sync 1 DAGs
[2023-01-20T23:52:36.117+0000] {logging_mixin.py:117} INFO - [2023-01-20T23:52:36.117+0000] {dag.py:3328} INFO - Setting next_dagrun for example_time_delta_sensor_async to None, run_after=None
[2023-01-20T23:52:36.128+0000] {processor.py:178} INFO - Processing /home/airflow/.local/lib/python3.7/site-packages/airflow/example_dags/example_time_delta_sensor_async.py took 0.188 seconds
[2023-01-20T23:53:06.319+0000] {processor.py:156} INFO - Started process (PID=1628) to work on /home/airflow/.local/lib/python3.7/site-packages/airflow/example_dags/example_time_delta_sensor_async.py
[2023-01-20T23:53:06.321+0000] {processor.py:758} INFO - Processing file /home/airflow/.local/lib/python3.7/site-packages/airflow/example_dags/example_time_delta_sensor_async.py for tasks to queue
[2023-01-20T23:53:06.323+0000] {logging_mixin.py:117} INFO - [2023-01-20T23:53:06.323+0000] {dagbag.py:525} INFO - Filling up the DagBag from /home/airflow/.local/lib/python3.7/site-packages/airflow/example_dags/example_time_delta_sensor_async.py
[2023-01-20T23:53:06.345+0000] {processor.py:768} INFO - DAG(s) dict_keys(['example_time_delta_sensor_async']) retrieved from /home/airflow/.local/lib/python3.7/site-packages/airflow/example_dags/example_time_delta_sensor_async.py
[2023-01-20T23:53:06.457+0000] {logging_mixin.py:117} INFO - [2023-01-20T23:53:06.457+0000] {dag.py:2573} INFO - Sync 1 DAGs
[2023-01-20T23:53:06.472+0000] {logging_mixin.py:117} INFO - [2023-01-20T23:53:06.472+0000] {dag.py:3328} INFO - Setting next_dagrun for example_time_delta_sensor_async to None, run_after=None
[2023-01-20T23:53:06.483+0000] {processor.py:178} INFO - Processing /home/airflow/.local/lib/python3.7/site-packages/airflow/example_dags/example_time_delta_sensor_async.py took 0.170 seconds
[2023-01-20T23:53:36.918+0000] {processor.py:156} INFO - Started process (PID=1691) to work on /home/airflow/.local/lib/python3.7/site-packages/airflow/example_dags/example_time_delta_sensor_async.py
[2023-01-20T23:53:36.921+0000] {processor.py:758} INFO - Processing file /home/airflow/.local/lib/python3.7/site-packages/airflow/example_dags/example_time_delta_sensor_async.py for tasks to queue
[2023-01-20T23:53:36.923+0000] {logging_mixin.py:117} INFO - [2023-01-20T23:53:36.923+0000] {dagbag.py:525} INFO - Filling up the DagBag from /home/airflow/.local/lib/python3.7/site-packages/airflow/example_dags/example_time_delta_sensor_async.py
[2023-01-20T23:53:36.960+0000] {processor.py:768} INFO - DAG(s) dict_keys(['example_time_delta_sensor_async']) retrieved from /home/airflow/.local/lib/python3.7/site-packages/airflow/example_dags/example_time_delta_sensor_async.py
[2023-01-20T23:53:37.129+0000] {logging_mixin.py:117} INFO - [2023-01-20T23:53:37.129+0000] {dag.py:2573} INFO - Sync 1 DAGs
[2023-01-20T23:53:37.146+0000] {logging_mixin.py:117} INFO - [2023-01-20T23:53:37.146+0000] {dag.py:3328} INFO - Setting next_dagrun for example_time_delta_sensor_async to None, run_after=None
[2023-01-20T23:53:37.160+0000] {processor.py:178} INFO - Processing /home/airflow/.local/lib/python3.7/site-packages/airflow/example_dags/example_time_delta_sensor_async.py took 0.249 seconds
[2023-01-20T23:54:07.292+0000] {processor.py:156} INFO - Started process (PID=1755) to work on /home/airflow/.local/lib/python3.7/site-packages/airflow/example_dags/example_time_delta_sensor_async.py
[2023-01-20T23:54:07.295+0000] {processor.py:758} INFO - Processing file /home/airflow/.local/lib/python3.7/site-packages/airflow/example_dags/example_time_delta_sensor_async.py for tasks to queue
[2023-01-20T23:54:07.296+0000] {logging_mixin.py:117} INFO - [2023-01-20T23:54:07.296+0000] {dagbag.py:525} INFO - Filling up the DagBag from /home/airflow/.local/lib/python3.7/site-packages/airflow/example_dags/example_time_delta_sensor_async.py
[2023-01-20T23:54:07.315+0000] {processor.py:768} INFO - DAG(s) dict_keys(['example_time_delta_sensor_async']) retrieved from /home/airflow/.local/lib/python3.7/site-packages/airflow/example_dags/example_time_delta_sensor_async.py
[2023-01-20T23:54:07.435+0000] {logging_mixin.py:117} INFO - [2023-01-20T23:54:07.435+0000] {dag.py:2573} INFO - Sync 1 DAGs
[2023-01-20T23:54:07.453+0000] {logging_mixin.py:117} INFO - [2023-01-20T23:54:07.453+0000] {dag.py:3328} INFO - Setting next_dagrun for example_time_delta_sensor_async to None, run_after=None
[2023-01-20T23:54:07.465+0000] {processor.py:178} INFO - Processing /home/airflow/.local/lib/python3.7/site-packages/airflow/example_dags/example_time_delta_sensor_async.py took 0.179 seconds
[2023-01-20T23:54:52.771+0000] {processor.py:156} INFO - Started process (PID=32) to work on /home/airflow/.local/lib/python3.7/site-packages/airflow/example_dags/example_time_delta_sensor_async.py
[2023-01-20T23:54:52.774+0000] {processor.py:758} INFO - Processing file /home/airflow/.local/lib/python3.7/site-packages/airflow/example_dags/example_time_delta_sensor_async.py for tasks to queue
[2023-01-20T23:54:52.776+0000] {logging_mixin.py:117} INFO - [2023-01-20T23:54:52.776+0000] {dagbag.py:525} INFO - Filling up the DagBag from /home/airflow/.local/lib/python3.7/site-packages/airflow/example_dags/example_time_delta_sensor_async.py
[2023-01-20T23:54:52.815+0000] {processor.py:768} INFO - DAG(s) dict_keys(['example_time_delta_sensor_async']) retrieved from /home/airflow/.local/lib/python3.7/site-packages/airflow/example_dags/example_time_delta_sensor_async.py
[2023-01-20T23:54:53.287+0000] {logging_mixin.py:117} INFO - [2023-01-20T23:54:53.287+0000] {dag.py:2573} INFO - Sync 1 DAGs
[2023-01-20T23:54:53.311+0000] {logging_mixin.py:117} INFO - [2023-01-20T23:54:53.311+0000] {dag.py:3328} INFO - Setting next_dagrun for example_time_delta_sensor_async to None, run_after=None
[2023-01-20T23:54:53.329+0000] {processor.py:178} INFO - Processing /home/airflow/.local/lib/python3.7/site-packages/airflow/example_dags/example_time_delta_sensor_async.py took 0.567 seconds
[2023-01-20T23:55:23.618+0000] {processor.py:156} INFO - Started process (PID=97) to work on /home/airflow/.local/lib/python3.7/site-packages/airflow/example_dags/example_time_delta_sensor_async.py
[2023-01-20T23:55:23.619+0000] {processor.py:758} INFO - Processing file /home/airflow/.local/lib/python3.7/site-packages/airflow/example_dags/example_time_delta_sensor_async.py for tasks to queue
[2023-01-20T23:55:23.620+0000] {logging_mixin.py:117} INFO - [2023-01-20T23:55:23.620+0000] {dagbag.py:525} INFO - Filling up the DagBag from /home/airflow/.local/lib/python3.7/site-packages/airflow/example_dags/example_time_delta_sensor_async.py
[2023-01-20T23:55:23.630+0000] {processor.py:768} INFO - DAG(s) dict_keys(['example_time_delta_sensor_async']) retrieved from /home/airflow/.local/lib/python3.7/site-packages/airflow/example_dags/example_time_delta_sensor_async.py
[2023-01-20T23:55:23.859+0000] {logging_mixin.py:117} INFO - [2023-01-20T23:55:23.859+0000] {dag.py:2573} INFO - Sync 1 DAGs
[2023-01-20T23:55:23.873+0000] {logging_mixin.py:117} INFO - [2023-01-20T23:55:23.873+0000] {dag.py:3328} INFO - Setting next_dagrun for example_time_delta_sensor_async to None, run_after=None
[2023-01-20T23:55:23.885+0000] {processor.py:178} INFO - Processing /home/airflow/.local/lib/python3.7/site-packages/airflow/example_dags/example_time_delta_sensor_async.py took 0.270 seconds
[2023-01-20T23:57:20.653+0000] {processor.py:156} INFO - Started process (PID=33) to work on /home/airflow/.local/lib/python3.7/site-packages/airflow/example_dags/example_time_delta_sensor_async.py
[2023-01-20T23:57:20.661+0000] {processor.py:758} INFO - Processing file /home/airflow/.local/lib/python3.7/site-packages/airflow/example_dags/example_time_delta_sensor_async.py for tasks to queue
[2023-01-20T23:57:20.665+0000] {logging_mixin.py:117} INFO - [2023-01-20T23:57:20.665+0000] {dagbag.py:525} INFO - Filling up the DagBag from /home/airflow/.local/lib/python3.7/site-packages/airflow/example_dags/example_time_delta_sensor_async.py
[2023-01-20T23:57:20.696+0000] {processor.py:768} INFO - DAG(s) dict_keys(['example_time_delta_sensor_async']) retrieved from /home/airflow/.local/lib/python3.7/site-packages/airflow/example_dags/example_time_delta_sensor_async.py
[2023-01-20T23:57:20.768+0000] {logging_mixin.py:117} INFO - [2023-01-20T23:57:20.768+0000] {dag.py:2573} INFO - Sync 1 DAGs
[2023-01-20T23:57:21.043+0000] {logging_mixin.py:117} INFO - [2023-01-20T23:57:21.043+0000] {dag.py:3328} INFO - Setting next_dagrun for example_time_delta_sensor_async to None, run_after=None
[2023-01-20T23:57:21.105+0000] {processor.py:178} INFO - Processing /home/airflow/.local/lib/python3.7/site-packages/airflow/example_dags/example_time_delta_sensor_async.py took 0.464 seconds
[2023-01-20T23:57:51.912+0000] {processor.py:156} INFO - Started process (PID=86) to work on /home/airflow/.local/lib/python3.7/site-packages/airflow/example_dags/example_time_delta_sensor_async.py
[2023-01-20T23:57:51.914+0000] {processor.py:758} INFO - Processing file /home/airflow/.local/lib/python3.7/site-packages/airflow/example_dags/example_time_delta_sensor_async.py for tasks to queue
[2023-01-20T23:57:51.915+0000] {logging_mixin.py:117} INFO - [2023-01-20T23:57:51.915+0000] {dagbag.py:525} INFO - Filling up the DagBag from /home/airflow/.local/lib/python3.7/site-packages/airflow/example_dags/example_time_delta_sensor_async.py
[2023-01-20T23:57:51.939+0000] {processor.py:768} INFO - DAG(s) dict_keys(['example_time_delta_sensor_async']) retrieved from /home/airflow/.local/lib/python3.7/site-packages/airflow/example_dags/example_time_delta_sensor_async.py
[2023-01-20T23:57:52.352+0000] {logging_mixin.py:117} INFO - [2023-01-20T23:57:52.352+0000] {dag.py:2573} INFO - Sync 1 DAGs
[2023-01-20T23:57:52.372+0000] {logging_mixin.py:117} INFO - [2023-01-20T23:57:52.372+0000] {dag.py:3328} INFO - Setting next_dagrun for example_time_delta_sensor_async to None, run_after=None
[2023-01-20T23:57:52.388+0000] {processor.py:178} INFO - Processing /home/airflow/.local/lib/python3.7/site-packages/airflow/example_dags/example_time_delta_sensor_async.py took 0.483 seconds
[2023-01-20T23:58:23.200+0000] {processor.py:156} INFO - Started process (PID=148) to work on /home/airflow/.local/lib/python3.7/site-packages/airflow/example_dags/example_time_delta_sensor_async.py
[2023-01-20T23:58:23.203+0000] {processor.py:758} INFO - Processing file /home/airflow/.local/lib/python3.7/site-packages/airflow/example_dags/example_time_delta_sensor_async.py for tasks to queue
[2023-01-20T23:58:23.206+0000] {logging_mixin.py:117} INFO - [2023-01-20T23:58:23.205+0000] {dagbag.py:525} INFO - Filling up the DagBag from /home/airflow/.local/lib/python3.7/site-packages/airflow/example_dags/example_time_delta_sensor_async.py
[2023-01-20T23:58:23.252+0000] {processor.py:768} INFO - DAG(s) dict_keys(['example_time_delta_sensor_async']) retrieved from /home/airflow/.local/lib/python3.7/site-packages/airflow/example_dags/example_time_delta_sensor_async.py
[2023-01-20T23:58:23.957+0000] {logging_mixin.py:117} INFO - [2023-01-20T23:58:23.957+0000] {dag.py:2573} INFO - Sync 1 DAGs
[2023-01-20T23:58:23.974+0000] {logging_mixin.py:117} INFO - [2023-01-20T23:58:23.973+0000] {dag.py:3328} INFO - Setting next_dagrun for example_time_delta_sensor_async to None, run_after=None
[2023-01-20T23:58:23.988+0000] {processor.py:178} INFO - Processing /home/airflow/.local/lib/python3.7/site-packages/airflow/example_dags/example_time_delta_sensor_async.py took 0.795 seconds
[2023-01-20T23:58:54.737+0000] {processor.py:156} INFO - Started process (PID=211) to work on /home/airflow/.local/lib/python3.7/site-packages/airflow/example_dags/example_time_delta_sensor_async.py
[2023-01-20T23:58:54.738+0000] {processor.py:758} INFO - Processing file /home/airflow/.local/lib/python3.7/site-packages/airflow/example_dags/example_time_delta_sensor_async.py for tasks to queue
[2023-01-20T23:58:54.739+0000] {logging_mixin.py:117} INFO - [2023-01-20T23:58:54.739+0000] {dagbag.py:525} INFO - Filling up the DagBag from /home/airflow/.local/lib/python3.7/site-packages/airflow/example_dags/example_time_delta_sensor_async.py
[2023-01-20T23:58:55.082+0000] {processor.py:768} INFO - DAG(s) dict_keys(['example_time_delta_sensor_async']) retrieved from /home/airflow/.local/lib/python3.7/site-packages/airflow/example_dags/example_time_delta_sensor_async.py
[2023-01-20T23:58:55.204+0000] {logging_mixin.py:117} INFO - [2023-01-20T23:58:55.204+0000] {dag.py:2573} INFO - Sync 1 DAGs
[2023-01-20T23:58:55.221+0000] {logging_mixin.py:117} INFO - [2023-01-20T23:58:55.221+0000] {dag.py:3328} INFO - Setting next_dagrun for example_time_delta_sensor_async to None, run_after=None
[2023-01-20T23:58:55.235+0000] {processor.py:178} INFO - Processing /home/airflow/.local/lib/python3.7/site-packages/airflow/example_dags/example_time_delta_sensor_async.py took 0.506 seconds
[2023-01-20T23:59:25.911+0000] {processor.py:156} INFO - Started process (PID=267) to work on /home/airflow/.local/lib/python3.7/site-packages/airflow/example_dags/example_time_delta_sensor_async.py
[2023-01-20T23:59:25.913+0000] {processor.py:758} INFO - Processing file /home/airflow/.local/lib/python3.7/site-packages/airflow/example_dags/example_time_delta_sensor_async.py for tasks to queue
[2023-01-20T23:59:25.915+0000] {logging_mixin.py:117} INFO - [2023-01-20T23:59:25.915+0000] {dagbag.py:525} INFO - Filling up the DagBag from /home/airflow/.local/lib/python3.7/site-packages/airflow/example_dags/example_time_delta_sensor_async.py
[2023-01-20T23:59:25.932+0000] {processor.py:768} INFO - DAG(s) dict_keys(['example_time_delta_sensor_async']) retrieved from /home/airflow/.local/lib/python3.7/site-packages/airflow/example_dags/example_time_delta_sensor_async.py
[2023-01-20T23:59:26.053+0000] {logging_mixin.py:117} INFO - [2023-01-20T23:59:26.052+0000] {dag.py:2573} INFO - Sync 1 DAGs
[2023-01-20T23:59:26.069+0000] {logging_mixin.py:117} INFO - [2023-01-20T23:59:26.069+0000] {dag.py:3328} INFO - Setting next_dagrun for example_time_delta_sensor_async to None, run_after=None
[2023-01-20T23:59:26.083+0000] {processor.py:178} INFO - Processing /home/airflow/.local/lib/python3.7/site-packages/airflow/example_dags/example_time_delta_sensor_async.py took 0.177 seconds
[2023-01-20T23:59:56.358+0000] {processor.py:156} INFO - Started process (PID=328) to work on /home/airflow/.local/lib/python3.7/site-packages/airflow/example_dags/example_time_delta_sensor_async.py
[2023-01-20T23:59:56.360+0000] {processor.py:758} INFO - Processing file /home/airflow/.local/lib/python3.7/site-packages/airflow/example_dags/example_time_delta_sensor_async.py for tasks to queue
[2023-01-20T23:59:56.362+0000] {logging_mixin.py:117} INFO - [2023-01-20T23:59:56.362+0000] {dagbag.py:525} INFO - Filling up the DagBag from /home/airflow/.local/lib/python3.7/site-packages/airflow/example_dags/example_time_delta_sensor_async.py
[2023-01-20T23:59:56.382+0000] {processor.py:768} INFO - DAG(s) dict_keys(['example_time_delta_sensor_async']) retrieved from /home/airflow/.local/lib/python3.7/site-packages/airflow/example_dags/example_time_delta_sensor_async.py
[2023-01-20T23:59:56.488+0000] {logging_mixin.py:117} INFO - [2023-01-20T23:59:56.488+0000] {dag.py:2573} INFO - Sync 1 DAGs
[2023-01-20T23:59:56.503+0000] {logging_mixin.py:117} INFO - [2023-01-20T23:59:56.503+0000] {dag.py:3328} INFO - Setting next_dagrun for example_time_delta_sensor_async to None, run_after=None
[2023-01-20T23:59:56.515+0000] {processor.py:178} INFO - Processing /home/airflow/.local/lib/python3.7/site-packages/airflow/example_dags/example_time_delta_sensor_async.py took 0.164 seconds
