[2023-01-20T23:40:07.993+0000] {processor.py:156} INFO - Started process (PID=66) to work on /home/airflow/.local/lib/python3.7/site-packages/airflow/example_dags/example_external_task_marker_dag.py
[2023-01-20T23:40:07.995+0000] {processor.py:758} INFO - Processing file /home/airflow/.local/lib/python3.7/site-packages/airflow/example_dags/example_external_task_marker_dag.py for tasks to queue
[2023-01-20T23:40:07.997+0000] {logging_mixin.py:117} INFO - [2023-01-20T23:40:07.997+0000] {dagbag.py:525} INFO - Filling up the DagBag from /home/airflow/.local/lib/python3.7/site-packages/airflow/example_dags/example_external_task_marker_dag.py
[2023-01-20T23:40:08.078+0000] {processor.py:768} INFO - DAG(s) dict_keys(['example_external_task_marker_parent', 'example_external_task_marker_child']) retrieved from /home/airflow/.local/lib/python3.7/site-packages/airflow/example_dags/example_external_task_marker_dag.py
[2023-01-20T23:40:08.450+0000] {logging_mixin.py:117} INFO - [2023-01-20T23:40:08.450+0000] {dag.py:2573} INFO - Sync 2 DAGs
[2023-01-20T23:40:08.477+0000] {logging_mixin.py:117} INFO - [2023-01-20T23:40:08.477+0000] {dag.py:3328} INFO - Setting next_dagrun for example_external_task_marker_child to None, run_after=None
[2023-01-20T23:40:08.485+0000] {logging_mixin.py:117} INFO - [2023-01-20T23:40:08.485+0000] {dag.py:3328} INFO - Setting next_dagrun for example_external_task_marker_parent to None, run_after=None
[2023-01-20T23:40:08.519+0000] {processor.py:178} INFO - Processing /home/airflow/.local/lib/python3.7/site-packages/airflow/example_dags/example_external_task_marker_dag.py took 0.530 seconds
[2023-01-20T23:40:38.830+0000] {processor.py:156} INFO - Started process (PID=130) to work on /home/airflow/.local/lib/python3.7/site-packages/airflow/example_dags/example_external_task_marker_dag.py
[2023-01-20T23:40:38.831+0000] {processor.py:758} INFO - Processing file /home/airflow/.local/lib/python3.7/site-packages/airflow/example_dags/example_external_task_marker_dag.py for tasks to queue
[2023-01-20T23:40:38.832+0000] {logging_mixin.py:117} INFO - [2023-01-20T23:40:38.832+0000] {dagbag.py:525} INFO - Filling up the DagBag from /home/airflow/.local/lib/python3.7/site-packages/airflow/example_dags/example_external_task_marker_dag.py
[2023-01-20T23:40:38.846+0000] {processor.py:768} INFO - DAG(s) dict_keys(['example_external_task_marker_parent', 'example_external_task_marker_child']) retrieved from /home/airflow/.local/lib/python3.7/site-packages/airflow/example_dags/example_external_task_marker_dag.py
[2023-01-20T23:40:39.175+0000] {logging_mixin.py:117} INFO - [2023-01-20T23:40:39.175+0000] {dag.py:2573} INFO - Sync 2 DAGs
[2023-01-20T23:40:39.192+0000] {logging_mixin.py:117} INFO - [2023-01-20T23:40:39.192+0000] {dag.py:3328} INFO - Setting next_dagrun for example_external_task_marker_child to None, run_after=None
[2023-01-20T23:40:39.195+0000] {logging_mixin.py:117} INFO - [2023-01-20T23:40:39.195+0000] {dag.py:3328} INFO - Setting next_dagrun for example_external_task_marker_parent to None, run_after=None
[2023-01-20T23:40:39.206+0000] {processor.py:178} INFO - Processing /home/airflow/.local/lib/python3.7/site-packages/airflow/example_dags/example_external_task_marker_dag.py took 0.380 seconds
[2023-01-20T23:41:09.548+0000] {processor.py:156} INFO - Started process (PID=185) to work on /home/airflow/.local/lib/python3.7/site-packages/airflow/example_dags/example_external_task_marker_dag.py
[2023-01-20T23:41:09.549+0000] {processor.py:758} INFO - Processing file /home/airflow/.local/lib/python3.7/site-packages/airflow/example_dags/example_external_task_marker_dag.py for tasks to queue
[2023-01-20T23:41:09.550+0000] {logging_mixin.py:117} INFO - [2023-01-20T23:41:09.550+0000] {dagbag.py:525} INFO - Filling up the DagBag from /home/airflow/.local/lib/python3.7/site-packages/airflow/example_dags/example_external_task_marker_dag.py
[2023-01-20T23:41:09.673+0000] {processor.py:768} INFO - DAG(s) dict_keys(['example_external_task_marker_parent', 'example_external_task_marker_child']) retrieved from /home/airflow/.local/lib/python3.7/site-packages/airflow/example_dags/example_external_task_marker_dag.py
[2023-01-20T23:41:09.772+0000] {logging_mixin.py:117} INFO - [2023-01-20T23:41:09.772+0000] {dag.py:2573} INFO - Sync 2 DAGs
[2023-01-20T23:41:09.785+0000] {logging_mixin.py:117} INFO - [2023-01-20T23:41:09.784+0000] {dag.py:3328} INFO - Setting next_dagrun for example_external_task_marker_child to None, run_after=None
[2023-01-20T23:41:09.787+0000] {logging_mixin.py:117} INFO - [2023-01-20T23:41:09.787+0000] {dag.py:3328} INFO - Setting next_dagrun for example_external_task_marker_parent to None, run_after=None
[2023-01-20T23:41:09.795+0000] {processor.py:178} INFO - Processing /home/airflow/.local/lib/python3.7/site-packages/airflow/example_dags/example_external_task_marker_dag.py took 0.251 seconds
[2023-01-20T23:41:40.295+0000] {processor.py:156} INFO - Started process (PID=248) to work on /home/airflow/.local/lib/python3.7/site-packages/airflow/example_dags/example_external_task_marker_dag.py
[2023-01-20T23:41:40.296+0000] {processor.py:758} INFO - Processing file /home/airflow/.local/lib/python3.7/site-packages/airflow/example_dags/example_external_task_marker_dag.py for tasks to queue
[2023-01-20T23:41:40.297+0000] {logging_mixin.py:117} INFO - [2023-01-20T23:41:40.297+0000] {dagbag.py:525} INFO - Filling up the DagBag from /home/airflow/.local/lib/python3.7/site-packages/airflow/example_dags/example_external_task_marker_dag.py
[2023-01-20T23:41:40.310+0000] {processor.py:768} INFO - DAG(s) dict_keys(['example_external_task_marker_parent', 'example_external_task_marker_child']) retrieved from /home/airflow/.local/lib/python3.7/site-packages/airflow/example_dags/example_external_task_marker_dag.py
[2023-01-20T23:41:40.431+0000] {logging_mixin.py:117} INFO - [2023-01-20T23:41:40.431+0000] {dag.py:2573} INFO - Sync 2 DAGs
[2023-01-20T23:41:40.448+0000] {logging_mixin.py:117} INFO - [2023-01-20T23:41:40.448+0000] {dag.py:3328} INFO - Setting next_dagrun for example_external_task_marker_child to None, run_after=None
[2023-01-20T23:41:40.451+0000] {logging_mixin.py:117} INFO - [2023-01-20T23:41:40.451+0000] {dag.py:3328} INFO - Setting next_dagrun for example_external_task_marker_parent to None, run_after=None
[2023-01-20T23:41:40.464+0000] {processor.py:178} INFO - Processing /home/airflow/.local/lib/python3.7/site-packages/airflow/example_dags/example_external_task_marker_dag.py took 0.171 seconds
[2023-01-20T23:42:10.814+0000] {processor.py:156} INFO - Started process (PID=311) to work on /home/airflow/.local/lib/python3.7/site-packages/airflow/example_dags/example_external_task_marker_dag.py
[2023-01-20T23:42:10.815+0000] {processor.py:758} INFO - Processing file /home/airflow/.local/lib/python3.7/site-packages/airflow/example_dags/example_external_task_marker_dag.py for tasks to queue
[2023-01-20T23:42:10.816+0000] {logging_mixin.py:117} INFO - [2023-01-20T23:42:10.816+0000] {dagbag.py:525} INFO - Filling up the DagBag from /home/airflow/.local/lib/python3.7/site-packages/airflow/example_dags/example_external_task_marker_dag.py
[2023-01-20T23:42:10.827+0000] {processor.py:768} INFO - DAG(s) dict_keys(['example_external_task_marker_parent', 'example_external_task_marker_child']) retrieved from /home/airflow/.local/lib/python3.7/site-packages/airflow/example_dags/example_external_task_marker_dag.py
[2023-01-20T23:42:10.930+0000] {logging_mixin.py:117} INFO - [2023-01-20T23:42:10.929+0000] {dag.py:2573} INFO - Sync 2 DAGs
[2023-01-20T23:42:10.944+0000] {logging_mixin.py:117} INFO - [2023-01-20T23:42:10.944+0000] {dag.py:3328} INFO - Setting next_dagrun for example_external_task_marker_child to None, run_after=None
[2023-01-20T23:42:10.949+0000] {logging_mixin.py:117} INFO - [2023-01-20T23:42:10.949+0000] {dag.py:3328} INFO - Setting next_dagrun for example_external_task_marker_parent to None, run_after=None
[2023-01-20T23:42:10.959+0000] {processor.py:178} INFO - Processing /home/airflow/.local/lib/python3.7/site-packages/airflow/example_dags/example_external_task_marker_dag.py took 0.148 seconds
[2023-01-20T23:42:41.580+0000] {processor.py:156} INFO - Started process (PID=374) to work on /home/airflow/.local/lib/python3.7/site-packages/airflow/example_dags/example_external_task_marker_dag.py
[2023-01-20T23:42:41.582+0000] {processor.py:758} INFO - Processing file /home/airflow/.local/lib/python3.7/site-packages/airflow/example_dags/example_external_task_marker_dag.py for tasks to queue
[2023-01-20T23:42:41.583+0000] {logging_mixin.py:117} INFO - [2023-01-20T23:42:41.583+0000] {dagbag.py:525} INFO - Filling up the DagBag from /home/airflow/.local/lib/python3.7/site-packages/airflow/example_dags/example_external_task_marker_dag.py
[2023-01-20T23:42:41.594+0000] {processor.py:768} INFO - DAG(s) dict_keys(['example_external_task_marker_child', 'example_external_task_marker_parent']) retrieved from /home/airflow/.local/lib/python3.7/site-packages/airflow/example_dags/example_external_task_marker_dag.py
[2023-01-20T23:42:41.700+0000] {logging_mixin.py:117} INFO - [2023-01-20T23:42:41.700+0000] {dag.py:2573} INFO - Sync 2 DAGs
[2023-01-20T23:42:41.715+0000] {logging_mixin.py:117} INFO - [2023-01-20T23:42:41.715+0000] {dag.py:3328} INFO - Setting next_dagrun for example_external_task_marker_child to None, run_after=None
[2023-01-20T23:42:41.718+0000] {logging_mixin.py:117} INFO - [2023-01-20T23:42:41.718+0000] {dag.py:3328} INFO - Setting next_dagrun for example_external_task_marker_parent to None, run_after=None
[2023-01-20T23:42:41.727+0000] {processor.py:178} INFO - Processing /home/airflow/.local/lib/python3.7/site-packages/airflow/example_dags/example_external_task_marker_dag.py took 0.150 seconds
[2023-01-20T23:43:12.014+0000] {processor.py:156} INFO - Started process (PID=438) to work on /home/airflow/.local/lib/python3.7/site-packages/airflow/example_dags/example_external_task_marker_dag.py
[2023-01-20T23:43:12.016+0000] {processor.py:758} INFO - Processing file /home/airflow/.local/lib/python3.7/site-packages/airflow/example_dags/example_external_task_marker_dag.py for tasks to queue
[2023-01-20T23:43:12.017+0000] {logging_mixin.py:117} INFO - [2023-01-20T23:43:12.017+0000] {dagbag.py:525} INFO - Filling up the DagBag from /home/airflow/.local/lib/python3.7/site-packages/airflow/example_dags/example_external_task_marker_dag.py
[2023-01-20T23:43:12.045+0000] {processor.py:768} INFO - DAG(s) dict_keys(['example_external_task_marker_child', 'example_external_task_marker_parent']) retrieved from /home/airflow/.local/lib/python3.7/site-packages/airflow/example_dags/example_external_task_marker_dag.py
[2023-01-20T23:43:12.604+0000] {logging_mixin.py:117} INFO - [2023-01-20T23:43:12.604+0000] {dag.py:2573} INFO - Sync 2 DAGs
[2023-01-20T23:43:12.624+0000] {logging_mixin.py:117} INFO - [2023-01-20T23:43:12.624+0000] {dag.py:3328} INFO - Setting next_dagrun for example_external_task_marker_child to None, run_after=None
[2023-01-20T23:43:12.627+0000] {logging_mixin.py:117} INFO - [2023-01-20T23:43:12.626+0000] {dag.py:3328} INFO - Setting next_dagrun for example_external_task_marker_parent to None, run_after=None
[2023-01-20T23:43:12.652+0000] {processor.py:178} INFO - Processing /home/airflow/.local/lib/python3.7/site-packages/airflow/example_dags/example_external_task_marker_dag.py took 0.642 seconds
[2023-01-20T23:43:43.238+0000] {processor.py:156} INFO - Started process (PID=501) to work on /home/airflow/.local/lib/python3.7/site-packages/airflow/example_dags/example_external_task_marker_dag.py
[2023-01-20T23:43:43.240+0000] {processor.py:758} INFO - Processing file /home/airflow/.local/lib/python3.7/site-packages/airflow/example_dags/example_external_task_marker_dag.py for tasks to queue
[2023-01-20T23:43:43.241+0000] {logging_mixin.py:117} INFO - [2023-01-20T23:43:43.241+0000] {dagbag.py:525} INFO - Filling up the DagBag from /home/airflow/.local/lib/python3.7/site-packages/airflow/example_dags/example_external_task_marker_dag.py
[2023-01-20T23:43:43.259+0000] {processor.py:768} INFO - DAG(s) dict_keys(['example_external_task_marker_child', 'example_external_task_marker_parent']) retrieved from /home/airflow/.local/lib/python3.7/site-packages/airflow/example_dags/example_external_task_marker_dag.py
[2023-01-20T23:43:43.360+0000] {logging_mixin.py:117} INFO - [2023-01-20T23:43:43.360+0000] {dag.py:2573} INFO - Sync 2 DAGs
[2023-01-20T23:43:43.375+0000] {logging_mixin.py:117} INFO - [2023-01-20T23:43:43.375+0000] {dag.py:3328} INFO - Setting next_dagrun for example_external_task_marker_child to None, run_after=None
[2023-01-20T23:43:43.377+0000] {logging_mixin.py:117} INFO - [2023-01-20T23:43:43.377+0000] {dag.py:3328} INFO - Setting next_dagrun for example_external_task_marker_parent to None, run_after=None
[2023-01-20T23:43:43.386+0000] {processor.py:178} INFO - Processing /home/airflow/.local/lib/python3.7/site-packages/airflow/example_dags/example_external_task_marker_dag.py took 0.157 seconds
[2023-01-20T23:44:13.680+0000] {processor.py:156} INFO - Started process (PID=555) to work on /home/airflow/.local/lib/python3.7/site-packages/airflow/example_dags/example_external_task_marker_dag.py
[2023-01-20T23:44:13.682+0000] {processor.py:758} INFO - Processing file /home/airflow/.local/lib/python3.7/site-packages/airflow/example_dags/example_external_task_marker_dag.py for tasks to queue
[2023-01-20T23:44:13.683+0000] {logging_mixin.py:117} INFO - [2023-01-20T23:44:13.683+0000] {dagbag.py:525} INFO - Filling up the DagBag from /home/airflow/.local/lib/python3.7/site-packages/airflow/example_dags/example_external_task_marker_dag.py
[2023-01-20T23:44:13.698+0000] {processor.py:768} INFO - DAG(s) dict_keys(['example_external_task_marker_parent', 'example_external_task_marker_child']) retrieved from /home/airflow/.local/lib/python3.7/site-packages/airflow/example_dags/example_external_task_marker_dag.py
[2023-01-20T23:44:13.809+0000] {logging_mixin.py:117} INFO - [2023-01-20T23:44:13.809+0000] {dag.py:2573} INFO - Sync 2 DAGs
[2023-01-20T23:44:13.825+0000] {logging_mixin.py:117} INFO - [2023-01-20T23:44:13.825+0000] {dag.py:3328} INFO - Setting next_dagrun for example_external_task_marker_child to None, run_after=None
[2023-01-20T23:44:13.828+0000] {logging_mixin.py:117} INFO - [2023-01-20T23:44:13.828+0000] {dag.py:3328} INFO - Setting next_dagrun for example_external_task_marker_parent to None, run_after=None
[2023-01-20T23:44:13.838+0000] {processor.py:178} INFO - Processing /home/airflow/.local/lib/python3.7/site-packages/airflow/example_dags/example_external_task_marker_dag.py took 0.163 seconds
[2023-01-20T23:44:44.031+0000] {processor.py:156} INFO - Started process (PID=618) to work on /home/airflow/.local/lib/python3.7/site-packages/airflow/example_dags/example_external_task_marker_dag.py
[2023-01-20T23:44:44.034+0000] {processor.py:758} INFO - Processing file /home/airflow/.local/lib/python3.7/site-packages/airflow/example_dags/example_external_task_marker_dag.py for tasks to queue
[2023-01-20T23:44:44.036+0000] {logging_mixin.py:117} INFO - [2023-01-20T23:44:44.036+0000] {dagbag.py:525} INFO - Filling up the DagBag from /home/airflow/.local/lib/python3.7/site-packages/airflow/example_dags/example_external_task_marker_dag.py
[2023-01-20T23:44:44.052+0000] {processor.py:768} INFO - DAG(s) dict_keys(['example_external_task_marker_parent', 'example_external_task_marker_child']) retrieved from /home/airflow/.local/lib/python3.7/site-packages/airflow/example_dags/example_external_task_marker_dag.py
[2023-01-20T23:44:44.158+0000] {logging_mixin.py:117} INFO - [2023-01-20T23:44:44.158+0000] {dag.py:2573} INFO - Sync 2 DAGs
[2023-01-20T23:44:44.173+0000] {logging_mixin.py:117} INFO - [2023-01-20T23:44:44.173+0000] {dag.py:3328} INFO - Setting next_dagrun for example_external_task_marker_child to None, run_after=None
[2023-01-20T23:44:44.175+0000] {logging_mixin.py:117} INFO - [2023-01-20T23:44:44.175+0000] {dag.py:3328} INFO - Setting next_dagrun for example_external_task_marker_parent to None, run_after=None
[2023-01-20T23:44:44.184+0000] {processor.py:178} INFO - Processing /home/airflow/.local/lib/python3.7/site-packages/airflow/example_dags/example_external_task_marker_dag.py took 0.161 seconds
[2023-01-20T23:45:14.430+0000] {processor.py:156} INFO - Started process (PID=681) to work on /home/airflow/.local/lib/python3.7/site-packages/airflow/example_dags/example_external_task_marker_dag.py
[2023-01-20T23:45:14.432+0000] {processor.py:758} INFO - Processing file /home/airflow/.local/lib/python3.7/site-packages/airflow/example_dags/example_external_task_marker_dag.py for tasks to queue
[2023-01-20T23:45:14.434+0000] {logging_mixin.py:117} INFO - [2023-01-20T23:45:14.433+0000] {dagbag.py:525} INFO - Filling up the DagBag from /home/airflow/.local/lib/python3.7/site-packages/airflow/example_dags/example_external_task_marker_dag.py
[2023-01-20T23:45:14.450+0000] {processor.py:768} INFO - DAG(s) dict_keys(['example_external_task_marker_parent', 'example_external_task_marker_child']) retrieved from /home/airflow/.local/lib/python3.7/site-packages/airflow/example_dags/example_external_task_marker_dag.py
[2023-01-20T23:45:14.551+0000] {logging_mixin.py:117} INFO - [2023-01-20T23:45:14.551+0000] {dag.py:2573} INFO - Sync 2 DAGs
[2023-01-20T23:45:14.566+0000] {logging_mixin.py:117} INFO - [2023-01-20T23:45:14.566+0000] {dag.py:3328} INFO - Setting next_dagrun for example_external_task_marker_child to None, run_after=None
[2023-01-20T23:45:14.568+0000] {logging_mixin.py:117} INFO - [2023-01-20T23:45:14.568+0000] {dag.py:3328} INFO - Setting next_dagrun for example_external_task_marker_parent to None, run_after=None
[2023-01-20T23:45:14.577+0000] {processor.py:178} INFO - Processing /home/airflow/.local/lib/python3.7/site-packages/airflow/example_dags/example_external_task_marker_dag.py took 0.153 seconds
[2023-01-20T23:45:44.686+0000] {processor.py:156} INFO - Started process (PID=744) to work on /home/airflow/.local/lib/python3.7/site-packages/airflow/example_dags/example_external_task_marker_dag.py
[2023-01-20T23:45:44.688+0000] {processor.py:758} INFO - Processing file /home/airflow/.local/lib/python3.7/site-packages/airflow/example_dags/example_external_task_marker_dag.py for tasks to queue
[2023-01-20T23:45:44.690+0000] {logging_mixin.py:117} INFO - [2023-01-20T23:45:44.690+0000] {dagbag.py:525} INFO - Filling up the DagBag from /home/airflow/.local/lib/python3.7/site-packages/airflow/example_dags/example_external_task_marker_dag.py
[2023-01-20T23:45:44.708+0000] {processor.py:768} INFO - DAG(s) dict_keys(['example_external_task_marker_parent', 'example_external_task_marker_child']) retrieved from /home/airflow/.local/lib/python3.7/site-packages/airflow/example_dags/example_external_task_marker_dag.py
[2023-01-20T23:45:44.812+0000] {logging_mixin.py:117} INFO - [2023-01-20T23:45:44.812+0000] {dag.py:2573} INFO - Sync 2 DAGs
[2023-01-20T23:45:44.827+0000] {logging_mixin.py:117} INFO - [2023-01-20T23:45:44.826+0000] {dag.py:3328} INFO - Setting next_dagrun for example_external_task_marker_child to None, run_after=None
[2023-01-20T23:45:44.830+0000] {logging_mixin.py:117} INFO - [2023-01-20T23:45:44.830+0000] {dag.py:3328} INFO - Setting next_dagrun for example_external_task_marker_parent to None, run_after=None
[2023-01-20T23:45:44.860+0000] {processor.py:178} INFO - Processing /home/airflow/.local/lib/python3.7/site-packages/airflow/example_dags/example_external_task_marker_dag.py took 0.181 seconds
[2023-01-20T23:46:15.071+0000] {processor.py:156} INFO - Started process (PID=807) to work on /home/airflow/.local/lib/python3.7/site-packages/airflow/example_dags/example_external_task_marker_dag.py
[2023-01-20T23:46:15.073+0000] {processor.py:758} INFO - Processing file /home/airflow/.local/lib/python3.7/site-packages/airflow/example_dags/example_external_task_marker_dag.py for tasks to queue
[2023-01-20T23:46:15.075+0000] {logging_mixin.py:117} INFO - [2023-01-20T23:46:15.075+0000] {dagbag.py:525} INFO - Filling up the DagBag from /home/airflow/.local/lib/python3.7/site-packages/airflow/example_dags/example_external_task_marker_dag.py
[2023-01-20T23:46:15.092+0000] {processor.py:768} INFO - DAG(s) dict_keys(['example_external_task_marker_child', 'example_external_task_marker_parent']) retrieved from /home/airflow/.local/lib/python3.7/site-packages/airflow/example_dags/example_external_task_marker_dag.py
[2023-01-20T23:46:15.198+0000] {logging_mixin.py:117} INFO - [2023-01-20T23:46:15.198+0000] {dag.py:2573} INFO - Sync 2 DAGs
[2023-01-20T23:46:15.212+0000] {logging_mixin.py:117} INFO - [2023-01-20T23:46:15.212+0000] {dag.py:3328} INFO - Setting next_dagrun for example_external_task_marker_child to None, run_after=None
[2023-01-20T23:46:15.215+0000] {logging_mixin.py:117} INFO - [2023-01-20T23:46:15.215+0000] {dag.py:3328} INFO - Setting next_dagrun for example_external_task_marker_parent to None, run_after=None
[2023-01-20T23:46:15.224+0000] {processor.py:178} INFO - Processing /home/airflow/.local/lib/python3.7/site-packages/airflow/example_dags/example_external_task_marker_dag.py took 0.158 seconds
[2023-01-20T23:46:45.499+0000] {processor.py:156} INFO - Started process (PID=870) to work on /home/airflow/.local/lib/python3.7/site-packages/airflow/example_dags/example_external_task_marker_dag.py
[2023-01-20T23:46:45.500+0000] {processor.py:758} INFO - Processing file /home/airflow/.local/lib/python3.7/site-packages/airflow/example_dags/example_external_task_marker_dag.py for tasks to queue
[2023-01-20T23:46:45.501+0000] {logging_mixin.py:117} INFO - [2023-01-20T23:46:45.501+0000] {dagbag.py:525} INFO - Filling up the DagBag from /home/airflow/.local/lib/python3.7/site-packages/airflow/example_dags/example_external_task_marker_dag.py
[2023-01-20T23:46:45.518+0000] {processor.py:768} INFO - DAG(s) dict_keys(['example_external_task_marker_parent', 'example_external_task_marker_child']) retrieved from /home/airflow/.local/lib/python3.7/site-packages/airflow/example_dags/example_external_task_marker_dag.py
[2023-01-20T23:46:45.671+0000] {logging_mixin.py:117} INFO - [2023-01-20T23:46:45.670+0000] {dag.py:2573} INFO - Sync 2 DAGs
[2023-01-20T23:46:45.688+0000] {logging_mixin.py:117} INFO - [2023-01-20T23:46:45.688+0000] {dag.py:3328} INFO - Setting next_dagrun for example_external_task_marker_child to None, run_after=None
[2023-01-20T23:46:45.691+0000] {logging_mixin.py:117} INFO - [2023-01-20T23:46:45.691+0000] {dag.py:3328} INFO - Setting next_dagrun for example_external_task_marker_parent to None, run_after=None
[2023-01-20T23:46:45.704+0000] {processor.py:178} INFO - Processing /home/airflow/.local/lib/python3.7/site-packages/airflow/example_dags/example_external_task_marker_dag.py took 0.210 seconds
[2023-01-20T23:47:16.057+0000] {processor.py:156} INFO - Started process (PID=924) to work on /home/airflow/.local/lib/python3.7/site-packages/airflow/example_dags/example_external_task_marker_dag.py
[2023-01-20T23:47:16.060+0000] {processor.py:758} INFO - Processing file /home/airflow/.local/lib/python3.7/site-packages/airflow/example_dags/example_external_task_marker_dag.py for tasks to queue
[2023-01-20T23:47:16.061+0000] {logging_mixin.py:117} INFO - [2023-01-20T23:47:16.061+0000] {dagbag.py:525} INFO - Filling up the DagBag from /home/airflow/.local/lib/python3.7/site-packages/airflow/example_dags/example_external_task_marker_dag.py
[2023-01-20T23:47:16.085+0000] {processor.py:768} INFO - DAG(s) dict_keys(['example_external_task_marker_parent', 'example_external_task_marker_child']) retrieved from /home/airflow/.local/lib/python3.7/site-packages/airflow/example_dags/example_external_task_marker_dag.py
[2023-01-20T23:47:16.210+0000] {logging_mixin.py:117} INFO - [2023-01-20T23:47:16.209+0000] {dag.py:2573} INFO - Sync 2 DAGs
[2023-01-20T23:47:16.225+0000] {logging_mixin.py:117} INFO - [2023-01-20T23:47:16.225+0000] {dag.py:3328} INFO - Setting next_dagrun for example_external_task_marker_child to None, run_after=None
[2023-01-20T23:47:16.227+0000] {logging_mixin.py:117} INFO - [2023-01-20T23:47:16.227+0000] {dag.py:3328} INFO - Setting next_dagrun for example_external_task_marker_parent to None, run_after=None
[2023-01-20T23:47:16.238+0000] {processor.py:178} INFO - Processing /home/airflow/.local/lib/python3.7/site-packages/airflow/example_dags/example_external_task_marker_dag.py took 0.186 seconds
[2023-01-20T23:47:46.583+0000] {processor.py:156} INFO - Started process (PID=987) to work on /home/airflow/.local/lib/python3.7/site-packages/airflow/example_dags/example_external_task_marker_dag.py
[2023-01-20T23:47:46.586+0000] {processor.py:758} INFO - Processing file /home/airflow/.local/lib/python3.7/site-packages/airflow/example_dags/example_external_task_marker_dag.py for tasks to queue
[2023-01-20T23:47:46.589+0000] {logging_mixin.py:117} INFO - [2023-01-20T23:47:46.589+0000] {dagbag.py:525} INFO - Filling up the DagBag from /home/airflow/.local/lib/python3.7/site-packages/airflow/example_dags/example_external_task_marker_dag.py
[2023-01-20T23:47:46.605+0000] {processor.py:768} INFO - DAG(s) dict_keys(['example_external_task_marker_child', 'example_external_task_marker_parent']) retrieved from /home/airflow/.local/lib/python3.7/site-packages/airflow/example_dags/example_external_task_marker_dag.py
[2023-01-20T23:47:46.729+0000] {logging_mixin.py:117} INFO - [2023-01-20T23:47:46.729+0000] {dag.py:2573} INFO - Sync 2 DAGs
[2023-01-20T23:47:46.743+0000] {logging_mixin.py:117} INFO - [2023-01-20T23:47:46.743+0000] {dag.py:3328} INFO - Setting next_dagrun for example_external_task_marker_child to None, run_after=None
[2023-01-20T23:47:46.746+0000] {logging_mixin.py:117} INFO - [2023-01-20T23:47:46.745+0000] {dag.py:3328} INFO - Setting next_dagrun for example_external_task_marker_parent to None, run_after=None
[2023-01-20T23:47:46.755+0000] {processor.py:178} INFO - Processing /home/airflow/.local/lib/python3.7/site-packages/airflow/example_dags/example_external_task_marker_dag.py took 0.179 seconds
[2023-01-20T23:48:17.013+0000] {processor.py:156} INFO - Started process (PID=1049) to work on /home/airflow/.local/lib/python3.7/site-packages/airflow/example_dags/example_external_task_marker_dag.py
[2023-01-20T23:48:17.015+0000] {processor.py:758} INFO - Processing file /home/airflow/.local/lib/python3.7/site-packages/airflow/example_dags/example_external_task_marker_dag.py for tasks to queue
[2023-01-20T23:48:17.016+0000] {logging_mixin.py:117} INFO - [2023-01-20T23:48:17.016+0000] {dagbag.py:525} INFO - Filling up the DagBag from /home/airflow/.local/lib/python3.7/site-packages/airflow/example_dags/example_external_task_marker_dag.py
[2023-01-20T23:48:17.031+0000] {processor.py:768} INFO - DAG(s) dict_keys(['example_external_task_marker_child', 'example_external_task_marker_parent']) retrieved from /home/airflow/.local/lib/python3.7/site-packages/airflow/example_dags/example_external_task_marker_dag.py
[2023-01-20T23:48:17.132+0000] {logging_mixin.py:117} INFO - [2023-01-20T23:48:17.132+0000] {dag.py:2573} INFO - Sync 2 DAGs
[2023-01-20T23:48:17.149+0000] {logging_mixin.py:117} INFO - [2023-01-20T23:48:17.149+0000] {dag.py:3328} INFO - Setting next_dagrun for example_external_task_marker_child to None, run_after=None
[2023-01-20T23:48:17.151+0000] {logging_mixin.py:117} INFO - [2023-01-20T23:48:17.151+0000] {dag.py:3328} INFO - Setting next_dagrun for example_external_task_marker_parent to None, run_after=None
[2023-01-20T23:48:17.161+0000] {processor.py:178} INFO - Processing /home/airflow/.local/lib/python3.7/site-packages/airflow/example_dags/example_external_task_marker_dag.py took 0.154 seconds
[2023-01-20T23:48:47.391+0000] {processor.py:156} INFO - Started process (PID=1112) to work on /home/airflow/.local/lib/python3.7/site-packages/airflow/example_dags/example_external_task_marker_dag.py
[2023-01-20T23:48:47.393+0000] {processor.py:758} INFO - Processing file /home/airflow/.local/lib/python3.7/site-packages/airflow/example_dags/example_external_task_marker_dag.py for tasks to queue
[2023-01-20T23:48:47.394+0000] {logging_mixin.py:117} INFO - [2023-01-20T23:48:47.394+0000] {dagbag.py:525} INFO - Filling up the DagBag from /home/airflow/.local/lib/python3.7/site-packages/airflow/example_dags/example_external_task_marker_dag.py
[2023-01-20T23:48:47.406+0000] {processor.py:768} INFO - DAG(s) dict_keys(['example_external_task_marker_child', 'example_external_task_marker_parent']) retrieved from /home/airflow/.local/lib/python3.7/site-packages/airflow/example_dags/example_external_task_marker_dag.py
[2023-01-20T23:48:47.509+0000] {logging_mixin.py:117} INFO - [2023-01-20T23:48:47.509+0000] {dag.py:2573} INFO - Sync 2 DAGs
[2023-01-20T23:48:47.526+0000] {logging_mixin.py:117} INFO - [2023-01-20T23:48:47.525+0000] {dag.py:3328} INFO - Setting next_dagrun for example_external_task_marker_child to None, run_after=None
[2023-01-20T23:48:47.530+0000] {logging_mixin.py:117} INFO - [2023-01-20T23:48:47.530+0000] {dag.py:3328} INFO - Setting next_dagrun for example_external_task_marker_parent to None, run_after=None
[2023-01-20T23:48:47.548+0000] {processor.py:178} INFO - Processing /home/airflow/.local/lib/python3.7/site-packages/airflow/example_dags/example_external_task_marker_dag.py took 0.159 seconds
[2023-01-20T23:49:17.736+0000] {processor.py:156} INFO - Started process (PID=1175) to work on /home/airflow/.local/lib/python3.7/site-packages/airflow/example_dags/example_external_task_marker_dag.py
[2023-01-20T23:49:17.739+0000] {processor.py:758} INFO - Processing file /home/airflow/.local/lib/python3.7/site-packages/airflow/example_dags/example_external_task_marker_dag.py for tasks to queue
[2023-01-20T23:49:17.740+0000] {logging_mixin.py:117} INFO - [2023-01-20T23:49:17.740+0000] {dagbag.py:525} INFO - Filling up the DagBag from /home/airflow/.local/lib/python3.7/site-packages/airflow/example_dags/example_external_task_marker_dag.py
[2023-01-20T23:49:17.758+0000] {processor.py:768} INFO - DAG(s) dict_keys(['example_external_task_marker_parent', 'example_external_task_marker_child']) retrieved from /home/airflow/.local/lib/python3.7/site-packages/airflow/example_dags/example_external_task_marker_dag.py
[2023-01-20T23:49:17.867+0000] {logging_mixin.py:117} INFO - [2023-01-20T23:49:17.867+0000] {dag.py:2573} INFO - Sync 2 DAGs
[2023-01-20T23:49:17.881+0000] {logging_mixin.py:117} INFO - [2023-01-20T23:49:17.880+0000] {dag.py:3328} INFO - Setting next_dagrun for example_external_task_marker_child to None, run_after=None
[2023-01-20T23:49:17.883+0000] {logging_mixin.py:117} INFO - [2023-01-20T23:49:17.883+0000] {dag.py:3328} INFO - Setting next_dagrun for example_external_task_marker_parent to None, run_after=None
[2023-01-20T23:49:17.893+0000] {processor.py:178} INFO - Processing /home/airflow/.local/lib/python3.7/site-packages/airflow/example_dags/example_external_task_marker_dag.py took 0.164 seconds
[2023-01-20T23:49:48.089+0000] {processor.py:156} INFO - Started process (PID=1238) to work on /home/airflow/.local/lib/python3.7/site-packages/airflow/example_dags/example_external_task_marker_dag.py
[2023-01-20T23:49:48.092+0000] {processor.py:758} INFO - Processing file /home/airflow/.local/lib/python3.7/site-packages/airflow/example_dags/example_external_task_marker_dag.py for tasks to queue
[2023-01-20T23:49:48.093+0000] {logging_mixin.py:117} INFO - [2023-01-20T23:49:48.093+0000] {dagbag.py:525} INFO - Filling up the DagBag from /home/airflow/.local/lib/python3.7/site-packages/airflow/example_dags/example_external_task_marker_dag.py
[2023-01-20T23:49:48.111+0000] {processor.py:768} INFO - DAG(s) dict_keys(['example_external_task_marker_child', 'example_external_task_marker_parent']) retrieved from /home/airflow/.local/lib/python3.7/site-packages/airflow/example_dags/example_external_task_marker_dag.py
[2023-01-20T23:49:48.220+0000] {logging_mixin.py:117} INFO - [2023-01-20T23:49:48.220+0000] {dag.py:2573} INFO - Sync 2 DAGs
[2023-01-20T23:49:48.238+0000] {logging_mixin.py:117} INFO - [2023-01-20T23:49:48.237+0000] {dag.py:3328} INFO - Setting next_dagrun for example_external_task_marker_child to None, run_after=None
[2023-01-20T23:49:48.240+0000] {logging_mixin.py:117} INFO - [2023-01-20T23:49:48.240+0000] {dag.py:3328} INFO - Setting next_dagrun for example_external_task_marker_parent to None, run_after=None
[2023-01-20T23:49:48.251+0000] {processor.py:178} INFO - Processing /home/airflow/.local/lib/python3.7/site-packages/airflow/example_dags/example_external_task_marker_dag.py took 0.168 seconds
[2023-01-20T23:50:18.444+0000] {processor.py:156} INFO - Started process (PID=1292) to work on /home/airflow/.local/lib/python3.7/site-packages/airflow/example_dags/example_external_task_marker_dag.py
[2023-01-20T23:50:18.447+0000] {processor.py:758} INFO - Processing file /home/airflow/.local/lib/python3.7/site-packages/airflow/example_dags/example_external_task_marker_dag.py for tasks to queue
[2023-01-20T23:50:18.448+0000] {logging_mixin.py:117} INFO - [2023-01-20T23:50:18.448+0000] {dagbag.py:525} INFO - Filling up the DagBag from /home/airflow/.local/lib/python3.7/site-packages/airflow/example_dags/example_external_task_marker_dag.py
[2023-01-20T23:50:18.466+0000] {processor.py:768} INFO - DAG(s) dict_keys(['example_external_task_marker_child', 'example_external_task_marker_parent']) retrieved from /home/airflow/.local/lib/python3.7/site-packages/airflow/example_dags/example_external_task_marker_dag.py
[2023-01-20T23:50:18.574+0000] {logging_mixin.py:117} INFO - [2023-01-20T23:50:18.574+0000] {dag.py:2573} INFO - Sync 2 DAGs
[2023-01-20T23:50:18.589+0000] {logging_mixin.py:117} INFO - [2023-01-20T23:50:18.589+0000] {dag.py:3328} INFO - Setting next_dagrun for example_external_task_marker_child to None, run_after=None
[2023-01-20T23:50:18.591+0000] {logging_mixin.py:117} INFO - [2023-01-20T23:50:18.591+0000] {dag.py:3328} INFO - Setting next_dagrun for example_external_task_marker_parent to None, run_after=None
[2023-01-20T23:50:18.601+0000] {processor.py:178} INFO - Processing /home/airflow/.local/lib/python3.7/site-packages/airflow/example_dags/example_external_task_marker_dag.py took 0.163 seconds
[2023-01-20T23:50:48.735+0000] {processor.py:156} INFO - Started process (PID=1355) to work on /home/airflow/.local/lib/python3.7/site-packages/airflow/example_dags/example_external_task_marker_dag.py
[2023-01-20T23:50:48.738+0000] {processor.py:758} INFO - Processing file /home/airflow/.local/lib/python3.7/site-packages/airflow/example_dags/example_external_task_marker_dag.py for tasks to queue
[2023-01-20T23:50:48.739+0000] {logging_mixin.py:117} INFO - [2023-01-20T23:50:48.739+0000] {dagbag.py:525} INFO - Filling up the DagBag from /home/airflow/.local/lib/python3.7/site-packages/airflow/example_dags/example_external_task_marker_dag.py
[2023-01-20T23:50:48.757+0000] {processor.py:768} INFO - DAG(s) dict_keys(['example_external_task_marker_child', 'example_external_task_marker_parent']) retrieved from /home/airflow/.local/lib/python3.7/site-packages/airflow/example_dags/example_external_task_marker_dag.py
[2023-01-20T23:50:48.858+0000] {logging_mixin.py:117} INFO - [2023-01-20T23:50:48.858+0000] {dag.py:2573} INFO - Sync 2 DAGs
[2023-01-20T23:50:48.877+0000] {logging_mixin.py:117} INFO - [2023-01-20T23:50:48.876+0000] {dag.py:3328} INFO - Setting next_dagrun for example_external_task_marker_child to None, run_after=None
[2023-01-20T23:50:48.881+0000] {logging_mixin.py:117} INFO - [2023-01-20T23:50:48.881+0000] {dag.py:3328} INFO - Setting next_dagrun for example_external_task_marker_parent to None, run_after=None
[2023-01-20T23:50:48.893+0000] {processor.py:178} INFO - Processing /home/airflow/.local/lib/python3.7/site-packages/airflow/example_dags/example_external_task_marker_dag.py took 0.164 seconds
[2023-01-20T23:51:19.136+0000] {processor.py:156} INFO - Started process (PID=1418) to work on /home/airflow/.local/lib/python3.7/site-packages/airflow/example_dags/example_external_task_marker_dag.py
[2023-01-20T23:51:19.138+0000] {processor.py:758} INFO - Processing file /home/airflow/.local/lib/python3.7/site-packages/airflow/example_dags/example_external_task_marker_dag.py for tasks to queue
[2023-01-20T23:51:19.139+0000] {logging_mixin.py:117} INFO - [2023-01-20T23:51:19.139+0000] {dagbag.py:525} INFO - Filling up the DagBag from /home/airflow/.local/lib/python3.7/site-packages/airflow/example_dags/example_external_task_marker_dag.py
[2023-01-20T23:51:19.155+0000] {processor.py:768} INFO - DAG(s) dict_keys(['example_external_task_marker_child', 'example_external_task_marker_parent']) retrieved from /home/airflow/.local/lib/python3.7/site-packages/airflow/example_dags/example_external_task_marker_dag.py
[2023-01-20T23:51:19.291+0000] {logging_mixin.py:117} INFO - [2023-01-20T23:51:19.291+0000] {dag.py:2573} INFO - Sync 2 DAGs
[2023-01-20T23:51:19.308+0000] {logging_mixin.py:117} INFO - [2023-01-20T23:51:19.308+0000] {dag.py:3328} INFO - Setting next_dagrun for example_external_task_marker_child to None, run_after=None
[2023-01-20T23:51:19.311+0000] {logging_mixin.py:117} INFO - [2023-01-20T23:51:19.311+0000] {dag.py:3328} INFO - Setting next_dagrun for example_external_task_marker_parent to None, run_after=None
[2023-01-20T23:51:19.322+0000] {processor.py:178} INFO - Processing /home/airflow/.local/lib/python3.7/site-packages/airflow/example_dags/example_external_task_marker_dag.py took 0.191 seconds
[2023-01-20T23:51:49.674+0000] {processor.py:156} INFO - Started process (PID=1482) to work on /home/airflow/.local/lib/python3.7/site-packages/airflow/example_dags/example_external_task_marker_dag.py
[2023-01-20T23:51:49.676+0000] {processor.py:758} INFO - Processing file /home/airflow/.local/lib/python3.7/site-packages/airflow/example_dags/example_external_task_marker_dag.py for tasks to queue
[2023-01-20T23:51:49.677+0000] {logging_mixin.py:117} INFO - [2023-01-20T23:51:49.677+0000] {dagbag.py:525} INFO - Filling up the DagBag from /home/airflow/.local/lib/python3.7/site-packages/airflow/example_dags/example_external_task_marker_dag.py
[2023-01-20T23:51:49.690+0000] {processor.py:768} INFO - DAG(s) dict_keys(['example_external_task_marker_child', 'example_external_task_marker_parent']) retrieved from /home/airflow/.local/lib/python3.7/site-packages/airflow/example_dags/example_external_task_marker_dag.py
[2023-01-20T23:51:49.841+0000] {logging_mixin.py:117} INFO - [2023-01-20T23:51:49.841+0000] {dag.py:2573} INFO - Sync 2 DAGs
[2023-01-20T23:51:49.856+0000] {logging_mixin.py:117} INFO - [2023-01-20T23:51:49.856+0000] {dag.py:3328} INFO - Setting next_dagrun for example_external_task_marker_child to None, run_after=None
[2023-01-20T23:51:49.860+0000] {logging_mixin.py:117} INFO - [2023-01-20T23:51:49.859+0000] {dag.py:3328} INFO - Setting next_dagrun for example_external_task_marker_parent to None, run_after=None
[2023-01-20T23:51:49.872+0000] {processor.py:178} INFO - Processing /home/airflow/.local/lib/python3.7/site-packages/airflow/example_dags/example_external_task_marker_dag.py took 0.201 seconds
[2023-01-20T23:52:20.242+0000] {processor.py:156} INFO - Started process (PID=1545) to work on /home/airflow/.local/lib/python3.7/site-packages/airflow/example_dags/example_external_task_marker_dag.py
[2023-01-20T23:52:20.244+0000] {processor.py:758} INFO - Processing file /home/airflow/.local/lib/python3.7/site-packages/airflow/example_dags/example_external_task_marker_dag.py for tasks to queue
[2023-01-20T23:52:20.245+0000] {logging_mixin.py:117} INFO - [2023-01-20T23:52:20.245+0000] {dagbag.py:525} INFO - Filling up the DagBag from /home/airflow/.local/lib/python3.7/site-packages/airflow/example_dags/example_external_task_marker_dag.py
[2023-01-20T23:52:20.259+0000] {processor.py:768} INFO - DAG(s) dict_keys(['example_external_task_marker_parent', 'example_external_task_marker_child']) retrieved from /home/airflow/.local/lib/python3.7/site-packages/airflow/example_dags/example_external_task_marker_dag.py
[2023-01-20T23:52:20.372+0000] {logging_mixin.py:117} INFO - [2023-01-20T23:52:20.372+0000] {dag.py:2573} INFO - Sync 2 DAGs
[2023-01-20T23:52:20.386+0000] {logging_mixin.py:117} INFO - [2023-01-20T23:52:20.386+0000] {dag.py:3328} INFO - Setting next_dagrun for example_external_task_marker_child to None, run_after=None
[2023-01-20T23:52:20.389+0000] {logging_mixin.py:117} INFO - [2023-01-20T23:52:20.389+0000] {dag.py:3328} INFO - Setting next_dagrun for example_external_task_marker_parent to None, run_after=None
[2023-01-20T23:52:20.399+0000] {processor.py:178} INFO - Processing /home/airflow/.local/lib/python3.7/site-packages/airflow/example_dags/example_external_task_marker_dag.py took 0.162 seconds
[2023-01-20T23:52:50.595+0000] {processor.py:156} INFO - Started process (PID=1608) to work on /home/airflow/.local/lib/python3.7/site-packages/airflow/example_dags/example_external_task_marker_dag.py
[2023-01-20T23:52:50.598+0000] {processor.py:758} INFO - Processing file /home/airflow/.local/lib/python3.7/site-packages/airflow/example_dags/example_external_task_marker_dag.py for tasks to queue
[2023-01-20T23:52:50.600+0000] {logging_mixin.py:117} INFO - [2023-01-20T23:52:50.600+0000] {dagbag.py:525} INFO - Filling up the DagBag from /home/airflow/.local/lib/python3.7/site-packages/airflow/example_dags/example_external_task_marker_dag.py
[2023-01-20T23:52:50.617+0000] {processor.py:768} INFO - DAG(s) dict_keys(['example_external_task_marker_parent', 'example_external_task_marker_child']) retrieved from /home/airflow/.local/lib/python3.7/site-packages/airflow/example_dags/example_external_task_marker_dag.py
[2023-01-20T23:52:50.729+0000] {logging_mixin.py:117} INFO - [2023-01-20T23:52:50.729+0000] {dag.py:2573} INFO - Sync 2 DAGs
[2023-01-20T23:52:50.743+0000] {logging_mixin.py:117} INFO - [2023-01-20T23:52:50.743+0000] {dag.py:3328} INFO - Setting next_dagrun for example_external_task_marker_child to None, run_after=None
[2023-01-20T23:52:50.746+0000] {logging_mixin.py:117} INFO - [2023-01-20T23:52:50.746+0000] {dag.py:3328} INFO - Setting next_dagrun for example_external_task_marker_parent to None, run_after=None
[2023-01-20T23:52:50.756+0000] {processor.py:178} INFO - Processing /home/airflow/.local/lib/python3.7/site-packages/airflow/example_dags/example_external_task_marker_dag.py took 0.167 seconds
[2023-01-20T23:53:21.077+0000] {processor.py:156} INFO - Started process (PID=1662) to work on /home/airflow/.local/lib/python3.7/site-packages/airflow/example_dags/example_external_task_marker_dag.py
[2023-01-20T23:53:21.079+0000] {processor.py:758} INFO - Processing file /home/airflow/.local/lib/python3.7/site-packages/airflow/example_dags/example_external_task_marker_dag.py for tasks to queue
[2023-01-20T23:53:21.080+0000] {logging_mixin.py:117} INFO - [2023-01-20T23:53:21.080+0000] {dagbag.py:525} INFO - Filling up the DagBag from /home/airflow/.local/lib/python3.7/site-packages/airflow/example_dags/example_external_task_marker_dag.py
[2023-01-20T23:53:21.102+0000] {processor.py:768} INFO - DAG(s) dict_keys(['example_external_task_marker_parent', 'example_external_task_marker_child']) retrieved from /home/airflow/.local/lib/python3.7/site-packages/airflow/example_dags/example_external_task_marker_dag.py
[2023-01-20T23:53:21.247+0000] {logging_mixin.py:117} INFO - [2023-01-20T23:53:21.247+0000] {dag.py:2573} INFO - Sync 2 DAGs
[2023-01-20T23:53:21.263+0000] {logging_mixin.py:117} INFO - [2023-01-20T23:53:21.263+0000] {dag.py:3328} INFO - Setting next_dagrun for example_external_task_marker_child to None, run_after=None
[2023-01-20T23:53:21.266+0000] {logging_mixin.py:117} INFO - [2023-01-20T23:53:21.266+0000] {dag.py:3328} INFO - Setting next_dagrun for example_external_task_marker_parent to None, run_after=None
[2023-01-20T23:53:21.278+0000] {processor.py:178} INFO - Processing /home/airflow/.local/lib/python3.7/site-packages/airflow/example_dags/example_external_task_marker_dag.py took 0.207 seconds
[2023-01-20T23:53:51.581+0000] {processor.py:156} INFO - Started process (PID=1726) to work on /home/airflow/.local/lib/python3.7/site-packages/airflow/example_dags/example_external_task_marker_dag.py
[2023-01-20T23:53:51.584+0000] {processor.py:758} INFO - Processing file /home/airflow/.local/lib/python3.7/site-packages/airflow/example_dags/example_external_task_marker_dag.py for tasks to queue
[2023-01-20T23:53:51.585+0000] {logging_mixin.py:117} INFO - [2023-01-20T23:53:51.585+0000] {dagbag.py:525} INFO - Filling up the DagBag from /home/airflow/.local/lib/python3.7/site-packages/airflow/example_dags/example_external_task_marker_dag.py
[2023-01-20T23:53:51.603+0000] {processor.py:768} INFO - DAG(s) dict_keys(['example_external_task_marker_parent', 'example_external_task_marker_child']) retrieved from /home/airflow/.local/lib/python3.7/site-packages/airflow/example_dags/example_external_task_marker_dag.py
[2023-01-20T23:53:51.715+0000] {logging_mixin.py:117} INFO - [2023-01-20T23:53:51.715+0000] {dag.py:2573} INFO - Sync 2 DAGs
[2023-01-20T23:53:51.730+0000] {logging_mixin.py:117} INFO - [2023-01-20T23:53:51.730+0000] {dag.py:3328} INFO - Setting next_dagrun for example_external_task_marker_child to None, run_after=None
[2023-01-20T23:53:51.733+0000] {logging_mixin.py:117} INFO - [2023-01-20T23:53:51.732+0000] {dag.py:3328} INFO - Setting next_dagrun for example_external_task_marker_parent to None, run_after=None
[2023-01-20T23:53:51.742+0000] {processor.py:178} INFO - Processing /home/airflow/.local/lib/python3.7/site-packages/airflow/example_dags/example_external_task_marker_dag.py took 0.166 seconds
[2023-01-20T23:54:21.936+0000] {processor.py:156} INFO - Started process (PID=1789) to work on /home/airflow/.local/lib/python3.7/site-packages/airflow/example_dags/example_external_task_marker_dag.py
[2023-01-20T23:54:21.938+0000] {processor.py:758} INFO - Processing file /home/airflow/.local/lib/python3.7/site-packages/airflow/example_dags/example_external_task_marker_dag.py for tasks to queue
[2023-01-20T23:54:21.939+0000] {logging_mixin.py:117} INFO - [2023-01-20T23:54:21.939+0000] {dagbag.py:525} INFO - Filling up the DagBag from /home/airflow/.local/lib/python3.7/site-packages/airflow/example_dags/example_external_task_marker_dag.py
[2023-01-20T23:54:21.955+0000] {processor.py:768} INFO - DAG(s) dict_keys(['example_external_task_marker_parent', 'example_external_task_marker_child']) retrieved from /home/airflow/.local/lib/python3.7/site-packages/airflow/example_dags/example_external_task_marker_dag.py
[2023-01-20T23:54:22.077+0000] {logging_mixin.py:117} INFO - [2023-01-20T23:54:22.077+0000] {dag.py:2573} INFO - Sync 2 DAGs
[2023-01-20T23:54:22.092+0000] {logging_mixin.py:117} INFO - [2023-01-20T23:54:22.092+0000] {dag.py:3328} INFO - Setting next_dagrun for example_external_task_marker_child to None, run_after=None
[2023-01-20T23:54:22.094+0000] {logging_mixin.py:117} INFO - [2023-01-20T23:54:22.094+0000] {dag.py:3328} INFO - Setting next_dagrun for example_external_task_marker_parent to None, run_after=None
[2023-01-20T23:54:22.104+0000] {processor.py:178} INFO - Processing /home/airflow/.local/lib/python3.7/site-packages/airflow/example_dags/example_external_task_marker_dag.py took 0.173 seconds
[2023-01-20T23:55:01.590+0000] {processor.py:156} INFO - Started process (PID=66) to work on /home/airflow/.local/lib/python3.7/site-packages/airflow/example_dags/example_external_task_marker_dag.py
[2023-01-20T23:55:01.592+0000] {processor.py:758} INFO - Processing file /home/airflow/.local/lib/python3.7/site-packages/airflow/example_dags/example_external_task_marker_dag.py for tasks to queue
[2023-01-20T23:55:01.593+0000] {logging_mixin.py:117} INFO - [2023-01-20T23:55:01.593+0000] {dagbag.py:525} INFO - Filling up the DagBag from /home/airflow/.local/lib/python3.7/site-packages/airflow/example_dags/example_external_task_marker_dag.py
[2023-01-20T23:55:01.634+0000] {processor.py:768} INFO - DAG(s) dict_keys(['example_external_task_marker_child', 'example_external_task_marker_parent']) retrieved from /home/airflow/.local/lib/python3.7/site-packages/airflow/example_dags/example_external_task_marker_dag.py
[2023-01-20T23:55:02.028+0000] {logging_mixin.py:117} INFO - [2023-01-20T23:55:02.028+0000] {dag.py:2573} INFO - Sync 2 DAGs
[2023-01-20T23:55:02.045+0000] {logging_mixin.py:117} INFO - [2023-01-20T23:55:02.045+0000] {dag.py:3328} INFO - Setting next_dagrun for example_external_task_marker_child to None, run_after=None
[2023-01-20T23:55:02.050+0000] {logging_mixin.py:117} INFO - [2023-01-20T23:55:02.050+0000] {dag.py:3328} INFO - Setting next_dagrun for example_external_task_marker_parent to None, run_after=None
[2023-01-20T23:55:02.076+0000] {processor.py:178} INFO - Processing /home/airflow/.local/lib/python3.7/site-packages/airflow/example_dags/example_external_task_marker_dag.py took 0.489 seconds
[2023-01-20T23:57:38.673+0000] {processor.py:156} INFO - Started process (PID=66) to work on /home/airflow/.local/lib/python3.7/site-packages/airflow/example_dags/example_external_task_marker_dag.py
[2023-01-20T23:57:38.675+0000] {processor.py:758} INFO - Processing file /home/airflow/.local/lib/python3.7/site-packages/airflow/example_dags/example_external_task_marker_dag.py for tasks to queue
[2023-01-20T23:57:38.677+0000] {logging_mixin.py:117} INFO - [2023-01-20T23:57:38.677+0000] {dagbag.py:525} INFO - Filling up the DagBag from /home/airflow/.local/lib/python3.7/site-packages/airflow/example_dags/example_external_task_marker_dag.py
[2023-01-20T23:57:38.698+0000] {processor.py:768} INFO - DAG(s) dict_keys(['example_external_task_marker_parent', 'example_external_task_marker_child']) retrieved from /home/airflow/.local/lib/python3.7/site-packages/airflow/example_dags/example_external_task_marker_dag.py
[2023-01-20T23:57:38.858+0000] {logging_mixin.py:117} INFO - [2023-01-20T23:57:38.857+0000] {dag.py:2573} INFO - Sync 2 DAGs
[2023-01-20T23:57:38.872+0000] {logging_mixin.py:117} INFO - [2023-01-20T23:57:38.871+0000] {dag.py:3328} INFO - Setting next_dagrun for example_external_task_marker_child to None, run_after=None
[2023-01-20T23:57:38.874+0000] {logging_mixin.py:117} INFO - [2023-01-20T23:57:38.874+0000] {dag.py:3328} INFO - Setting next_dagrun for example_external_task_marker_parent to None, run_after=None
[2023-01-20T23:57:38.885+0000] {processor.py:178} INFO - Processing /home/airflow/.local/lib/python3.7/site-packages/airflow/example_dags/example_external_task_marker_dag.py took 0.217 seconds
[2023-01-20T23:58:09.659+0000] {processor.py:156} INFO - Started process (PID=128) to work on /home/airflow/.local/lib/python3.7/site-packages/airflow/example_dags/example_external_task_marker_dag.py
[2023-01-20T23:58:09.660+0000] {processor.py:758} INFO - Processing file /home/airflow/.local/lib/python3.7/site-packages/airflow/example_dags/example_external_task_marker_dag.py for tasks to queue
[2023-01-20T23:58:09.661+0000] {logging_mixin.py:117} INFO - [2023-01-20T23:58:09.661+0000] {dagbag.py:525} INFO - Filling up the DagBag from /home/airflow/.local/lib/python3.7/site-packages/airflow/example_dags/example_external_task_marker_dag.py
[2023-01-20T23:58:09.679+0000] {processor.py:768} INFO - DAG(s) dict_keys(['example_external_task_marker_parent', 'example_external_task_marker_child']) retrieved from /home/airflow/.local/lib/python3.7/site-packages/airflow/example_dags/example_external_task_marker_dag.py
[2023-01-20T23:58:09.961+0000] {logging_mixin.py:117} INFO - [2023-01-20T23:58:09.961+0000] {dag.py:2573} INFO - Sync 2 DAGs
[2023-01-20T23:58:09.977+0000] {logging_mixin.py:117} INFO - [2023-01-20T23:58:09.977+0000] {dag.py:3328} INFO - Setting next_dagrun for example_external_task_marker_child to None, run_after=None
[2023-01-20T23:58:09.979+0000] {logging_mixin.py:117} INFO - [2023-01-20T23:58:09.979+0000] {dag.py:3328} INFO - Setting next_dagrun for example_external_task_marker_parent to None, run_after=None
[2023-01-20T23:58:09.989+0000] {processor.py:178} INFO - Processing /home/airflow/.local/lib/python3.7/site-packages/airflow/example_dags/example_external_task_marker_dag.py took 0.335 seconds
[2023-01-20T23:58:40.488+0000] {processor.py:156} INFO - Started process (PID=182) to work on /home/airflow/.local/lib/python3.7/site-packages/airflow/example_dags/example_external_task_marker_dag.py
[2023-01-20T23:58:40.489+0000] {processor.py:758} INFO - Processing file /home/airflow/.local/lib/python3.7/site-packages/airflow/example_dags/example_external_task_marker_dag.py for tasks to queue
[2023-01-20T23:58:40.490+0000] {logging_mixin.py:117} INFO - [2023-01-20T23:58:40.490+0000] {dagbag.py:525} INFO - Filling up the DagBag from /home/airflow/.local/lib/python3.7/site-packages/airflow/example_dags/example_external_task_marker_dag.py
[2023-01-20T23:58:40.608+0000] {processor.py:768} INFO - DAG(s) dict_keys(['example_external_task_marker_parent', 'example_external_task_marker_child']) retrieved from /home/airflow/.local/lib/python3.7/site-packages/airflow/example_dags/example_external_task_marker_dag.py
[2023-01-20T23:58:40.761+0000] {logging_mixin.py:117} INFO - [2023-01-20T23:58:40.761+0000] {dag.py:2573} INFO - Sync 2 DAGs
[2023-01-20T23:58:40.775+0000] {logging_mixin.py:117} INFO - [2023-01-20T23:58:40.775+0000] {dag.py:3328} INFO - Setting next_dagrun for example_external_task_marker_child to None, run_after=None
[2023-01-20T23:58:40.778+0000] {logging_mixin.py:117} INFO - [2023-01-20T23:58:40.778+0000] {dag.py:3328} INFO - Setting next_dagrun for example_external_task_marker_parent to None, run_after=None
[2023-01-20T23:58:40.790+0000] {processor.py:178} INFO - Processing /home/airflow/.local/lib/python3.7/site-packages/airflow/example_dags/example_external_task_marker_dag.py took 0.305 seconds
[2023-01-20T23:59:11.172+0000] {processor.py:156} INFO - Started process (PID=245) to work on /home/airflow/.local/lib/python3.7/site-packages/airflow/example_dags/example_external_task_marker_dag.py
[2023-01-20T23:59:11.174+0000] {processor.py:758} INFO - Processing file /home/airflow/.local/lib/python3.7/site-packages/airflow/example_dags/example_external_task_marker_dag.py for tasks to queue
[2023-01-20T23:59:11.174+0000] {logging_mixin.py:117} INFO - [2023-01-20T23:59:11.174+0000] {dagbag.py:525} INFO - Filling up the DagBag from /home/airflow/.local/lib/python3.7/site-packages/airflow/example_dags/example_external_task_marker_dag.py
[2023-01-20T23:59:11.185+0000] {processor.py:768} INFO - DAG(s) dict_keys(['example_external_task_marker_parent', 'example_external_task_marker_child']) retrieved from /home/airflow/.local/lib/python3.7/site-packages/airflow/example_dags/example_external_task_marker_dag.py
[2023-01-20T23:59:11.288+0000] {logging_mixin.py:117} INFO - [2023-01-20T23:59:11.288+0000] {dag.py:2573} INFO - Sync 2 DAGs
[2023-01-20T23:59:11.303+0000] {logging_mixin.py:117} INFO - [2023-01-20T23:59:11.303+0000] {dag.py:3328} INFO - Setting next_dagrun for example_external_task_marker_child to None, run_after=None
[2023-01-20T23:59:11.306+0000] {logging_mixin.py:117} INFO - [2023-01-20T23:59:11.306+0000] {dag.py:3328} INFO - Setting next_dagrun for example_external_task_marker_parent to None, run_after=None
[2023-01-20T23:59:11.315+0000] {processor.py:178} INFO - Processing /home/airflow/.local/lib/python3.7/site-packages/airflow/example_dags/example_external_task_marker_dag.py took 0.146 seconds
[2023-01-20T23:59:41.557+0000] {processor.py:156} INFO - Started process (PID=309) to work on /home/airflow/.local/lib/python3.7/site-packages/airflow/example_dags/example_external_task_marker_dag.py
[2023-01-20T23:59:41.558+0000] {processor.py:758} INFO - Processing file /home/airflow/.local/lib/python3.7/site-packages/airflow/example_dags/example_external_task_marker_dag.py for tasks to queue
[2023-01-20T23:59:41.559+0000] {logging_mixin.py:117} INFO - [2023-01-20T23:59:41.559+0000] {dagbag.py:525} INFO - Filling up the DagBag from /home/airflow/.local/lib/python3.7/site-packages/airflow/example_dags/example_external_task_marker_dag.py
[2023-01-20T23:59:41.571+0000] {processor.py:768} INFO - DAG(s) dict_keys(['example_external_task_marker_parent', 'example_external_task_marker_child']) retrieved from /home/airflow/.local/lib/python3.7/site-packages/airflow/example_dags/example_external_task_marker_dag.py
[2023-01-20T23:59:41.665+0000] {logging_mixin.py:117} INFO - [2023-01-20T23:59:41.665+0000] {dag.py:2573} INFO - Sync 2 DAGs
[2023-01-20T23:59:41.679+0000] {logging_mixin.py:117} INFO - [2023-01-20T23:59:41.679+0000] {dag.py:3328} INFO - Setting next_dagrun for example_external_task_marker_child to None, run_after=None
[2023-01-20T23:59:41.682+0000] {logging_mixin.py:117} INFO - [2023-01-20T23:59:41.682+0000] {dag.py:3328} INFO - Setting next_dagrun for example_external_task_marker_parent to None, run_after=None
[2023-01-20T23:59:41.692+0000] {processor.py:178} INFO - Processing /home/airflow/.local/lib/python3.7/site-packages/airflow/example_dags/example_external_task_marker_dag.py took 0.137 seconds
