[2023-01-20T23:40:06.330+0000] {processor.py:156} INFO - Started process (PID=60) to work on /home/airflow/.local/lib/python3.7/site-packages/airflow/example_dags/example_branch_datetime_operator.py
[2023-01-20T23:40:06.331+0000] {processor.py:758} INFO - Processing file /home/airflow/.local/lib/python3.7/site-packages/airflow/example_dags/example_branch_datetime_operator.py for tasks to queue
[2023-01-20T23:40:06.332+0000] {logging_mixin.py:117} INFO - [2023-01-20T23:40:06.332+0000] {dagbag.py:525} INFO - Filling up the DagBag from /home/airflow/.local/lib/python3.7/site-packages/airflow/example_dags/example_branch_datetime_operator.py
[2023-01-20T23:40:06.389+0000] {processor.py:768} INFO - DAG(s) dict_keys(['example_branch_datetime_operator_2', 'example_branch_datetime_operator', 'example_branch_datetime_operator_3']) retrieved from /home/airflow/.local/lib/python3.7/site-packages/airflow/example_dags/example_branch_datetime_operator.py
[2023-01-20T23:40:06.419+0000] {logging_mixin.py:117} INFO - [2023-01-20T23:40:06.419+0000] {dag.py:2573} INFO - Sync 3 DAGs
[2023-01-20T23:40:06.757+0000] {logging_mixin.py:117} INFO - [2023-01-20T23:40:06.756+0000] {dag.py:3328} INFO - Setting next_dagrun for example_branch_datetime_operator to 2023-01-19T00:00:00+00:00, run_after=2023-01-20T00:00:00+00:00
[2023-01-20T23:40:06.763+0000] {logging_mixin.py:117} INFO - [2023-01-20T23:40:06.763+0000] {dag.py:3328} INFO - Setting next_dagrun for example_branch_datetime_operator_2 to 2023-01-19T00:00:00+00:00, run_after=2023-01-20T00:00:00+00:00
[2023-01-20T23:40:06.766+0000] {logging_mixin.py:117} INFO - [2023-01-20T23:40:06.766+0000] {dag.py:3328} INFO - Setting next_dagrun for example_branch_datetime_operator_3 to 2023-01-19T00:00:00+00:00, run_after=2023-01-20T00:00:00+00:00
[2023-01-20T23:40:06.790+0000] {processor.py:178} INFO - Processing /home/airflow/.local/lib/python3.7/site-packages/airflow/example_dags/example_branch_datetime_operator.py took 0.463 seconds
[2023-01-20T23:40:36.902+0000] {processor.py:156} INFO - Started process (PID=122) to work on /home/airflow/.local/lib/python3.7/site-packages/airflow/example_dags/example_branch_datetime_operator.py
[2023-01-20T23:40:36.903+0000] {processor.py:758} INFO - Processing file /home/airflow/.local/lib/python3.7/site-packages/airflow/example_dags/example_branch_datetime_operator.py for tasks to queue
[2023-01-20T23:40:36.904+0000] {logging_mixin.py:117} INFO - [2023-01-20T23:40:36.904+0000] {dagbag.py:525} INFO - Filling up the DagBag from /home/airflow/.local/lib/python3.7/site-packages/airflow/example_dags/example_branch_datetime_operator.py
[2023-01-20T23:40:36.920+0000] {processor.py:768} INFO - DAG(s) dict_keys(['example_branch_datetime_operator_3', 'example_branch_datetime_operator_2', 'example_branch_datetime_operator']) retrieved from /home/airflow/.local/lib/python3.7/site-packages/airflow/example_dags/example_branch_datetime_operator.py
[2023-01-20T23:40:37.174+0000] {logging_mixin.py:117} INFO - [2023-01-20T23:40:37.174+0000] {dag.py:2573} INFO - Sync 3 DAGs
[2023-01-20T23:40:37.221+0000] {logging_mixin.py:117} INFO - [2023-01-20T23:40:37.221+0000] {dag.py:3328} INFO - Setting next_dagrun for example_branch_datetime_operator to 2023-01-19T00:00:00+00:00, run_after=2023-01-20T00:00:00+00:00
[2023-01-20T23:40:37.228+0000] {logging_mixin.py:117} INFO - [2023-01-20T23:40:37.227+0000] {dag.py:3328} INFO - Setting next_dagrun for example_branch_datetime_operator_2 to 2023-01-19T00:00:00+00:00, run_after=2023-01-20T00:00:00+00:00
[2023-01-20T23:40:37.231+0000] {logging_mixin.py:117} INFO - [2023-01-20T23:40:37.231+0000] {dag.py:3328} INFO - Setting next_dagrun for example_branch_datetime_operator_3 to 2023-01-19T00:00:00+00:00, run_after=2023-01-20T00:00:00+00:00
[2023-01-20T23:40:37.247+0000] {processor.py:178} INFO - Processing /home/airflow/.local/lib/python3.7/site-packages/airflow/example_dags/example_branch_datetime_operator.py took 0.349 seconds
[2023-01-20T23:41:07.588+0000] {processor.py:156} INFO - Started process (PID=179) to work on /home/airflow/.local/lib/python3.7/site-packages/airflow/example_dags/example_branch_datetime_operator.py
[2023-01-20T23:41:07.589+0000] {processor.py:758} INFO - Processing file /home/airflow/.local/lib/python3.7/site-packages/airflow/example_dags/example_branch_datetime_operator.py for tasks to queue
[2023-01-20T23:41:07.590+0000] {logging_mixin.py:117} INFO - [2023-01-20T23:41:07.590+0000] {dagbag.py:525} INFO - Filling up the DagBag from /home/airflow/.local/lib/python3.7/site-packages/airflow/example_dags/example_branch_datetime_operator.py
[2023-01-20T23:41:07.703+0000] {processor.py:768} INFO - DAG(s) dict_keys(['example_branch_datetime_operator_3', 'example_branch_datetime_operator', 'example_branch_datetime_operator_2']) retrieved from /home/airflow/.local/lib/python3.7/site-packages/airflow/example_dags/example_branch_datetime_operator.py
[2023-01-20T23:41:07.728+0000] {logging_mixin.py:117} INFO - [2023-01-20T23:41:07.728+0000] {dag.py:2573} INFO - Sync 3 DAGs
[2023-01-20T23:41:07.742+0000] {logging_mixin.py:117} INFO - [2023-01-20T23:41:07.742+0000] {dag.py:3328} INFO - Setting next_dagrun for example_branch_datetime_operator to 2023-01-19T00:00:00+00:00, run_after=2023-01-20T00:00:00+00:00
[2023-01-20T23:41:07.745+0000] {logging_mixin.py:117} INFO - [2023-01-20T23:41:07.745+0000] {dag.py:3328} INFO - Setting next_dagrun for example_branch_datetime_operator_2 to 2023-01-19T00:00:00+00:00, run_after=2023-01-20T00:00:00+00:00
[2023-01-20T23:41:07.747+0000] {logging_mixin.py:117} INFO - [2023-01-20T23:41:07.747+0000] {dag.py:3328} INFO - Setting next_dagrun for example_branch_datetime_operator_3 to 2023-01-19T00:00:00+00:00, run_after=2023-01-20T00:00:00+00:00
[2023-01-20T23:41:07.756+0000] {processor.py:178} INFO - Processing /home/airflow/.local/lib/python3.7/site-packages/airflow/example_dags/example_branch_datetime_operator.py took 0.171 seconds
[2023-01-20T23:41:37.889+0000] {processor.py:156} INFO - Started process (PID=242) to work on /home/airflow/.local/lib/python3.7/site-packages/airflow/example_dags/example_branch_datetime_operator.py
[2023-01-20T23:41:37.891+0000] {processor.py:758} INFO - Processing file /home/airflow/.local/lib/python3.7/site-packages/airflow/example_dags/example_branch_datetime_operator.py for tasks to queue
[2023-01-20T23:41:37.891+0000] {logging_mixin.py:117} INFO - [2023-01-20T23:41:37.891+0000] {dagbag.py:525} INFO - Filling up the DagBag from /home/airflow/.local/lib/python3.7/site-packages/airflow/example_dags/example_branch_datetime_operator.py
[2023-01-20T23:41:37.903+0000] {processor.py:768} INFO - DAG(s) dict_keys(['example_branch_datetime_operator_2', 'example_branch_datetime_operator', 'example_branch_datetime_operator_3']) retrieved from /home/airflow/.local/lib/python3.7/site-packages/airflow/example_dags/example_branch_datetime_operator.py
[2023-01-20T23:41:37.935+0000] {logging_mixin.py:117} INFO - [2023-01-20T23:41:37.935+0000] {dag.py:2573} INFO - Sync 3 DAGs
[2023-01-20T23:41:37.952+0000] {logging_mixin.py:117} INFO - [2023-01-20T23:41:37.952+0000] {dag.py:3328} INFO - Setting next_dagrun for example_branch_datetime_operator to 2023-01-19T00:00:00+00:00, run_after=2023-01-20T00:00:00+00:00
[2023-01-20T23:41:37.955+0000] {logging_mixin.py:117} INFO - [2023-01-20T23:41:37.955+0000] {dag.py:3328} INFO - Setting next_dagrun for example_branch_datetime_operator_2 to 2023-01-19T00:00:00+00:00, run_after=2023-01-20T00:00:00+00:00
[2023-01-20T23:41:37.957+0000] {logging_mixin.py:117} INFO - [2023-01-20T23:41:37.957+0000] {dag.py:3328} INFO - Setting next_dagrun for example_branch_datetime_operator_3 to 2023-01-19T00:00:00+00:00, run_after=2023-01-20T00:00:00+00:00
[2023-01-20T23:41:37.967+0000] {processor.py:178} INFO - Processing /home/airflow/.local/lib/python3.7/site-packages/airflow/example_dags/example_branch_datetime_operator.py took 0.081 seconds
[2023-01-20T23:42:08.375+0000] {processor.py:156} INFO - Started process (PID=305) to work on /home/airflow/.local/lib/python3.7/site-packages/airflow/example_dags/example_branch_datetime_operator.py
[2023-01-20T23:42:08.376+0000] {processor.py:758} INFO - Processing file /home/airflow/.local/lib/python3.7/site-packages/airflow/example_dags/example_branch_datetime_operator.py for tasks to queue
[2023-01-20T23:42:08.377+0000] {logging_mixin.py:117} INFO - [2023-01-20T23:42:08.377+0000] {dagbag.py:525} INFO - Filling up the DagBag from /home/airflow/.local/lib/python3.7/site-packages/airflow/example_dags/example_branch_datetime_operator.py
[2023-01-20T23:42:08.390+0000] {processor.py:768} INFO - DAG(s) dict_keys(['example_branch_datetime_operator', 'example_branch_datetime_operator_3', 'example_branch_datetime_operator_2']) retrieved from /home/airflow/.local/lib/python3.7/site-packages/airflow/example_dags/example_branch_datetime_operator.py
[2023-01-20T23:42:08.420+0000] {logging_mixin.py:117} INFO - [2023-01-20T23:42:08.420+0000] {dag.py:2573} INFO - Sync 3 DAGs
[2023-01-20T23:42:08.434+0000] {logging_mixin.py:117} INFO - [2023-01-20T23:42:08.434+0000] {dag.py:3328} INFO - Setting next_dagrun for example_branch_datetime_operator to 2023-01-19T00:00:00+00:00, run_after=2023-01-20T00:00:00+00:00
[2023-01-20T23:42:08.437+0000] {logging_mixin.py:117} INFO - [2023-01-20T23:42:08.437+0000] {dag.py:3328} INFO - Setting next_dagrun for example_branch_datetime_operator_2 to 2023-01-19T00:00:00+00:00, run_after=2023-01-20T00:00:00+00:00
[2023-01-20T23:42:08.439+0000] {logging_mixin.py:117} INFO - [2023-01-20T23:42:08.439+0000] {dag.py:3328} INFO - Setting next_dagrun for example_branch_datetime_operator_3 to 2023-01-19T00:00:00+00:00, run_after=2023-01-20T00:00:00+00:00
[2023-01-20T23:42:08.448+0000] {processor.py:178} INFO - Processing /home/airflow/.local/lib/python3.7/site-packages/airflow/example_dags/example_branch_datetime_operator.py took 0.076 seconds
[2023-01-20T23:42:39.251+0000] {processor.py:156} INFO - Started process (PID=368) to work on /home/airflow/.local/lib/python3.7/site-packages/airflow/example_dags/example_branch_datetime_operator.py
[2023-01-20T23:42:39.253+0000] {processor.py:758} INFO - Processing file /home/airflow/.local/lib/python3.7/site-packages/airflow/example_dags/example_branch_datetime_operator.py for tasks to queue
[2023-01-20T23:42:39.253+0000] {logging_mixin.py:117} INFO - [2023-01-20T23:42:39.253+0000] {dagbag.py:525} INFO - Filling up the DagBag from /home/airflow/.local/lib/python3.7/site-packages/airflow/example_dags/example_branch_datetime_operator.py
[2023-01-20T23:42:39.267+0000] {processor.py:768} INFO - DAG(s) dict_keys(['example_branch_datetime_operator', 'example_branch_datetime_operator_3', 'example_branch_datetime_operator_2']) retrieved from /home/airflow/.local/lib/python3.7/site-packages/airflow/example_dags/example_branch_datetime_operator.py
[2023-01-20T23:42:39.296+0000] {logging_mixin.py:117} INFO - [2023-01-20T23:42:39.296+0000] {dag.py:2573} INFO - Sync 3 DAGs
[2023-01-20T23:42:39.312+0000] {logging_mixin.py:117} INFO - [2023-01-20T23:42:39.312+0000] {dag.py:3328} INFO - Setting next_dagrun for example_branch_datetime_operator to 2023-01-19T00:00:00+00:00, run_after=2023-01-20T00:00:00+00:00
[2023-01-20T23:42:39.315+0000] {logging_mixin.py:117} INFO - [2023-01-20T23:42:39.315+0000] {dag.py:3328} INFO - Setting next_dagrun for example_branch_datetime_operator_2 to 2023-01-19T00:00:00+00:00, run_after=2023-01-20T00:00:00+00:00
[2023-01-20T23:42:39.316+0000] {logging_mixin.py:117} INFO - [2023-01-20T23:42:39.316+0000] {dag.py:3328} INFO - Setting next_dagrun for example_branch_datetime_operator_3 to 2023-01-19T00:00:00+00:00, run_after=2023-01-20T00:00:00+00:00
[2023-01-20T23:42:39.326+0000] {processor.py:178} INFO - Processing /home/airflow/.local/lib/python3.7/site-packages/airflow/example_dags/example_branch_datetime_operator.py took 0.077 seconds
[2023-01-20T23:43:10.064+0000] {processor.py:156} INFO - Started process (PID=432) to work on /home/airflow/.local/lib/python3.7/site-packages/airflow/example_dags/example_branch_datetime_operator.py
[2023-01-20T23:43:10.068+0000] {processor.py:758} INFO - Processing file /home/airflow/.local/lib/python3.7/site-packages/airflow/example_dags/example_branch_datetime_operator.py for tasks to queue
[2023-01-20T23:43:10.075+0000] {logging_mixin.py:117} INFO - [2023-01-20T23:43:10.074+0000] {dagbag.py:525} INFO - Filling up the DagBag from /home/airflow/.local/lib/python3.7/site-packages/airflow/example_dags/example_branch_datetime_operator.py
[2023-01-20T23:43:10.102+0000] {processor.py:768} INFO - DAG(s) dict_keys(['example_branch_datetime_operator_2', 'example_branch_datetime_operator', 'example_branch_datetime_operator_3']) retrieved from /home/airflow/.local/lib/python3.7/site-packages/airflow/example_dags/example_branch_datetime_operator.py
[2023-01-20T23:43:10.176+0000] {logging_mixin.py:117} INFO - [2023-01-20T23:43:10.176+0000] {dag.py:2573} INFO - Sync 3 DAGs
[2023-01-20T23:43:10.219+0000] {logging_mixin.py:117} INFO - [2023-01-20T23:43:10.219+0000] {dag.py:3328} INFO - Setting next_dagrun for example_branch_datetime_operator to 2023-01-19T00:00:00+00:00, run_after=2023-01-20T00:00:00+00:00
[2023-01-20T23:43:10.226+0000] {logging_mixin.py:117} INFO - [2023-01-20T23:43:10.226+0000] {dag.py:3328} INFO - Setting next_dagrun for example_branch_datetime_operator_2 to 2023-01-19T00:00:00+00:00, run_after=2023-01-20T00:00:00+00:00
[2023-01-20T23:43:10.229+0000] {logging_mixin.py:117} INFO - [2023-01-20T23:43:10.229+0000] {dag.py:3328} INFO - Setting next_dagrun for example_branch_datetime_operator_3 to 2023-01-19T00:00:00+00:00, run_after=2023-01-20T00:00:00+00:00
[2023-01-20T23:43:10.250+0000] {processor.py:178} INFO - Processing /home/airflow/.local/lib/python3.7/site-packages/airflow/example_dags/example_branch_datetime_operator.py took 0.191 seconds
[2023-01-20T23:43:40.978+0000] {processor.py:156} INFO - Started process (PID=486) to work on /home/airflow/.local/lib/python3.7/site-packages/airflow/example_dags/example_branch_datetime_operator.py
[2023-01-20T23:43:40.979+0000] {processor.py:758} INFO - Processing file /home/airflow/.local/lib/python3.7/site-packages/airflow/example_dags/example_branch_datetime_operator.py for tasks to queue
[2023-01-20T23:43:40.980+0000] {logging_mixin.py:117} INFO - [2023-01-20T23:43:40.980+0000] {dagbag.py:525} INFO - Filling up the DagBag from /home/airflow/.local/lib/python3.7/site-packages/airflow/example_dags/example_branch_datetime_operator.py
[2023-01-20T23:43:40.993+0000] {processor.py:768} INFO - DAG(s) dict_keys(['example_branch_datetime_operator_2', 'example_branch_datetime_operator', 'example_branch_datetime_operator_3']) retrieved from /home/airflow/.local/lib/python3.7/site-packages/airflow/example_dags/example_branch_datetime_operator.py
[2023-01-20T23:43:41.024+0000] {logging_mixin.py:117} INFO - [2023-01-20T23:43:41.024+0000] {dag.py:2573} INFO - Sync 3 DAGs
[2023-01-20T23:43:41.040+0000] {logging_mixin.py:117} INFO - [2023-01-20T23:43:41.040+0000] {dag.py:3328} INFO - Setting next_dagrun for example_branch_datetime_operator to 2023-01-19T00:00:00+00:00, run_after=2023-01-20T00:00:00+00:00
[2023-01-20T23:43:41.043+0000] {logging_mixin.py:117} INFO - [2023-01-20T23:43:41.043+0000] {dag.py:3328} INFO - Setting next_dagrun for example_branch_datetime_operator_2 to 2023-01-19T00:00:00+00:00, run_after=2023-01-20T00:00:00+00:00
[2023-01-20T23:43:41.046+0000] {logging_mixin.py:117} INFO - [2023-01-20T23:43:41.046+0000] {dag.py:3328} INFO - Setting next_dagrun for example_branch_datetime_operator_3 to 2023-01-19T00:00:00+00:00, run_after=2023-01-20T00:00:00+00:00
[2023-01-20T23:43:41.056+0000] {processor.py:178} INFO - Processing /home/airflow/.local/lib/python3.7/site-packages/airflow/example_dags/example_branch_datetime_operator.py took 0.081 seconds
[2023-01-20T23:44:11.309+0000] {processor.py:156} INFO - Started process (PID=549) to work on /home/airflow/.local/lib/python3.7/site-packages/airflow/example_dags/example_branch_datetime_operator.py
[2023-01-20T23:44:11.311+0000] {processor.py:758} INFO - Processing file /home/airflow/.local/lib/python3.7/site-packages/airflow/example_dags/example_branch_datetime_operator.py for tasks to queue
[2023-01-20T23:44:11.312+0000] {logging_mixin.py:117} INFO - [2023-01-20T23:44:11.311+0000] {dagbag.py:525} INFO - Filling up the DagBag from /home/airflow/.local/lib/python3.7/site-packages/airflow/example_dags/example_branch_datetime_operator.py
[2023-01-20T23:44:11.324+0000] {processor.py:768} INFO - DAG(s) dict_keys(['example_branch_datetime_operator_3', 'example_branch_datetime_operator_2', 'example_branch_datetime_operator']) retrieved from /home/airflow/.local/lib/python3.7/site-packages/airflow/example_dags/example_branch_datetime_operator.py
[2023-01-20T23:44:11.355+0000] {logging_mixin.py:117} INFO - [2023-01-20T23:44:11.355+0000] {dag.py:2573} INFO - Sync 3 DAGs
[2023-01-20T23:44:11.371+0000] {logging_mixin.py:117} INFO - [2023-01-20T23:44:11.371+0000] {dag.py:3328} INFO - Setting next_dagrun for example_branch_datetime_operator to 2023-01-19T00:00:00+00:00, run_after=2023-01-20T00:00:00+00:00
[2023-01-20T23:44:11.374+0000] {logging_mixin.py:117} INFO - [2023-01-20T23:44:11.374+0000] {dag.py:3328} INFO - Setting next_dagrun for example_branch_datetime_operator_2 to 2023-01-19T00:00:00+00:00, run_after=2023-01-20T00:00:00+00:00
[2023-01-20T23:44:11.376+0000] {logging_mixin.py:117} INFO - [2023-01-20T23:44:11.376+0000] {dag.py:3328} INFO - Setting next_dagrun for example_branch_datetime_operator_3 to 2023-01-19T00:00:00+00:00, run_after=2023-01-20T00:00:00+00:00
[2023-01-20T23:44:11.386+0000] {processor.py:178} INFO - Processing /home/airflow/.local/lib/python3.7/site-packages/airflow/example_dags/example_branch_datetime_operator.py took 0.079 seconds
[2023-01-20T23:44:41.652+0000] {processor.py:156} INFO - Started process (PID=612) to work on /home/airflow/.local/lib/python3.7/site-packages/airflow/example_dags/example_branch_datetime_operator.py
[2023-01-20T23:44:41.653+0000] {processor.py:758} INFO - Processing file /home/airflow/.local/lib/python3.7/site-packages/airflow/example_dags/example_branch_datetime_operator.py for tasks to queue
[2023-01-20T23:44:41.654+0000] {logging_mixin.py:117} INFO - [2023-01-20T23:44:41.654+0000] {dagbag.py:525} INFO - Filling up the DagBag from /home/airflow/.local/lib/python3.7/site-packages/airflow/example_dags/example_branch_datetime_operator.py
[2023-01-20T23:44:41.665+0000] {processor.py:768} INFO - DAG(s) dict_keys(['example_branch_datetime_operator', 'example_branch_datetime_operator_3', 'example_branch_datetime_operator_2']) retrieved from /home/airflow/.local/lib/python3.7/site-packages/airflow/example_dags/example_branch_datetime_operator.py
[2023-01-20T23:44:41.696+0000] {logging_mixin.py:117} INFO - [2023-01-20T23:44:41.696+0000] {dag.py:2573} INFO - Sync 3 DAGs
[2023-01-20T23:44:41.712+0000] {logging_mixin.py:117} INFO - [2023-01-20T23:44:41.712+0000] {dag.py:3328} INFO - Setting next_dagrun for example_branch_datetime_operator to 2023-01-19T00:00:00+00:00, run_after=2023-01-20T00:00:00+00:00
[2023-01-20T23:44:41.715+0000] {logging_mixin.py:117} INFO - [2023-01-20T23:44:41.715+0000] {dag.py:3328} INFO - Setting next_dagrun for example_branch_datetime_operator_2 to 2023-01-19T00:00:00+00:00, run_after=2023-01-20T00:00:00+00:00
[2023-01-20T23:44:41.717+0000] {logging_mixin.py:117} INFO - [2023-01-20T23:44:41.717+0000] {dag.py:3328} INFO - Setting next_dagrun for example_branch_datetime_operator_3 to 2023-01-19T00:00:00+00:00, run_after=2023-01-20T00:00:00+00:00
[2023-01-20T23:44:41.727+0000] {processor.py:178} INFO - Processing /home/airflow/.local/lib/python3.7/site-packages/airflow/example_dags/example_branch_datetime_operator.py took 0.078 seconds
[2023-01-20T23:45:12.007+0000] {processor.py:156} INFO - Started process (PID=675) to work on /home/airflow/.local/lib/python3.7/site-packages/airflow/example_dags/example_branch_datetime_operator.py
[2023-01-20T23:45:12.008+0000] {processor.py:758} INFO - Processing file /home/airflow/.local/lib/python3.7/site-packages/airflow/example_dags/example_branch_datetime_operator.py for tasks to queue
[2023-01-20T23:45:12.009+0000] {logging_mixin.py:117} INFO - [2023-01-20T23:45:12.009+0000] {dagbag.py:525} INFO - Filling up the DagBag from /home/airflow/.local/lib/python3.7/site-packages/airflow/example_dags/example_branch_datetime_operator.py
[2023-01-20T23:45:12.024+0000] {processor.py:768} INFO - DAG(s) dict_keys(['example_branch_datetime_operator_2', 'example_branch_datetime_operator_3', 'example_branch_datetime_operator']) retrieved from /home/airflow/.local/lib/python3.7/site-packages/airflow/example_dags/example_branch_datetime_operator.py
[2023-01-20T23:45:12.061+0000] {logging_mixin.py:117} INFO - [2023-01-20T23:45:12.061+0000] {dag.py:2573} INFO - Sync 3 DAGs
[2023-01-20T23:45:12.085+0000] {logging_mixin.py:117} INFO - [2023-01-20T23:45:12.085+0000] {dag.py:3328} INFO - Setting next_dagrun for example_branch_datetime_operator to 2023-01-19T00:00:00+00:00, run_after=2023-01-20T00:00:00+00:00
[2023-01-20T23:45:12.091+0000] {logging_mixin.py:117} INFO - [2023-01-20T23:45:12.091+0000] {dag.py:3328} INFO - Setting next_dagrun for example_branch_datetime_operator_2 to 2023-01-19T00:00:00+00:00, run_after=2023-01-20T00:00:00+00:00
[2023-01-20T23:45:12.094+0000] {logging_mixin.py:117} INFO - [2023-01-20T23:45:12.093+0000] {dag.py:3328} INFO - Setting next_dagrun for example_branch_datetime_operator_3 to 2023-01-19T00:00:00+00:00, run_after=2023-01-20T00:00:00+00:00
[2023-01-20T23:45:12.107+0000] {processor.py:178} INFO - Processing /home/airflow/.local/lib/python3.7/site-packages/airflow/example_dags/example_branch_datetime_operator.py took 0.103 seconds
[2023-01-20T23:45:42.332+0000] {processor.py:156} INFO - Started process (PID=738) to work on /home/airflow/.local/lib/python3.7/site-packages/airflow/example_dags/example_branch_datetime_operator.py
[2023-01-20T23:45:42.333+0000] {processor.py:758} INFO - Processing file /home/airflow/.local/lib/python3.7/site-packages/airflow/example_dags/example_branch_datetime_operator.py for tasks to queue
[2023-01-20T23:45:42.334+0000] {logging_mixin.py:117} INFO - [2023-01-20T23:45:42.334+0000] {dagbag.py:525} INFO - Filling up the DagBag from /home/airflow/.local/lib/python3.7/site-packages/airflow/example_dags/example_branch_datetime_operator.py
[2023-01-20T23:45:42.345+0000] {processor.py:768} INFO - DAG(s) dict_keys(['example_branch_datetime_operator_3', 'example_branch_datetime_operator', 'example_branch_datetime_operator_2']) retrieved from /home/airflow/.local/lib/python3.7/site-packages/airflow/example_dags/example_branch_datetime_operator.py
[2023-01-20T23:45:42.375+0000] {logging_mixin.py:117} INFO - [2023-01-20T23:45:42.375+0000] {dag.py:2573} INFO - Sync 3 DAGs
[2023-01-20T23:45:42.390+0000] {logging_mixin.py:117} INFO - [2023-01-20T23:45:42.390+0000] {dag.py:3328} INFO - Setting next_dagrun for example_branch_datetime_operator to 2023-01-19T00:00:00+00:00, run_after=2023-01-20T00:00:00+00:00
[2023-01-20T23:45:42.392+0000] {logging_mixin.py:117} INFO - [2023-01-20T23:45:42.392+0000] {dag.py:3328} INFO - Setting next_dagrun for example_branch_datetime_operator_2 to 2023-01-19T00:00:00+00:00, run_after=2023-01-20T00:00:00+00:00
[2023-01-20T23:45:42.394+0000] {logging_mixin.py:117} INFO - [2023-01-20T23:45:42.394+0000] {dag.py:3328} INFO - Setting next_dagrun for example_branch_datetime_operator_3 to 2023-01-19T00:00:00+00:00, run_after=2023-01-20T00:00:00+00:00
[2023-01-20T23:45:42.404+0000] {processor.py:178} INFO - Processing /home/airflow/.local/lib/python3.7/site-packages/airflow/example_dags/example_branch_datetime_operator.py took 0.075 seconds
[2023-01-20T23:46:12.694+0000] {processor.py:156} INFO - Started process (PID=801) to work on /home/airflow/.local/lib/python3.7/site-packages/airflow/example_dags/example_branch_datetime_operator.py
[2023-01-20T23:46:12.696+0000] {processor.py:758} INFO - Processing file /home/airflow/.local/lib/python3.7/site-packages/airflow/example_dags/example_branch_datetime_operator.py for tasks to queue
[2023-01-20T23:46:12.697+0000] {logging_mixin.py:117} INFO - [2023-01-20T23:46:12.697+0000] {dagbag.py:525} INFO - Filling up the DagBag from /home/airflow/.local/lib/python3.7/site-packages/airflow/example_dags/example_branch_datetime_operator.py
[2023-01-20T23:46:12.708+0000] {processor.py:768} INFO - DAG(s) dict_keys(['example_branch_datetime_operator', 'example_branch_datetime_operator_2', 'example_branch_datetime_operator_3']) retrieved from /home/airflow/.local/lib/python3.7/site-packages/airflow/example_dags/example_branch_datetime_operator.py
[2023-01-20T23:46:12.739+0000] {logging_mixin.py:117} INFO - [2023-01-20T23:46:12.739+0000] {dag.py:2573} INFO - Sync 3 DAGs
[2023-01-20T23:46:12.756+0000] {logging_mixin.py:117} INFO - [2023-01-20T23:46:12.756+0000] {dag.py:3328} INFO - Setting next_dagrun for example_branch_datetime_operator to 2023-01-19T00:00:00+00:00, run_after=2023-01-20T00:00:00+00:00
[2023-01-20T23:46:12.760+0000] {logging_mixin.py:117} INFO - [2023-01-20T23:46:12.760+0000] {dag.py:3328} INFO - Setting next_dagrun for example_branch_datetime_operator_2 to 2023-01-19T00:00:00+00:00, run_after=2023-01-20T00:00:00+00:00
[2023-01-20T23:46:12.762+0000] {logging_mixin.py:117} INFO - [2023-01-20T23:46:12.762+0000] {dag.py:3328} INFO - Setting next_dagrun for example_branch_datetime_operator_3 to 2023-01-19T00:00:00+00:00, run_after=2023-01-20T00:00:00+00:00
[2023-01-20T23:46:12.773+0000] {processor.py:178} INFO - Processing /home/airflow/.local/lib/python3.7/site-packages/airflow/example_dags/example_branch_datetime_operator.py took 0.081 seconds
[2023-01-20T23:46:43.106+0000] {processor.py:156} INFO - Started process (PID=855) to work on /home/airflow/.local/lib/python3.7/site-packages/airflow/example_dags/example_branch_datetime_operator.py
[2023-01-20T23:46:43.108+0000] {processor.py:758} INFO - Processing file /home/airflow/.local/lib/python3.7/site-packages/airflow/example_dags/example_branch_datetime_operator.py for tasks to queue
[2023-01-20T23:46:43.109+0000] {logging_mixin.py:117} INFO - [2023-01-20T23:46:43.108+0000] {dagbag.py:525} INFO - Filling up the DagBag from /home/airflow/.local/lib/python3.7/site-packages/airflow/example_dags/example_branch_datetime_operator.py
[2023-01-20T23:46:43.121+0000] {processor.py:768} INFO - DAG(s) dict_keys(['example_branch_datetime_operator', 'example_branch_datetime_operator_2', 'example_branch_datetime_operator_3']) retrieved from /home/airflow/.local/lib/python3.7/site-packages/airflow/example_dags/example_branch_datetime_operator.py
[2023-01-20T23:46:43.153+0000] {logging_mixin.py:117} INFO - [2023-01-20T23:46:43.153+0000] {dag.py:2573} INFO - Sync 3 DAGs
[2023-01-20T23:46:43.170+0000] {logging_mixin.py:117} INFO - [2023-01-20T23:46:43.170+0000] {dag.py:3328} INFO - Setting next_dagrun for example_branch_datetime_operator to 2023-01-19T00:00:00+00:00, run_after=2023-01-20T00:00:00+00:00
[2023-01-20T23:46:43.174+0000] {logging_mixin.py:117} INFO - [2023-01-20T23:46:43.174+0000] {dag.py:3328} INFO - Setting next_dagrun for example_branch_datetime_operator_2 to 2023-01-19T00:00:00+00:00, run_after=2023-01-20T00:00:00+00:00
[2023-01-20T23:46:43.175+0000] {logging_mixin.py:117} INFO - [2023-01-20T23:46:43.175+0000] {dag.py:3328} INFO - Setting next_dagrun for example_branch_datetime_operator_3 to 2023-01-19T00:00:00+00:00, run_after=2023-01-20T00:00:00+00:00
[2023-01-20T23:46:43.186+0000] {processor.py:178} INFO - Processing /home/airflow/.local/lib/python3.7/site-packages/airflow/example_dags/example_branch_datetime_operator.py took 0.082 seconds
[2023-01-20T23:47:13.672+0000] {processor.py:156} INFO - Started process (PID=918) to work on /home/airflow/.local/lib/python3.7/site-packages/airflow/example_dags/example_branch_datetime_operator.py
[2023-01-20T23:47:13.675+0000] {processor.py:758} INFO - Processing file /home/airflow/.local/lib/python3.7/site-packages/airflow/example_dags/example_branch_datetime_operator.py for tasks to queue
[2023-01-20T23:47:13.677+0000] {logging_mixin.py:117} INFO - [2023-01-20T23:47:13.676+0000] {dagbag.py:525} INFO - Filling up the DagBag from /home/airflow/.local/lib/python3.7/site-packages/airflow/example_dags/example_branch_datetime_operator.py
[2023-01-20T23:47:13.689+0000] {processor.py:768} INFO - DAG(s) dict_keys(['example_branch_datetime_operator_3', 'example_branch_datetime_operator', 'example_branch_datetime_operator_2']) retrieved from /home/airflow/.local/lib/python3.7/site-packages/airflow/example_dags/example_branch_datetime_operator.py
[2023-01-20T23:47:13.719+0000] {logging_mixin.py:117} INFO - [2023-01-20T23:47:13.719+0000] {dag.py:2573} INFO - Sync 3 DAGs
[2023-01-20T23:47:13.736+0000] {logging_mixin.py:117} INFO - [2023-01-20T23:47:13.736+0000] {dag.py:3328} INFO - Setting next_dagrun for example_branch_datetime_operator to 2023-01-19T00:00:00+00:00, run_after=2023-01-20T00:00:00+00:00
[2023-01-20T23:47:13.740+0000] {logging_mixin.py:117} INFO - [2023-01-20T23:47:13.740+0000] {dag.py:3328} INFO - Setting next_dagrun for example_branch_datetime_operator_2 to 2023-01-19T00:00:00+00:00, run_after=2023-01-20T00:00:00+00:00
[2023-01-20T23:47:13.742+0000] {logging_mixin.py:117} INFO - [2023-01-20T23:47:13.742+0000] {dag.py:3328} INFO - Setting next_dagrun for example_branch_datetime_operator_3 to 2023-01-19T00:00:00+00:00, run_after=2023-01-20T00:00:00+00:00
[2023-01-20T23:47:13.752+0000] {processor.py:178} INFO - Processing /home/airflow/.local/lib/python3.7/site-packages/airflow/example_dags/example_branch_datetime_operator.py took 0.082 seconds
[2023-01-20T23:47:44.166+0000] {processor.py:156} INFO - Started process (PID=981) to work on /home/airflow/.local/lib/python3.7/site-packages/airflow/example_dags/example_branch_datetime_operator.py
[2023-01-20T23:47:44.167+0000] {processor.py:758} INFO - Processing file /home/airflow/.local/lib/python3.7/site-packages/airflow/example_dags/example_branch_datetime_operator.py for tasks to queue
[2023-01-20T23:47:44.168+0000] {logging_mixin.py:117} INFO - [2023-01-20T23:47:44.168+0000] {dagbag.py:525} INFO - Filling up the DagBag from /home/airflow/.local/lib/python3.7/site-packages/airflow/example_dags/example_branch_datetime_operator.py
[2023-01-20T23:47:44.180+0000] {processor.py:768} INFO - DAG(s) dict_keys(['example_branch_datetime_operator_3', 'example_branch_datetime_operator_2', 'example_branch_datetime_operator']) retrieved from /home/airflow/.local/lib/python3.7/site-packages/airflow/example_dags/example_branch_datetime_operator.py
[2023-01-20T23:47:44.210+0000] {logging_mixin.py:117} INFO - [2023-01-20T23:47:44.210+0000] {dag.py:2573} INFO - Sync 3 DAGs
[2023-01-20T23:47:44.226+0000] {logging_mixin.py:117} INFO - [2023-01-20T23:47:44.226+0000] {dag.py:3328} INFO - Setting next_dagrun for example_branch_datetime_operator to 2023-01-19T00:00:00+00:00, run_after=2023-01-20T00:00:00+00:00
[2023-01-20T23:47:44.231+0000] {logging_mixin.py:117} INFO - [2023-01-20T23:47:44.231+0000] {dag.py:3328} INFO - Setting next_dagrun for example_branch_datetime_operator_2 to 2023-01-19T00:00:00+00:00, run_after=2023-01-20T00:00:00+00:00
[2023-01-20T23:47:44.232+0000] {logging_mixin.py:117} INFO - [2023-01-20T23:47:44.232+0000] {dag.py:3328} INFO - Setting next_dagrun for example_branch_datetime_operator_3 to 2023-01-19T00:00:00+00:00, run_after=2023-01-20T00:00:00+00:00
[2023-01-20T23:47:44.242+0000] {processor.py:178} INFO - Processing /home/airflow/.local/lib/python3.7/site-packages/airflow/example_dags/example_branch_datetime_operator.py took 0.079 seconds
[2023-01-20T23:48:14.671+0000] {processor.py:156} INFO - Started process (PID=1043) to work on /home/airflow/.local/lib/python3.7/site-packages/airflow/example_dags/example_branch_datetime_operator.py
[2023-01-20T23:48:14.673+0000] {processor.py:758} INFO - Processing file /home/airflow/.local/lib/python3.7/site-packages/airflow/example_dags/example_branch_datetime_operator.py for tasks to queue
[2023-01-20T23:48:14.674+0000] {logging_mixin.py:117} INFO - [2023-01-20T23:48:14.674+0000] {dagbag.py:525} INFO - Filling up the DagBag from /home/airflow/.local/lib/python3.7/site-packages/airflow/example_dags/example_branch_datetime_operator.py
[2023-01-20T23:48:14.686+0000] {processor.py:768} INFO - DAG(s) dict_keys(['example_branch_datetime_operator_2', 'example_branch_datetime_operator_3', 'example_branch_datetime_operator']) retrieved from /home/airflow/.local/lib/python3.7/site-packages/airflow/example_dags/example_branch_datetime_operator.py
[2023-01-20T23:48:14.716+0000] {logging_mixin.py:117} INFO - [2023-01-20T23:48:14.716+0000] {dag.py:2573} INFO - Sync 3 DAGs
[2023-01-20T23:48:14.732+0000] {logging_mixin.py:117} INFO - [2023-01-20T23:48:14.732+0000] {dag.py:3328} INFO - Setting next_dagrun for example_branch_datetime_operator to 2023-01-19T00:00:00+00:00, run_after=2023-01-20T00:00:00+00:00
[2023-01-20T23:48:14.735+0000] {logging_mixin.py:117} INFO - [2023-01-20T23:48:14.735+0000] {dag.py:3328} INFO - Setting next_dagrun for example_branch_datetime_operator_2 to 2023-01-19T00:00:00+00:00, run_after=2023-01-20T00:00:00+00:00
[2023-01-20T23:48:14.737+0000] {logging_mixin.py:117} INFO - [2023-01-20T23:48:14.737+0000] {dag.py:3328} INFO - Setting next_dagrun for example_branch_datetime_operator_3 to 2023-01-19T00:00:00+00:00, run_after=2023-01-20T00:00:00+00:00
[2023-01-20T23:48:14.747+0000] {processor.py:178} INFO - Processing /home/airflow/.local/lib/python3.7/site-packages/airflow/example_dags/example_branch_datetime_operator.py took 0.078 seconds
[2023-01-20T23:48:45.029+0000] {processor.py:156} INFO - Started process (PID=1106) to work on /home/airflow/.local/lib/python3.7/site-packages/airflow/example_dags/example_branch_datetime_operator.py
[2023-01-20T23:48:45.031+0000] {processor.py:758} INFO - Processing file /home/airflow/.local/lib/python3.7/site-packages/airflow/example_dags/example_branch_datetime_operator.py for tasks to queue
[2023-01-20T23:48:45.032+0000] {logging_mixin.py:117} INFO - [2023-01-20T23:48:45.032+0000] {dagbag.py:525} INFO - Filling up the DagBag from /home/airflow/.local/lib/python3.7/site-packages/airflow/example_dags/example_branch_datetime_operator.py
[2023-01-20T23:48:45.044+0000] {processor.py:768} INFO - DAG(s) dict_keys(['example_branch_datetime_operator_2', 'example_branch_datetime_operator_3', 'example_branch_datetime_operator']) retrieved from /home/airflow/.local/lib/python3.7/site-packages/airflow/example_dags/example_branch_datetime_operator.py
[2023-01-20T23:48:45.075+0000] {logging_mixin.py:117} INFO - [2023-01-20T23:48:45.074+0000] {dag.py:2573} INFO - Sync 3 DAGs
[2023-01-20T23:48:45.091+0000] {logging_mixin.py:117} INFO - [2023-01-20T23:48:45.091+0000] {dag.py:3328} INFO - Setting next_dagrun for example_branch_datetime_operator to 2023-01-19T00:00:00+00:00, run_after=2023-01-20T00:00:00+00:00
[2023-01-20T23:48:45.094+0000] {logging_mixin.py:117} INFO - [2023-01-20T23:48:45.094+0000] {dag.py:3328} INFO - Setting next_dagrun for example_branch_datetime_operator_2 to 2023-01-19T00:00:00+00:00, run_after=2023-01-20T00:00:00+00:00
[2023-01-20T23:48:45.096+0000] {logging_mixin.py:117} INFO - [2023-01-20T23:48:45.096+0000] {dag.py:3328} INFO - Setting next_dagrun for example_branch_datetime_operator_3 to 2023-01-19T00:00:00+00:00, run_after=2023-01-20T00:00:00+00:00
[2023-01-20T23:48:45.106+0000] {processor.py:178} INFO - Processing /home/airflow/.local/lib/python3.7/site-packages/airflow/example_dags/example_branch_datetime_operator.py took 0.079 seconds
[2023-01-20T23:49:15.335+0000] {processor.py:156} INFO - Started process (PID=1169) to work on /home/airflow/.local/lib/python3.7/site-packages/airflow/example_dags/example_branch_datetime_operator.py
[2023-01-20T23:49:15.336+0000] {processor.py:758} INFO - Processing file /home/airflow/.local/lib/python3.7/site-packages/airflow/example_dags/example_branch_datetime_operator.py for tasks to queue
[2023-01-20T23:49:15.337+0000] {logging_mixin.py:117} INFO - [2023-01-20T23:49:15.337+0000] {dagbag.py:525} INFO - Filling up the DagBag from /home/airflow/.local/lib/python3.7/site-packages/airflow/example_dags/example_branch_datetime_operator.py
[2023-01-20T23:49:15.348+0000] {processor.py:768} INFO - DAG(s) dict_keys(['example_branch_datetime_operator_3', 'example_branch_datetime_operator', 'example_branch_datetime_operator_2']) retrieved from /home/airflow/.local/lib/python3.7/site-packages/airflow/example_dags/example_branch_datetime_operator.py
[2023-01-20T23:49:15.376+0000] {logging_mixin.py:117} INFO - [2023-01-20T23:49:15.376+0000] {dag.py:2573} INFO - Sync 3 DAGs
[2023-01-20T23:49:15.391+0000] {logging_mixin.py:117} INFO - [2023-01-20T23:49:15.390+0000] {dag.py:3328} INFO - Setting next_dagrun for example_branch_datetime_operator to 2023-01-19T00:00:00+00:00, run_after=2023-01-20T00:00:00+00:00
[2023-01-20T23:49:15.394+0000] {logging_mixin.py:117} INFO - [2023-01-20T23:49:15.394+0000] {dag.py:3328} INFO - Setting next_dagrun for example_branch_datetime_operator_2 to 2023-01-19T00:00:00+00:00, run_after=2023-01-20T00:00:00+00:00
[2023-01-20T23:49:15.396+0000] {logging_mixin.py:117} INFO - [2023-01-20T23:49:15.396+0000] {dag.py:3328} INFO - Setting next_dagrun for example_branch_datetime_operator_3 to 2023-01-19T00:00:00+00:00, run_after=2023-01-20T00:00:00+00:00
[2023-01-20T23:49:15.405+0000] {processor.py:178} INFO - Processing /home/airflow/.local/lib/python3.7/site-packages/airflow/example_dags/example_branch_datetime_operator.py took 0.072 seconds
[2023-01-20T23:49:45.743+0000] {processor.py:156} INFO - Started process (PID=1223) to work on /home/airflow/.local/lib/python3.7/site-packages/airflow/example_dags/example_branch_datetime_operator.py
[2023-01-20T23:49:45.744+0000] {processor.py:758} INFO - Processing file /home/airflow/.local/lib/python3.7/site-packages/airflow/example_dags/example_branch_datetime_operator.py for tasks to queue
[2023-01-20T23:49:45.745+0000] {logging_mixin.py:117} INFO - [2023-01-20T23:49:45.745+0000] {dagbag.py:525} INFO - Filling up the DagBag from /home/airflow/.local/lib/python3.7/site-packages/airflow/example_dags/example_branch_datetime_operator.py
[2023-01-20T23:49:45.757+0000] {processor.py:768} INFO - DAG(s) dict_keys(['example_branch_datetime_operator_3', 'example_branch_datetime_operator_2', 'example_branch_datetime_operator']) retrieved from /home/airflow/.local/lib/python3.7/site-packages/airflow/example_dags/example_branch_datetime_operator.py
[2023-01-20T23:49:45.787+0000] {logging_mixin.py:117} INFO - [2023-01-20T23:49:45.787+0000] {dag.py:2573} INFO - Sync 3 DAGs
[2023-01-20T23:49:45.804+0000] {logging_mixin.py:117} INFO - [2023-01-20T23:49:45.804+0000] {dag.py:3328} INFO - Setting next_dagrun for example_branch_datetime_operator to 2023-01-19T00:00:00+00:00, run_after=2023-01-20T00:00:00+00:00
[2023-01-20T23:49:45.807+0000] {logging_mixin.py:117} INFO - [2023-01-20T23:49:45.807+0000] {dag.py:3328} INFO - Setting next_dagrun for example_branch_datetime_operator_2 to 2023-01-19T00:00:00+00:00, run_after=2023-01-20T00:00:00+00:00
[2023-01-20T23:49:45.809+0000] {logging_mixin.py:117} INFO - [2023-01-20T23:49:45.808+0000] {dag.py:3328} INFO - Setting next_dagrun for example_branch_datetime_operator_3 to 2023-01-19T00:00:00+00:00, run_after=2023-01-20T00:00:00+00:00
[2023-01-20T23:49:45.818+0000] {processor.py:178} INFO - Processing /home/airflow/.local/lib/python3.7/site-packages/airflow/example_dags/example_branch_datetime_operator.py took 0.078 seconds
[2023-01-20T23:50:16.046+0000] {processor.py:156} INFO - Started process (PID=1286) to work on /home/airflow/.local/lib/python3.7/site-packages/airflow/example_dags/example_branch_datetime_operator.py
[2023-01-20T23:50:16.048+0000] {processor.py:758} INFO - Processing file /home/airflow/.local/lib/python3.7/site-packages/airflow/example_dags/example_branch_datetime_operator.py for tasks to queue
[2023-01-20T23:50:16.048+0000] {logging_mixin.py:117} INFO - [2023-01-20T23:50:16.048+0000] {dagbag.py:525} INFO - Filling up the DagBag from /home/airflow/.local/lib/python3.7/site-packages/airflow/example_dags/example_branch_datetime_operator.py
[2023-01-20T23:50:16.061+0000] {processor.py:768} INFO - DAG(s) dict_keys(['example_branch_datetime_operator', 'example_branch_datetime_operator_3', 'example_branch_datetime_operator_2']) retrieved from /home/airflow/.local/lib/python3.7/site-packages/airflow/example_dags/example_branch_datetime_operator.py
[2023-01-20T23:50:16.091+0000] {logging_mixin.py:117} INFO - [2023-01-20T23:50:16.091+0000] {dag.py:2573} INFO - Sync 3 DAGs
[2023-01-20T23:50:16.106+0000] {logging_mixin.py:117} INFO - [2023-01-20T23:50:16.106+0000] {dag.py:3328} INFO - Setting next_dagrun for example_branch_datetime_operator to 2023-01-19T00:00:00+00:00, run_after=2023-01-20T00:00:00+00:00
[2023-01-20T23:50:16.110+0000] {logging_mixin.py:117} INFO - [2023-01-20T23:50:16.110+0000] {dag.py:3328} INFO - Setting next_dagrun for example_branch_datetime_operator_2 to 2023-01-19T00:00:00+00:00, run_after=2023-01-20T00:00:00+00:00
[2023-01-20T23:50:16.111+0000] {logging_mixin.py:117} INFO - [2023-01-20T23:50:16.111+0000] {dag.py:3328} INFO - Setting next_dagrun for example_branch_datetime_operator_3 to 2023-01-19T00:00:00+00:00, run_after=2023-01-20T00:00:00+00:00
[2023-01-20T23:50:16.120+0000] {processor.py:178} INFO - Processing /home/airflow/.local/lib/python3.7/site-packages/airflow/example_dags/example_branch_datetime_operator.py took 0.076 seconds
[2023-01-20T23:50:46.362+0000] {processor.py:156} INFO - Started process (PID=1349) to work on /home/airflow/.local/lib/python3.7/site-packages/airflow/example_dags/example_branch_datetime_operator.py
[2023-01-20T23:50:46.363+0000] {processor.py:758} INFO - Processing file /home/airflow/.local/lib/python3.7/site-packages/airflow/example_dags/example_branch_datetime_operator.py for tasks to queue
[2023-01-20T23:50:46.364+0000] {logging_mixin.py:117} INFO - [2023-01-20T23:50:46.364+0000] {dagbag.py:525} INFO - Filling up the DagBag from /home/airflow/.local/lib/python3.7/site-packages/airflow/example_dags/example_branch_datetime_operator.py
[2023-01-20T23:50:46.378+0000] {processor.py:768} INFO - DAG(s) dict_keys(['example_branch_datetime_operator_2', 'example_branch_datetime_operator_3', 'example_branch_datetime_operator']) retrieved from /home/airflow/.local/lib/python3.7/site-packages/airflow/example_dags/example_branch_datetime_operator.py
[2023-01-20T23:50:46.409+0000] {logging_mixin.py:117} INFO - [2023-01-20T23:50:46.409+0000] {dag.py:2573} INFO - Sync 3 DAGs
[2023-01-20T23:50:46.426+0000] {logging_mixin.py:117} INFO - [2023-01-20T23:50:46.426+0000] {dag.py:3328} INFO - Setting next_dagrun for example_branch_datetime_operator to 2023-01-19T00:00:00+00:00, run_after=2023-01-20T00:00:00+00:00
[2023-01-20T23:50:46.429+0000] {logging_mixin.py:117} INFO - [2023-01-20T23:50:46.429+0000] {dag.py:3328} INFO - Setting next_dagrun for example_branch_datetime_operator_2 to 2023-01-19T00:00:00+00:00, run_after=2023-01-20T00:00:00+00:00
[2023-01-20T23:50:46.431+0000] {logging_mixin.py:117} INFO - [2023-01-20T23:50:46.431+0000] {dag.py:3328} INFO - Setting next_dagrun for example_branch_datetime_operator_3 to 2023-01-19T00:00:00+00:00, run_after=2023-01-20T00:00:00+00:00
[2023-01-20T23:50:46.443+0000] {processor.py:178} INFO - Processing /home/airflow/.local/lib/python3.7/site-packages/airflow/example_dags/example_branch_datetime_operator.py took 0.085 seconds
[2023-01-20T23:51:16.803+0000] {processor.py:156} INFO - Started process (PID=1412) to work on /home/airflow/.local/lib/python3.7/site-packages/airflow/example_dags/example_branch_datetime_operator.py
[2023-01-20T23:51:16.804+0000] {processor.py:758} INFO - Processing file /home/airflow/.local/lib/python3.7/site-packages/airflow/example_dags/example_branch_datetime_operator.py for tasks to queue
[2023-01-20T23:51:16.805+0000] {logging_mixin.py:117} INFO - [2023-01-20T23:51:16.805+0000] {dagbag.py:525} INFO - Filling up the DagBag from /home/airflow/.local/lib/python3.7/site-packages/airflow/example_dags/example_branch_datetime_operator.py
[2023-01-20T23:51:16.818+0000] {processor.py:768} INFO - DAG(s) dict_keys(['example_branch_datetime_operator_2', 'example_branch_datetime_operator', 'example_branch_datetime_operator_3']) retrieved from /home/airflow/.local/lib/python3.7/site-packages/airflow/example_dags/example_branch_datetime_operator.py
[2023-01-20T23:51:16.848+0000] {logging_mixin.py:117} INFO - [2023-01-20T23:51:16.848+0000] {dag.py:2573} INFO - Sync 3 DAGs
[2023-01-20T23:51:16.864+0000] {logging_mixin.py:117} INFO - [2023-01-20T23:51:16.864+0000] {dag.py:3328} INFO - Setting next_dagrun for example_branch_datetime_operator to 2023-01-19T00:00:00+00:00, run_after=2023-01-20T00:00:00+00:00
[2023-01-20T23:51:16.867+0000] {logging_mixin.py:117} INFO - [2023-01-20T23:51:16.867+0000] {dag.py:3328} INFO - Setting next_dagrun for example_branch_datetime_operator_2 to 2023-01-19T00:00:00+00:00, run_after=2023-01-20T00:00:00+00:00
[2023-01-20T23:51:16.869+0000] {logging_mixin.py:117} INFO - [2023-01-20T23:51:16.869+0000] {dag.py:3328} INFO - Setting next_dagrun for example_branch_datetime_operator_3 to 2023-01-19T00:00:00+00:00, run_after=2023-01-20T00:00:00+00:00
[2023-01-20T23:51:16.879+0000] {processor.py:178} INFO - Processing /home/airflow/.local/lib/python3.7/site-packages/airflow/example_dags/example_branch_datetime_operator.py took 0.079 seconds
[2023-01-20T23:51:47.218+0000] {processor.py:156} INFO - Started process (PID=1476) to work on /home/airflow/.local/lib/python3.7/site-packages/airflow/example_dags/example_branch_datetime_operator.py
[2023-01-20T23:51:47.219+0000] {processor.py:758} INFO - Processing file /home/airflow/.local/lib/python3.7/site-packages/airflow/example_dags/example_branch_datetime_operator.py for tasks to queue
[2023-01-20T23:51:47.220+0000] {logging_mixin.py:117} INFO - [2023-01-20T23:51:47.220+0000] {dagbag.py:525} INFO - Filling up the DagBag from /home/airflow/.local/lib/python3.7/site-packages/airflow/example_dags/example_branch_datetime_operator.py
[2023-01-20T23:51:47.231+0000] {processor.py:768} INFO - DAG(s) dict_keys(['example_branch_datetime_operator', 'example_branch_datetime_operator_3', 'example_branch_datetime_operator_2']) retrieved from /home/airflow/.local/lib/python3.7/site-packages/airflow/example_dags/example_branch_datetime_operator.py
[2023-01-20T23:51:47.263+0000] {logging_mixin.py:117} INFO - [2023-01-20T23:51:47.263+0000] {dag.py:2573} INFO - Sync 3 DAGs
[2023-01-20T23:51:47.280+0000] {logging_mixin.py:117} INFO - [2023-01-20T23:51:47.280+0000] {dag.py:3328} INFO - Setting next_dagrun for example_branch_datetime_operator to 2023-01-19T00:00:00+00:00, run_after=2023-01-20T00:00:00+00:00
[2023-01-20T23:51:47.283+0000] {logging_mixin.py:117} INFO - [2023-01-20T23:51:47.283+0000] {dag.py:3328} INFO - Setting next_dagrun for example_branch_datetime_operator_2 to 2023-01-19T00:00:00+00:00, run_after=2023-01-20T00:00:00+00:00
[2023-01-20T23:51:47.285+0000] {logging_mixin.py:117} INFO - [2023-01-20T23:51:47.285+0000] {dag.py:3328} INFO - Setting next_dagrun for example_branch_datetime_operator_3 to 2023-01-19T00:00:00+00:00, run_after=2023-01-20T00:00:00+00:00
[2023-01-20T23:51:47.296+0000] {processor.py:178} INFO - Processing /home/airflow/.local/lib/python3.7/site-packages/airflow/example_dags/example_branch_datetime_operator.py took 0.080 seconds
[2023-01-20T23:52:17.845+0000] {processor.py:156} INFO - Started process (PID=1539) to work on /home/airflow/.local/lib/python3.7/site-packages/airflow/example_dags/example_branch_datetime_operator.py
[2023-01-20T23:52:17.848+0000] {processor.py:758} INFO - Processing file /home/airflow/.local/lib/python3.7/site-packages/airflow/example_dags/example_branch_datetime_operator.py for tasks to queue
[2023-01-20T23:52:17.856+0000] {logging_mixin.py:117} INFO - [2023-01-20T23:52:17.856+0000] {dagbag.py:525} INFO - Filling up the DagBag from /home/airflow/.local/lib/python3.7/site-packages/airflow/example_dags/example_branch_datetime_operator.py
[2023-01-20T23:52:17.872+0000] {processor.py:768} INFO - DAG(s) dict_keys(['example_branch_datetime_operator', 'example_branch_datetime_operator_3', 'example_branch_datetime_operator_2']) retrieved from /home/airflow/.local/lib/python3.7/site-packages/airflow/example_dags/example_branch_datetime_operator.py
[2023-01-20T23:52:17.906+0000] {logging_mixin.py:117} INFO - [2023-01-20T23:52:17.906+0000] {dag.py:2573} INFO - Sync 3 DAGs
[2023-01-20T23:52:17.922+0000] {logging_mixin.py:117} INFO - [2023-01-20T23:52:17.922+0000] {dag.py:3328} INFO - Setting next_dagrun for example_branch_datetime_operator to 2023-01-19T00:00:00+00:00, run_after=2023-01-20T00:00:00+00:00
[2023-01-20T23:52:17.925+0000] {logging_mixin.py:117} INFO - [2023-01-20T23:52:17.925+0000] {dag.py:3328} INFO - Setting next_dagrun for example_branch_datetime_operator_2 to 2023-01-19T00:00:00+00:00, run_after=2023-01-20T00:00:00+00:00
[2023-01-20T23:52:17.927+0000] {logging_mixin.py:117} INFO - [2023-01-20T23:52:17.927+0000] {dag.py:3328} INFO - Setting next_dagrun for example_branch_datetime_operator_3 to 2023-01-19T00:00:00+00:00, run_after=2023-01-20T00:00:00+00:00
[2023-01-20T23:52:17.938+0000] {processor.py:178} INFO - Processing /home/airflow/.local/lib/python3.7/site-packages/airflow/example_dags/example_branch_datetime_operator.py took 0.095 seconds
[2023-01-20T23:52:48.194+0000] {processor.py:156} INFO - Started process (PID=1593) to work on /home/airflow/.local/lib/python3.7/site-packages/airflow/example_dags/example_branch_datetime_operator.py
[2023-01-20T23:52:48.195+0000] {processor.py:758} INFO - Processing file /home/airflow/.local/lib/python3.7/site-packages/airflow/example_dags/example_branch_datetime_operator.py for tasks to queue
[2023-01-20T23:52:48.196+0000] {logging_mixin.py:117} INFO - [2023-01-20T23:52:48.196+0000] {dagbag.py:525} INFO - Filling up the DagBag from /home/airflow/.local/lib/python3.7/site-packages/airflow/example_dags/example_branch_datetime_operator.py
[2023-01-20T23:52:48.209+0000] {processor.py:768} INFO - DAG(s) dict_keys(['example_branch_datetime_operator', 'example_branch_datetime_operator_2', 'example_branch_datetime_operator_3']) retrieved from /home/airflow/.local/lib/python3.7/site-packages/airflow/example_dags/example_branch_datetime_operator.py
[2023-01-20T23:52:48.239+0000] {logging_mixin.py:117} INFO - [2023-01-20T23:52:48.239+0000] {dag.py:2573} INFO - Sync 3 DAGs
[2023-01-20T23:52:48.254+0000] {logging_mixin.py:117} INFO - [2023-01-20T23:52:48.254+0000] {dag.py:3328} INFO - Setting next_dagrun for example_branch_datetime_operator to 2023-01-19T00:00:00+00:00, run_after=2023-01-20T00:00:00+00:00
[2023-01-20T23:52:48.257+0000] {logging_mixin.py:117} INFO - [2023-01-20T23:52:48.257+0000] {dag.py:3328} INFO - Setting next_dagrun for example_branch_datetime_operator_2 to 2023-01-19T00:00:00+00:00, run_after=2023-01-20T00:00:00+00:00
[2023-01-20T23:52:48.259+0000] {logging_mixin.py:117} INFO - [2023-01-20T23:52:48.259+0000] {dag.py:3328} INFO - Setting next_dagrun for example_branch_datetime_operator_3 to 2023-01-19T00:00:00+00:00, run_after=2023-01-20T00:00:00+00:00
[2023-01-20T23:52:48.268+0000] {processor.py:178} INFO - Processing /home/airflow/.local/lib/python3.7/site-packages/airflow/example_dags/example_branch_datetime_operator.py took 0.077 seconds
[2023-01-20T23:53:18.645+0000] {processor.py:156} INFO - Started process (PID=1656) to work on /home/airflow/.local/lib/python3.7/site-packages/airflow/example_dags/example_branch_datetime_operator.py
[2023-01-20T23:53:18.647+0000] {processor.py:758} INFO - Processing file /home/airflow/.local/lib/python3.7/site-packages/airflow/example_dags/example_branch_datetime_operator.py for tasks to queue
[2023-01-20T23:53:18.648+0000] {logging_mixin.py:117} INFO - [2023-01-20T23:53:18.648+0000] {dagbag.py:525} INFO - Filling up the DagBag from /home/airflow/.local/lib/python3.7/site-packages/airflow/example_dags/example_branch_datetime_operator.py
[2023-01-20T23:53:18.662+0000] {processor.py:768} INFO - DAG(s) dict_keys(['example_branch_datetime_operator_3', 'example_branch_datetime_operator_2', 'example_branch_datetime_operator']) retrieved from /home/airflow/.local/lib/python3.7/site-packages/airflow/example_dags/example_branch_datetime_operator.py
[2023-01-20T23:53:18.696+0000] {logging_mixin.py:117} INFO - [2023-01-20T23:53:18.696+0000] {dag.py:2573} INFO - Sync 3 DAGs
[2023-01-20T23:53:18.715+0000] {logging_mixin.py:117} INFO - [2023-01-20T23:53:18.715+0000] {dag.py:3328} INFO - Setting next_dagrun for example_branch_datetime_operator to 2023-01-19T00:00:00+00:00, run_after=2023-01-20T00:00:00+00:00
[2023-01-20T23:53:18.719+0000] {logging_mixin.py:117} INFO - [2023-01-20T23:53:18.719+0000] {dag.py:3328} INFO - Setting next_dagrun for example_branch_datetime_operator_2 to 2023-01-19T00:00:00+00:00, run_after=2023-01-20T00:00:00+00:00
[2023-01-20T23:53:18.721+0000] {logging_mixin.py:117} INFO - [2023-01-20T23:53:18.721+0000] {dag.py:3328} INFO - Setting next_dagrun for example_branch_datetime_operator_3 to 2023-01-19T00:00:00+00:00, run_after=2023-01-20T00:00:00+00:00
[2023-01-20T23:53:18.730+0000] {processor.py:178} INFO - Processing /home/airflow/.local/lib/python3.7/site-packages/airflow/example_dags/example_branch_datetime_operator.py took 0.088 seconds
[2023-01-20T23:53:49.203+0000] {processor.py:156} INFO - Started process (PID=1720) to work on /home/airflow/.local/lib/python3.7/site-packages/airflow/example_dags/example_branch_datetime_operator.py
[2023-01-20T23:53:49.204+0000] {processor.py:758} INFO - Processing file /home/airflow/.local/lib/python3.7/site-packages/airflow/example_dags/example_branch_datetime_operator.py for tasks to queue
[2023-01-20T23:53:49.205+0000] {logging_mixin.py:117} INFO - [2023-01-20T23:53:49.205+0000] {dagbag.py:525} INFO - Filling up the DagBag from /home/airflow/.local/lib/python3.7/site-packages/airflow/example_dags/example_branch_datetime_operator.py
[2023-01-20T23:53:49.218+0000] {processor.py:768} INFO - DAG(s) dict_keys(['example_branch_datetime_operator', 'example_branch_datetime_operator_3', 'example_branch_datetime_operator_2']) retrieved from /home/airflow/.local/lib/python3.7/site-packages/airflow/example_dags/example_branch_datetime_operator.py
[2023-01-20T23:53:49.251+0000] {logging_mixin.py:117} INFO - [2023-01-20T23:53:49.251+0000] {dag.py:2573} INFO - Sync 3 DAGs
[2023-01-20T23:53:49.266+0000] {logging_mixin.py:117} INFO - [2023-01-20T23:53:49.266+0000] {dag.py:3328} INFO - Setting next_dagrun for example_branch_datetime_operator to 2023-01-19T00:00:00+00:00, run_after=2023-01-20T00:00:00+00:00
[2023-01-20T23:53:49.269+0000] {logging_mixin.py:117} INFO - [2023-01-20T23:53:49.269+0000] {dag.py:3328} INFO - Setting next_dagrun for example_branch_datetime_operator_2 to 2023-01-19T00:00:00+00:00, run_after=2023-01-20T00:00:00+00:00
[2023-01-20T23:53:49.271+0000] {logging_mixin.py:117} INFO - [2023-01-20T23:53:49.271+0000] {dag.py:3328} INFO - Setting next_dagrun for example_branch_datetime_operator_3 to 2023-01-19T00:00:00+00:00, run_after=2023-01-20T00:00:00+00:00
[2023-01-20T23:53:49.282+0000] {processor.py:178} INFO - Processing /home/airflow/.local/lib/python3.7/site-packages/airflow/example_dags/example_branch_datetime_operator.py took 0.083 seconds
[2023-01-20T23:54:19.598+0000] {processor.py:156} INFO - Started process (PID=1783) to work on /home/airflow/.local/lib/python3.7/site-packages/airflow/example_dags/example_branch_datetime_operator.py
[2023-01-20T23:54:19.600+0000] {processor.py:758} INFO - Processing file /home/airflow/.local/lib/python3.7/site-packages/airflow/example_dags/example_branch_datetime_operator.py for tasks to queue
[2023-01-20T23:54:19.601+0000] {logging_mixin.py:117} INFO - [2023-01-20T23:54:19.600+0000] {dagbag.py:525} INFO - Filling up the DagBag from /home/airflow/.local/lib/python3.7/site-packages/airflow/example_dags/example_branch_datetime_operator.py
[2023-01-20T23:54:19.613+0000] {processor.py:768} INFO - DAG(s) dict_keys(['example_branch_datetime_operator', 'example_branch_datetime_operator_2', 'example_branch_datetime_operator_3']) retrieved from /home/airflow/.local/lib/python3.7/site-packages/airflow/example_dags/example_branch_datetime_operator.py
[2023-01-20T23:54:19.648+0000] {logging_mixin.py:117} INFO - [2023-01-20T23:54:19.648+0000] {dag.py:2573} INFO - Sync 3 DAGs
[2023-01-20T23:54:19.663+0000] {logging_mixin.py:117} INFO - [2023-01-20T23:54:19.663+0000] {dag.py:3328} INFO - Setting next_dagrun for example_branch_datetime_operator to 2023-01-19T00:00:00+00:00, run_after=2023-01-20T00:00:00+00:00
[2023-01-20T23:54:19.666+0000] {logging_mixin.py:117} INFO - [2023-01-20T23:54:19.666+0000] {dag.py:3328} INFO - Setting next_dagrun for example_branch_datetime_operator_2 to 2023-01-19T00:00:00+00:00, run_after=2023-01-20T00:00:00+00:00
[2023-01-20T23:54:19.668+0000] {logging_mixin.py:117} INFO - [2023-01-20T23:54:19.668+0000] {dag.py:3328} INFO - Setting next_dagrun for example_branch_datetime_operator_3 to 2023-01-19T00:00:00+00:00, run_after=2023-01-20T00:00:00+00:00
[2023-01-20T23:54:19.678+0000] {processor.py:178} INFO - Processing /home/airflow/.local/lib/python3.7/site-packages/airflow/example_dags/example_branch_datetime_operator.py took 0.083 seconds
[2023-01-20T23:54:59.240+0000] {processor.py:156} INFO - Started process (PID=60) to work on /home/airflow/.local/lib/python3.7/site-packages/airflow/example_dags/example_branch_datetime_operator.py
[2023-01-20T23:54:59.248+0000] {processor.py:758} INFO - Processing file /home/airflow/.local/lib/python3.7/site-packages/airflow/example_dags/example_branch_datetime_operator.py for tasks to queue
[2023-01-20T23:54:59.251+0000] {logging_mixin.py:117} INFO - [2023-01-20T23:54:59.251+0000] {dagbag.py:525} INFO - Filling up the DagBag from /home/airflow/.local/lib/python3.7/site-packages/airflow/example_dags/example_branch_datetime_operator.py
[2023-01-20T23:54:59.294+0000] {processor.py:768} INFO - DAG(s) dict_keys(['example_branch_datetime_operator_3', 'example_branch_datetime_operator_2', 'example_branch_datetime_operator']) retrieved from /home/airflow/.local/lib/python3.7/site-packages/airflow/example_dags/example_branch_datetime_operator.py
[2023-01-20T23:55:00.191+0000] {logging_mixin.py:117} INFO - [2023-01-20T23:55:00.191+0000] {dag.py:2573} INFO - Sync 3 DAGs
[2023-01-20T23:55:00.230+0000] {logging_mixin.py:117} INFO - [2023-01-20T23:55:00.230+0000] {dag.py:3328} INFO - Setting next_dagrun for example_branch_datetime_operator to 2023-01-19T00:00:00+00:00, run_after=2023-01-20T00:00:00+00:00
[2023-01-20T23:55:00.234+0000] {logging_mixin.py:117} INFO - [2023-01-20T23:55:00.234+0000] {dag.py:3328} INFO - Setting next_dagrun for example_branch_datetime_operator_2 to 2023-01-19T00:00:00+00:00, run_after=2023-01-20T00:00:00+00:00
[2023-01-20T23:55:00.237+0000] {logging_mixin.py:117} INFO - [2023-01-20T23:55:00.237+0000] {dag.py:3328} INFO - Setting next_dagrun for example_branch_datetime_operator_3 to 2023-01-19T00:00:00+00:00, run_after=2023-01-20T00:00:00+00:00
[2023-01-20T23:55:00.255+0000] {processor.py:178} INFO - Processing /home/airflow/.local/lib/python3.7/site-packages/airflow/example_dags/example_branch_datetime_operator.py took 1.034 seconds
[2023-01-20T23:55:30.789+0000] {processor.py:156} INFO - Started process (PID=115) to work on /home/airflow/.local/lib/python3.7/site-packages/airflow/example_dags/example_branch_datetime_operator.py
[2023-01-20T23:55:30.795+0000] {processor.py:758} INFO - Processing file /home/airflow/.local/lib/python3.7/site-packages/airflow/example_dags/example_branch_datetime_operator.py for tasks to queue
[2023-01-20T23:55:30.802+0000] {logging_mixin.py:117} INFO - [2023-01-20T23:55:30.802+0000] {dagbag.py:525} INFO - Filling up the DagBag from /home/airflow/.local/lib/python3.7/site-packages/airflow/example_dags/example_branch_datetime_operator.py
[2023-01-20T23:55:30.889+0000] {processor.py:768} INFO - DAG(s) dict_keys(['example_branch_datetime_operator', 'example_branch_datetime_operator_3', 'example_branch_datetime_operator_2']) retrieved from /home/airflow/.local/lib/python3.7/site-packages/airflow/example_dags/example_branch_datetime_operator.py
[2023-01-20T23:55:35.202+0000] {logging_mixin.py:117} WARNING - Exception ignored in: <function WeakKeyDictionary.__init__.<locals>.remove at 0xffff8fbdfd40>
[2023-01-20T23:55:35.212+0000] {logging_mixin.py:117} WARNING - Traceback (most recent call last):
[2023-01-20T23:55:35.215+0000] {logging_mixin.py:117} WARNING -   File "/usr/local/lib/python3.7/weakref.py", line 358, in remove
[2023-01-20T23:55:35.225+0000] {logging_mixin.py:117} WARNING -     def remove(k, selfref=ref(self)):
[2023-01-20T23:55:35.229+0000] {logging_mixin.py:117} WARNING -   File "/home/airflow/.local/lib/python3.7/site-packages/airflow/dag_processing/manager.py", line 466, in _exit_gracefully
[2023-01-20T23:55:35.231+0000] {logging_mixin.py:117} WARNING -     self.log.debug("Current Stacktrace is: %s", '\n'.join(map(str, inspect.stack())))
[2023-01-20T23:55:35.235+0000] {logging_mixin.py:117} WARNING -   File "/usr/local/lib/python3.7/inspect.py", line 1513, in stack
[2023-01-20T23:55:35.243+0000] {logging_mixin.py:117} WARNING -     return getouterframes(sys._getframe(1), context)
[2023-01-20T23:55:35.245+0000] {logging_mixin.py:117} WARNING -   File "/usr/local/lib/python3.7/inspect.py", line 1490, in getouterframes
[2023-01-20T23:55:35.247+0000] {logging_mixin.py:117} WARNING -     frameinfo = (frame,) + getframeinfo(frame, context)
[2023-01-20T23:55:35.247+0000] {logging_mixin.py:117} WARNING -   File "/usr/local/lib/python3.7/inspect.py", line 1464, in getframeinfo
[2023-01-20T23:55:35.248+0000] {logging_mixin.py:117} WARNING -     lines, lnum = findsource(frame)
[2023-01-20T23:55:35.250+0000] {logging_mixin.py:117} WARNING -   File "/usr/local/lib/python3.7/inspect.py", line 780, in findsource
[2023-01-20T23:55:35.253+0000] {logging_mixin.py:117} WARNING -     module = getmodule(object, file)
[2023-01-20T23:55:35.254+0000] {logging_mixin.py:117} WARNING -   File "/usr/local/lib/python3.7/inspect.py", line 739, in getmodule
[2023-01-20T23:55:35.255+0000] {logging_mixin.py:117} WARNING -     f = getabsfile(module)
[2023-01-20T23:55:35.257+0000] {logging_mixin.py:117} WARNING -   File "/usr/local/lib/python3.7/inspect.py", line 708, in getabsfile
[2023-01-20T23:55:35.260+0000] {logging_mixin.py:117} WARNING -     _filename = getsourcefile(object) or getfile(object)
[2023-01-20T23:55:35.261+0000] {logging_mixin.py:117} WARNING -   File "/usr/local/lib/python3.7/inspect.py", line 693, in getsourcefile
[2023-01-20T23:55:35.262+0000] {logging_mixin.py:117} WARNING -     if os.path.exists(filename):
[2023-01-20T23:55:35.263+0000] {logging_mixin.py:117} WARNING -   File "/usr/local/lib/python3.7/genericpath.py", line 19, in exists
[2023-01-20T23:55:35.264+0000] {logging_mixin.py:117} WARNING -     os.stat(path)
[2023-01-20T23:55:35.264+0000] {logging_mixin.py:117} WARNING -   File "/home/airflow/.local/lib/python3.7/site-packages/airflow/dag_processing/manager.py", line 466, in _exit_gracefully
[2023-01-20T23:55:35.265+0000] {logging_mixin.py:117} WARNING -     self.log.debug("Current Stacktrace is: %s", '\n'.join(map(str, inspect.stack())))
[2023-01-20T23:55:35.266+0000] {logging_mixin.py:117} WARNING -   File "/usr/local/lib/python3.7/inspect.py", line 1513, in stack
[2023-01-20T23:55:35.267+0000] {logging_mixin.py:117} WARNING -     return getouterframes(sys._getframe(1), context)
[2023-01-20T23:55:35.269+0000] {logging_mixin.py:117} WARNING -   File "/usr/local/lib/python3.7/inspect.py", line 1490, in getouterframes
[2023-01-20T23:55:35.270+0000] {logging_mixin.py:117} WARNING -     frameinfo = (frame,) + getframeinfo(frame, context)
[2023-01-20T23:55:35.271+0000] {logging_mixin.py:117} WARNING -   File "/usr/local/lib/python3.7/inspect.py", line 1464, in getframeinfo
[2023-01-20T23:55:35.272+0000] {logging_mixin.py:117} WARNING -     lines, lnum = findsource(frame)
[2023-01-20T23:55:35.273+0000] {logging_mixin.py:117} WARNING -   File "/usr/local/lib/python3.7/inspect.py", line 768, in findsource
[2023-01-20T23:55:35.275+0000] {logging_mixin.py:117} WARNING -     file = getsourcefile(object)
[2023-01-20T23:55:35.276+0000] {logging_mixin.py:117} WARNING -   File "/usr/local/lib/python3.7/inspect.py", line 696, in getsourcefile
[2023-01-20T23:55:35.276+0000] {logging_mixin.py:117} WARNING -     if getattr(getmodule(object, filename), '__loader__', None) is not None:
[2023-01-20T23:55:35.277+0000] {logging_mixin.py:117} WARNING -   File "/usr/local/lib/python3.7/inspect.py", line 733, in getmodule
[2023-01-20T23:55:35.278+0000] {logging_mixin.py:117} WARNING -     if ismodule(module) and hasattr(module, '__file__'):
[2023-01-20T23:55:35.279+0000] {logging_mixin.py:117} WARNING -   File "/home/airflow/.local/lib/python3.7/site-packages/airflow/utils/deprecation_tools.py", line 29, in getattr_with_deprecation
[2023-01-20T23:55:35.280+0000] {logging_mixin.py:117} WARNING -     raise AttributeError(f"The module `{module!r}` has no attribute `{name!r}`")
[2023-01-20T23:55:35.281+0000] {logging_mixin.py:117} WARNING -   File "/home/airflow/.local/lib/python3.7/site-packages/airflow/dag_processing/manager.py", line 470, in _exit_gracefully
[2023-01-20T23:55:35.285+0000] {logging_mixin.py:117} WARNING -     sys.exit(os.EX_OK)
[2023-01-20T23:55:35.287+0000] {logging_mixin.py:117} WARNING - SystemExit: 0
[2023-01-20T23:55:35.447+0000] {logging_mixin.py:117} INFO - [2023-01-20T23:55:35.446+0000] {dag.py:2573} INFO - Sync 3 DAGs
[2023-01-20T23:55:35.501+0000] {logging_mixin.py:117} INFO - [2023-01-20T23:55:35.501+0000] {dag.py:3328} INFO - Setting next_dagrun for example_branch_datetime_operator to 2023-01-19T00:00:00+00:00, run_after=2023-01-20T00:00:00+00:00
[2023-01-20T23:55:35.509+0000] {logging_mixin.py:117} INFO - [2023-01-20T23:55:35.509+0000] {dag.py:3328} INFO - Setting next_dagrun for example_branch_datetime_operator_2 to 2023-01-19T00:00:00+00:00, run_after=2023-01-20T00:00:00+00:00
[2023-01-20T23:55:35.512+0000] {logging_mixin.py:117} INFO - [2023-01-20T23:55:35.512+0000] {dag.py:3328} INFO - Setting next_dagrun for example_branch_datetime_operator_3 to 2023-01-19T00:00:00+00:00, run_after=2023-01-20T00:00:00+00:00
[2023-01-20T23:55:35.540+0000] {processor.py:178} INFO - Processing /home/airflow/.local/lib/python3.7/site-packages/airflow/example_dags/example_branch_datetime_operator.py took 4.766 seconds
[2023-01-20T23:57:37.138+0000] {processor.py:156} INFO - Started process (PID=60) to work on /home/airflow/.local/lib/python3.7/site-packages/airflow/example_dags/example_branch_datetime_operator.py
[2023-01-20T23:57:37.141+0000] {processor.py:758} INFO - Processing file /home/airflow/.local/lib/python3.7/site-packages/airflow/example_dags/example_branch_datetime_operator.py for tasks to queue
[2023-01-20T23:57:37.144+0000] {logging_mixin.py:117} INFO - [2023-01-20T23:57:37.144+0000] {dagbag.py:525} INFO - Filling up the DagBag from /home/airflow/.local/lib/python3.7/site-packages/airflow/example_dags/example_branch_datetime_operator.py
[2023-01-20T23:57:37.173+0000] {processor.py:768} INFO - DAG(s) dict_keys(['example_branch_datetime_operator', 'example_branch_datetime_operator_2', 'example_branch_datetime_operator_3']) retrieved from /home/airflow/.local/lib/python3.7/site-packages/airflow/example_dags/example_branch_datetime_operator.py
[2023-01-20T23:57:37.227+0000] {logging_mixin.py:117} INFO - [2023-01-20T23:57:37.227+0000] {dag.py:2573} INFO - Sync 3 DAGs
[2023-01-20T23:57:37.537+0000] {logging_mixin.py:117} INFO - [2023-01-20T23:57:37.537+0000] {dag.py:3328} INFO - Setting next_dagrun for example_branch_datetime_operator to 2023-01-19T00:00:00+00:00, run_after=2023-01-20T00:00:00+00:00
[2023-01-20T23:57:37.542+0000] {logging_mixin.py:117} INFO - [2023-01-20T23:57:37.542+0000] {dag.py:3328} INFO - Setting next_dagrun for example_branch_datetime_operator_2 to 2023-01-19T00:00:00+00:00, run_after=2023-01-20T00:00:00+00:00
[2023-01-20T23:57:37.546+0000] {logging_mixin.py:117} INFO - [2023-01-20T23:57:37.546+0000] {dag.py:3328} INFO - Setting next_dagrun for example_branch_datetime_operator_3 to 2023-01-19T00:00:00+00:00, run_after=2023-01-20T00:00:00+00:00
[2023-01-20T23:57:37.574+0000] {processor.py:178} INFO - Processing /home/airflow/.local/lib/python3.7/site-packages/airflow/example_dags/example_branch_datetime_operator.py took 0.439 seconds
[2023-01-20T23:58:07.901+0000] {processor.py:156} INFO - Started process (PID=113) to work on /home/airflow/.local/lib/python3.7/site-packages/airflow/example_dags/example_branch_datetime_operator.py
[2023-01-20T23:58:07.903+0000] {processor.py:758} INFO - Processing file /home/airflow/.local/lib/python3.7/site-packages/airflow/example_dags/example_branch_datetime_operator.py for tasks to queue
[2023-01-20T23:58:07.904+0000] {logging_mixin.py:117} INFO - [2023-01-20T23:58:07.903+0000] {dagbag.py:525} INFO - Filling up the DagBag from /home/airflow/.local/lib/python3.7/site-packages/airflow/example_dags/example_branch_datetime_operator.py
[2023-01-20T23:58:07.920+0000] {processor.py:768} INFO - DAG(s) dict_keys(['example_branch_datetime_operator_3', 'example_branch_datetime_operator_2', 'example_branch_datetime_operator']) retrieved from /home/airflow/.local/lib/python3.7/site-packages/airflow/example_dags/example_branch_datetime_operator.py
[2023-01-20T23:58:08.068+0000] {logging_mixin.py:117} INFO - [2023-01-20T23:58:08.068+0000] {dag.py:2573} INFO - Sync 3 DAGs
[2023-01-20T23:58:08.084+0000] {logging_mixin.py:117} INFO - [2023-01-20T23:58:08.084+0000] {dag.py:3328} INFO - Setting next_dagrun for example_branch_datetime_operator to 2023-01-19T00:00:00+00:00, run_after=2023-01-20T00:00:00+00:00
[2023-01-20T23:58:08.087+0000] {logging_mixin.py:117} INFO - [2023-01-20T23:58:08.087+0000] {dag.py:3328} INFO - Setting next_dagrun for example_branch_datetime_operator_2 to 2023-01-19T00:00:00+00:00, run_after=2023-01-20T00:00:00+00:00
[2023-01-20T23:58:08.089+0000] {logging_mixin.py:117} INFO - [2023-01-20T23:58:08.089+0000] {dag.py:3328} INFO - Setting next_dagrun for example_branch_datetime_operator_3 to 2023-01-19T00:00:00+00:00, run_after=2023-01-20T00:00:00+00:00
[2023-01-20T23:58:08.104+0000] {processor.py:178} INFO - Processing /home/airflow/.local/lib/python3.7/site-packages/airflow/example_dags/example_branch_datetime_operator.py took 0.206 seconds
[2023-01-20T23:58:38.479+0000] {processor.py:156} INFO - Started process (PID=176) to work on /home/airflow/.local/lib/python3.7/site-packages/airflow/example_dags/example_branch_datetime_operator.py
[2023-01-20T23:58:38.481+0000] {processor.py:758} INFO - Processing file /home/airflow/.local/lib/python3.7/site-packages/airflow/example_dags/example_branch_datetime_operator.py for tasks to queue
[2023-01-20T23:58:38.481+0000] {logging_mixin.py:117} INFO - [2023-01-20T23:58:38.481+0000] {dagbag.py:525} INFO - Filling up the DagBag from /home/airflow/.local/lib/python3.7/site-packages/airflow/example_dags/example_branch_datetime_operator.py
[2023-01-20T23:58:38.606+0000] {processor.py:768} INFO - DAG(s) dict_keys(['example_branch_datetime_operator', 'example_branch_datetime_operator_3', 'example_branch_datetime_operator_2']) retrieved from /home/airflow/.local/lib/python3.7/site-packages/airflow/example_dags/example_branch_datetime_operator.py
[2023-01-20T23:58:38.631+0000] {logging_mixin.py:117} INFO - [2023-01-20T23:58:38.630+0000] {dag.py:2573} INFO - Sync 3 DAGs
[2023-01-20T23:58:38.646+0000] {logging_mixin.py:117} INFO - [2023-01-20T23:58:38.646+0000] {dag.py:3328} INFO - Setting next_dagrun for example_branch_datetime_operator to 2023-01-19T00:00:00+00:00, run_after=2023-01-20T00:00:00+00:00
[2023-01-20T23:58:38.650+0000] {logging_mixin.py:117} INFO - [2023-01-20T23:58:38.649+0000] {dag.py:3328} INFO - Setting next_dagrun for example_branch_datetime_operator_2 to 2023-01-19T00:00:00+00:00, run_after=2023-01-20T00:00:00+00:00
[2023-01-20T23:58:38.652+0000] {logging_mixin.py:117} INFO - [2023-01-20T23:58:38.652+0000] {dag.py:3328} INFO - Setting next_dagrun for example_branch_datetime_operator_3 to 2023-01-19T00:00:00+00:00, run_after=2023-01-20T00:00:00+00:00
[2023-01-20T23:58:38.662+0000] {processor.py:178} INFO - Processing /home/airflow/.local/lib/python3.7/site-packages/airflow/example_dags/example_branch_datetime_operator.py took 0.185 seconds
[2023-01-20T23:59:08.787+0000] {processor.py:156} INFO - Started process (PID=239) to work on /home/airflow/.local/lib/python3.7/site-packages/airflow/example_dags/example_branch_datetime_operator.py
[2023-01-20T23:59:08.788+0000] {processor.py:758} INFO - Processing file /home/airflow/.local/lib/python3.7/site-packages/airflow/example_dags/example_branch_datetime_operator.py for tasks to queue
[2023-01-20T23:59:08.788+0000] {logging_mixin.py:117} INFO - [2023-01-20T23:59:08.788+0000] {dagbag.py:525} INFO - Filling up the DagBag from /home/airflow/.local/lib/python3.7/site-packages/airflow/example_dags/example_branch_datetime_operator.py
[2023-01-20T23:59:08.800+0000] {processor.py:768} INFO - DAG(s) dict_keys(['example_branch_datetime_operator', 'example_branch_datetime_operator_3', 'example_branch_datetime_operator_2']) retrieved from /home/airflow/.local/lib/python3.7/site-packages/airflow/example_dags/example_branch_datetime_operator.py
[2023-01-20T23:59:08.830+0000] {logging_mixin.py:117} INFO - [2023-01-20T23:59:08.830+0000] {dag.py:2573} INFO - Sync 3 DAGs
[2023-01-20T23:59:08.845+0000] {logging_mixin.py:117} INFO - [2023-01-20T23:59:08.845+0000] {dag.py:3328} INFO - Setting next_dagrun for example_branch_datetime_operator to 2023-01-19T00:00:00+00:00, run_after=2023-01-20T00:00:00+00:00
[2023-01-20T23:59:08.848+0000] {logging_mixin.py:117} INFO - [2023-01-20T23:59:08.848+0000] {dag.py:3328} INFO - Setting next_dagrun for example_branch_datetime_operator_2 to 2023-01-19T00:00:00+00:00, run_after=2023-01-20T00:00:00+00:00
[2023-01-20T23:59:08.849+0000] {logging_mixin.py:117} INFO - [2023-01-20T23:59:08.849+0000] {dag.py:3328} INFO - Setting next_dagrun for example_branch_datetime_operator_3 to 2023-01-19T00:00:00+00:00, run_after=2023-01-20T00:00:00+00:00
[2023-01-20T23:59:08.859+0000] {processor.py:178} INFO - Processing /home/airflow/.local/lib/python3.7/site-packages/airflow/example_dags/example_branch_datetime_operator.py took 0.075 seconds
[2023-01-20T23:59:39.176+0000] {processor.py:156} INFO - Started process (PID=302) to work on /home/airflow/.local/lib/python3.7/site-packages/airflow/example_dags/example_branch_datetime_operator.py
[2023-01-20T23:59:39.177+0000] {processor.py:758} INFO - Processing file /home/airflow/.local/lib/python3.7/site-packages/airflow/example_dags/example_branch_datetime_operator.py for tasks to queue
[2023-01-20T23:59:39.178+0000] {logging_mixin.py:117} INFO - [2023-01-20T23:59:39.178+0000] {dagbag.py:525} INFO - Filling up the DagBag from /home/airflow/.local/lib/python3.7/site-packages/airflow/example_dags/example_branch_datetime_operator.py
[2023-01-20T23:59:39.190+0000] {processor.py:768} INFO - DAG(s) dict_keys(['example_branch_datetime_operator_2', 'example_branch_datetime_operator_3', 'example_branch_datetime_operator']) retrieved from /home/airflow/.local/lib/python3.7/site-packages/airflow/example_dags/example_branch_datetime_operator.py
[2023-01-20T23:59:39.222+0000] {logging_mixin.py:117} INFO - [2023-01-20T23:59:39.222+0000] {dag.py:2573} INFO - Sync 3 DAGs
[2023-01-20T23:59:39.238+0000] {logging_mixin.py:117} INFO - [2023-01-20T23:59:39.238+0000] {dag.py:3328} INFO - Setting next_dagrun for example_branch_datetime_operator to 2023-01-19T00:00:00+00:00, run_after=2023-01-20T00:00:00+00:00
[2023-01-20T23:59:39.241+0000] {logging_mixin.py:117} INFO - [2023-01-20T23:59:39.241+0000] {dag.py:3328} INFO - Setting next_dagrun for example_branch_datetime_operator_2 to 2023-01-19T00:00:00+00:00, run_after=2023-01-20T00:00:00+00:00
[2023-01-20T23:59:39.243+0000] {logging_mixin.py:117} INFO - [2023-01-20T23:59:39.243+0000] {dag.py:3328} INFO - Setting next_dagrun for example_branch_datetime_operator_3 to 2023-01-19T00:00:00+00:00, run_after=2023-01-20T00:00:00+00:00
[2023-01-20T23:59:39.251+0000] {processor.py:178} INFO - Processing /home/airflow/.local/lib/python3.7/site-packages/airflow/example_dags/example_branch_datetime_operator.py took 0.078 seconds
