[2023-01-20T23:39:57.054+0000] {processor.py:156} INFO - Started process (PID=43) to work on /home/airflow/.local/lib/python3.7/site-packages/airflow/example_dags/example_sla_dag.py
[2023-01-20T23:39:57.058+0000] {processor.py:758} INFO - Processing file /home/airflow/.local/lib/python3.7/site-packages/airflow/example_dags/example_sla_dag.py for tasks to queue
[2023-01-20T23:39:57.061+0000] {logging_mixin.py:117} INFO - [2023-01-20T23:39:57.061+0000] {dagbag.py:525} INFO - Filling up the DagBag from /home/airflow/.local/lib/python3.7/site-packages/airflow/example_dags/example_sla_dag.py
[2023-01-20T23:39:57.129+0000] {processor.py:768} INFO - DAG(s) dict_keys(['example_sla_dag']) retrieved from /home/airflow/.local/lib/python3.7/site-packages/airflow/example_dags/example_sla_dag.py
[2023-01-20T23:39:59.525+0000] {logging_mixin.py:117} INFO - [2023-01-20T23:39:59.525+0000] {dag.py:2573} INFO - Sync 1 DAGs
[2023-01-20T23:39:59.740+0000] {logging_mixin.py:117} INFO - [2023-01-20T23:39:59.740+0000] {dag.py:3328} INFO - Setting next_dagrun for example_sla_dag to 2023-01-20T23:36:00+00:00, run_after=2023-01-20T23:38:00+00:00
[2023-01-20T23:40:00.078+0000] {processor.py:178} INFO - Processing /home/airflow/.local/lib/python3.7/site-packages/airflow/example_dags/example_sla_dag.py took 3.023 seconds
[2023-01-20T23:40:30.846+0000] {processor.py:156} INFO - Started process (PID=105) to work on /home/airflow/.local/lib/python3.7/site-packages/airflow/example_dags/example_sla_dag.py
[2023-01-20T23:40:30.850+0000] {processor.py:758} INFO - Processing file /home/airflow/.local/lib/python3.7/site-packages/airflow/example_dags/example_sla_dag.py for tasks to queue
[2023-01-20T23:40:30.852+0000] {logging_mixin.py:117} INFO - [2023-01-20T23:40:30.851+0000] {dagbag.py:525} INFO - Filling up the DagBag from /home/airflow/.local/lib/python3.7/site-packages/airflow/example_dags/example_sla_dag.py
[2023-01-20T23:40:30.886+0000] {processor.py:768} INFO - DAG(s) dict_keys(['example_sla_dag']) retrieved from /home/airflow/.local/lib/python3.7/site-packages/airflow/example_dags/example_sla_dag.py
[2023-01-20T23:40:31.112+0000] {logging_mixin.py:117} INFO - [2023-01-20T23:40:31.112+0000] {dag.py:2573} INFO - Sync 1 DAGs
[2023-01-20T23:40:31.129+0000] {logging_mixin.py:117} INFO - [2023-01-20T23:40:31.129+0000] {dag.py:3328} INFO - Setting next_dagrun for example_sla_dag to 2023-01-20T23:38:00+00:00, run_after=2023-01-20T23:40:00+00:00
[2023-01-20T23:40:31.140+0000] {processor.py:178} INFO - Processing /home/airflow/.local/lib/python3.7/site-packages/airflow/example_dags/example_sla_dag.py took 0.301 seconds
[2023-01-20T23:41:01.533+0000] {processor.py:156} INFO - Started process (PID=170) to work on /home/airflow/.local/lib/python3.7/site-packages/airflow/example_dags/example_sla_dag.py
[2023-01-20T23:41:01.536+0000] {processor.py:758} INFO - Processing file /home/airflow/.local/lib/python3.7/site-packages/airflow/example_dags/example_sla_dag.py for tasks to queue
[2023-01-20T23:41:01.537+0000] {logging_mixin.py:117} INFO - [2023-01-20T23:41:01.537+0000] {dagbag.py:525} INFO - Filling up the DagBag from /home/airflow/.local/lib/python3.7/site-packages/airflow/example_dags/example_sla_dag.py
[2023-01-20T23:41:01.698+0000] {processor.py:768} INFO - DAG(s) dict_keys(['example_sla_dag']) retrieved from /home/airflow/.local/lib/python3.7/site-packages/airflow/example_dags/example_sla_dag.py
[2023-01-20T23:41:01.724+0000] {logging_mixin.py:117} INFO - [2023-01-20T23:41:01.723+0000] {dag.py:2573} INFO - Sync 1 DAGs
[2023-01-20T23:41:01.739+0000] {logging_mixin.py:117} INFO - [2023-01-20T23:41:01.739+0000] {dag.py:3328} INFO - Setting next_dagrun for example_sla_dag to 2023-01-20T23:38:00+00:00, run_after=2023-01-20T23:40:00+00:00
[2023-01-20T23:41:01.749+0000] {processor.py:178} INFO - Processing /home/airflow/.local/lib/python3.7/site-packages/airflow/example_dags/example_sla_dag.py took 0.220 seconds
[2023-01-20T23:41:32.102+0000] {processor.py:156} INFO - Started process (PID=231) to work on /home/airflow/.local/lib/python3.7/site-packages/airflow/example_dags/example_sla_dag.py
[2023-01-20T23:41:32.104+0000] {processor.py:758} INFO - Processing file /home/airflow/.local/lib/python3.7/site-packages/airflow/example_dags/example_sla_dag.py for tasks to queue
[2023-01-20T23:41:32.105+0000] {logging_mixin.py:117} INFO - [2023-01-20T23:41:32.105+0000] {dagbag.py:525} INFO - Filling up the DagBag from /home/airflow/.local/lib/python3.7/site-packages/airflow/example_dags/example_sla_dag.py
[2023-01-20T23:41:32.116+0000] {processor.py:768} INFO - DAG(s) dict_keys(['example_sla_dag']) retrieved from /home/airflow/.local/lib/python3.7/site-packages/airflow/example_dags/example_sla_dag.py
[2023-01-20T23:41:32.139+0000] {logging_mixin.py:117} INFO - [2023-01-20T23:41:32.139+0000] {dag.py:2573} INFO - Sync 1 DAGs
[2023-01-20T23:41:32.153+0000] {logging_mixin.py:117} INFO - [2023-01-20T23:41:32.153+0000] {dag.py:3328} INFO - Setting next_dagrun for example_sla_dag to 2023-01-20T23:38:00+00:00, run_after=2023-01-20T23:40:00+00:00
[2023-01-20T23:41:32.163+0000] {processor.py:178} INFO - Processing /home/airflow/.local/lib/python3.7/site-packages/airflow/example_dags/example_sla_dag.py took 0.180 seconds
[2023-01-20T23:42:02.800+0000] {processor.py:156} INFO - Started process (PID=287) to work on /home/airflow/.local/lib/python3.7/site-packages/airflow/example_dags/example_sla_dag.py
[2023-01-20T23:42:02.803+0000] {processor.py:758} INFO - Processing file /home/airflow/.local/lib/python3.7/site-packages/airflow/example_dags/example_sla_dag.py for tasks to queue
[2023-01-20T23:42:02.805+0000] {logging_mixin.py:117} INFO - [2023-01-20T23:42:02.805+0000] {dagbag.py:525} INFO - Filling up the DagBag from /home/airflow/.local/lib/python3.7/site-packages/airflow/example_dags/example_sla_dag.py
[2023-01-20T23:42:02.835+0000] {processor.py:768} INFO - DAG(s) dict_keys(['example_sla_dag']) retrieved from /home/airflow/.local/lib/python3.7/site-packages/airflow/example_dags/example_sla_dag.py
[2023-01-20T23:42:02.870+0000] {logging_mixin.py:117} INFO - [2023-01-20T23:42:02.870+0000] {dag.py:2573} INFO - Sync 1 DAGs
[2023-01-20T23:42:02.888+0000] {logging_mixin.py:117} INFO - [2023-01-20T23:42:02.888+0000] {dag.py:3328} INFO - Setting next_dagrun for example_sla_dag to 2023-01-20T23:40:00+00:00, run_after=2023-01-20T23:42:00+00:00
[2023-01-20T23:42:02.899+0000] {processor.py:178} INFO - Processing /home/airflow/.local/lib/python3.7/site-packages/airflow/example_dags/example_sla_dag.py took 0.107 seconds
[2023-01-20T23:42:33.558+0000] {processor.py:156} INFO - Started process (PID=350) to work on /home/airflow/.local/lib/python3.7/site-packages/airflow/example_dags/example_sla_dag.py
[2023-01-20T23:42:33.560+0000] {processor.py:758} INFO - Processing file /home/airflow/.local/lib/python3.7/site-packages/airflow/example_dags/example_sla_dag.py for tasks to queue
[2023-01-20T23:42:33.562+0000] {logging_mixin.py:117} INFO - [2023-01-20T23:42:33.562+0000] {dagbag.py:525} INFO - Filling up the DagBag from /home/airflow/.local/lib/python3.7/site-packages/airflow/example_dags/example_sla_dag.py
[2023-01-20T23:42:33.593+0000] {processor.py:768} INFO - DAG(s) dict_keys(['example_sla_dag']) retrieved from /home/airflow/.local/lib/python3.7/site-packages/airflow/example_dags/example_sla_dag.py
[2023-01-20T23:42:33.623+0000] {logging_mixin.py:117} INFO - [2023-01-20T23:42:33.623+0000] {dag.py:2573} INFO - Sync 1 DAGs
[2023-01-20T23:42:33.638+0000] {logging_mixin.py:117} INFO - [2023-01-20T23:42:33.638+0000] {dag.py:3328} INFO - Setting next_dagrun for example_sla_dag to 2023-01-20T23:40:00+00:00, run_after=2023-01-20T23:42:00+00:00
[2023-01-20T23:42:33.649+0000] {processor.py:178} INFO - Processing /home/airflow/.local/lib/python3.7/site-packages/airflow/example_dags/example_sla_dag.py took 0.098 seconds
[2023-01-20T23:43:04.200+0000] {processor.py:156} INFO - Started process (PID=414) to work on /home/airflow/.local/lib/python3.7/site-packages/airflow/example_dags/example_sla_dag.py
[2023-01-20T23:43:04.201+0000] {processor.py:758} INFO - Processing file /home/airflow/.local/lib/python3.7/site-packages/airflow/example_dags/example_sla_dag.py for tasks to queue
[2023-01-20T23:43:04.202+0000] {logging_mixin.py:117} INFO - [2023-01-20T23:43:04.202+0000] {dagbag.py:525} INFO - Filling up the DagBag from /home/airflow/.local/lib/python3.7/site-packages/airflow/example_dags/example_sla_dag.py
[2023-01-20T23:43:04.218+0000] {processor.py:768} INFO - DAG(s) dict_keys(['example_sla_dag']) retrieved from /home/airflow/.local/lib/python3.7/site-packages/airflow/example_dags/example_sla_dag.py
[2023-01-20T23:43:04.243+0000] {logging_mixin.py:117} INFO - [2023-01-20T23:43:04.243+0000] {dag.py:2573} INFO - Sync 1 DAGs
[2023-01-20T23:43:04.259+0000] {logging_mixin.py:117} INFO - [2023-01-20T23:43:04.259+0000] {dag.py:3328} INFO - Setting next_dagrun for example_sla_dag to 2023-01-20T23:40:00+00:00, run_after=2023-01-20T23:42:00+00:00
[2023-01-20T23:43:04.269+0000] {processor.py:178} INFO - Processing /home/airflow/.local/lib/python3.7/site-packages/airflow/example_dags/example_sla_dag.py took 0.072 seconds
[2023-01-20T23:43:34.366+0000] {processor.py:156} INFO - Started process (PID=477) to work on /home/airflow/.local/lib/python3.7/site-packages/airflow/example_dags/example_sla_dag.py
[2023-01-20T23:43:34.368+0000] {processor.py:758} INFO - Processing file /home/airflow/.local/lib/python3.7/site-packages/airflow/example_dags/example_sla_dag.py for tasks to queue
[2023-01-20T23:43:34.369+0000] {logging_mixin.py:117} INFO - [2023-01-20T23:43:34.369+0000] {dagbag.py:525} INFO - Filling up the DagBag from /home/airflow/.local/lib/python3.7/site-packages/airflow/example_dags/example_sla_dag.py
[2023-01-20T23:43:34.390+0000] {processor.py:768} INFO - DAG(s) dict_keys(['example_sla_dag']) retrieved from /home/airflow/.local/lib/python3.7/site-packages/airflow/example_dags/example_sla_dag.py
[2023-01-20T23:43:34.417+0000] {logging_mixin.py:117} INFO - [2023-01-20T23:43:34.417+0000] {dag.py:2573} INFO - Sync 1 DAGs
[2023-01-20T23:43:34.433+0000] {logging_mixin.py:117} INFO - [2023-01-20T23:43:34.433+0000] {dag.py:3328} INFO - Setting next_dagrun for example_sla_dag to 2023-01-20T23:40:00+00:00, run_after=2023-01-20T23:42:00+00:00
[2023-01-20T23:43:34.442+0000] {processor.py:178} INFO - Processing /home/airflow/.local/lib/python3.7/site-packages/airflow/example_dags/example_sla_dag.py took 0.081 seconds
[2023-01-20T23:44:04.574+0000] {processor.py:156} INFO - Started process (PID=540) to work on /home/airflow/.local/lib/python3.7/site-packages/airflow/example_dags/example_sla_dag.py
[2023-01-20T23:44:04.576+0000] {processor.py:758} INFO - Processing file /home/airflow/.local/lib/python3.7/site-packages/airflow/example_dags/example_sla_dag.py for tasks to queue
[2023-01-20T23:44:04.578+0000] {logging_mixin.py:117} INFO - [2023-01-20T23:44:04.577+0000] {dagbag.py:525} INFO - Filling up the DagBag from /home/airflow/.local/lib/python3.7/site-packages/airflow/example_dags/example_sla_dag.py
[2023-01-20T23:44:04.605+0000] {processor.py:768} INFO - DAG(s) dict_keys(['example_sla_dag']) retrieved from /home/airflow/.local/lib/python3.7/site-packages/airflow/example_dags/example_sla_dag.py
[2023-01-20T23:44:04.637+0000] {logging_mixin.py:117} INFO - [2023-01-20T23:44:04.637+0000] {dag.py:2573} INFO - Sync 1 DAGs
[2023-01-20T23:44:04.657+0000] {logging_mixin.py:117} INFO - [2023-01-20T23:44:04.657+0000] {dag.py:3328} INFO - Setting next_dagrun for example_sla_dag to 2023-01-20T23:42:00+00:00, run_after=2023-01-20T23:44:00+00:00
[2023-01-20T23:44:04.669+0000] {processor.py:178} INFO - Processing /home/airflow/.local/lib/python3.7/site-packages/airflow/example_dags/example_sla_dag.py took 0.103 seconds
[2023-01-20T23:44:35.116+0000] {processor.py:156} INFO - Started process (PID=594) to work on /home/airflow/.local/lib/python3.7/site-packages/airflow/example_dags/example_sla_dag.py
[2023-01-20T23:44:35.118+0000] {processor.py:758} INFO - Processing file /home/airflow/.local/lib/python3.7/site-packages/airflow/example_dags/example_sla_dag.py for tasks to queue
[2023-01-20T23:44:35.120+0000] {logging_mixin.py:117} INFO - [2023-01-20T23:44:35.119+0000] {dagbag.py:525} INFO - Filling up the DagBag from /home/airflow/.local/lib/python3.7/site-packages/airflow/example_dags/example_sla_dag.py
[2023-01-20T23:44:35.144+0000] {processor.py:768} INFO - DAG(s) dict_keys(['example_sla_dag']) retrieved from /home/airflow/.local/lib/python3.7/site-packages/airflow/example_dags/example_sla_dag.py
[2023-01-20T23:44:35.172+0000] {logging_mixin.py:117} INFO - [2023-01-20T23:44:35.171+0000] {dag.py:2573} INFO - Sync 1 DAGs
[2023-01-20T23:44:35.187+0000] {logging_mixin.py:117} INFO - [2023-01-20T23:44:35.187+0000] {dag.py:3328} INFO - Setting next_dagrun for example_sla_dag to 2023-01-20T23:42:00+00:00, run_after=2023-01-20T23:44:00+00:00
[2023-01-20T23:44:35.197+0000] {processor.py:178} INFO - Processing /home/airflow/.local/lib/python3.7/site-packages/airflow/example_dags/example_sla_dag.py took 0.088 seconds
[2023-01-20T23:45:05.437+0000] {processor.py:156} INFO - Started process (PID=657) to work on /home/airflow/.local/lib/python3.7/site-packages/airflow/example_dags/example_sla_dag.py
[2023-01-20T23:45:05.440+0000] {processor.py:758} INFO - Processing file /home/airflow/.local/lib/python3.7/site-packages/airflow/example_dags/example_sla_dag.py for tasks to queue
[2023-01-20T23:45:05.441+0000] {logging_mixin.py:117} INFO - [2023-01-20T23:45:05.441+0000] {dagbag.py:525} INFO - Filling up the DagBag from /home/airflow/.local/lib/python3.7/site-packages/airflow/example_dags/example_sla_dag.py
[2023-01-20T23:45:05.468+0000] {processor.py:768} INFO - DAG(s) dict_keys(['example_sla_dag']) retrieved from /home/airflow/.local/lib/python3.7/site-packages/airflow/example_dags/example_sla_dag.py
[2023-01-20T23:45:05.497+0000] {logging_mixin.py:117} INFO - [2023-01-20T23:45:05.497+0000] {dag.py:2573} INFO - Sync 1 DAGs
[2023-01-20T23:45:05.513+0000] {logging_mixin.py:117} INFO - [2023-01-20T23:45:05.513+0000] {dag.py:3328} INFO - Setting next_dagrun for example_sla_dag to 2023-01-20T23:42:00+00:00, run_after=2023-01-20T23:44:00+00:00
[2023-01-20T23:45:05.523+0000] {processor.py:178} INFO - Processing /home/airflow/.local/lib/python3.7/site-packages/airflow/example_dags/example_sla_dag.py took 0.092 seconds
[2023-01-20T23:45:35.686+0000] {processor.py:156} INFO - Started process (PID=720) to work on /home/airflow/.local/lib/python3.7/site-packages/airflow/example_dags/example_sla_dag.py
[2023-01-20T23:45:35.689+0000] {processor.py:758} INFO - Processing file /home/airflow/.local/lib/python3.7/site-packages/airflow/example_dags/example_sla_dag.py for tasks to queue
[2023-01-20T23:45:35.690+0000] {logging_mixin.py:117} INFO - [2023-01-20T23:45:35.690+0000] {dagbag.py:525} INFO - Filling up the DagBag from /home/airflow/.local/lib/python3.7/site-packages/airflow/example_dags/example_sla_dag.py
[2023-01-20T23:45:35.716+0000] {processor.py:768} INFO - DAG(s) dict_keys(['example_sla_dag']) retrieved from /home/airflow/.local/lib/python3.7/site-packages/airflow/example_dags/example_sla_dag.py
[2023-01-20T23:45:35.747+0000] {logging_mixin.py:117} INFO - [2023-01-20T23:45:35.747+0000] {dag.py:2573} INFO - Sync 1 DAGs
[2023-01-20T23:45:35.763+0000] {logging_mixin.py:117} INFO - [2023-01-20T23:45:35.763+0000] {dag.py:3328} INFO - Setting next_dagrun for example_sla_dag to 2023-01-20T23:42:00+00:00, run_after=2023-01-20T23:44:00+00:00
[2023-01-20T23:45:35.773+0000] {processor.py:178} INFO - Processing /home/airflow/.local/lib/python3.7/site-packages/airflow/example_dags/example_sla_dag.py took 0.093 seconds
[2023-01-20T23:46:06.143+0000] {processor.py:156} INFO - Started process (PID=783) to work on /home/airflow/.local/lib/python3.7/site-packages/airflow/example_dags/example_sla_dag.py
[2023-01-20T23:46:06.145+0000] {processor.py:758} INFO - Processing file /home/airflow/.local/lib/python3.7/site-packages/airflow/example_dags/example_sla_dag.py for tasks to queue
[2023-01-20T23:46:06.146+0000] {logging_mixin.py:117} INFO - [2023-01-20T23:46:06.146+0000] {dagbag.py:525} INFO - Filling up the DagBag from /home/airflow/.local/lib/python3.7/site-packages/airflow/example_dags/example_sla_dag.py
[2023-01-20T23:46:06.173+0000] {processor.py:768} INFO - DAG(s) dict_keys(['example_sla_dag']) retrieved from /home/airflow/.local/lib/python3.7/site-packages/airflow/example_dags/example_sla_dag.py
[2023-01-20T23:46:06.206+0000] {logging_mixin.py:117} INFO - [2023-01-20T23:46:06.206+0000] {dag.py:2573} INFO - Sync 1 DAGs
[2023-01-20T23:46:06.222+0000] {logging_mixin.py:117} INFO - [2023-01-20T23:46:06.222+0000] {dag.py:3328} INFO - Setting next_dagrun for example_sla_dag to 2023-01-20T23:44:00+00:00, run_after=2023-01-20T23:46:00+00:00
[2023-01-20T23:46:06.233+0000] {processor.py:178} INFO - Processing /home/airflow/.local/lib/python3.7/site-packages/airflow/example_dags/example_sla_dag.py took 0.096 seconds
[2023-01-20T23:46:36.458+0000] {processor.py:156} INFO - Started process (PID=846) to work on /home/airflow/.local/lib/python3.7/site-packages/airflow/example_dags/example_sla_dag.py
[2023-01-20T23:46:36.461+0000] {processor.py:758} INFO - Processing file /home/airflow/.local/lib/python3.7/site-packages/airflow/example_dags/example_sla_dag.py for tasks to queue
[2023-01-20T23:46:36.462+0000] {logging_mixin.py:117} INFO - [2023-01-20T23:46:36.462+0000] {dagbag.py:525} INFO - Filling up the DagBag from /home/airflow/.local/lib/python3.7/site-packages/airflow/example_dags/example_sla_dag.py
[2023-01-20T23:46:36.490+0000] {processor.py:768} INFO - DAG(s) dict_keys(['example_sla_dag']) retrieved from /home/airflow/.local/lib/python3.7/site-packages/airflow/example_dags/example_sla_dag.py
[2023-01-20T23:46:36.519+0000] {logging_mixin.py:117} INFO - [2023-01-20T23:46:36.519+0000] {dag.py:2573} INFO - Sync 1 DAGs
[2023-01-20T23:46:36.534+0000] {logging_mixin.py:117} INFO - [2023-01-20T23:46:36.534+0000] {dag.py:3328} INFO - Setting next_dagrun for example_sla_dag to 2023-01-20T23:44:00+00:00, run_after=2023-01-20T23:46:00+00:00
[2023-01-20T23:46:36.544+0000] {processor.py:178} INFO - Processing /home/airflow/.local/lib/python3.7/site-packages/airflow/example_dags/example_sla_dag.py took 0.092 seconds
[2023-01-20T23:47:07.044+0000] {processor.py:156} INFO - Started process (PID=909) to work on /home/airflow/.local/lib/python3.7/site-packages/airflow/example_dags/example_sla_dag.py
[2023-01-20T23:47:07.047+0000] {processor.py:758} INFO - Processing file /home/airflow/.local/lib/python3.7/site-packages/airflow/example_dags/example_sla_dag.py for tasks to queue
[2023-01-20T23:47:07.048+0000] {logging_mixin.py:117} INFO - [2023-01-20T23:47:07.048+0000] {dagbag.py:525} INFO - Filling up the DagBag from /home/airflow/.local/lib/python3.7/site-packages/airflow/example_dags/example_sla_dag.py
[2023-01-20T23:47:07.076+0000] {processor.py:768} INFO - DAG(s) dict_keys(['example_sla_dag']) retrieved from /home/airflow/.local/lib/python3.7/site-packages/airflow/example_dags/example_sla_dag.py
[2023-01-20T23:47:07.110+0000] {logging_mixin.py:117} INFO - [2023-01-20T23:47:07.110+0000] {dag.py:2573} INFO - Sync 1 DAGs
[2023-01-20T23:47:07.128+0000] {logging_mixin.py:117} INFO - [2023-01-20T23:47:07.128+0000] {dag.py:3328} INFO - Setting next_dagrun for example_sla_dag to 2023-01-20T23:44:00+00:00, run_after=2023-01-20T23:46:00+00:00
[2023-01-20T23:47:07.140+0000] {processor.py:178} INFO - Processing /home/airflow/.local/lib/python3.7/site-packages/airflow/example_dags/example_sla_dag.py took 0.104 seconds
[2023-01-20T23:47:37.598+0000] {processor.py:156} INFO - Started process (PID=963) to work on /home/airflow/.local/lib/python3.7/site-packages/airflow/example_dags/example_sla_dag.py
[2023-01-20T23:47:37.600+0000] {processor.py:758} INFO - Processing file /home/airflow/.local/lib/python3.7/site-packages/airflow/example_dags/example_sla_dag.py for tasks to queue
[2023-01-20T23:47:37.602+0000] {logging_mixin.py:117} INFO - [2023-01-20T23:47:37.602+0000] {dagbag.py:525} INFO - Filling up the DagBag from /home/airflow/.local/lib/python3.7/site-packages/airflow/example_dags/example_sla_dag.py
[2023-01-20T23:47:37.626+0000] {processor.py:768} INFO - DAG(s) dict_keys(['example_sla_dag']) retrieved from /home/airflow/.local/lib/python3.7/site-packages/airflow/example_dags/example_sla_dag.py
[2023-01-20T23:47:37.655+0000] {logging_mixin.py:117} INFO - [2023-01-20T23:47:37.655+0000] {dag.py:2573} INFO - Sync 1 DAGs
[2023-01-20T23:47:37.670+0000] {logging_mixin.py:117} INFO - [2023-01-20T23:47:37.670+0000] {dag.py:3328} INFO - Setting next_dagrun for example_sla_dag to 2023-01-20T23:44:00+00:00, run_after=2023-01-20T23:46:00+00:00
[2023-01-20T23:47:37.680+0000] {processor.py:178} INFO - Processing /home/airflow/.local/lib/python3.7/site-packages/airflow/example_dags/example_sla_dag.py took 0.087 seconds
[2023-01-20T23:48:08.016+0000] {processor.py:156} INFO - Started process (PID=1025) to work on /home/airflow/.local/lib/python3.7/site-packages/airflow/example_dags/example_sla_dag.py
[2023-01-20T23:48:08.019+0000] {processor.py:758} INFO - Processing file /home/airflow/.local/lib/python3.7/site-packages/airflow/example_dags/example_sla_dag.py for tasks to queue
[2023-01-20T23:48:08.020+0000] {logging_mixin.py:117} INFO - [2023-01-20T23:48:08.020+0000] {dagbag.py:525} INFO - Filling up the DagBag from /home/airflow/.local/lib/python3.7/site-packages/airflow/example_dags/example_sla_dag.py
[2023-01-20T23:48:08.045+0000] {processor.py:768} INFO - DAG(s) dict_keys(['example_sla_dag']) retrieved from /home/airflow/.local/lib/python3.7/site-packages/airflow/example_dags/example_sla_dag.py
[2023-01-20T23:48:08.074+0000] {logging_mixin.py:117} INFO - [2023-01-20T23:48:08.074+0000] {dag.py:2573} INFO - Sync 1 DAGs
[2023-01-20T23:48:08.090+0000] {logging_mixin.py:117} INFO - [2023-01-20T23:48:08.090+0000] {dag.py:3328} INFO - Setting next_dagrun for example_sla_dag to 2023-01-20T23:46:00+00:00, run_after=2023-01-20T23:48:00+00:00
[2023-01-20T23:48:08.100+0000] {processor.py:178} INFO - Processing /home/airflow/.local/lib/python3.7/site-packages/airflow/example_dags/example_sla_dag.py took 0.090 seconds
[2023-01-20T23:48:38.400+0000] {processor.py:156} INFO - Started process (PID=1088) to work on /home/airflow/.local/lib/python3.7/site-packages/airflow/example_dags/example_sla_dag.py
[2023-01-20T23:48:38.402+0000] {processor.py:758} INFO - Processing file /home/airflow/.local/lib/python3.7/site-packages/airflow/example_dags/example_sla_dag.py for tasks to queue
[2023-01-20T23:48:38.403+0000] {logging_mixin.py:117} INFO - [2023-01-20T23:48:38.403+0000] {dagbag.py:525} INFO - Filling up the DagBag from /home/airflow/.local/lib/python3.7/site-packages/airflow/example_dags/example_sla_dag.py
[2023-01-20T23:48:38.419+0000] {processor.py:768} INFO - DAG(s) dict_keys(['example_sla_dag']) retrieved from /home/airflow/.local/lib/python3.7/site-packages/airflow/example_dags/example_sla_dag.py
[2023-01-20T23:48:38.446+0000] {logging_mixin.py:117} INFO - [2023-01-20T23:48:38.446+0000] {dag.py:2573} INFO - Sync 1 DAGs
[2023-01-20T23:48:38.461+0000] {logging_mixin.py:117} INFO - [2023-01-20T23:48:38.461+0000] {dag.py:3328} INFO - Setting next_dagrun for example_sla_dag to 2023-01-20T23:46:00+00:00, run_after=2023-01-20T23:48:00+00:00
[2023-01-20T23:48:38.471+0000] {processor.py:178} INFO - Processing /home/airflow/.local/lib/python3.7/site-packages/airflow/example_dags/example_sla_dag.py took 0.074 seconds
[2023-01-20T23:49:08.762+0000] {processor.py:156} INFO - Started process (PID=1151) to work on /home/airflow/.local/lib/python3.7/site-packages/airflow/example_dags/example_sla_dag.py
[2023-01-20T23:49:08.763+0000] {processor.py:758} INFO - Processing file /home/airflow/.local/lib/python3.7/site-packages/airflow/example_dags/example_sla_dag.py for tasks to queue
[2023-01-20T23:49:08.764+0000] {logging_mixin.py:117} INFO - [2023-01-20T23:49:08.764+0000] {dagbag.py:525} INFO - Filling up the DagBag from /home/airflow/.local/lib/python3.7/site-packages/airflow/example_dags/example_sla_dag.py
[2023-01-20T23:49:08.778+0000] {processor.py:768} INFO - DAG(s) dict_keys(['example_sla_dag']) retrieved from /home/airflow/.local/lib/python3.7/site-packages/airflow/example_dags/example_sla_dag.py
[2023-01-20T23:49:08.804+0000] {logging_mixin.py:117} INFO - [2023-01-20T23:49:08.804+0000] {dag.py:2573} INFO - Sync 1 DAGs
[2023-01-20T23:49:08.822+0000] {logging_mixin.py:117} INFO - [2023-01-20T23:49:08.822+0000] {dag.py:3328} INFO - Setting next_dagrun for example_sla_dag to 2023-01-20T23:46:00+00:00, run_after=2023-01-20T23:48:00+00:00
[2023-01-20T23:49:08.833+0000] {processor.py:178} INFO - Processing /home/airflow/.local/lib/python3.7/site-packages/airflow/example_dags/example_sla_dag.py took 0.074 seconds
[2023-01-20T23:49:39.177+0000] {processor.py:156} INFO - Started process (PID=1214) to work on /home/airflow/.local/lib/python3.7/site-packages/airflow/example_dags/example_sla_dag.py
[2023-01-20T23:49:39.181+0000] {processor.py:758} INFO - Processing file /home/airflow/.local/lib/python3.7/site-packages/airflow/example_dags/example_sla_dag.py for tasks to queue
[2023-01-20T23:49:39.182+0000] {logging_mixin.py:117} INFO - [2023-01-20T23:49:39.182+0000] {dagbag.py:525} INFO - Filling up the DagBag from /home/airflow/.local/lib/python3.7/site-packages/airflow/example_dags/example_sla_dag.py
[2023-01-20T23:49:39.208+0000] {processor.py:768} INFO - DAG(s) dict_keys(['example_sla_dag']) retrieved from /home/airflow/.local/lib/python3.7/site-packages/airflow/example_dags/example_sla_dag.py
[2023-01-20T23:49:39.238+0000] {logging_mixin.py:117} INFO - [2023-01-20T23:49:39.238+0000] {dag.py:2573} INFO - Sync 1 DAGs
[2023-01-20T23:49:39.255+0000] {logging_mixin.py:117} INFO - [2023-01-20T23:49:39.255+0000] {dag.py:3328} INFO - Setting next_dagrun for example_sla_dag to 2023-01-20T23:46:00+00:00, run_after=2023-01-20T23:48:00+00:00
[2023-01-20T23:49:39.266+0000] {processor.py:178} INFO - Processing /home/airflow/.local/lib/python3.7/site-packages/airflow/example_dags/example_sla_dag.py took 0.095 seconds
[2023-01-20T23:50:09.490+0000] {processor.py:156} INFO - Started process (PID=1277) to work on /home/airflow/.local/lib/python3.7/site-packages/airflow/example_dags/example_sla_dag.py
[2023-01-20T23:50:09.493+0000] {processor.py:758} INFO - Processing file /home/airflow/.local/lib/python3.7/site-packages/airflow/example_dags/example_sla_dag.py for tasks to queue
[2023-01-20T23:50:09.494+0000] {logging_mixin.py:117} INFO - [2023-01-20T23:50:09.494+0000] {dagbag.py:525} INFO - Filling up the DagBag from /home/airflow/.local/lib/python3.7/site-packages/airflow/example_dags/example_sla_dag.py
[2023-01-20T23:50:09.520+0000] {processor.py:768} INFO - DAG(s) dict_keys(['example_sla_dag']) retrieved from /home/airflow/.local/lib/python3.7/site-packages/airflow/example_dags/example_sla_dag.py
[2023-01-20T23:50:09.548+0000] {logging_mixin.py:117} INFO - [2023-01-20T23:50:09.548+0000] {dag.py:2573} INFO - Sync 1 DAGs
[2023-01-20T23:50:09.563+0000] {logging_mixin.py:117} INFO - [2023-01-20T23:50:09.563+0000] {dag.py:3328} INFO - Setting next_dagrun for example_sla_dag to 2023-01-20T23:48:00+00:00, run_after=2023-01-20T23:50:00+00:00
[2023-01-20T23:50:09.573+0000] {processor.py:178} INFO - Processing /home/airflow/.local/lib/python3.7/site-packages/airflow/example_dags/example_sla_dag.py took 0.090 seconds
[2023-01-20T23:50:39.835+0000] {processor.py:156} INFO - Started process (PID=1331) to work on /home/airflow/.local/lib/python3.7/site-packages/airflow/example_dags/example_sla_dag.py
[2023-01-20T23:50:39.839+0000] {processor.py:758} INFO - Processing file /home/airflow/.local/lib/python3.7/site-packages/airflow/example_dags/example_sla_dag.py for tasks to queue
[2023-01-20T23:50:39.841+0000] {logging_mixin.py:117} INFO - [2023-01-20T23:50:39.840+0000] {dagbag.py:525} INFO - Filling up the DagBag from /home/airflow/.local/lib/python3.7/site-packages/airflow/example_dags/example_sla_dag.py
[2023-01-20T23:50:39.864+0000] {processor.py:768} INFO - DAG(s) dict_keys(['example_sla_dag']) retrieved from /home/airflow/.local/lib/python3.7/site-packages/airflow/example_dags/example_sla_dag.py
[2023-01-20T23:50:39.892+0000] {logging_mixin.py:117} INFO - [2023-01-20T23:50:39.892+0000] {dag.py:2573} INFO - Sync 1 DAGs
[2023-01-20T23:50:39.907+0000] {logging_mixin.py:117} INFO - [2023-01-20T23:50:39.907+0000] {dag.py:3328} INFO - Setting next_dagrun for example_sla_dag to 2023-01-20T23:48:00+00:00, run_after=2023-01-20T23:50:00+00:00
[2023-01-20T23:50:39.917+0000] {processor.py:178} INFO - Processing /home/airflow/.local/lib/python3.7/site-packages/airflow/example_dags/example_sla_dag.py took 0.088 seconds
[2023-01-20T23:51:10.071+0000] {processor.py:156} INFO - Started process (PID=1394) to work on /home/airflow/.local/lib/python3.7/site-packages/airflow/example_dags/example_sla_dag.py
[2023-01-20T23:51:10.076+0000] {processor.py:758} INFO - Processing file /home/airflow/.local/lib/python3.7/site-packages/airflow/example_dags/example_sla_dag.py for tasks to queue
[2023-01-20T23:51:10.077+0000] {logging_mixin.py:117} INFO - [2023-01-20T23:51:10.077+0000] {dagbag.py:525} INFO - Filling up the DagBag from /home/airflow/.local/lib/python3.7/site-packages/airflow/example_dags/example_sla_dag.py
[2023-01-20T23:51:10.102+0000] {processor.py:768} INFO - DAG(s) dict_keys(['example_sla_dag']) retrieved from /home/airflow/.local/lib/python3.7/site-packages/airflow/example_dags/example_sla_dag.py
[2023-01-20T23:51:10.131+0000] {logging_mixin.py:117} INFO - [2023-01-20T23:51:10.131+0000] {dag.py:2573} INFO - Sync 1 DAGs
[2023-01-20T23:51:10.148+0000] {logging_mixin.py:117} INFO - [2023-01-20T23:51:10.147+0000] {dag.py:3328} INFO - Setting next_dagrun for example_sla_dag to 2023-01-20T23:48:00+00:00, run_after=2023-01-20T23:50:00+00:00
[2023-01-20T23:51:10.160+0000] {processor.py:178} INFO - Processing /home/airflow/.local/lib/python3.7/site-packages/airflow/example_dags/example_sla_dag.py took 0.093 seconds
[2023-01-20T23:51:40.561+0000] {processor.py:156} INFO - Started process (PID=1458) to work on /home/airflow/.local/lib/python3.7/site-packages/airflow/example_dags/example_sla_dag.py
[2023-01-20T23:51:40.563+0000] {processor.py:758} INFO - Processing file /home/airflow/.local/lib/python3.7/site-packages/airflow/example_dags/example_sla_dag.py for tasks to queue
[2023-01-20T23:51:40.564+0000] {logging_mixin.py:117} INFO - [2023-01-20T23:51:40.564+0000] {dagbag.py:525} INFO - Filling up the DagBag from /home/airflow/.local/lib/python3.7/site-packages/airflow/example_dags/example_sla_dag.py
[2023-01-20T23:51:40.586+0000] {processor.py:768} INFO - DAG(s) dict_keys(['example_sla_dag']) retrieved from /home/airflow/.local/lib/python3.7/site-packages/airflow/example_dags/example_sla_dag.py
[2023-01-20T23:51:40.622+0000] {logging_mixin.py:117} INFO - [2023-01-20T23:51:40.622+0000] {dag.py:2573} INFO - Sync 1 DAGs
[2023-01-20T23:51:40.641+0000] {logging_mixin.py:117} INFO - [2023-01-20T23:51:40.641+0000] {dag.py:3328} INFO - Setting next_dagrun for example_sla_dag to 2023-01-20T23:48:00+00:00, run_after=2023-01-20T23:50:00+00:00
[2023-01-20T23:51:40.653+0000] {processor.py:178} INFO - Processing /home/airflow/.local/lib/python3.7/site-packages/airflow/example_dags/example_sla_dag.py took 0.096 seconds
[2023-01-20T23:52:11.203+0000] {processor.py:156} INFO - Started process (PID=1521) to work on /home/airflow/.local/lib/python3.7/site-packages/airflow/example_dags/example_sla_dag.py
[2023-01-20T23:52:11.207+0000] {processor.py:758} INFO - Processing file /home/airflow/.local/lib/python3.7/site-packages/airflow/example_dags/example_sla_dag.py for tasks to queue
[2023-01-20T23:52:11.208+0000] {logging_mixin.py:117} INFO - [2023-01-20T23:52:11.208+0000] {dagbag.py:525} INFO - Filling up the DagBag from /home/airflow/.local/lib/python3.7/site-packages/airflow/example_dags/example_sla_dag.py
[2023-01-20T23:52:11.236+0000] {processor.py:768} INFO - DAG(s) dict_keys(['example_sla_dag']) retrieved from /home/airflow/.local/lib/python3.7/site-packages/airflow/example_dags/example_sla_dag.py
[2023-01-20T23:52:11.283+0000] {logging_mixin.py:117} INFO - [2023-01-20T23:52:11.283+0000] {dag.py:2573} INFO - Sync 1 DAGs
[2023-01-20T23:52:11.303+0000] {logging_mixin.py:117} INFO - [2023-01-20T23:52:11.303+0000] {dag.py:3328} INFO - Setting next_dagrun for example_sla_dag to 2023-01-20T23:50:00+00:00, run_after=2023-01-20T23:52:00+00:00
[2023-01-20T23:52:11.316+0000] {processor.py:178} INFO - Processing /home/airflow/.local/lib/python3.7/site-packages/airflow/example_dags/example_sla_dag.py took 0.118 seconds
[2023-01-20T23:52:41.629+0000] {processor.py:156} INFO - Started process (PID=1584) to work on /home/airflow/.local/lib/python3.7/site-packages/airflow/example_dags/example_sla_dag.py
[2023-01-20T23:52:41.632+0000] {processor.py:758} INFO - Processing file /home/airflow/.local/lib/python3.7/site-packages/airflow/example_dags/example_sla_dag.py for tasks to queue
[2023-01-20T23:52:41.633+0000] {logging_mixin.py:117} INFO - [2023-01-20T23:52:41.633+0000] {dagbag.py:525} INFO - Filling up the DagBag from /home/airflow/.local/lib/python3.7/site-packages/airflow/example_dags/example_sla_dag.py
[2023-01-20T23:52:41.660+0000] {processor.py:768} INFO - DAG(s) dict_keys(['example_sla_dag']) retrieved from /home/airflow/.local/lib/python3.7/site-packages/airflow/example_dags/example_sla_dag.py
[2023-01-20T23:52:41.690+0000] {logging_mixin.py:117} INFO - [2023-01-20T23:52:41.690+0000] {dag.py:2573} INFO - Sync 1 DAGs
[2023-01-20T23:52:41.706+0000] {logging_mixin.py:117} INFO - [2023-01-20T23:52:41.706+0000] {dag.py:3328} INFO - Setting next_dagrun for example_sla_dag to 2023-01-20T23:50:00+00:00, run_after=2023-01-20T23:52:00+00:00
[2023-01-20T23:52:41.716+0000] {processor.py:178} INFO - Processing /home/airflow/.local/lib/python3.7/site-packages/airflow/example_dags/example_sla_dag.py took 0.092 seconds
[2023-01-20T23:53:12.004+0000] {processor.py:156} INFO - Started process (PID=1647) to work on /home/airflow/.local/lib/python3.7/site-packages/airflow/example_dags/example_sla_dag.py
[2023-01-20T23:53:12.006+0000] {processor.py:758} INFO - Processing file /home/airflow/.local/lib/python3.7/site-packages/airflow/example_dags/example_sla_dag.py for tasks to queue
[2023-01-20T23:53:12.008+0000] {logging_mixin.py:117} INFO - [2023-01-20T23:53:12.008+0000] {dagbag.py:525} INFO - Filling up the DagBag from /home/airflow/.local/lib/python3.7/site-packages/airflow/example_dags/example_sla_dag.py
[2023-01-20T23:53:12.034+0000] {processor.py:768} INFO - DAG(s) dict_keys(['example_sla_dag']) retrieved from /home/airflow/.local/lib/python3.7/site-packages/airflow/example_dags/example_sla_dag.py
[2023-01-20T23:53:12.064+0000] {logging_mixin.py:117} INFO - [2023-01-20T23:53:12.064+0000] {dag.py:2573} INFO - Sync 1 DAGs
[2023-01-20T23:53:12.080+0000] {logging_mixin.py:117} INFO - [2023-01-20T23:53:12.080+0000] {dag.py:3328} INFO - Setting next_dagrun for example_sla_dag to 2023-01-20T23:50:00+00:00, run_after=2023-01-20T23:52:00+00:00
[2023-01-20T23:53:12.089+0000] {processor.py:178} INFO - Processing /home/airflow/.local/lib/python3.7/site-packages/airflow/example_dags/example_sla_dag.py took 0.092 seconds
[2023-01-20T23:53:42.684+0000] {processor.py:156} INFO - Started process (PID=1701) to work on /home/airflow/.local/lib/python3.7/site-packages/airflow/example_dags/example_sla_dag.py
[2023-01-20T23:53:42.687+0000] {processor.py:758} INFO - Processing file /home/airflow/.local/lib/python3.7/site-packages/airflow/example_dags/example_sla_dag.py for tasks to queue
[2023-01-20T23:53:42.688+0000] {logging_mixin.py:117} INFO - [2023-01-20T23:53:42.688+0000] {dagbag.py:525} INFO - Filling up the DagBag from /home/airflow/.local/lib/python3.7/site-packages/airflow/example_dags/example_sla_dag.py
[2023-01-20T23:53:42.720+0000] {processor.py:768} INFO - DAG(s) dict_keys(['example_sla_dag']) retrieved from /home/airflow/.local/lib/python3.7/site-packages/airflow/example_dags/example_sla_dag.py
[2023-01-20T23:53:42.757+0000] {logging_mixin.py:117} INFO - [2023-01-20T23:53:42.757+0000] {dag.py:2573} INFO - Sync 1 DAGs
[2023-01-20T23:53:42.777+0000] {logging_mixin.py:117} INFO - [2023-01-20T23:53:42.777+0000] {dag.py:3328} INFO - Setting next_dagrun for example_sla_dag to 2023-01-20T23:50:00+00:00, run_after=2023-01-20T23:52:00+00:00
[2023-01-20T23:53:42.789+0000] {processor.py:178} INFO - Processing /home/airflow/.local/lib/python3.7/site-packages/airflow/example_dags/example_sla_dag.py took 0.111 seconds
[2023-01-20T23:54:12.917+0000] {processor.py:156} INFO - Started process (PID=1765) to work on /home/airflow/.local/lib/python3.7/site-packages/airflow/example_dags/example_sla_dag.py
[2023-01-20T23:54:12.920+0000] {processor.py:758} INFO - Processing file /home/airflow/.local/lib/python3.7/site-packages/airflow/example_dags/example_sla_dag.py for tasks to queue
[2023-01-20T23:54:12.921+0000] {logging_mixin.py:117} INFO - [2023-01-20T23:54:12.921+0000] {dagbag.py:525} INFO - Filling up the DagBag from /home/airflow/.local/lib/python3.7/site-packages/airflow/example_dags/example_sla_dag.py
[2023-01-20T23:54:12.938+0000] {processor.py:768} INFO - DAG(s) dict_keys(['example_sla_dag']) retrieved from /home/airflow/.local/lib/python3.7/site-packages/airflow/example_dags/example_sla_dag.py
[2023-01-20T23:54:12.966+0000] {logging_mixin.py:117} INFO - [2023-01-20T23:54:12.966+0000] {dag.py:2573} INFO - Sync 1 DAGs
[2023-01-20T23:54:12.982+0000] {logging_mixin.py:117} INFO - [2023-01-20T23:54:12.982+0000] {dag.py:3328} INFO - Setting next_dagrun for example_sla_dag to 2023-01-20T23:52:00+00:00, run_after=2023-01-20T23:54:00+00:00
[2023-01-20T23:54:12.993+0000] {processor.py:178} INFO - Processing /home/airflow/.local/lib/python3.7/site-packages/airflow/example_dags/example_sla_dag.py took 0.079 seconds
[2023-01-20T23:54:55.094+0000] {processor.py:156} INFO - Started process (PID=42) to work on /home/airflow/.local/lib/python3.7/site-packages/airflow/example_dags/example_sla_dag.py
[2023-01-20T23:54:55.100+0000] {processor.py:758} INFO - Processing file /home/airflow/.local/lib/python3.7/site-packages/airflow/example_dags/example_sla_dag.py for tasks to queue
[2023-01-20T23:54:55.102+0000] {logging_mixin.py:117} INFO - [2023-01-20T23:54:55.102+0000] {dagbag.py:525} INFO - Filling up the DagBag from /home/airflow/.local/lib/python3.7/site-packages/airflow/example_dags/example_sla_dag.py
[2023-01-20T23:54:55.165+0000] {processor.py:768} INFO - DAG(s) dict_keys(['example_sla_dag']) retrieved from /home/airflow/.local/lib/python3.7/site-packages/airflow/example_dags/example_sla_dag.py
[2023-01-20T23:54:55.699+0000] {logging_mixin.py:117} INFO - [2023-01-20T23:54:55.699+0000] {dag.py:2573} INFO - Sync 1 DAGs
[2023-01-20T23:54:55.728+0000] {logging_mixin.py:117} INFO - [2023-01-20T23:54:55.727+0000] {dag.py:3328} INFO - Setting next_dagrun for example_sla_dag to 2023-01-20T23:52:00+00:00, run_after=2023-01-20T23:54:00+00:00
[2023-01-20T23:54:55.777+0000] {processor.py:178} INFO - Processing /home/airflow/.local/lib/python3.7/site-packages/airflow/example_dags/example_sla_dag.py took 0.698 seconds
[2023-01-20T23:55:25.911+0000] {processor.py:156} INFO - Started process (PID=106) to work on /home/airflow/.local/lib/python3.7/site-packages/airflow/example_dags/example_sla_dag.py
[2023-01-20T23:55:25.912+0000] {processor.py:758} INFO - Processing file /home/airflow/.local/lib/python3.7/site-packages/airflow/example_dags/example_sla_dag.py for tasks to queue
[2023-01-20T23:55:25.913+0000] {logging_mixin.py:117} INFO - [2023-01-20T23:55:25.913+0000] {dagbag.py:525} INFO - Filling up the DagBag from /home/airflow/.local/lib/python3.7/site-packages/airflow/example_dags/example_sla_dag.py
[2023-01-20T23:55:25.929+0000] {processor.py:768} INFO - DAG(s) dict_keys(['example_sla_dag']) retrieved from /home/airflow/.local/lib/python3.7/site-packages/airflow/example_dags/example_sla_dag.py
[2023-01-20T23:55:26.047+0000] {logging_mixin.py:117} INFO - [2023-01-20T23:55:26.047+0000] {dag.py:2573} INFO - Sync 1 DAGs
[2023-01-20T23:55:26.060+0000] {logging_mixin.py:117} INFO - [2023-01-20T23:55:26.060+0000] {dag.py:3328} INFO - Setting next_dagrun for example_sla_dag to 2023-01-20T23:52:00+00:00, run_after=2023-01-20T23:54:00+00:00
[2023-01-20T23:55:26.070+0000] {processor.py:178} INFO - Processing /home/airflow/.local/lib/python3.7/site-packages/airflow/example_dags/example_sla_dag.py took 0.161 seconds
[2023-01-20T23:57:23.924+0000] {processor.py:156} INFO - Started process (PID=43) to work on /home/airflow/.local/lib/python3.7/site-packages/airflow/example_dags/example_sla_dag.py
[2023-01-20T23:57:23.929+0000] {processor.py:758} INFO - Processing file /home/airflow/.local/lib/python3.7/site-packages/airflow/example_dags/example_sla_dag.py for tasks to queue
[2023-01-20T23:57:23.931+0000] {logging_mixin.py:117} INFO - [2023-01-20T23:57:23.931+0000] {dagbag.py:525} INFO - Filling up the DagBag from /home/airflow/.local/lib/python3.7/site-packages/airflow/example_dags/example_sla_dag.py
[2023-01-20T23:57:23.983+0000] {processor.py:768} INFO - DAG(s) dict_keys(['example_sla_dag']) retrieved from /home/airflow/.local/lib/python3.7/site-packages/airflow/example_dags/example_sla_dag.py
[2023-01-20T23:57:24.799+0000] {logging_mixin.py:117} INFO - [2023-01-20T23:57:24.798+0000] {dag.py:2573} INFO - Sync 1 DAGs
[2023-01-20T23:57:24.958+0000] {logging_mixin.py:117} INFO - [2023-01-20T23:57:24.957+0000] {dag.py:3328} INFO - Setting next_dagrun for example_sla_dag to 2023-01-20T23:54:00+00:00, run_after=2023-01-20T23:56:00+00:00
[2023-01-20T23:57:25.062+0000] {processor.py:178} INFO - Processing /home/airflow/.local/lib/python3.7/site-packages/airflow/example_dags/example_sla_dag.py took 1.153 seconds
[2023-01-20T23:57:55.620+0000] {processor.py:156} INFO - Started process (PID=97) to work on /home/airflow/.local/lib/python3.7/site-packages/airflow/example_dags/example_sla_dag.py
[2023-01-20T23:57:55.622+0000] {processor.py:758} INFO - Processing file /home/airflow/.local/lib/python3.7/site-packages/airflow/example_dags/example_sla_dag.py for tasks to queue
[2023-01-20T23:57:55.624+0000] {logging_mixin.py:117} INFO - [2023-01-20T23:57:55.623+0000] {dagbag.py:525} INFO - Filling up the DagBag from /home/airflow/.local/lib/python3.7/site-packages/airflow/example_dags/example_sla_dag.py
[2023-01-20T23:57:55.653+0000] {processor.py:768} INFO - DAG(s) dict_keys(['example_sla_dag']) retrieved from /home/airflow/.local/lib/python3.7/site-packages/airflow/example_dags/example_sla_dag.py
[2023-01-20T23:57:55.905+0000] {logging_mixin.py:117} INFO - [2023-01-20T23:57:55.905+0000] {dag.py:2573} INFO - Sync 1 DAGs
[2023-01-20T23:57:55.931+0000] {logging_mixin.py:117} INFO - [2023-01-20T23:57:55.930+0000] {dag.py:3328} INFO - Setting next_dagrun for example_sla_dag to 2023-01-20T23:54:00+00:00, run_after=2023-01-20T23:56:00+00:00
[2023-01-20T23:57:55.945+0000] {processor.py:178} INFO - Processing /home/airflow/.local/lib/python3.7/site-packages/airflow/example_dags/example_sla_dag.py took 0.331 seconds
[2023-01-20T23:58:26.678+0000] {processor.py:156} INFO - Started process (PID=158) to work on /home/airflow/.local/lib/python3.7/site-packages/airflow/example_dags/example_sla_dag.py
[2023-01-20T23:58:26.682+0000] {processor.py:758} INFO - Processing file /home/airflow/.local/lib/python3.7/site-packages/airflow/example_dags/example_sla_dag.py for tasks to queue
[2023-01-20T23:58:26.687+0000] {logging_mixin.py:117} INFO - [2023-01-20T23:58:26.686+0000] {dagbag.py:525} INFO - Filling up the DagBag from /home/airflow/.local/lib/python3.7/site-packages/airflow/example_dags/example_sla_dag.py
[2023-01-20T23:58:28.083+0000] {processor.py:768} INFO - DAG(s) dict_keys(['example_sla_dag']) retrieved from /home/airflow/.local/lib/python3.7/site-packages/airflow/example_dags/example_sla_dag.py
[2023-01-20T23:58:28.168+0000] {logging_mixin.py:117} INFO - [2023-01-20T23:58:28.168+0000] {dag.py:2573} INFO - Sync 1 DAGs
[2023-01-20T23:58:28.202+0000] {logging_mixin.py:117} INFO - [2023-01-20T23:58:28.201+0000] {dag.py:3328} INFO - Setting next_dagrun for example_sla_dag to 2023-01-20T23:56:00+00:00, run_after=2023-01-20T23:58:00+00:00
[2023-01-20T23:58:28.223+0000] {processor.py:178} INFO - Processing /home/airflow/.local/lib/python3.7/site-packages/airflow/example_dags/example_sla_dag.py took 1.553 seconds
[2023-01-20T23:58:59.079+0000] {processor.py:156} INFO - Started process (PID=221) to work on /home/airflow/.local/lib/python3.7/site-packages/airflow/example_dags/example_sla_dag.py
[2023-01-20T23:58:59.081+0000] {processor.py:758} INFO - Processing file /home/airflow/.local/lib/python3.7/site-packages/airflow/example_dags/example_sla_dag.py for tasks to queue
[2023-01-20T23:58:59.085+0000] {logging_mixin.py:117} INFO - [2023-01-20T23:58:59.084+0000] {dagbag.py:525} INFO - Filling up the DagBag from /home/airflow/.local/lib/python3.7/site-packages/airflow/example_dags/example_sla_dag.py
[2023-01-20T23:58:59.123+0000] {processor.py:768} INFO - DAG(s) dict_keys(['example_sla_dag']) retrieved from /home/airflow/.local/lib/python3.7/site-packages/airflow/example_dags/example_sla_dag.py
[2023-01-20T23:58:59.168+0000] {logging_mixin.py:117} INFO - [2023-01-20T23:58:59.168+0000] {dag.py:2573} INFO - Sync 1 DAGs
[2023-01-20T23:58:59.191+0000] {logging_mixin.py:117} INFO - [2023-01-20T23:58:59.191+0000] {dag.py:3328} INFO - Setting next_dagrun for example_sla_dag to 2023-01-20T23:56:00+00:00, run_after=2023-01-20T23:58:00+00:00
[2023-01-20T23:58:59.204+0000] {processor.py:178} INFO - Processing /home/airflow/.local/lib/python3.7/site-packages/airflow/example_dags/example_sla_dag.py took 0.132 seconds
[2023-01-20T23:59:29.594+0000] {processor.py:156} INFO - Started process (PID=284) to work on /home/airflow/.local/lib/python3.7/site-packages/airflow/example_dags/example_sla_dag.py
[2023-01-20T23:59:29.596+0000] {processor.py:758} INFO - Processing file /home/airflow/.local/lib/python3.7/site-packages/airflow/example_dags/example_sla_dag.py for tasks to queue
[2023-01-20T23:59:29.597+0000] {logging_mixin.py:117} INFO - [2023-01-20T23:59:29.597+0000] {dagbag.py:525} INFO - Filling up the DagBag from /home/airflow/.local/lib/python3.7/site-packages/airflow/example_dags/example_sla_dag.py
[2023-01-20T23:59:29.616+0000] {processor.py:768} INFO - DAG(s) dict_keys(['example_sla_dag']) retrieved from /home/airflow/.local/lib/python3.7/site-packages/airflow/example_dags/example_sla_dag.py
[2023-01-20T23:59:29.675+0000] {logging_mixin.py:117} INFO - [2023-01-20T23:59:29.675+0000] {dag.py:2573} INFO - Sync 1 DAGs
[2023-01-20T23:59:29.693+0000] {logging_mixin.py:117} INFO - [2023-01-20T23:59:29.693+0000] {dag.py:3328} INFO - Setting next_dagrun for example_sla_dag to 2023-01-20T23:56:00+00:00, run_after=2023-01-20T23:58:00+00:00
[2023-01-20T23:59:29.707+0000] {processor.py:178} INFO - Processing /home/airflow/.local/lib/python3.7/site-packages/airflow/example_dags/example_sla_dag.py took 0.116 seconds
[2023-01-20T23:59:59.910+0000] {processor.py:156} INFO - Started process (PID=347) to work on /home/airflow/.local/lib/python3.7/site-packages/airflow/example_dags/example_sla_dag.py
[2023-01-20T23:59:59.913+0000] {processor.py:758} INFO - Processing file /home/airflow/.local/lib/python3.7/site-packages/airflow/example_dags/example_sla_dag.py for tasks to queue
[2023-01-20T23:59:59.915+0000] {logging_mixin.py:117} INFO - [2023-01-20T23:59:59.915+0000] {dagbag.py:525} INFO - Filling up the DagBag from /home/airflow/.local/lib/python3.7/site-packages/airflow/example_dags/example_sla_dag.py
[2023-01-20T23:59:59.941+0000] {processor.py:768} INFO - DAG(s) dict_keys(['example_sla_dag']) retrieved from /home/airflow/.local/lib/python3.7/site-packages/airflow/example_dags/example_sla_dag.py
[2023-01-21T00:00:00.008+0000] {logging_mixin.py:117} INFO - [2023-01-21T00:00:00.008+0000] {dag.py:2573} INFO - Sync 1 DAGs
[2023-01-21T00:00:00.034+0000] {logging_mixin.py:117} INFO - [2023-01-21T00:00:00.034+0000] {dag.py:3328} INFO - Setting next_dagrun for example_sla_dag to 2023-01-20T23:58:00+00:00, run_after=2023-01-21T00:00:00+00:00
[2023-01-21T00:00:00.051+0000] {processor.py:178} INFO - Processing /home/airflow/.local/lib/python3.7/site-packages/airflow/example_dags/example_sla_dag.py took 0.150 seconds
