[2023-01-20T23:39:54.164+0000] {processor.py:156} INFO - Started process (PID=37) to work on /home/airflow/.local/lib/python3.7/site-packages/airflow/example_dags/example_bash_operator.py
[2023-01-20T23:39:54.166+0000] {processor.py:758} INFO - Processing file /home/airflow/.local/lib/python3.7/site-packages/airflow/example_dags/example_bash_operator.py for tasks to queue
[2023-01-20T23:39:54.167+0000] {logging_mixin.py:117} INFO - [2023-01-20T23:39:54.167+0000] {dagbag.py:525} INFO - Filling up the DagBag from /home/airflow/.local/lib/python3.7/site-packages/airflow/example_dags/example_bash_operator.py
[2023-01-20T23:39:54.212+0000] {processor.py:768} INFO - DAG(s) dict_keys(['example_bash_operator']) retrieved from /home/airflow/.local/lib/python3.7/site-packages/airflow/example_dags/example_bash_operator.py
[2023-01-20T23:39:54.567+0000] {logging_mixin.py:117} INFO - [2023-01-20T23:39:54.566+0000] {dag.py:2573} INFO - Sync 1 DAGs
[2023-01-20T23:39:54.613+0000] {logging_mixin.py:117} INFO - [2023-01-20T23:39:54.613+0000] {dag.py:3328} INFO - Setting next_dagrun for example_bash_operator to 2023-01-19T00:00:00+00:00, run_after=2023-01-20T00:00:00+00:00
[2023-01-20T23:39:54.640+0000] {processor.py:178} INFO - Processing /home/airflow/.local/lib/python3.7/site-packages/airflow/example_dags/example_bash_operator.py took 0.480 seconds
[2023-01-20T23:40:25.198+0000] {processor.py:156} INFO - Started process (PID=90) to work on /home/airflow/.local/lib/python3.7/site-packages/airflow/example_dags/example_bash_operator.py
[2023-01-20T23:40:25.199+0000] {processor.py:758} INFO - Processing file /home/airflow/.local/lib/python3.7/site-packages/airflow/example_dags/example_bash_operator.py for tasks to queue
[2023-01-20T23:40:25.200+0000] {logging_mixin.py:117} INFO - [2023-01-20T23:40:25.200+0000] {dagbag.py:525} INFO - Filling up the DagBag from /home/airflow/.local/lib/python3.7/site-packages/airflow/example_dags/example_bash_operator.py
[2023-01-20T23:40:25.216+0000] {processor.py:768} INFO - DAG(s) dict_keys(['example_bash_operator']) retrieved from /home/airflow/.local/lib/python3.7/site-packages/airflow/example_dags/example_bash_operator.py
[2023-01-20T23:40:25.342+0000] {logging_mixin.py:117} INFO - [2023-01-20T23:40:25.342+0000] {dag.py:2573} INFO - Sync 1 DAGs
[2023-01-20T23:40:25.358+0000] {logging_mixin.py:117} INFO - [2023-01-20T23:40:25.358+0000] {dag.py:3328} INFO - Setting next_dagrun for example_bash_operator to 2023-01-19T00:00:00+00:00, run_after=2023-01-20T00:00:00+00:00
[2023-01-20T23:40:25.369+0000] {processor.py:178} INFO - Processing /home/airflow/.local/lib/python3.7/site-packages/airflow/example_dags/example_bash_operator.py took 0.174 seconds
[2023-01-20T23:40:55.844+0000] {processor.py:156} INFO - Started process (PID=155) to work on /home/airflow/.local/lib/python3.7/site-packages/airflow/example_dags/example_bash_operator.py
[2023-01-20T23:40:55.845+0000] {processor.py:758} INFO - Processing file /home/airflow/.local/lib/python3.7/site-packages/airflow/example_dags/example_bash_operator.py for tasks to queue
[2023-01-20T23:40:55.846+0000] {logging_mixin.py:117} INFO - [2023-01-20T23:40:55.846+0000] {dagbag.py:525} INFO - Filling up the DagBag from /home/airflow/.local/lib/python3.7/site-packages/airflow/example_dags/example_bash_operator.py
[2023-01-20T23:40:55.970+0000] {processor.py:768} INFO - DAG(s) dict_keys(['example_bash_operator']) retrieved from /home/airflow/.local/lib/python3.7/site-packages/airflow/example_dags/example_bash_operator.py
[2023-01-20T23:40:56.003+0000] {logging_mixin.py:117} INFO - [2023-01-20T23:40:56.003+0000] {dag.py:2573} INFO - Sync 1 DAGs
[2023-01-20T23:40:56.019+0000] {logging_mixin.py:117} INFO - [2023-01-20T23:40:56.018+0000] {dag.py:3328} INFO - Setting next_dagrun for example_bash_operator to 2023-01-19T00:00:00+00:00, run_after=2023-01-20T00:00:00+00:00
[2023-01-20T23:40:56.028+0000] {processor.py:178} INFO - Processing /home/airflow/.local/lib/python3.7/site-packages/airflow/example_dags/example_bash_operator.py took 0.187 seconds
[2023-01-20T23:41:26.894+0000] {processor.py:156} INFO - Started process (PID=218) to work on /home/airflow/.local/lib/python3.7/site-packages/airflow/example_dags/example_bash_operator.py
[2023-01-20T23:41:26.896+0000] {processor.py:758} INFO - Processing file /home/airflow/.local/lib/python3.7/site-packages/airflow/example_dags/example_bash_operator.py for tasks to queue
[2023-01-20T23:41:26.897+0000] {logging_mixin.py:117} INFO - [2023-01-20T23:41:26.897+0000] {dagbag.py:525} INFO - Filling up the DagBag from /home/airflow/.local/lib/python3.7/site-packages/airflow/example_dags/example_bash_operator.py
[2023-01-20T23:41:27.032+0000] {processor.py:768} INFO - DAG(s) dict_keys(['example_bash_operator']) retrieved from /home/airflow/.local/lib/python3.7/site-packages/airflow/example_dags/example_bash_operator.py
[2023-01-20T23:41:27.072+0000] {logging_mixin.py:117} INFO - [2023-01-20T23:41:27.072+0000] {dag.py:2573} INFO - Sync 1 DAGs
[2023-01-20T23:41:27.121+0000] {logging_mixin.py:117} INFO - [2023-01-20T23:41:27.121+0000] {dag.py:3328} INFO - Setting next_dagrun for example_bash_operator to 2023-01-19T00:00:00+00:00, run_after=2023-01-20T00:00:00+00:00
[2023-01-20T23:41:27.149+0000] {processor.py:178} INFO - Processing /home/airflow/.local/lib/python3.7/site-packages/airflow/example_dags/example_bash_operator.py took 0.258 seconds
[2023-01-20T23:41:57.363+0000] {processor.py:156} INFO - Started process (PID=281) to work on /home/airflow/.local/lib/python3.7/site-packages/airflow/example_dags/example_bash_operator.py
[2023-01-20T23:41:57.365+0000] {processor.py:758} INFO - Processing file /home/airflow/.local/lib/python3.7/site-packages/airflow/example_dags/example_bash_operator.py for tasks to queue
[2023-01-20T23:41:57.365+0000] {logging_mixin.py:117} INFO - [2023-01-20T23:41:57.365+0000] {dagbag.py:525} INFO - Filling up the DagBag from /home/airflow/.local/lib/python3.7/site-packages/airflow/example_dags/example_bash_operator.py
[2023-01-20T23:41:57.380+0000] {processor.py:768} INFO - DAG(s) dict_keys(['example_bash_operator']) retrieved from /home/airflow/.local/lib/python3.7/site-packages/airflow/example_dags/example_bash_operator.py
[2023-01-20T23:41:57.410+0000] {logging_mixin.py:117} INFO - [2023-01-20T23:41:57.410+0000] {dag.py:2573} INFO - Sync 1 DAGs
[2023-01-20T23:41:57.426+0000] {logging_mixin.py:117} INFO - [2023-01-20T23:41:57.426+0000] {dag.py:3328} INFO - Setting next_dagrun for example_bash_operator to 2023-01-19T00:00:00+00:00, run_after=2023-01-20T00:00:00+00:00
[2023-01-20T23:41:57.437+0000] {processor.py:178} INFO - Processing /home/airflow/.local/lib/python3.7/site-packages/airflow/example_dags/example_bash_operator.py took 0.077 seconds
[2023-01-20T23:42:28.021+0000] {processor.py:156} INFO - Started process (PID=344) to work on /home/airflow/.local/lib/python3.7/site-packages/airflow/example_dags/example_bash_operator.py
[2023-01-20T23:42:28.026+0000] {processor.py:758} INFO - Processing file /home/airflow/.local/lib/python3.7/site-packages/airflow/example_dags/example_bash_operator.py for tasks to queue
[2023-01-20T23:42:28.028+0000] {logging_mixin.py:117} INFO - [2023-01-20T23:42:28.028+0000] {dagbag.py:525} INFO - Filling up the DagBag from /home/airflow/.local/lib/python3.7/site-packages/airflow/example_dags/example_bash_operator.py
[2023-01-20T23:42:28.078+0000] {processor.py:768} INFO - DAG(s) dict_keys(['example_bash_operator']) retrieved from /home/airflow/.local/lib/python3.7/site-packages/airflow/example_dags/example_bash_operator.py
[2023-01-20T23:42:28.121+0000] {logging_mixin.py:117} INFO - [2023-01-20T23:42:28.120+0000] {dag.py:2573} INFO - Sync 1 DAGs
[2023-01-20T23:42:28.141+0000] {logging_mixin.py:117} INFO - [2023-01-20T23:42:28.141+0000] {dag.py:3328} INFO - Setting next_dagrun for example_bash_operator to 2023-01-19T00:00:00+00:00, run_after=2023-01-20T00:00:00+00:00
[2023-01-20T23:42:28.154+0000] {processor.py:178} INFO - Processing /home/airflow/.local/lib/python3.7/site-packages/airflow/example_dags/example_bash_operator.py took 0.139 seconds
[2023-01-20T23:42:58.705+0000] {processor.py:156} INFO - Started process (PID=408) to work on /home/airflow/.local/lib/python3.7/site-packages/airflow/example_dags/example_bash_operator.py
[2023-01-20T23:42:58.707+0000] {processor.py:758} INFO - Processing file /home/airflow/.local/lib/python3.7/site-packages/airflow/example_dags/example_bash_operator.py for tasks to queue
[2023-01-20T23:42:58.708+0000] {logging_mixin.py:117} INFO - [2023-01-20T23:42:58.708+0000] {dagbag.py:525} INFO - Filling up the DagBag from /home/airflow/.local/lib/python3.7/site-packages/airflow/example_dags/example_bash_operator.py
[2023-01-20T23:42:58.725+0000] {processor.py:768} INFO - DAG(s) dict_keys(['example_bash_operator']) retrieved from /home/airflow/.local/lib/python3.7/site-packages/airflow/example_dags/example_bash_operator.py
[2023-01-20T23:42:58.770+0000] {logging_mixin.py:117} INFO - [2023-01-20T23:42:58.770+0000] {dag.py:2573} INFO - Sync 1 DAGs
[2023-01-20T23:42:58.790+0000] {logging_mixin.py:117} INFO - [2023-01-20T23:42:58.790+0000] {dag.py:3328} INFO - Setting next_dagrun for example_bash_operator to 2023-01-19T00:00:00+00:00, run_after=2023-01-20T00:00:00+00:00
[2023-01-20T23:42:58.805+0000] {processor.py:178} INFO - Processing /home/airflow/.local/lib/python3.7/site-packages/airflow/example_dags/example_bash_operator.py took 0.103 seconds
[2023-01-20T23:43:28.888+0000] {processor.py:156} INFO - Started process (PID=462) to work on /home/airflow/.local/lib/python3.7/site-packages/airflow/example_dags/example_bash_operator.py
[2023-01-20T23:43:28.890+0000] {processor.py:758} INFO - Processing file /home/airflow/.local/lib/python3.7/site-packages/airflow/example_dags/example_bash_operator.py for tasks to queue
[2023-01-20T23:43:28.890+0000] {logging_mixin.py:117} INFO - [2023-01-20T23:43:28.890+0000] {dagbag.py:525} INFO - Filling up the DagBag from /home/airflow/.local/lib/python3.7/site-packages/airflow/example_dags/example_bash_operator.py
[2023-01-20T23:43:28.906+0000] {processor.py:768} INFO - DAG(s) dict_keys(['example_bash_operator']) retrieved from /home/airflow/.local/lib/python3.7/site-packages/airflow/example_dags/example_bash_operator.py
[2023-01-20T23:43:28.935+0000] {logging_mixin.py:117} INFO - [2023-01-20T23:43:28.935+0000] {dag.py:2573} INFO - Sync 1 DAGs
[2023-01-20T23:43:28.951+0000] {logging_mixin.py:117} INFO - [2023-01-20T23:43:28.951+0000] {dag.py:3328} INFO - Setting next_dagrun for example_bash_operator to 2023-01-19T00:00:00+00:00, run_after=2023-01-20T00:00:00+00:00
[2023-01-20T23:43:28.962+0000] {processor.py:178} INFO - Processing /home/airflow/.local/lib/python3.7/site-packages/airflow/example_dags/example_bash_operator.py took 0.076 seconds
[2023-01-20T23:43:59.104+0000] {processor.py:156} INFO - Started process (PID=525) to work on /home/airflow/.local/lib/python3.7/site-packages/airflow/example_dags/example_bash_operator.py
[2023-01-20T23:43:59.106+0000] {processor.py:758} INFO - Processing file /home/airflow/.local/lib/python3.7/site-packages/airflow/example_dags/example_bash_operator.py for tasks to queue
[2023-01-20T23:43:59.107+0000] {logging_mixin.py:117} INFO - [2023-01-20T23:43:59.107+0000] {dagbag.py:525} INFO - Filling up the DagBag from /home/airflow/.local/lib/python3.7/site-packages/airflow/example_dags/example_bash_operator.py
[2023-01-20T23:43:59.122+0000] {processor.py:768} INFO - DAG(s) dict_keys(['example_bash_operator']) retrieved from /home/airflow/.local/lib/python3.7/site-packages/airflow/example_dags/example_bash_operator.py
[2023-01-20T23:43:59.152+0000] {logging_mixin.py:117} INFO - [2023-01-20T23:43:59.152+0000] {dag.py:2573} INFO - Sync 1 DAGs
[2023-01-20T23:43:59.169+0000] {logging_mixin.py:117} INFO - [2023-01-20T23:43:59.169+0000] {dag.py:3328} INFO - Setting next_dagrun for example_bash_operator to 2023-01-19T00:00:00+00:00, run_after=2023-01-20T00:00:00+00:00
[2023-01-20T23:43:59.179+0000] {processor.py:178} INFO - Processing /home/airflow/.local/lib/python3.7/site-packages/airflow/example_dags/example_bash_operator.py took 0.078 seconds
[2023-01-20T23:44:29.612+0000] {processor.py:156} INFO - Started process (PID=588) to work on /home/airflow/.local/lib/python3.7/site-packages/airflow/example_dags/example_bash_operator.py
[2023-01-20T23:44:29.613+0000] {processor.py:758} INFO - Processing file /home/airflow/.local/lib/python3.7/site-packages/airflow/example_dags/example_bash_operator.py for tasks to queue
[2023-01-20T23:44:29.614+0000] {logging_mixin.py:117} INFO - [2023-01-20T23:44:29.614+0000] {dagbag.py:525} INFO - Filling up the DagBag from /home/airflow/.local/lib/python3.7/site-packages/airflow/example_dags/example_bash_operator.py
[2023-01-20T23:44:29.636+0000] {processor.py:768} INFO - DAG(s) dict_keys(['example_bash_operator']) retrieved from /home/airflow/.local/lib/python3.7/site-packages/airflow/example_dags/example_bash_operator.py
[2023-01-20T23:44:29.680+0000] {logging_mixin.py:117} INFO - [2023-01-20T23:44:29.680+0000] {dag.py:2573} INFO - Sync 1 DAGs
[2023-01-20T23:44:29.714+0000] {logging_mixin.py:117} INFO - [2023-01-20T23:44:29.713+0000] {dag.py:3328} INFO - Setting next_dagrun for example_bash_operator to 2023-01-19T00:00:00+00:00, run_after=2023-01-20T00:00:00+00:00
[2023-01-20T23:44:29.733+0000] {processor.py:178} INFO - Processing /home/airflow/.local/lib/python3.7/site-packages/airflow/example_dags/example_bash_operator.py took 0.124 seconds
[2023-01-20T23:45:00.002+0000] {processor.py:156} INFO - Started process (PID=651) to work on /home/airflow/.local/lib/python3.7/site-packages/airflow/example_dags/example_bash_operator.py
[2023-01-20T23:45:00.004+0000] {processor.py:758} INFO - Processing file /home/airflow/.local/lib/python3.7/site-packages/airflow/example_dags/example_bash_operator.py for tasks to queue
[2023-01-20T23:45:00.005+0000] {logging_mixin.py:117} INFO - [2023-01-20T23:45:00.004+0000] {dagbag.py:525} INFO - Filling up the DagBag from /home/airflow/.local/lib/python3.7/site-packages/airflow/example_dags/example_bash_operator.py
[2023-01-20T23:45:00.020+0000] {processor.py:768} INFO - DAG(s) dict_keys(['example_bash_operator']) retrieved from /home/airflow/.local/lib/python3.7/site-packages/airflow/example_dags/example_bash_operator.py
[2023-01-20T23:45:00.054+0000] {logging_mixin.py:117} INFO - [2023-01-20T23:45:00.054+0000] {dag.py:2573} INFO - Sync 1 DAGs
[2023-01-20T23:45:00.071+0000] {logging_mixin.py:117} INFO - [2023-01-20T23:45:00.071+0000] {dag.py:3328} INFO - Setting next_dagrun for example_bash_operator to 2023-01-19T00:00:00+00:00, run_after=2023-01-20T00:00:00+00:00
[2023-01-20T23:45:00.082+0000] {processor.py:178} INFO - Processing /home/airflow/.local/lib/python3.7/site-packages/airflow/example_dags/example_bash_operator.py took 0.083 seconds
[2023-01-20T23:45:30.256+0000] {processor.py:156} INFO - Started process (PID=714) to work on /home/airflow/.local/lib/python3.7/site-packages/airflow/example_dags/example_bash_operator.py
[2023-01-20T23:45:30.257+0000] {processor.py:758} INFO - Processing file /home/airflow/.local/lib/python3.7/site-packages/airflow/example_dags/example_bash_operator.py for tasks to queue
[2023-01-20T23:45:30.258+0000] {logging_mixin.py:117} INFO - [2023-01-20T23:45:30.258+0000] {dagbag.py:525} INFO - Filling up the DagBag from /home/airflow/.local/lib/python3.7/site-packages/airflow/example_dags/example_bash_operator.py
[2023-01-20T23:45:30.273+0000] {processor.py:768} INFO - DAG(s) dict_keys(['example_bash_operator']) retrieved from /home/airflow/.local/lib/python3.7/site-packages/airflow/example_dags/example_bash_operator.py
[2023-01-20T23:45:30.303+0000] {logging_mixin.py:117} INFO - [2023-01-20T23:45:30.303+0000] {dag.py:2573} INFO - Sync 1 DAGs
[2023-01-20T23:45:30.320+0000] {logging_mixin.py:117} INFO - [2023-01-20T23:45:30.320+0000] {dag.py:3328} INFO - Setting next_dagrun for example_bash_operator to 2023-01-19T00:00:00+00:00, run_after=2023-01-20T00:00:00+00:00
[2023-01-20T23:45:30.330+0000] {processor.py:178} INFO - Processing /home/airflow/.local/lib/python3.7/site-packages/airflow/example_dags/example_bash_operator.py took 0.077 seconds
[2023-01-20T23:46:00.722+0000] {processor.py:156} INFO - Started process (PID=768) to work on /home/airflow/.local/lib/python3.7/site-packages/airflow/example_dags/example_bash_operator.py
[2023-01-20T23:46:00.724+0000] {processor.py:758} INFO - Processing file /home/airflow/.local/lib/python3.7/site-packages/airflow/example_dags/example_bash_operator.py for tasks to queue
[2023-01-20T23:46:00.725+0000] {logging_mixin.py:117} INFO - [2023-01-20T23:46:00.725+0000] {dagbag.py:525} INFO - Filling up the DagBag from /home/airflow/.local/lib/python3.7/site-packages/airflow/example_dags/example_bash_operator.py
[2023-01-20T23:46:00.740+0000] {processor.py:768} INFO - DAG(s) dict_keys(['example_bash_operator']) retrieved from /home/airflow/.local/lib/python3.7/site-packages/airflow/example_dags/example_bash_operator.py
[2023-01-20T23:46:00.770+0000] {logging_mixin.py:117} INFO - [2023-01-20T23:46:00.770+0000] {dag.py:2573} INFO - Sync 1 DAGs
[2023-01-20T23:46:00.787+0000] {logging_mixin.py:117} INFO - [2023-01-20T23:46:00.787+0000] {dag.py:3328} INFO - Setting next_dagrun for example_bash_operator to 2023-01-19T00:00:00+00:00, run_after=2023-01-20T00:00:00+00:00
[2023-01-20T23:46:00.798+0000] {processor.py:178} INFO - Processing /home/airflow/.local/lib/python3.7/site-packages/airflow/example_dags/example_bash_operator.py took 0.079 seconds
[2023-01-20T23:46:31.061+0000] {processor.py:156} INFO - Started process (PID=831) to work on /home/airflow/.local/lib/python3.7/site-packages/airflow/example_dags/example_bash_operator.py
[2023-01-20T23:46:31.063+0000] {processor.py:758} INFO - Processing file /home/airflow/.local/lib/python3.7/site-packages/airflow/example_dags/example_bash_operator.py for tasks to queue
[2023-01-20T23:46:31.064+0000] {logging_mixin.py:117} INFO - [2023-01-20T23:46:31.064+0000] {dagbag.py:525} INFO - Filling up the DagBag from /home/airflow/.local/lib/python3.7/site-packages/airflow/example_dags/example_bash_operator.py
[2023-01-20T23:46:31.079+0000] {processor.py:768} INFO - DAG(s) dict_keys(['example_bash_operator']) retrieved from /home/airflow/.local/lib/python3.7/site-packages/airflow/example_dags/example_bash_operator.py
[2023-01-20T23:46:31.116+0000] {logging_mixin.py:117} INFO - [2023-01-20T23:46:31.115+0000] {dag.py:2573} INFO - Sync 1 DAGs
[2023-01-20T23:46:31.132+0000] {logging_mixin.py:117} INFO - [2023-01-20T23:46:31.132+0000] {dag.py:3328} INFO - Setting next_dagrun for example_bash_operator to 2023-01-19T00:00:00+00:00, run_after=2023-01-20T00:00:00+00:00
[2023-01-20T23:46:31.142+0000] {processor.py:178} INFO - Processing /home/airflow/.local/lib/python3.7/site-packages/airflow/example_dags/example_bash_operator.py took 0.083 seconds
[2023-01-20T23:47:01.576+0000] {processor.py:156} INFO - Started process (PID=894) to work on /home/airflow/.local/lib/python3.7/site-packages/airflow/example_dags/example_bash_operator.py
[2023-01-20T23:47:01.577+0000] {processor.py:758} INFO - Processing file /home/airflow/.local/lib/python3.7/site-packages/airflow/example_dags/example_bash_operator.py for tasks to queue
[2023-01-20T23:47:01.578+0000] {logging_mixin.py:117} INFO - [2023-01-20T23:47:01.578+0000] {dagbag.py:525} INFO - Filling up the DagBag from /home/airflow/.local/lib/python3.7/site-packages/airflow/example_dags/example_bash_operator.py
[2023-01-20T23:47:01.593+0000] {processor.py:768} INFO - DAG(s) dict_keys(['example_bash_operator']) retrieved from /home/airflow/.local/lib/python3.7/site-packages/airflow/example_dags/example_bash_operator.py
[2023-01-20T23:47:01.624+0000] {logging_mixin.py:117} INFO - [2023-01-20T23:47:01.624+0000] {dag.py:2573} INFO - Sync 1 DAGs
[2023-01-20T23:47:01.640+0000] {logging_mixin.py:117} INFO - [2023-01-20T23:47:01.640+0000] {dag.py:3328} INFO - Setting next_dagrun for example_bash_operator to 2023-01-19T00:00:00+00:00, run_after=2023-01-20T00:00:00+00:00
[2023-01-20T23:47:01.651+0000] {processor.py:178} INFO - Processing /home/airflow/.local/lib/python3.7/site-packages/airflow/example_dags/example_bash_operator.py took 0.077 seconds
[2023-01-20T23:47:32.080+0000] {processor.py:156} INFO - Started process (PID=957) to work on /home/airflow/.local/lib/python3.7/site-packages/airflow/example_dags/example_bash_operator.py
[2023-01-20T23:47:32.082+0000] {processor.py:758} INFO - Processing file /home/airflow/.local/lib/python3.7/site-packages/airflow/example_dags/example_bash_operator.py for tasks to queue
[2023-01-20T23:47:32.083+0000] {logging_mixin.py:117} INFO - [2023-01-20T23:47:32.083+0000] {dagbag.py:525} INFO - Filling up the DagBag from /home/airflow/.local/lib/python3.7/site-packages/airflow/example_dags/example_bash_operator.py
[2023-01-20T23:47:32.104+0000] {processor.py:768} INFO - DAG(s) dict_keys(['example_bash_operator']) retrieved from /home/airflow/.local/lib/python3.7/site-packages/airflow/example_dags/example_bash_operator.py
[2023-01-20T23:47:32.153+0000] {logging_mixin.py:117} INFO - [2023-01-20T23:47:32.153+0000] {dag.py:2573} INFO - Sync 1 DAGs
[2023-01-20T23:47:32.191+0000] {logging_mixin.py:117} INFO - [2023-01-20T23:47:32.190+0000] {dag.py:3328} INFO - Setting next_dagrun for example_bash_operator to 2023-01-19T00:00:00+00:00, run_after=2023-01-20T00:00:00+00:00
[2023-01-20T23:47:32.209+0000] {processor.py:178} INFO - Processing /home/airflow/.local/lib/python3.7/site-packages/airflow/example_dags/example_bash_operator.py took 0.132 seconds
[2023-01-20T23:48:02.528+0000] {processor.py:156} INFO - Started process (PID=1019) to work on /home/airflow/.local/lib/python3.7/site-packages/airflow/example_dags/example_bash_operator.py
[2023-01-20T23:48:02.530+0000] {processor.py:758} INFO - Processing file /home/airflow/.local/lib/python3.7/site-packages/airflow/example_dags/example_bash_operator.py for tasks to queue
[2023-01-20T23:48:02.530+0000] {logging_mixin.py:117} INFO - [2023-01-20T23:48:02.530+0000] {dagbag.py:525} INFO - Filling up the DagBag from /home/airflow/.local/lib/python3.7/site-packages/airflow/example_dags/example_bash_operator.py
[2023-01-20T23:48:02.545+0000] {processor.py:768} INFO - DAG(s) dict_keys(['example_bash_operator']) retrieved from /home/airflow/.local/lib/python3.7/site-packages/airflow/example_dags/example_bash_operator.py
[2023-01-20T23:48:02.578+0000] {logging_mixin.py:117} INFO - [2023-01-20T23:48:02.578+0000] {dag.py:2573} INFO - Sync 1 DAGs
[2023-01-20T23:48:02.597+0000] {logging_mixin.py:117} INFO - [2023-01-20T23:48:02.597+0000] {dag.py:3328} INFO - Setting next_dagrun for example_bash_operator to 2023-01-19T00:00:00+00:00, run_after=2023-01-20T00:00:00+00:00
[2023-01-20T23:48:02.610+0000] {processor.py:178} INFO - Processing /home/airflow/.local/lib/python3.7/site-packages/airflow/example_dags/example_bash_operator.py took 0.084 seconds
[2023-01-20T23:48:32.979+0000] {processor.py:156} INFO - Started process (PID=1082) to work on /home/airflow/.local/lib/python3.7/site-packages/airflow/example_dags/example_bash_operator.py
[2023-01-20T23:48:32.980+0000] {processor.py:758} INFO - Processing file /home/airflow/.local/lib/python3.7/site-packages/airflow/example_dags/example_bash_operator.py for tasks to queue
[2023-01-20T23:48:32.981+0000] {logging_mixin.py:117} INFO - [2023-01-20T23:48:32.981+0000] {dagbag.py:525} INFO - Filling up the DagBag from /home/airflow/.local/lib/python3.7/site-packages/airflow/example_dags/example_bash_operator.py
[2023-01-20T23:48:32.996+0000] {processor.py:768} INFO - DAG(s) dict_keys(['example_bash_operator']) retrieved from /home/airflow/.local/lib/python3.7/site-packages/airflow/example_dags/example_bash_operator.py
[2023-01-20T23:48:33.025+0000] {logging_mixin.py:117} INFO - [2023-01-20T23:48:33.024+0000] {dag.py:2573} INFO - Sync 1 DAGs
[2023-01-20T23:48:33.040+0000] {logging_mixin.py:117} INFO - [2023-01-20T23:48:33.040+0000] {dag.py:3328} INFO - Setting next_dagrun for example_bash_operator to 2023-01-19T00:00:00+00:00, run_after=2023-01-20T00:00:00+00:00
[2023-01-20T23:48:33.052+0000] {processor.py:178} INFO - Processing /home/airflow/.local/lib/python3.7/site-packages/airflow/example_dags/example_bash_operator.py took 0.075 seconds
[2023-01-20T23:49:03.375+0000] {processor.py:156} INFO - Started process (PID=1136) to work on /home/airflow/.local/lib/python3.7/site-packages/airflow/example_dags/example_bash_operator.py
[2023-01-20T23:49:03.378+0000] {processor.py:758} INFO - Processing file /home/airflow/.local/lib/python3.7/site-packages/airflow/example_dags/example_bash_operator.py for tasks to queue
[2023-01-20T23:49:03.378+0000] {logging_mixin.py:117} INFO - [2023-01-20T23:49:03.378+0000] {dagbag.py:525} INFO - Filling up the DagBag from /home/airflow/.local/lib/python3.7/site-packages/airflow/example_dags/example_bash_operator.py
[2023-01-20T23:49:03.393+0000] {processor.py:768} INFO - DAG(s) dict_keys(['example_bash_operator']) retrieved from /home/airflow/.local/lib/python3.7/site-packages/airflow/example_dags/example_bash_operator.py
[2023-01-20T23:49:03.423+0000] {logging_mixin.py:117} INFO - [2023-01-20T23:49:03.423+0000] {dag.py:2573} INFO - Sync 1 DAGs
[2023-01-20T23:49:03.440+0000] {logging_mixin.py:117} INFO - [2023-01-20T23:49:03.439+0000] {dag.py:3328} INFO - Setting next_dagrun for example_bash_operator to 2023-01-19T00:00:00+00:00, run_after=2023-01-20T00:00:00+00:00
[2023-01-20T23:49:03.451+0000] {processor.py:178} INFO - Processing /home/airflow/.local/lib/python3.7/site-packages/airflow/example_dags/example_bash_operator.py took 0.078 seconds
[2023-01-20T23:49:33.769+0000] {processor.py:156} INFO - Started process (PID=1199) to work on /home/airflow/.local/lib/python3.7/site-packages/airflow/example_dags/example_bash_operator.py
[2023-01-20T23:49:33.770+0000] {processor.py:758} INFO - Processing file /home/airflow/.local/lib/python3.7/site-packages/airflow/example_dags/example_bash_operator.py for tasks to queue
[2023-01-20T23:49:33.771+0000] {logging_mixin.py:117} INFO - [2023-01-20T23:49:33.771+0000] {dagbag.py:525} INFO - Filling up the DagBag from /home/airflow/.local/lib/python3.7/site-packages/airflow/example_dags/example_bash_operator.py
[2023-01-20T23:49:33.785+0000] {processor.py:768} INFO - DAG(s) dict_keys(['example_bash_operator']) retrieved from /home/airflow/.local/lib/python3.7/site-packages/airflow/example_dags/example_bash_operator.py
[2023-01-20T23:49:33.817+0000] {logging_mixin.py:117} INFO - [2023-01-20T23:49:33.817+0000] {dag.py:2573} INFO - Sync 1 DAGs
[2023-01-20T23:49:33.836+0000] {logging_mixin.py:117} INFO - [2023-01-20T23:49:33.836+0000] {dag.py:3328} INFO - Setting next_dagrun for example_bash_operator to 2023-01-19T00:00:00+00:00, run_after=2023-01-20T00:00:00+00:00
[2023-01-20T23:49:33.847+0000] {processor.py:178} INFO - Processing /home/airflow/.local/lib/python3.7/site-packages/airflow/example_dags/example_bash_operator.py took 0.080 seconds
[2023-01-20T23:50:04.055+0000] {processor.py:156} INFO - Started process (PID=1262) to work on /home/airflow/.local/lib/python3.7/site-packages/airflow/example_dags/example_bash_operator.py
[2023-01-20T23:50:04.056+0000] {processor.py:758} INFO - Processing file /home/airflow/.local/lib/python3.7/site-packages/airflow/example_dags/example_bash_operator.py for tasks to queue
[2023-01-20T23:50:04.057+0000] {logging_mixin.py:117} INFO - [2023-01-20T23:50:04.057+0000] {dagbag.py:525} INFO - Filling up the DagBag from /home/airflow/.local/lib/python3.7/site-packages/airflow/example_dags/example_bash_operator.py
[2023-01-20T23:50:04.071+0000] {processor.py:768} INFO - DAG(s) dict_keys(['example_bash_operator']) retrieved from /home/airflow/.local/lib/python3.7/site-packages/airflow/example_dags/example_bash_operator.py
[2023-01-20T23:50:04.101+0000] {logging_mixin.py:117} INFO - [2023-01-20T23:50:04.101+0000] {dag.py:2573} INFO - Sync 1 DAGs
[2023-01-20T23:50:04.117+0000] {logging_mixin.py:117} INFO - [2023-01-20T23:50:04.117+0000] {dag.py:3328} INFO - Setting next_dagrun for example_bash_operator to 2023-01-19T00:00:00+00:00, run_after=2023-01-20T00:00:00+00:00
[2023-01-20T23:50:04.127+0000] {processor.py:178} INFO - Processing /home/airflow/.local/lib/python3.7/site-packages/airflow/example_dags/example_bash_operator.py took 0.075 seconds
[2023-01-20T23:50:34.404+0000] {processor.py:156} INFO - Started process (PID=1325) to work on /home/airflow/.local/lib/python3.7/site-packages/airflow/example_dags/example_bash_operator.py
[2023-01-20T23:50:34.406+0000] {processor.py:758} INFO - Processing file /home/airflow/.local/lib/python3.7/site-packages/airflow/example_dags/example_bash_operator.py for tasks to queue
[2023-01-20T23:50:34.407+0000] {logging_mixin.py:117} INFO - [2023-01-20T23:50:34.407+0000] {dagbag.py:525} INFO - Filling up the DagBag from /home/airflow/.local/lib/python3.7/site-packages/airflow/example_dags/example_bash_operator.py
[2023-01-20T23:50:34.424+0000] {processor.py:768} INFO - DAG(s) dict_keys(['example_bash_operator']) retrieved from /home/airflow/.local/lib/python3.7/site-packages/airflow/example_dags/example_bash_operator.py
[2023-01-20T23:50:34.455+0000] {logging_mixin.py:117} INFO - [2023-01-20T23:50:34.455+0000] {dag.py:2573} INFO - Sync 1 DAGs
[2023-01-20T23:50:34.472+0000] {logging_mixin.py:117} INFO - [2023-01-20T23:50:34.472+0000] {dag.py:3328} INFO - Setting next_dagrun for example_bash_operator to 2023-01-19T00:00:00+00:00, run_after=2023-01-20T00:00:00+00:00
[2023-01-20T23:50:34.483+0000] {processor.py:178} INFO - Processing /home/airflow/.local/lib/python3.7/site-packages/airflow/example_dags/example_bash_operator.py took 0.082 seconds
[2023-01-20T23:51:04.704+0000] {processor.py:156} INFO - Started process (PID=1388) to work on /home/airflow/.local/lib/python3.7/site-packages/airflow/example_dags/example_bash_operator.py
[2023-01-20T23:51:04.706+0000] {processor.py:758} INFO - Processing file /home/airflow/.local/lib/python3.7/site-packages/airflow/example_dags/example_bash_operator.py for tasks to queue
[2023-01-20T23:51:04.707+0000] {logging_mixin.py:117} INFO - [2023-01-20T23:51:04.707+0000] {dagbag.py:525} INFO - Filling up the DagBag from /home/airflow/.local/lib/python3.7/site-packages/airflow/example_dags/example_bash_operator.py
[2023-01-20T23:51:04.722+0000] {processor.py:768} INFO - DAG(s) dict_keys(['example_bash_operator']) retrieved from /home/airflow/.local/lib/python3.7/site-packages/airflow/example_dags/example_bash_operator.py
[2023-01-20T23:51:04.752+0000] {logging_mixin.py:117} INFO - [2023-01-20T23:51:04.752+0000] {dag.py:2573} INFO - Sync 1 DAGs
[2023-01-20T23:51:04.769+0000] {logging_mixin.py:117} INFO - [2023-01-20T23:51:04.768+0000] {dag.py:3328} INFO - Setting next_dagrun for example_bash_operator to 2023-01-19T00:00:00+00:00, run_after=2023-01-20T00:00:00+00:00
[2023-01-20T23:51:04.781+0000] {processor.py:178} INFO - Processing /home/airflow/.local/lib/python3.7/site-packages/airflow/example_dags/example_bash_operator.py took 0.080 seconds
[2023-01-20T23:51:35.107+0000] {processor.py:156} INFO - Started process (PID=1452) to work on /home/airflow/.local/lib/python3.7/site-packages/airflow/example_dags/example_bash_operator.py
[2023-01-20T23:51:35.109+0000] {processor.py:758} INFO - Processing file /home/airflow/.local/lib/python3.7/site-packages/airflow/example_dags/example_bash_operator.py for tasks to queue
[2023-01-20T23:51:35.110+0000] {logging_mixin.py:117} INFO - [2023-01-20T23:51:35.109+0000] {dagbag.py:525} INFO - Filling up the DagBag from /home/airflow/.local/lib/python3.7/site-packages/airflow/example_dags/example_bash_operator.py
[2023-01-20T23:51:35.126+0000] {processor.py:768} INFO - DAG(s) dict_keys(['example_bash_operator']) retrieved from /home/airflow/.local/lib/python3.7/site-packages/airflow/example_dags/example_bash_operator.py
[2023-01-20T23:51:35.155+0000] {logging_mixin.py:117} INFO - [2023-01-20T23:51:35.155+0000] {dag.py:2573} INFO - Sync 1 DAGs
[2023-01-20T23:51:35.172+0000] {logging_mixin.py:117} INFO - [2023-01-20T23:51:35.172+0000] {dag.py:3328} INFO - Setting next_dagrun for example_bash_operator to 2023-01-19T00:00:00+00:00, run_after=2023-01-20T00:00:00+00:00
[2023-01-20T23:51:35.182+0000] {processor.py:178} INFO - Processing /home/airflow/.local/lib/python3.7/site-packages/airflow/example_dags/example_bash_operator.py took 0.078 seconds
[2023-01-20T23:52:05.683+0000] {processor.py:156} INFO - Started process (PID=1506) to work on /home/airflow/.local/lib/python3.7/site-packages/airflow/example_dags/example_bash_operator.py
[2023-01-20T23:52:05.684+0000] {processor.py:758} INFO - Processing file /home/airflow/.local/lib/python3.7/site-packages/airflow/example_dags/example_bash_operator.py for tasks to queue
[2023-01-20T23:52:05.686+0000] {logging_mixin.py:117} INFO - [2023-01-20T23:52:05.685+0000] {dagbag.py:525} INFO - Filling up the DagBag from /home/airflow/.local/lib/python3.7/site-packages/airflow/example_dags/example_bash_operator.py
[2023-01-20T23:52:05.701+0000] {processor.py:768} INFO - DAG(s) dict_keys(['example_bash_operator']) retrieved from /home/airflow/.local/lib/python3.7/site-packages/airflow/example_dags/example_bash_operator.py
[2023-01-20T23:52:05.734+0000] {logging_mixin.py:117} INFO - [2023-01-20T23:52:05.734+0000] {dag.py:2573} INFO - Sync 1 DAGs
[2023-01-20T23:52:05.752+0000] {logging_mixin.py:117} INFO - [2023-01-20T23:52:05.752+0000] {dag.py:3328} INFO - Setting next_dagrun for example_bash_operator to 2023-01-19T00:00:00+00:00, run_after=2023-01-20T00:00:00+00:00
[2023-01-20T23:52:05.764+0000] {processor.py:178} INFO - Processing /home/airflow/.local/lib/python3.7/site-packages/airflow/example_dags/example_bash_operator.py took 0.083 seconds
[2023-01-20T23:52:36.186+0000] {processor.py:156} INFO - Started process (PID=1569) to work on /home/airflow/.local/lib/python3.7/site-packages/airflow/example_dags/example_bash_operator.py
[2023-01-20T23:52:36.187+0000] {processor.py:758} INFO - Processing file /home/airflow/.local/lib/python3.7/site-packages/airflow/example_dags/example_bash_operator.py for tasks to queue
[2023-01-20T23:52:36.188+0000] {logging_mixin.py:117} INFO - [2023-01-20T23:52:36.188+0000] {dagbag.py:525} INFO - Filling up the DagBag from /home/airflow/.local/lib/python3.7/site-packages/airflow/example_dags/example_bash_operator.py
[2023-01-20T23:52:36.203+0000] {processor.py:768} INFO - DAG(s) dict_keys(['example_bash_operator']) retrieved from /home/airflow/.local/lib/python3.7/site-packages/airflow/example_dags/example_bash_operator.py
[2023-01-20T23:52:36.234+0000] {logging_mixin.py:117} INFO - [2023-01-20T23:52:36.234+0000] {dag.py:2573} INFO - Sync 1 DAGs
[2023-01-20T23:52:36.250+0000] {logging_mixin.py:117} INFO - [2023-01-20T23:52:36.250+0000] {dag.py:3328} INFO - Setting next_dagrun for example_bash_operator to 2023-01-19T00:00:00+00:00, run_after=2023-01-20T00:00:00+00:00
[2023-01-20T23:52:36.262+0000] {processor.py:178} INFO - Processing /home/airflow/.local/lib/python3.7/site-packages/airflow/example_dags/example_bash_operator.py took 0.079 seconds
[2023-01-20T23:53:06.536+0000] {processor.py:156} INFO - Started process (PID=1632) to work on /home/airflow/.local/lib/python3.7/site-packages/airflow/example_dags/example_bash_operator.py
[2023-01-20T23:53:06.538+0000] {processor.py:758} INFO - Processing file /home/airflow/.local/lib/python3.7/site-packages/airflow/example_dags/example_bash_operator.py for tasks to queue
[2023-01-20T23:53:06.539+0000] {logging_mixin.py:117} INFO - [2023-01-20T23:53:06.538+0000] {dagbag.py:525} INFO - Filling up the DagBag from /home/airflow/.local/lib/python3.7/site-packages/airflow/example_dags/example_bash_operator.py
[2023-01-20T23:53:06.554+0000] {processor.py:768} INFO - DAG(s) dict_keys(['example_bash_operator']) retrieved from /home/airflow/.local/lib/python3.7/site-packages/airflow/example_dags/example_bash_operator.py
[2023-01-20T23:53:06.583+0000] {logging_mixin.py:117} INFO - [2023-01-20T23:53:06.583+0000] {dag.py:2573} INFO - Sync 1 DAGs
[2023-01-20T23:53:06.600+0000] {logging_mixin.py:117} INFO - [2023-01-20T23:53:06.599+0000] {dag.py:3328} INFO - Setting next_dagrun for example_bash_operator to 2023-01-19T00:00:00+00:00, run_after=2023-01-20T00:00:00+00:00
[2023-01-20T23:53:06.611+0000] {processor.py:178} INFO - Processing /home/airflow/.local/lib/python3.7/site-packages/airflow/example_dags/example_bash_operator.py took 0.077 seconds
[2023-01-20T23:53:37.230+0000] {processor.py:156} INFO - Started process (PID=1695) to work on /home/airflow/.local/lib/python3.7/site-packages/airflow/example_dags/example_bash_operator.py
[2023-01-20T23:53:37.232+0000] {processor.py:758} INFO - Processing file /home/airflow/.local/lib/python3.7/site-packages/airflow/example_dags/example_bash_operator.py for tasks to queue
[2023-01-20T23:53:37.233+0000] {logging_mixin.py:117} INFO - [2023-01-20T23:53:37.233+0000] {dagbag.py:525} INFO - Filling up the DagBag from /home/airflow/.local/lib/python3.7/site-packages/airflow/example_dags/example_bash_operator.py
[2023-01-20T23:53:37.250+0000] {processor.py:768} INFO - DAG(s) dict_keys(['example_bash_operator']) retrieved from /home/airflow/.local/lib/python3.7/site-packages/airflow/example_dags/example_bash_operator.py
[2023-01-20T23:53:37.283+0000] {logging_mixin.py:117} INFO - [2023-01-20T23:53:37.283+0000] {dag.py:2573} INFO - Sync 1 DAGs
[2023-01-20T23:53:37.301+0000] {logging_mixin.py:117} INFO - [2023-01-20T23:53:37.301+0000] {dag.py:3328} INFO - Setting next_dagrun for example_bash_operator to 2023-01-19T00:00:00+00:00, run_after=2023-01-20T00:00:00+00:00
[2023-01-20T23:53:37.313+0000] {processor.py:178} INFO - Processing /home/airflow/.local/lib/python3.7/site-packages/airflow/example_dags/example_bash_operator.py took 0.085 seconds
[2023-01-20T23:54:07.527+0000] {processor.py:156} INFO - Started process (PID=1759) to work on /home/airflow/.local/lib/python3.7/site-packages/airflow/example_dags/example_bash_operator.py
[2023-01-20T23:54:07.529+0000] {processor.py:758} INFO - Processing file /home/airflow/.local/lib/python3.7/site-packages/airflow/example_dags/example_bash_operator.py for tasks to queue
[2023-01-20T23:54:07.529+0000] {logging_mixin.py:117} INFO - [2023-01-20T23:54:07.529+0000] {dagbag.py:525} INFO - Filling up the DagBag from /home/airflow/.local/lib/python3.7/site-packages/airflow/example_dags/example_bash_operator.py
[2023-01-20T23:54:07.544+0000] {processor.py:768} INFO - DAG(s) dict_keys(['example_bash_operator']) retrieved from /home/airflow/.local/lib/python3.7/site-packages/airflow/example_dags/example_bash_operator.py
[2023-01-20T23:54:07.575+0000] {logging_mixin.py:117} INFO - [2023-01-20T23:54:07.575+0000] {dag.py:2573} INFO - Sync 1 DAGs
[2023-01-20T23:54:07.594+0000] {logging_mixin.py:117} INFO - [2023-01-20T23:54:07.594+0000] {dag.py:3328} INFO - Setting next_dagrun for example_bash_operator to 2023-01-19T00:00:00+00:00, run_after=2023-01-20T00:00:00+00:00
[2023-01-20T23:54:07.608+0000] {processor.py:178} INFO - Processing /home/airflow/.local/lib/python3.7/site-packages/airflow/example_dags/example_bash_operator.py took 0.084 seconds
[2023-01-20T23:54:53.588+0000] {processor.py:156} INFO - Started process (PID=36) to work on /home/airflow/.local/lib/python3.7/site-packages/airflow/example_dags/example_bash_operator.py
[2023-01-20T23:54:53.593+0000] {processor.py:758} INFO - Processing file /home/airflow/.local/lib/python3.7/site-packages/airflow/example_dags/example_bash_operator.py for tasks to queue
[2023-01-20T23:54:53.594+0000] {logging_mixin.py:117} INFO - [2023-01-20T23:54:53.594+0000] {dagbag.py:525} INFO - Filling up the DagBag from /home/airflow/.local/lib/python3.7/site-packages/airflow/example_dags/example_bash_operator.py
[2023-01-20T23:54:53.623+0000] {processor.py:768} INFO - DAG(s) dict_keys(['example_bash_operator']) retrieved from /home/airflow/.local/lib/python3.7/site-packages/airflow/example_dags/example_bash_operator.py
[2023-01-20T23:54:53.835+0000] {logging_mixin.py:117} INFO - [2023-01-20T23:54:53.835+0000] {dag.py:2573} INFO - Sync 1 DAGs
[2023-01-20T23:54:53.868+0000] {logging_mixin.py:117} INFO - [2023-01-20T23:54:53.868+0000] {dag.py:3328} INFO - Setting next_dagrun for example_bash_operator to 2023-01-19T00:00:00+00:00, run_after=2023-01-20T00:00:00+00:00
[2023-01-20T23:54:53.885+0000] {processor.py:178} INFO - Processing /home/airflow/.local/lib/python3.7/site-packages/airflow/example_dags/example_bash_operator.py took 0.301 seconds
[2023-01-20T23:55:24.054+0000] {processor.py:156} INFO - Started process (PID=100) to work on /home/airflow/.local/lib/python3.7/site-packages/airflow/example_dags/example_bash_operator.py
[2023-01-20T23:55:24.056+0000] {processor.py:758} INFO - Processing file /home/airflow/.local/lib/python3.7/site-packages/airflow/example_dags/example_bash_operator.py for tasks to queue
[2023-01-20T23:55:24.057+0000] {logging_mixin.py:117} INFO - [2023-01-20T23:55:24.057+0000] {dagbag.py:525} INFO - Filling up the DagBag from /home/airflow/.local/lib/python3.7/site-packages/airflow/example_dags/example_bash_operator.py
[2023-01-20T23:55:24.072+0000] {processor.py:768} INFO - DAG(s) dict_keys(['example_bash_operator']) retrieved from /home/airflow/.local/lib/python3.7/site-packages/airflow/example_dags/example_bash_operator.py
[2023-01-20T23:55:24.194+0000] {logging_mixin.py:117} INFO - [2023-01-20T23:55:24.194+0000] {dag.py:2573} INFO - Sync 1 DAGs
[2023-01-20T23:55:24.207+0000] {logging_mixin.py:117} INFO - [2023-01-20T23:55:24.206+0000] {dag.py:3328} INFO - Setting next_dagrun for example_bash_operator to 2023-01-19T00:00:00+00:00, run_after=2023-01-20T00:00:00+00:00
[2023-01-20T23:55:24.216+0000] {processor.py:178} INFO - Processing /home/airflow/.local/lib/python3.7/site-packages/airflow/example_dags/example_bash_operator.py took 0.165 seconds
[2023-01-20T23:57:21.848+0000] {processor.py:156} INFO - Started process (PID=37) to work on /home/airflow/.local/lib/python3.7/site-packages/airflow/example_dags/example_bash_operator.py
[2023-01-20T23:57:21.866+0000] {processor.py:758} INFO - Processing file /home/airflow/.local/lib/python3.7/site-packages/airflow/example_dags/example_bash_operator.py for tasks to queue
[2023-01-20T23:57:21.868+0000] {logging_mixin.py:117} INFO - [2023-01-20T23:57:21.868+0000] {dagbag.py:525} INFO - Filling up the DagBag from /home/airflow/.local/lib/python3.7/site-packages/airflow/example_dags/example_bash_operator.py
[2023-01-20T23:57:21.925+0000] {processor.py:768} INFO - DAG(s) dict_keys(['example_bash_operator']) retrieved from /home/airflow/.local/lib/python3.7/site-packages/airflow/example_dags/example_bash_operator.py
[2023-01-20T23:57:22.011+0000] {logging_mixin.py:117} INFO - [2023-01-20T23:57:22.011+0000] {dag.py:2573} INFO - Sync 1 DAGs
[2023-01-20T23:57:22.562+0000] {logging_mixin.py:117} INFO - [2023-01-20T23:57:22.562+0000] {dag.py:3328} INFO - Setting next_dagrun for example_bash_operator to 2023-01-19T00:00:00+00:00, run_after=2023-01-20T00:00:00+00:00
[2023-01-20T23:57:22.581+0000] {processor.py:178} INFO - Processing /home/airflow/.local/lib/python3.7/site-packages/airflow/example_dags/example_bash_operator.py took 0.740 seconds
[2023-01-20T23:57:52.682+0000] {processor.py:156} INFO - Started process (PID=91) to work on /home/airflow/.local/lib/python3.7/site-packages/airflow/example_dags/example_bash_operator.py
[2023-01-20T23:57:52.684+0000] {processor.py:758} INFO - Processing file /home/airflow/.local/lib/python3.7/site-packages/airflow/example_dags/example_bash_operator.py for tasks to queue
[2023-01-20T23:57:52.685+0000] {logging_mixin.py:117} INFO - [2023-01-20T23:57:52.684+0000] {dagbag.py:525} INFO - Filling up the DagBag from /home/airflow/.local/lib/python3.7/site-packages/airflow/example_dags/example_bash_operator.py
[2023-01-20T23:57:52.704+0000] {processor.py:768} INFO - DAG(s) dict_keys(['example_bash_operator']) retrieved from /home/airflow/.local/lib/python3.7/site-packages/airflow/example_dags/example_bash_operator.py
[2023-01-20T23:57:52.907+0000] {logging_mixin.py:117} INFO - [2023-01-20T23:57:52.907+0000] {dag.py:2573} INFO - Sync 1 DAGs
[2023-01-20T23:57:52.925+0000] {logging_mixin.py:117} INFO - [2023-01-20T23:57:52.925+0000] {dag.py:3328} INFO - Setting next_dagrun for example_bash_operator to 2023-01-19T00:00:00+00:00, run_after=2023-01-20T00:00:00+00:00
[2023-01-20T23:57:52.941+0000] {processor.py:178} INFO - Processing /home/airflow/.local/lib/python3.7/site-packages/airflow/example_dags/example_bash_operator.py took 0.262 seconds
[2023-01-20T23:58:24.300+0000] {processor.py:156} INFO - Started process (PID=152) to work on /home/airflow/.local/lib/python3.7/site-packages/airflow/example_dags/example_bash_operator.py
[2023-01-20T23:58:24.302+0000] {processor.py:758} INFO - Processing file /home/airflow/.local/lib/python3.7/site-packages/airflow/example_dags/example_bash_operator.py for tasks to queue
[2023-01-20T23:58:24.303+0000] {logging_mixin.py:117} INFO - [2023-01-20T23:58:24.303+0000] {dagbag.py:525} INFO - Filling up the DagBag from /home/airflow/.local/lib/python3.7/site-packages/airflow/example_dags/example_bash_operator.py
[2023-01-20T23:58:24.534+0000] {processor.py:768} INFO - DAG(s) dict_keys(['example_bash_operator']) retrieved from /home/airflow/.local/lib/python3.7/site-packages/airflow/example_dags/example_bash_operator.py
[2023-01-20T23:58:24.577+0000] {logging_mixin.py:117} INFO - [2023-01-20T23:58:24.577+0000] {dag.py:2573} INFO - Sync 1 DAGs
[2023-01-20T23:58:24.599+0000] {logging_mixin.py:117} INFO - [2023-01-20T23:58:24.598+0000] {dag.py:3328} INFO - Setting next_dagrun for example_bash_operator to 2023-01-19T00:00:00+00:00, run_after=2023-01-20T00:00:00+00:00
[2023-01-20T23:58:24.618+0000] {processor.py:178} INFO - Processing /home/airflow/.local/lib/python3.7/site-packages/airflow/example_dags/example_bash_operator.py took 0.320 seconds
[2023-01-20T23:58:55.570+0000] {processor.py:156} INFO - Started process (PID=215) to work on /home/airflow/.local/lib/python3.7/site-packages/airflow/example_dags/example_bash_operator.py
[2023-01-20T23:58:55.572+0000] {processor.py:758} INFO - Processing file /home/airflow/.local/lib/python3.7/site-packages/airflow/example_dags/example_bash_operator.py for tasks to queue
[2023-01-20T23:58:55.573+0000] {logging_mixin.py:117} INFO - [2023-01-20T23:58:55.573+0000] {dagbag.py:525} INFO - Filling up the DagBag from /home/airflow/.local/lib/python3.7/site-packages/airflow/example_dags/example_bash_operator.py
[2023-01-20T23:58:55.583+0000] {processor.py:768} INFO - DAG(s) dict_keys(['example_bash_operator']) retrieved from /home/airflow/.local/lib/python3.7/site-packages/airflow/example_dags/example_bash_operator.py
[2023-01-20T23:58:55.612+0000] {logging_mixin.py:117} INFO - [2023-01-20T23:58:55.612+0000] {dag.py:2573} INFO - Sync 1 DAGs
[2023-01-20T23:58:55.628+0000] {logging_mixin.py:117} INFO - [2023-01-20T23:58:55.628+0000] {dag.py:3328} INFO - Setting next_dagrun for example_bash_operator to 2023-01-19T00:00:00+00:00, run_after=2023-01-20T00:00:00+00:00
[2023-01-20T23:58:55.642+0000] {processor.py:178} INFO - Processing /home/airflow/.local/lib/python3.7/site-packages/airflow/example_dags/example_bash_operator.py took 0.195 seconds
[2023-01-20T23:59:26.168+0000] {processor.py:156} INFO - Started process (PID=278) to work on /home/airflow/.local/lib/python3.7/site-packages/airflow/example_dags/example_bash_operator.py
[2023-01-20T23:59:26.170+0000] {processor.py:758} INFO - Processing file /home/airflow/.local/lib/python3.7/site-packages/airflow/example_dags/example_bash_operator.py for tasks to queue
[2023-01-20T23:59:26.171+0000] {logging_mixin.py:117} INFO - [2023-01-20T23:59:26.171+0000] {dagbag.py:525} INFO - Filling up the DagBag from /home/airflow/.local/lib/python3.7/site-packages/airflow/example_dags/example_bash_operator.py
[2023-01-20T23:59:26.187+0000] {processor.py:768} INFO - DAG(s) dict_keys(['example_bash_operator']) retrieved from /home/airflow/.local/lib/python3.7/site-packages/airflow/example_dags/example_bash_operator.py
[2023-01-20T23:59:26.239+0000] {logging_mixin.py:117} INFO - [2023-01-20T23:59:26.239+0000] {dag.py:2573} INFO - Sync 1 DAGs
[2023-01-20T23:59:26.262+0000] {logging_mixin.py:117} INFO - [2023-01-20T23:59:26.262+0000] {dag.py:3328} INFO - Setting next_dagrun for example_bash_operator to 2023-01-19T00:00:00+00:00, run_after=2023-01-20T00:00:00+00:00
[2023-01-20T23:59:26.280+0000] {processor.py:178} INFO - Processing /home/airflow/.local/lib/python3.7/site-packages/airflow/example_dags/example_bash_operator.py took 0.115 seconds
[2023-01-20T23:59:56.576+0000] {processor.py:156} INFO - Started process (PID=332) to work on /home/airflow/.local/lib/python3.7/site-packages/airflow/example_dags/example_bash_operator.py
[2023-01-20T23:59:56.577+0000] {processor.py:758} INFO - Processing file /home/airflow/.local/lib/python3.7/site-packages/airflow/example_dags/example_bash_operator.py for tasks to queue
[2023-01-20T23:59:56.578+0000] {logging_mixin.py:117} INFO - [2023-01-20T23:59:56.578+0000] {dagbag.py:525} INFO - Filling up the DagBag from /home/airflow/.local/lib/python3.7/site-packages/airflow/example_dags/example_bash_operator.py
[2023-01-20T23:59:56.593+0000] {processor.py:768} INFO - DAG(s) dict_keys(['example_bash_operator']) retrieved from /home/airflow/.local/lib/python3.7/site-packages/airflow/example_dags/example_bash_operator.py
[2023-01-20T23:59:56.624+0000] {logging_mixin.py:117} INFO - [2023-01-20T23:59:56.624+0000] {dag.py:2573} INFO - Sync 1 DAGs
[2023-01-20T23:59:56.640+0000] {logging_mixin.py:117} INFO - [2023-01-20T23:59:56.640+0000] {dag.py:3328} INFO - Setting next_dagrun for example_bash_operator to 2023-01-19T00:00:00+00:00, run_after=2023-01-20T00:00:00+00:00
[2023-01-20T23:59:56.651+0000] {processor.py:178} INFO - Processing /home/airflow/.local/lib/python3.7/site-packages/airflow/example_dags/example_bash_operator.py took 0.078 seconds
