[2023-01-20T23:40:02.167+0000] {processor.py:156} INFO - Started process (PID=54) to work on /home/airflow/.local/lib/python3.7/site-packages/airflow/example_dags/example_skip_dag.py
[2023-01-20T23:40:02.185+0000] {processor.py:758} INFO - Processing file /home/airflow/.local/lib/python3.7/site-packages/airflow/example_dags/example_skip_dag.py for tasks to queue
[2023-01-20T23:40:02.208+0000] {logging_mixin.py:117} INFO - [2023-01-20T23:40:02.208+0000] {dagbag.py:525} INFO - Filling up the DagBag from /home/airflow/.local/lib/python3.7/site-packages/airflow/example_dags/example_skip_dag.py
[2023-01-20T23:40:02.384+0000] {processor.py:768} INFO - DAG(s) dict_keys(['example_skip_dag']) retrieved from /home/airflow/.local/lib/python3.7/site-packages/airflow/example_dags/example_skip_dag.py
[2023-01-20T23:40:04.950+0000] {logging_mixin.py:117} INFO - [2023-01-20T23:40:04.949+0000] {dag.py:2573} INFO - Sync 1 DAGs
[2023-01-20T23:40:04.996+0000] {logging_mixin.py:117} INFO - [2023-01-20T23:40:04.996+0000] {dag.py:3328} INFO - Setting next_dagrun for example_skip_dag to 2023-01-19T23:40:04.995242+00:00, run_after=2023-01-20T23:40:04.995242+00:00
[2023-01-20T23:40:05.085+0000] {processor.py:178} INFO - Processing /home/airflow/.local/lib/python3.7/site-packages/airflow/example_dags/example_skip_dag.py took 2.922 seconds
[2023-01-20T23:40:35.577+0000] {processor.py:156} INFO - Started process (PID=108) to work on /home/airflow/.local/lib/python3.7/site-packages/airflow/example_dags/example_skip_dag.py
[2023-01-20T23:40:35.588+0000] {processor.py:758} INFO - Processing file /home/airflow/.local/lib/python3.7/site-packages/airflow/example_dags/example_skip_dag.py for tasks to queue
[2023-01-20T23:40:35.590+0000] {logging_mixin.py:117} INFO - [2023-01-20T23:40:35.590+0000] {dagbag.py:525} INFO - Filling up the DagBag from /home/airflow/.local/lib/python3.7/site-packages/airflow/example_dags/example_skip_dag.py
[2023-01-20T23:40:35.617+0000] {processor.py:768} INFO - DAG(s) dict_keys(['example_skip_dag']) retrieved from /home/airflow/.local/lib/python3.7/site-packages/airflow/example_dags/example_skip_dag.py
[2023-01-20T23:40:35.924+0000] {logging_mixin.py:117} INFO - [2023-01-20T23:40:35.924+0000] {dag.py:2573} INFO - Sync 1 DAGs
[2023-01-20T23:40:35.946+0000] {logging_mixin.py:117} INFO - [2023-01-20T23:40:35.946+0000] {dag.py:3328} INFO - Setting next_dagrun for example_skip_dag to 2023-01-19T23:40:35.945760+00:00, run_after=2023-01-20T23:40:35.945760+00:00
[2023-01-20T23:40:36.026+0000] {processor.py:178} INFO - Processing /home/airflow/.local/lib/python3.7/site-packages/airflow/example_dags/example_skip_dag.py took 0.468 seconds
[2023-01-20T23:41:06.926+0000] {processor.py:156} INFO - Started process (PID=173) to work on /home/airflow/.local/lib/python3.7/site-packages/airflow/example_dags/example_skip_dag.py
[2023-01-20T23:41:06.929+0000] {processor.py:758} INFO - Processing file /home/airflow/.local/lib/python3.7/site-packages/airflow/example_dags/example_skip_dag.py for tasks to queue
[2023-01-20T23:41:06.931+0000] {logging_mixin.py:117} INFO - [2023-01-20T23:41:06.931+0000] {dagbag.py:525} INFO - Filling up the DagBag from /home/airflow/.local/lib/python3.7/site-packages/airflow/example_dags/example_skip_dag.py
[2023-01-20T23:41:07.072+0000] {processor.py:768} INFO - DAG(s) dict_keys(['example_skip_dag']) retrieved from /home/airflow/.local/lib/python3.7/site-packages/airflow/example_dags/example_skip_dag.py
[2023-01-20T23:41:07.099+0000] {logging_mixin.py:117} INFO - [2023-01-20T23:41:07.099+0000] {dag.py:2573} INFO - Sync 1 DAGs
[2023-01-20T23:41:07.115+0000] {logging_mixin.py:117} INFO - [2023-01-20T23:41:07.115+0000] {dag.py:3328} INFO - Setting next_dagrun for example_skip_dag to 2023-01-19T23:41:07.114209+00:00, run_after=2023-01-20T23:41:07.114209+00:00
[2023-01-20T23:41:07.132+0000] {processor.py:178} INFO - Processing /home/airflow/.local/lib/python3.7/site-packages/airflow/example_dags/example_skip_dag.py took 0.211 seconds
[2023-01-20T23:41:37.347+0000] {processor.py:156} INFO - Started process (PID=236) to work on /home/airflow/.local/lib/python3.7/site-packages/airflow/example_dags/example_skip_dag.py
[2023-01-20T23:41:37.352+0000] {processor.py:758} INFO - Processing file /home/airflow/.local/lib/python3.7/site-packages/airflow/example_dags/example_skip_dag.py for tasks to queue
[2023-01-20T23:41:37.353+0000] {logging_mixin.py:117} INFO - [2023-01-20T23:41:37.353+0000] {dagbag.py:525} INFO - Filling up the DagBag from /home/airflow/.local/lib/python3.7/site-packages/airflow/example_dags/example_skip_dag.py
[2023-01-20T23:41:37.372+0000] {processor.py:768} INFO - DAG(s) dict_keys(['example_skip_dag']) retrieved from /home/airflow/.local/lib/python3.7/site-packages/airflow/example_dags/example_skip_dag.py
[2023-01-20T23:41:37.420+0000] {logging_mixin.py:117} INFO - [2023-01-20T23:41:37.420+0000] {dag.py:2573} INFO - Sync 1 DAGs
[2023-01-20T23:41:37.448+0000] {logging_mixin.py:117} INFO - [2023-01-20T23:41:37.448+0000] {dag.py:3328} INFO - Setting next_dagrun for example_skip_dag to 2023-01-19T23:41:37.447783+00:00, run_after=2023-01-20T23:41:37.447783+00:00
[2023-01-20T23:41:37.460+0000] {processor.py:178} INFO - Processing /home/airflow/.local/lib/python3.7/site-packages/airflow/example_dags/example_skip_dag.py took 0.120 seconds
[2023-01-20T23:42:08.055+0000] {processor.py:156} INFO - Started process (PID=299) to work on /home/airflow/.local/lib/python3.7/site-packages/airflow/example_dags/example_skip_dag.py
[2023-01-20T23:42:08.058+0000] {processor.py:758} INFO - Processing file /home/airflow/.local/lib/python3.7/site-packages/airflow/example_dags/example_skip_dag.py for tasks to queue
[2023-01-20T23:42:08.059+0000] {logging_mixin.py:117} INFO - [2023-01-20T23:42:08.059+0000] {dagbag.py:525} INFO - Filling up the DagBag from /home/airflow/.local/lib/python3.7/site-packages/airflow/example_dags/example_skip_dag.py
[2023-01-20T23:42:08.078+0000] {processor.py:768} INFO - DAG(s) dict_keys(['example_skip_dag']) retrieved from /home/airflow/.local/lib/python3.7/site-packages/airflow/example_dags/example_skip_dag.py
[2023-01-20T23:42:08.111+0000] {logging_mixin.py:117} INFO - [2023-01-20T23:42:08.111+0000] {dag.py:2573} INFO - Sync 1 DAGs
[2023-01-20T23:42:08.126+0000] {logging_mixin.py:117} INFO - [2023-01-20T23:42:08.126+0000] {dag.py:3328} INFO - Setting next_dagrun for example_skip_dag to 2023-01-19T23:42:08.126244+00:00, run_after=2023-01-20T23:42:08.126244+00:00
[2023-01-20T23:42:08.137+0000] {processor.py:178} INFO - Processing /home/airflow/.local/lib/python3.7/site-packages/airflow/example_dags/example_skip_dag.py took 0.087 seconds
[2023-01-20T23:42:38.817+0000] {processor.py:156} INFO - Started process (PID=362) to work on /home/airflow/.local/lib/python3.7/site-packages/airflow/example_dags/example_skip_dag.py
[2023-01-20T23:42:38.820+0000] {processor.py:758} INFO - Processing file /home/airflow/.local/lib/python3.7/site-packages/airflow/example_dags/example_skip_dag.py for tasks to queue
[2023-01-20T23:42:38.821+0000] {logging_mixin.py:117} INFO - [2023-01-20T23:42:38.821+0000] {dagbag.py:525} INFO - Filling up the DagBag from /home/airflow/.local/lib/python3.7/site-packages/airflow/example_dags/example_skip_dag.py
[2023-01-20T23:42:38.854+0000] {processor.py:768} INFO - DAG(s) dict_keys(['example_skip_dag']) retrieved from /home/airflow/.local/lib/python3.7/site-packages/airflow/example_dags/example_skip_dag.py
[2023-01-20T23:42:38.923+0000] {logging_mixin.py:117} INFO - [2023-01-20T23:42:38.920+0000] {dag.py:2573} INFO - Sync 1 DAGs
[2023-01-20T23:42:38.965+0000] {logging_mixin.py:117} INFO - [2023-01-20T23:42:38.965+0000] {dag.py:3328} INFO - Setting next_dagrun for example_skip_dag to 2023-01-19T23:42:38.964997+00:00, run_after=2023-01-20T23:42:38.964997+00:00
[2023-01-20T23:42:39.002+0000] {processor.py:178} INFO - Processing /home/airflow/.local/lib/python3.7/site-packages/airflow/example_dags/example_skip_dag.py took 0.190 seconds
[2023-01-20T23:43:09.496+0000] {processor.py:156} INFO - Started process (PID=426) to work on /home/airflow/.local/lib/python3.7/site-packages/airflow/example_dags/example_skip_dag.py
[2023-01-20T23:43:09.499+0000] {processor.py:758} INFO - Processing file /home/airflow/.local/lib/python3.7/site-packages/airflow/example_dags/example_skip_dag.py for tasks to queue
[2023-01-20T23:43:09.500+0000] {logging_mixin.py:117} INFO - [2023-01-20T23:43:09.500+0000] {dagbag.py:525} INFO - Filling up the DagBag from /home/airflow/.local/lib/python3.7/site-packages/airflow/example_dags/example_skip_dag.py
[2023-01-20T23:43:09.546+0000] {processor.py:768} INFO - DAG(s) dict_keys(['example_skip_dag']) retrieved from /home/airflow/.local/lib/python3.7/site-packages/airflow/example_dags/example_skip_dag.py
[2023-01-20T23:43:09.611+0000] {logging_mixin.py:117} INFO - [2023-01-20T23:43:09.611+0000] {dag.py:2573} INFO - Sync 1 DAGs
[2023-01-20T23:43:09.643+0000] {logging_mixin.py:117} INFO - [2023-01-20T23:43:09.643+0000] {dag.py:3328} INFO - Setting next_dagrun for example_skip_dag to 2023-01-19T23:43:09.643143+00:00, run_after=2023-01-20T23:43:09.643143+00:00
[2023-01-20T23:43:09.683+0000] {processor.py:178} INFO - Processing /home/airflow/.local/lib/python3.7/site-packages/airflow/example_dags/example_skip_dag.py took 0.192 seconds
[2023-01-20T23:43:40.664+0000] {processor.py:156} INFO - Started process (PID=480) to work on /home/airflow/.local/lib/python3.7/site-packages/airflow/example_dags/example_skip_dag.py
[2023-01-20T23:43:40.666+0000] {processor.py:758} INFO - Processing file /home/airflow/.local/lib/python3.7/site-packages/airflow/example_dags/example_skip_dag.py for tasks to queue
[2023-01-20T23:43:40.668+0000] {logging_mixin.py:117} INFO - [2023-01-20T23:43:40.667+0000] {dagbag.py:525} INFO - Filling up the DagBag from /home/airflow/.local/lib/python3.7/site-packages/airflow/example_dags/example_skip_dag.py
[2023-01-20T23:43:40.686+0000] {processor.py:768} INFO - DAG(s) dict_keys(['example_skip_dag']) retrieved from /home/airflow/.local/lib/python3.7/site-packages/airflow/example_dags/example_skip_dag.py
[2023-01-20T23:43:40.722+0000] {logging_mixin.py:117} INFO - [2023-01-20T23:43:40.722+0000] {dag.py:2573} INFO - Sync 1 DAGs
[2023-01-20T23:43:40.738+0000] {logging_mixin.py:117} INFO - [2023-01-20T23:43:40.738+0000] {dag.py:3328} INFO - Setting next_dagrun for example_skip_dag to 2023-01-19T23:43:40.737942+00:00, run_after=2023-01-20T23:43:40.737942+00:00
[2023-01-20T23:43:40.748+0000] {processor.py:178} INFO - Processing /home/airflow/.local/lib/python3.7/site-packages/airflow/example_dags/example_skip_dag.py took 0.091 seconds
[2023-01-20T23:44:10.992+0000] {processor.py:156} INFO - Started process (PID=543) to work on /home/airflow/.local/lib/python3.7/site-packages/airflow/example_dags/example_skip_dag.py
[2023-01-20T23:44:10.994+0000] {processor.py:758} INFO - Processing file /home/airflow/.local/lib/python3.7/site-packages/airflow/example_dags/example_skip_dag.py for tasks to queue
[2023-01-20T23:44:10.994+0000] {logging_mixin.py:117} INFO - [2023-01-20T23:44:10.994+0000] {dagbag.py:525} INFO - Filling up the DagBag from /home/airflow/.local/lib/python3.7/site-packages/airflow/example_dags/example_skip_dag.py
[2023-01-20T23:44:11.010+0000] {processor.py:768} INFO - DAG(s) dict_keys(['example_skip_dag']) retrieved from /home/airflow/.local/lib/python3.7/site-packages/airflow/example_dags/example_skip_dag.py
[2023-01-20T23:44:11.042+0000] {logging_mixin.py:117} INFO - [2023-01-20T23:44:11.042+0000] {dag.py:2573} INFO - Sync 1 DAGs
[2023-01-20T23:44:11.058+0000] {logging_mixin.py:117} INFO - [2023-01-20T23:44:11.058+0000] {dag.py:3328} INFO - Setting next_dagrun for example_skip_dag to 2023-01-19T23:44:11.058108+00:00, run_after=2023-01-20T23:44:11.058108+00:00
[2023-01-20T23:44:11.070+0000] {processor.py:178} INFO - Processing /home/airflow/.local/lib/python3.7/site-packages/airflow/example_dags/example_skip_dag.py took 0.082 seconds
[2023-01-20T23:44:41.344+0000] {processor.py:156} INFO - Started process (PID=606) to work on /home/airflow/.local/lib/python3.7/site-packages/airflow/example_dags/example_skip_dag.py
[2023-01-20T23:44:41.346+0000] {processor.py:758} INFO - Processing file /home/airflow/.local/lib/python3.7/site-packages/airflow/example_dags/example_skip_dag.py for tasks to queue
[2023-01-20T23:44:41.347+0000] {logging_mixin.py:117} INFO - [2023-01-20T23:44:41.347+0000] {dagbag.py:525} INFO - Filling up the DagBag from /home/airflow/.local/lib/python3.7/site-packages/airflow/example_dags/example_skip_dag.py
[2023-01-20T23:44:41.362+0000] {processor.py:768} INFO - DAG(s) dict_keys(['example_skip_dag']) retrieved from /home/airflow/.local/lib/python3.7/site-packages/airflow/example_dags/example_skip_dag.py
[2023-01-20T23:44:41.396+0000] {logging_mixin.py:117} INFO - [2023-01-20T23:44:41.395+0000] {dag.py:2573} INFO - Sync 1 DAGs
[2023-01-20T23:44:41.413+0000] {logging_mixin.py:117} INFO - [2023-01-20T23:44:41.412+0000] {dag.py:3328} INFO - Setting next_dagrun for example_skip_dag to 2023-01-19T23:44:41.412780+00:00, run_after=2023-01-20T23:44:41.412780+00:00
[2023-01-20T23:44:41.425+0000] {processor.py:178} INFO - Processing /home/airflow/.local/lib/python3.7/site-packages/airflow/example_dags/example_skip_dag.py took 0.085 seconds
[2023-01-20T23:45:11.679+0000] {processor.py:156} INFO - Started process (PID=669) to work on /home/airflow/.local/lib/python3.7/site-packages/airflow/example_dags/example_skip_dag.py
[2023-01-20T23:45:11.681+0000] {processor.py:758} INFO - Processing file /home/airflow/.local/lib/python3.7/site-packages/airflow/example_dags/example_skip_dag.py for tasks to queue
[2023-01-20T23:45:11.682+0000] {logging_mixin.py:117} INFO - [2023-01-20T23:45:11.682+0000] {dagbag.py:525} INFO - Filling up the DagBag from /home/airflow/.local/lib/python3.7/site-packages/airflow/example_dags/example_skip_dag.py
[2023-01-20T23:45:11.698+0000] {processor.py:768} INFO - DAG(s) dict_keys(['example_skip_dag']) retrieved from /home/airflow/.local/lib/python3.7/site-packages/airflow/example_dags/example_skip_dag.py
[2023-01-20T23:45:11.728+0000] {logging_mixin.py:117} INFO - [2023-01-20T23:45:11.728+0000] {dag.py:2573} INFO - Sync 1 DAGs
[2023-01-20T23:45:11.742+0000] {logging_mixin.py:117} INFO - [2023-01-20T23:45:11.742+0000] {dag.py:3328} INFO - Setting next_dagrun for example_skip_dag to 2023-01-19T23:45:11.742739+00:00, run_after=2023-01-20T23:45:11.742739+00:00
[2023-01-20T23:45:11.755+0000] {processor.py:178} INFO - Processing /home/airflow/.local/lib/python3.7/site-packages/airflow/example_dags/example_skip_dag.py took 0.081 seconds
[2023-01-20T23:45:42.022+0000] {processor.py:156} INFO - Started process (PID=732) to work on /home/airflow/.local/lib/python3.7/site-packages/airflow/example_dags/example_skip_dag.py
[2023-01-20T23:45:42.024+0000] {processor.py:758} INFO - Processing file /home/airflow/.local/lib/python3.7/site-packages/airflow/example_dags/example_skip_dag.py for tasks to queue
[2023-01-20T23:45:42.025+0000] {logging_mixin.py:117} INFO - [2023-01-20T23:45:42.025+0000] {dagbag.py:525} INFO - Filling up the DagBag from /home/airflow/.local/lib/python3.7/site-packages/airflow/example_dags/example_skip_dag.py
[2023-01-20T23:45:42.044+0000] {processor.py:768} INFO - DAG(s) dict_keys(['example_skip_dag']) retrieved from /home/airflow/.local/lib/python3.7/site-packages/airflow/example_dags/example_skip_dag.py
[2023-01-20T23:45:42.079+0000] {logging_mixin.py:117} INFO - [2023-01-20T23:45:42.079+0000] {dag.py:2573} INFO - Sync 1 DAGs
[2023-01-20T23:45:42.097+0000] {logging_mixin.py:117} INFO - [2023-01-20T23:45:42.097+0000] {dag.py:3328} INFO - Setting next_dagrun for example_skip_dag to 2023-01-19T23:45:42.097454+00:00, run_after=2023-01-20T23:45:42.097454+00:00
[2023-01-20T23:45:42.109+0000] {processor.py:178} INFO - Processing /home/airflow/.local/lib/python3.7/site-packages/airflow/example_dags/example_skip_dag.py took 0.092 seconds
[2023-01-20T23:46:12.372+0000] {processor.py:156} INFO - Started process (PID=795) to work on /home/airflow/.local/lib/python3.7/site-packages/airflow/example_dags/example_skip_dag.py
[2023-01-20T23:46:12.375+0000] {processor.py:758} INFO - Processing file /home/airflow/.local/lib/python3.7/site-packages/airflow/example_dags/example_skip_dag.py for tasks to queue
[2023-01-20T23:46:12.376+0000] {logging_mixin.py:117} INFO - [2023-01-20T23:46:12.376+0000] {dagbag.py:525} INFO - Filling up the DagBag from /home/airflow/.local/lib/python3.7/site-packages/airflow/example_dags/example_skip_dag.py
[2023-01-20T23:46:12.389+0000] {processor.py:768} INFO - DAG(s) dict_keys(['example_skip_dag']) retrieved from /home/airflow/.local/lib/python3.7/site-packages/airflow/example_dags/example_skip_dag.py
[2023-01-20T23:46:12.429+0000] {logging_mixin.py:117} INFO - [2023-01-20T23:46:12.429+0000] {dag.py:2573} INFO - Sync 1 DAGs
[2023-01-20T23:46:12.444+0000] {logging_mixin.py:117} INFO - [2023-01-20T23:46:12.444+0000] {dag.py:3328} INFO - Setting next_dagrun for example_skip_dag to 2023-01-19T23:46:12.444675+00:00, run_after=2023-01-20T23:46:12.444675+00:00
[2023-01-20T23:46:12.456+0000] {processor.py:178} INFO - Processing /home/airflow/.local/lib/python3.7/site-packages/airflow/example_dags/example_skip_dag.py took 0.087 seconds
[2023-01-20T23:46:42.737+0000] {processor.py:156} INFO - Started process (PID=849) to work on /home/airflow/.local/lib/python3.7/site-packages/airflow/example_dags/example_skip_dag.py
[2023-01-20T23:46:42.740+0000] {processor.py:758} INFO - Processing file /home/airflow/.local/lib/python3.7/site-packages/airflow/example_dags/example_skip_dag.py for tasks to queue
[2023-01-20T23:46:42.741+0000] {logging_mixin.py:117} INFO - [2023-01-20T23:46:42.741+0000] {dagbag.py:525} INFO - Filling up the DagBag from /home/airflow/.local/lib/python3.7/site-packages/airflow/example_dags/example_skip_dag.py
[2023-01-20T23:46:42.768+0000] {processor.py:768} INFO - DAG(s) dict_keys(['example_skip_dag']) retrieved from /home/airflow/.local/lib/python3.7/site-packages/airflow/example_dags/example_skip_dag.py
[2023-01-20T23:46:42.820+0000] {logging_mixin.py:117} INFO - [2023-01-20T23:46:42.820+0000] {dag.py:2573} INFO - Sync 1 DAGs
[2023-01-20T23:46:42.840+0000] {logging_mixin.py:117} INFO - [2023-01-20T23:46:42.840+0000] {dag.py:3328} INFO - Setting next_dagrun for example_skip_dag to 2023-01-19T23:46:42.840379+00:00, run_after=2023-01-20T23:46:42.840379+00:00
[2023-01-20T23:46:42.858+0000] {processor.py:178} INFO - Processing /home/airflow/.local/lib/python3.7/site-packages/airflow/example_dags/example_skip_dag.py took 0.131 seconds
[2023-01-20T23:47:13.341+0000] {processor.py:156} INFO - Started process (PID=912) to work on /home/airflow/.local/lib/python3.7/site-packages/airflow/example_dags/example_skip_dag.py
[2023-01-20T23:47:13.344+0000] {processor.py:758} INFO - Processing file /home/airflow/.local/lib/python3.7/site-packages/airflow/example_dags/example_skip_dag.py for tasks to queue
[2023-01-20T23:47:13.345+0000] {logging_mixin.py:117} INFO - [2023-01-20T23:47:13.345+0000] {dagbag.py:525} INFO - Filling up the DagBag from /home/airflow/.local/lib/python3.7/site-packages/airflow/example_dags/example_skip_dag.py
[2023-01-20T23:47:13.367+0000] {processor.py:768} INFO - DAG(s) dict_keys(['example_skip_dag']) retrieved from /home/airflow/.local/lib/python3.7/site-packages/airflow/example_dags/example_skip_dag.py
[2023-01-20T23:47:13.405+0000] {logging_mixin.py:117} INFO - [2023-01-20T23:47:13.405+0000] {dag.py:2573} INFO - Sync 1 DAGs
[2023-01-20T23:47:13.422+0000] {logging_mixin.py:117} INFO - [2023-01-20T23:47:13.422+0000] {dag.py:3328} INFO - Setting next_dagrun for example_skip_dag to 2023-01-19T23:47:13.422604+00:00, run_after=2023-01-20T23:47:13.422604+00:00
[2023-01-20T23:47:13.435+0000] {processor.py:178} INFO - Processing /home/airflow/.local/lib/python3.7/site-packages/airflow/example_dags/example_skip_dag.py took 0.100 seconds
[2023-01-20T23:47:43.845+0000] {processor.py:156} INFO - Started process (PID=975) to work on /home/airflow/.local/lib/python3.7/site-packages/airflow/example_dags/example_skip_dag.py
[2023-01-20T23:47:43.848+0000] {processor.py:758} INFO - Processing file /home/airflow/.local/lib/python3.7/site-packages/airflow/example_dags/example_skip_dag.py for tasks to queue
[2023-01-20T23:47:43.849+0000] {logging_mixin.py:117} INFO - [2023-01-20T23:47:43.849+0000] {dagbag.py:525} INFO - Filling up the DagBag from /home/airflow/.local/lib/python3.7/site-packages/airflow/example_dags/example_skip_dag.py
[2023-01-20T23:47:43.872+0000] {processor.py:768} INFO - DAG(s) dict_keys(['example_skip_dag']) retrieved from /home/airflow/.local/lib/python3.7/site-packages/airflow/example_dags/example_skip_dag.py
[2023-01-20T23:47:43.909+0000] {logging_mixin.py:117} INFO - [2023-01-20T23:47:43.909+0000] {dag.py:2573} INFO - Sync 1 DAGs
[2023-01-20T23:47:43.928+0000] {logging_mixin.py:117} INFO - [2023-01-20T23:47:43.927+0000] {dag.py:3328} INFO - Setting next_dagrun for example_skip_dag to 2023-01-19T23:47:43.927751+00:00, run_after=2023-01-20T23:47:43.927751+00:00
[2023-01-20T23:47:43.940+0000] {processor.py:178} INFO - Processing /home/airflow/.local/lib/python3.7/site-packages/airflow/example_dags/example_skip_dag.py took 0.103 seconds
[2023-01-20T23:48:14.277+0000] {processor.py:156} INFO - Started process (PID=1037) to work on /home/airflow/.local/lib/python3.7/site-packages/airflow/example_dags/example_skip_dag.py
[2023-01-20T23:48:14.281+0000] {processor.py:758} INFO - Processing file /home/airflow/.local/lib/python3.7/site-packages/airflow/example_dags/example_skip_dag.py for tasks to queue
[2023-01-20T23:48:14.282+0000] {logging_mixin.py:117} INFO - [2023-01-20T23:48:14.282+0000] {dagbag.py:525} INFO - Filling up the DagBag from /home/airflow/.local/lib/python3.7/site-packages/airflow/example_dags/example_skip_dag.py
[2023-01-20T23:48:14.304+0000] {processor.py:768} INFO - DAG(s) dict_keys(['example_skip_dag']) retrieved from /home/airflow/.local/lib/python3.7/site-packages/airflow/example_dags/example_skip_dag.py
[2023-01-20T23:48:14.337+0000] {logging_mixin.py:117} INFO - [2023-01-20T23:48:14.337+0000] {dag.py:2573} INFO - Sync 1 DAGs
[2023-01-20T23:48:14.351+0000] {logging_mixin.py:117} INFO - [2023-01-20T23:48:14.351+0000] {dag.py:3328} INFO - Setting next_dagrun for example_skip_dag to 2023-01-19T23:48:14.351577+00:00, run_after=2023-01-20T23:48:14.351577+00:00
[2023-01-20T23:48:14.362+0000] {processor.py:178} INFO - Processing /home/airflow/.local/lib/python3.7/site-packages/airflow/example_dags/example_skip_dag.py took 0.092 seconds
[2023-01-20T23:48:44.721+0000] {processor.py:156} INFO - Started process (PID=1100) to work on /home/airflow/.local/lib/python3.7/site-packages/airflow/example_dags/example_skip_dag.py
[2023-01-20T23:48:44.725+0000] {processor.py:758} INFO - Processing file /home/airflow/.local/lib/python3.7/site-packages/airflow/example_dags/example_skip_dag.py for tasks to queue
[2023-01-20T23:48:44.726+0000] {logging_mixin.py:117} INFO - [2023-01-20T23:48:44.726+0000] {dagbag.py:525} INFO - Filling up the DagBag from /home/airflow/.local/lib/python3.7/site-packages/airflow/example_dags/example_skip_dag.py
[2023-01-20T23:48:44.743+0000] {processor.py:768} INFO - DAG(s) dict_keys(['example_skip_dag']) retrieved from /home/airflow/.local/lib/python3.7/site-packages/airflow/example_dags/example_skip_dag.py
[2023-01-20T23:48:44.775+0000] {logging_mixin.py:117} INFO - [2023-01-20T23:48:44.774+0000] {dag.py:2573} INFO - Sync 1 DAGs
[2023-01-20T23:48:44.789+0000] {logging_mixin.py:117} INFO - [2023-01-20T23:48:44.789+0000] {dag.py:3328} INFO - Setting next_dagrun for example_skip_dag to 2023-01-19T23:48:44.789232+00:00, run_after=2023-01-20T23:48:44.789232+00:00
[2023-01-20T23:48:44.800+0000] {processor.py:178} INFO - Processing /home/airflow/.local/lib/python3.7/site-packages/airflow/example_dags/example_skip_dag.py took 0.084 seconds
[2023-01-20T23:49:15.002+0000] {processor.py:156} INFO - Started process (PID=1163) to work on /home/airflow/.local/lib/python3.7/site-packages/airflow/example_dags/example_skip_dag.py
[2023-01-20T23:49:15.004+0000] {processor.py:758} INFO - Processing file /home/airflow/.local/lib/python3.7/site-packages/airflow/example_dags/example_skip_dag.py for tasks to queue
[2023-01-20T23:49:15.005+0000] {logging_mixin.py:117} INFO - [2023-01-20T23:49:15.005+0000] {dagbag.py:525} INFO - Filling up the DagBag from /home/airflow/.local/lib/python3.7/site-packages/airflow/example_dags/example_skip_dag.py
[2023-01-20T23:49:15.017+0000] {processor.py:768} INFO - DAG(s) dict_keys(['example_skip_dag']) retrieved from /home/airflow/.local/lib/python3.7/site-packages/airflow/example_dags/example_skip_dag.py
[2023-01-20T23:49:15.050+0000] {logging_mixin.py:117} INFO - [2023-01-20T23:49:15.049+0000] {dag.py:2573} INFO - Sync 1 DAGs
[2023-01-20T23:49:15.069+0000] {logging_mixin.py:117} INFO - [2023-01-20T23:49:15.069+0000] {dag.py:3328} INFO - Setting next_dagrun for example_skip_dag to 2023-01-19T23:49:15.068816+00:00, run_after=2023-01-20T23:49:15.068816+00:00
[2023-01-20T23:49:15.083+0000] {processor.py:178} INFO - Processing /home/airflow/.local/lib/python3.7/site-packages/airflow/example_dags/example_skip_dag.py took 0.084 seconds
[2023-01-20T23:49:45.440+0000] {processor.py:156} INFO - Started process (PID=1217) to work on /home/airflow/.local/lib/python3.7/site-packages/airflow/example_dags/example_skip_dag.py
[2023-01-20T23:49:45.443+0000] {processor.py:758} INFO - Processing file /home/airflow/.local/lib/python3.7/site-packages/airflow/example_dags/example_skip_dag.py for tasks to queue
[2023-01-20T23:49:45.444+0000] {logging_mixin.py:117} INFO - [2023-01-20T23:49:45.444+0000] {dagbag.py:525} INFO - Filling up the DagBag from /home/airflow/.local/lib/python3.7/site-packages/airflow/example_dags/example_skip_dag.py
[2023-01-20T23:49:45.458+0000] {processor.py:768} INFO - DAG(s) dict_keys(['example_skip_dag']) retrieved from /home/airflow/.local/lib/python3.7/site-packages/airflow/example_dags/example_skip_dag.py
[2023-01-20T23:49:45.489+0000] {logging_mixin.py:117} INFO - [2023-01-20T23:49:45.489+0000] {dag.py:2573} INFO - Sync 1 DAGs
[2023-01-20T23:49:45.505+0000] {logging_mixin.py:117} INFO - [2023-01-20T23:49:45.505+0000] {dag.py:3328} INFO - Setting next_dagrun for example_skip_dag to 2023-01-19T23:49:45.504989+00:00, run_after=2023-01-20T23:49:45.504989+00:00
[2023-01-20T23:49:45.516+0000] {processor.py:178} INFO - Processing /home/airflow/.local/lib/python3.7/site-packages/airflow/example_dags/example_skip_dag.py took 0.081 seconds
[2023-01-20T23:50:15.749+0000] {processor.py:156} INFO - Started process (PID=1280) to work on /home/airflow/.local/lib/python3.7/site-packages/airflow/example_dags/example_skip_dag.py
[2023-01-20T23:50:15.753+0000] {processor.py:758} INFO - Processing file /home/airflow/.local/lib/python3.7/site-packages/airflow/example_dags/example_skip_dag.py for tasks to queue
[2023-01-20T23:50:15.754+0000] {logging_mixin.py:117} INFO - [2023-01-20T23:50:15.754+0000] {dagbag.py:525} INFO - Filling up the DagBag from /home/airflow/.local/lib/python3.7/site-packages/airflow/example_dags/example_skip_dag.py
[2023-01-20T23:50:15.772+0000] {processor.py:768} INFO - DAG(s) dict_keys(['example_skip_dag']) retrieved from /home/airflow/.local/lib/python3.7/site-packages/airflow/example_dags/example_skip_dag.py
[2023-01-20T23:50:15.806+0000] {logging_mixin.py:117} INFO - [2023-01-20T23:50:15.806+0000] {dag.py:2573} INFO - Sync 1 DAGs
[2023-01-20T23:50:15.821+0000] {logging_mixin.py:117} INFO - [2023-01-20T23:50:15.821+0000] {dag.py:3328} INFO - Setting next_dagrun for example_skip_dag to 2023-01-19T23:50:15.821253+00:00, run_after=2023-01-20T23:50:15.821253+00:00
[2023-01-20T23:50:15.832+0000] {processor.py:178} INFO - Processing /home/airflow/.local/lib/python3.7/site-packages/airflow/example_dags/example_skip_dag.py took 0.090 seconds
[2023-01-20T23:50:46.054+0000] {processor.py:156} INFO - Started process (PID=1343) to work on /home/airflow/.local/lib/python3.7/site-packages/airflow/example_dags/example_skip_dag.py
[2023-01-20T23:50:46.057+0000] {processor.py:758} INFO - Processing file /home/airflow/.local/lib/python3.7/site-packages/airflow/example_dags/example_skip_dag.py for tasks to queue
[2023-01-20T23:50:46.058+0000] {logging_mixin.py:117} INFO - [2023-01-20T23:50:46.058+0000] {dagbag.py:525} INFO - Filling up the DagBag from /home/airflow/.local/lib/python3.7/site-packages/airflow/example_dags/example_skip_dag.py
[2023-01-20T23:50:46.069+0000] {processor.py:768} INFO - DAG(s) dict_keys(['example_skip_dag']) retrieved from /home/airflow/.local/lib/python3.7/site-packages/airflow/example_dags/example_skip_dag.py
[2023-01-20T23:50:46.098+0000] {logging_mixin.py:117} INFO - [2023-01-20T23:50:46.098+0000] {dag.py:2573} INFO - Sync 1 DAGs
[2023-01-20T23:50:46.114+0000] {logging_mixin.py:117} INFO - [2023-01-20T23:50:46.114+0000] {dag.py:3328} INFO - Setting next_dagrun for example_skip_dag to 2023-01-19T23:50:46.113998+00:00, run_after=2023-01-20T23:50:46.113998+00:00
[2023-01-20T23:50:46.126+0000] {processor.py:178} INFO - Processing /home/airflow/.local/lib/python3.7/site-packages/airflow/example_dags/example_skip_dag.py took 0.074 seconds
[2023-01-20T23:51:16.355+0000] {processor.py:156} INFO - Started process (PID=1406) to work on /home/airflow/.local/lib/python3.7/site-packages/airflow/example_dags/example_skip_dag.py
[2023-01-20T23:51:16.359+0000] {processor.py:758} INFO - Processing file /home/airflow/.local/lib/python3.7/site-packages/airflow/example_dags/example_skip_dag.py for tasks to queue
[2023-01-20T23:51:16.360+0000] {logging_mixin.py:117} INFO - [2023-01-20T23:51:16.360+0000] {dagbag.py:525} INFO - Filling up the DagBag from /home/airflow/.local/lib/python3.7/site-packages/airflow/example_dags/example_skip_dag.py
[2023-01-20T23:51:16.387+0000] {processor.py:768} INFO - DAG(s) dict_keys(['example_skip_dag']) retrieved from /home/airflow/.local/lib/python3.7/site-packages/airflow/example_dags/example_skip_dag.py
[2023-01-20T23:51:16.441+0000] {logging_mixin.py:117} INFO - [2023-01-20T23:51:16.441+0000] {dag.py:2573} INFO - Sync 1 DAGs
[2023-01-20T23:51:16.461+0000] {logging_mixin.py:117} INFO - [2023-01-20T23:51:16.461+0000] {dag.py:3328} INFO - Setting next_dagrun for example_skip_dag to 2023-01-19T23:51:16.460978+00:00, run_after=2023-01-20T23:51:16.460978+00:00
[2023-01-20T23:51:16.475+0000] {processor.py:178} INFO - Processing /home/airflow/.local/lib/python3.7/site-packages/airflow/example_dags/example_skip_dag.py took 0.127 seconds
[2023-01-20T23:51:46.827+0000] {processor.py:156} INFO - Started process (PID=1470) to work on /home/airflow/.local/lib/python3.7/site-packages/airflow/example_dags/example_skip_dag.py
[2023-01-20T23:51:46.830+0000] {processor.py:758} INFO - Processing file /home/airflow/.local/lib/python3.7/site-packages/airflow/example_dags/example_skip_dag.py for tasks to queue
[2023-01-20T23:51:46.831+0000] {logging_mixin.py:117} INFO - [2023-01-20T23:51:46.831+0000] {dagbag.py:525} INFO - Filling up the DagBag from /home/airflow/.local/lib/python3.7/site-packages/airflow/example_dags/example_skip_dag.py
[2023-01-20T23:51:46.856+0000] {processor.py:768} INFO - DAG(s) dict_keys(['example_skip_dag']) retrieved from /home/airflow/.local/lib/python3.7/site-packages/airflow/example_dags/example_skip_dag.py
[2023-01-20T23:51:46.904+0000] {logging_mixin.py:117} INFO - [2023-01-20T23:51:46.904+0000] {dag.py:2573} INFO - Sync 1 DAGs
[2023-01-20T23:51:46.937+0000] {logging_mixin.py:117} INFO - [2023-01-20T23:51:46.936+0000] {dag.py:3328} INFO - Setting next_dagrun for example_skip_dag to 2023-01-19T23:51:46.936038+00:00, run_after=2023-01-20T23:51:46.936038+00:00
[2023-01-20T23:51:46.957+0000] {processor.py:178} INFO - Processing /home/airflow/.local/lib/python3.7/site-packages/airflow/example_dags/example_skip_dag.py took 0.135 seconds
[2023-01-20T23:52:17.455+0000] {processor.py:156} INFO - Started process (PID=1533) to work on /home/airflow/.local/lib/python3.7/site-packages/airflow/example_dags/example_skip_dag.py
[2023-01-20T23:52:17.458+0000] {processor.py:758} INFO - Processing file /home/airflow/.local/lib/python3.7/site-packages/airflow/example_dags/example_skip_dag.py for tasks to queue
[2023-01-20T23:52:17.459+0000] {logging_mixin.py:117} INFO - [2023-01-20T23:52:17.459+0000] {dagbag.py:525} INFO - Filling up the DagBag from /home/airflow/.local/lib/python3.7/site-packages/airflow/example_dags/example_skip_dag.py
[2023-01-20T23:52:17.473+0000] {processor.py:768} INFO - DAG(s) dict_keys(['example_skip_dag']) retrieved from /home/airflow/.local/lib/python3.7/site-packages/airflow/example_dags/example_skip_dag.py
[2023-01-20T23:52:17.531+0000] {logging_mixin.py:117} INFO - [2023-01-20T23:52:17.531+0000] {dag.py:2573} INFO - Sync 1 DAGs
[2023-01-20T23:52:17.553+0000] {logging_mixin.py:117} INFO - [2023-01-20T23:52:17.553+0000] {dag.py:3328} INFO - Setting next_dagrun for example_skip_dag to 2023-01-19T23:52:17.552911+00:00, run_after=2023-01-20T23:52:17.552911+00:00
[2023-01-20T23:52:17.568+0000] {processor.py:178} INFO - Processing /home/airflow/.local/lib/python3.7/site-packages/airflow/example_dags/example_skip_dag.py took 0.116 seconds
[2023-01-20T23:52:47.825+0000] {processor.py:156} INFO - Started process (PID=1587) to work on /home/airflow/.local/lib/python3.7/site-packages/airflow/example_dags/example_skip_dag.py
[2023-01-20T23:52:47.826+0000] {processor.py:758} INFO - Processing file /home/airflow/.local/lib/python3.7/site-packages/airflow/example_dags/example_skip_dag.py for tasks to queue
[2023-01-20T23:52:47.827+0000] {logging_mixin.py:117} INFO - [2023-01-20T23:52:47.827+0000] {dagbag.py:525} INFO - Filling up the DagBag from /home/airflow/.local/lib/python3.7/site-packages/airflow/example_dags/example_skip_dag.py
[2023-01-20T23:52:47.838+0000] {processor.py:768} INFO - DAG(s) dict_keys(['example_skip_dag']) retrieved from /home/airflow/.local/lib/python3.7/site-packages/airflow/example_dags/example_skip_dag.py
[2023-01-20T23:52:47.866+0000] {logging_mixin.py:117} INFO - [2023-01-20T23:52:47.866+0000] {dag.py:2573} INFO - Sync 1 DAGs
[2023-01-20T23:52:47.880+0000] {logging_mixin.py:117} INFO - [2023-01-20T23:52:47.880+0000] {dag.py:3328} INFO - Setting next_dagrun for example_skip_dag to 2023-01-19T23:52:47.880649+00:00, run_after=2023-01-20T23:52:47.880649+00:00
[2023-01-20T23:52:47.891+0000] {processor.py:178} INFO - Processing /home/airflow/.local/lib/python3.7/site-packages/airflow/example_dags/example_skip_dag.py took 0.068 seconds
[2023-01-20T23:53:18.282+0000] {processor.py:156} INFO - Started process (PID=1650) to work on /home/airflow/.local/lib/python3.7/site-packages/airflow/example_dags/example_skip_dag.py
[2023-01-20T23:53:18.286+0000] {processor.py:758} INFO - Processing file /home/airflow/.local/lib/python3.7/site-packages/airflow/example_dags/example_skip_dag.py for tasks to queue
[2023-01-20T23:53:18.287+0000] {logging_mixin.py:117} INFO - [2023-01-20T23:53:18.287+0000] {dagbag.py:525} INFO - Filling up the DagBag from /home/airflow/.local/lib/python3.7/site-packages/airflow/example_dags/example_skip_dag.py
[2023-01-20T23:53:18.304+0000] {processor.py:768} INFO - DAG(s) dict_keys(['example_skip_dag']) retrieved from /home/airflow/.local/lib/python3.7/site-packages/airflow/example_dags/example_skip_dag.py
[2023-01-20T23:53:18.343+0000] {logging_mixin.py:117} INFO - [2023-01-20T23:53:18.343+0000] {dag.py:2573} INFO - Sync 1 DAGs
[2023-01-20T23:53:18.366+0000] {logging_mixin.py:117} INFO - [2023-01-20T23:53:18.366+0000] {dag.py:3328} INFO - Setting next_dagrun for example_skip_dag to 2023-01-19T23:53:18.366110+00:00, run_after=2023-01-20T23:53:18.366110+00:00
[2023-01-20T23:53:18.379+0000] {processor.py:178} INFO - Processing /home/airflow/.local/lib/python3.7/site-packages/airflow/example_dags/example_skip_dag.py took 0.102 seconds
[2023-01-20T23:53:48.891+0000] {processor.py:156} INFO - Started process (PID=1714) to work on /home/airflow/.local/lib/python3.7/site-packages/airflow/example_dags/example_skip_dag.py
[2023-01-20T23:53:48.893+0000] {processor.py:758} INFO - Processing file /home/airflow/.local/lib/python3.7/site-packages/airflow/example_dags/example_skip_dag.py for tasks to queue
[2023-01-20T23:53:48.894+0000] {logging_mixin.py:117} INFO - [2023-01-20T23:53:48.894+0000] {dagbag.py:525} INFO - Filling up the DagBag from /home/airflow/.local/lib/python3.7/site-packages/airflow/example_dags/example_skip_dag.py
[2023-01-20T23:53:48.909+0000] {processor.py:768} INFO - DAG(s) dict_keys(['example_skip_dag']) retrieved from /home/airflow/.local/lib/python3.7/site-packages/airflow/example_dags/example_skip_dag.py
[2023-01-20T23:53:48.942+0000] {logging_mixin.py:117} INFO - [2023-01-20T23:53:48.942+0000] {dag.py:2573} INFO - Sync 1 DAGs
[2023-01-20T23:53:48.963+0000] {logging_mixin.py:117} INFO - [2023-01-20T23:53:48.963+0000] {dag.py:3328} INFO - Setting next_dagrun for example_skip_dag to 2023-01-19T23:53:48.963230+00:00, run_after=2023-01-20T23:53:48.963230+00:00
[2023-01-20T23:53:48.974+0000] {processor.py:178} INFO - Processing /home/airflow/.local/lib/python3.7/site-packages/airflow/example_dags/example_skip_dag.py took 0.087 seconds
[2023-01-20T23:54:19.192+0000] {processor.py:156} INFO - Started process (PID=1777) to work on /home/airflow/.local/lib/python3.7/site-packages/airflow/example_dags/example_skip_dag.py
[2023-01-20T23:54:19.195+0000] {processor.py:758} INFO - Processing file /home/airflow/.local/lib/python3.7/site-packages/airflow/example_dags/example_skip_dag.py for tasks to queue
[2023-01-20T23:54:19.196+0000] {logging_mixin.py:117} INFO - [2023-01-20T23:54:19.196+0000] {dagbag.py:525} INFO - Filling up the DagBag from /home/airflow/.local/lib/python3.7/site-packages/airflow/example_dags/example_skip_dag.py
[2023-01-20T23:54:19.211+0000] {processor.py:768} INFO - DAG(s) dict_keys(['example_skip_dag']) retrieved from /home/airflow/.local/lib/python3.7/site-packages/airflow/example_dags/example_skip_dag.py
[2023-01-20T23:54:19.245+0000] {logging_mixin.py:117} INFO - [2023-01-20T23:54:19.245+0000] {dag.py:2573} INFO - Sync 1 DAGs
[2023-01-20T23:54:19.263+0000] {logging_mixin.py:117} INFO - [2023-01-20T23:54:19.263+0000] {dag.py:3328} INFO - Setting next_dagrun for example_skip_dag to 2023-01-19T23:54:19.263113+00:00, run_after=2023-01-20T23:54:19.263113+00:00
[2023-01-20T23:54:19.276+0000] {processor.py:178} INFO - Processing /home/airflow/.local/lib/python3.7/site-packages/airflow/example_dags/example_skip_dag.py took 0.088 seconds
[2023-01-20T23:54:56.426+0000] {processor.py:156} INFO - Started process (PID=45) to work on /home/airflow/.local/lib/python3.7/site-packages/airflow/example_dags/example_skip_dag.py
[2023-01-20T23:54:56.428+0000] {processor.py:758} INFO - Processing file /home/airflow/.local/lib/python3.7/site-packages/airflow/example_dags/example_skip_dag.py for tasks to queue
[2023-01-20T23:54:56.429+0000] {logging_mixin.py:117} INFO - [2023-01-20T23:54:56.429+0000] {dagbag.py:525} INFO - Filling up the DagBag from /home/airflow/.local/lib/python3.7/site-packages/airflow/example_dags/example_skip_dag.py
[2023-01-20T23:54:56.452+0000] {processor.py:768} INFO - DAG(s) dict_keys(['example_skip_dag']) retrieved from /home/airflow/.local/lib/python3.7/site-packages/airflow/example_dags/example_skip_dag.py
[2023-01-20T23:54:56.772+0000] {logging_mixin.py:117} INFO - [2023-01-20T23:54:56.772+0000] {dag.py:2573} INFO - Sync 1 DAGs
[2023-01-20T23:54:56.810+0000] {logging_mixin.py:117} INFO - [2023-01-20T23:54:56.810+0000] {dag.py:3328} INFO - Setting next_dagrun for example_skip_dag to 2023-01-19T23:54:56.809891+00:00, run_after=2023-01-20T23:54:56.809891+00:00
[2023-01-20T23:54:56.828+0000] {processor.py:178} INFO - Processing /home/airflow/.local/lib/python3.7/site-packages/airflow/example_dags/example_skip_dag.py took 0.406 seconds
[2023-01-20T23:55:27.211+0000] {processor.py:156} INFO - Started process (PID=109) to work on /home/airflow/.local/lib/python3.7/site-packages/airflow/example_dags/example_skip_dag.py
[2023-01-20T23:55:27.212+0000] {processor.py:758} INFO - Processing file /home/airflow/.local/lib/python3.7/site-packages/airflow/example_dags/example_skip_dag.py for tasks to queue
[2023-01-20T23:55:27.213+0000] {logging_mixin.py:117} INFO - [2023-01-20T23:55:27.213+0000] {dagbag.py:525} INFO - Filling up the DagBag from /home/airflow/.local/lib/python3.7/site-packages/airflow/example_dags/example_skip_dag.py
[2023-01-20T23:55:27.222+0000] {processor.py:768} INFO - DAG(s) dict_keys(['example_skip_dag']) retrieved from /home/airflow/.local/lib/python3.7/site-packages/airflow/example_dags/example_skip_dag.py
[2023-01-20T23:55:27.334+0000] {logging_mixin.py:117} INFO - [2023-01-20T23:55:27.334+0000] {dag.py:2573} INFO - Sync 1 DAGs
[2023-01-20T23:55:27.346+0000] {logging_mixin.py:117} INFO - [2023-01-20T23:55:27.346+0000] {dag.py:3328} INFO - Setting next_dagrun for example_skip_dag to 2023-01-19T23:55:27.346666+00:00, run_after=2023-01-20T23:55:27.346666+00:00
[2023-01-20T23:55:27.356+0000] {processor.py:178} INFO - Processing /home/airflow/.local/lib/python3.7/site-packages/airflow/example_dags/example_skip_dag.py took 0.147 seconds
[2023-01-20T23:57:25.412+0000] {processor.py:156} INFO - Started process (PID=46) to work on /home/airflow/.local/lib/python3.7/site-packages/airflow/example_dags/example_skip_dag.py
[2023-01-20T23:57:25.415+0000] {processor.py:758} INFO - Processing file /home/airflow/.local/lib/python3.7/site-packages/airflow/example_dags/example_skip_dag.py for tasks to queue
[2023-01-20T23:57:25.417+0000] {logging_mixin.py:117} INFO - [2023-01-20T23:57:25.416+0000] {dagbag.py:525} INFO - Filling up the DagBag from /home/airflow/.local/lib/python3.7/site-packages/airflow/example_dags/example_skip_dag.py
[2023-01-20T23:57:25.472+0000] {processor.py:768} INFO - DAG(s) dict_keys(['example_skip_dag']) retrieved from /home/airflow/.local/lib/python3.7/site-packages/airflow/example_dags/example_skip_dag.py
[2023-01-20T23:57:25.618+0000] {logging_mixin.py:117} INFO - [2023-01-20T23:57:25.618+0000] {dag.py:2573} INFO - Sync 1 DAGs
[2023-01-20T23:57:29.899+0000] {logging_mixin.py:117} INFO - [2023-01-20T23:57:29.898+0000] {dag.py:3328} INFO - Setting next_dagrun for example_skip_dag to 2023-01-19T23:57:29.863023+00:00, run_after=2023-01-20T23:57:29.863023+00:00
[2023-01-20T23:57:30.197+0000] {processor.py:178} INFO - Processing /home/airflow/.local/lib/python3.7/site-packages/airflow/example_dags/example_skip_dag.py took 4.797 seconds
[2023-01-20T23:58:02.081+0000] {processor.py:156} INFO - Started process (PID=107) to work on /home/airflow/.local/lib/python3.7/site-packages/airflow/example_dags/example_skip_dag.py
[2023-01-20T23:58:02.084+0000] {processor.py:758} INFO - Processing file /home/airflow/.local/lib/python3.7/site-packages/airflow/example_dags/example_skip_dag.py for tasks to queue
[2023-01-20T23:58:02.087+0000] {logging_mixin.py:117} INFO - [2023-01-20T23:58:02.087+0000] {dagbag.py:525} INFO - Filling up the DagBag from /home/airflow/.local/lib/python3.7/site-packages/airflow/example_dags/example_skip_dag.py
[2023-01-20T23:58:02.111+0000] {processor.py:768} INFO - DAG(s) dict_keys(['example_skip_dag']) retrieved from /home/airflow/.local/lib/python3.7/site-packages/airflow/example_dags/example_skip_dag.py
[2023-01-20T23:58:02.447+0000] {logging_mixin.py:117} INFO - [2023-01-20T23:58:02.447+0000] {dag.py:2573} INFO - Sync 1 DAGs
[2023-01-20T23:58:02.463+0000] {logging_mixin.py:117} INFO - [2023-01-20T23:58:02.463+0000] {dag.py:3328} INFO - Setting next_dagrun for example_skip_dag to 2023-01-19T23:58:02.463461+00:00, run_after=2023-01-20T23:58:02.463461+00:00
[2023-01-20T23:58:02.475+0000] {processor.py:178} INFO - Processing /home/airflow/.local/lib/python3.7/site-packages/airflow/example_dags/example_skip_dag.py took 0.402 seconds
[2023-01-20T23:58:32.907+0000] {processor.py:156} INFO - Started process (PID=170) to work on /home/airflow/.local/lib/python3.7/site-packages/airflow/example_dags/example_skip_dag.py
[2023-01-20T23:58:32.919+0000] {processor.py:758} INFO - Processing file /home/airflow/.local/lib/python3.7/site-packages/airflow/example_dags/example_skip_dag.py for tasks to queue
[2023-01-20T23:58:32.925+0000] {logging_mixin.py:117} INFO - [2023-01-20T23:58:32.924+0000] {dagbag.py:525} INFO - Filling up the DagBag from /home/airflow/.local/lib/python3.7/site-packages/airflow/example_dags/example_skip_dag.py
[2023-01-20T23:58:34.514+0000] {processor.py:768} INFO - DAG(s) dict_keys(['example_skip_dag']) retrieved from /home/airflow/.local/lib/python3.7/site-packages/airflow/example_dags/example_skip_dag.py
[2023-01-20T23:58:34.606+0000] {logging_mixin.py:117} INFO - [2023-01-20T23:58:34.606+0000] {dag.py:2573} INFO - Sync 1 DAGs
[2023-01-20T23:58:34.637+0000] {logging_mixin.py:117} INFO - [2023-01-20T23:58:34.637+0000] {dag.py:3328} INFO - Setting next_dagrun for example_skip_dag to 2023-01-19T23:58:34.637083+00:00, run_after=2023-01-20T23:58:34.637083+00:00
[2023-01-20T23:58:34.680+0000] {processor.py:178} INFO - Processing /home/airflow/.local/lib/python3.7/site-packages/airflow/example_dags/example_skip_dag.py took 1.793 seconds
[2023-01-20T23:59:05.298+0000] {processor.py:156} INFO - Started process (PID=233) to work on /home/airflow/.local/lib/python3.7/site-packages/airflow/example_dags/example_skip_dag.py
[2023-01-20T23:59:05.301+0000] {processor.py:758} INFO - Processing file /home/airflow/.local/lib/python3.7/site-packages/airflow/example_dags/example_skip_dag.py for tasks to queue
[2023-01-20T23:59:05.302+0000] {logging_mixin.py:117} INFO - [2023-01-20T23:59:05.302+0000] {dagbag.py:525} INFO - Filling up the DagBag from /home/airflow/.local/lib/python3.7/site-packages/airflow/example_dags/example_skip_dag.py
[2023-01-20T23:59:05.316+0000] {processor.py:768} INFO - DAG(s) dict_keys(['example_skip_dag']) retrieved from /home/airflow/.local/lib/python3.7/site-packages/airflow/example_dags/example_skip_dag.py
[2023-01-20T23:59:05.349+0000] {logging_mixin.py:117} INFO - [2023-01-20T23:59:05.349+0000] {dag.py:2573} INFO - Sync 1 DAGs
[2023-01-20T23:59:05.369+0000] {logging_mixin.py:117} INFO - [2023-01-20T23:59:05.369+0000] {dag.py:3328} INFO - Setting next_dagrun for example_skip_dag to 2023-01-19T23:59:05.368909+00:00, run_after=2023-01-20T23:59:05.368909+00:00
[2023-01-20T23:59:05.381+0000] {processor.py:178} INFO - Processing /home/airflow/.local/lib/python3.7/site-packages/airflow/example_dags/example_skip_dag.py took 0.087 seconds
[2023-01-20T23:59:35.812+0000] {processor.py:156} INFO - Started process (PID=287) to work on /home/airflow/.local/lib/python3.7/site-packages/airflow/example_dags/example_skip_dag.py
[2023-01-20T23:59:35.815+0000] {processor.py:758} INFO - Processing file /home/airflow/.local/lib/python3.7/site-packages/airflow/example_dags/example_skip_dag.py for tasks to queue
[2023-01-20T23:59:35.817+0000] {logging_mixin.py:117} INFO - [2023-01-20T23:59:35.816+0000] {dagbag.py:525} INFO - Filling up the DagBag from /home/airflow/.local/lib/python3.7/site-packages/airflow/example_dags/example_skip_dag.py
[2023-01-20T23:59:35.834+0000] {processor.py:768} INFO - DAG(s) dict_keys(['example_skip_dag']) retrieved from /home/airflow/.local/lib/python3.7/site-packages/airflow/example_dags/example_skip_dag.py
[2023-01-20T23:59:35.868+0000] {logging_mixin.py:117} INFO - [2023-01-20T23:59:35.868+0000] {dag.py:2573} INFO - Sync 1 DAGs
[2023-01-20T23:59:35.884+0000] {logging_mixin.py:117} INFO - [2023-01-20T23:59:35.883+0000] {dag.py:3328} INFO - Setting next_dagrun for example_skip_dag to 2023-01-19T23:59:35.883781+00:00, run_after=2023-01-20T23:59:35.883781+00:00
[2023-01-20T23:59:35.894+0000] {processor.py:178} INFO - Processing /home/airflow/.local/lib/python3.7/site-packages/airflow/example_dags/example_skip_dag.py took 0.089 seconds
