[2023-01-20T23:40:05.941+0000] {processor.py:156} INFO - Started process (PID=58) to work on /home/airflow/.local/lib/python3.7/site-packages/airflow/example_dags/example_datasets.py
[2023-01-20T23:40:05.944+0000] {processor.py:758} INFO - Processing file /home/airflow/.local/lib/python3.7/site-packages/airflow/example_dags/example_datasets.py for tasks to queue
[2023-01-20T23:40:05.951+0000] {logging_mixin.py:117} INFO - [2023-01-20T23:40:05.951+0000] {dagbag.py:525} INFO - Filling up the DagBag from /home/airflow/.local/lib/python3.7/site-packages/airflow/example_dags/example_datasets.py
[2023-01-20T23:40:05.980+0000] {processor.py:768} INFO - DAG(s) dict_keys(['dataset_produces_1', 'dataset_consumes_1_never_scheduled', 'dataset_consumes_unknown_never_scheduled', 'dataset_produces_2', 'dataset_consumes_1_and_2', 'dataset_consumes_1']) retrieved from /home/airflow/.local/lib/python3.7/site-packages/airflow/example_dags/example_datasets.py
[2023-01-20T23:40:06.014+0000] {logging_mixin.py:117} INFO - [2023-01-20T23:40:06.013+0000] {dag.py:2573} INFO - Sync 6 DAGs
[2023-01-20T23:40:06.196+0000] {logging_mixin.py:117} INFO - [2023-01-20T23:40:06.196+0000] {dag.py:3328} INFO - Setting next_dagrun for dataset_consumes_1 to None, run_after=None
[2023-01-20T23:40:06.201+0000] {logging_mixin.py:117} INFO - [2023-01-20T23:40:06.201+0000] {dag.py:3328} INFO - Setting next_dagrun for dataset_consumes_1_and_2 to None, run_after=None
[2023-01-20T23:40:06.207+0000] {logging_mixin.py:117} INFO - [2023-01-20T23:40:06.207+0000] {dag.py:3328} INFO - Setting next_dagrun for dataset_consumes_1_never_scheduled to None, run_after=None
[2023-01-20T23:40:06.209+0000] {logging_mixin.py:117} INFO - [2023-01-20T23:40:06.209+0000] {dag.py:3328} INFO - Setting next_dagrun for dataset_consumes_unknown_never_scheduled to None, run_after=None
[2023-01-20T23:40:06.216+0000] {logging_mixin.py:117} INFO - [2023-01-20T23:40:06.216+0000] {dag.py:3328} INFO - Setting next_dagrun for dataset_produces_1 to 2023-01-19T00:00:00+00:00, run_after=2023-01-20T00:00:00+00:00
[2023-01-20T23:40:06.219+0000] {logging_mixin.py:117} INFO - [2023-01-20T23:40:06.219+0000] {dag.py:3328} INFO - Setting next_dagrun for dataset_produces_2 to None, run_after=None
[2023-01-20T23:40:06.267+0000] {processor.py:178} INFO - Processing /home/airflow/.local/lib/python3.7/site-packages/airflow/example_dags/example_datasets.py took 0.331 seconds
[2023-01-20T23:40:36.507+0000] {processor.py:156} INFO - Started process (PID=112) to work on /home/airflow/.local/lib/python3.7/site-packages/airflow/example_dags/example_datasets.py
[2023-01-20T23:40:36.533+0000] {processor.py:758} INFO - Processing file /home/airflow/.local/lib/python3.7/site-packages/airflow/example_dags/example_datasets.py for tasks to queue
[2023-01-20T23:40:36.534+0000] {logging_mixin.py:117} INFO - [2023-01-20T23:40:36.534+0000] {dagbag.py:525} INFO - Filling up the DagBag from /home/airflow/.local/lib/python3.7/site-packages/airflow/example_dags/example_datasets.py
[2023-01-20T23:40:36.550+0000] {processor.py:768} INFO - DAG(s) dict_keys(['dataset_consumes_1_never_scheduled', 'dataset_consumes_unknown_never_scheduled', 'dataset_produces_2', 'dataset_produces_1', 'dataset_consumes_1_and_2', 'dataset_consumes_1']) retrieved from /home/airflow/.local/lib/python3.7/site-packages/airflow/example_dags/example_datasets.py
[2023-01-20T23:40:36.775+0000] {logging_mixin.py:117} INFO - [2023-01-20T23:40:36.775+0000] {dag.py:2573} INFO - Sync 6 DAGs
[2023-01-20T23:40:36.793+0000] {logging_mixin.py:117} INFO - [2023-01-20T23:40:36.793+0000] {dag.py:3328} INFO - Setting next_dagrun for dataset_consumes_1 to None, run_after=None
[2023-01-20T23:40:36.797+0000] {logging_mixin.py:117} INFO - [2023-01-20T23:40:36.797+0000] {dag.py:3328} INFO - Setting next_dagrun for dataset_consumes_1_and_2 to None, run_after=None
[2023-01-20T23:40:36.799+0000] {logging_mixin.py:117} INFO - [2023-01-20T23:40:36.799+0000] {dag.py:3328} INFO - Setting next_dagrun for dataset_consumes_1_never_scheduled to None, run_after=None
[2023-01-20T23:40:36.800+0000] {logging_mixin.py:117} INFO - [2023-01-20T23:40:36.800+0000] {dag.py:3328} INFO - Setting next_dagrun for dataset_consumes_unknown_never_scheduled to None, run_after=None
[2023-01-20T23:40:36.807+0000] {logging_mixin.py:117} INFO - [2023-01-20T23:40:36.807+0000] {dag.py:3328} INFO - Setting next_dagrun for dataset_produces_1 to 2023-01-19T00:00:00+00:00, run_after=2023-01-20T00:00:00+00:00
[2023-01-20T23:40:36.809+0000] {logging_mixin.py:117} INFO - [2023-01-20T23:40:36.809+0000] {dag.py:3328} INFO - Setting next_dagrun for dataset_produces_2 to None, run_after=None
[2023-01-20T23:40:36.830+0000] {processor.py:178} INFO - Processing /home/airflow/.local/lib/python3.7/site-packages/airflow/example_dags/example_datasets.py took 0.328 seconds
[2023-01-20T23:41:07.381+0000] {processor.py:156} INFO - Started process (PID=177) to work on /home/airflow/.local/lib/python3.7/site-packages/airflow/example_dags/example_datasets.py
[2023-01-20T23:41:07.382+0000] {processor.py:758} INFO - Processing file /home/airflow/.local/lib/python3.7/site-packages/airflow/example_dags/example_datasets.py for tasks to queue
[2023-01-20T23:41:07.383+0000] {logging_mixin.py:117} INFO - [2023-01-20T23:41:07.383+0000] {dagbag.py:525} INFO - Filling up the DagBag from /home/airflow/.local/lib/python3.7/site-packages/airflow/example_dags/example_datasets.py
[2023-01-20T23:41:07.493+0000] {processor.py:768} INFO - DAG(s) dict_keys(['dataset_consumes_1_and_2', 'dataset_consumes_1', 'dataset_consumes_1_never_scheduled', 'dataset_produces_2', 'dataset_produces_1', 'dataset_consumes_unknown_never_scheduled']) retrieved from /home/airflow/.local/lib/python3.7/site-packages/airflow/example_dags/example_datasets.py
[2023-01-20T23:41:07.520+0000] {logging_mixin.py:117} INFO - [2023-01-20T23:41:07.519+0000] {dag.py:2573} INFO - Sync 6 DAGs
[2023-01-20T23:41:07.533+0000] {logging_mixin.py:117} INFO - [2023-01-20T23:41:07.533+0000] {dag.py:3328} INFO - Setting next_dagrun for dataset_consumes_1 to None, run_after=None
[2023-01-20T23:41:07.535+0000] {logging_mixin.py:117} INFO - [2023-01-20T23:41:07.535+0000] {dag.py:3328} INFO - Setting next_dagrun for dataset_consumes_1_and_2 to None, run_after=None
[2023-01-20T23:41:07.536+0000] {logging_mixin.py:117} INFO - [2023-01-20T23:41:07.536+0000] {dag.py:3328} INFO - Setting next_dagrun for dataset_consumes_1_never_scheduled to None, run_after=None
[2023-01-20T23:41:07.537+0000] {logging_mixin.py:117} INFO - [2023-01-20T23:41:07.537+0000] {dag.py:3328} INFO - Setting next_dagrun for dataset_consumes_unknown_never_scheduled to None, run_after=None
[2023-01-20T23:41:07.539+0000] {logging_mixin.py:117} INFO - [2023-01-20T23:41:07.539+0000] {dag.py:3328} INFO - Setting next_dagrun for dataset_produces_1 to 2023-01-19T00:00:00+00:00, run_after=2023-01-20T00:00:00+00:00
[2023-01-20T23:41:07.540+0000] {logging_mixin.py:117} INFO - [2023-01-20T23:41:07.540+0000] {dag.py:3328} INFO - Setting next_dagrun for dataset_produces_2 to None, run_after=None
[2023-01-20T23:41:07.553+0000] {processor.py:178} INFO - Processing /home/airflow/.local/lib/python3.7/site-packages/airflow/example_dags/example_datasets.py took 0.174 seconds
[2023-01-20T23:41:37.674+0000] {processor.py:156} INFO - Started process (PID=240) to work on /home/airflow/.local/lib/python3.7/site-packages/airflow/example_dags/example_datasets.py
[2023-01-20T23:41:37.676+0000] {processor.py:758} INFO - Processing file /home/airflow/.local/lib/python3.7/site-packages/airflow/example_dags/example_datasets.py for tasks to queue
[2023-01-20T23:41:37.677+0000] {logging_mixin.py:117} INFO - [2023-01-20T23:41:37.676+0000] {dagbag.py:525} INFO - Filling up the DagBag from /home/airflow/.local/lib/python3.7/site-packages/airflow/example_dags/example_datasets.py
[2023-01-20T23:41:37.689+0000] {processor.py:768} INFO - DAG(s) dict_keys(['dataset_consumes_1_never_scheduled', 'dataset_produces_1', 'dataset_consumes_1_and_2', 'dataset_consumes_1', 'dataset_consumes_unknown_never_scheduled', 'dataset_produces_2']) retrieved from /home/airflow/.local/lib/python3.7/site-packages/airflow/example_dags/example_datasets.py
[2023-01-20T23:41:37.724+0000] {logging_mixin.py:117} INFO - [2023-01-20T23:41:37.724+0000] {dag.py:2573} INFO - Sync 6 DAGs
[2023-01-20T23:41:37.739+0000] {logging_mixin.py:117} INFO - [2023-01-20T23:41:37.739+0000] {dag.py:3328} INFO - Setting next_dagrun for dataset_consumes_1 to None, run_after=None
[2023-01-20T23:41:37.742+0000] {logging_mixin.py:117} INFO - [2023-01-20T23:41:37.741+0000] {dag.py:3328} INFO - Setting next_dagrun for dataset_consumes_1_and_2 to None, run_after=None
[2023-01-20T23:41:37.743+0000] {logging_mixin.py:117} INFO - [2023-01-20T23:41:37.743+0000] {dag.py:3328} INFO - Setting next_dagrun for dataset_consumes_1_never_scheduled to None, run_after=None
[2023-01-20T23:41:37.744+0000] {logging_mixin.py:117} INFO - [2023-01-20T23:41:37.744+0000] {dag.py:3328} INFO - Setting next_dagrun for dataset_consumes_unknown_never_scheduled to None, run_after=None
[2023-01-20T23:41:37.745+0000] {logging_mixin.py:117} INFO - [2023-01-20T23:41:37.745+0000] {dag.py:3328} INFO - Setting next_dagrun for dataset_produces_1 to 2023-01-19T00:00:00+00:00, run_after=2023-01-20T00:00:00+00:00
[2023-01-20T23:41:37.746+0000] {logging_mixin.py:117} INFO - [2023-01-20T23:41:37.746+0000] {dag.py:3328} INFO - Setting next_dagrun for dataset_produces_2 to None, run_after=None
[2023-01-20T23:41:37.762+0000] {processor.py:178} INFO - Processing /home/airflow/.local/lib/python3.7/site-packages/airflow/example_dags/example_datasets.py took 0.090 seconds
[2023-01-20T23:42:08.261+0000] {processor.py:156} INFO - Started process (PID=303) to work on /home/airflow/.local/lib/python3.7/site-packages/airflow/example_dags/example_datasets.py
[2023-01-20T23:42:08.262+0000] {processor.py:758} INFO - Processing file /home/airflow/.local/lib/python3.7/site-packages/airflow/example_dags/example_datasets.py for tasks to queue
[2023-01-20T23:42:08.263+0000] {logging_mixin.py:117} INFO - [2023-01-20T23:42:08.263+0000] {dagbag.py:525} INFO - Filling up the DagBag from /home/airflow/.local/lib/python3.7/site-packages/airflow/example_dags/example_datasets.py
[2023-01-20T23:42:08.276+0000] {processor.py:768} INFO - DAG(s) dict_keys(['dataset_consumes_1', 'dataset_consumes_1_and_2', 'dataset_consumes_1_never_scheduled', 'dataset_produces_1', 'dataset_produces_2', 'dataset_consumes_unknown_never_scheduled']) retrieved from /home/airflow/.local/lib/python3.7/site-packages/airflow/example_dags/example_datasets.py
[2023-01-20T23:42:08.310+0000] {logging_mixin.py:117} INFO - [2023-01-20T23:42:08.310+0000] {dag.py:2573} INFO - Sync 6 DAGs
[2023-01-20T23:42:08.325+0000] {logging_mixin.py:117} INFO - [2023-01-20T23:42:08.325+0000] {dag.py:3328} INFO - Setting next_dagrun for dataset_consumes_1 to None, run_after=None
[2023-01-20T23:42:08.327+0000] {logging_mixin.py:117} INFO - [2023-01-20T23:42:08.327+0000] {dag.py:3328} INFO - Setting next_dagrun for dataset_consumes_1_and_2 to None, run_after=None
[2023-01-20T23:42:08.328+0000] {logging_mixin.py:117} INFO - [2023-01-20T23:42:08.328+0000] {dag.py:3328} INFO - Setting next_dagrun for dataset_consumes_1_never_scheduled to None, run_after=None
[2023-01-20T23:42:08.329+0000] {logging_mixin.py:117} INFO - [2023-01-20T23:42:08.329+0000] {dag.py:3328} INFO - Setting next_dagrun for dataset_consumes_unknown_never_scheduled to None, run_after=None
[2023-01-20T23:42:08.331+0000] {logging_mixin.py:117} INFO - [2023-01-20T23:42:08.331+0000] {dag.py:3328} INFO - Setting next_dagrun for dataset_produces_1 to 2023-01-19T00:00:00+00:00, run_after=2023-01-20T00:00:00+00:00
[2023-01-20T23:42:08.333+0000] {logging_mixin.py:117} INFO - [2023-01-20T23:42:08.332+0000] {dag.py:3328} INFO - Setting next_dagrun for dataset_produces_2 to None, run_after=None
[2023-01-20T23:42:08.347+0000] {processor.py:178} INFO - Processing /home/airflow/.local/lib/python3.7/site-packages/airflow/example_dags/example_datasets.py took 0.089 seconds
[2023-01-20T23:42:39.148+0000] {processor.py:156} INFO - Started process (PID=366) to work on /home/airflow/.local/lib/python3.7/site-packages/airflow/example_dags/example_datasets.py
[2023-01-20T23:42:39.151+0000] {processor.py:758} INFO - Processing file /home/airflow/.local/lib/python3.7/site-packages/airflow/example_dags/example_datasets.py for tasks to queue
[2023-01-20T23:42:39.151+0000] {logging_mixin.py:117} INFO - [2023-01-20T23:42:39.151+0000] {dagbag.py:525} INFO - Filling up the DagBag from /home/airflow/.local/lib/python3.7/site-packages/airflow/example_dags/example_datasets.py
[2023-01-20T23:42:39.165+0000] {processor.py:768} INFO - DAG(s) dict_keys(['dataset_consumes_1_never_scheduled', 'dataset_consumes_unknown_never_scheduled', 'dataset_consumes_1', 'dataset_produces_1', 'dataset_consumes_1_and_2', 'dataset_produces_2']) retrieved from /home/airflow/.local/lib/python3.7/site-packages/airflow/example_dags/example_datasets.py
[2023-01-20T23:42:39.197+0000] {logging_mixin.py:117} INFO - [2023-01-20T23:42:39.197+0000] {dag.py:2573} INFO - Sync 6 DAGs
[2023-01-20T23:42:39.212+0000] {logging_mixin.py:117} INFO - [2023-01-20T23:42:39.212+0000] {dag.py:3328} INFO - Setting next_dagrun for dataset_consumes_1 to None, run_after=None
[2023-01-20T23:42:39.215+0000] {logging_mixin.py:117} INFO - [2023-01-20T23:42:39.215+0000] {dag.py:3328} INFO - Setting next_dagrun for dataset_consumes_1_and_2 to None, run_after=None
[2023-01-20T23:42:39.216+0000] {logging_mixin.py:117} INFO - [2023-01-20T23:42:39.216+0000] {dag.py:3328} INFO - Setting next_dagrun for dataset_consumes_1_never_scheduled to None, run_after=None
[2023-01-20T23:42:39.217+0000] {logging_mixin.py:117} INFO - [2023-01-20T23:42:39.217+0000] {dag.py:3328} INFO - Setting next_dagrun for dataset_consumes_unknown_never_scheduled to None, run_after=None
[2023-01-20T23:42:39.218+0000] {logging_mixin.py:117} INFO - [2023-01-20T23:42:39.218+0000] {dag.py:3328} INFO - Setting next_dagrun for dataset_produces_1 to 2023-01-19T00:00:00+00:00, run_after=2023-01-20T00:00:00+00:00
[2023-01-20T23:42:39.220+0000] {logging_mixin.py:117} INFO - [2023-01-20T23:42:39.219+0000] {dag.py:3328} INFO - Setting next_dagrun for dataset_produces_2 to None, run_after=None
[2023-01-20T23:42:39.235+0000] {processor.py:178} INFO - Processing /home/airflow/.local/lib/python3.7/site-packages/airflow/example_dags/example_datasets.py took 0.089 seconds
[2023-01-20T23:43:09.858+0000] {processor.py:156} INFO - Started process (PID=430) to work on /home/airflow/.local/lib/python3.7/site-packages/airflow/example_dags/example_datasets.py
[2023-01-20T23:43:09.860+0000] {processor.py:758} INFO - Processing file /home/airflow/.local/lib/python3.7/site-packages/airflow/example_dags/example_datasets.py for tasks to queue
[2023-01-20T23:43:09.862+0000] {logging_mixin.py:117} INFO - [2023-01-20T23:43:09.862+0000] {dagbag.py:525} INFO - Filling up the DagBag from /home/airflow/.local/lib/python3.7/site-packages/airflow/example_dags/example_datasets.py
[2023-01-20T23:43:09.891+0000] {processor.py:768} INFO - DAG(s) dict_keys(['dataset_consumes_1_never_scheduled', 'dataset_produces_1', 'dataset_consumes_1_and_2', 'dataset_consumes_unknown_never_scheduled', 'dataset_consumes_1', 'dataset_produces_2']) retrieved from /home/airflow/.local/lib/python3.7/site-packages/airflow/example_dags/example_datasets.py
[2023-01-20T23:43:09.975+0000] {logging_mixin.py:117} INFO - [2023-01-20T23:43:09.974+0000] {dag.py:2573} INFO - Sync 6 DAGs
[2023-01-20T23:43:09.996+0000] {logging_mixin.py:117} INFO - [2023-01-20T23:43:09.996+0000] {dag.py:3328} INFO - Setting next_dagrun for dataset_consumes_1 to None, run_after=None
[2023-01-20T23:43:10.000+0000] {logging_mixin.py:117} INFO - [2023-01-20T23:43:09.999+0000] {dag.py:3328} INFO - Setting next_dagrun for dataset_consumes_1_and_2 to None, run_after=None
[2023-01-20T23:43:10.001+0000] {logging_mixin.py:117} INFO - [2023-01-20T23:43:10.001+0000] {dag.py:3328} INFO - Setting next_dagrun for dataset_consumes_1_never_scheduled to None, run_after=None
[2023-01-20T23:43:10.002+0000] {logging_mixin.py:117} INFO - [2023-01-20T23:43:10.002+0000] {dag.py:3328} INFO - Setting next_dagrun for dataset_consumes_unknown_never_scheduled to None, run_after=None
[2023-01-20T23:43:10.005+0000] {logging_mixin.py:117} INFO - [2023-01-20T23:43:10.005+0000] {dag.py:3328} INFO - Setting next_dagrun for dataset_produces_1 to 2023-01-19T00:00:00+00:00, run_after=2023-01-20T00:00:00+00:00
[2023-01-20T23:43:10.007+0000] {logging_mixin.py:117} INFO - [2023-01-20T23:43:10.007+0000] {dag.py:3328} INFO - Setting next_dagrun for dataset_produces_2 to None, run_after=None
[2023-01-20T23:43:10.026+0000] {processor.py:178} INFO - Processing /home/airflow/.local/lib/python3.7/site-packages/airflow/example_dags/example_datasets.py took 0.174 seconds
[2023-01-20T23:43:40.867+0000] {processor.py:156} INFO - Started process (PID=484) to work on /home/airflow/.local/lib/python3.7/site-packages/airflow/example_dags/example_datasets.py
[2023-01-20T23:43:40.868+0000] {processor.py:758} INFO - Processing file /home/airflow/.local/lib/python3.7/site-packages/airflow/example_dags/example_datasets.py for tasks to queue
[2023-01-20T23:43:40.869+0000] {logging_mixin.py:117} INFO - [2023-01-20T23:43:40.869+0000] {dagbag.py:525} INFO - Filling up the DagBag from /home/airflow/.local/lib/python3.7/site-packages/airflow/example_dags/example_datasets.py
[2023-01-20T23:43:40.881+0000] {processor.py:768} INFO - DAG(s) dict_keys(['dataset_consumes_unknown_never_scheduled', 'dataset_consumes_1_never_scheduled', 'dataset_produces_2', 'dataset_consumes_1_and_2', 'dataset_produces_1', 'dataset_consumes_1']) retrieved from /home/airflow/.local/lib/python3.7/site-packages/airflow/example_dags/example_datasets.py
[2023-01-20T23:43:40.915+0000] {logging_mixin.py:117} INFO - [2023-01-20T23:43:40.915+0000] {dag.py:2573} INFO - Sync 6 DAGs
[2023-01-20T23:43:40.931+0000] {logging_mixin.py:117} INFO - [2023-01-20T23:43:40.931+0000] {dag.py:3328} INFO - Setting next_dagrun for dataset_consumes_1 to None, run_after=None
[2023-01-20T23:43:40.934+0000] {logging_mixin.py:117} INFO - [2023-01-20T23:43:40.933+0000] {dag.py:3328} INFO - Setting next_dagrun for dataset_consumes_1_and_2 to None, run_after=None
[2023-01-20T23:43:40.935+0000] {logging_mixin.py:117} INFO - [2023-01-20T23:43:40.935+0000] {dag.py:3328} INFO - Setting next_dagrun for dataset_consumes_1_never_scheduled to None, run_after=None
[2023-01-20T23:43:40.936+0000] {logging_mixin.py:117} INFO - [2023-01-20T23:43:40.936+0000] {dag.py:3328} INFO - Setting next_dagrun for dataset_consumes_unknown_never_scheduled to None, run_after=None
[2023-01-20T23:43:40.938+0000] {logging_mixin.py:117} INFO - [2023-01-20T23:43:40.938+0000] {dag.py:3328} INFO - Setting next_dagrun for dataset_produces_1 to 2023-01-19T00:00:00+00:00, run_after=2023-01-20T00:00:00+00:00
[2023-01-20T23:43:40.939+0000] {logging_mixin.py:117} INFO - [2023-01-20T23:43:40.939+0000] {dag.py:3328} INFO - Setting next_dagrun for dataset_produces_2 to None, run_after=None
[2023-01-20T23:43:40.954+0000] {processor.py:178} INFO - Processing /home/airflow/.local/lib/python3.7/site-packages/airflow/example_dags/example_datasets.py took 0.090 seconds
[2023-01-20T23:44:11.197+0000] {processor.py:156} INFO - Started process (PID=547) to work on /home/airflow/.local/lib/python3.7/site-packages/airflow/example_dags/example_datasets.py
[2023-01-20T23:44:11.198+0000] {processor.py:758} INFO - Processing file /home/airflow/.local/lib/python3.7/site-packages/airflow/example_dags/example_datasets.py for tasks to queue
[2023-01-20T23:44:11.199+0000] {logging_mixin.py:117} INFO - [2023-01-20T23:44:11.199+0000] {dagbag.py:525} INFO - Filling up the DagBag from /home/airflow/.local/lib/python3.7/site-packages/airflow/example_dags/example_datasets.py
[2023-01-20T23:44:11.212+0000] {processor.py:768} INFO - DAG(s) dict_keys(['dataset_produces_2', 'dataset_consumes_unknown_never_scheduled', 'dataset_produces_1', 'dataset_consumes_1_never_scheduled', 'dataset_consumes_1_and_2', 'dataset_consumes_1']) retrieved from /home/airflow/.local/lib/python3.7/site-packages/airflow/example_dags/example_datasets.py
[2023-01-20T23:44:11.246+0000] {logging_mixin.py:117} INFO - [2023-01-20T23:44:11.246+0000] {dag.py:2573} INFO - Sync 6 DAGs
[2023-01-20T23:44:11.262+0000] {logging_mixin.py:117} INFO - [2023-01-20T23:44:11.262+0000] {dag.py:3328} INFO - Setting next_dagrun for dataset_consumes_1 to None, run_after=None
[2023-01-20T23:44:11.265+0000] {logging_mixin.py:117} INFO - [2023-01-20T23:44:11.265+0000] {dag.py:3328} INFO - Setting next_dagrun for dataset_consumes_1_and_2 to None, run_after=None
[2023-01-20T23:44:11.266+0000] {logging_mixin.py:117} INFO - [2023-01-20T23:44:11.266+0000] {dag.py:3328} INFO - Setting next_dagrun for dataset_consumes_1_never_scheduled to None, run_after=None
[2023-01-20T23:44:11.268+0000] {logging_mixin.py:117} INFO - [2023-01-20T23:44:11.267+0000] {dag.py:3328} INFO - Setting next_dagrun for dataset_consumes_unknown_never_scheduled to None, run_after=None
[2023-01-20T23:44:11.270+0000] {logging_mixin.py:117} INFO - [2023-01-20T23:44:11.269+0000] {dag.py:3328} INFO - Setting next_dagrun for dataset_produces_1 to 2023-01-19T00:00:00+00:00, run_after=2023-01-20T00:00:00+00:00
[2023-01-20T23:44:11.271+0000] {logging_mixin.py:117} INFO - [2023-01-20T23:44:11.270+0000] {dag.py:3328} INFO - Setting next_dagrun for dataset_produces_2 to None, run_after=None
[2023-01-20T23:44:11.285+0000] {processor.py:178} INFO - Processing /home/airflow/.local/lib/python3.7/site-packages/airflow/example_dags/example_datasets.py took 0.091 seconds
[2023-01-20T23:44:41.541+0000] {processor.py:156} INFO - Started process (PID=610) to work on /home/airflow/.local/lib/python3.7/site-packages/airflow/example_dags/example_datasets.py
[2023-01-20T23:44:41.542+0000] {processor.py:758} INFO - Processing file /home/airflow/.local/lib/python3.7/site-packages/airflow/example_dags/example_datasets.py for tasks to queue
[2023-01-20T23:44:41.543+0000] {logging_mixin.py:117} INFO - [2023-01-20T23:44:41.543+0000] {dagbag.py:525} INFO - Filling up the DagBag from /home/airflow/.local/lib/python3.7/site-packages/airflow/example_dags/example_datasets.py
[2023-01-20T23:44:41.556+0000] {processor.py:768} INFO - DAG(s) dict_keys(['dataset_produces_2', 'dataset_consumes_1_never_scheduled', 'dataset_consumes_unknown_never_scheduled', 'dataset_produces_1', 'dataset_consumes_1', 'dataset_consumes_1_and_2']) retrieved from /home/airflow/.local/lib/python3.7/site-packages/airflow/example_dags/example_datasets.py
[2023-01-20T23:44:41.589+0000] {logging_mixin.py:117} INFO - [2023-01-20T23:44:41.589+0000] {dag.py:2573} INFO - Sync 6 DAGs
[2023-01-20T23:44:41.604+0000] {logging_mixin.py:117} INFO - [2023-01-20T23:44:41.603+0000] {dag.py:3328} INFO - Setting next_dagrun for dataset_consumes_1 to None, run_after=None
[2023-01-20T23:44:41.606+0000] {logging_mixin.py:117} INFO - [2023-01-20T23:44:41.606+0000] {dag.py:3328} INFO - Setting next_dagrun for dataset_consumes_1_and_2 to None, run_after=None
[2023-01-20T23:44:41.607+0000] {logging_mixin.py:117} INFO - [2023-01-20T23:44:41.607+0000] {dag.py:3328} INFO - Setting next_dagrun for dataset_consumes_1_never_scheduled to None, run_after=None
[2023-01-20T23:44:41.609+0000] {logging_mixin.py:117} INFO - [2023-01-20T23:44:41.609+0000] {dag.py:3328} INFO - Setting next_dagrun for dataset_consumes_unknown_never_scheduled to None, run_after=None
[2023-01-20T23:44:41.610+0000] {logging_mixin.py:117} INFO - [2023-01-20T23:44:41.610+0000] {dag.py:3328} INFO - Setting next_dagrun for dataset_produces_1 to 2023-01-19T00:00:00+00:00, run_after=2023-01-20T00:00:00+00:00
[2023-01-20T23:44:41.612+0000] {logging_mixin.py:117} INFO - [2023-01-20T23:44:41.612+0000] {dag.py:3328} INFO - Setting next_dagrun for dataset_produces_2 to None, run_after=None
[2023-01-20T23:44:41.628+0000] {processor.py:178} INFO - Processing /home/airflow/.local/lib/python3.7/site-packages/airflow/example_dags/example_datasets.py took 0.089 seconds
[2023-01-20T23:45:11.876+0000] {processor.py:156} INFO - Started process (PID=673) to work on /home/airflow/.local/lib/python3.7/site-packages/airflow/example_dags/example_datasets.py
[2023-01-20T23:45:11.877+0000] {processor.py:758} INFO - Processing file /home/airflow/.local/lib/python3.7/site-packages/airflow/example_dags/example_datasets.py for tasks to queue
[2023-01-20T23:45:11.878+0000] {logging_mixin.py:117} INFO - [2023-01-20T23:45:11.878+0000] {dagbag.py:525} INFO - Filling up the DagBag from /home/airflow/.local/lib/python3.7/site-packages/airflow/example_dags/example_datasets.py
[2023-01-20T23:45:11.889+0000] {processor.py:768} INFO - DAG(s) dict_keys(['dataset_produces_2', 'dataset_consumes_1_never_scheduled', 'dataset_consumes_1_and_2', 'dataset_produces_1', 'dataset_consumes_1', 'dataset_consumes_unknown_never_scheduled']) retrieved from /home/airflow/.local/lib/python3.7/site-packages/airflow/example_dags/example_datasets.py
[2023-01-20T23:45:11.926+0000] {logging_mixin.py:117} INFO - [2023-01-20T23:45:11.926+0000] {dag.py:2573} INFO - Sync 6 DAGs
[2023-01-20T23:45:11.946+0000] {logging_mixin.py:117} INFO - [2023-01-20T23:45:11.946+0000] {dag.py:3328} INFO - Setting next_dagrun for dataset_consumes_1 to None, run_after=None
[2023-01-20T23:45:11.950+0000] {logging_mixin.py:117} INFO - [2023-01-20T23:45:11.950+0000] {dag.py:3328} INFO - Setting next_dagrun for dataset_consumes_1_and_2 to None, run_after=None
[2023-01-20T23:45:11.951+0000] {logging_mixin.py:117} INFO - [2023-01-20T23:45:11.951+0000] {dag.py:3328} INFO - Setting next_dagrun for dataset_consumes_1_never_scheduled to None, run_after=None
[2023-01-20T23:45:11.954+0000] {logging_mixin.py:117} INFO - [2023-01-20T23:45:11.954+0000] {dag.py:3328} INFO - Setting next_dagrun for dataset_consumes_unknown_never_scheduled to None, run_after=None
[2023-01-20T23:45:11.957+0000] {logging_mixin.py:117} INFO - [2023-01-20T23:45:11.956+0000] {dag.py:3328} INFO - Setting next_dagrun for dataset_produces_1 to 2023-01-19T00:00:00+00:00, run_after=2023-01-20T00:00:00+00:00
[2023-01-20T23:45:11.958+0000] {logging_mixin.py:117} INFO - [2023-01-20T23:45:11.958+0000] {dag.py:3328} INFO - Setting next_dagrun for dataset_produces_2 to None, run_after=None
[2023-01-20T23:45:11.974+0000] {processor.py:178} INFO - Processing /home/airflow/.local/lib/python3.7/site-packages/airflow/example_dags/example_datasets.py took 0.101 seconds
[2023-01-20T23:45:42.226+0000] {processor.py:156} INFO - Started process (PID=736) to work on /home/airflow/.local/lib/python3.7/site-packages/airflow/example_dags/example_datasets.py
[2023-01-20T23:45:42.227+0000] {processor.py:758} INFO - Processing file /home/airflow/.local/lib/python3.7/site-packages/airflow/example_dags/example_datasets.py for tasks to queue
[2023-01-20T23:45:42.228+0000] {logging_mixin.py:117} INFO - [2023-01-20T23:45:42.228+0000] {dagbag.py:525} INFO - Filling up the DagBag from /home/airflow/.local/lib/python3.7/site-packages/airflow/example_dags/example_datasets.py
[2023-01-20T23:45:42.240+0000] {processor.py:768} INFO - DAG(s) dict_keys(['dataset_consumes_1_never_scheduled', 'dataset_consumes_1_and_2', 'dataset_produces_1', 'dataset_consumes_unknown_never_scheduled', 'dataset_consumes_1', 'dataset_produces_2']) retrieved from /home/airflow/.local/lib/python3.7/site-packages/airflow/example_dags/example_datasets.py
[2023-01-20T23:45:42.271+0000] {logging_mixin.py:117} INFO - [2023-01-20T23:45:42.271+0000] {dag.py:2573} INFO - Sync 6 DAGs
[2023-01-20T23:45:42.285+0000] {logging_mixin.py:117} INFO - [2023-01-20T23:45:42.285+0000] {dag.py:3328} INFO - Setting next_dagrun for dataset_consumes_1 to None, run_after=None
[2023-01-20T23:45:42.287+0000] {logging_mixin.py:117} INFO - [2023-01-20T23:45:42.287+0000] {dag.py:3328} INFO - Setting next_dagrun for dataset_consumes_1_and_2 to None, run_after=None
[2023-01-20T23:45:42.288+0000] {logging_mixin.py:117} INFO - [2023-01-20T23:45:42.288+0000] {dag.py:3328} INFO - Setting next_dagrun for dataset_consumes_1_never_scheduled to None, run_after=None
[2023-01-20T23:45:42.289+0000] {logging_mixin.py:117} INFO - [2023-01-20T23:45:42.289+0000] {dag.py:3328} INFO - Setting next_dagrun for dataset_consumes_unknown_never_scheduled to None, run_after=None
[2023-01-20T23:45:42.291+0000] {logging_mixin.py:117} INFO - [2023-01-20T23:45:42.291+0000] {dag.py:3328} INFO - Setting next_dagrun for dataset_produces_1 to 2023-01-19T00:00:00+00:00, run_after=2023-01-20T00:00:00+00:00
[2023-01-20T23:45:42.292+0000] {logging_mixin.py:117} INFO - [2023-01-20T23:45:42.292+0000] {dag.py:3328} INFO - Setting next_dagrun for dataset_produces_2 to None, run_after=None
[2023-01-20T23:45:42.306+0000] {processor.py:178} INFO - Processing /home/airflow/.local/lib/python3.7/site-packages/airflow/example_dags/example_datasets.py took 0.082 seconds
[2023-01-20T23:46:12.581+0000] {processor.py:156} INFO - Started process (PID=799) to work on /home/airflow/.local/lib/python3.7/site-packages/airflow/example_dags/example_datasets.py
[2023-01-20T23:46:12.582+0000] {processor.py:758} INFO - Processing file /home/airflow/.local/lib/python3.7/site-packages/airflow/example_dags/example_datasets.py for tasks to queue
[2023-01-20T23:46:12.583+0000] {logging_mixin.py:117} INFO - [2023-01-20T23:46:12.583+0000] {dagbag.py:525} INFO - Filling up the DagBag from /home/airflow/.local/lib/python3.7/site-packages/airflow/example_dags/example_datasets.py
[2023-01-20T23:46:12.595+0000] {processor.py:768} INFO - DAG(s) dict_keys(['dataset_consumes_1_never_scheduled', 'dataset_consumes_1_and_2', 'dataset_consumes_unknown_never_scheduled', 'dataset_consumes_1', 'dataset_produces_1', 'dataset_produces_2']) retrieved from /home/airflow/.local/lib/python3.7/site-packages/airflow/example_dags/example_datasets.py
[2023-01-20T23:46:12.629+0000] {logging_mixin.py:117} INFO - [2023-01-20T23:46:12.629+0000] {dag.py:2573} INFO - Sync 6 DAGs
[2023-01-20T23:46:12.643+0000] {logging_mixin.py:117} INFO - [2023-01-20T23:46:12.643+0000] {dag.py:3328} INFO - Setting next_dagrun for dataset_consumes_1 to None, run_after=None
[2023-01-20T23:46:12.646+0000] {logging_mixin.py:117} INFO - [2023-01-20T23:46:12.646+0000] {dag.py:3328} INFO - Setting next_dagrun for dataset_consumes_1_and_2 to None, run_after=None
[2023-01-20T23:46:12.647+0000] {logging_mixin.py:117} INFO - [2023-01-20T23:46:12.647+0000] {dag.py:3328} INFO - Setting next_dagrun for dataset_consumes_1_never_scheduled to None, run_after=None
[2023-01-20T23:46:12.648+0000] {logging_mixin.py:117} INFO - [2023-01-20T23:46:12.648+0000] {dag.py:3328} INFO - Setting next_dagrun for dataset_consumes_unknown_never_scheduled to None, run_after=None
[2023-01-20T23:46:12.650+0000] {logging_mixin.py:117} INFO - [2023-01-20T23:46:12.650+0000] {dag.py:3328} INFO - Setting next_dagrun for dataset_produces_1 to 2023-01-19T00:00:00+00:00, run_after=2023-01-20T00:00:00+00:00
[2023-01-20T23:46:12.651+0000] {logging_mixin.py:117} INFO - [2023-01-20T23:46:12.651+0000] {dag.py:3328} INFO - Setting next_dagrun for dataset_produces_2 to None, run_after=None
[2023-01-20T23:46:12.666+0000] {processor.py:178} INFO - Processing /home/airflow/.local/lib/python3.7/site-packages/airflow/example_dags/example_datasets.py took 0.088 seconds
[2023-01-20T23:46:42.985+0000] {processor.py:156} INFO - Started process (PID=853) to work on /home/airflow/.local/lib/python3.7/site-packages/airflow/example_dags/example_datasets.py
[2023-01-20T23:46:42.986+0000] {processor.py:758} INFO - Processing file /home/airflow/.local/lib/python3.7/site-packages/airflow/example_dags/example_datasets.py for tasks to queue
[2023-01-20T23:46:42.987+0000] {logging_mixin.py:117} INFO - [2023-01-20T23:46:42.987+0000] {dagbag.py:525} INFO - Filling up the DagBag from /home/airflow/.local/lib/python3.7/site-packages/airflow/example_dags/example_datasets.py
[2023-01-20T23:46:43.001+0000] {processor.py:768} INFO - DAG(s) dict_keys(['dataset_consumes_1', 'dataset_produces_2', 'dataset_produces_1', 'dataset_consumes_1_and_2', 'dataset_consumes_1_never_scheduled', 'dataset_consumes_unknown_never_scheduled']) retrieved from /home/airflow/.local/lib/python3.7/site-packages/airflow/example_dags/example_datasets.py
[2023-01-20T23:46:43.037+0000] {logging_mixin.py:117} INFO - [2023-01-20T23:46:43.037+0000] {dag.py:2573} INFO - Sync 6 DAGs
[2023-01-20T23:46:43.054+0000] {logging_mixin.py:117} INFO - [2023-01-20T23:46:43.054+0000] {dag.py:3328} INFO - Setting next_dagrun for dataset_consumes_1 to None, run_after=None
[2023-01-20T23:46:43.057+0000] {logging_mixin.py:117} INFO - [2023-01-20T23:46:43.056+0000] {dag.py:3328} INFO - Setting next_dagrun for dataset_consumes_1_and_2 to None, run_after=None
[2023-01-20T23:46:43.059+0000] {logging_mixin.py:117} INFO - [2023-01-20T23:46:43.059+0000] {dag.py:3328} INFO - Setting next_dagrun for dataset_consumes_1_never_scheduled to None, run_after=None
[2023-01-20T23:46:43.060+0000] {logging_mixin.py:117} INFO - [2023-01-20T23:46:43.060+0000] {dag.py:3328} INFO - Setting next_dagrun for dataset_consumes_unknown_never_scheduled to None, run_after=None
[2023-01-20T23:46:43.062+0000] {logging_mixin.py:117} INFO - [2023-01-20T23:46:43.062+0000] {dag.py:3328} INFO - Setting next_dagrun for dataset_produces_1 to 2023-01-19T00:00:00+00:00, run_after=2023-01-20T00:00:00+00:00
[2023-01-20T23:46:43.063+0000] {logging_mixin.py:117} INFO - [2023-01-20T23:46:43.063+0000] {dag.py:3328} INFO - Setting next_dagrun for dataset_produces_2 to None, run_after=None
[2023-01-20T23:46:43.081+0000] {processor.py:178} INFO - Processing /home/airflow/.local/lib/python3.7/site-packages/airflow/example_dags/example_datasets.py took 0.099 seconds
[2023-01-20T23:47:13.556+0000] {processor.py:156} INFO - Started process (PID=916) to work on /home/airflow/.local/lib/python3.7/site-packages/airflow/example_dags/example_datasets.py
[2023-01-20T23:47:13.557+0000] {processor.py:758} INFO - Processing file /home/airflow/.local/lib/python3.7/site-packages/airflow/example_dags/example_datasets.py for tasks to queue
[2023-01-20T23:47:13.558+0000] {logging_mixin.py:117} INFO - [2023-01-20T23:47:13.558+0000] {dagbag.py:525} INFO - Filling up the DagBag from /home/airflow/.local/lib/python3.7/site-packages/airflow/example_dags/example_datasets.py
[2023-01-20T23:47:13.574+0000] {processor.py:768} INFO - DAG(s) dict_keys(['dataset_consumes_unknown_never_scheduled', 'dataset_consumes_1', 'dataset_produces_1', 'dataset_consumes_1_and_2', 'dataset_produces_2', 'dataset_consumes_1_never_scheduled']) retrieved from /home/airflow/.local/lib/python3.7/site-packages/airflow/example_dags/example_datasets.py
[2023-01-20T23:47:13.608+0000] {logging_mixin.py:117} INFO - [2023-01-20T23:47:13.608+0000] {dag.py:2573} INFO - Sync 6 DAGs
[2023-01-20T23:47:13.624+0000] {logging_mixin.py:117} INFO - [2023-01-20T23:47:13.624+0000] {dag.py:3328} INFO - Setting next_dagrun for dataset_consumes_1 to None, run_after=None
[2023-01-20T23:47:13.626+0000] {logging_mixin.py:117} INFO - [2023-01-20T23:47:13.626+0000] {dag.py:3328} INFO - Setting next_dagrun for dataset_consumes_1_and_2 to None, run_after=None
[2023-01-20T23:47:13.628+0000] {logging_mixin.py:117} INFO - [2023-01-20T23:47:13.628+0000] {dag.py:3328} INFO - Setting next_dagrun for dataset_consumes_1_never_scheduled to None, run_after=None
[2023-01-20T23:47:13.629+0000] {logging_mixin.py:117} INFO - [2023-01-20T23:47:13.629+0000] {dag.py:3328} INFO - Setting next_dagrun for dataset_consumes_unknown_never_scheduled to None, run_after=None
[2023-01-20T23:47:13.631+0000] {logging_mixin.py:117} INFO - [2023-01-20T23:47:13.631+0000] {dag.py:3328} INFO - Setting next_dagrun for dataset_produces_1 to 2023-01-19T00:00:00+00:00, run_after=2023-01-20T00:00:00+00:00
[2023-01-20T23:47:13.633+0000] {logging_mixin.py:117} INFO - [2023-01-20T23:47:13.632+0000] {dag.py:3328} INFO - Setting next_dagrun for dataset_produces_2 to None, run_after=None
[2023-01-20T23:47:13.649+0000] {processor.py:178} INFO - Processing /home/airflow/.local/lib/python3.7/site-packages/airflow/example_dags/example_datasets.py took 0.096 seconds
[2023-01-20T23:47:44.056+0000] {processor.py:156} INFO - Started process (PID=979) to work on /home/airflow/.local/lib/python3.7/site-packages/airflow/example_dags/example_datasets.py
[2023-01-20T23:47:44.057+0000] {processor.py:758} INFO - Processing file /home/airflow/.local/lib/python3.7/site-packages/airflow/example_dags/example_datasets.py for tasks to queue
[2023-01-20T23:47:44.058+0000] {logging_mixin.py:117} INFO - [2023-01-20T23:47:44.057+0000] {dagbag.py:525} INFO - Filling up the DagBag from /home/airflow/.local/lib/python3.7/site-packages/airflow/example_dags/example_datasets.py
[2023-01-20T23:47:44.070+0000] {processor.py:768} INFO - DAG(s) dict_keys(['dataset_consumes_1_and_2', 'dataset_consumes_1', 'dataset_produces_2', 'dataset_produces_1', 'dataset_consumes_unknown_never_scheduled', 'dataset_consumes_1_never_scheduled']) retrieved from /home/airflow/.local/lib/python3.7/site-packages/airflow/example_dags/example_datasets.py
[2023-01-20T23:47:44.102+0000] {logging_mixin.py:117} INFO - [2023-01-20T23:47:44.102+0000] {dag.py:2573} INFO - Sync 6 DAGs
[2023-01-20T23:47:44.117+0000] {logging_mixin.py:117} INFO - [2023-01-20T23:47:44.117+0000] {dag.py:3328} INFO - Setting next_dagrun for dataset_consumes_1 to None, run_after=None
[2023-01-20T23:47:44.119+0000] {logging_mixin.py:117} INFO - [2023-01-20T23:47:44.119+0000] {dag.py:3328} INFO - Setting next_dagrun for dataset_consumes_1_and_2 to None, run_after=None
[2023-01-20T23:47:44.120+0000] {logging_mixin.py:117} INFO - [2023-01-20T23:47:44.120+0000] {dag.py:3328} INFO - Setting next_dagrun for dataset_consumes_1_never_scheduled to None, run_after=None
[2023-01-20T23:47:44.121+0000] {logging_mixin.py:117} INFO - [2023-01-20T23:47:44.121+0000] {dag.py:3328} INFO - Setting next_dagrun for dataset_consumes_unknown_never_scheduled to None, run_after=None
[2023-01-20T23:47:44.124+0000] {logging_mixin.py:117} INFO - [2023-01-20T23:47:44.124+0000] {dag.py:3328} INFO - Setting next_dagrun for dataset_produces_1 to 2023-01-19T00:00:00+00:00, run_after=2023-01-20T00:00:00+00:00
[2023-01-20T23:47:44.126+0000] {logging_mixin.py:117} INFO - [2023-01-20T23:47:44.126+0000] {dag.py:3328} INFO - Setting next_dagrun for dataset_produces_2 to None, run_after=None
[2023-01-20T23:47:44.142+0000] {processor.py:178} INFO - Processing /home/airflow/.local/lib/python3.7/site-packages/airflow/example_dags/example_datasets.py took 0.089 seconds
[2023-01-20T23:48:14.479+0000] {processor.py:156} INFO - Started process (PID=1041) to work on /home/airflow/.local/lib/python3.7/site-packages/airflow/example_dags/example_datasets.py
[2023-01-20T23:48:14.480+0000] {processor.py:758} INFO - Processing file /home/airflow/.local/lib/python3.7/site-packages/airflow/example_dags/example_datasets.py for tasks to queue
[2023-01-20T23:48:14.480+0000] {logging_mixin.py:117} INFO - [2023-01-20T23:48:14.480+0000] {dagbag.py:525} INFO - Filling up the DagBag from /home/airflow/.local/lib/python3.7/site-packages/airflow/example_dags/example_datasets.py
[2023-01-20T23:48:14.492+0000] {processor.py:768} INFO - DAG(s) dict_keys(['dataset_consumes_1_never_scheduled', 'dataset_consumes_1_and_2', 'dataset_produces_1', 'dataset_consumes_unknown_never_scheduled', 'dataset_produces_2', 'dataset_consumes_1']) retrieved from /home/airflow/.local/lib/python3.7/site-packages/airflow/example_dags/example_datasets.py
[2023-01-20T23:48:14.524+0000] {logging_mixin.py:117} INFO - [2023-01-20T23:48:14.524+0000] {dag.py:2573} INFO - Sync 6 DAGs
[2023-01-20T23:48:14.538+0000] {logging_mixin.py:117} INFO - [2023-01-20T23:48:14.538+0000] {dag.py:3328} INFO - Setting next_dagrun for dataset_consumes_1 to None, run_after=None
[2023-01-20T23:48:14.540+0000] {logging_mixin.py:117} INFO - [2023-01-20T23:48:14.540+0000] {dag.py:3328} INFO - Setting next_dagrun for dataset_consumes_1_and_2 to None, run_after=None
[2023-01-20T23:48:14.541+0000] {logging_mixin.py:117} INFO - [2023-01-20T23:48:14.541+0000] {dag.py:3328} INFO - Setting next_dagrun for dataset_consumes_1_never_scheduled to None, run_after=None
[2023-01-20T23:48:14.542+0000] {logging_mixin.py:117} INFO - [2023-01-20T23:48:14.542+0000] {dag.py:3328} INFO - Setting next_dagrun for dataset_consumes_unknown_never_scheduled to None, run_after=None
[2023-01-20T23:48:14.544+0000] {logging_mixin.py:117} INFO - [2023-01-20T23:48:14.544+0000] {dag.py:3328} INFO - Setting next_dagrun for dataset_produces_1 to 2023-01-19T00:00:00+00:00, run_after=2023-01-20T00:00:00+00:00
[2023-01-20T23:48:14.545+0000] {logging_mixin.py:117} INFO - [2023-01-20T23:48:14.545+0000] {dag.py:3328} INFO - Setting next_dagrun for dataset_produces_2 to None, run_after=None
[2023-01-20T23:48:14.558+0000] {processor.py:178} INFO - Processing /home/airflow/.local/lib/python3.7/site-packages/airflow/example_dags/example_datasets.py took 0.082 seconds
[2023-01-20T23:48:44.919+0000] {processor.py:156} INFO - Started process (PID=1104) to work on /home/airflow/.local/lib/python3.7/site-packages/airflow/example_dags/example_datasets.py
[2023-01-20T23:48:44.921+0000] {processor.py:758} INFO - Processing file /home/airflow/.local/lib/python3.7/site-packages/airflow/example_dags/example_datasets.py for tasks to queue
[2023-01-20T23:48:44.921+0000] {logging_mixin.py:117} INFO - [2023-01-20T23:48:44.921+0000] {dagbag.py:525} INFO - Filling up the DagBag from /home/airflow/.local/lib/python3.7/site-packages/airflow/example_dags/example_datasets.py
[2023-01-20T23:48:44.933+0000] {processor.py:768} INFO - DAG(s) dict_keys(['dataset_consumes_1_and_2', 'dataset_consumes_1_never_scheduled', 'dataset_produces_2', 'dataset_consumes_unknown_never_scheduled', 'dataset_produces_1', 'dataset_consumes_1']) retrieved from /home/airflow/.local/lib/python3.7/site-packages/airflow/example_dags/example_datasets.py
[2023-01-20T23:48:44.965+0000] {logging_mixin.py:117} INFO - [2023-01-20T23:48:44.965+0000] {dag.py:2573} INFO - Sync 6 DAGs
[2023-01-20T23:48:44.980+0000] {logging_mixin.py:117} INFO - [2023-01-20T23:48:44.980+0000] {dag.py:3328} INFO - Setting next_dagrun for dataset_consumes_1 to None, run_after=None
[2023-01-20T23:48:44.982+0000] {logging_mixin.py:117} INFO - [2023-01-20T23:48:44.982+0000] {dag.py:3328} INFO - Setting next_dagrun for dataset_consumes_1_and_2 to None, run_after=None
[2023-01-20T23:48:44.983+0000] {logging_mixin.py:117} INFO - [2023-01-20T23:48:44.983+0000] {dag.py:3328} INFO - Setting next_dagrun for dataset_consumes_1_never_scheduled to None, run_after=None
[2023-01-20T23:48:44.984+0000] {logging_mixin.py:117} INFO - [2023-01-20T23:48:44.984+0000] {dag.py:3328} INFO - Setting next_dagrun for dataset_consumes_unknown_never_scheduled to None, run_after=None
[2023-01-20T23:48:44.986+0000] {logging_mixin.py:117} INFO - [2023-01-20T23:48:44.986+0000] {dag.py:3328} INFO - Setting next_dagrun for dataset_produces_1 to 2023-01-19T00:00:00+00:00, run_after=2023-01-20T00:00:00+00:00
[2023-01-20T23:48:44.988+0000] {logging_mixin.py:117} INFO - [2023-01-20T23:48:44.988+0000] {dag.py:3328} INFO - Setting next_dagrun for dataset_produces_2 to None, run_after=None
[2023-01-20T23:48:45.005+0000] {processor.py:178} INFO - Processing /home/airflow/.local/lib/python3.7/site-packages/airflow/example_dags/example_datasets.py took 0.088 seconds
[2023-01-20T23:49:15.225+0000] {processor.py:156} INFO - Started process (PID=1167) to work on /home/airflow/.local/lib/python3.7/site-packages/airflow/example_dags/example_datasets.py
[2023-01-20T23:49:15.226+0000] {processor.py:758} INFO - Processing file /home/airflow/.local/lib/python3.7/site-packages/airflow/example_dags/example_datasets.py for tasks to queue
[2023-01-20T23:49:15.227+0000] {logging_mixin.py:117} INFO - [2023-01-20T23:49:15.227+0000] {dagbag.py:525} INFO - Filling up the DagBag from /home/airflow/.local/lib/python3.7/site-packages/airflow/example_dags/example_datasets.py
[2023-01-20T23:49:15.241+0000] {processor.py:768} INFO - DAG(s) dict_keys(['dataset_produces_2', 'dataset_consumes_1_and_2', 'dataset_consumes_1', 'dataset_consumes_1_never_scheduled', 'dataset_consumes_unknown_never_scheduled', 'dataset_produces_1']) retrieved from /home/airflow/.local/lib/python3.7/site-packages/airflow/example_dags/example_datasets.py
[2023-01-20T23:49:15.276+0000] {logging_mixin.py:117} INFO - [2023-01-20T23:49:15.276+0000] {dag.py:2573} INFO - Sync 6 DAGs
[2023-01-20T23:49:15.292+0000] {logging_mixin.py:117} INFO - [2023-01-20T23:49:15.292+0000] {dag.py:3328} INFO - Setting next_dagrun for dataset_consumes_1 to None, run_after=None
[2023-01-20T23:49:15.294+0000] {logging_mixin.py:117} INFO - [2023-01-20T23:49:15.294+0000] {dag.py:3328} INFO - Setting next_dagrun for dataset_consumes_1_and_2 to None, run_after=None
[2023-01-20T23:49:15.296+0000] {logging_mixin.py:117} INFO - [2023-01-20T23:49:15.296+0000] {dag.py:3328} INFO - Setting next_dagrun for dataset_consumes_1_never_scheduled to None, run_after=None
[2023-01-20T23:49:15.297+0000] {logging_mixin.py:117} INFO - [2023-01-20T23:49:15.297+0000] {dag.py:3328} INFO - Setting next_dagrun for dataset_consumes_unknown_never_scheduled to None, run_after=None
[2023-01-20T23:49:15.298+0000] {logging_mixin.py:117} INFO - [2023-01-20T23:49:15.298+0000] {dag.py:3328} INFO - Setting next_dagrun for dataset_produces_1 to 2023-01-19T00:00:00+00:00, run_after=2023-01-20T00:00:00+00:00
[2023-01-20T23:49:15.299+0000] {logging_mixin.py:117} INFO - [2023-01-20T23:49:15.299+0000] {dag.py:3328} INFO - Setting next_dagrun for dataset_produces_2 to None, run_after=None
[2023-01-20T23:49:15.313+0000] {processor.py:178} INFO - Processing /home/airflow/.local/lib/python3.7/site-packages/airflow/example_dags/example_datasets.py took 0.093 seconds
[2023-01-20T23:49:45.632+0000] {processor.py:156} INFO - Started process (PID=1221) to work on /home/airflow/.local/lib/python3.7/site-packages/airflow/example_dags/example_datasets.py
[2023-01-20T23:49:45.633+0000] {processor.py:758} INFO - Processing file /home/airflow/.local/lib/python3.7/site-packages/airflow/example_dags/example_datasets.py for tasks to queue
[2023-01-20T23:49:45.634+0000] {logging_mixin.py:117} INFO - [2023-01-20T23:49:45.633+0000] {dagbag.py:525} INFO - Filling up the DagBag from /home/airflow/.local/lib/python3.7/site-packages/airflow/example_dags/example_datasets.py
[2023-01-20T23:49:45.646+0000] {processor.py:768} INFO - DAG(s) dict_keys(['dataset_consumes_1_never_scheduled', 'dataset_consumes_1', 'dataset_consumes_unknown_never_scheduled', 'dataset_consumes_1_and_2', 'dataset_produces_1', 'dataset_produces_2']) retrieved from /home/airflow/.local/lib/python3.7/site-packages/airflow/example_dags/example_datasets.py
[2023-01-20T23:49:45.680+0000] {logging_mixin.py:117} INFO - [2023-01-20T23:49:45.679+0000] {dag.py:2573} INFO - Sync 6 DAGs
[2023-01-20T23:49:45.695+0000] {logging_mixin.py:117} INFO - [2023-01-20T23:49:45.695+0000] {dag.py:3328} INFO - Setting next_dagrun for dataset_consumes_1 to None, run_after=None
[2023-01-20T23:49:45.698+0000] {logging_mixin.py:117} INFO - [2023-01-20T23:49:45.698+0000] {dag.py:3328} INFO - Setting next_dagrun for dataset_consumes_1_and_2 to None, run_after=None
[2023-01-20T23:49:45.699+0000] {logging_mixin.py:117} INFO - [2023-01-20T23:49:45.699+0000] {dag.py:3328} INFO - Setting next_dagrun for dataset_consumes_1_never_scheduled to None, run_after=None
[2023-01-20T23:49:45.700+0000] {logging_mixin.py:117} INFO - [2023-01-20T23:49:45.700+0000] {dag.py:3328} INFO - Setting next_dagrun for dataset_consumes_unknown_never_scheduled to None, run_after=None
[2023-01-20T23:49:45.702+0000] {logging_mixin.py:117} INFO - [2023-01-20T23:49:45.702+0000] {dag.py:3328} INFO - Setting next_dagrun for dataset_produces_1 to 2023-01-19T00:00:00+00:00, run_after=2023-01-20T00:00:00+00:00
[2023-01-20T23:49:45.703+0000] {logging_mixin.py:117} INFO - [2023-01-20T23:49:45.703+0000] {dag.py:3328} INFO - Setting next_dagrun for dataset_produces_2 to None, run_after=None
[2023-01-20T23:49:45.719+0000] {processor.py:178} INFO - Processing /home/airflow/.local/lib/python3.7/site-packages/airflow/example_dags/example_datasets.py took 0.090 seconds
[2023-01-20T23:50:15.951+0000] {processor.py:156} INFO - Started process (PID=1284) to work on /home/airflow/.local/lib/python3.7/site-packages/airflow/example_dags/example_datasets.py
[2023-01-20T23:50:15.952+0000] {processor.py:758} INFO - Processing file /home/airflow/.local/lib/python3.7/site-packages/airflow/example_dags/example_datasets.py for tasks to queue
[2023-01-20T23:50:15.953+0000] {logging_mixin.py:117} INFO - [2023-01-20T23:50:15.953+0000] {dagbag.py:525} INFO - Filling up the DagBag from /home/airflow/.local/lib/python3.7/site-packages/airflow/example_dags/example_datasets.py
[2023-01-20T23:50:15.965+0000] {processor.py:768} INFO - DAG(s) dict_keys(['dataset_produces_1', 'dataset_consumes_unknown_never_scheduled', 'dataset_produces_2', 'dataset_consumes_1', 'dataset_consumes_1_never_scheduled', 'dataset_consumes_1_and_2']) retrieved from /home/airflow/.local/lib/python3.7/site-packages/airflow/example_dags/example_datasets.py
[2023-01-20T23:50:16.000+0000] {logging_mixin.py:117} INFO - [2023-01-20T23:50:16.000+0000] {dag.py:2573} INFO - Sync 6 DAGs
[2023-01-20T23:50:16.014+0000] {logging_mixin.py:117} INFO - [2023-01-20T23:50:16.014+0000] {dag.py:3328} INFO - Setting next_dagrun for dataset_consumes_1 to None, run_after=None
[2023-01-20T23:50:16.017+0000] {logging_mixin.py:117} INFO - [2023-01-20T23:50:16.017+0000] {dag.py:3328} INFO - Setting next_dagrun for dataset_consumes_1_and_2 to None, run_after=None
[2023-01-20T23:50:16.018+0000] {logging_mixin.py:117} INFO - [2023-01-20T23:50:16.018+0000] {dag.py:3328} INFO - Setting next_dagrun for dataset_consumes_1_never_scheduled to None, run_after=None
[2023-01-20T23:50:16.019+0000] {logging_mixin.py:117} INFO - [2023-01-20T23:50:16.019+0000] {dag.py:3328} INFO - Setting next_dagrun for dataset_consumes_unknown_never_scheduled to None, run_after=None
[2023-01-20T23:50:16.020+0000] {logging_mixin.py:117} INFO - [2023-01-20T23:50:16.020+0000] {dag.py:3328} INFO - Setting next_dagrun for dataset_produces_1 to 2023-01-19T00:00:00+00:00, run_after=2023-01-20T00:00:00+00:00
[2023-01-20T23:50:16.021+0000] {logging_mixin.py:117} INFO - [2023-01-20T23:50:16.021+0000] {dag.py:3328} INFO - Setting next_dagrun for dataset_produces_2 to None, run_after=None
[2023-01-20T23:50:16.040+0000] {processor.py:178} INFO - Processing /home/airflow/.local/lib/python3.7/site-packages/airflow/example_dags/example_datasets.py took 0.092 seconds
[2023-01-20T23:50:46.271+0000] {processor.py:156} INFO - Started process (PID=1348) to work on /home/airflow/.local/lib/python3.7/site-packages/airflow/example_dags/example_datasets.py
[2023-01-20T23:50:46.273+0000] {processor.py:758} INFO - Processing file /home/airflow/.local/lib/python3.7/site-packages/airflow/example_dags/example_datasets.py for tasks to queue
[2023-01-20T23:50:46.274+0000] {logging_mixin.py:117} INFO - [2023-01-20T23:50:46.274+0000] {dagbag.py:525} INFO - Filling up the DagBag from /home/airflow/.local/lib/python3.7/site-packages/airflow/example_dags/example_datasets.py
[2023-01-20T23:50:46.286+0000] {processor.py:768} INFO - DAG(s) dict_keys(['dataset_produces_2', 'dataset_consumes_1_and_2', 'dataset_consumes_1', 'dataset_consumes_1_never_scheduled', 'dataset_consumes_unknown_never_scheduled', 'dataset_produces_1']) retrieved from /home/airflow/.local/lib/python3.7/site-packages/airflow/example_dags/example_datasets.py
[2023-01-20T23:50:46.321+0000] {logging_mixin.py:117} INFO - [2023-01-20T23:50:46.321+0000] {dag.py:2573} INFO - Sync 6 DAGs
[2023-01-20T23:50:46.338+0000] {logging_mixin.py:117} INFO - [2023-01-20T23:50:46.338+0000] {dag.py:3328} INFO - Setting next_dagrun for dataset_consumes_1 to None, run_after=None
[2023-01-20T23:50:46.341+0000] {logging_mixin.py:117} INFO - [2023-01-20T23:50:46.341+0000] {dag.py:3328} INFO - Setting next_dagrun for dataset_consumes_1_and_2 to None, run_after=None
[2023-01-20T23:50:46.343+0000] {logging_mixin.py:117} INFO - [2023-01-20T23:50:46.343+0000] {dag.py:3328} INFO - Setting next_dagrun for dataset_consumes_1_never_scheduled to None, run_after=None
[2023-01-20T23:50:46.344+0000] {logging_mixin.py:117} INFO - [2023-01-20T23:50:46.344+0000] {dag.py:3328} INFO - Setting next_dagrun for dataset_consumes_unknown_never_scheduled to None, run_after=None
[2023-01-20T23:50:46.346+0000] {logging_mixin.py:117} INFO - [2023-01-20T23:50:46.346+0000] {dag.py:3328} INFO - Setting next_dagrun for dataset_produces_1 to 2023-01-19T00:00:00+00:00, run_after=2023-01-20T00:00:00+00:00
[2023-01-20T23:50:46.347+0000] {logging_mixin.py:117} INFO - [2023-01-20T23:50:46.347+0000] {dag.py:3328} INFO - Setting next_dagrun for dataset_produces_2 to None, run_after=None
[2023-01-20T23:50:46.365+0000] {processor.py:178} INFO - Processing /home/airflow/.local/lib/python3.7/site-packages/airflow/example_dags/example_datasets.py took 0.096 seconds
[2023-01-20T23:51:16.699+0000] {processor.py:156} INFO - Started process (PID=1410) to work on /home/airflow/.local/lib/python3.7/site-packages/airflow/example_dags/example_datasets.py
[2023-01-20T23:51:16.701+0000] {processor.py:758} INFO - Processing file /home/airflow/.local/lib/python3.7/site-packages/airflow/example_dags/example_datasets.py for tasks to queue
[2023-01-20T23:51:16.701+0000] {logging_mixin.py:117} INFO - [2023-01-20T23:51:16.701+0000] {dagbag.py:525} INFO - Filling up the DagBag from /home/airflow/.local/lib/python3.7/site-packages/airflow/example_dags/example_datasets.py
[2023-01-20T23:51:16.714+0000] {processor.py:768} INFO - DAG(s) dict_keys(['dataset_consumes_1', 'dataset_produces_1', 'dataset_consumes_1_never_scheduled', 'dataset_consumes_1_and_2', 'dataset_produces_2', 'dataset_consumes_unknown_never_scheduled']) retrieved from /home/airflow/.local/lib/python3.7/site-packages/airflow/example_dags/example_datasets.py
[2023-01-20T23:51:16.750+0000] {logging_mixin.py:117} INFO - [2023-01-20T23:51:16.750+0000] {dag.py:2573} INFO - Sync 6 DAGs
[2023-01-20T23:51:16.765+0000] {logging_mixin.py:117} INFO - [2023-01-20T23:51:16.764+0000] {dag.py:3328} INFO - Setting next_dagrun for dataset_consumes_1 to None, run_after=None
[2023-01-20T23:51:16.767+0000] {logging_mixin.py:117} INFO - [2023-01-20T23:51:16.767+0000] {dag.py:3328} INFO - Setting next_dagrun for dataset_consumes_1_and_2 to None, run_after=None
[2023-01-20T23:51:16.768+0000] {logging_mixin.py:117} INFO - [2023-01-20T23:51:16.768+0000] {dag.py:3328} INFO - Setting next_dagrun for dataset_consumes_1_never_scheduled to None, run_after=None
[2023-01-20T23:51:16.769+0000] {logging_mixin.py:117} INFO - [2023-01-20T23:51:16.769+0000] {dag.py:3328} INFO - Setting next_dagrun for dataset_consumes_unknown_never_scheduled to None, run_after=None
[2023-01-20T23:51:16.771+0000] {logging_mixin.py:117} INFO - [2023-01-20T23:51:16.771+0000] {dag.py:3328} INFO - Setting next_dagrun for dataset_produces_1 to 2023-01-19T00:00:00+00:00, run_after=2023-01-20T00:00:00+00:00
[2023-01-20T23:51:16.772+0000] {logging_mixin.py:117} INFO - [2023-01-20T23:51:16.772+0000] {dag.py:3328} INFO - Setting next_dagrun for dataset_produces_2 to None, run_after=None
[2023-01-20T23:51:16.790+0000] {processor.py:178} INFO - Processing /home/airflow/.local/lib/python3.7/site-packages/airflow/example_dags/example_datasets.py took 0.094 seconds
[2023-01-20T23:51:47.214+0000] {processor.py:156} INFO - Started process (PID=1475) to work on /home/airflow/.local/lib/python3.7/site-packages/airflow/example_dags/example_datasets.py
[2023-01-20T23:51:47.217+0000] {processor.py:758} INFO - Processing file /home/airflow/.local/lib/python3.7/site-packages/airflow/example_dags/example_datasets.py for tasks to queue
[2023-01-20T23:51:47.218+0000] {logging_mixin.py:117} INFO - [2023-01-20T23:51:47.218+0000] {dagbag.py:525} INFO - Filling up the DagBag from /home/airflow/.local/lib/python3.7/site-packages/airflow/example_dags/example_datasets.py
[2023-01-20T23:51:47.231+0000] {processor.py:768} INFO - DAG(s) dict_keys(['dataset_consumes_unknown_never_scheduled', 'dataset_consumes_1', 'dataset_produces_1', 'dataset_consumes_1_never_scheduled', 'dataset_produces_2', 'dataset_consumes_1_and_2']) retrieved from /home/airflow/.local/lib/python3.7/site-packages/airflow/example_dags/example_datasets.py
[2023-01-20T23:51:47.267+0000] {logging_mixin.py:117} INFO - [2023-01-20T23:51:47.267+0000] {dag.py:2573} INFO - Sync 6 DAGs
[2023-01-20T23:51:47.283+0000] {logging_mixin.py:117} INFO - [2023-01-20T23:51:47.283+0000] {dag.py:3328} INFO - Setting next_dagrun for dataset_consumes_1 to None, run_after=None
[2023-01-20T23:51:47.285+0000] {logging_mixin.py:117} INFO - [2023-01-20T23:51:47.285+0000] {dag.py:3328} INFO - Setting next_dagrun for dataset_consumes_1_and_2 to None, run_after=None
[2023-01-20T23:51:47.287+0000] {logging_mixin.py:117} INFO - [2023-01-20T23:51:47.287+0000] {dag.py:3328} INFO - Setting next_dagrun for dataset_consumes_1_never_scheduled to None, run_after=None
[2023-01-20T23:51:47.288+0000] {logging_mixin.py:117} INFO - [2023-01-20T23:51:47.288+0000] {dag.py:3328} INFO - Setting next_dagrun for dataset_consumes_unknown_never_scheduled to None, run_after=None
[2023-01-20T23:51:47.290+0000] {logging_mixin.py:117} INFO - [2023-01-20T23:51:47.290+0000] {dag.py:3328} INFO - Setting next_dagrun for dataset_produces_1 to 2023-01-19T00:00:00+00:00, run_after=2023-01-20T00:00:00+00:00
[2023-01-20T23:51:47.291+0000] {logging_mixin.py:117} INFO - [2023-01-20T23:51:47.291+0000] {dag.py:3328} INFO - Setting next_dagrun for dataset_produces_2 to None, run_after=None
[2023-01-20T23:51:47.308+0000] {processor.py:178} INFO - Processing /home/airflow/.local/lib/python3.7/site-packages/airflow/example_dags/example_datasets.py took 0.097 seconds
[2023-01-20T23:52:17.718+0000] {processor.py:156} INFO - Started process (PID=1537) to work on /home/airflow/.local/lib/python3.7/site-packages/airflow/example_dags/example_datasets.py
[2023-01-20T23:52:17.719+0000] {processor.py:758} INFO - Processing file /home/airflow/.local/lib/python3.7/site-packages/airflow/example_dags/example_datasets.py for tasks to queue
[2023-01-20T23:52:17.720+0000] {logging_mixin.py:117} INFO - [2023-01-20T23:52:17.720+0000] {dagbag.py:525} INFO - Filling up the DagBag from /home/airflow/.local/lib/python3.7/site-packages/airflow/example_dags/example_datasets.py
[2023-01-20T23:52:17.735+0000] {processor.py:768} INFO - DAG(s) dict_keys(['dataset_produces_1', 'dataset_consumes_1_and_2', 'dataset_consumes_1', 'dataset_consumes_1_never_scheduled', 'dataset_produces_2', 'dataset_consumes_unknown_never_scheduled']) retrieved from /home/airflow/.local/lib/python3.7/site-packages/airflow/example_dags/example_datasets.py
[2023-01-20T23:52:17.774+0000] {logging_mixin.py:117} INFO - [2023-01-20T23:52:17.774+0000] {dag.py:2573} INFO - Sync 6 DAGs
[2023-01-20T23:52:17.794+0000] {logging_mixin.py:117} INFO - [2023-01-20T23:52:17.794+0000] {dag.py:3328} INFO - Setting next_dagrun for dataset_consumes_1 to None, run_after=None
[2023-01-20T23:52:17.796+0000] {logging_mixin.py:117} INFO - [2023-01-20T23:52:17.796+0000] {dag.py:3328} INFO - Setting next_dagrun for dataset_consumes_1_and_2 to None, run_after=None
[2023-01-20T23:52:17.797+0000] {logging_mixin.py:117} INFO - [2023-01-20T23:52:17.797+0000] {dag.py:3328} INFO - Setting next_dagrun for dataset_consumes_1_never_scheduled to None, run_after=None
[2023-01-20T23:52:17.798+0000] {logging_mixin.py:117} INFO - [2023-01-20T23:52:17.798+0000] {dag.py:3328} INFO - Setting next_dagrun for dataset_consumes_unknown_never_scheduled to None, run_after=None
[2023-01-20T23:52:17.800+0000] {logging_mixin.py:117} INFO - [2023-01-20T23:52:17.800+0000] {dag.py:3328} INFO - Setting next_dagrun for dataset_produces_1 to 2023-01-19T00:00:00+00:00, run_after=2023-01-20T00:00:00+00:00
[2023-01-20T23:52:17.802+0000] {logging_mixin.py:117} INFO - [2023-01-20T23:52:17.802+0000] {dag.py:3328} INFO - Setting next_dagrun for dataset_produces_2 to None, run_after=None
[2023-01-20T23:52:17.815+0000] {processor.py:178} INFO - Processing /home/airflow/.local/lib/python3.7/site-packages/airflow/example_dags/example_datasets.py took 0.101 seconds
[2023-01-20T23:52:48.095+0000] {processor.py:156} INFO - Started process (PID=1591) to work on /home/airflow/.local/lib/python3.7/site-packages/airflow/example_dags/example_datasets.py
[2023-01-20T23:52:48.096+0000] {processor.py:758} INFO - Processing file /home/airflow/.local/lib/python3.7/site-packages/airflow/example_dags/example_datasets.py for tasks to queue
[2023-01-20T23:52:48.097+0000] {logging_mixin.py:117} INFO - [2023-01-20T23:52:48.097+0000] {dagbag.py:525} INFO - Filling up the DagBag from /home/airflow/.local/lib/python3.7/site-packages/airflow/example_dags/example_datasets.py
[2023-01-20T23:52:48.110+0000] {processor.py:768} INFO - DAG(s) dict_keys(['dataset_consumes_1', 'dataset_produces_1', 'dataset_consumes_1_never_scheduled', 'dataset_consumes_1_and_2', 'dataset_consumes_unknown_never_scheduled', 'dataset_produces_2']) retrieved from /home/airflow/.local/lib/python3.7/site-packages/airflow/example_dags/example_datasets.py
[2023-01-20T23:52:48.144+0000] {logging_mixin.py:117} INFO - [2023-01-20T23:52:48.144+0000] {dag.py:2573} INFO - Sync 6 DAGs
[2023-01-20T23:52:48.158+0000] {logging_mixin.py:117} INFO - [2023-01-20T23:52:48.158+0000] {dag.py:3328} INFO - Setting next_dagrun for dataset_consumes_1 to None, run_after=None
[2023-01-20T23:52:48.160+0000] {logging_mixin.py:117} INFO - [2023-01-20T23:52:48.160+0000] {dag.py:3328} INFO - Setting next_dagrun for dataset_consumes_1_and_2 to None, run_after=None
[2023-01-20T23:52:48.161+0000] {logging_mixin.py:117} INFO - [2023-01-20T23:52:48.161+0000] {dag.py:3328} INFO - Setting next_dagrun for dataset_consumes_1_never_scheduled to None, run_after=None
[2023-01-20T23:52:48.162+0000] {logging_mixin.py:117} INFO - [2023-01-20T23:52:48.162+0000] {dag.py:3328} INFO - Setting next_dagrun for dataset_consumes_unknown_never_scheduled to None, run_after=None
[2023-01-20T23:52:48.164+0000] {logging_mixin.py:117} INFO - [2023-01-20T23:52:48.164+0000] {dag.py:3328} INFO - Setting next_dagrun for dataset_produces_1 to 2023-01-19T00:00:00+00:00, run_after=2023-01-20T00:00:00+00:00
[2023-01-20T23:52:48.165+0000] {logging_mixin.py:117} INFO - [2023-01-20T23:52:48.165+0000] {dag.py:3328} INFO - Setting next_dagrun for dataset_produces_2 to None, run_after=None
[2023-01-20T23:52:48.182+0000] {processor.py:178} INFO - Processing /home/airflow/.local/lib/python3.7/site-packages/airflow/example_dags/example_datasets.py took 0.089 seconds
[2023-01-20T23:53:18.505+0000] {processor.py:156} INFO - Started process (PID=1654) to work on /home/airflow/.local/lib/python3.7/site-packages/airflow/example_dags/example_datasets.py
[2023-01-20T23:53:18.506+0000] {processor.py:758} INFO - Processing file /home/airflow/.local/lib/python3.7/site-packages/airflow/example_dags/example_datasets.py for tasks to queue
[2023-01-20T23:53:18.507+0000] {logging_mixin.py:117} INFO - [2023-01-20T23:53:18.507+0000] {dagbag.py:525} INFO - Filling up the DagBag from /home/airflow/.local/lib/python3.7/site-packages/airflow/example_dags/example_datasets.py
[2023-01-20T23:53:18.520+0000] {processor.py:768} INFO - DAG(s) dict_keys(['dataset_consumes_1_and_2', 'dataset_produces_1', 'dataset_consumes_1_never_scheduled', 'dataset_consumes_1', 'dataset_produces_2', 'dataset_consumes_unknown_never_scheduled']) retrieved from /home/airflow/.local/lib/python3.7/site-packages/airflow/example_dags/example_datasets.py
[2023-01-20T23:53:18.561+0000] {logging_mixin.py:117} INFO - [2023-01-20T23:53:18.561+0000] {dag.py:2573} INFO - Sync 6 DAGs
[2023-01-20T23:53:18.586+0000] {logging_mixin.py:117} INFO - [2023-01-20T23:53:18.586+0000] {dag.py:3328} INFO - Setting next_dagrun for dataset_consumes_1 to None, run_after=None
[2023-01-20T23:53:18.589+0000] {logging_mixin.py:117} INFO - [2023-01-20T23:53:18.589+0000] {dag.py:3328} INFO - Setting next_dagrun for dataset_consumes_1_and_2 to None, run_after=None
[2023-01-20T23:53:18.591+0000] {logging_mixin.py:117} INFO - [2023-01-20T23:53:18.591+0000] {dag.py:3328} INFO - Setting next_dagrun for dataset_consumes_1_never_scheduled to None, run_after=None
[2023-01-20T23:53:18.592+0000] {logging_mixin.py:117} INFO - [2023-01-20T23:53:18.592+0000] {dag.py:3328} INFO - Setting next_dagrun for dataset_consumes_unknown_never_scheduled to None, run_after=None
[2023-01-20T23:53:18.595+0000] {logging_mixin.py:117} INFO - [2023-01-20T23:53:18.595+0000] {dag.py:3328} INFO - Setting next_dagrun for dataset_produces_1 to 2023-01-19T00:00:00+00:00, run_after=2023-01-20T00:00:00+00:00
[2023-01-20T23:53:18.597+0000] {logging_mixin.py:117} INFO - [2023-01-20T23:53:18.596+0000] {dag.py:3328} INFO - Setting next_dagrun for dataset_produces_2 to None, run_after=None
[2023-01-20T23:53:18.616+0000] {processor.py:178} INFO - Processing /home/airflow/.local/lib/python3.7/site-packages/airflow/example_dags/example_datasets.py took 0.114 seconds
[2023-01-20T23:53:49.093+0000] {processor.py:156} INFO - Started process (PID=1718) to work on /home/airflow/.local/lib/python3.7/site-packages/airflow/example_dags/example_datasets.py
[2023-01-20T23:53:49.095+0000] {processor.py:758} INFO - Processing file /home/airflow/.local/lib/python3.7/site-packages/airflow/example_dags/example_datasets.py for tasks to queue
[2023-01-20T23:53:49.095+0000] {logging_mixin.py:117} INFO - [2023-01-20T23:53:49.095+0000] {dagbag.py:525} INFO - Filling up the DagBag from /home/airflow/.local/lib/python3.7/site-packages/airflow/example_dags/example_datasets.py
[2023-01-20T23:53:49.107+0000] {processor.py:768} INFO - DAG(s) dict_keys(['dataset_consumes_1', 'dataset_consumes_unknown_never_scheduled', 'dataset_produces_2', 'dataset_consumes_1_and_2', 'dataset_consumes_1_never_scheduled', 'dataset_produces_1']) retrieved from /home/airflow/.local/lib/python3.7/site-packages/airflow/example_dags/example_datasets.py
[2023-01-20T23:53:49.139+0000] {logging_mixin.py:117} INFO - [2023-01-20T23:53:49.139+0000] {dag.py:2573} INFO - Sync 6 DAGs
[2023-01-20T23:53:49.154+0000] {logging_mixin.py:117} INFO - [2023-01-20T23:53:49.154+0000] {dag.py:3328} INFO - Setting next_dagrun for dataset_consumes_1 to None, run_after=None
[2023-01-20T23:53:49.156+0000] {logging_mixin.py:117} INFO - [2023-01-20T23:53:49.156+0000] {dag.py:3328} INFO - Setting next_dagrun for dataset_consumes_1_and_2 to None, run_after=None
[2023-01-20T23:53:49.157+0000] {logging_mixin.py:117} INFO - [2023-01-20T23:53:49.157+0000] {dag.py:3328} INFO - Setting next_dagrun for dataset_consumes_1_never_scheduled to None, run_after=None
[2023-01-20T23:53:49.158+0000] {logging_mixin.py:117} INFO - [2023-01-20T23:53:49.158+0000] {dag.py:3328} INFO - Setting next_dagrun for dataset_consumes_unknown_never_scheduled to None, run_after=None
[2023-01-20T23:53:49.160+0000] {logging_mixin.py:117} INFO - [2023-01-20T23:53:49.160+0000] {dag.py:3328} INFO - Setting next_dagrun for dataset_produces_1 to 2023-01-19T00:00:00+00:00, run_after=2023-01-20T00:00:00+00:00
[2023-01-20T23:53:49.161+0000] {logging_mixin.py:117} INFO - [2023-01-20T23:53:49.161+0000] {dag.py:3328} INFO - Setting next_dagrun for dataset_produces_2 to None, run_after=None
[2023-01-20T23:53:49.175+0000] {processor.py:178} INFO - Processing /home/airflow/.local/lib/python3.7/site-packages/airflow/example_dags/example_datasets.py took 0.085 seconds
[2023-01-20T23:54:19.496+0000] {processor.py:156} INFO - Started process (PID=1781) to work on /home/airflow/.local/lib/python3.7/site-packages/airflow/example_dags/example_datasets.py
[2023-01-20T23:54:19.497+0000] {processor.py:758} INFO - Processing file /home/airflow/.local/lib/python3.7/site-packages/airflow/example_dags/example_datasets.py for tasks to queue
[2023-01-20T23:54:19.498+0000] {logging_mixin.py:117} INFO - [2023-01-20T23:54:19.498+0000] {dagbag.py:525} INFO - Filling up the DagBag from /home/airflow/.local/lib/python3.7/site-packages/airflow/example_dags/example_datasets.py
[2023-01-20T23:54:19.511+0000] {processor.py:768} INFO - DAG(s) dict_keys(['dataset_produces_2', 'dataset_consumes_1', 'dataset_produces_1', 'dataset_consumes_1_and_2', 'dataset_consumes_unknown_never_scheduled', 'dataset_consumes_1_never_scheduled']) retrieved from /home/airflow/.local/lib/python3.7/site-packages/airflow/example_dags/example_datasets.py
[2023-01-20T23:54:19.547+0000] {logging_mixin.py:117} INFO - [2023-01-20T23:54:19.547+0000] {dag.py:2573} INFO - Sync 6 DAGs
[2023-01-20T23:54:19.562+0000] {logging_mixin.py:117} INFO - [2023-01-20T23:54:19.562+0000] {dag.py:3328} INFO - Setting next_dagrun for dataset_consumes_1 to None, run_after=None
[2023-01-20T23:54:19.564+0000] {logging_mixin.py:117} INFO - [2023-01-20T23:54:19.564+0000] {dag.py:3328} INFO - Setting next_dagrun for dataset_consumes_1_and_2 to None, run_after=None
[2023-01-20T23:54:19.565+0000] {logging_mixin.py:117} INFO - [2023-01-20T23:54:19.565+0000] {dag.py:3328} INFO - Setting next_dagrun for dataset_consumes_1_never_scheduled to None, run_after=None
[2023-01-20T23:54:19.566+0000] {logging_mixin.py:117} INFO - [2023-01-20T23:54:19.566+0000] {dag.py:3328} INFO - Setting next_dagrun for dataset_consumes_unknown_never_scheduled to None, run_after=None
[2023-01-20T23:54:19.569+0000] {logging_mixin.py:117} INFO - [2023-01-20T23:54:19.569+0000] {dag.py:3328} INFO - Setting next_dagrun for dataset_produces_1 to 2023-01-19T00:00:00+00:00, run_after=2023-01-20T00:00:00+00:00
[2023-01-20T23:54:19.570+0000] {logging_mixin.py:117} INFO - [2023-01-20T23:54:19.570+0000] {dag.py:3328} INFO - Setting next_dagrun for dataset_produces_2 to None, run_after=None
[2023-01-20T23:54:19.588+0000] {processor.py:178} INFO - Processing /home/airflow/.local/lib/python3.7/site-packages/airflow/example_dags/example_datasets.py took 0.095 seconds
[2023-01-20T23:54:57.331+0000] {processor.py:156} INFO - Started process (PID=49) to work on /home/airflow/.local/lib/python3.7/site-packages/airflow/example_dags/example_datasets.py
[2023-01-20T23:54:57.334+0000] {processor.py:758} INFO - Processing file /home/airflow/.local/lib/python3.7/site-packages/airflow/example_dags/example_datasets.py for tasks to queue
[2023-01-20T23:54:57.341+0000] {logging_mixin.py:117} INFO - [2023-01-20T23:54:57.340+0000] {dagbag.py:525} INFO - Filling up the DagBag from /home/airflow/.local/lib/python3.7/site-packages/airflow/example_dags/example_datasets.py
[2023-01-20T23:54:57.382+0000] {processor.py:768} INFO - DAG(s) dict_keys(['dataset_produces_1', 'dataset_consumes_1_never_scheduled', 'dataset_produces_2', 'dataset_consumes_1_and_2', 'dataset_consumes_unknown_never_scheduled', 'dataset_consumes_1']) retrieved from /home/airflow/.local/lib/python3.7/site-packages/airflow/example_dags/example_datasets.py
[2023-01-20T23:54:57.975+0000] {logging_mixin.py:117} INFO - [2023-01-20T23:54:57.975+0000] {dag.py:2573} INFO - Sync 6 DAGs
[2023-01-20T23:54:58.035+0000] {logging_mixin.py:117} INFO - [2023-01-20T23:54:58.035+0000] {dag.py:3328} INFO - Setting next_dagrun for dataset_consumes_1 to None, run_after=None
[2023-01-20T23:54:58.075+0000] {logging_mixin.py:117} INFO - [2023-01-20T23:54:58.074+0000] {dag.py:3328} INFO - Setting next_dagrun for dataset_consumes_1_and_2 to None, run_after=None
[2023-01-20T23:54:58.081+0000] {logging_mixin.py:117} INFO - [2023-01-20T23:54:58.081+0000] {dag.py:3328} INFO - Setting next_dagrun for dataset_consumes_1_never_scheduled to None, run_after=None
[2023-01-20T23:54:58.107+0000] {logging_mixin.py:117} INFO - [2023-01-20T23:54:58.106+0000] {dag.py:3328} INFO - Setting next_dagrun for dataset_consumes_unknown_never_scheduled to None, run_after=None
[2023-01-20T23:54:58.116+0000] {logging_mixin.py:117} INFO - [2023-01-20T23:54:58.116+0000] {dag.py:3328} INFO - Setting next_dagrun for dataset_produces_1 to 2023-01-19T00:00:00+00:00, run_after=2023-01-20T00:00:00+00:00
[2023-01-20T23:54:58.128+0000] {logging_mixin.py:117} INFO - [2023-01-20T23:54:58.128+0000] {dag.py:3328} INFO - Setting next_dagrun for dataset_produces_2 to None, run_after=None
[2023-01-20T23:54:58.200+0000] {processor.py:178} INFO - Processing /home/airflow/.local/lib/python3.7/site-packages/airflow/example_dags/example_datasets.py took 0.873 seconds
[2023-01-20T23:55:28.426+0000] {processor.py:156} INFO - Started process (PID=113) to work on /home/airflow/.local/lib/python3.7/site-packages/airflow/example_dags/example_datasets.py
[2023-01-20T23:55:28.428+0000] {processor.py:758} INFO - Processing file /home/airflow/.local/lib/python3.7/site-packages/airflow/example_dags/example_datasets.py for tasks to queue
[2023-01-20T23:55:28.429+0000] {logging_mixin.py:117} INFO - [2023-01-20T23:55:28.429+0000] {dagbag.py:525} INFO - Filling up the DagBag from /home/airflow/.local/lib/python3.7/site-packages/airflow/example_dags/example_datasets.py
[2023-01-20T23:55:28.447+0000] {processor.py:768} INFO - DAG(s) dict_keys(['dataset_produces_2', 'dataset_consumes_1_and_2', 'dataset_produces_1', 'dataset_consumes_1', 'dataset_consumes_unknown_never_scheduled', 'dataset_consumes_1_never_scheduled']) retrieved from /home/airflow/.local/lib/python3.7/site-packages/airflow/example_dags/example_datasets.py
[2023-01-20T23:55:28.583+0000] {logging_mixin.py:117} INFO - [2023-01-20T23:55:28.582+0000] {dag.py:2573} INFO - Sync 6 DAGs
[2023-01-20T23:55:28.596+0000] {logging_mixin.py:117} INFO - [2023-01-20T23:55:28.596+0000] {dag.py:3328} INFO - Setting next_dagrun for dataset_consumes_1 to None, run_after=None
[2023-01-20T23:55:28.598+0000] {logging_mixin.py:117} INFO - [2023-01-20T23:55:28.598+0000] {dag.py:3328} INFO - Setting next_dagrun for dataset_consumes_1_and_2 to None, run_after=None
[2023-01-20T23:55:28.599+0000] {logging_mixin.py:117} INFO - [2023-01-20T23:55:28.599+0000] {dag.py:3328} INFO - Setting next_dagrun for dataset_consumes_1_never_scheduled to None, run_after=None
[2023-01-20T23:55:28.601+0000] {logging_mixin.py:117} INFO - [2023-01-20T23:55:28.601+0000] {dag.py:3328} INFO - Setting next_dagrun for dataset_consumes_unknown_never_scheduled to None, run_after=None
[2023-01-20T23:55:28.603+0000] {logging_mixin.py:117} INFO - [2023-01-20T23:55:28.603+0000] {dag.py:3328} INFO - Setting next_dagrun for dataset_produces_1 to 2023-01-19T00:00:00+00:00, run_after=2023-01-20T00:00:00+00:00
[2023-01-20T23:55:28.605+0000] {logging_mixin.py:117} INFO - [2023-01-20T23:55:28.604+0000] {dag.py:3328} INFO - Setting next_dagrun for dataset_produces_2 to None, run_after=None
[2023-01-20T23:55:28.621+0000] {processor.py:178} INFO - Processing /home/airflow/.local/lib/python3.7/site-packages/airflow/example_dags/example_datasets.py took 0.200 seconds
[2023-01-20T23:57:35.899+0000] {processor.py:156} INFO - Started process (PID=58) to work on /home/airflow/.local/lib/python3.7/site-packages/airflow/example_dags/example_datasets.py
[2023-01-20T23:57:35.908+0000] {processor.py:758} INFO - Processing file /home/airflow/.local/lib/python3.7/site-packages/airflow/example_dags/example_datasets.py for tasks to queue
[2023-01-20T23:57:35.911+0000] {logging_mixin.py:117} INFO - [2023-01-20T23:57:35.911+0000] {dagbag.py:525} INFO - Filling up the DagBag from /home/airflow/.local/lib/python3.7/site-packages/airflow/example_dags/example_datasets.py
[2023-01-20T23:57:36.056+0000] {processor.py:768} INFO - DAG(s) dict_keys(['dataset_consumes_unknown_never_scheduled', 'dataset_produces_1', 'dataset_consumes_1_and_2', 'dataset_produces_2', 'dataset_consumes_1', 'dataset_consumes_1_never_scheduled']) retrieved from /home/airflow/.local/lib/python3.7/site-packages/airflow/example_dags/example_datasets.py
[2023-01-20T23:57:36.980+0000] {logging_mixin.py:117} INFO - [2023-01-20T23:57:36.980+0000] {dag.py:2573} INFO - Sync 6 DAGs
[2023-01-20T23:57:37.010+0000] {logging_mixin.py:117} INFO - [2023-01-20T23:57:37.010+0000] {dag.py:3328} INFO - Setting next_dagrun for dataset_consumes_1 to None, run_after=None
[2023-01-20T23:57:37.016+0000] {logging_mixin.py:117} INFO - [2023-01-20T23:57:37.016+0000] {dag.py:3328} INFO - Setting next_dagrun for dataset_consumes_1_and_2 to None, run_after=None
[2023-01-20T23:57:37.019+0000] {logging_mixin.py:117} INFO - [2023-01-20T23:57:37.018+0000] {dag.py:3328} INFO - Setting next_dagrun for dataset_consumes_1_never_scheduled to None, run_after=None
[2023-01-20T23:57:37.021+0000] {logging_mixin.py:117} INFO - [2023-01-20T23:57:37.021+0000] {dag.py:3328} INFO - Setting next_dagrun for dataset_consumes_unknown_never_scheduled to None, run_after=None
[2023-01-20T23:57:37.023+0000] {logging_mixin.py:117} INFO - [2023-01-20T23:57:37.022+0000] {dag.py:3328} INFO - Setting next_dagrun for dataset_produces_1 to 2023-01-19T00:00:00+00:00, run_after=2023-01-20T00:00:00+00:00
[2023-01-20T23:57:37.023+0000] {logging_mixin.py:117} INFO - [2023-01-20T23:57:37.023+0000] {dag.py:3328} INFO - Setting next_dagrun for dataset_produces_2 to None, run_after=None
[2023-01-20T23:57:37.058+0000] {processor.py:178} INFO - Processing /home/airflow/.local/lib/python3.7/site-packages/airflow/example_dags/example_datasets.py took 1.200 seconds
[2023-01-20T23:58:07.450+0000] {processor.py:156} INFO - Started process (PID=111) to work on /home/airflow/.local/lib/python3.7/site-packages/airflow/example_dags/example_datasets.py
[2023-01-20T23:58:07.452+0000] {processor.py:758} INFO - Processing file /home/airflow/.local/lib/python3.7/site-packages/airflow/example_dags/example_datasets.py for tasks to queue
[2023-01-20T23:58:07.453+0000] {logging_mixin.py:117} INFO - [2023-01-20T23:58:07.453+0000] {dagbag.py:525} INFO - Filling up the DagBag from /home/airflow/.local/lib/python3.7/site-packages/airflow/example_dags/example_datasets.py
[2023-01-20T23:58:07.473+0000] {processor.py:768} INFO - DAG(s) dict_keys(['dataset_consumes_1', 'dataset_consumes_1_never_scheduled', 'dataset_consumes_1_and_2', 'dataset_produces_1', 'dataset_consumes_unknown_never_scheduled', 'dataset_produces_2']) retrieved from /home/airflow/.local/lib/python3.7/site-packages/airflow/example_dags/example_datasets.py
[2023-01-20T23:58:07.816+0000] {logging_mixin.py:117} INFO - [2023-01-20T23:58:07.816+0000] {dag.py:2573} INFO - Sync 6 DAGs
[2023-01-20T23:58:07.836+0000] {logging_mixin.py:117} INFO - [2023-01-20T23:58:07.836+0000] {dag.py:3328} INFO - Setting next_dagrun for dataset_consumes_1 to None, run_after=None
[2023-01-20T23:58:07.839+0000] {logging_mixin.py:117} INFO - [2023-01-20T23:58:07.838+0000] {dag.py:3328} INFO - Setting next_dagrun for dataset_consumes_1_and_2 to None, run_after=None
[2023-01-20T23:58:07.840+0000] {logging_mixin.py:117} INFO - [2023-01-20T23:58:07.840+0000] {dag.py:3328} INFO - Setting next_dagrun for dataset_consumes_1_never_scheduled to None, run_after=None
[2023-01-20T23:58:07.841+0000] {logging_mixin.py:117} INFO - [2023-01-20T23:58:07.841+0000] {dag.py:3328} INFO - Setting next_dagrun for dataset_consumes_unknown_never_scheduled to None, run_after=None
[2023-01-20T23:58:07.843+0000] {logging_mixin.py:117} INFO - [2023-01-20T23:58:07.843+0000] {dag.py:3328} INFO - Setting next_dagrun for dataset_produces_1 to 2023-01-19T00:00:00+00:00, run_after=2023-01-20T00:00:00+00:00
[2023-01-20T23:58:07.844+0000] {logging_mixin.py:117} INFO - [2023-01-20T23:58:07.844+0000] {dag.py:3328} INFO - Setting next_dagrun for dataset_produces_2 to None, run_after=None
[2023-01-20T23:58:07.861+0000] {processor.py:178} INFO - Processing /home/airflow/.local/lib/python3.7/site-packages/airflow/example_dags/example_datasets.py took 0.416 seconds
[2023-01-20T23:58:38.134+0000] {processor.py:156} INFO - Started process (PID=174) to work on /home/airflow/.local/lib/python3.7/site-packages/airflow/example_dags/example_datasets.py
[2023-01-20T23:58:38.135+0000] {processor.py:758} INFO - Processing file /home/airflow/.local/lib/python3.7/site-packages/airflow/example_dags/example_datasets.py for tasks to queue
[2023-01-20T23:58:38.136+0000] {logging_mixin.py:117} INFO - [2023-01-20T23:58:38.136+0000] {dagbag.py:525} INFO - Filling up the DagBag from /home/airflow/.local/lib/python3.7/site-packages/airflow/example_dags/example_datasets.py
[2023-01-20T23:58:38.368+0000] {processor.py:768} INFO - DAG(s) dict_keys(['dataset_produces_2', 'dataset_consumes_1_and_2', 'dataset_consumes_1', 'dataset_consumes_1_never_scheduled', 'dataset_produces_1', 'dataset_consumes_unknown_never_scheduled']) retrieved from /home/airflow/.local/lib/python3.7/site-packages/airflow/example_dags/example_datasets.py
[2023-01-20T23:58:38.399+0000] {logging_mixin.py:117} INFO - [2023-01-20T23:58:38.399+0000] {dag.py:2573} INFO - Sync 6 DAGs
[2023-01-20T23:58:38.414+0000] {logging_mixin.py:117} INFO - [2023-01-20T23:58:38.414+0000] {dag.py:3328} INFO - Setting next_dagrun for dataset_consumes_1 to None, run_after=None
[2023-01-20T23:58:38.417+0000] {logging_mixin.py:117} INFO - [2023-01-20T23:58:38.417+0000] {dag.py:3328} INFO - Setting next_dagrun for dataset_consumes_1_and_2 to None, run_after=None
[2023-01-20T23:58:38.418+0000] {logging_mixin.py:117} INFO - [2023-01-20T23:58:38.418+0000] {dag.py:3328} INFO - Setting next_dagrun for dataset_consumes_1_never_scheduled to None, run_after=None
[2023-01-20T23:58:38.419+0000] {logging_mixin.py:117} INFO - [2023-01-20T23:58:38.419+0000] {dag.py:3328} INFO - Setting next_dagrun for dataset_consumes_unknown_never_scheduled to None, run_after=None
[2023-01-20T23:58:38.421+0000] {logging_mixin.py:117} INFO - [2023-01-20T23:58:38.421+0000] {dag.py:3328} INFO - Setting next_dagrun for dataset_produces_1 to 2023-01-19T00:00:00+00:00, run_after=2023-01-20T00:00:00+00:00
[2023-01-20T23:58:38.423+0000] {logging_mixin.py:117} INFO - [2023-01-20T23:58:38.422+0000] {dag.py:3328} INFO - Setting next_dagrun for dataset_produces_2 to None, run_after=None
[2023-01-20T23:58:38.438+0000] {processor.py:178} INFO - Processing /home/airflow/.local/lib/python3.7/site-packages/airflow/example_dags/example_datasets.py took 0.308 seconds
[2023-01-20T23:59:08.569+0000] {processor.py:156} INFO - Started process (PID=237) to work on /home/airflow/.local/lib/python3.7/site-packages/airflow/example_dags/example_datasets.py
[2023-01-20T23:59:08.571+0000] {processor.py:758} INFO - Processing file /home/airflow/.local/lib/python3.7/site-packages/airflow/example_dags/example_datasets.py for tasks to queue
[2023-01-20T23:59:08.572+0000] {logging_mixin.py:117} INFO - [2023-01-20T23:59:08.571+0000] {dagbag.py:525} INFO - Filling up the DagBag from /home/airflow/.local/lib/python3.7/site-packages/airflow/example_dags/example_datasets.py
[2023-01-20T23:59:08.591+0000] {processor.py:768} INFO - DAG(s) dict_keys(['dataset_produces_1', 'dataset_produces_2', 'dataset_consumes_1', 'dataset_consumes_1_never_scheduled', 'dataset_consumes_1_and_2', 'dataset_consumes_unknown_never_scheduled']) retrieved from /home/airflow/.local/lib/python3.7/site-packages/airflow/example_dags/example_datasets.py
[2023-01-20T23:59:08.629+0000] {logging_mixin.py:117} INFO - [2023-01-20T23:59:08.629+0000] {dag.py:2573} INFO - Sync 6 DAGs
[2023-01-20T23:59:08.645+0000] {logging_mixin.py:117} INFO - [2023-01-20T23:59:08.645+0000] {dag.py:3328} INFO - Setting next_dagrun for dataset_consumes_1 to None, run_after=None
[2023-01-20T23:59:08.648+0000] {logging_mixin.py:117} INFO - [2023-01-20T23:59:08.647+0000] {dag.py:3328} INFO - Setting next_dagrun for dataset_consumes_1_and_2 to None, run_after=None
[2023-01-20T23:59:08.649+0000] {logging_mixin.py:117} INFO - [2023-01-20T23:59:08.648+0000] {dag.py:3328} INFO - Setting next_dagrun for dataset_consumes_1_never_scheduled to None, run_after=None
[2023-01-20T23:59:08.649+0000] {logging_mixin.py:117} INFO - [2023-01-20T23:59:08.649+0000] {dag.py:3328} INFO - Setting next_dagrun for dataset_consumes_unknown_never_scheduled to None, run_after=None
[2023-01-20T23:59:08.651+0000] {logging_mixin.py:117} INFO - [2023-01-20T23:59:08.651+0000] {dag.py:3328} INFO - Setting next_dagrun for dataset_produces_1 to 2023-01-19T00:00:00+00:00, run_after=2023-01-20T00:00:00+00:00
[2023-01-20T23:59:08.652+0000] {logging_mixin.py:117} INFO - [2023-01-20T23:59:08.652+0000] {dag.py:3328} INFO - Setting next_dagrun for dataset_produces_2 to None, run_after=None
[2023-01-20T23:59:08.668+0000] {processor.py:178} INFO - Processing /home/airflow/.local/lib/python3.7/site-packages/airflow/example_dags/example_datasets.py took 0.103 seconds
[2023-01-20T23:59:39.043+0000] {processor.py:156} INFO - Started process (PID=300) to work on /home/airflow/.local/lib/python3.7/site-packages/airflow/example_dags/example_datasets.py
[2023-01-20T23:59:39.045+0000] {processor.py:758} INFO - Processing file /home/airflow/.local/lib/python3.7/site-packages/airflow/example_dags/example_datasets.py for tasks to queue
[2023-01-20T23:59:39.047+0000] {logging_mixin.py:117} INFO - [2023-01-20T23:59:39.046+0000] {dagbag.py:525} INFO - Filling up the DagBag from /home/airflow/.local/lib/python3.7/site-packages/airflow/example_dags/example_datasets.py
[2023-01-20T23:59:39.065+0000] {processor.py:768} INFO - DAG(s) dict_keys(['dataset_consumes_unknown_never_scheduled', 'dataset_consumes_1', 'dataset_consumes_1_never_scheduled', 'dataset_produces_1', 'dataset_produces_2', 'dataset_consumes_1_and_2']) retrieved from /home/airflow/.local/lib/python3.7/site-packages/airflow/example_dags/example_datasets.py
[2023-01-20T23:59:39.105+0000] {logging_mixin.py:117} INFO - [2023-01-20T23:59:39.105+0000] {dag.py:2573} INFO - Sync 6 DAGs
[2023-01-20T23:59:39.124+0000] {logging_mixin.py:117} INFO - [2023-01-20T23:59:39.124+0000] {dag.py:3328} INFO - Setting next_dagrun for dataset_consumes_1 to None, run_after=None
[2023-01-20T23:59:39.128+0000] {logging_mixin.py:117} INFO - [2023-01-20T23:59:39.127+0000] {dag.py:3328} INFO - Setting next_dagrun for dataset_consumes_1_and_2 to None, run_after=None
[2023-01-20T23:59:39.129+0000] {logging_mixin.py:117} INFO - [2023-01-20T23:59:39.129+0000] {dag.py:3328} INFO - Setting next_dagrun for dataset_consumes_1_never_scheduled to None, run_after=None
[2023-01-20T23:59:39.130+0000] {logging_mixin.py:117} INFO - [2023-01-20T23:59:39.130+0000] {dag.py:3328} INFO - Setting next_dagrun for dataset_consumes_unknown_never_scheduled to None, run_after=None
[2023-01-20T23:59:39.132+0000] {logging_mixin.py:117} INFO - [2023-01-20T23:59:39.132+0000] {dag.py:3328} INFO - Setting next_dagrun for dataset_produces_1 to 2023-01-19T00:00:00+00:00, run_after=2023-01-20T00:00:00+00:00
[2023-01-20T23:59:39.133+0000] {logging_mixin.py:117} INFO - [2023-01-20T23:59:39.133+0000] {dag.py:3328} INFO - Setting next_dagrun for dataset_produces_2 to None, run_after=None
[2023-01-20T23:59:39.150+0000] {processor.py:178} INFO - Processing /home/airflow/.local/lib/python3.7/site-packages/airflow/example_dags/example_datasets.py took 0.112 seconds
