[2023-01-20T23:40:07.259+0000] {processor.py:156} INFO - Started process (PID=63) to work on /home/airflow/.local/lib/python3.7/site-packages/airflow/example_dags/example_local_kubernetes_executor.py
[2023-01-20T23:40:07.261+0000] {processor.py:758} INFO - Processing file /home/airflow/.local/lib/python3.7/site-packages/airflow/example_dags/example_local_kubernetes_executor.py for tasks to queue
[2023-01-20T23:40:07.262+0000] {logging_mixin.py:117} INFO - [2023-01-20T23:40:07.262+0000] {dagbag.py:525} INFO - Filling up the DagBag from /home/airflow/.local/lib/python3.7/site-packages/airflow/example_dags/example_local_kubernetes_executor.py
[2023-01-20T23:40:07.306+0000] {processor.py:768} INFO - DAG(s) dict_keys(['example_local_kubernetes_executor']) retrieved from /home/airflow/.local/lib/python3.7/site-packages/airflow/example_dags/example_local_kubernetes_executor.py
[2023-01-20T23:40:07.525+0000] {logging_mixin.py:117} INFO - [2023-01-20T23:40:07.525+0000] {dag.py:2573} INFO - Sync 1 DAGs
[2023-01-20T23:40:07.561+0000] {logging_mixin.py:117} INFO - [2023-01-20T23:40:07.561+0000] {dag.py:3328} INFO - Setting next_dagrun for example_local_kubernetes_executor to None, run_after=None
[2023-01-20T23:40:07.587+0000] {processor.py:178} INFO - Processing /home/airflow/.local/lib/python3.7/site-packages/airflow/example_dags/example_local_kubernetes_executor.py took 0.332 seconds
[2023-01-20T23:40:37.953+0000] {processor.py:156} INFO - Started process (PID=127) to work on /home/airflow/.local/lib/python3.7/site-packages/airflow/example_dags/example_local_kubernetes_executor.py
[2023-01-20T23:40:37.955+0000] {processor.py:758} INFO - Processing file /home/airflow/.local/lib/python3.7/site-packages/airflow/example_dags/example_local_kubernetes_executor.py for tasks to queue
[2023-01-20T23:40:37.956+0000] {logging_mixin.py:117} INFO - [2023-01-20T23:40:37.955+0000] {dagbag.py:525} INFO - Filling up the DagBag from /home/airflow/.local/lib/python3.7/site-packages/airflow/example_dags/example_local_kubernetes_executor.py
[2023-01-20T23:40:38.319+0000] {processor.py:768} INFO - DAG(s) dict_keys(['example_local_kubernetes_executor']) retrieved from /home/airflow/.local/lib/python3.7/site-packages/airflow/example_dags/example_local_kubernetes_executor.py
[2023-01-20T23:40:38.348+0000] {logging_mixin.py:117} INFO - [2023-01-20T23:40:38.347+0000] {dag.py:2573} INFO - Sync 1 DAGs
[2023-01-20T23:40:38.362+0000] {logging_mixin.py:117} INFO - [2023-01-20T23:40:38.362+0000] {dag.py:3328} INFO - Setting next_dagrun for example_local_kubernetes_executor to None, run_after=None
[2023-01-20T23:40:38.373+0000] {processor.py:178} INFO - Processing /home/airflow/.local/lib/python3.7/site-packages/airflow/example_dags/example_local_kubernetes_executor.py took 0.422 seconds
[2023-01-20T23:41:09.024+0000] {processor.py:156} INFO - Started process (PID=182) to work on /home/airflow/.local/lib/python3.7/site-packages/airflow/example_dags/example_local_kubernetes_executor.py
[2023-01-20T23:41:09.029+0000] {processor.py:758} INFO - Processing file /home/airflow/.local/lib/python3.7/site-packages/airflow/example_dags/example_local_kubernetes_executor.py for tasks to queue
[2023-01-20T23:41:09.031+0000] {logging_mixin.py:117} INFO - [2023-01-20T23:41:09.031+0000] {dagbag.py:525} INFO - Filling up the DagBag from /home/airflow/.local/lib/python3.7/site-packages/airflow/example_dags/example_local_kubernetes_executor.py
[2023-01-20T23:41:09.176+0000] {processor.py:768} INFO - DAG(s) dict_keys(['example_local_kubernetes_executor']) retrieved from /home/airflow/.local/lib/python3.7/site-packages/airflow/example_dags/example_local_kubernetes_executor.py
[2023-01-20T23:41:09.198+0000] {logging_mixin.py:117} INFO - [2023-01-20T23:41:09.198+0000] {dag.py:2573} INFO - Sync 1 DAGs
[2023-01-20T23:41:09.212+0000] {logging_mixin.py:117} INFO - [2023-01-20T23:41:09.212+0000] {dag.py:3328} INFO - Setting next_dagrun for example_local_kubernetes_executor to None, run_after=None
[2023-01-20T23:41:09.224+0000] {processor.py:178} INFO - Processing /home/airflow/.local/lib/python3.7/site-packages/airflow/example_dags/example_local_kubernetes_executor.py took 0.208 seconds
[2023-01-20T23:41:40.141+0000] {processor.py:156} INFO - Started process (PID=245) to work on /home/airflow/.local/lib/python3.7/site-packages/airflow/example_dags/example_local_kubernetes_executor.py
[2023-01-20T23:41:40.143+0000] {processor.py:758} INFO - Processing file /home/airflow/.local/lib/python3.7/site-packages/airflow/example_dags/example_local_kubernetes_executor.py for tasks to queue
[2023-01-20T23:41:40.145+0000] {logging_mixin.py:117} INFO - [2023-01-20T23:41:40.145+0000] {dagbag.py:525} INFO - Filling up the DagBag from /home/airflow/.local/lib/python3.7/site-packages/airflow/example_dags/example_local_kubernetes_executor.py
[2023-01-20T23:41:40.175+0000] {processor.py:768} INFO - DAG(s) dict_keys(['example_local_kubernetes_executor']) retrieved from /home/airflow/.local/lib/python3.7/site-packages/airflow/example_dags/example_local_kubernetes_executor.py
[2023-01-20T23:41:40.221+0000] {logging_mixin.py:117} INFO - [2023-01-20T23:41:40.221+0000] {dag.py:2573} INFO - Sync 1 DAGs
[2023-01-20T23:41:40.243+0000] {logging_mixin.py:117} INFO - [2023-01-20T23:41:40.243+0000] {dag.py:3328} INFO - Setting next_dagrun for example_local_kubernetes_executor to None, run_after=None
[2023-01-20T23:41:40.257+0000] {processor.py:178} INFO - Processing /home/airflow/.local/lib/python3.7/site-packages/airflow/example_dags/example_local_kubernetes_executor.py took 0.121 seconds
[2023-01-20T23:42:10.609+0000] {processor.py:156} INFO - Started process (PID=308) to work on /home/airflow/.local/lib/python3.7/site-packages/airflow/example_dags/example_local_kubernetes_executor.py
[2023-01-20T23:42:10.612+0000] {processor.py:758} INFO - Processing file /home/airflow/.local/lib/python3.7/site-packages/airflow/example_dags/example_local_kubernetes_executor.py for tasks to queue
[2023-01-20T23:42:10.613+0000] {logging_mixin.py:117} INFO - [2023-01-20T23:42:10.613+0000] {dagbag.py:525} INFO - Filling up the DagBag from /home/airflow/.local/lib/python3.7/site-packages/airflow/example_dags/example_local_kubernetes_executor.py
[2023-01-20T23:42:10.638+0000] {processor.py:768} INFO - DAG(s) dict_keys(['example_local_kubernetes_executor']) retrieved from /home/airflow/.local/lib/python3.7/site-packages/airflow/example_dags/example_local_kubernetes_executor.py
[2023-01-20T23:42:10.667+0000] {logging_mixin.py:117} INFO - [2023-01-20T23:42:10.667+0000] {dag.py:2573} INFO - Sync 1 DAGs
[2023-01-20T23:42:10.683+0000] {logging_mixin.py:117} INFO - [2023-01-20T23:42:10.683+0000] {dag.py:3328} INFO - Setting next_dagrun for example_local_kubernetes_executor to None, run_after=None
[2023-01-20T23:42:10.696+0000] {processor.py:178} INFO - Processing /home/airflow/.local/lib/python3.7/site-packages/airflow/example_dags/example_local_kubernetes_executor.py took 0.092 seconds
[2023-01-20T23:42:41.392+0000] {processor.py:156} INFO - Started process (PID=371) to work on /home/airflow/.local/lib/python3.7/site-packages/airflow/example_dags/example_local_kubernetes_executor.py
[2023-01-20T23:42:41.393+0000] {processor.py:758} INFO - Processing file /home/airflow/.local/lib/python3.7/site-packages/airflow/example_dags/example_local_kubernetes_executor.py for tasks to queue
[2023-01-20T23:42:41.394+0000] {logging_mixin.py:117} INFO - [2023-01-20T23:42:41.394+0000] {dagbag.py:525} INFO - Filling up the DagBag from /home/airflow/.local/lib/python3.7/site-packages/airflow/example_dags/example_local_kubernetes_executor.py
[2023-01-20T23:42:41.413+0000] {processor.py:768} INFO - DAG(s) dict_keys(['example_local_kubernetes_executor']) retrieved from /home/airflow/.local/lib/python3.7/site-packages/airflow/example_dags/example_local_kubernetes_executor.py
[2023-01-20T23:42:41.441+0000] {logging_mixin.py:117} INFO - [2023-01-20T23:42:41.440+0000] {dag.py:2573} INFO - Sync 1 DAGs
[2023-01-20T23:42:41.456+0000] {logging_mixin.py:117} INFO - [2023-01-20T23:42:41.456+0000] {dag.py:3328} INFO - Setting next_dagrun for example_local_kubernetes_executor to None, run_after=None
[2023-01-20T23:42:41.468+0000] {processor.py:178} INFO - Processing /home/airflow/.local/lib/python3.7/site-packages/airflow/example_dags/example_local_kubernetes_executor.py took 0.080 seconds
[2023-01-20T23:43:11.534+0000] {processor.py:156} INFO - Started process (PID=435) to work on /home/airflow/.local/lib/python3.7/site-packages/airflow/example_dags/example_local_kubernetes_executor.py
[2023-01-20T23:43:11.536+0000] {processor.py:758} INFO - Processing file /home/airflow/.local/lib/python3.7/site-packages/airflow/example_dags/example_local_kubernetes_executor.py for tasks to queue
[2023-01-20T23:43:11.538+0000] {logging_mixin.py:117} INFO - [2023-01-20T23:43:11.537+0000] {dagbag.py:525} INFO - Filling up the DagBag from /home/airflow/.local/lib/python3.7/site-packages/airflow/example_dags/example_local_kubernetes_executor.py
[2023-01-20T23:43:11.573+0000] {processor.py:768} INFO - DAG(s) dict_keys(['example_local_kubernetes_executor']) retrieved from /home/airflow/.local/lib/python3.7/site-packages/airflow/example_dags/example_local_kubernetes_executor.py
[2023-01-20T23:43:11.654+0000] {logging_mixin.py:117} INFO - [2023-01-20T23:43:11.653+0000] {dag.py:2573} INFO - Sync 1 DAGs
[2023-01-20T23:43:11.695+0000] {logging_mixin.py:117} INFO - [2023-01-20T23:43:11.695+0000] {dag.py:3328} INFO - Setting next_dagrun for example_local_kubernetes_executor to None, run_after=None
[2023-01-20T23:43:11.714+0000] {processor.py:178} INFO - Processing /home/airflow/.local/lib/python3.7/site-packages/airflow/example_dags/example_local_kubernetes_executor.py took 0.183 seconds
[2023-01-20T23:43:42.089+0000] {processor.py:156} INFO - Started process (PID=496) to work on /home/airflow/.local/lib/python3.7/site-packages/airflow/example_dags/example_local_kubernetes_executor.py
[2023-01-20T23:43:42.091+0000] {processor.py:758} INFO - Processing file /home/airflow/.local/lib/python3.7/site-packages/airflow/example_dags/example_local_kubernetes_executor.py for tasks to queue
[2023-01-20T23:43:42.091+0000] {logging_mixin.py:117} INFO - [2023-01-20T23:43:42.091+0000] {dagbag.py:525} INFO - Filling up the DagBag from /home/airflow/.local/lib/python3.7/site-packages/airflow/example_dags/example_local_kubernetes_executor.py
[2023-01-20T23:43:42.108+0000] {processor.py:768} INFO - DAG(s) dict_keys(['example_local_kubernetes_executor']) retrieved from /home/airflow/.local/lib/python3.7/site-packages/airflow/example_dags/example_local_kubernetes_executor.py
[2023-01-20T23:43:42.137+0000] {logging_mixin.py:117} INFO - [2023-01-20T23:43:42.137+0000] {dag.py:2573} INFO - Sync 1 DAGs
[2023-01-20T23:43:42.152+0000] {logging_mixin.py:117} INFO - [2023-01-20T23:43:42.152+0000] {dag.py:3328} INFO - Setting next_dagrun for example_local_kubernetes_executor to None, run_after=None
[2023-01-20T23:43:42.164+0000] {processor.py:178} INFO - Processing /home/airflow/.local/lib/python3.7/site-packages/airflow/example_dags/example_local_kubernetes_executor.py took 0.077 seconds
[2023-01-20T23:44:12.456+0000] {processor.py:156} INFO - Started process (PID=552) to work on /home/airflow/.local/lib/python3.7/site-packages/airflow/example_dags/example_local_kubernetes_executor.py
[2023-01-20T23:44:12.458+0000] {processor.py:758} INFO - Processing file /home/airflow/.local/lib/python3.7/site-packages/airflow/example_dags/example_local_kubernetes_executor.py for tasks to queue
[2023-01-20T23:44:12.460+0000] {logging_mixin.py:117} INFO - [2023-01-20T23:44:12.460+0000] {dagbag.py:525} INFO - Filling up the DagBag from /home/airflow/.local/lib/python3.7/site-packages/airflow/example_dags/example_local_kubernetes_executor.py
[2023-01-20T23:44:12.484+0000] {processor.py:768} INFO - DAG(s) dict_keys(['example_local_kubernetes_executor']) retrieved from /home/airflow/.local/lib/python3.7/site-packages/airflow/example_dags/example_local_kubernetes_executor.py
[2023-01-20T23:44:12.512+0000] {logging_mixin.py:117} INFO - [2023-01-20T23:44:12.512+0000] {dag.py:2573} INFO - Sync 1 DAGs
[2023-01-20T23:44:12.525+0000] {logging_mixin.py:117} INFO - [2023-01-20T23:44:12.525+0000] {dag.py:3328} INFO - Setting next_dagrun for example_local_kubernetes_executor to None, run_after=None
[2023-01-20T23:44:12.536+0000] {processor.py:178} INFO - Processing /home/airflow/.local/lib/python3.7/site-packages/airflow/example_dags/example_local_kubernetes_executor.py took 0.086 seconds
[2023-01-20T23:44:42.784+0000] {processor.py:156} INFO - Started process (PID=615) to work on /home/airflow/.local/lib/python3.7/site-packages/airflow/example_dags/example_local_kubernetes_executor.py
[2023-01-20T23:44:42.785+0000] {processor.py:758} INFO - Processing file /home/airflow/.local/lib/python3.7/site-packages/airflow/example_dags/example_local_kubernetes_executor.py for tasks to queue
[2023-01-20T23:44:42.787+0000] {logging_mixin.py:117} INFO - [2023-01-20T23:44:42.786+0000] {dagbag.py:525} INFO - Filling up the DagBag from /home/airflow/.local/lib/python3.7/site-packages/airflow/example_dags/example_local_kubernetes_executor.py
[2023-01-20T23:44:42.810+0000] {processor.py:768} INFO - DAG(s) dict_keys(['example_local_kubernetes_executor']) retrieved from /home/airflow/.local/lib/python3.7/site-packages/airflow/example_dags/example_local_kubernetes_executor.py
[2023-01-20T23:44:42.837+0000] {logging_mixin.py:117} INFO - [2023-01-20T23:44:42.836+0000] {dag.py:2573} INFO - Sync 1 DAGs
[2023-01-20T23:44:42.850+0000] {logging_mixin.py:117} INFO - [2023-01-20T23:44:42.850+0000] {dag.py:3328} INFO - Setting next_dagrun for example_local_kubernetes_executor to None, run_after=None
[2023-01-20T23:44:42.862+0000] {processor.py:178} INFO - Processing /home/airflow/.local/lib/python3.7/site-packages/airflow/example_dags/example_local_kubernetes_executor.py took 0.083 seconds
[2023-01-20T23:45:13.145+0000] {processor.py:156} INFO - Started process (PID=678) to work on /home/airflow/.local/lib/python3.7/site-packages/airflow/example_dags/example_local_kubernetes_executor.py
[2023-01-20T23:45:13.147+0000] {processor.py:758} INFO - Processing file /home/airflow/.local/lib/python3.7/site-packages/airflow/example_dags/example_local_kubernetes_executor.py for tasks to queue
[2023-01-20T23:45:13.148+0000] {logging_mixin.py:117} INFO - [2023-01-20T23:45:13.148+0000] {dagbag.py:525} INFO - Filling up the DagBag from /home/airflow/.local/lib/python3.7/site-packages/airflow/example_dags/example_local_kubernetes_executor.py
[2023-01-20T23:45:13.178+0000] {processor.py:768} INFO - DAG(s) dict_keys(['example_local_kubernetes_executor']) retrieved from /home/airflow/.local/lib/python3.7/site-packages/airflow/example_dags/example_local_kubernetes_executor.py
[2023-01-20T23:45:13.215+0000] {logging_mixin.py:117} INFO - [2023-01-20T23:45:13.215+0000] {dag.py:2573} INFO - Sync 1 DAGs
[2023-01-20T23:45:13.234+0000] {logging_mixin.py:117} INFO - [2023-01-20T23:45:13.234+0000] {dag.py:3328} INFO - Setting next_dagrun for example_local_kubernetes_executor to None, run_after=None
[2023-01-20T23:45:13.251+0000] {processor.py:178} INFO - Processing /home/airflow/.local/lib/python3.7/site-packages/airflow/example_dags/example_local_kubernetes_executor.py took 0.108 seconds
[2023-01-20T23:45:43.435+0000] {processor.py:156} INFO - Started process (PID=741) to work on /home/airflow/.local/lib/python3.7/site-packages/airflow/example_dags/example_local_kubernetes_executor.py
[2023-01-20T23:45:43.437+0000] {processor.py:758} INFO - Processing file /home/airflow/.local/lib/python3.7/site-packages/airflow/example_dags/example_local_kubernetes_executor.py for tasks to queue
[2023-01-20T23:45:43.437+0000] {logging_mixin.py:117} INFO - [2023-01-20T23:45:43.437+0000] {dagbag.py:525} INFO - Filling up the DagBag from /home/airflow/.local/lib/python3.7/site-packages/airflow/example_dags/example_local_kubernetes_executor.py
[2023-01-20T23:45:43.453+0000] {processor.py:768} INFO - DAG(s) dict_keys(['example_local_kubernetes_executor']) retrieved from /home/airflow/.local/lib/python3.7/site-packages/airflow/example_dags/example_local_kubernetes_executor.py
[2023-01-20T23:45:43.488+0000] {logging_mixin.py:117} INFO - [2023-01-20T23:45:43.488+0000] {dag.py:2573} INFO - Sync 1 DAGs
[2023-01-20T23:45:43.507+0000] {logging_mixin.py:117} INFO - [2023-01-20T23:45:43.507+0000] {dag.py:3328} INFO - Setting next_dagrun for example_local_kubernetes_executor to None, run_after=None
[2023-01-20T23:45:43.523+0000] {processor.py:178} INFO - Processing /home/airflow/.local/lib/python3.7/site-packages/airflow/example_dags/example_local_kubernetes_executor.py took 0.091 seconds
[2023-01-20T23:46:13.841+0000] {processor.py:156} INFO - Started process (PID=804) to work on /home/airflow/.local/lib/python3.7/site-packages/airflow/example_dags/example_local_kubernetes_executor.py
[2023-01-20T23:46:13.843+0000] {processor.py:758} INFO - Processing file /home/airflow/.local/lib/python3.7/site-packages/airflow/example_dags/example_local_kubernetes_executor.py for tasks to queue
[2023-01-20T23:46:13.844+0000] {logging_mixin.py:117} INFO - [2023-01-20T23:46:13.844+0000] {dagbag.py:525} INFO - Filling up the DagBag from /home/airflow/.local/lib/python3.7/site-packages/airflow/example_dags/example_local_kubernetes_executor.py
[2023-01-20T23:46:13.867+0000] {processor.py:768} INFO - DAG(s) dict_keys(['example_local_kubernetes_executor']) retrieved from /home/airflow/.local/lib/python3.7/site-packages/airflow/example_dags/example_local_kubernetes_executor.py
[2023-01-20T23:46:13.896+0000] {logging_mixin.py:117} INFO - [2023-01-20T23:46:13.896+0000] {dag.py:2573} INFO - Sync 1 DAGs
[2023-01-20T23:46:13.910+0000] {logging_mixin.py:117} INFO - [2023-01-20T23:46:13.910+0000] {dag.py:3328} INFO - Setting next_dagrun for example_local_kubernetes_executor to None, run_after=None
[2023-01-20T23:46:13.920+0000] {processor.py:178} INFO - Processing /home/airflow/.local/lib/python3.7/site-packages/airflow/example_dags/example_local_kubernetes_executor.py took 0.085 seconds
[2023-01-20T23:46:44.241+0000] {processor.py:156} INFO - Started process (PID=858) to work on /home/airflow/.local/lib/python3.7/site-packages/airflow/example_dags/example_local_kubernetes_executor.py
[2023-01-20T23:46:44.243+0000] {processor.py:758} INFO - Processing file /home/airflow/.local/lib/python3.7/site-packages/airflow/example_dags/example_local_kubernetes_executor.py for tasks to queue
[2023-01-20T23:46:44.244+0000] {logging_mixin.py:117} INFO - [2023-01-20T23:46:44.244+0000] {dagbag.py:525} INFO - Filling up the DagBag from /home/airflow/.local/lib/python3.7/site-packages/airflow/example_dags/example_local_kubernetes_executor.py
[2023-01-20T23:46:44.268+0000] {processor.py:768} INFO - DAG(s) dict_keys(['example_local_kubernetes_executor']) retrieved from /home/airflow/.local/lib/python3.7/site-packages/airflow/example_dags/example_local_kubernetes_executor.py
[2023-01-20T23:46:44.300+0000] {logging_mixin.py:117} INFO - [2023-01-20T23:46:44.300+0000] {dag.py:2573} INFO - Sync 1 DAGs
[2023-01-20T23:46:44.319+0000] {logging_mixin.py:117} INFO - [2023-01-20T23:46:44.319+0000] {dag.py:3328} INFO - Setting next_dagrun for example_local_kubernetes_executor to None, run_after=None
[2023-01-20T23:46:44.333+0000] {processor.py:178} INFO - Processing /home/airflow/.local/lib/python3.7/site-packages/airflow/example_dags/example_local_kubernetes_executor.py took 0.096 seconds
[2023-01-20T23:47:14.813+0000] {processor.py:156} INFO - Started process (PID=921) to work on /home/airflow/.local/lib/python3.7/site-packages/airflow/example_dags/example_local_kubernetes_executor.py
[2023-01-20T23:47:14.815+0000] {processor.py:758} INFO - Processing file /home/airflow/.local/lib/python3.7/site-packages/airflow/example_dags/example_local_kubernetes_executor.py for tasks to queue
[2023-01-20T23:47:14.816+0000] {logging_mixin.py:117} INFO - [2023-01-20T23:47:14.816+0000] {dagbag.py:525} INFO - Filling up the DagBag from /home/airflow/.local/lib/python3.7/site-packages/airflow/example_dags/example_local_kubernetes_executor.py
[2023-01-20T23:47:14.842+0000] {processor.py:768} INFO - DAG(s) dict_keys(['example_local_kubernetes_executor']) retrieved from /home/airflow/.local/lib/python3.7/site-packages/airflow/example_dags/example_local_kubernetes_executor.py
[2023-01-20T23:47:14.871+0000] {logging_mixin.py:117} INFO - [2023-01-20T23:47:14.871+0000] {dag.py:2573} INFO - Sync 1 DAGs
[2023-01-20T23:47:14.893+0000] {logging_mixin.py:117} INFO - [2023-01-20T23:47:14.893+0000] {dag.py:3328} INFO - Setting next_dagrun for example_local_kubernetes_executor to None, run_after=None
[2023-01-20T23:47:14.907+0000] {processor.py:178} INFO - Processing /home/airflow/.local/lib/python3.7/site-packages/airflow/example_dags/example_local_kubernetes_executor.py took 0.099 seconds
[2023-01-20T23:47:45.322+0000] {processor.py:156} INFO - Started process (PID=984) to work on /home/airflow/.local/lib/python3.7/site-packages/airflow/example_dags/example_local_kubernetes_executor.py
[2023-01-20T23:47:45.324+0000] {processor.py:758} INFO - Processing file /home/airflow/.local/lib/python3.7/site-packages/airflow/example_dags/example_local_kubernetes_executor.py for tasks to queue
[2023-01-20T23:47:45.325+0000] {logging_mixin.py:117} INFO - [2023-01-20T23:47:45.325+0000] {dagbag.py:525} INFO - Filling up the DagBag from /home/airflow/.local/lib/python3.7/site-packages/airflow/example_dags/example_local_kubernetes_executor.py
[2023-01-20T23:47:45.348+0000] {processor.py:768} INFO - DAG(s) dict_keys(['example_local_kubernetes_executor']) retrieved from /home/airflow/.local/lib/python3.7/site-packages/airflow/example_dags/example_local_kubernetes_executor.py
[2023-01-20T23:47:45.376+0000] {logging_mixin.py:117} INFO - [2023-01-20T23:47:45.376+0000] {dag.py:2573} INFO - Sync 1 DAGs
[2023-01-20T23:47:45.391+0000] {logging_mixin.py:117} INFO - [2023-01-20T23:47:45.391+0000] {dag.py:3328} INFO - Setting next_dagrun for example_local_kubernetes_executor to None, run_after=None
[2023-01-20T23:47:45.405+0000] {processor.py:178} INFO - Processing /home/airflow/.local/lib/python3.7/site-packages/airflow/example_dags/example_local_kubernetes_executor.py took 0.090 seconds
[2023-01-20T23:48:15.782+0000] {processor.py:156} INFO - Started process (PID=1046) to work on /home/airflow/.local/lib/python3.7/site-packages/airflow/example_dags/example_local_kubernetes_executor.py
[2023-01-20T23:48:15.783+0000] {processor.py:758} INFO - Processing file /home/airflow/.local/lib/python3.7/site-packages/airflow/example_dags/example_local_kubernetes_executor.py for tasks to queue
[2023-01-20T23:48:15.784+0000] {logging_mixin.py:117} INFO - [2023-01-20T23:48:15.784+0000] {dagbag.py:525} INFO - Filling up the DagBag from /home/airflow/.local/lib/python3.7/site-packages/airflow/example_dags/example_local_kubernetes_executor.py
[2023-01-20T23:48:15.800+0000] {processor.py:768} INFO - DAG(s) dict_keys(['example_local_kubernetes_executor']) retrieved from /home/airflow/.local/lib/python3.7/site-packages/airflow/example_dags/example_local_kubernetes_executor.py
[2023-01-20T23:48:15.825+0000] {logging_mixin.py:117} INFO - [2023-01-20T23:48:15.825+0000] {dag.py:2573} INFO - Sync 1 DAGs
[2023-01-20T23:48:15.838+0000] {logging_mixin.py:117} INFO - [2023-01-20T23:48:15.838+0000] {dag.py:3328} INFO - Setting next_dagrun for example_local_kubernetes_executor to None, run_after=None
[2023-01-20T23:48:15.848+0000] {processor.py:178} INFO - Processing /home/airflow/.local/lib/python3.7/site-packages/airflow/example_dags/example_local_kubernetes_executor.py took 0.068 seconds
[2023-01-20T23:48:46.182+0000] {processor.py:156} INFO - Started process (PID=1109) to work on /home/airflow/.local/lib/python3.7/site-packages/airflow/example_dags/example_local_kubernetes_executor.py
[2023-01-20T23:48:46.184+0000] {processor.py:758} INFO - Processing file /home/airflow/.local/lib/python3.7/site-packages/airflow/example_dags/example_local_kubernetes_executor.py for tasks to queue
[2023-01-20T23:48:46.185+0000] {logging_mixin.py:117} INFO - [2023-01-20T23:48:46.185+0000] {dagbag.py:525} INFO - Filling up the DagBag from /home/airflow/.local/lib/python3.7/site-packages/airflow/example_dags/example_local_kubernetes_executor.py
[2023-01-20T23:48:46.208+0000] {processor.py:768} INFO - DAG(s) dict_keys(['example_local_kubernetes_executor']) retrieved from /home/airflow/.local/lib/python3.7/site-packages/airflow/example_dags/example_local_kubernetes_executor.py
[2023-01-20T23:48:46.236+0000] {logging_mixin.py:117} INFO - [2023-01-20T23:48:46.236+0000] {dag.py:2573} INFO - Sync 1 DAGs
[2023-01-20T23:48:46.250+0000] {logging_mixin.py:117} INFO - [2023-01-20T23:48:46.250+0000] {dag.py:3328} INFO - Setting next_dagrun for example_local_kubernetes_executor to None, run_after=None
[2023-01-20T23:48:46.262+0000] {processor.py:178} INFO - Processing /home/airflow/.local/lib/python3.7/site-packages/airflow/example_dags/example_local_kubernetes_executor.py took 0.086 seconds
[2023-01-20T23:49:16.479+0000] {processor.py:156} INFO - Started process (PID=1172) to work on /home/airflow/.local/lib/python3.7/site-packages/airflow/example_dags/example_local_kubernetes_executor.py
[2023-01-20T23:49:16.481+0000] {processor.py:758} INFO - Processing file /home/airflow/.local/lib/python3.7/site-packages/airflow/example_dags/example_local_kubernetes_executor.py for tasks to queue
[2023-01-20T23:49:16.482+0000] {logging_mixin.py:117} INFO - [2023-01-20T23:49:16.482+0000] {dagbag.py:525} INFO - Filling up the DagBag from /home/airflow/.local/lib/python3.7/site-packages/airflow/example_dags/example_local_kubernetes_executor.py
[2023-01-20T23:49:16.504+0000] {processor.py:768} INFO - DAG(s) dict_keys(['example_local_kubernetes_executor']) retrieved from /home/airflow/.local/lib/python3.7/site-packages/airflow/example_dags/example_local_kubernetes_executor.py
[2023-01-20T23:49:16.532+0000] {logging_mixin.py:117} INFO - [2023-01-20T23:49:16.532+0000] {dag.py:2573} INFO - Sync 1 DAGs
[2023-01-20T23:49:16.547+0000] {logging_mixin.py:117} INFO - [2023-01-20T23:49:16.547+0000] {dag.py:3328} INFO - Setting next_dagrun for example_local_kubernetes_executor to None, run_after=None
[2023-01-20T23:49:16.558+0000] {processor.py:178} INFO - Processing /home/airflow/.local/lib/python3.7/site-packages/airflow/example_dags/example_local_kubernetes_executor.py took 0.085 seconds
[2023-01-20T23:49:46.854+0000] {processor.py:156} INFO - Started process (PID=1233) to work on /home/airflow/.local/lib/python3.7/site-packages/airflow/example_dags/example_local_kubernetes_executor.py
[2023-01-20T23:49:46.856+0000] {processor.py:758} INFO - Processing file /home/airflow/.local/lib/python3.7/site-packages/airflow/example_dags/example_local_kubernetes_executor.py for tasks to queue
[2023-01-20T23:49:46.856+0000] {logging_mixin.py:117} INFO - [2023-01-20T23:49:46.856+0000] {dagbag.py:525} INFO - Filling up the DagBag from /home/airflow/.local/lib/python3.7/site-packages/airflow/example_dags/example_local_kubernetes_executor.py
[2023-01-20T23:49:46.872+0000] {processor.py:768} INFO - DAG(s) dict_keys(['example_local_kubernetes_executor']) retrieved from /home/airflow/.local/lib/python3.7/site-packages/airflow/example_dags/example_local_kubernetes_executor.py
[2023-01-20T23:49:46.902+0000] {logging_mixin.py:117} INFO - [2023-01-20T23:49:46.902+0000] {dag.py:2573} INFO - Sync 1 DAGs
[2023-01-20T23:49:46.916+0000] {logging_mixin.py:117} INFO - [2023-01-20T23:49:46.916+0000] {dag.py:3328} INFO - Setting next_dagrun for example_local_kubernetes_executor to None, run_after=None
[2023-01-20T23:49:46.928+0000] {processor.py:178} INFO - Processing /home/airflow/.local/lib/python3.7/site-packages/airflow/example_dags/example_local_kubernetes_executor.py took 0.078 seconds
[2023-01-20T23:50:17.200+0000] {processor.py:156} INFO - Started process (PID=1289) to work on /home/airflow/.local/lib/python3.7/site-packages/airflow/example_dags/example_local_kubernetes_executor.py
[2023-01-20T23:50:17.201+0000] {processor.py:758} INFO - Processing file /home/airflow/.local/lib/python3.7/site-packages/airflow/example_dags/example_local_kubernetes_executor.py for tasks to queue
[2023-01-20T23:50:17.202+0000] {logging_mixin.py:117} INFO - [2023-01-20T23:50:17.202+0000] {dagbag.py:525} INFO - Filling up the DagBag from /home/airflow/.local/lib/python3.7/site-packages/airflow/example_dags/example_local_kubernetes_executor.py
[2023-01-20T23:50:17.226+0000] {processor.py:768} INFO - DAG(s) dict_keys(['example_local_kubernetes_executor']) retrieved from /home/airflow/.local/lib/python3.7/site-packages/airflow/example_dags/example_local_kubernetes_executor.py
[2023-01-20T23:50:17.262+0000] {logging_mixin.py:117} INFO - [2023-01-20T23:50:17.262+0000] {dag.py:2573} INFO - Sync 1 DAGs
[2023-01-20T23:50:17.276+0000] {logging_mixin.py:117} INFO - [2023-01-20T23:50:17.276+0000] {dag.py:3328} INFO - Setting next_dagrun for example_local_kubernetes_executor to None, run_after=None
[2023-01-20T23:50:17.286+0000] {processor.py:178} INFO - Processing /home/airflow/.local/lib/python3.7/site-packages/airflow/example_dags/example_local_kubernetes_executor.py took 0.091 seconds
[2023-01-20T23:50:47.503+0000] {processor.py:156} INFO - Started process (PID=1352) to work on /home/airflow/.local/lib/python3.7/site-packages/airflow/example_dags/example_local_kubernetes_executor.py
[2023-01-20T23:50:47.505+0000] {processor.py:758} INFO - Processing file /home/airflow/.local/lib/python3.7/site-packages/airflow/example_dags/example_local_kubernetes_executor.py for tasks to queue
[2023-01-20T23:50:47.506+0000] {logging_mixin.py:117} INFO - [2023-01-20T23:50:47.506+0000] {dagbag.py:525} INFO - Filling up the DagBag from /home/airflow/.local/lib/python3.7/site-packages/airflow/example_dags/example_local_kubernetes_executor.py
[2023-01-20T23:50:47.528+0000] {processor.py:768} INFO - DAG(s) dict_keys(['example_local_kubernetes_executor']) retrieved from /home/airflow/.local/lib/python3.7/site-packages/airflow/example_dags/example_local_kubernetes_executor.py
[2023-01-20T23:50:47.555+0000] {logging_mixin.py:117} INFO - [2023-01-20T23:50:47.555+0000] {dag.py:2573} INFO - Sync 1 DAGs
[2023-01-20T23:50:47.569+0000] {logging_mixin.py:117} INFO - [2023-01-20T23:50:47.569+0000] {dag.py:3328} INFO - Setting next_dagrun for example_local_kubernetes_executor to None, run_after=None
[2023-01-20T23:50:47.580+0000] {processor.py:178} INFO - Processing /home/airflow/.local/lib/python3.7/site-packages/airflow/example_dags/example_local_kubernetes_executor.py took 0.080 seconds
[2023-01-20T23:51:17.914+0000] {processor.py:156} INFO - Started process (PID=1415) to work on /home/airflow/.local/lib/python3.7/site-packages/airflow/example_dags/example_local_kubernetes_executor.py
[2023-01-20T23:51:17.915+0000] {processor.py:758} INFO - Processing file /home/airflow/.local/lib/python3.7/site-packages/airflow/example_dags/example_local_kubernetes_executor.py for tasks to queue
[2023-01-20T23:51:17.916+0000] {logging_mixin.py:117} INFO - [2023-01-20T23:51:17.916+0000] {dagbag.py:525} INFO - Filling up the DagBag from /home/airflow/.local/lib/python3.7/site-packages/airflow/example_dags/example_local_kubernetes_executor.py
[2023-01-20T23:51:17.932+0000] {processor.py:768} INFO - DAG(s) dict_keys(['example_local_kubernetes_executor']) retrieved from /home/airflow/.local/lib/python3.7/site-packages/airflow/example_dags/example_local_kubernetes_executor.py
[2023-01-20T23:51:17.957+0000] {logging_mixin.py:117} INFO - [2023-01-20T23:51:17.957+0000] {dag.py:2573} INFO - Sync 1 DAGs
[2023-01-20T23:51:17.977+0000] {logging_mixin.py:117} INFO - [2023-01-20T23:51:17.977+0000] {dag.py:3328} INFO - Setting next_dagrun for example_local_kubernetes_executor to None, run_after=None
[2023-01-20T23:51:18.005+0000] {processor.py:178} INFO - Processing /home/airflow/.local/lib/python3.7/site-packages/airflow/example_dags/example_local_kubernetes_executor.py took 0.093 seconds
[2023-01-20T23:51:48.386+0000] {processor.py:156} INFO - Started process (PID=1479) to work on /home/airflow/.local/lib/python3.7/site-packages/airflow/example_dags/example_local_kubernetes_executor.py
[2023-01-20T23:51:48.388+0000] {processor.py:758} INFO - Processing file /home/airflow/.local/lib/python3.7/site-packages/airflow/example_dags/example_local_kubernetes_executor.py for tasks to queue
[2023-01-20T23:51:48.389+0000] {logging_mixin.py:117} INFO - [2023-01-20T23:51:48.389+0000] {dagbag.py:525} INFO - Filling up the DagBag from /home/airflow/.local/lib/python3.7/site-packages/airflow/example_dags/example_local_kubernetes_executor.py
[2023-01-20T23:51:48.416+0000] {processor.py:768} INFO - DAG(s) dict_keys(['example_local_kubernetes_executor']) retrieved from /home/airflow/.local/lib/python3.7/site-packages/airflow/example_dags/example_local_kubernetes_executor.py
[2023-01-20T23:51:48.468+0000] {logging_mixin.py:117} INFO - [2023-01-20T23:51:48.468+0000] {dag.py:2573} INFO - Sync 1 DAGs
[2023-01-20T23:51:48.490+0000] {logging_mixin.py:117} INFO - [2023-01-20T23:51:48.490+0000] {dag.py:3328} INFO - Setting next_dagrun for example_local_kubernetes_executor to None, run_after=None
[2023-01-20T23:51:48.509+0000] {processor.py:178} INFO - Processing /home/airflow/.local/lib/python3.7/site-packages/airflow/example_dags/example_local_kubernetes_executor.py took 0.128 seconds
[2023-01-20T23:52:19.007+0000] {processor.py:156} INFO - Started process (PID=1542) to work on /home/airflow/.local/lib/python3.7/site-packages/airflow/example_dags/example_local_kubernetes_executor.py
[2023-01-20T23:52:19.009+0000] {processor.py:758} INFO - Processing file /home/airflow/.local/lib/python3.7/site-packages/airflow/example_dags/example_local_kubernetes_executor.py for tasks to queue
[2023-01-20T23:52:19.010+0000] {logging_mixin.py:117} INFO - [2023-01-20T23:52:19.010+0000] {dagbag.py:525} INFO - Filling up the DagBag from /home/airflow/.local/lib/python3.7/site-packages/airflow/example_dags/example_local_kubernetes_executor.py
[2023-01-20T23:52:19.037+0000] {processor.py:768} INFO - DAG(s) dict_keys(['example_local_kubernetes_executor']) retrieved from /home/airflow/.local/lib/python3.7/site-packages/airflow/example_dags/example_local_kubernetes_executor.py
[2023-01-20T23:52:19.069+0000] {logging_mixin.py:117} INFO - [2023-01-20T23:52:19.069+0000] {dag.py:2573} INFO - Sync 1 DAGs
[2023-01-20T23:52:19.085+0000] {logging_mixin.py:117} INFO - [2023-01-20T23:52:19.084+0000] {dag.py:3328} INFO - Setting next_dagrun for example_local_kubernetes_executor to None, run_after=None
[2023-01-20T23:52:19.096+0000] {processor.py:178} INFO - Processing /home/airflow/.local/lib/python3.7/site-packages/airflow/example_dags/example_local_kubernetes_executor.py took 0.096 seconds
[2023-01-20T23:52:49.319+0000] {processor.py:156} INFO - Started process (PID=1601) to work on /home/airflow/.local/lib/python3.7/site-packages/airflow/example_dags/example_local_kubernetes_executor.py
[2023-01-20T23:52:49.322+0000] {processor.py:758} INFO - Processing file /home/airflow/.local/lib/python3.7/site-packages/airflow/example_dags/example_local_kubernetes_executor.py for tasks to queue
[2023-01-20T23:52:49.324+0000] {logging_mixin.py:117} INFO - [2023-01-20T23:52:49.324+0000] {dagbag.py:525} INFO - Filling up the DagBag from /home/airflow/.local/lib/python3.7/site-packages/airflow/example_dags/example_local_kubernetes_executor.py
[2023-01-20T23:52:49.355+0000] {processor.py:768} INFO - DAG(s) dict_keys(['example_local_kubernetes_executor']) retrieved from /home/airflow/.local/lib/python3.7/site-packages/airflow/example_dags/example_local_kubernetes_executor.py
[2023-01-20T23:52:49.392+0000] {logging_mixin.py:117} INFO - [2023-01-20T23:52:49.392+0000] {dag.py:2573} INFO - Sync 1 DAGs
[2023-01-20T23:52:49.409+0000] {logging_mixin.py:117} INFO - [2023-01-20T23:52:49.409+0000] {dag.py:3328} INFO - Setting next_dagrun for example_local_kubernetes_executor to None, run_after=None
[2023-01-20T23:52:49.423+0000] {processor.py:178} INFO - Processing /home/airflow/.local/lib/python3.7/site-packages/airflow/example_dags/example_local_kubernetes_executor.py took 0.109 seconds
[2023-01-20T23:53:19.793+0000] {processor.py:156} INFO - Started process (PID=1659) to work on /home/airflow/.local/lib/python3.7/site-packages/airflow/example_dags/example_local_kubernetes_executor.py
[2023-01-20T23:53:19.794+0000] {processor.py:758} INFO - Processing file /home/airflow/.local/lib/python3.7/site-packages/airflow/example_dags/example_local_kubernetes_executor.py for tasks to queue
[2023-01-20T23:53:19.795+0000] {logging_mixin.py:117} INFO - [2023-01-20T23:53:19.795+0000] {dagbag.py:525} INFO - Filling up the DagBag from /home/airflow/.local/lib/python3.7/site-packages/airflow/example_dags/example_local_kubernetes_executor.py
[2023-01-20T23:53:19.818+0000] {processor.py:768} INFO - DAG(s) dict_keys(['example_local_kubernetes_executor']) retrieved from /home/airflow/.local/lib/python3.7/site-packages/airflow/example_dags/example_local_kubernetes_executor.py
[2023-01-20T23:53:19.847+0000] {logging_mixin.py:117} INFO - [2023-01-20T23:53:19.847+0000] {dag.py:2573} INFO - Sync 1 DAGs
[2023-01-20T23:53:19.862+0000] {logging_mixin.py:117} INFO - [2023-01-20T23:53:19.862+0000] {dag.py:3328} INFO - Setting next_dagrun for example_local_kubernetes_executor to None, run_after=None
[2023-01-20T23:53:19.873+0000] {processor.py:178} INFO - Processing /home/airflow/.local/lib/python3.7/site-packages/airflow/example_dags/example_local_kubernetes_executor.py took 0.086 seconds
[2023-01-20T23:53:50.322+0000] {processor.py:156} INFO - Started process (PID=1723) to work on /home/airflow/.local/lib/python3.7/site-packages/airflow/example_dags/example_local_kubernetes_executor.py
[2023-01-20T23:53:50.324+0000] {processor.py:758} INFO - Processing file /home/airflow/.local/lib/python3.7/site-packages/airflow/example_dags/example_local_kubernetes_executor.py for tasks to queue
[2023-01-20T23:53:50.325+0000] {logging_mixin.py:117} INFO - [2023-01-20T23:53:50.325+0000] {dagbag.py:525} INFO - Filling up the DagBag from /home/airflow/.local/lib/python3.7/site-packages/airflow/example_dags/example_local_kubernetes_executor.py
[2023-01-20T23:53:50.345+0000] {processor.py:768} INFO - DAG(s) dict_keys(['example_local_kubernetes_executor']) retrieved from /home/airflow/.local/lib/python3.7/site-packages/airflow/example_dags/example_local_kubernetes_executor.py
[2023-01-20T23:53:50.382+0000] {logging_mixin.py:117} INFO - [2023-01-20T23:53:50.382+0000] {dag.py:2573} INFO - Sync 1 DAGs
[2023-01-20T23:53:50.404+0000] {logging_mixin.py:117} INFO - [2023-01-20T23:53:50.404+0000] {dag.py:3328} INFO - Setting next_dagrun for example_local_kubernetes_executor to None, run_after=None
[2023-01-20T23:53:50.427+0000] {processor.py:178} INFO - Processing /home/airflow/.local/lib/python3.7/site-packages/airflow/example_dags/example_local_kubernetes_executor.py took 0.109 seconds
[2023-01-20T23:54:20.720+0000] {processor.py:156} INFO - Started process (PID=1786) to work on /home/airflow/.local/lib/python3.7/site-packages/airflow/example_dags/example_local_kubernetes_executor.py
[2023-01-20T23:54:20.721+0000] {processor.py:758} INFO - Processing file /home/airflow/.local/lib/python3.7/site-packages/airflow/example_dags/example_local_kubernetes_executor.py for tasks to queue
[2023-01-20T23:54:20.723+0000] {logging_mixin.py:117} INFO - [2023-01-20T23:54:20.722+0000] {dagbag.py:525} INFO - Filling up the DagBag from /home/airflow/.local/lib/python3.7/site-packages/airflow/example_dags/example_local_kubernetes_executor.py
[2023-01-20T23:54:20.738+0000] {processor.py:768} INFO - DAG(s) dict_keys(['example_local_kubernetes_executor']) retrieved from /home/airflow/.local/lib/python3.7/site-packages/airflow/example_dags/example_local_kubernetes_executor.py
[2023-01-20T23:54:20.765+0000] {logging_mixin.py:117} INFO - [2023-01-20T23:54:20.765+0000] {dag.py:2573} INFO - Sync 1 DAGs
[2023-01-20T23:54:20.778+0000] {logging_mixin.py:117} INFO - [2023-01-20T23:54:20.778+0000] {dag.py:3328} INFO - Setting next_dagrun for example_local_kubernetes_executor to None, run_after=None
[2023-01-20T23:54:20.789+0000] {processor.py:178} INFO - Processing /home/airflow/.local/lib/python3.7/site-packages/airflow/example_dags/example_local_kubernetes_executor.py took 0.073 seconds
[2023-01-20T23:55:00.384+0000] {processor.py:156} INFO - Started process (PID=63) to work on /home/airflow/.local/lib/python3.7/site-packages/airflow/example_dags/example_local_kubernetes_executor.py
[2023-01-20T23:55:00.387+0000] {processor.py:758} INFO - Processing file /home/airflow/.local/lib/python3.7/site-packages/airflow/example_dags/example_local_kubernetes_executor.py for tasks to queue
[2023-01-20T23:55:00.390+0000] {logging_mixin.py:117} INFO - [2023-01-20T23:55:00.390+0000] {dagbag.py:525} INFO - Filling up the DagBag from /home/airflow/.local/lib/python3.7/site-packages/airflow/example_dags/example_local_kubernetes_executor.py
[2023-01-20T23:55:00.447+0000] {processor.py:768} INFO - DAG(s) dict_keys(['example_local_kubernetes_executor']) retrieved from /home/airflow/.local/lib/python3.7/site-packages/airflow/example_dags/example_local_kubernetes_executor.py
[2023-01-20T23:55:00.724+0000] {logging_mixin.py:117} INFO - [2023-01-20T23:55:00.724+0000] {dag.py:2573} INFO - Sync 1 DAGs
[2023-01-20T23:55:00.749+0000] {logging_mixin.py:117} INFO - [2023-01-20T23:55:00.749+0000] {dag.py:3328} INFO - Setting next_dagrun for example_local_kubernetes_executor to None, run_after=None
[2023-01-20T23:55:00.774+0000] {processor.py:178} INFO - Processing /home/airflow/.local/lib/python3.7/site-packages/airflow/example_dags/example_local_kubernetes_executor.py took 0.393 seconds
[2023-01-20T23:57:38.152+0000] {processor.py:156} INFO - Started process (PID=63) to work on /home/airflow/.local/lib/python3.7/site-packages/airflow/example_dags/example_local_kubernetes_executor.py
[2023-01-20T23:57:38.154+0000] {processor.py:758} INFO - Processing file /home/airflow/.local/lib/python3.7/site-packages/airflow/example_dags/example_local_kubernetes_executor.py for tasks to queue
[2023-01-20T23:57:38.155+0000] {logging_mixin.py:117} INFO - [2023-01-20T23:57:38.155+0000] {dagbag.py:525} INFO - Filling up the DagBag from /home/airflow/.local/lib/python3.7/site-packages/airflow/example_dags/example_local_kubernetes_executor.py
[2023-01-20T23:57:38.197+0000] {processor.py:768} INFO - DAG(s) dict_keys(['example_local_kubernetes_executor']) retrieved from /home/airflow/.local/lib/python3.7/site-packages/airflow/example_dags/example_local_kubernetes_executor.py
[2023-01-20T23:57:38.414+0000] {logging_mixin.py:117} INFO - [2023-01-20T23:57:38.414+0000] {dag.py:2573} INFO - Sync 1 DAGs
[2023-01-20T23:57:38.451+0000] {logging_mixin.py:117} INFO - [2023-01-20T23:57:38.451+0000] {dag.py:3328} INFO - Setting next_dagrun for example_local_kubernetes_executor to None, run_after=None
[2023-01-20T23:57:38.473+0000] {processor.py:178} INFO - Processing /home/airflow/.local/lib/python3.7/site-packages/airflow/example_dags/example_local_kubernetes_executor.py took 0.337 seconds
[2023-01-20T23:58:09.311+0000] {processor.py:156} INFO - Started process (PID=125) to work on /home/airflow/.local/lib/python3.7/site-packages/airflow/example_dags/example_local_kubernetes_executor.py
[2023-01-20T23:58:09.313+0000] {processor.py:758} INFO - Processing file /home/airflow/.local/lib/python3.7/site-packages/airflow/example_dags/example_local_kubernetes_executor.py for tasks to queue
[2023-01-20T23:58:09.315+0000] {logging_mixin.py:117} INFO - [2023-01-20T23:58:09.315+0000] {dagbag.py:525} INFO - Filling up the DagBag from /home/airflow/.local/lib/python3.7/site-packages/airflow/example_dags/example_local_kubernetes_executor.py
[2023-01-20T23:58:09.510+0000] {processor.py:768} INFO - DAG(s) dict_keys(['example_local_kubernetes_executor']) retrieved from /home/airflow/.local/lib/python3.7/site-packages/airflow/example_dags/example_local_kubernetes_executor.py
[2023-01-20T23:58:09.566+0000] {logging_mixin.py:117} INFO - [2023-01-20T23:58:09.566+0000] {dag.py:2573} INFO - Sync 1 DAGs
[2023-01-20T23:58:09.588+0000] {logging_mixin.py:117} INFO - [2023-01-20T23:58:09.588+0000] {dag.py:3328} INFO - Setting next_dagrun for example_local_kubernetes_executor to None, run_after=None
[2023-01-20T23:58:09.598+0000] {processor.py:178} INFO - Processing /home/airflow/.local/lib/python3.7/site-packages/airflow/example_dags/example_local_kubernetes_executor.py took 0.292 seconds
[2023-01-20T23:58:40.024+0000] {processor.py:156} INFO - Started process (PID=179) to work on /home/airflow/.local/lib/python3.7/site-packages/airflow/example_dags/example_local_kubernetes_executor.py
[2023-01-20T23:58:40.026+0000] {processor.py:758} INFO - Processing file /home/airflow/.local/lib/python3.7/site-packages/airflow/example_dags/example_local_kubernetes_executor.py for tasks to queue
[2023-01-20T23:58:40.028+0000] {logging_mixin.py:117} INFO - [2023-01-20T23:58:40.028+0000] {dagbag.py:525} INFO - Filling up the DagBag from /home/airflow/.local/lib/python3.7/site-packages/airflow/example_dags/example_local_kubernetes_executor.py
[2023-01-20T23:58:40.199+0000] {processor.py:768} INFO - DAG(s) dict_keys(['example_local_kubernetes_executor']) retrieved from /home/airflow/.local/lib/python3.7/site-packages/airflow/example_dags/example_local_kubernetes_executor.py
[2023-01-20T23:58:40.220+0000] {logging_mixin.py:117} INFO - [2023-01-20T23:58:40.220+0000] {dag.py:2573} INFO - Sync 1 DAGs
[2023-01-20T23:58:40.239+0000] {logging_mixin.py:117} INFO - [2023-01-20T23:58:40.239+0000] {dag.py:3328} INFO - Setting next_dagrun for example_local_kubernetes_executor to None, run_after=None
[2023-01-20T23:58:40.251+0000] {processor.py:178} INFO - Processing /home/airflow/.local/lib/python3.7/site-packages/airflow/example_dags/example_local_kubernetes_executor.py took 0.231 seconds
[2023-01-20T23:59:10.971+0000] {processor.py:156} INFO - Started process (PID=242) to work on /home/airflow/.local/lib/python3.7/site-packages/airflow/example_dags/example_local_kubernetes_executor.py
[2023-01-20T23:59:10.973+0000] {processor.py:758} INFO - Processing file /home/airflow/.local/lib/python3.7/site-packages/airflow/example_dags/example_local_kubernetes_executor.py for tasks to queue
[2023-01-20T23:59:10.975+0000] {logging_mixin.py:117} INFO - [2023-01-20T23:59:10.975+0000] {dagbag.py:525} INFO - Filling up the DagBag from /home/airflow/.local/lib/python3.7/site-packages/airflow/example_dags/example_local_kubernetes_executor.py
[2023-01-20T23:59:11.001+0000] {processor.py:768} INFO - DAG(s) dict_keys(['example_local_kubernetes_executor']) retrieved from /home/airflow/.local/lib/python3.7/site-packages/airflow/example_dags/example_local_kubernetes_executor.py
[2023-01-20T23:59:11.031+0000] {logging_mixin.py:117} INFO - [2023-01-20T23:59:11.031+0000] {dag.py:2573} INFO - Sync 1 DAGs
[2023-01-20T23:59:11.046+0000] {logging_mixin.py:117} INFO - [2023-01-20T23:59:11.046+0000] {dag.py:3328} INFO - Setting next_dagrun for example_local_kubernetes_executor to None, run_after=None
[2023-01-20T23:59:11.057+0000] {processor.py:178} INFO - Processing /home/airflow/.local/lib/python3.7/site-packages/airflow/example_dags/example_local_kubernetes_executor.py took 0.092 seconds
[2023-01-20T23:59:41.323+0000] {processor.py:156} INFO - Started process (PID=305) to work on /home/airflow/.local/lib/python3.7/site-packages/airflow/example_dags/example_local_kubernetes_executor.py
[2023-01-20T23:59:41.324+0000] {processor.py:758} INFO - Processing file /home/airflow/.local/lib/python3.7/site-packages/airflow/example_dags/example_local_kubernetes_executor.py for tasks to queue
[2023-01-20T23:59:41.326+0000] {logging_mixin.py:117} INFO - [2023-01-20T23:59:41.326+0000] {dagbag.py:525} INFO - Filling up the DagBag from /home/airflow/.local/lib/python3.7/site-packages/airflow/example_dags/example_local_kubernetes_executor.py
[2023-01-20T23:59:41.352+0000] {processor.py:768} INFO - DAG(s) dict_keys(['example_local_kubernetes_executor']) retrieved from /home/airflow/.local/lib/python3.7/site-packages/airflow/example_dags/example_local_kubernetes_executor.py
[2023-01-20T23:59:41.388+0000] {logging_mixin.py:117} INFO - [2023-01-20T23:59:41.388+0000] {dag.py:2573} INFO - Sync 1 DAGs
[2023-01-20T23:59:41.405+0000] {logging_mixin.py:117} INFO - [2023-01-20T23:59:41.405+0000] {dag.py:3328} INFO - Setting next_dagrun for example_local_kubernetes_executor to None, run_after=None
[2023-01-20T23:59:41.419+0000] {processor.py:178} INFO - Processing /home/airflow/.local/lib/python3.7/site-packages/airflow/example_dags/example_local_kubernetes_executor.py took 0.102 seconds
