[2023-01-20T23:40:08.979+0000] {processor.py:156} INFO - Started process (PID=68) to work on /home/airflow/.local/lib/python3.7/site-packages/airflow/example_dags/example_task_group_decorator.py
[2023-01-20T23:40:08.980+0000] {processor.py:758} INFO - Processing file /home/airflow/.local/lib/python3.7/site-packages/airflow/example_dags/example_task_group_decorator.py for tasks to queue
[2023-01-20T23:40:08.982+0000] {logging_mixin.py:117} INFO - [2023-01-20T23:40:08.982+0000] {dagbag.py:525} INFO - Filling up the DagBag from /home/airflow/.local/lib/python3.7/site-packages/airflow/example_dags/example_task_group_decorator.py
[2023-01-20T23:40:09.020+0000] {processor.py:768} INFO - DAG(s) dict_keys(['example_task_group_decorator']) retrieved from /home/airflow/.local/lib/python3.7/site-packages/airflow/example_dags/example_task_group_decorator.py
[2023-01-20T23:40:09.208+0000] {logging_mixin.py:117} INFO - [2023-01-20T23:40:09.208+0000] {dag.py:2573} INFO - Sync 1 DAGs
[2023-01-20T23:40:09.224+0000] {logging_mixin.py:117} INFO - [2023-01-20T23:40:09.224+0000] {dag.py:3328} INFO - Setting next_dagrun for example_task_group_decorator to 2023-01-19T23:40:09.223852+00:00, run_after=2023-01-20T23:40:09.223852+00:00
[2023-01-20T23:40:09.243+0000] {processor.py:178} INFO - Processing /home/airflow/.local/lib/python3.7/site-packages/airflow/example_dags/example_task_group_decorator.py took 0.269 seconds
[2023-01-20T23:40:39.633+0000] {processor.py:156} INFO - Started process (PID=132) to work on /home/airflow/.local/lib/python3.7/site-packages/airflow/example_dags/example_task_group_decorator.py
[2023-01-20T23:40:39.636+0000] {processor.py:758} INFO - Processing file /home/airflow/.local/lib/python3.7/site-packages/airflow/example_dags/example_task_group_decorator.py for tasks to queue
[2023-01-20T23:40:39.638+0000] {logging_mixin.py:117} INFO - [2023-01-20T23:40:39.638+0000] {dagbag.py:525} INFO - Filling up the DagBag from /home/airflow/.local/lib/python3.7/site-packages/airflow/example_dags/example_task_group_decorator.py
[2023-01-20T23:40:39.887+0000] {processor.py:768} INFO - DAG(s) dict_keys(['example_task_group_decorator']) retrieved from /home/airflow/.local/lib/python3.7/site-packages/airflow/example_dags/example_task_group_decorator.py
[2023-01-20T23:40:39.936+0000] {logging_mixin.py:117} INFO - [2023-01-20T23:40:39.936+0000] {dag.py:2573} INFO - Sync 1 DAGs
[2023-01-20T23:40:39.956+0000] {logging_mixin.py:117} INFO - [2023-01-20T23:40:39.956+0000] {dag.py:3328} INFO - Setting next_dagrun for example_task_group_decorator to 2023-01-19T23:40:39.956563+00:00, run_after=2023-01-20T23:40:39.956563+00:00
[2023-01-20T23:40:39.968+0000] {processor.py:178} INFO - Processing /home/airflow/.local/lib/python3.7/site-packages/airflow/example_dags/example_task_group_decorator.py took 0.341 seconds
[2023-01-20T23:41:10.019+0000] {processor.py:156} INFO - Started process (PID=187) to work on /home/airflow/.local/lib/python3.7/site-packages/airflow/example_dags/example_task_group_decorator.py
[2023-01-20T23:41:10.020+0000] {processor.py:758} INFO - Processing file /home/airflow/.local/lib/python3.7/site-packages/airflow/example_dags/example_task_group_decorator.py for tasks to queue
[2023-01-20T23:41:10.021+0000] {logging_mixin.py:117} INFO - [2023-01-20T23:41:10.021+0000] {dagbag.py:525} INFO - Filling up the DagBag from /home/airflow/.local/lib/python3.7/site-packages/airflow/example_dags/example_task_group_decorator.py
[2023-01-20T23:41:10.148+0000] {processor.py:768} INFO - DAG(s) dict_keys(['example_task_group_decorator']) retrieved from /home/airflow/.local/lib/python3.7/site-packages/airflow/example_dags/example_task_group_decorator.py
[2023-01-20T23:41:10.172+0000] {logging_mixin.py:117} INFO - [2023-01-20T23:41:10.172+0000] {dag.py:2573} INFO - Sync 1 DAGs
[2023-01-20T23:41:10.186+0000] {logging_mixin.py:117} INFO - [2023-01-20T23:41:10.186+0000] {dag.py:3328} INFO - Setting next_dagrun for example_task_group_decorator to 2023-01-19T23:41:10.186269+00:00, run_after=2023-01-20T23:41:10.186269+00:00
[2023-01-20T23:41:10.198+0000] {processor.py:178} INFO - Processing /home/airflow/.local/lib/python3.7/site-packages/airflow/example_dags/example_task_group_decorator.py took 0.182 seconds
[2023-01-20T23:41:40.491+0000] {processor.py:156} INFO - Started process (PID=250) to work on /home/airflow/.local/lib/python3.7/site-packages/airflow/example_dags/example_task_group_decorator.py
[2023-01-20T23:41:40.492+0000] {processor.py:758} INFO - Processing file /home/airflow/.local/lib/python3.7/site-packages/airflow/example_dags/example_task_group_decorator.py for tasks to queue
[2023-01-20T23:41:40.493+0000] {logging_mixin.py:117} INFO - [2023-01-20T23:41:40.493+0000] {dagbag.py:525} INFO - Filling up the DagBag from /home/airflow/.local/lib/python3.7/site-packages/airflow/example_dags/example_task_group_decorator.py
[2023-01-20T23:41:40.513+0000] {processor.py:768} INFO - DAG(s) dict_keys(['example_task_group_decorator']) retrieved from /home/airflow/.local/lib/python3.7/site-packages/airflow/example_dags/example_task_group_decorator.py
[2023-01-20T23:41:40.543+0000] {logging_mixin.py:117} INFO - [2023-01-20T23:41:40.543+0000] {dag.py:2573} INFO - Sync 1 DAGs
[2023-01-20T23:41:40.559+0000] {logging_mixin.py:117} INFO - [2023-01-20T23:41:40.559+0000] {dag.py:3328} INFO - Setting next_dagrun for example_task_group_decorator to 2023-01-19T23:41:40.559292+00:00, run_after=2023-01-20T23:41:40.559292+00:00
[2023-01-20T23:41:40.570+0000] {processor.py:178} INFO - Processing /home/airflow/.local/lib/python3.7/site-packages/airflow/example_dags/example_task_group_decorator.py took 0.082 seconds
[2023-01-20T23:42:10.904+0000] {processor.py:156} INFO - Started process (PID=313) to work on /home/airflow/.local/lib/python3.7/site-packages/airflow/example_dags/example_task_group_decorator.py
[2023-01-20T23:42:10.905+0000] {processor.py:758} INFO - Processing file /home/airflow/.local/lib/python3.7/site-packages/airflow/example_dags/example_task_group_decorator.py for tasks to queue
[2023-01-20T23:42:10.906+0000] {logging_mixin.py:117} INFO - [2023-01-20T23:42:10.906+0000] {dagbag.py:525} INFO - Filling up the DagBag from /home/airflow/.local/lib/python3.7/site-packages/airflow/example_dags/example_task_group_decorator.py
[2023-01-20T23:42:10.926+0000] {processor.py:768} INFO - DAG(s) dict_keys(['example_task_group_decorator']) retrieved from /home/airflow/.local/lib/python3.7/site-packages/airflow/example_dags/example_task_group_decorator.py
[2023-01-20T23:42:10.954+0000] {logging_mixin.py:117} INFO - [2023-01-20T23:42:10.954+0000] {dag.py:2573} INFO - Sync 1 DAGs
[2023-01-20T23:42:10.970+0000] {logging_mixin.py:117} INFO - [2023-01-20T23:42:10.970+0000] {dag.py:3328} INFO - Setting next_dagrun for example_task_group_decorator to 2023-01-19T23:42:10.970458+00:00, run_after=2023-01-20T23:42:10.970458+00:00
[2023-01-20T23:42:10.983+0000] {processor.py:178} INFO - Processing /home/airflow/.local/lib/python3.7/site-packages/airflow/example_dags/example_task_group_decorator.py took 0.082 seconds
[2023-01-20T23:42:41.673+0000] {processor.py:156} INFO - Started process (PID=376) to work on /home/airflow/.local/lib/python3.7/site-packages/airflow/example_dags/example_task_group_decorator.py
[2023-01-20T23:42:41.674+0000] {processor.py:758} INFO - Processing file /home/airflow/.local/lib/python3.7/site-packages/airflow/example_dags/example_task_group_decorator.py for tasks to queue
[2023-01-20T23:42:41.675+0000] {logging_mixin.py:117} INFO - [2023-01-20T23:42:41.675+0000] {dagbag.py:525} INFO - Filling up the DagBag from /home/airflow/.local/lib/python3.7/site-packages/airflow/example_dags/example_task_group_decorator.py
[2023-01-20T23:42:41.695+0000] {processor.py:768} INFO - DAG(s) dict_keys(['example_task_group_decorator']) retrieved from /home/airflow/.local/lib/python3.7/site-packages/airflow/example_dags/example_task_group_decorator.py
[2023-01-20T23:42:41.723+0000] {logging_mixin.py:117} INFO - [2023-01-20T23:42:41.723+0000] {dag.py:2573} INFO - Sync 1 DAGs
[2023-01-20T23:42:41.739+0000] {logging_mixin.py:117} INFO - [2023-01-20T23:42:41.739+0000] {dag.py:3328} INFO - Setting next_dagrun for example_task_group_decorator to 2023-01-19T23:42:41.738820+00:00, run_after=2023-01-20T23:42:41.738820+00:00
[2023-01-20T23:42:41.750+0000] {processor.py:178} INFO - Processing /home/airflow/.local/lib/python3.7/site-packages/airflow/example_dags/example_task_group_decorator.py took 0.080 seconds
[2023-01-20T23:43:12.420+0000] {processor.py:156} INFO - Started process (PID=440) to work on /home/airflow/.local/lib/python3.7/site-packages/airflow/example_dags/example_task_group_decorator.py
[2023-01-20T23:43:12.422+0000] {processor.py:758} INFO - Processing file /home/airflow/.local/lib/python3.7/site-packages/airflow/example_dags/example_task_group_decorator.py for tasks to queue
[2023-01-20T23:43:12.424+0000] {logging_mixin.py:117} INFO - [2023-01-20T23:43:12.424+0000] {dagbag.py:525} INFO - Filling up the DagBag from /home/airflow/.local/lib/python3.7/site-packages/airflow/example_dags/example_task_group_decorator.py
[2023-01-20T23:43:12.460+0000] {processor.py:768} INFO - DAG(s) dict_keys(['example_task_group_decorator']) retrieved from /home/airflow/.local/lib/python3.7/site-packages/airflow/example_dags/example_task_group_decorator.py
[2023-01-20T23:43:12.516+0000] {logging_mixin.py:117} INFO - [2023-01-20T23:43:12.516+0000] {dag.py:2573} INFO - Sync 1 DAGs
[2023-01-20T23:43:12.532+0000] {logging_mixin.py:117} INFO - [2023-01-20T23:43:12.532+0000] {dag.py:3328} INFO - Setting next_dagrun for example_task_group_decorator to 2023-01-19T23:43:12.532293+00:00, run_after=2023-01-20T23:43:12.532293+00:00
[2023-01-20T23:43:12.546+0000] {processor.py:178} INFO - Processing /home/airflow/.local/lib/python3.7/site-packages/airflow/example_dags/example_task_group_decorator.py took 0.137 seconds
[2023-01-20T23:43:43.337+0000] {processor.py:156} INFO - Started process (PID=503) to work on /home/airflow/.local/lib/python3.7/site-packages/airflow/example_dags/example_task_group_decorator.py
[2023-01-20T23:43:43.339+0000] {processor.py:758} INFO - Processing file /home/airflow/.local/lib/python3.7/site-packages/airflow/example_dags/example_task_group_decorator.py for tasks to queue
[2023-01-20T23:43:43.339+0000] {logging_mixin.py:117} INFO - [2023-01-20T23:43:43.339+0000] {dagbag.py:525} INFO - Filling up the DagBag from /home/airflow/.local/lib/python3.7/site-packages/airflow/example_dags/example_task_group_decorator.py
[2023-01-20T23:43:43.359+0000] {processor.py:768} INFO - DAG(s) dict_keys(['example_task_group_decorator']) retrieved from /home/airflow/.local/lib/python3.7/site-packages/airflow/example_dags/example_task_group_decorator.py
[2023-01-20T23:43:43.387+0000] {logging_mixin.py:117} INFO - [2023-01-20T23:43:43.387+0000] {dag.py:2573} INFO - Sync 1 DAGs
[2023-01-20T23:43:43.402+0000] {logging_mixin.py:117} INFO - [2023-01-20T23:43:43.402+0000] {dag.py:3328} INFO - Setting next_dagrun for example_task_group_decorator to 2023-01-19T23:43:43.401999+00:00, run_after=2023-01-20T23:43:43.401999+00:00
[2023-01-20T23:43:43.413+0000] {processor.py:178} INFO - Processing /home/airflow/.local/lib/python3.7/site-packages/airflow/example_dags/example_task_group_decorator.py took 0.079 seconds
[2023-01-20T23:44:13.780+0000] {processor.py:156} INFO - Started process (PID=557) to work on /home/airflow/.local/lib/python3.7/site-packages/airflow/example_dags/example_task_group_decorator.py
[2023-01-20T23:44:13.781+0000] {processor.py:758} INFO - Processing file /home/airflow/.local/lib/python3.7/site-packages/airflow/example_dags/example_task_group_decorator.py for tasks to queue
[2023-01-20T23:44:13.782+0000] {logging_mixin.py:117} INFO - [2023-01-20T23:44:13.782+0000] {dagbag.py:525} INFO - Filling up the DagBag from /home/airflow/.local/lib/python3.7/site-packages/airflow/example_dags/example_task_group_decorator.py
[2023-01-20T23:44:13.802+0000] {processor.py:768} INFO - DAG(s) dict_keys(['example_task_group_decorator']) retrieved from /home/airflow/.local/lib/python3.7/site-packages/airflow/example_dags/example_task_group_decorator.py
[2023-01-20T23:44:13.833+0000] {logging_mixin.py:117} INFO - [2023-01-20T23:44:13.832+0000] {dag.py:2573} INFO - Sync 1 DAGs
[2023-01-20T23:44:13.850+0000] {logging_mixin.py:117} INFO - [2023-01-20T23:44:13.850+0000] {dag.py:3328} INFO - Setting next_dagrun for example_task_group_decorator to 2023-01-19T23:44:13.849895+00:00, run_after=2023-01-20T23:44:13.849895+00:00
[2023-01-20T23:44:13.861+0000] {processor.py:178} INFO - Processing /home/airflow/.local/lib/python3.7/site-packages/airflow/example_dags/example_task_group_decorator.py took 0.084 seconds
[2023-01-20T23:44:44.137+0000] {processor.py:156} INFO - Started process (PID=620) to work on /home/airflow/.local/lib/python3.7/site-packages/airflow/example_dags/example_task_group_decorator.py
[2023-01-20T23:44:44.138+0000] {processor.py:758} INFO - Processing file /home/airflow/.local/lib/python3.7/site-packages/airflow/example_dags/example_task_group_decorator.py for tasks to queue
[2023-01-20T23:44:44.139+0000] {logging_mixin.py:117} INFO - [2023-01-20T23:44:44.139+0000] {dagbag.py:525} INFO - Filling up the DagBag from /home/airflow/.local/lib/python3.7/site-packages/airflow/example_dags/example_task_group_decorator.py
[2023-01-20T23:44:44.158+0000] {processor.py:768} INFO - DAG(s) dict_keys(['example_task_group_decorator']) retrieved from /home/airflow/.local/lib/python3.7/site-packages/airflow/example_dags/example_task_group_decorator.py
[2023-01-20T23:44:44.186+0000] {logging_mixin.py:117} INFO - [2023-01-20T23:44:44.186+0000] {dag.py:2573} INFO - Sync 1 DAGs
[2023-01-20T23:44:44.202+0000] {logging_mixin.py:117} INFO - [2023-01-20T23:44:44.202+0000] {dag.py:3328} INFO - Setting next_dagrun for example_task_group_decorator to 2023-01-19T23:44:44.201944+00:00, run_after=2023-01-20T23:44:44.201944+00:00
[2023-01-20T23:44:44.213+0000] {processor.py:178} INFO - Processing /home/airflow/.local/lib/python3.7/site-packages/airflow/example_dags/example_task_group_decorator.py took 0.078 seconds
[2023-01-20T23:45:14.528+0000] {processor.py:156} INFO - Started process (PID=683) to work on /home/airflow/.local/lib/python3.7/site-packages/airflow/example_dags/example_task_group_decorator.py
[2023-01-20T23:45:14.530+0000] {processor.py:758} INFO - Processing file /home/airflow/.local/lib/python3.7/site-packages/airflow/example_dags/example_task_group_decorator.py for tasks to queue
[2023-01-20T23:45:14.530+0000] {logging_mixin.py:117} INFO - [2023-01-20T23:45:14.530+0000] {dagbag.py:525} INFO - Filling up the DagBag from /home/airflow/.local/lib/python3.7/site-packages/airflow/example_dags/example_task_group_decorator.py
[2023-01-20T23:45:14.550+0000] {processor.py:768} INFO - DAG(s) dict_keys(['example_task_group_decorator']) retrieved from /home/airflow/.local/lib/python3.7/site-packages/airflow/example_dags/example_task_group_decorator.py
[2023-01-20T23:45:14.578+0000] {logging_mixin.py:117} INFO - [2023-01-20T23:45:14.578+0000] {dag.py:2573} INFO - Sync 1 DAGs
[2023-01-20T23:45:14.593+0000] {logging_mixin.py:117} INFO - [2023-01-20T23:45:14.593+0000] {dag.py:3328} INFO - Setting next_dagrun for example_task_group_decorator to 2023-01-19T23:45:14.593676+00:00, run_after=2023-01-20T23:45:14.593676+00:00
[2023-01-20T23:45:14.605+0000] {processor.py:178} INFO - Processing /home/airflow/.local/lib/python3.7/site-packages/airflow/example_dags/example_task_group_decorator.py took 0.079 seconds
[2023-01-20T23:45:44.786+0000] {processor.py:156} INFO - Started process (PID=746) to work on /home/airflow/.local/lib/python3.7/site-packages/airflow/example_dags/example_task_group_decorator.py
[2023-01-20T23:45:44.787+0000] {processor.py:758} INFO - Processing file /home/airflow/.local/lib/python3.7/site-packages/airflow/example_dags/example_task_group_decorator.py for tasks to queue
[2023-01-20T23:45:44.788+0000] {logging_mixin.py:117} INFO - [2023-01-20T23:45:44.788+0000] {dagbag.py:525} INFO - Filling up the DagBag from /home/airflow/.local/lib/python3.7/site-packages/airflow/example_dags/example_task_group_decorator.py
[2023-01-20T23:45:44.809+0000] {processor.py:768} INFO - DAG(s) dict_keys(['example_task_group_decorator']) retrieved from /home/airflow/.local/lib/python3.7/site-packages/airflow/example_dags/example_task_group_decorator.py
[2023-01-20T23:45:44.846+0000] {logging_mixin.py:117} INFO - [2023-01-20T23:45:44.846+0000] {dag.py:2573} INFO - Sync 1 DAGs
[2023-01-20T23:45:44.870+0000] {logging_mixin.py:117} INFO - [2023-01-20T23:45:44.870+0000] {dag.py:3328} INFO - Setting next_dagrun for example_task_group_decorator to 2023-01-19T23:45:44.869832+00:00, run_after=2023-01-20T23:45:44.869832+00:00
[2023-01-20T23:45:44.885+0000] {processor.py:178} INFO - Processing /home/airflow/.local/lib/python3.7/site-packages/airflow/example_dags/example_task_group_decorator.py took 0.101 seconds
[2023-01-20T23:46:15.174+0000] {processor.py:156} INFO - Started process (PID=809) to work on /home/airflow/.local/lib/python3.7/site-packages/airflow/example_dags/example_task_group_decorator.py
[2023-01-20T23:46:15.175+0000] {processor.py:758} INFO - Processing file /home/airflow/.local/lib/python3.7/site-packages/airflow/example_dags/example_task_group_decorator.py for tasks to queue
[2023-01-20T23:46:15.176+0000] {logging_mixin.py:117} INFO - [2023-01-20T23:46:15.176+0000] {dagbag.py:525} INFO - Filling up the DagBag from /home/airflow/.local/lib/python3.7/site-packages/airflow/example_dags/example_task_group_decorator.py
[2023-01-20T23:46:15.195+0000] {processor.py:768} INFO - DAG(s) dict_keys(['example_task_group_decorator']) retrieved from /home/airflow/.local/lib/python3.7/site-packages/airflow/example_dags/example_task_group_decorator.py
[2023-01-20T23:46:15.223+0000] {logging_mixin.py:117} INFO - [2023-01-20T23:46:15.223+0000] {dag.py:2573} INFO - Sync 1 DAGs
[2023-01-20T23:46:15.239+0000] {logging_mixin.py:117} INFO - [2023-01-20T23:46:15.239+0000] {dag.py:3328} INFO - Setting next_dagrun for example_task_group_decorator to 2023-01-19T23:46:15.239061+00:00, run_after=2023-01-20T23:46:15.239061+00:00
[2023-01-20T23:46:15.254+0000] {processor.py:178} INFO - Processing /home/airflow/.local/lib/python3.7/site-packages/airflow/example_dags/example_task_group_decorator.py took 0.082 seconds
[2023-01-20T23:46:45.640+0000] {processor.py:156} INFO - Started process (PID=872) to work on /home/airflow/.local/lib/python3.7/site-packages/airflow/example_dags/example_task_group_decorator.py
[2023-01-20T23:46:45.641+0000] {processor.py:758} INFO - Processing file /home/airflow/.local/lib/python3.7/site-packages/airflow/example_dags/example_task_group_decorator.py for tasks to queue
[2023-01-20T23:46:45.643+0000] {logging_mixin.py:117} INFO - [2023-01-20T23:46:45.643+0000] {dagbag.py:525} INFO - Filling up the DagBag from /home/airflow/.local/lib/python3.7/site-packages/airflow/example_dags/example_task_group_decorator.py
[2023-01-20T23:46:45.667+0000] {processor.py:768} INFO - DAG(s) dict_keys(['example_task_group_decorator']) retrieved from /home/airflow/.local/lib/python3.7/site-packages/airflow/example_dags/example_task_group_decorator.py
[2023-01-20T23:46:45.701+0000] {logging_mixin.py:117} INFO - [2023-01-20T23:46:45.701+0000] {dag.py:2573} INFO - Sync 1 DAGs
[2023-01-20T23:46:45.723+0000] {logging_mixin.py:117} INFO - [2023-01-20T23:46:45.723+0000] {dag.py:3328} INFO - Setting next_dagrun for example_task_group_decorator to 2023-01-19T23:46:45.722977+00:00, run_after=2023-01-20T23:46:45.722977+00:00
[2023-01-20T23:46:45.738+0000] {processor.py:178} INFO - Processing /home/airflow/.local/lib/python3.7/site-packages/airflow/example_dags/example_task_group_decorator.py took 0.101 seconds
[2023-01-20T23:47:16.178+0000] {processor.py:156} INFO - Started process (PID=926) to work on /home/airflow/.local/lib/python3.7/site-packages/airflow/example_dags/example_task_group_decorator.py
[2023-01-20T23:47:16.179+0000] {processor.py:758} INFO - Processing file /home/airflow/.local/lib/python3.7/site-packages/airflow/example_dags/example_task_group_decorator.py for tasks to queue
[2023-01-20T23:47:16.180+0000] {logging_mixin.py:117} INFO - [2023-01-20T23:47:16.180+0000] {dagbag.py:525} INFO - Filling up the DagBag from /home/airflow/.local/lib/python3.7/site-packages/airflow/example_dags/example_task_group_decorator.py
[2023-01-20T23:47:16.202+0000] {processor.py:768} INFO - DAG(s) dict_keys(['example_task_group_decorator']) retrieved from /home/airflow/.local/lib/python3.7/site-packages/airflow/example_dags/example_task_group_decorator.py
[2023-01-20T23:47:16.231+0000] {logging_mixin.py:117} INFO - [2023-01-20T23:47:16.231+0000] {dag.py:2573} INFO - Sync 1 DAGs
[2023-01-20T23:47:16.248+0000] {logging_mixin.py:117} INFO - [2023-01-20T23:47:16.248+0000] {dag.py:3328} INFO - Setting next_dagrun for example_task_group_decorator to 2023-01-19T23:47:16.248211+00:00, run_after=2023-01-20T23:47:16.248211+00:00
[2023-01-20T23:47:16.260+0000] {processor.py:178} INFO - Processing /home/airflow/.local/lib/python3.7/site-packages/airflow/example_dags/example_task_group_decorator.py took 0.085 seconds
[2023-01-20T23:47:46.688+0000] {processor.py:156} INFO - Started process (PID=989) to work on /home/airflow/.local/lib/python3.7/site-packages/airflow/example_dags/example_task_group_decorator.py
[2023-01-20T23:47:46.689+0000] {processor.py:758} INFO - Processing file /home/airflow/.local/lib/python3.7/site-packages/airflow/example_dags/example_task_group_decorator.py for tasks to queue
[2023-01-20T23:47:46.690+0000] {logging_mixin.py:117} INFO - [2023-01-20T23:47:46.690+0000] {dagbag.py:525} INFO - Filling up the DagBag from /home/airflow/.local/lib/python3.7/site-packages/airflow/example_dags/example_task_group_decorator.py
[2023-01-20T23:47:46.713+0000] {processor.py:768} INFO - DAG(s) dict_keys(['example_task_group_decorator']) retrieved from /home/airflow/.local/lib/python3.7/site-packages/airflow/example_dags/example_task_group_decorator.py
[2023-01-20T23:47:46.742+0000] {logging_mixin.py:117} INFO - [2023-01-20T23:47:46.742+0000] {dag.py:2573} INFO - Sync 1 DAGs
[2023-01-20T23:47:46.757+0000] {logging_mixin.py:117} INFO - [2023-01-20T23:47:46.757+0000] {dag.py:3328} INFO - Setting next_dagrun for example_task_group_decorator to 2023-01-19T23:47:46.757059+00:00, run_after=2023-01-20T23:47:46.757059+00:00
[2023-01-20T23:47:46.769+0000] {processor.py:178} INFO - Processing /home/airflow/.local/lib/python3.7/site-packages/airflow/example_dags/example_task_group_decorator.py took 0.084 seconds
[2023-01-20T23:48:17.110+0000] {processor.py:156} INFO - Started process (PID=1051) to work on /home/airflow/.local/lib/python3.7/site-packages/airflow/example_dags/example_task_group_decorator.py
[2023-01-20T23:48:17.111+0000] {processor.py:758} INFO - Processing file /home/airflow/.local/lib/python3.7/site-packages/airflow/example_dags/example_task_group_decorator.py for tasks to queue
[2023-01-20T23:48:17.112+0000] {logging_mixin.py:117} INFO - [2023-01-20T23:48:17.112+0000] {dagbag.py:525} INFO - Filling up the DagBag from /home/airflow/.local/lib/python3.7/site-packages/airflow/example_dags/example_task_group_decorator.py
[2023-01-20T23:48:17.131+0000] {processor.py:768} INFO - DAG(s) dict_keys(['example_task_group_decorator']) retrieved from /home/airflow/.local/lib/python3.7/site-packages/airflow/example_dags/example_task_group_decorator.py
[2023-01-20T23:48:17.162+0000] {logging_mixin.py:117} INFO - [2023-01-20T23:48:17.162+0000] {dag.py:2573} INFO - Sync 1 DAGs
[2023-01-20T23:48:17.178+0000] {logging_mixin.py:117} INFO - [2023-01-20T23:48:17.178+0000] {dag.py:3328} INFO - Setting next_dagrun for example_task_group_decorator to 2023-01-19T23:48:17.178599+00:00, run_after=2023-01-20T23:48:17.178599+00:00
[2023-01-20T23:48:17.190+0000] {processor.py:178} INFO - Processing /home/airflow/.local/lib/python3.7/site-packages/airflow/example_dags/example_task_group_decorator.py took 0.083 seconds
[2023-01-20T23:48:47.499+0000] {processor.py:156} INFO - Started process (PID=1114) to work on /home/airflow/.local/lib/python3.7/site-packages/airflow/example_dags/example_task_group_decorator.py
[2023-01-20T23:48:47.500+0000] {processor.py:758} INFO - Processing file /home/airflow/.local/lib/python3.7/site-packages/airflow/example_dags/example_task_group_decorator.py for tasks to queue
[2023-01-20T23:48:47.501+0000] {logging_mixin.py:117} INFO - [2023-01-20T23:48:47.501+0000] {dagbag.py:525} INFO - Filling up the DagBag from /home/airflow/.local/lib/python3.7/site-packages/airflow/example_dags/example_task_group_decorator.py
[2023-01-20T23:48:47.523+0000] {processor.py:768} INFO - DAG(s) dict_keys(['example_task_group_decorator']) retrieved from /home/airflow/.local/lib/python3.7/site-packages/airflow/example_dags/example_task_group_decorator.py
[2023-01-20T23:48:47.557+0000] {logging_mixin.py:117} INFO - [2023-01-20T23:48:47.557+0000] {dag.py:2573} INFO - Sync 1 DAGs
[2023-01-20T23:48:47.574+0000] {logging_mixin.py:117} INFO - [2023-01-20T23:48:47.574+0000] {dag.py:3328} INFO - Setting next_dagrun for example_task_group_decorator to 2023-01-19T23:48:47.573877+00:00, run_after=2023-01-20T23:48:47.573877+00:00
[2023-01-20T23:48:47.590+0000] {processor.py:178} INFO - Processing /home/airflow/.local/lib/python3.7/site-packages/airflow/example_dags/example_task_group_decorator.py took 0.093 seconds
[2023-01-20T23:49:17.840+0000] {processor.py:156} INFO - Started process (PID=1177) to work on /home/airflow/.local/lib/python3.7/site-packages/airflow/example_dags/example_task_group_decorator.py
[2023-01-20T23:49:17.842+0000] {processor.py:758} INFO - Processing file /home/airflow/.local/lib/python3.7/site-packages/airflow/example_dags/example_task_group_decorator.py for tasks to queue
[2023-01-20T23:49:17.843+0000] {logging_mixin.py:117} INFO - [2023-01-20T23:49:17.842+0000] {dagbag.py:525} INFO - Filling up the DagBag from /home/airflow/.local/lib/python3.7/site-packages/airflow/example_dags/example_task_group_decorator.py
[2023-01-20T23:49:17.862+0000] {processor.py:768} INFO - DAG(s) dict_keys(['example_task_group_decorator']) retrieved from /home/airflow/.local/lib/python3.7/site-packages/airflow/example_dags/example_task_group_decorator.py
[2023-01-20T23:49:17.890+0000] {logging_mixin.py:117} INFO - [2023-01-20T23:49:17.890+0000] {dag.py:2573} INFO - Sync 1 DAGs
[2023-01-20T23:49:17.906+0000] {logging_mixin.py:117} INFO - [2023-01-20T23:49:17.906+0000] {dag.py:3328} INFO - Setting next_dagrun for example_task_group_decorator to 2023-01-19T23:49:17.906228+00:00, run_after=2023-01-20T23:49:17.906228+00:00
[2023-01-20T23:49:17.917+0000] {processor.py:178} INFO - Processing /home/airflow/.local/lib/python3.7/site-packages/airflow/example_dags/example_task_group_decorator.py took 0.079 seconds
[2023-01-20T23:49:48.193+0000] {processor.py:156} INFO - Started process (PID=1240) to work on /home/airflow/.local/lib/python3.7/site-packages/airflow/example_dags/example_task_group_decorator.py
[2023-01-20T23:49:48.196+0000] {processor.py:758} INFO - Processing file /home/airflow/.local/lib/python3.7/site-packages/airflow/example_dags/example_task_group_decorator.py for tasks to queue
[2023-01-20T23:49:48.197+0000] {logging_mixin.py:117} INFO - [2023-01-20T23:49:48.197+0000] {dagbag.py:525} INFO - Filling up the DagBag from /home/airflow/.local/lib/python3.7/site-packages/airflow/example_dags/example_task_group_decorator.py
[2023-01-20T23:49:48.221+0000] {processor.py:768} INFO - DAG(s) dict_keys(['example_task_group_decorator']) retrieved from /home/airflow/.local/lib/python3.7/site-packages/airflow/example_dags/example_task_group_decorator.py
[2023-01-20T23:49:48.253+0000] {logging_mixin.py:117} INFO - [2023-01-20T23:49:48.253+0000] {dag.py:2573} INFO - Sync 1 DAGs
[2023-01-20T23:49:48.270+0000] {logging_mixin.py:117} INFO - [2023-01-20T23:49:48.270+0000] {dag.py:3328} INFO - Setting next_dagrun for example_task_group_decorator to 2023-01-19T23:49:48.270250+00:00, run_after=2023-01-20T23:49:48.270250+00:00
[2023-01-20T23:49:48.282+0000] {processor.py:178} INFO - Processing /home/airflow/.local/lib/python3.7/site-packages/airflow/example_dags/example_task_group_decorator.py took 0.093 seconds
[2023-01-20T23:50:18.547+0000] {processor.py:156} INFO - Started process (PID=1294) to work on /home/airflow/.local/lib/python3.7/site-packages/airflow/example_dags/example_task_group_decorator.py
[2023-01-20T23:50:18.549+0000] {processor.py:758} INFO - Processing file /home/airflow/.local/lib/python3.7/site-packages/airflow/example_dags/example_task_group_decorator.py for tasks to queue
[2023-01-20T23:50:18.550+0000] {logging_mixin.py:117} INFO - [2023-01-20T23:50:18.550+0000] {dagbag.py:525} INFO - Filling up the DagBag from /home/airflow/.local/lib/python3.7/site-packages/airflow/example_dags/example_task_group_decorator.py
[2023-01-20T23:50:18.570+0000] {processor.py:768} INFO - DAG(s) dict_keys(['example_task_group_decorator']) retrieved from /home/airflow/.local/lib/python3.7/site-packages/airflow/example_dags/example_task_group_decorator.py
[2023-01-20T23:50:18.599+0000] {logging_mixin.py:117} INFO - [2023-01-20T23:50:18.599+0000] {dag.py:2573} INFO - Sync 1 DAGs
[2023-01-20T23:50:18.614+0000] {logging_mixin.py:117} INFO - [2023-01-20T23:50:18.614+0000] {dag.py:3328} INFO - Setting next_dagrun for example_task_group_decorator to 2023-01-19T23:50:18.614329+00:00, run_after=2023-01-20T23:50:18.614329+00:00
[2023-01-20T23:50:18.625+0000] {processor.py:178} INFO - Processing /home/airflow/.local/lib/python3.7/site-packages/airflow/example_dags/example_task_group_decorator.py took 0.081 seconds
[2023-01-20T23:50:48.836+0000] {processor.py:156} INFO - Started process (PID=1357) to work on /home/airflow/.local/lib/python3.7/site-packages/airflow/example_dags/example_task_group_decorator.py
[2023-01-20T23:50:48.838+0000] {processor.py:758} INFO - Processing file /home/airflow/.local/lib/python3.7/site-packages/airflow/example_dags/example_task_group_decorator.py for tasks to queue
[2023-01-20T23:50:48.838+0000] {logging_mixin.py:117} INFO - [2023-01-20T23:50:48.838+0000] {dagbag.py:525} INFO - Filling up the DagBag from /home/airflow/.local/lib/python3.7/site-packages/airflow/example_dags/example_task_group_decorator.py
[2023-01-20T23:50:48.857+0000] {processor.py:768} INFO - DAG(s) dict_keys(['example_task_group_decorator']) retrieved from /home/airflow/.local/lib/python3.7/site-packages/airflow/example_dags/example_task_group_decorator.py
[2023-01-20T23:50:48.892+0000] {logging_mixin.py:117} INFO - [2023-01-20T23:50:48.892+0000] {dag.py:2573} INFO - Sync 1 DAGs
[2023-01-20T23:50:48.910+0000] {logging_mixin.py:117} INFO - [2023-01-20T23:50:48.910+0000] {dag.py:3328} INFO - Setting next_dagrun for example_task_group_decorator to 2023-01-19T23:50:48.910524+00:00, run_after=2023-01-20T23:50:48.910524+00:00
[2023-01-20T23:50:48.923+0000] {processor.py:178} INFO - Processing /home/airflow/.local/lib/python3.7/site-packages/airflow/example_dags/example_task_group_decorator.py took 0.089 seconds
[2023-01-20T23:51:19.271+0000] {processor.py:156} INFO - Started process (PID=1420) to work on /home/airflow/.local/lib/python3.7/site-packages/airflow/example_dags/example_task_group_decorator.py
[2023-01-20T23:51:19.273+0000] {processor.py:758} INFO - Processing file /home/airflow/.local/lib/python3.7/site-packages/airflow/example_dags/example_task_group_decorator.py for tasks to queue
[2023-01-20T23:51:19.273+0000] {logging_mixin.py:117} INFO - [2023-01-20T23:51:19.273+0000] {dagbag.py:525} INFO - Filling up the DagBag from /home/airflow/.local/lib/python3.7/site-packages/airflow/example_dags/example_task_group_decorator.py
[2023-01-20T23:51:19.296+0000] {processor.py:768} INFO - DAG(s) dict_keys(['example_task_group_decorator']) retrieved from /home/airflow/.local/lib/python3.7/site-packages/airflow/example_dags/example_task_group_decorator.py
[2023-01-20T23:51:19.332+0000] {logging_mixin.py:117} INFO - [2023-01-20T23:51:19.332+0000] {dag.py:2573} INFO - Sync 1 DAGs
[2023-01-20T23:51:19.351+0000] {logging_mixin.py:117} INFO - [2023-01-20T23:51:19.351+0000] {dag.py:3328} INFO - Setting next_dagrun for example_task_group_decorator to 2023-01-19T23:51:19.351246+00:00, run_after=2023-01-20T23:51:19.351246+00:00
[2023-01-20T23:51:19.369+0000] {processor.py:178} INFO - Processing /home/airflow/.local/lib/python3.7/site-packages/airflow/example_dags/example_task_group_decorator.py took 0.100 seconds
[2023-01-20T23:51:49.818+0000] {processor.py:156} INFO - Started process (PID=1484) to work on /home/airflow/.local/lib/python3.7/site-packages/airflow/example_dags/example_task_group_decorator.py
[2023-01-20T23:51:49.821+0000] {processor.py:758} INFO - Processing file /home/airflow/.local/lib/python3.7/site-packages/airflow/example_dags/example_task_group_decorator.py for tasks to queue
[2023-01-20T23:51:49.822+0000] {logging_mixin.py:117} INFO - [2023-01-20T23:51:49.822+0000] {dagbag.py:525} INFO - Filling up the DagBag from /home/airflow/.local/lib/python3.7/site-packages/airflow/example_dags/example_task_group_decorator.py
[2023-01-20T23:51:49.846+0000] {processor.py:768} INFO - DAG(s) dict_keys(['example_task_group_decorator']) retrieved from /home/airflow/.local/lib/python3.7/site-packages/airflow/example_dags/example_task_group_decorator.py
[2023-01-20T23:51:49.881+0000] {logging_mixin.py:117} INFO - [2023-01-20T23:51:49.880+0000] {dag.py:2573} INFO - Sync 1 DAGs
[2023-01-20T23:51:49.897+0000] {logging_mixin.py:117} INFO - [2023-01-20T23:51:49.897+0000] {dag.py:3328} INFO - Setting next_dagrun for example_task_group_decorator to 2023-01-19T23:51:49.896969+00:00, run_after=2023-01-20T23:51:49.896969+00:00
[2023-01-20T23:51:49.913+0000] {processor.py:178} INFO - Processing /home/airflow/.local/lib/python3.7/site-packages/airflow/example_dags/example_task_group_decorator.py took 0.098 seconds
[2023-01-20T23:52:20.342+0000] {processor.py:156} INFO - Started process (PID=1547) to work on /home/airflow/.local/lib/python3.7/site-packages/airflow/example_dags/example_task_group_decorator.py
[2023-01-20T23:52:20.343+0000] {processor.py:758} INFO - Processing file /home/airflow/.local/lib/python3.7/site-packages/airflow/example_dags/example_task_group_decorator.py for tasks to queue
[2023-01-20T23:52:20.343+0000] {logging_mixin.py:117} INFO - [2023-01-20T23:52:20.343+0000] {dagbag.py:525} INFO - Filling up the DagBag from /home/airflow/.local/lib/python3.7/site-packages/airflow/example_dags/example_task_group_decorator.py
[2023-01-20T23:52:20.363+0000] {processor.py:768} INFO - DAG(s) dict_keys(['example_task_group_decorator']) retrieved from /home/airflow/.local/lib/python3.7/site-packages/airflow/example_dags/example_task_group_decorator.py
[2023-01-20T23:52:20.392+0000] {logging_mixin.py:117} INFO - [2023-01-20T23:52:20.392+0000] {dag.py:2573} INFO - Sync 1 DAGs
[2023-01-20T23:52:20.407+0000] {logging_mixin.py:117} INFO - [2023-01-20T23:52:20.407+0000] {dag.py:3328} INFO - Setting next_dagrun for example_task_group_decorator to 2023-01-19T23:52:20.407596+00:00, run_after=2023-01-20T23:52:20.407596+00:00
[2023-01-20T23:52:20.419+0000] {processor.py:178} INFO - Processing /home/airflow/.local/lib/python3.7/site-packages/airflow/example_dags/example_task_group_decorator.py took 0.081 seconds
[2023-01-20T23:52:50.697+0000] {processor.py:156} INFO - Started process (PID=1610) to work on /home/airflow/.local/lib/python3.7/site-packages/airflow/example_dags/example_task_group_decorator.py
[2023-01-20T23:52:50.699+0000] {processor.py:758} INFO - Processing file /home/airflow/.local/lib/python3.7/site-packages/airflow/example_dags/example_task_group_decorator.py for tasks to queue
[2023-01-20T23:52:50.700+0000] {logging_mixin.py:117} INFO - [2023-01-20T23:52:50.700+0000] {dagbag.py:525} INFO - Filling up the DagBag from /home/airflow/.local/lib/python3.7/site-packages/airflow/example_dags/example_task_group_decorator.py
[2023-01-20T23:52:50.720+0000] {processor.py:768} INFO - DAG(s) dict_keys(['example_task_group_decorator']) retrieved from /home/airflow/.local/lib/python3.7/site-packages/airflow/example_dags/example_task_group_decorator.py
[2023-01-20T23:52:50.748+0000] {logging_mixin.py:117} INFO - [2023-01-20T23:52:50.748+0000] {dag.py:2573} INFO - Sync 1 DAGs
[2023-01-20T23:52:50.764+0000] {logging_mixin.py:117} INFO - [2023-01-20T23:52:50.764+0000] {dag.py:3328} INFO - Setting next_dagrun for example_task_group_decorator to 2023-01-19T23:52:50.764125+00:00, run_after=2023-01-20T23:52:50.764125+00:00
[2023-01-20T23:52:50.780+0000] {processor.py:178} INFO - Processing /home/airflow/.local/lib/python3.7/site-packages/airflow/example_dags/example_task_group_decorator.py took 0.085 seconds
[2023-01-20T23:53:21.203+0000] {processor.py:156} INFO - Started process (PID=1664) to work on /home/airflow/.local/lib/python3.7/site-packages/airflow/example_dags/example_task_group_decorator.py
[2023-01-20T23:53:21.205+0000] {processor.py:758} INFO - Processing file /home/airflow/.local/lib/python3.7/site-packages/airflow/example_dags/example_task_group_decorator.py for tasks to queue
[2023-01-20T23:53:21.206+0000] {logging_mixin.py:117} INFO - [2023-01-20T23:53:21.206+0000] {dagbag.py:525} INFO - Filling up the DagBag from /home/airflow/.local/lib/python3.7/site-packages/airflow/example_dags/example_task_group_decorator.py
[2023-01-20T23:53:21.236+0000] {processor.py:768} INFO - DAG(s) dict_keys(['example_task_group_decorator']) retrieved from /home/airflow/.local/lib/python3.7/site-packages/airflow/example_dags/example_task_group_decorator.py
[2023-01-20T23:53:21.268+0000] {logging_mixin.py:117} INFO - [2023-01-20T23:53:21.268+0000] {dag.py:2573} INFO - Sync 1 DAGs
[2023-01-20T23:53:21.287+0000] {logging_mixin.py:117} INFO - [2023-01-20T23:53:21.287+0000] {dag.py:3328} INFO - Setting next_dagrun for example_task_group_decorator to 2023-01-19T23:53:21.287189+00:00, run_after=2023-01-20T23:53:21.287189+00:00
[2023-01-20T23:53:21.300+0000] {processor.py:178} INFO - Processing /home/airflow/.local/lib/python3.7/site-packages/airflow/example_dags/example_task_group_decorator.py took 0.101 seconds
[2023-01-20T23:53:51.689+0000] {processor.py:156} INFO - Started process (PID=1728) to work on /home/airflow/.local/lib/python3.7/site-packages/airflow/example_dags/example_task_group_decorator.py
[2023-01-20T23:53:51.690+0000] {processor.py:758} INFO - Processing file /home/airflow/.local/lib/python3.7/site-packages/airflow/example_dags/example_task_group_decorator.py for tasks to queue
[2023-01-20T23:53:51.691+0000] {logging_mixin.py:117} INFO - [2023-01-20T23:53:51.691+0000] {dagbag.py:525} INFO - Filling up the DagBag from /home/airflow/.local/lib/python3.7/site-packages/airflow/example_dags/example_task_group_decorator.py
[2023-01-20T23:53:51.712+0000] {processor.py:768} INFO - DAG(s) dict_keys(['example_task_group_decorator']) retrieved from /home/airflow/.local/lib/python3.7/site-packages/airflow/example_dags/example_task_group_decorator.py
[2023-01-20T23:53:51.741+0000] {logging_mixin.py:117} INFO - [2023-01-20T23:53:51.741+0000] {dag.py:2573} INFO - Sync 1 DAGs
[2023-01-20T23:53:51.761+0000] {logging_mixin.py:117} INFO - [2023-01-20T23:53:51.761+0000] {dag.py:3328} INFO - Setting next_dagrun for example_task_group_decorator to 2023-01-19T23:53:51.761024+00:00, run_after=2023-01-20T23:53:51.761024+00:00
[2023-01-20T23:53:51.773+0000] {processor.py:178} INFO - Processing /home/airflow/.local/lib/python3.7/site-packages/airflow/example_dags/example_task_group_decorator.py took 0.087 seconds
[2023-01-20T23:54:22.048+0000] {processor.py:156} INFO - Started process (PID=1791) to work on /home/airflow/.local/lib/python3.7/site-packages/airflow/example_dags/example_task_group_decorator.py
[2023-01-20T23:54:22.051+0000] {processor.py:758} INFO - Processing file /home/airflow/.local/lib/python3.7/site-packages/airflow/example_dags/example_task_group_decorator.py for tasks to queue
[2023-01-20T23:54:22.052+0000] {logging_mixin.py:117} INFO - [2023-01-20T23:54:22.052+0000] {dagbag.py:525} INFO - Filling up the DagBag from /home/airflow/.local/lib/python3.7/site-packages/airflow/example_dags/example_task_group_decorator.py
[2023-01-20T23:54:22.072+0000] {processor.py:768} INFO - DAG(s) dict_keys(['example_task_group_decorator']) retrieved from /home/airflow/.local/lib/python3.7/site-packages/airflow/example_dags/example_task_group_decorator.py
[2023-01-20T23:54:22.101+0000] {logging_mixin.py:117} INFO - [2023-01-20T23:54:22.100+0000] {dag.py:2573} INFO - Sync 1 DAGs
[2023-01-20T23:54:22.117+0000] {logging_mixin.py:117} INFO - [2023-01-20T23:54:22.117+0000] {dag.py:3328} INFO - Setting next_dagrun for example_task_group_decorator to 2023-01-19T23:54:22.116871+00:00, run_after=2023-01-20T23:54:22.116871+00:00
[2023-01-20T23:54:22.128+0000] {processor.py:178} INFO - Processing /home/airflow/.local/lib/python3.7/site-packages/airflow/example_dags/example_task_group_decorator.py took 0.083 seconds
[2023-01-20T23:55:02.025+0000] {processor.py:156} INFO - Started process (PID=68) to work on /home/airflow/.local/lib/python3.7/site-packages/airflow/example_dags/example_task_group_decorator.py
[2023-01-20T23:55:02.027+0000] {processor.py:758} INFO - Processing file /home/airflow/.local/lib/python3.7/site-packages/airflow/example_dags/example_task_group_decorator.py for tasks to queue
[2023-01-20T23:55:02.028+0000] {logging_mixin.py:117} INFO - [2023-01-20T23:55:02.028+0000] {dagbag.py:525} INFO - Filling up the DagBag from /home/airflow/.local/lib/python3.7/site-packages/airflow/example_dags/example_task_group_decorator.py
[2023-01-20T23:55:02.055+0000] {processor.py:768} INFO - DAG(s) dict_keys(['example_task_group_decorator']) retrieved from /home/airflow/.local/lib/python3.7/site-packages/airflow/example_dags/example_task_group_decorator.py
[2023-01-20T23:55:02.265+0000] {logging_mixin.py:117} INFO - [2023-01-20T23:55:02.265+0000] {dag.py:2573} INFO - Sync 1 DAGs
[2023-01-20T23:55:02.283+0000] {logging_mixin.py:117} INFO - [2023-01-20T23:55:02.283+0000] {dag.py:3328} INFO - Setting next_dagrun for example_task_group_decorator to 2023-01-19T23:55:02.283378+00:00, run_after=2023-01-20T23:55:02.283378+00:00
[2023-01-20T23:55:02.305+0000] {processor.py:178} INFO - Processing /home/airflow/.local/lib/python3.7/site-packages/airflow/example_dags/example_task_group_decorator.py took 0.283 seconds
[2023-01-20T23:57:38.922+0000] {processor.py:156} INFO - Started process (PID=68) to work on /home/airflow/.local/lib/python3.7/site-packages/airflow/example_dags/example_task_group_decorator.py
[2023-01-20T23:57:38.924+0000] {processor.py:758} INFO - Processing file /home/airflow/.local/lib/python3.7/site-packages/airflow/example_dags/example_task_group_decorator.py for tasks to queue
[2023-01-20T23:57:38.925+0000] {logging_mixin.py:117} INFO - [2023-01-20T23:57:38.924+0000] {dagbag.py:525} INFO - Filling up the DagBag from /home/airflow/.local/lib/python3.7/site-packages/airflow/example_dags/example_task_group_decorator.py
[2023-01-20T23:57:38.951+0000] {processor.py:768} INFO - DAG(s) dict_keys(['example_task_group_decorator']) retrieved from /home/airflow/.local/lib/python3.7/site-packages/airflow/example_dags/example_task_group_decorator.py
[2023-01-20T23:57:39.085+0000] {logging_mixin.py:117} INFO - [2023-01-20T23:57:39.085+0000] {dag.py:2573} INFO - Sync 1 DAGs
[2023-01-20T23:57:39.101+0000] {logging_mixin.py:117} INFO - [2023-01-20T23:57:39.101+0000] {dag.py:3328} INFO - Setting next_dagrun for example_task_group_decorator to 2023-01-19T23:57:39.101206+00:00, run_after=2023-01-20T23:57:39.101206+00:00
[2023-01-20T23:57:39.116+0000] {processor.py:178} INFO - Processing /home/airflow/.local/lib/python3.7/site-packages/airflow/example_dags/example_task_group_decorator.py took 0.196 seconds
[2023-01-20T23:58:10.032+0000] {processor.py:156} INFO - Started process (PID=130) to work on /home/airflow/.local/lib/python3.7/site-packages/airflow/example_dags/example_task_group_decorator.py
[2023-01-20T23:58:10.034+0000] {processor.py:758} INFO - Processing file /home/airflow/.local/lib/python3.7/site-packages/airflow/example_dags/example_task_group_decorator.py for tasks to queue
[2023-01-20T23:58:10.035+0000] {logging_mixin.py:117} INFO - [2023-01-20T23:58:10.035+0000] {dagbag.py:525} INFO - Filling up the DagBag from /home/airflow/.local/lib/python3.7/site-packages/airflow/example_dags/example_task_group_decorator.py
[2023-01-20T23:58:10.169+0000] {processor.py:768} INFO - DAG(s) dict_keys(['example_task_group_decorator']) retrieved from /home/airflow/.local/lib/python3.7/site-packages/airflow/example_dags/example_task_group_decorator.py
[2023-01-20T23:58:10.193+0000] {logging_mixin.py:117} INFO - [2023-01-20T23:58:10.193+0000] {dag.py:2573} INFO - Sync 1 DAGs
[2023-01-20T23:58:10.207+0000] {logging_mixin.py:117} INFO - [2023-01-20T23:58:10.207+0000] {dag.py:3328} INFO - Setting next_dagrun for example_task_group_decorator to 2023-01-19T23:58:10.207693+00:00, run_after=2023-01-20T23:58:10.207693+00:00
[2023-01-20T23:58:10.219+0000] {processor.py:178} INFO - Processing /home/airflow/.local/lib/python3.7/site-packages/airflow/example_dags/example_task_group_decorator.py took 0.189 seconds
[2023-01-20T23:58:40.688+0000] {processor.py:156} INFO - Started process (PID=184) to work on /home/airflow/.local/lib/python3.7/site-packages/airflow/example_dags/example_task_group_decorator.py
[2023-01-20T23:58:40.690+0000] {processor.py:758} INFO - Processing file /home/airflow/.local/lib/python3.7/site-packages/airflow/example_dags/example_task_group_decorator.py for tasks to queue
[2023-01-20T23:58:40.691+0000] {logging_mixin.py:117} INFO - [2023-01-20T23:58:40.691+0000] {dagbag.py:525} INFO - Filling up the DagBag from /home/airflow/.local/lib/python3.7/site-packages/airflow/example_dags/example_task_group_decorator.py
[2023-01-20T23:58:40.822+0000] {processor.py:768} INFO - DAG(s) dict_keys(['example_task_group_decorator']) retrieved from /home/airflow/.local/lib/python3.7/site-packages/airflow/example_dags/example_task_group_decorator.py
[2023-01-20T23:58:40.847+0000] {logging_mixin.py:117} INFO - [2023-01-20T23:58:40.847+0000] {dag.py:2573} INFO - Sync 1 DAGs
[2023-01-20T23:58:40.861+0000] {logging_mixin.py:117} INFO - [2023-01-20T23:58:40.861+0000] {dag.py:3328} INFO - Setting next_dagrun for example_task_group_decorator to 2023-01-19T23:58:40.861444+00:00, run_after=2023-01-20T23:58:40.861444+00:00
[2023-01-20T23:58:40.872+0000] {processor.py:178} INFO - Processing /home/airflow/.local/lib/python3.7/site-packages/airflow/example_dags/example_task_group_decorator.py took 0.187 seconds
[2023-01-20T23:59:11.268+0000] {processor.py:156} INFO - Started process (PID=247) to work on /home/airflow/.local/lib/python3.7/site-packages/airflow/example_dags/example_task_group_decorator.py
[2023-01-20T23:59:11.269+0000] {processor.py:758} INFO - Processing file /home/airflow/.local/lib/python3.7/site-packages/airflow/example_dags/example_task_group_decorator.py for tasks to queue
[2023-01-20T23:59:11.270+0000] {logging_mixin.py:117} INFO - [2023-01-20T23:59:11.270+0000] {dagbag.py:525} INFO - Filling up the DagBag from /home/airflow/.local/lib/python3.7/site-packages/airflow/example_dags/example_task_group_decorator.py
[2023-01-20T23:59:11.290+0000] {processor.py:768} INFO - DAG(s) dict_keys(['example_task_group_decorator']) retrieved from /home/airflow/.local/lib/python3.7/site-packages/airflow/example_dags/example_task_group_decorator.py
[2023-01-20T23:59:11.320+0000] {logging_mixin.py:117} INFO - [2023-01-20T23:59:11.320+0000] {dag.py:2573} INFO - Sync 1 DAGs
[2023-01-20T23:59:11.337+0000] {logging_mixin.py:117} INFO - [2023-01-20T23:59:11.337+0000] {dag.py:3328} INFO - Setting next_dagrun for example_task_group_decorator to 2023-01-19T23:59:11.337369+00:00, run_after=2023-01-20T23:59:11.337369+00:00
[2023-01-20T23:59:11.349+0000] {processor.py:178} INFO - Processing /home/airflow/.local/lib/python3.7/site-packages/airflow/example_dags/example_task_group_decorator.py took 0.084 seconds
[2023-01-20T23:59:41.720+0000] {processor.py:156} INFO - Started process (PID=310) to work on /home/airflow/.local/lib/python3.7/site-packages/airflow/example_dags/example_task_group_decorator.py
[2023-01-20T23:59:41.722+0000] {processor.py:758} INFO - Processing file /home/airflow/.local/lib/python3.7/site-packages/airflow/example_dags/example_task_group_decorator.py for tasks to queue
[2023-01-20T23:59:41.723+0000] {logging_mixin.py:117} INFO - [2023-01-20T23:59:41.722+0000] {dagbag.py:525} INFO - Filling up the DagBag from /home/airflow/.local/lib/python3.7/site-packages/airflow/example_dags/example_task_group_decorator.py
[2023-01-20T23:59:41.743+0000] {processor.py:768} INFO - DAG(s) dict_keys(['example_task_group_decorator']) retrieved from /home/airflow/.local/lib/python3.7/site-packages/airflow/example_dags/example_task_group_decorator.py
[2023-01-20T23:59:41.775+0000] {logging_mixin.py:117} INFO - [2023-01-20T23:59:41.775+0000] {dag.py:2573} INFO - Sync 1 DAGs
[2023-01-20T23:59:41.790+0000] {logging_mixin.py:117} INFO - [2023-01-20T23:59:41.790+0000] {dag.py:3328} INFO - Setting next_dagrun for example_task_group_decorator to 2023-01-19T23:59:41.790269+00:00, run_after=2023-01-20T23:59:41.790269+00:00
[2023-01-20T23:59:41.804+0000] {processor.py:178} INFO - Processing /home/airflow/.local/lib/python3.7/site-packages/airflow/example_dags/example_task_group_decorator.py took 0.087 seconds
