[2023-01-20T23:40:09.722+0000] {processor.py:156} INFO - Started process (PID=73) to work on /home/airflow/.local/lib/python3.7/site-packages/airflow/example_dags/example_python_operator.py
[2023-01-20T23:40:09.723+0000] {processor.py:758} INFO - Processing file /home/airflow/.local/lib/python3.7/site-packages/airflow/example_dags/example_python_operator.py for tasks to queue
[2023-01-20T23:40:09.724+0000] {logging_mixin.py:117} INFO - [2023-01-20T23:40:09.724+0000] {dagbag.py:525} INFO - Filling up the DagBag from /home/airflow/.local/lib/python3.7/site-packages/airflow/example_dags/example_python_operator.py
[2023-01-20T23:40:09.743+0000] {processor.py:768} INFO - DAG(s) dict_keys(['example_python_operator']) retrieved from /home/airflow/.local/lib/python3.7/site-packages/airflow/example_dags/example_python_operator.py
[2023-01-20T23:40:09.902+0000] {logging_mixin.py:117} INFO - [2023-01-20T23:40:09.902+0000] {dag.py:2573} INFO - Sync 1 DAGs
[2023-01-20T23:40:09.923+0000] {logging_mixin.py:117} INFO - [2023-01-20T23:40:09.923+0000] {dag.py:3328} INFO - Setting next_dagrun for example_python_operator to None, run_after=None
[2023-01-20T23:40:09.937+0000] {processor.py:178} INFO - Processing /home/airflow/.local/lib/python3.7/site-packages/airflow/example_dags/example_python_operator.py took 0.218 seconds
[2023-01-20T23:40:40.799+0000] {processor.py:156} INFO - Started process (PID=137) to work on /home/airflow/.local/lib/python3.7/site-packages/airflow/example_dags/example_python_operator.py
[2023-01-20T23:40:40.800+0000] {processor.py:758} INFO - Processing file /home/airflow/.local/lib/python3.7/site-packages/airflow/example_dags/example_python_operator.py for tasks to queue
[2023-01-20T23:40:40.801+0000] {logging_mixin.py:117} INFO - [2023-01-20T23:40:40.801+0000] {dagbag.py:525} INFO - Filling up the DagBag from /home/airflow/.local/lib/python3.7/site-packages/airflow/example_dags/example_python_operator.py
[2023-01-20T23:40:41.256+0000] {processor.py:768} INFO - DAG(s) dict_keys(['example_python_operator']) retrieved from /home/airflow/.local/lib/python3.7/site-packages/airflow/example_dags/example_python_operator.py
[2023-01-20T23:40:41.461+0000] {logging_mixin.py:117} INFO - [2023-01-20T23:40:41.461+0000] {dag.py:2573} INFO - Sync 1 DAGs
[2023-01-20T23:40:41.486+0000] {logging_mixin.py:117} INFO - [2023-01-20T23:40:41.486+0000] {dag.py:3328} INFO - Setting next_dagrun for example_python_operator to None, run_after=None
[2023-01-20T23:40:41.501+0000] {processor.py:178} INFO - Processing /home/airflow/.local/lib/python3.7/site-packages/airflow/example_dags/example_python_operator.py took 0.705 seconds
[2023-01-20T23:41:11.922+0000] {processor.py:156} INFO - Started process (PID=201) to work on /home/airflow/.local/lib/python3.7/site-packages/airflow/example_dags/example_python_operator.py
[2023-01-20T23:41:11.923+0000] {processor.py:758} INFO - Processing file /home/airflow/.local/lib/python3.7/site-packages/airflow/example_dags/example_python_operator.py for tasks to queue
[2023-01-20T23:41:11.924+0000] {logging_mixin.py:117} INFO - [2023-01-20T23:41:11.924+0000] {dagbag.py:525} INFO - Filling up the DagBag from /home/airflow/.local/lib/python3.7/site-packages/airflow/example_dags/example_python_operator.py
[2023-01-20T23:41:12.034+0000] {processor.py:768} INFO - DAG(s) dict_keys(['example_python_operator']) retrieved from /home/airflow/.local/lib/python3.7/site-packages/airflow/example_dags/example_python_operator.py
[2023-01-20T23:41:12.054+0000] {logging_mixin.py:117} INFO - [2023-01-20T23:41:12.054+0000] {dag.py:2573} INFO - Sync 1 DAGs
[2023-01-20T23:41:12.066+0000] {logging_mixin.py:117} INFO - [2023-01-20T23:41:12.066+0000] {dag.py:3328} INFO - Setting next_dagrun for example_python_operator to None, run_after=None
[2023-01-20T23:41:12.076+0000] {processor.py:178} INFO - Processing /home/airflow/.local/lib/python3.7/site-packages/airflow/example_dags/example_python_operator.py took 0.157 seconds
[2023-01-20T23:41:42.837+0000] {processor.py:156} INFO - Started process (PID=264) to work on /home/airflow/.local/lib/python3.7/site-packages/airflow/example_dags/example_python_operator.py
[2023-01-20T23:41:42.839+0000] {processor.py:758} INFO - Processing file /home/airflow/.local/lib/python3.7/site-packages/airflow/example_dags/example_python_operator.py for tasks to queue
[2023-01-20T23:41:42.839+0000] {logging_mixin.py:117} INFO - [2023-01-20T23:41:42.839+0000] {dagbag.py:525} INFO - Filling up the DagBag from /home/airflow/.local/lib/python3.7/site-packages/airflow/example_dags/example_python_operator.py
[2023-01-20T23:41:42.857+0000] {processor.py:768} INFO - DAG(s) dict_keys(['example_python_operator']) retrieved from /home/airflow/.local/lib/python3.7/site-packages/airflow/example_dags/example_python_operator.py
[2023-01-20T23:41:42.887+0000] {logging_mixin.py:117} INFO - [2023-01-20T23:41:42.887+0000] {dag.py:2573} INFO - Sync 1 DAGs
[2023-01-20T23:41:42.905+0000] {logging_mixin.py:117} INFO - [2023-01-20T23:41:42.905+0000] {dag.py:3328} INFO - Setting next_dagrun for example_python_operator to None, run_after=None
[2023-01-20T23:41:42.919+0000] {processor.py:178} INFO - Processing /home/airflow/.local/lib/python3.7/site-packages/airflow/example_dags/example_python_operator.py took 0.084 seconds
[2023-01-20T23:42:13.204+0000] {processor.py:156} INFO - Started process (PID=318) to work on /home/airflow/.local/lib/python3.7/site-packages/airflow/example_dags/example_python_operator.py
[2023-01-20T23:42:13.205+0000] {processor.py:758} INFO - Processing file /home/airflow/.local/lib/python3.7/site-packages/airflow/example_dags/example_python_operator.py for tasks to queue
[2023-01-20T23:42:13.206+0000] {logging_mixin.py:117} INFO - [2023-01-20T23:42:13.206+0000] {dagbag.py:525} INFO - Filling up the DagBag from /home/airflow/.local/lib/python3.7/site-packages/airflow/example_dags/example_python_operator.py
[2023-01-20T23:42:13.222+0000] {processor.py:768} INFO - DAG(s) dict_keys(['example_python_operator']) retrieved from /home/airflow/.local/lib/python3.7/site-packages/airflow/example_dags/example_python_operator.py
[2023-01-20T23:42:13.249+0000] {logging_mixin.py:117} INFO - [2023-01-20T23:42:13.249+0000] {dag.py:2573} INFO - Sync 1 DAGs
[2023-01-20T23:42:13.262+0000] {logging_mixin.py:117} INFO - [2023-01-20T23:42:13.262+0000] {dag.py:3328} INFO - Setting next_dagrun for example_python_operator to None, run_after=None
[2023-01-20T23:42:13.274+0000] {processor.py:178} INFO - Processing /home/airflow/.local/lib/python3.7/site-packages/airflow/example_dags/example_python_operator.py took 0.072 seconds
[2023-01-20T23:42:44.042+0000] {processor.py:156} INFO - Started process (PID=381) to work on /home/airflow/.local/lib/python3.7/site-packages/airflow/example_dags/example_python_operator.py
[2023-01-20T23:42:44.043+0000] {processor.py:758} INFO - Processing file /home/airflow/.local/lib/python3.7/site-packages/airflow/example_dags/example_python_operator.py for tasks to queue
[2023-01-20T23:42:44.044+0000] {logging_mixin.py:117} INFO - [2023-01-20T23:42:44.044+0000] {dagbag.py:525} INFO - Filling up the DagBag from /home/airflow/.local/lib/python3.7/site-packages/airflow/example_dags/example_python_operator.py
[2023-01-20T23:42:44.063+0000] {processor.py:768} INFO - DAG(s) dict_keys(['example_python_operator']) retrieved from /home/airflow/.local/lib/python3.7/site-packages/airflow/example_dags/example_python_operator.py
[2023-01-20T23:42:44.092+0000] {logging_mixin.py:117} INFO - [2023-01-20T23:42:44.092+0000] {dag.py:2573} INFO - Sync 1 DAGs
[2023-01-20T23:42:44.107+0000] {logging_mixin.py:117} INFO - [2023-01-20T23:42:44.107+0000] {dag.py:3328} INFO - Setting next_dagrun for example_python_operator to None, run_after=None
[2023-01-20T23:42:44.119+0000] {processor.py:178} INFO - Processing /home/airflow/.local/lib/python3.7/site-packages/airflow/example_dags/example_python_operator.py took 0.080 seconds
[2023-01-20T23:43:14.991+0000] {processor.py:156} INFO - Started process (PID=445) to work on /home/airflow/.local/lib/python3.7/site-packages/airflow/example_dags/example_python_operator.py
[2023-01-20T23:43:14.992+0000] {processor.py:758} INFO - Processing file /home/airflow/.local/lib/python3.7/site-packages/airflow/example_dags/example_python_operator.py for tasks to queue
[2023-01-20T23:43:14.993+0000] {logging_mixin.py:117} INFO - [2023-01-20T23:43:14.993+0000] {dagbag.py:525} INFO - Filling up the DagBag from /home/airflow/.local/lib/python3.7/site-packages/airflow/example_dags/example_python_operator.py
[2023-01-20T23:43:15.042+0000] {processor.py:768} INFO - DAG(s) dict_keys(['example_python_operator']) retrieved from /home/airflow/.local/lib/python3.7/site-packages/airflow/example_dags/example_python_operator.py
[2023-01-20T23:43:15.082+0000] {logging_mixin.py:117} INFO - [2023-01-20T23:43:15.082+0000] {dag.py:2573} INFO - Sync 1 DAGs
[2023-01-20T23:43:15.121+0000] {logging_mixin.py:117} INFO - [2023-01-20T23:43:15.120+0000] {dag.py:3328} INFO - Setting next_dagrun for example_python_operator to None, run_after=None
[2023-01-20T23:43:15.171+0000] {processor.py:178} INFO - Processing /home/airflow/.local/lib/python3.7/site-packages/airflow/example_dags/example_python_operator.py took 0.183 seconds
[2023-01-20T23:43:45.588+0000] {processor.py:156} INFO - Started process (PID=508) to work on /home/airflow/.local/lib/python3.7/site-packages/airflow/example_dags/example_python_operator.py
[2023-01-20T23:43:45.589+0000] {processor.py:758} INFO - Processing file /home/airflow/.local/lib/python3.7/site-packages/airflow/example_dags/example_python_operator.py for tasks to queue
[2023-01-20T23:43:45.589+0000] {logging_mixin.py:117} INFO - [2023-01-20T23:43:45.589+0000] {dagbag.py:525} INFO - Filling up the DagBag from /home/airflow/.local/lib/python3.7/site-packages/airflow/example_dags/example_python_operator.py
[2023-01-20T23:43:45.605+0000] {processor.py:768} INFO - DAG(s) dict_keys(['example_python_operator']) retrieved from /home/airflow/.local/lib/python3.7/site-packages/airflow/example_dags/example_python_operator.py
[2023-01-20T23:43:45.631+0000] {logging_mixin.py:117} INFO - [2023-01-20T23:43:45.630+0000] {dag.py:2573} INFO - Sync 1 DAGs
[2023-01-20T23:43:45.644+0000] {logging_mixin.py:117} INFO - [2023-01-20T23:43:45.644+0000] {dag.py:3328} INFO - Setting next_dagrun for example_python_operator to None, run_after=None
[2023-01-20T23:43:45.655+0000] {processor.py:178} INFO - Processing /home/airflow/.local/lib/python3.7/site-packages/airflow/example_dags/example_python_operator.py took 0.070 seconds
[2023-01-20T23:44:16.079+0000] {processor.py:156} INFO - Started process (PID=571) to work on /home/airflow/.local/lib/python3.7/site-packages/airflow/example_dags/example_python_operator.py
[2023-01-20T23:44:16.080+0000] {processor.py:758} INFO - Processing file /home/airflow/.local/lib/python3.7/site-packages/airflow/example_dags/example_python_operator.py for tasks to queue
[2023-01-20T23:44:16.081+0000] {logging_mixin.py:117} INFO - [2023-01-20T23:44:16.081+0000] {dagbag.py:525} INFO - Filling up the DagBag from /home/airflow/.local/lib/python3.7/site-packages/airflow/example_dags/example_python_operator.py
[2023-01-20T23:44:16.098+0000] {processor.py:768} INFO - DAG(s) dict_keys(['example_python_operator']) retrieved from /home/airflow/.local/lib/python3.7/site-packages/airflow/example_dags/example_python_operator.py
[2023-01-20T23:44:16.125+0000] {logging_mixin.py:117} INFO - [2023-01-20T23:44:16.125+0000] {dag.py:2573} INFO - Sync 1 DAGs
[2023-01-20T23:44:16.140+0000] {logging_mixin.py:117} INFO - [2023-01-20T23:44:16.140+0000] {dag.py:3328} INFO - Setting next_dagrun for example_python_operator to None, run_after=None
[2023-01-20T23:44:16.151+0000] {processor.py:178} INFO - Processing /home/airflow/.local/lib/python3.7/site-packages/airflow/example_dags/example_python_operator.py took 0.075 seconds
[2023-01-20T23:44:46.415+0000] {processor.py:156} INFO - Started process (PID=632) to work on /home/airflow/.local/lib/python3.7/site-packages/airflow/example_dags/example_python_operator.py
[2023-01-20T23:44:46.417+0000] {processor.py:758} INFO - Processing file /home/airflow/.local/lib/python3.7/site-packages/airflow/example_dags/example_python_operator.py for tasks to queue
[2023-01-20T23:44:46.418+0000] {logging_mixin.py:117} INFO - [2023-01-20T23:44:46.418+0000] {dagbag.py:525} INFO - Filling up the DagBag from /home/airflow/.local/lib/python3.7/site-packages/airflow/example_dags/example_python_operator.py
[2023-01-20T23:44:46.435+0000] {processor.py:768} INFO - DAG(s) dict_keys(['example_python_operator']) retrieved from /home/airflow/.local/lib/python3.7/site-packages/airflow/example_dags/example_python_operator.py
[2023-01-20T23:44:46.464+0000] {logging_mixin.py:117} INFO - [2023-01-20T23:44:46.464+0000] {dag.py:2573} INFO - Sync 1 DAGs
[2023-01-20T23:44:46.481+0000] {logging_mixin.py:117} INFO - [2023-01-20T23:44:46.481+0000] {dag.py:3328} INFO - Setting next_dagrun for example_python_operator to None, run_after=None
[2023-01-20T23:44:46.494+0000] {processor.py:178} INFO - Processing /home/airflow/.local/lib/python3.7/site-packages/airflow/example_dags/example_python_operator.py took 0.081 seconds
[2023-01-20T23:45:16.759+0000] {processor.py:156} INFO - Started process (PID=688) to work on /home/airflow/.local/lib/python3.7/site-packages/airflow/example_dags/example_python_operator.py
[2023-01-20T23:45:16.760+0000] {processor.py:758} INFO - Processing file /home/airflow/.local/lib/python3.7/site-packages/airflow/example_dags/example_python_operator.py for tasks to queue
[2023-01-20T23:45:16.760+0000] {logging_mixin.py:117} INFO - [2023-01-20T23:45:16.760+0000] {dagbag.py:525} INFO - Filling up the DagBag from /home/airflow/.local/lib/python3.7/site-packages/airflow/example_dags/example_python_operator.py
[2023-01-20T23:45:16.776+0000] {processor.py:768} INFO - DAG(s) dict_keys(['example_python_operator']) retrieved from /home/airflow/.local/lib/python3.7/site-packages/airflow/example_dags/example_python_operator.py
[2023-01-20T23:45:16.802+0000] {logging_mixin.py:117} INFO - [2023-01-20T23:45:16.802+0000] {dag.py:2573} INFO - Sync 1 DAGs
[2023-01-20T23:45:16.817+0000] {logging_mixin.py:117} INFO - [2023-01-20T23:45:16.817+0000] {dag.py:3328} INFO - Setting next_dagrun for example_python_operator to None, run_after=None
[2023-01-20T23:45:16.828+0000] {processor.py:178} INFO - Processing /home/airflow/.local/lib/python3.7/site-packages/airflow/example_dags/example_python_operator.py took 0.072 seconds
[2023-01-20T23:45:47.135+0000] {processor.py:156} INFO - Started process (PID=751) to work on /home/airflow/.local/lib/python3.7/site-packages/airflow/example_dags/example_python_operator.py
[2023-01-20T23:45:47.140+0000] {processor.py:758} INFO - Processing file /home/airflow/.local/lib/python3.7/site-packages/airflow/example_dags/example_python_operator.py for tasks to queue
[2023-01-20T23:45:47.144+0000] {logging_mixin.py:117} INFO - [2023-01-20T23:45:47.143+0000] {dagbag.py:525} INFO - Filling up the DagBag from /home/airflow/.local/lib/python3.7/site-packages/airflow/example_dags/example_python_operator.py
[2023-01-20T23:45:47.177+0000] {processor.py:768} INFO - DAG(s) dict_keys(['example_python_operator']) retrieved from /home/airflow/.local/lib/python3.7/site-packages/airflow/example_dags/example_python_operator.py
[2023-01-20T23:45:47.212+0000] {logging_mixin.py:117} INFO - [2023-01-20T23:45:47.212+0000] {dag.py:2573} INFO - Sync 1 DAGs
[2023-01-20T23:45:47.228+0000] {logging_mixin.py:117} INFO - [2023-01-20T23:45:47.228+0000] {dag.py:3328} INFO - Setting next_dagrun for example_python_operator to None, run_after=None
[2023-01-20T23:45:47.241+0000] {processor.py:178} INFO - Processing /home/airflow/.local/lib/python3.7/site-packages/airflow/example_dags/example_python_operator.py took 0.114 seconds
[2023-01-20T23:46:17.485+0000] {processor.py:156} INFO - Started process (PID=814) to work on /home/airflow/.local/lib/python3.7/site-packages/airflow/example_dags/example_python_operator.py
[2023-01-20T23:46:17.486+0000] {processor.py:758} INFO - Processing file /home/airflow/.local/lib/python3.7/site-packages/airflow/example_dags/example_python_operator.py for tasks to queue
[2023-01-20T23:46:17.487+0000] {logging_mixin.py:117} INFO - [2023-01-20T23:46:17.487+0000] {dagbag.py:525} INFO - Filling up the DagBag from /home/airflow/.local/lib/python3.7/site-packages/airflow/example_dags/example_python_operator.py
[2023-01-20T23:46:17.505+0000] {processor.py:768} INFO - DAG(s) dict_keys(['example_python_operator']) retrieved from /home/airflow/.local/lib/python3.7/site-packages/airflow/example_dags/example_python_operator.py
[2023-01-20T23:46:17.537+0000] {logging_mixin.py:117} INFO - [2023-01-20T23:46:17.537+0000] {dag.py:2573} INFO - Sync 1 DAGs
[2023-01-20T23:46:17.552+0000] {logging_mixin.py:117} INFO - [2023-01-20T23:46:17.552+0000] {dag.py:3328} INFO - Setting next_dagrun for example_python_operator to None, run_after=None
[2023-01-20T23:46:17.565+0000] {processor.py:178} INFO - Processing /home/airflow/.local/lib/python3.7/site-packages/airflow/example_dags/example_python_operator.py took 0.082 seconds
[2023-01-20T23:46:47.922+0000] {processor.py:156} INFO - Started process (PID=877) to work on /home/airflow/.local/lib/python3.7/site-packages/airflow/example_dags/example_python_operator.py
[2023-01-20T23:46:47.923+0000] {processor.py:758} INFO - Processing file /home/airflow/.local/lib/python3.7/site-packages/airflow/example_dags/example_python_operator.py for tasks to queue
[2023-01-20T23:46:47.924+0000] {logging_mixin.py:117} INFO - [2023-01-20T23:46:47.924+0000] {dagbag.py:525} INFO - Filling up the DagBag from /home/airflow/.local/lib/python3.7/site-packages/airflow/example_dags/example_python_operator.py
[2023-01-20T23:46:47.941+0000] {processor.py:768} INFO - DAG(s) dict_keys(['example_python_operator']) retrieved from /home/airflow/.local/lib/python3.7/site-packages/airflow/example_dags/example_python_operator.py
[2023-01-20T23:46:47.977+0000] {logging_mixin.py:117} INFO - [2023-01-20T23:46:47.977+0000] {dag.py:2573} INFO - Sync 1 DAGs
[2023-01-20T23:46:47.993+0000] {logging_mixin.py:117} INFO - [2023-01-20T23:46:47.992+0000] {dag.py:3328} INFO - Setting next_dagrun for example_python_operator to None, run_after=None
[2023-01-20T23:46:48.009+0000] {processor.py:178} INFO - Processing /home/airflow/.local/lib/python3.7/site-packages/airflow/example_dags/example_python_operator.py took 0.089 seconds
[2023-01-20T23:47:18.444+0000] {processor.py:156} INFO - Started process (PID=940) to work on /home/airflow/.local/lib/python3.7/site-packages/airflow/example_dags/example_python_operator.py
[2023-01-20T23:47:18.445+0000] {processor.py:758} INFO - Processing file /home/airflow/.local/lib/python3.7/site-packages/airflow/example_dags/example_python_operator.py for tasks to queue
[2023-01-20T23:47:18.446+0000] {logging_mixin.py:117} INFO - [2023-01-20T23:47:18.446+0000] {dagbag.py:525} INFO - Filling up the DagBag from /home/airflow/.local/lib/python3.7/site-packages/airflow/example_dags/example_python_operator.py
[2023-01-20T23:47:18.461+0000] {processor.py:768} INFO - DAG(s) dict_keys(['example_python_operator']) retrieved from /home/airflow/.local/lib/python3.7/site-packages/airflow/example_dags/example_python_operator.py
[2023-01-20T23:47:18.487+0000] {logging_mixin.py:117} INFO - [2023-01-20T23:47:18.487+0000] {dag.py:2573} INFO - Sync 1 DAGs
[2023-01-20T23:47:18.502+0000] {logging_mixin.py:117} INFO - [2023-01-20T23:47:18.502+0000] {dag.py:3328} INFO - Setting next_dagrun for example_python_operator to None, run_after=None
[2023-01-20T23:47:18.514+0000] {processor.py:178} INFO - Processing /home/airflow/.local/lib/python3.7/site-packages/airflow/example_dags/example_python_operator.py took 0.072 seconds
[2023-01-20T23:47:48.942+0000] {processor.py:156} INFO - Started process (PID=1000) to work on /home/airflow/.local/lib/python3.7/site-packages/airflow/example_dags/example_python_operator.py
[2023-01-20T23:47:48.943+0000] {processor.py:758} INFO - Processing file /home/airflow/.local/lib/python3.7/site-packages/airflow/example_dags/example_python_operator.py for tasks to queue
[2023-01-20T23:47:48.944+0000] {logging_mixin.py:117} INFO - [2023-01-20T23:47:48.944+0000] {dagbag.py:525} INFO - Filling up the DagBag from /home/airflow/.local/lib/python3.7/site-packages/airflow/example_dags/example_python_operator.py
[2023-01-20T23:47:48.962+0000] {processor.py:768} INFO - DAG(s) dict_keys(['example_python_operator']) retrieved from /home/airflow/.local/lib/python3.7/site-packages/airflow/example_dags/example_python_operator.py
[2023-01-20T23:47:48.992+0000] {logging_mixin.py:117} INFO - [2023-01-20T23:47:48.992+0000] {dag.py:2573} INFO - Sync 1 DAGs
[2023-01-20T23:47:49.008+0000] {logging_mixin.py:117} INFO - [2023-01-20T23:47:49.008+0000] {dag.py:3328} INFO - Setting next_dagrun for example_python_operator to None, run_after=None
[2023-01-20T23:47:49.024+0000] {processor.py:178} INFO - Processing /home/airflow/.local/lib/python3.7/site-packages/airflow/example_dags/example_python_operator.py took 0.085 seconds
[2023-01-20T23:48:19.461+0000] {processor.py:156} INFO - Started process (PID=1056) to work on /home/airflow/.local/lib/python3.7/site-packages/airflow/example_dags/example_python_operator.py
[2023-01-20T23:48:19.462+0000] {processor.py:758} INFO - Processing file /home/airflow/.local/lib/python3.7/site-packages/airflow/example_dags/example_python_operator.py for tasks to queue
[2023-01-20T23:48:19.463+0000] {logging_mixin.py:117} INFO - [2023-01-20T23:48:19.463+0000] {dagbag.py:525} INFO - Filling up the DagBag from /home/airflow/.local/lib/python3.7/site-packages/airflow/example_dags/example_python_operator.py
[2023-01-20T23:48:19.479+0000] {processor.py:768} INFO - DAG(s) dict_keys(['example_python_operator']) retrieved from /home/airflow/.local/lib/python3.7/site-packages/airflow/example_dags/example_python_operator.py
[2023-01-20T23:48:19.507+0000] {logging_mixin.py:117} INFO - [2023-01-20T23:48:19.507+0000] {dag.py:2573} INFO - Sync 1 DAGs
[2023-01-20T23:48:19.521+0000] {logging_mixin.py:117} INFO - [2023-01-20T23:48:19.521+0000] {dag.py:3328} INFO - Setting next_dagrun for example_python_operator to None, run_after=None
[2023-01-20T23:48:19.532+0000] {processor.py:178} INFO - Processing /home/airflow/.local/lib/python3.7/site-packages/airflow/example_dags/example_python_operator.py took 0.073 seconds
[2023-01-20T23:48:49.767+0000] {processor.py:156} INFO - Started process (PID=1119) to work on /home/airflow/.local/lib/python3.7/site-packages/airflow/example_dags/example_python_operator.py
[2023-01-20T23:48:49.768+0000] {processor.py:758} INFO - Processing file /home/airflow/.local/lib/python3.7/site-packages/airflow/example_dags/example_python_operator.py for tasks to queue
[2023-01-20T23:48:49.769+0000] {logging_mixin.py:117} INFO - [2023-01-20T23:48:49.769+0000] {dagbag.py:525} INFO - Filling up the DagBag from /home/airflow/.local/lib/python3.7/site-packages/airflow/example_dags/example_python_operator.py
[2023-01-20T23:48:49.785+0000] {processor.py:768} INFO - DAG(s) dict_keys(['example_python_operator']) retrieved from /home/airflow/.local/lib/python3.7/site-packages/airflow/example_dags/example_python_operator.py
[2023-01-20T23:48:49.810+0000] {logging_mixin.py:117} INFO - [2023-01-20T23:48:49.810+0000] {dag.py:2573} INFO - Sync 1 DAGs
[2023-01-20T23:48:49.824+0000] {logging_mixin.py:117} INFO - [2023-01-20T23:48:49.824+0000] {dag.py:3328} INFO - Setting next_dagrun for example_python_operator to None, run_after=None
[2023-01-20T23:48:49.837+0000] {processor.py:178} INFO - Processing /home/airflow/.local/lib/python3.7/site-packages/airflow/example_dags/example_python_operator.py took 0.072 seconds
[2023-01-20T23:49:20.101+0000] {processor.py:156} INFO - Started process (PID=1182) to work on /home/airflow/.local/lib/python3.7/site-packages/airflow/example_dags/example_python_operator.py
[2023-01-20T23:49:20.103+0000] {processor.py:758} INFO - Processing file /home/airflow/.local/lib/python3.7/site-packages/airflow/example_dags/example_python_operator.py for tasks to queue
[2023-01-20T23:49:20.103+0000] {logging_mixin.py:117} INFO - [2023-01-20T23:49:20.103+0000] {dagbag.py:525} INFO - Filling up the DagBag from /home/airflow/.local/lib/python3.7/site-packages/airflow/example_dags/example_python_operator.py
[2023-01-20T23:49:20.121+0000] {processor.py:768} INFO - DAG(s) dict_keys(['example_python_operator']) retrieved from /home/airflow/.local/lib/python3.7/site-packages/airflow/example_dags/example_python_operator.py
[2023-01-20T23:49:20.152+0000] {logging_mixin.py:117} INFO - [2023-01-20T23:49:20.151+0000] {dag.py:2573} INFO - Sync 1 DAGs
[2023-01-20T23:49:20.171+0000] {logging_mixin.py:117} INFO - [2023-01-20T23:49:20.171+0000] {dag.py:3328} INFO - Setting next_dagrun for example_python_operator to None, run_after=None
[2023-01-20T23:49:20.183+0000] {processor.py:178} INFO - Processing /home/airflow/.local/lib/python3.7/site-packages/airflow/example_dags/example_python_operator.py took 0.085 seconds
[2023-01-20T23:49:50.491+0000] {processor.py:156} INFO - Started process (PID=1245) to work on /home/airflow/.local/lib/python3.7/site-packages/airflow/example_dags/example_python_operator.py
[2023-01-20T23:49:50.493+0000] {processor.py:758} INFO - Processing file /home/airflow/.local/lib/python3.7/site-packages/airflow/example_dags/example_python_operator.py for tasks to queue
[2023-01-20T23:49:50.493+0000] {logging_mixin.py:117} INFO - [2023-01-20T23:49:50.493+0000] {dagbag.py:525} INFO - Filling up the DagBag from /home/airflow/.local/lib/python3.7/site-packages/airflow/example_dags/example_python_operator.py
[2023-01-20T23:49:50.509+0000] {processor.py:768} INFO - DAG(s) dict_keys(['example_python_operator']) retrieved from /home/airflow/.local/lib/python3.7/site-packages/airflow/example_dags/example_python_operator.py
[2023-01-20T23:49:50.536+0000] {logging_mixin.py:117} INFO - [2023-01-20T23:49:50.536+0000] {dag.py:2573} INFO - Sync 1 DAGs
[2023-01-20T23:49:50.549+0000] {logging_mixin.py:117} INFO - [2023-01-20T23:49:50.549+0000] {dag.py:3328} INFO - Setting next_dagrun for example_python_operator to None, run_after=None
[2023-01-20T23:49:50.561+0000] {processor.py:178} INFO - Processing /home/airflow/.local/lib/python3.7/site-packages/airflow/example_dags/example_python_operator.py took 0.072 seconds
[2023-01-20T23:50:20.910+0000] {processor.py:156} INFO - Started process (PID=1308) to work on /home/airflow/.local/lib/python3.7/site-packages/airflow/example_dags/example_python_operator.py
[2023-01-20T23:50:20.911+0000] {processor.py:758} INFO - Processing file /home/airflow/.local/lib/python3.7/site-packages/airflow/example_dags/example_python_operator.py for tasks to queue
[2023-01-20T23:50:20.912+0000] {logging_mixin.py:117} INFO - [2023-01-20T23:50:20.912+0000] {dagbag.py:525} INFO - Filling up the DagBag from /home/airflow/.local/lib/python3.7/site-packages/airflow/example_dags/example_python_operator.py
[2023-01-20T23:50:20.930+0000] {processor.py:768} INFO - DAG(s) dict_keys(['example_python_operator']) retrieved from /home/airflow/.local/lib/python3.7/site-packages/airflow/example_dags/example_python_operator.py
[2023-01-20T23:50:20.959+0000] {logging_mixin.py:117} INFO - [2023-01-20T23:50:20.959+0000] {dag.py:2573} INFO - Sync 1 DAGs
[2023-01-20T23:50:20.973+0000] {logging_mixin.py:117} INFO - [2023-01-20T23:50:20.973+0000] {dag.py:3328} INFO - Setting next_dagrun for example_python_operator to None, run_after=None
[2023-01-20T23:50:20.985+0000] {processor.py:178} INFO - Processing /home/airflow/.local/lib/python3.7/site-packages/airflow/example_dags/example_python_operator.py took 0.078 seconds
[2023-01-20T23:50:51.150+0000] {processor.py:156} INFO - Started process (PID=1370) to work on /home/airflow/.local/lib/python3.7/site-packages/airflow/example_dags/example_python_operator.py
[2023-01-20T23:50:51.151+0000] {processor.py:758} INFO - Processing file /home/airflow/.local/lib/python3.7/site-packages/airflow/example_dags/example_python_operator.py for tasks to queue
[2023-01-20T23:50:51.152+0000] {logging_mixin.py:117} INFO - [2023-01-20T23:50:51.152+0000] {dagbag.py:525} INFO - Filling up the DagBag from /home/airflow/.local/lib/python3.7/site-packages/airflow/example_dags/example_python_operator.py
[2023-01-20T23:50:51.169+0000] {processor.py:768} INFO - DAG(s) dict_keys(['example_python_operator']) retrieved from /home/airflow/.local/lib/python3.7/site-packages/airflow/example_dags/example_python_operator.py
[2023-01-20T23:50:51.199+0000] {logging_mixin.py:117} INFO - [2023-01-20T23:50:51.199+0000] {dag.py:2573} INFO - Sync 1 DAGs
[2023-01-20T23:50:51.215+0000] {logging_mixin.py:117} INFO - [2023-01-20T23:50:51.214+0000] {dag.py:3328} INFO - Setting next_dagrun for example_python_operator to None, run_after=None
[2023-01-20T23:50:51.227+0000] {processor.py:178} INFO - Processing /home/airflow/.local/lib/python3.7/site-packages/airflow/example_dags/example_python_operator.py took 0.080 seconds
[2023-01-20T23:51:21.544+0000] {processor.py:156} INFO - Started process (PID=1425) to work on /home/airflow/.local/lib/python3.7/site-packages/airflow/example_dags/example_python_operator.py
[2023-01-20T23:51:21.545+0000] {processor.py:758} INFO - Processing file /home/airflow/.local/lib/python3.7/site-packages/airflow/example_dags/example_python_operator.py for tasks to queue
[2023-01-20T23:51:21.546+0000] {logging_mixin.py:117} INFO - [2023-01-20T23:51:21.546+0000] {dagbag.py:525} INFO - Filling up the DagBag from /home/airflow/.local/lib/python3.7/site-packages/airflow/example_dags/example_python_operator.py
[2023-01-20T23:51:21.561+0000] {processor.py:768} INFO - DAG(s) dict_keys(['example_python_operator']) retrieved from /home/airflow/.local/lib/python3.7/site-packages/airflow/example_dags/example_python_operator.py
[2023-01-20T23:51:21.586+0000] {logging_mixin.py:117} INFO - [2023-01-20T23:51:21.586+0000] {dag.py:2573} INFO - Sync 1 DAGs
[2023-01-20T23:51:21.601+0000] {logging_mixin.py:117} INFO - [2023-01-20T23:51:21.601+0000] {dag.py:3328} INFO - Setting next_dagrun for example_python_operator to None, run_after=None
[2023-01-20T23:51:21.612+0000] {processor.py:178} INFO - Processing /home/airflow/.local/lib/python3.7/site-packages/airflow/example_dags/example_python_operator.py took 0.070 seconds
[2023-01-20T23:51:52.070+0000] {processor.py:156} INFO - Started process (PID=1489) to work on /home/airflow/.local/lib/python3.7/site-packages/airflow/example_dags/example_python_operator.py
[2023-01-20T23:51:52.071+0000] {processor.py:758} INFO - Processing file /home/airflow/.local/lib/python3.7/site-packages/airflow/example_dags/example_python_operator.py for tasks to queue
[2023-01-20T23:51:52.072+0000] {logging_mixin.py:117} INFO - [2023-01-20T23:51:52.072+0000] {dagbag.py:525} INFO - Filling up the DagBag from /home/airflow/.local/lib/python3.7/site-packages/airflow/example_dags/example_python_operator.py
[2023-01-20T23:51:52.088+0000] {processor.py:768} INFO - DAG(s) dict_keys(['example_python_operator']) retrieved from /home/airflow/.local/lib/python3.7/site-packages/airflow/example_dags/example_python_operator.py
[2023-01-20T23:51:52.117+0000] {logging_mixin.py:117} INFO - [2023-01-20T23:51:52.117+0000] {dag.py:2573} INFO - Sync 1 DAGs
[2023-01-20T23:51:52.132+0000] {logging_mixin.py:117} INFO - [2023-01-20T23:51:52.132+0000] {dag.py:3328} INFO - Setting next_dagrun for example_python_operator to None, run_after=None
[2023-01-20T23:51:52.143+0000] {processor.py:178} INFO - Processing /home/airflow/.local/lib/python3.7/site-packages/airflow/example_dags/example_python_operator.py took 0.076 seconds
[2023-01-20T23:52:22.595+0000] {processor.py:156} INFO - Started process (PID=1552) to work on /home/airflow/.local/lib/python3.7/site-packages/airflow/example_dags/example_python_operator.py
[2023-01-20T23:52:22.600+0000] {processor.py:758} INFO - Processing file /home/airflow/.local/lib/python3.7/site-packages/airflow/example_dags/example_python_operator.py for tasks to queue
[2023-01-20T23:52:22.601+0000] {logging_mixin.py:117} INFO - [2023-01-20T23:52:22.601+0000] {dagbag.py:525} INFO - Filling up the DagBag from /home/airflow/.local/lib/python3.7/site-packages/airflow/example_dags/example_python_operator.py
[2023-01-20T23:52:22.623+0000] {processor.py:768} INFO - DAG(s) dict_keys(['example_python_operator']) retrieved from /home/airflow/.local/lib/python3.7/site-packages/airflow/example_dags/example_python_operator.py
[2023-01-20T23:52:22.655+0000] {logging_mixin.py:117} INFO - [2023-01-20T23:52:22.655+0000] {dag.py:2573} INFO - Sync 1 DAGs
[2023-01-20T23:52:22.670+0000] {logging_mixin.py:117} INFO - [2023-01-20T23:52:22.670+0000] {dag.py:3328} INFO - Setting next_dagrun for example_python_operator to None, run_after=None
[2023-01-20T23:52:22.681+0000] {processor.py:178} INFO - Processing /home/airflow/.local/lib/python3.7/site-packages/airflow/example_dags/example_python_operator.py took 0.090 seconds
[2023-01-20T23:52:52.957+0000] {processor.py:156} INFO - Started process (PID=1615) to work on /home/airflow/.local/lib/python3.7/site-packages/airflow/example_dags/example_python_operator.py
[2023-01-20T23:52:52.958+0000] {processor.py:758} INFO - Processing file /home/airflow/.local/lib/python3.7/site-packages/airflow/example_dags/example_python_operator.py for tasks to queue
[2023-01-20T23:52:52.959+0000] {logging_mixin.py:117} INFO - [2023-01-20T23:52:52.959+0000] {dagbag.py:525} INFO - Filling up the DagBag from /home/airflow/.local/lib/python3.7/site-packages/airflow/example_dags/example_python_operator.py
[2023-01-20T23:52:52.975+0000] {processor.py:768} INFO - DAG(s) dict_keys(['example_python_operator']) retrieved from /home/airflow/.local/lib/python3.7/site-packages/airflow/example_dags/example_python_operator.py
[2023-01-20T23:52:53.000+0000] {logging_mixin.py:117} INFO - [2023-01-20T23:52:53.000+0000] {dag.py:2573} INFO - Sync 1 DAGs
[2023-01-20T23:52:53.014+0000] {logging_mixin.py:117} INFO - [2023-01-20T23:52:53.014+0000] {dag.py:3328} INFO - Setting next_dagrun for example_python_operator to None, run_after=None
[2023-01-20T23:52:53.026+0000] {processor.py:178} INFO - Processing /home/airflow/.local/lib/python3.7/site-packages/airflow/example_dags/example_python_operator.py took 0.071 seconds
[2023-01-20T23:53:23.614+0000] {processor.py:156} INFO - Started process (PID=1678) to work on /home/airflow/.local/lib/python3.7/site-packages/airflow/example_dags/example_python_operator.py
[2023-01-20T23:53:23.616+0000] {processor.py:758} INFO - Processing file /home/airflow/.local/lib/python3.7/site-packages/airflow/example_dags/example_python_operator.py for tasks to queue
[2023-01-20T23:53:23.617+0000] {logging_mixin.py:117} INFO - [2023-01-20T23:53:23.617+0000] {dagbag.py:525} INFO - Filling up the DagBag from /home/airflow/.local/lib/python3.7/site-packages/airflow/example_dags/example_python_operator.py
[2023-01-20T23:53:23.634+0000] {processor.py:768} INFO - DAG(s) dict_keys(['example_python_operator']) retrieved from /home/airflow/.local/lib/python3.7/site-packages/airflow/example_dags/example_python_operator.py
[2023-01-20T23:53:23.666+0000] {logging_mixin.py:117} INFO - [2023-01-20T23:53:23.666+0000] {dag.py:2573} INFO - Sync 1 DAGs
[2023-01-20T23:53:23.682+0000] {logging_mixin.py:117} INFO - [2023-01-20T23:53:23.682+0000] {dag.py:3328} INFO - Setting next_dagrun for example_python_operator to None, run_after=None
[2023-01-20T23:53:23.693+0000] {processor.py:178} INFO - Processing /home/airflow/.local/lib/python3.7/site-packages/airflow/example_dags/example_python_operator.py took 0.081 seconds
[2023-01-20T23:53:53.934+0000] {processor.py:156} INFO - Started process (PID=1740) to work on /home/airflow/.local/lib/python3.7/site-packages/airflow/example_dags/example_python_operator.py
[2023-01-20T23:53:53.935+0000] {processor.py:758} INFO - Processing file /home/airflow/.local/lib/python3.7/site-packages/airflow/example_dags/example_python_operator.py for tasks to queue
[2023-01-20T23:53:53.936+0000] {logging_mixin.py:117} INFO - [2023-01-20T23:53:53.936+0000] {dagbag.py:525} INFO - Filling up the DagBag from /home/airflow/.local/lib/python3.7/site-packages/airflow/example_dags/example_python_operator.py
[2023-01-20T23:53:53.957+0000] {processor.py:768} INFO - DAG(s) dict_keys(['example_python_operator']) retrieved from /home/airflow/.local/lib/python3.7/site-packages/airflow/example_dags/example_python_operator.py
[2023-01-20T23:53:53.991+0000] {logging_mixin.py:117} INFO - [2023-01-20T23:53:53.991+0000] {dag.py:2573} INFO - Sync 1 DAGs
[2023-01-20T23:53:54.011+0000] {logging_mixin.py:117} INFO - [2023-01-20T23:53:54.011+0000] {dag.py:3328} INFO - Setting next_dagrun for example_python_operator to None, run_after=None
[2023-01-20T23:53:54.037+0000] {processor.py:178} INFO - Processing /home/airflow/.local/lib/python3.7/site-packages/airflow/example_dags/example_python_operator.py took 0.106 seconds
[2023-01-20T23:55:02.784+0000] {processor.py:156} INFO - Started process (PID=73) to work on /home/airflow/.local/lib/python3.7/site-packages/airflow/example_dags/example_python_operator.py
[2023-01-20T23:55:02.788+0000] {processor.py:758} INFO - Processing file /home/airflow/.local/lib/python3.7/site-packages/airflow/example_dags/example_python_operator.py for tasks to queue
[2023-01-20T23:55:02.789+0000] {logging_mixin.py:117} INFO - [2023-01-20T23:55:02.789+0000] {dagbag.py:525} INFO - Filling up the DagBag from /home/airflow/.local/lib/python3.7/site-packages/airflow/example_dags/example_python_operator.py
[2023-01-20T23:55:02.819+0000] {processor.py:768} INFO - DAG(s) dict_keys(['example_python_operator']) retrieved from /home/airflow/.local/lib/python3.7/site-packages/airflow/example_dags/example_python_operator.py
[2023-01-20T23:55:02.952+0000] {logging_mixin.py:117} INFO - [2023-01-20T23:55:02.952+0000] {dag.py:2573} INFO - Sync 1 DAGs
[2023-01-20T23:55:02.965+0000] {logging_mixin.py:117} INFO - [2023-01-20T23:55:02.965+0000] {dag.py:3328} INFO - Setting next_dagrun for example_python_operator to None, run_after=None
[2023-01-20T23:55:02.975+0000] {processor.py:178} INFO - Processing /home/airflow/.local/lib/python3.7/site-packages/airflow/example_dags/example_python_operator.py took 0.197 seconds
[2023-01-20T23:57:39.445+0000] {processor.py:156} INFO - Started process (PID=73) to work on /home/airflow/.local/lib/python3.7/site-packages/airflow/example_dags/example_python_operator.py
[2023-01-20T23:57:39.446+0000] {processor.py:758} INFO - Processing file /home/airflow/.local/lib/python3.7/site-packages/airflow/example_dags/example_python_operator.py for tasks to queue
[2023-01-20T23:57:39.447+0000] {logging_mixin.py:117} INFO - [2023-01-20T23:57:39.447+0000] {dagbag.py:525} INFO - Filling up the DagBag from /home/airflow/.local/lib/python3.7/site-packages/airflow/example_dags/example_python_operator.py
[2023-01-20T23:57:39.469+0000] {processor.py:768} INFO - DAG(s) dict_keys(['example_python_operator']) retrieved from /home/airflow/.local/lib/python3.7/site-packages/airflow/example_dags/example_python_operator.py
[2023-01-20T23:57:39.619+0000] {logging_mixin.py:117} INFO - [2023-01-20T23:57:39.619+0000] {dag.py:2573} INFO - Sync 1 DAGs
[2023-01-20T23:57:39.632+0000] {logging_mixin.py:117} INFO - [2023-01-20T23:57:39.632+0000] {dag.py:3328} INFO - Setting next_dagrun for example_python_operator to None, run_after=None
[2023-01-20T23:57:39.643+0000] {processor.py:178} INFO - Processing /home/airflow/.local/lib/python3.7/site-packages/airflow/example_dags/example_python_operator.py took 0.202 seconds
[2023-01-20T23:58:10.587+0000] {processor.py:156} INFO - Started process (PID=135) to work on /home/airflow/.local/lib/python3.7/site-packages/airflow/example_dags/example_python_operator.py
[2023-01-20T23:58:10.588+0000] {processor.py:758} INFO - Processing file /home/airflow/.local/lib/python3.7/site-packages/airflow/example_dags/example_python_operator.py for tasks to queue
[2023-01-20T23:58:10.589+0000] {logging_mixin.py:117} INFO - [2023-01-20T23:58:10.589+0000] {dagbag.py:525} INFO - Filling up the DagBag from /home/airflow/.local/lib/python3.7/site-packages/airflow/example_dags/example_python_operator.py
[2023-01-20T23:58:10.725+0000] {processor.py:768} INFO - DAG(s) dict_keys(['example_python_operator']) retrieved from /home/airflow/.local/lib/python3.7/site-packages/airflow/example_dags/example_python_operator.py
[2023-01-20T23:58:10.748+0000] {logging_mixin.py:117} INFO - [2023-01-20T23:58:10.748+0000] {dag.py:2573} INFO - Sync 1 DAGs
[2023-01-20T23:58:10.762+0000] {logging_mixin.py:117} INFO - [2023-01-20T23:58:10.762+0000] {dag.py:3328} INFO - Setting next_dagrun for example_python_operator to None, run_after=None
[2023-01-20T23:58:10.774+0000] {processor.py:178} INFO - Processing /home/airflow/.local/lib/python3.7/site-packages/airflow/example_dags/example_python_operator.py took 0.191 seconds
[2023-01-20T23:58:41.279+0000] {processor.py:156} INFO - Started process (PID=189) to work on /home/airflow/.local/lib/python3.7/site-packages/airflow/example_dags/example_python_operator.py
[2023-01-20T23:58:41.280+0000] {processor.py:758} INFO - Processing file /home/airflow/.local/lib/python3.7/site-packages/airflow/example_dags/example_python_operator.py for tasks to queue
[2023-01-20T23:58:41.281+0000] {logging_mixin.py:117} INFO - [2023-01-20T23:58:41.281+0000] {dagbag.py:525} INFO - Filling up the DagBag from /home/airflow/.local/lib/python3.7/site-packages/airflow/example_dags/example_python_operator.py
[2023-01-20T23:58:41.417+0000] {processor.py:768} INFO - DAG(s) dict_keys(['example_python_operator']) retrieved from /home/airflow/.local/lib/python3.7/site-packages/airflow/example_dags/example_python_operator.py
[2023-01-20T23:58:41.441+0000] {logging_mixin.py:117} INFO - [2023-01-20T23:58:41.441+0000] {dag.py:2573} INFO - Sync 1 DAGs
[2023-01-20T23:58:41.456+0000] {logging_mixin.py:117} INFO - [2023-01-20T23:58:41.456+0000] {dag.py:3328} INFO - Setting next_dagrun for example_python_operator to None, run_after=None
[2023-01-20T23:58:41.467+0000] {processor.py:178} INFO - Processing /home/airflow/.local/lib/python3.7/site-packages/airflow/example_dags/example_python_operator.py took 0.191 seconds
[2023-01-20T23:59:11.542+0000] {processor.py:156} INFO - Started process (PID=252) to work on /home/airflow/.local/lib/python3.7/site-packages/airflow/example_dags/example_python_operator.py
[2023-01-20T23:59:11.544+0000] {processor.py:758} INFO - Processing file /home/airflow/.local/lib/python3.7/site-packages/airflow/example_dags/example_python_operator.py for tasks to queue
[2023-01-20T23:59:11.545+0000] {logging_mixin.py:117} INFO - [2023-01-20T23:59:11.545+0000] {dagbag.py:525} INFO - Filling up the DagBag from /home/airflow/.local/lib/python3.7/site-packages/airflow/example_dags/example_python_operator.py
[2023-01-20T23:59:11.562+0000] {processor.py:768} INFO - DAG(s) dict_keys(['example_python_operator']) retrieved from /home/airflow/.local/lib/python3.7/site-packages/airflow/example_dags/example_python_operator.py
[2023-01-20T23:59:11.597+0000] {logging_mixin.py:117} INFO - [2023-01-20T23:59:11.597+0000] {dag.py:2573} INFO - Sync 1 DAGs
[2023-01-20T23:59:11.613+0000] {logging_mixin.py:117} INFO - [2023-01-20T23:59:11.613+0000] {dag.py:3328} INFO - Setting next_dagrun for example_python_operator to None, run_after=None
[2023-01-20T23:59:11.626+0000] {processor.py:178} INFO - Processing /home/airflow/.local/lib/python3.7/site-packages/airflow/example_dags/example_python_operator.py took 0.086 seconds
[2023-01-20T23:59:41.956+0000] {processor.py:156} INFO - Started process (PID=315) to work on /home/airflow/.local/lib/python3.7/site-packages/airflow/example_dags/example_python_operator.py
[2023-01-20T23:59:41.958+0000] {processor.py:758} INFO - Processing file /home/airflow/.local/lib/python3.7/site-packages/airflow/example_dags/example_python_operator.py for tasks to queue
[2023-01-20T23:59:41.958+0000] {logging_mixin.py:117} INFO - [2023-01-20T23:59:41.958+0000] {dagbag.py:525} INFO - Filling up the DagBag from /home/airflow/.local/lib/python3.7/site-packages/airflow/example_dags/example_python_operator.py
[2023-01-20T23:59:41.976+0000] {processor.py:768} INFO - DAG(s) dict_keys(['example_python_operator']) retrieved from /home/airflow/.local/lib/python3.7/site-packages/airflow/example_dags/example_python_operator.py
[2023-01-20T23:59:42.006+0000] {logging_mixin.py:117} INFO - [2023-01-20T23:59:42.006+0000] {dag.py:2573} INFO - Sync 1 DAGs
[2023-01-20T23:59:42.022+0000] {logging_mixin.py:117} INFO - [2023-01-20T23:59:42.022+0000] {dag.py:3328} INFO - Setting next_dagrun for example_python_operator to None, run_after=None
[2023-01-20T23:59:42.038+0000] {processor.py:178} INFO - Processing /home/airflow/.local/lib/python3.7/site-packages/airflow/example_dags/example_python_operator.py took 0.085 seconds
