[2023-01-20T23:40:09.726+0000] {processor.py:156} INFO - Started process (PID=74) to work on /home/airflow/.local/lib/python3.7/site-packages/airflow/example_dags/example_kubernetes_executor.py
[2023-01-20T23:40:09.728+0000] {processor.py:758} INFO - Processing file /home/airflow/.local/lib/python3.7/site-packages/airflow/example_dags/example_kubernetes_executor.py for tasks to queue
[2023-01-20T23:40:09.728+0000] {logging_mixin.py:117} INFO - [2023-01-20T23:40:09.728+0000] {dagbag.py:525} INFO - Filling up the DagBag from /home/airflow/.local/lib/python3.7/site-packages/airflow/example_dags/example_kubernetes_executor.py
[2023-01-20T23:40:09.755+0000] {processor.py:768} INFO - DAG(s) dict_keys(['example_kubernetes_executor']) retrieved from /home/airflow/.local/lib/python3.7/site-packages/airflow/example_dags/example_kubernetes_executor.py
[2023-01-20T23:40:09.904+0000] {logging_mixin.py:117} INFO - [2023-01-20T23:40:09.904+0000] {dag.py:2573} INFO - Sync 1 DAGs
[2023-01-20T23:40:09.929+0000] {logging_mixin.py:117} INFO - [2023-01-20T23:40:09.928+0000] {dag.py:3328} INFO - Setting next_dagrun for example_kubernetes_executor to None, run_after=None
[2023-01-20T23:40:09.945+0000] {processor.py:178} INFO - Processing /home/airflow/.local/lib/python3.7/site-packages/airflow/example_dags/example_kubernetes_executor.py took 0.221 seconds
[2023-01-20T23:40:41.613+0000] {processor.py:156} INFO - Started process (PID=138) to work on /home/airflow/.local/lib/python3.7/site-packages/airflow/example_dags/example_kubernetes_executor.py
[2023-01-20T23:40:41.615+0000] {processor.py:758} INFO - Processing file /home/airflow/.local/lib/python3.7/site-packages/airflow/example_dags/example_kubernetes_executor.py for tasks to queue
[2023-01-20T23:40:41.615+0000] {logging_mixin.py:117} INFO - [2023-01-20T23:40:41.615+0000] {dagbag.py:525} INFO - Filling up the DagBag from /home/airflow/.local/lib/python3.7/site-packages/airflow/example_dags/example_kubernetes_executor.py
[2023-01-20T23:40:41.857+0000] {processor.py:768} INFO - DAG(s) dict_keys(['example_kubernetes_executor']) retrieved from /home/airflow/.local/lib/python3.7/site-packages/airflow/example_dags/example_kubernetes_executor.py
[2023-01-20T23:40:41.882+0000] {logging_mixin.py:117} INFO - [2023-01-20T23:40:41.882+0000] {dag.py:2573} INFO - Sync 1 DAGs
[2023-01-20T23:40:41.895+0000] {logging_mixin.py:117} INFO - [2023-01-20T23:40:41.895+0000] {dag.py:3328} INFO - Setting next_dagrun for example_kubernetes_executor to None, run_after=None
[2023-01-20T23:40:41.904+0000] {processor.py:178} INFO - Processing /home/airflow/.local/lib/python3.7/site-packages/airflow/example_dags/example_kubernetes_executor.py took 0.295 seconds
[2023-01-20T23:41:12.108+0000] {processor.py:156} INFO - Started process (PID=202) to work on /home/airflow/.local/lib/python3.7/site-packages/airflow/example_dags/example_kubernetes_executor.py
[2023-01-20T23:41:12.109+0000] {processor.py:758} INFO - Processing file /home/airflow/.local/lib/python3.7/site-packages/airflow/example_dags/example_kubernetes_executor.py for tasks to queue
[2023-01-20T23:41:12.110+0000] {logging_mixin.py:117} INFO - [2023-01-20T23:41:12.110+0000] {dagbag.py:525} INFO - Filling up the DagBag from /home/airflow/.local/lib/python3.7/site-packages/airflow/example_dags/example_kubernetes_executor.py
[2023-01-20T23:41:12.232+0000] {processor.py:768} INFO - DAG(s) dict_keys(['example_kubernetes_executor']) retrieved from /home/airflow/.local/lib/python3.7/site-packages/airflow/example_dags/example_kubernetes_executor.py
[2023-01-20T23:41:12.253+0000] {logging_mixin.py:117} INFO - [2023-01-20T23:41:12.253+0000] {dag.py:2573} INFO - Sync 1 DAGs
[2023-01-20T23:41:12.265+0000] {logging_mixin.py:117} INFO - [2023-01-20T23:41:12.265+0000] {dag.py:3328} INFO - Setting next_dagrun for example_kubernetes_executor to None, run_after=None
[2023-01-20T23:41:12.275+0000] {processor.py:178} INFO - Processing /home/airflow/.local/lib/python3.7/site-packages/airflow/example_dags/example_kubernetes_executor.py took 0.170 seconds
[2023-01-20T23:41:42.842+0000] {processor.py:156} INFO - Started process (PID=265) to work on /home/airflow/.local/lib/python3.7/site-packages/airflow/example_dags/example_kubernetes_executor.py
[2023-01-20T23:41:42.844+0000] {processor.py:758} INFO - Processing file /home/airflow/.local/lib/python3.7/site-packages/airflow/example_dags/example_kubernetes_executor.py for tasks to queue
[2023-01-20T23:41:42.844+0000] {logging_mixin.py:117} INFO - [2023-01-20T23:41:42.844+0000] {dagbag.py:525} INFO - Filling up the DagBag from /home/airflow/.local/lib/python3.7/site-packages/airflow/example_dags/example_kubernetes_executor.py
[2023-01-20T23:41:42.865+0000] {processor.py:768} INFO - DAG(s) dict_keys(['example_kubernetes_executor']) retrieved from /home/airflow/.local/lib/python3.7/site-packages/airflow/example_dags/example_kubernetes_executor.py
[2023-01-20T23:41:42.896+0000] {logging_mixin.py:117} INFO - [2023-01-20T23:41:42.896+0000] {dag.py:2573} INFO - Sync 1 DAGs
[2023-01-20T23:41:42.914+0000] {logging_mixin.py:117} INFO - [2023-01-20T23:41:42.914+0000] {dag.py:3328} INFO - Setting next_dagrun for example_kubernetes_executor to None, run_after=None
[2023-01-20T23:41:42.928+0000] {processor.py:178} INFO - Processing /home/airflow/.local/lib/python3.7/site-packages/airflow/example_dags/example_kubernetes_executor.py took 0.089 seconds
[2023-01-20T23:42:13.296+0000] {processor.py:156} INFO - Started process (PID=319) to work on /home/airflow/.local/lib/python3.7/site-packages/airflow/example_dags/example_kubernetes_executor.py
[2023-01-20T23:42:13.297+0000] {processor.py:758} INFO - Processing file /home/airflow/.local/lib/python3.7/site-packages/airflow/example_dags/example_kubernetes_executor.py for tasks to queue
[2023-01-20T23:42:13.298+0000] {logging_mixin.py:117} INFO - [2023-01-20T23:42:13.298+0000] {dagbag.py:525} INFO - Filling up the DagBag from /home/airflow/.local/lib/python3.7/site-packages/airflow/example_dags/example_kubernetes_executor.py
[2023-01-20T23:42:13.316+0000] {processor.py:768} INFO - DAG(s) dict_keys(['example_kubernetes_executor']) retrieved from /home/airflow/.local/lib/python3.7/site-packages/airflow/example_dags/example_kubernetes_executor.py
[2023-01-20T23:42:13.341+0000] {logging_mixin.py:117} INFO - [2023-01-20T23:42:13.341+0000] {dag.py:2573} INFO - Sync 1 DAGs
[2023-01-20T23:42:13.354+0000] {logging_mixin.py:117} INFO - [2023-01-20T23:42:13.354+0000] {dag.py:3328} INFO - Setting next_dagrun for example_kubernetes_executor to None, run_after=None
[2023-01-20T23:42:13.365+0000] {processor.py:178} INFO - Processing /home/airflow/.local/lib/python3.7/site-packages/airflow/example_dags/example_kubernetes_executor.py took 0.072 seconds
[2023-01-20T23:42:44.045+0000] {processor.py:156} INFO - Started process (PID=382) to work on /home/airflow/.local/lib/python3.7/site-packages/airflow/example_dags/example_kubernetes_executor.py
[2023-01-20T23:42:44.046+0000] {processor.py:758} INFO - Processing file /home/airflow/.local/lib/python3.7/site-packages/airflow/example_dags/example_kubernetes_executor.py for tasks to queue
[2023-01-20T23:42:44.047+0000] {logging_mixin.py:117} INFO - [2023-01-20T23:42:44.047+0000] {dagbag.py:525} INFO - Filling up the DagBag from /home/airflow/.local/lib/python3.7/site-packages/airflow/example_dags/example_kubernetes_executor.py
[2023-01-20T23:42:44.068+0000] {processor.py:768} INFO - DAG(s) dict_keys(['example_kubernetes_executor']) retrieved from /home/airflow/.local/lib/python3.7/site-packages/airflow/example_dags/example_kubernetes_executor.py
[2023-01-20T23:42:44.095+0000] {logging_mixin.py:117} INFO - [2023-01-20T23:42:44.095+0000] {dag.py:2573} INFO - Sync 1 DAGs
[2023-01-20T23:42:44.109+0000] {logging_mixin.py:117} INFO - [2023-01-20T23:42:44.109+0000] {dag.py:3328} INFO - Setting next_dagrun for example_kubernetes_executor to None, run_after=None
[2023-01-20T23:42:44.120+0000] {processor.py:178} INFO - Processing /home/airflow/.local/lib/python3.7/site-packages/airflow/example_dags/example_kubernetes_executor.py took 0.077 seconds
[2023-01-20T23:43:15.225+0000] {processor.py:156} INFO - Started process (PID=446) to work on /home/airflow/.local/lib/python3.7/site-packages/airflow/example_dags/example_kubernetes_executor.py
[2023-01-20T23:43:15.229+0000] {processor.py:758} INFO - Processing file /home/airflow/.local/lib/python3.7/site-packages/airflow/example_dags/example_kubernetes_executor.py for tasks to queue
[2023-01-20T23:43:15.230+0000] {logging_mixin.py:117} INFO - [2023-01-20T23:43:15.230+0000] {dagbag.py:525} INFO - Filling up the DagBag from /home/airflow/.local/lib/python3.7/site-packages/airflow/example_dags/example_kubernetes_executor.py
[2023-01-20T23:43:15.258+0000] {processor.py:768} INFO - DAG(s) dict_keys(['example_kubernetes_executor']) retrieved from /home/airflow/.local/lib/python3.7/site-packages/airflow/example_dags/example_kubernetes_executor.py
[2023-01-20T23:43:15.304+0000] {logging_mixin.py:117} INFO - [2023-01-20T23:43:15.304+0000] {dag.py:2573} INFO - Sync 1 DAGs
[2023-01-20T23:43:15.325+0000] {logging_mixin.py:117} INFO - [2023-01-20T23:43:15.325+0000] {dag.py:3328} INFO - Setting next_dagrun for example_kubernetes_executor to None, run_after=None
[2023-01-20T23:43:15.341+0000] {processor.py:178} INFO - Processing /home/airflow/.local/lib/python3.7/site-packages/airflow/example_dags/example_kubernetes_executor.py took 0.119 seconds
[2023-01-20T23:43:45.678+0000] {processor.py:156} INFO - Started process (PID=509) to work on /home/airflow/.local/lib/python3.7/site-packages/airflow/example_dags/example_kubernetes_executor.py
[2023-01-20T23:43:45.679+0000] {processor.py:758} INFO - Processing file /home/airflow/.local/lib/python3.7/site-packages/airflow/example_dags/example_kubernetes_executor.py for tasks to queue
[2023-01-20T23:43:45.680+0000] {logging_mixin.py:117} INFO - [2023-01-20T23:43:45.680+0000] {dagbag.py:525} INFO - Filling up the DagBag from /home/airflow/.local/lib/python3.7/site-packages/airflow/example_dags/example_kubernetes_executor.py
[2023-01-20T23:43:45.698+0000] {processor.py:768} INFO - DAG(s) dict_keys(['example_kubernetes_executor']) retrieved from /home/airflow/.local/lib/python3.7/site-packages/airflow/example_dags/example_kubernetes_executor.py
[2023-01-20T23:43:45.724+0000] {logging_mixin.py:117} INFO - [2023-01-20T23:43:45.724+0000] {dag.py:2573} INFO - Sync 1 DAGs
[2023-01-20T23:43:45.738+0000] {logging_mixin.py:117} INFO - [2023-01-20T23:43:45.738+0000] {dag.py:3328} INFO - Setting next_dagrun for example_kubernetes_executor to None, run_after=None
[2023-01-20T23:43:45.747+0000] {processor.py:178} INFO - Processing /home/airflow/.local/lib/python3.7/site-packages/airflow/example_dags/example_kubernetes_executor.py took 0.072 seconds
[2023-01-20T23:44:16.177+0000] {processor.py:156} INFO - Started process (PID=572) to work on /home/airflow/.local/lib/python3.7/site-packages/airflow/example_dags/example_kubernetes_executor.py
[2023-01-20T23:44:16.179+0000] {processor.py:758} INFO - Processing file /home/airflow/.local/lib/python3.7/site-packages/airflow/example_dags/example_kubernetes_executor.py for tasks to queue
[2023-01-20T23:44:16.180+0000] {logging_mixin.py:117} INFO - [2023-01-20T23:44:16.179+0000] {dagbag.py:525} INFO - Filling up the DagBag from /home/airflow/.local/lib/python3.7/site-packages/airflow/example_dags/example_kubernetes_executor.py
[2023-01-20T23:44:16.201+0000] {processor.py:768} INFO - DAG(s) dict_keys(['example_kubernetes_executor']) retrieved from /home/airflow/.local/lib/python3.7/site-packages/airflow/example_dags/example_kubernetes_executor.py
[2023-01-20T23:44:16.231+0000] {logging_mixin.py:117} INFO - [2023-01-20T23:44:16.231+0000] {dag.py:2573} INFO - Sync 1 DAGs
[2023-01-20T23:44:16.246+0000] {logging_mixin.py:117} INFO - [2023-01-20T23:44:16.246+0000] {dag.py:3328} INFO - Setting next_dagrun for example_kubernetes_executor to None, run_after=None
[2023-01-20T23:44:16.257+0000] {processor.py:178} INFO - Processing /home/airflow/.local/lib/python3.7/site-packages/airflow/example_dags/example_kubernetes_executor.py took 0.082 seconds
[2023-01-20T23:44:46.542+0000] {processor.py:156} INFO - Started process (PID=637) to work on /home/airflow/.local/lib/python3.7/site-packages/airflow/example_dags/example_kubernetes_executor.py
[2023-01-20T23:44:46.544+0000] {processor.py:758} INFO - Processing file /home/airflow/.local/lib/python3.7/site-packages/airflow/example_dags/example_kubernetes_executor.py for tasks to queue
[2023-01-20T23:44:46.544+0000] {logging_mixin.py:117} INFO - [2023-01-20T23:44:46.544+0000] {dagbag.py:525} INFO - Filling up the DagBag from /home/airflow/.local/lib/python3.7/site-packages/airflow/example_dags/example_kubernetes_executor.py
[2023-01-20T23:44:46.564+0000] {processor.py:768} INFO - DAG(s) dict_keys(['example_kubernetes_executor']) retrieved from /home/airflow/.local/lib/python3.7/site-packages/airflow/example_dags/example_kubernetes_executor.py
[2023-01-20T23:44:46.590+0000] {logging_mixin.py:117} INFO - [2023-01-20T23:44:46.590+0000] {dag.py:2573} INFO - Sync 1 DAGs
[2023-01-20T23:44:46.605+0000] {logging_mixin.py:117} INFO - [2023-01-20T23:44:46.605+0000] {dag.py:3328} INFO - Setting next_dagrun for example_kubernetes_executor to None, run_after=None
[2023-01-20T23:44:46.616+0000] {processor.py:178} INFO - Processing /home/airflow/.local/lib/python3.7/site-packages/airflow/example_dags/example_kubernetes_executor.py took 0.077 seconds
[2023-01-20T23:45:16.852+0000] {processor.py:156} INFO - Started process (PID=689) to work on /home/airflow/.local/lib/python3.7/site-packages/airflow/example_dags/example_kubernetes_executor.py
[2023-01-20T23:45:16.853+0000] {processor.py:758} INFO - Processing file /home/airflow/.local/lib/python3.7/site-packages/airflow/example_dags/example_kubernetes_executor.py for tasks to queue
[2023-01-20T23:45:16.854+0000] {logging_mixin.py:117} INFO - [2023-01-20T23:45:16.854+0000] {dagbag.py:525} INFO - Filling up the DagBag from /home/airflow/.local/lib/python3.7/site-packages/airflow/example_dags/example_kubernetes_executor.py
[2023-01-20T23:45:16.874+0000] {processor.py:768} INFO - DAG(s) dict_keys(['example_kubernetes_executor']) retrieved from /home/airflow/.local/lib/python3.7/site-packages/airflow/example_dags/example_kubernetes_executor.py
[2023-01-20T23:45:16.903+0000] {logging_mixin.py:117} INFO - [2023-01-20T23:45:16.903+0000] {dag.py:2573} INFO - Sync 1 DAGs
[2023-01-20T23:45:16.917+0000] {logging_mixin.py:117} INFO - [2023-01-20T23:45:16.917+0000] {dag.py:3328} INFO - Setting next_dagrun for example_kubernetes_executor to None, run_after=None
[2023-01-20T23:45:16.927+0000] {processor.py:178} INFO - Processing /home/airflow/.local/lib/python3.7/site-packages/airflow/example_dags/example_kubernetes_executor.py took 0.078 seconds
[2023-01-20T23:45:47.338+0000] {processor.py:156} INFO - Started process (PID=754) to work on /home/airflow/.local/lib/python3.7/site-packages/airflow/example_dags/example_kubernetes_executor.py
[2023-01-20T23:45:47.339+0000] {processor.py:758} INFO - Processing file /home/airflow/.local/lib/python3.7/site-packages/airflow/example_dags/example_kubernetes_executor.py for tasks to queue
[2023-01-20T23:45:47.339+0000] {logging_mixin.py:117} INFO - [2023-01-20T23:45:47.339+0000] {dagbag.py:525} INFO - Filling up the DagBag from /home/airflow/.local/lib/python3.7/site-packages/airflow/example_dags/example_kubernetes_executor.py
[2023-01-20T23:45:47.358+0000] {processor.py:768} INFO - DAG(s) dict_keys(['example_kubernetes_executor']) retrieved from /home/airflow/.local/lib/python3.7/site-packages/airflow/example_dags/example_kubernetes_executor.py
[2023-01-20T23:45:47.387+0000] {logging_mixin.py:117} INFO - [2023-01-20T23:45:47.387+0000] {dag.py:2573} INFO - Sync 1 DAGs
[2023-01-20T23:45:47.401+0000] {logging_mixin.py:117} INFO - [2023-01-20T23:45:47.401+0000] {dag.py:3328} INFO - Setting next_dagrun for example_kubernetes_executor to None, run_after=None
[2023-01-20T23:45:47.412+0000] {processor.py:178} INFO - Processing /home/airflow/.local/lib/python3.7/site-packages/airflow/example_dags/example_kubernetes_executor.py took 0.077 seconds
[2023-01-20T23:46:17.590+0000] {processor.py:156} INFO - Started process (PID=815) to work on /home/airflow/.local/lib/python3.7/site-packages/airflow/example_dags/example_kubernetes_executor.py
[2023-01-20T23:46:17.591+0000] {processor.py:758} INFO - Processing file /home/airflow/.local/lib/python3.7/site-packages/airflow/example_dags/example_kubernetes_executor.py for tasks to queue
[2023-01-20T23:46:17.592+0000] {logging_mixin.py:117} INFO - [2023-01-20T23:46:17.592+0000] {dagbag.py:525} INFO - Filling up the DagBag from /home/airflow/.local/lib/python3.7/site-packages/airflow/example_dags/example_kubernetes_executor.py
[2023-01-20T23:46:17.612+0000] {processor.py:768} INFO - DAG(s) dict_keys(['example_kubernetes_executor']) retrieved from /home/airflow/.local/lib/python3.7/site-packages/airflow/example_dags/example_kubernetes_executor.py
[2023-01-20T23:46:17.641+0000] {logging_mixin.py:117} INFO - [2023-01-20T23:46:17.641+0000] {dag.py:2573} INFO - Sync 1 DAGs
[2023-01-20T23:46:17.656+0000] {logging_mixin.py:117} INFO - [2023-01-20T23:46:17.655+0000] {dag.py:3328} INFO - Setting next_dagrun for example_kubernetes_executor to None, run_after=None
[2023-01-20T23:46:17.666+0000] {processor.py:178} INFO - Processing /home/airflow/.local/lib/python3.7/site-packages/airflow/example_dags/example_kubernetes_executor.py took 0.079 seconds
[2023-01-20T23:46:48.029+0000] {processor.py:156} INFO - Started process (PID=878) to work on /home/airflow/.local/lib/python3.7/site-packages/airflow/example_dags/example_kubernetes_executor.py
[2023-01-20T23:46:48.030+0000] {processor.py:758} INFO - Processing file /home/airflow/.local/lib/python3.7/site-packages/airflow/example_dags/example_kubernetes_executor.py for tasks to queue
[2023-01-20T23:46:48.031+0000] {logging_mixin.py:117} INFO - [2023-01-20T23:46:48.031+0000] {dagbag.py:525} INFO - Filling up the DagBag from /home/airflow/.local/lib/python3.7/site-packages/airflow/example_dags/example_kubernetes_executor.py
[2023-01-20T23:46:48.052+0000] {processor.py:768} INFO - DAG(s) dict_keys(['example_kubernetes_executor']) retrieved from /home/airflow/.local/lib/python3.7/site-packages/airflow/example_dags/example_kubernetes_executor.py
[2023-01-20T23:46:48.092+0000] {logging_mixin.py:117} INFO - [2023-01-20T23:46:48.092+0000] {dag.py:2573} INFO - Sync 1 DAGs
[2023-01-20T23:46:48.113+0000] {logging_mixin.py:117} INFO - [2023-01-20T23:46:48.113+0000] {dag.py:3328} INFO - Setting next_dagrun for example_kubernetes_executor to None, run_after=None
[2023-01-20T23:46:48.124+0000] {processor.py:178} INFO - Processing /home/airflow/.local/lib/python3.7/site-packages/airflow/example_dags/example_kubernetes_executor.py took 0.097 seconds
[2023-01-20T23:47:18.539+0000] {processor.py:156} INFO - Started process (PID=941) to work on /home/airflow/.local/lib/python3.7/site-packages/airflow/example_dags/example_kubernetes_executor.py
[2023-01-20T23:47:18.540+0000] {processor.py:758} INFO - Processing file /home/airflow/.local/lib/python3.7/site-packages/airflow/example_dags/example_kubernetes_executor.py for tasks to queue
[2023-01-20T23:47:18.540+0000] {logging_mixin.py:117} INFO - [2023-01-20T23:47:18.540+0000] {dagbag.py:525} INFO - Filling up the DagBag from /home/airflow/.local/lib/python3.7/site-packages/airflow/example_dags/example_kubernetes_executor.py
[2023-01-20T23:47:18.559+0000] {processor.py:768} INFO - DAG(s) dict_keys(['example_kubernetes_executor']) retrieved from /home/airflow/.local/lib/python3.7/site-packages/airflow/example_dags/example_kubernetes_executor.py
[2023-01-20T23:47:18.585+0000] {logging_mixin.py:117} INFO - [2023-01-20T23:47:18.585+0000] {dag.py:2573} INFO - Sync 1 DAGs
[2023-01-20T23:47:18.599+0000] {logging_mixin.py:117} INFO - [2023-01-20T23:47:18.599+0000] {dag.py:3328} INFO - Setting next_dagrun for example_kubernetes_executor to None, run_after=None
[2023-01-20T23:47:18.610+0000] {processor.py:178} INFO - Processing /home/airflow/.local/lib/python3.7/site-packages/airflow/example_dags/example_kubernetes_executor.py took 0.073 seconds
[2023-01-20T23:47:49.036+0000] {processor.py:156} INFO - Started process (PID=1003) to work on /home/airflow/.local/lib/python3.7/site-packages/airflow/example_dags/example_kubernetes_executor.py
[2023-01-20T23:47:49.038+0000] {processor.py:758} INFO - Processing file /home/airflow/.local/lib/python3.7/site-packages/airflow/example_dags/example_kubernetes_executor.py for tasks to queue
[2023-01-20T23:47:49.039+0000] {logging_mixin.py:117} INFO - [2023-01-20T23:47:49.039+0000] {dagbag.py:525} INFO - Filling up the DagBag from /home/airflow/.local/lib/python3.7/site-packages/airflow/example_dags/example_kubernetes_executor.py
[2023-01-20T23:47:49.060+0000] {processor.py:768} INFO - DAG(s) dict_keys(['example_kubernetes_executor']) retrieved from /home/airflow/.local/lib/python3.7/site-packages/airflow/example_dags/example_kubernetes_executor.py
[2023-01-20T23:47:49.090+0000] {logging_mixin.py:117} INFO - [2023-01-20T23:47:49.090+0000] {dag.py:2573} INFO - Sync 1 DAGs
[2023-01-20T23:47:49.105+0000] {logging_mixin.py:117} INFO - [2023-01-20T23:47:49.105+0000] {dag.py:3328} INFO - Setting next_dagrun for example_kubernetes_executor to None, run_after=None
[2023-01-20T23:47:49.117+0000] {processor.py:178} INFO - Processing /home/airflow/.local/lib/python3.7/site-packages/airflow/example_dags/example_kubernetes_executor.py took 0.084 seconds
[2023-01-20T23:48:19.464+0000] {processor.py:156} INFO - Started process (PID=1057) to work on /home/airflow/.local/lib/python3.7/site-packages/airflow/example_dags/example_kubernetes_executor.py
[2023-01-20T23:48:19.466+0000] {processor.py:758} INFO - Processing file /home/airflow/.local/lib/python3.7/site-packages/airflow/example_dags/example_kubernetes_executor.py for tasks to queue
[2023-01-20T23:48:19.466+0000] {logging_mixin.py:117} INFO - [2023-01-20T23:48:19.466+0000] {dagbag.py:525} INFO - Filling up the DagBag from /home/airflow/.local/lib/python3.7/site-packages/airflow/example_dags/example_kubernetes_executor.py
[2023-01-20T23:48:19.484+0000] {processor.py:768} INFO - DAG(s) dict_keys(['example_kubernetes_executor']) retrieved from /home/airflow/.local/lib/python3.7/site-packages/airflow/example_dags/example_kubernetes_executor.py
[2023-01-20T23:48:19.512+0000] {logging_mixin.py:117} INFO - [2023-01-20T23:48:19.512+0000] {dag.py:2573} INFO - Sync 1 DAGs
[2023-01-20T23:48:19.526+0000] {logging_mixin.py:117} INFO - [2023-01-20T23:48:19.526+0000] {dag.py:3328} INFO - Setting next_dagrun for example_kubernetes_executor to None, run_after=None
[2023-01-20T23:48:19.537+0000] {processor.py:178} INFO - Processing /home/airflow/.local/lib/python3.7/site-packages/airflow/example_dags/example_kubernetes_executor.py took 0.075 seconds
[2023-01-20T23:48:49.862+0000] {processor.py:156} INFO - Started process (PID=1120) to work on /home/airflow/.local/lib/python3.7/site-packages/airflow/example_dags/example_kubernetes_executor.py
[2023-01-20T23:48:49.863+0000] {processor.py:758} INFO - Processing file /home/airflow/.local/lib/python3.7/site-packages/airflow/example_dags/example_kubernetes_executor.py for tasks to queue
[2023-01-20T23:48:49.863+0000] {logging_mixin.py:117} INFO - [2023-01-20T23:48:49.863+0000] {dagbag.py:525} INFO - Filling up the DagBag from /home/airflow/.local/lib/python3.7/site-packages/airflow/example_dags/example_kubernetes_executor.py
[2023-01-20T23:48:49.881+0000] {processor.py:768} INFO - DAG(s) dict_keys(['example_kubernetes_executor']) retrieved from /home/airflow/.local/lib/python3.7/site-packages/airflow/example_dags/example_kubernetes_executor.py
[2023-01-20T23:48:49.907+0000] {logging_mixin.py:117} INFO - [2023-01-20T23:48:49.907+0000] {dag.py:2573} INFO - Sync 1 DAGs
[2023-01-20T23:48:49.921+0000] {logging_mixin.py:117} INFO - [2023-01-20T23:48:49.921+0000] {dag.py:3328} INFO - Setting next_dagrun for example_kubernetes_executor to None, run_after=None
[2023-01-20T23:48:49.931+0000] {processor.py:178} INFO - Processing /home/airflow/.local/lib/python3.7/site-packages/airflow/example_dags/example_kubernetes_executor.py took 0.071 seconds
[2023-01-20T23:49:20.209+0000] {processor.py:156} INFO - Started process (PID=1183) to work on /home/airflow/.local/lib/python3.7/site-packages/airflow/example_dags/example_kubernetes_executor.py
[2023-01-20T23:49:20.211+0000] {processor.py:758} INFO - Processing file /home/airflow/.local/lib/python3.7/site-packages/airflow/example_dags/example_kubernetes_executor.py for tasks to queue
[2023-01-20T23:49:20.211+0000] {logging_mixin.py:117} INFO - [2023-01-20T23:49:20.211+0000] {dagbag.py:525} INFO - Filling up the DagBag from /home/airflow/.local/lib/python3.7/site-packages/airflow/example_dags/example_kubernetes_executor.py
[2023-01-20T23:49:20.230+0000] {processor.py:768} INFO - DAG(s) dict_keys(['example_kubernetes_executor']) retrieved from /home/airflow/.local/lib/python3.7/site-packages/airflow/example_dags/example_kubernetes_executor.py
[2023-01-20T23:49:20.257+0000] {logging_mixin.py:117} INFO - [2023-01-20T23:49:20.257+0000] {dag.py:2573} INFO - Sync 1 DAGs
[2023-01-20T23:49:20.272+0000] {logging_mixin.py:117} INFO - [2023-01-20T23:49:20.272+0000] {dag.py:3328} INFO - Setting next_dagrun for example_kubernetes_executor to None, run_after=None
[2023-01-20T23:49:20.284+0000] {processor.py:178} INFO - Processing /home/airflow/.local/lib/python3.7/site-packages/airflow/example_dags/example_kubernetes_executor.py took 0.077 seconds
[2023-01-20T23:49:50.584+0000] {processor.py:156} INFO - Started process (PID=1246) to work on /home/airflow/.local/lib/python3.7/site-packages/airflow/example_dags/example_kubernetes_executor.py
[2023-01-20T23:49:50.586+0000] {processor.py:758} INFO - Processing file /home/airflow/.local/lib/python3.7/site-packages/airflow/example_dags/example_kubernetes_executor.py for tasks to queue
[2023-01-20T23:49:50.586+0000] {logging_mixin.py:117} INFO - [2023-01-20T23:49:50.586+0000] {dagbag.py:525} INFO - Filling up the DagBag from /home/airflow/.local/lib/python3.7/site-packages/airflow/example_dags/example_kubernetes_executor.py
[2023-01-20T23:49:50.606+0000] {processor.py:768} INFO - DAG(s) dict_keys(['example_kubernetes_executor']) retrieved from /home/airflow/.local/lib/python3.7/site-packages/airflow/example_dags/example_kubernetes_executor.py
[2023-01-20T23:49:50.636+0000] {logging_mixin.py:117} INFO - [2023-01-20T23:49:50.636+0000] {dag.py:2573} INFO - Sync 1 DAGs
[2023-01-20T23:49:50.650+0000] {logging_mixin.py:117} INFO - [2023-01-20T23:49:50.650+0000] {dag.py:3328} INFO - Setting next_dagrun for example_kubernetes_executor to None, run_after=None
[2023-01-20T23:49:50.660+0000] {processor.py:178} INFO - Processing /home/airflow/.local/lib/python3.7/site-packages/airflow/example_dags/example_kubernetes_executor.py took 0.078 seconds
[2023-01-20T23:50:20.988+0000] {processor.py:156} INFO - Started process (PID=1311) to work on /home/airflow/.local/lib/python3.7/site-packages/airflow/example_dags/example_kubernetes_executor.py
[2023-01-20T23:50:20.989+0000] {processor.py:758} INFO - Processing file /home/airflow/.local/lib/python3.7/site-packages/airflow/example_dags/example_kubernetes_executor.py for tasks to queue
[2023-01-20T23:50:20.990+0000] {logging_mixin.py:117} INFO - [2023-01-20T23:50:20.989+0000] {dagbag.py:525} INFO - Filling up the DagBag from /home/airflow/.local/lib/python3.7/site-packages/airflow/example_dags/example_kubernetes_executor.py
[2023-01-20T23:50:21.009+0000] {processor.py:768} INFO - DAG(s) dict_keys(['example_kubernetes_executor']) retrieved from /home/airflow/.local/lib/python3.7/site-packages/airflow/example_dags/example_kubernetes_executor.py
[2023-01-20T23:50:21.034+0000] {logging_mixin.py:117} INFO - [2023-01-20T23:50:21.034+0000] {dag.py:2573} INFO - Sync 1 DAGs
[2023-01-20T23:50:21.047+0000] {logging_mixin.py:117} INFO - [2023-01-20T23:50:21.047+0000] {dag.py:3328} INFO - Setting next_dagrun for example_kubernetes_executor to None, run_after=None
[2023-01-20T23:50:21.057+0000] {processor.py:178} INFO - Processing /home/airflow/.local/lib/python3.7/site-packages/airflow/example_dags/example_kubernetes_executor.py took 0.072 seconds
[2023-01-20T23:50:51.208+0000] {processor.py:156} INFO - Started process (PID=1373) to work on /home/airflow/.local/lib/python3.7/site-packages/airflow/example_dags/example_kubernetes_executor.py
[2023-01-20T23:50:51.209+0000] {processor.py:758} INFO - Processing file /home/airflow/.local/lib/python3.7/site-packages/airflow/example_dags/example_kubernetes_executor.py for tasks to queue
[2023-01-20T23:50:51.211+0000] {logging_mixin.py:117} INFO - [2023-01-20T23:50:51.211+0000] {dagbag.py:525} INFO - Filling up the DagBag from /home/airflow/.local/lib/python3.7/site-packages/airflow/example_dags/example_kubernetes_executor.py
[2023-01-20T23:50:51.231+0000] {processor.py:768} INFO - DAG(s) dict_keys(['example_kubernetes_executor']) retrieved from /home/airflow/.local/lib/python3.7/site-packages/airflow/example_dags/example_kubernetes_executor.py
[2023-01-20T23:50:51.260+0000] {logging_mixin.py:117} INFO - [2023-01-20T23:50:51.260+0000] {dag.py:2573} INFO - Sync 1 DAGs
[2023-01-20T23:50:51.276+0000] {logging_mixin.py:117} INFO - [2023-01-20T23:50:51.276+0000] {dag.py:3328} INFO - Setting next_dagrun for example_kubernetes_executor to None, run_after=None
[2023-01-20T23:50:51.287+0000] {processor.py:178} INFO - Processing /home/airflow/.local/lib/python3.7/site-packages/airflow/example_dags/example_kubernetes_executor.py took 0.082 seconds
[2023-01-20T23:51:21.637+0000] {processor.py:156} INFO - Started process (PID=1426) to work on /home/airflow/.local/lib/python3.7/site-packages/airflow/example_dags/example_kubernetes_executor.py
[2023-01-20T23:51:21.638+0000] {processor.py:758} INFO - Processing file /home/airflow/.local/lib/python3.7/site-packages/airflow/example_dags/example_kubernetes_executor.py for tasks to queue
[2023-01-20T23:51:21.639+0000] {logging_mixin.py:117} INFO - [2023-01-20T23:51:21.639+0000] {dagbag.py:525} INFO - Filling up the DagBag from /home/airflow/.local/lib/python3.7/site-packages/airflow/example_dags/example_kubernetes_executor.py
[2023-01-20T23:51:21.658+0000] {processor.py:768} INFO - DAG(s) dict_keys(['example_kubernetes_executor']) retrieved from /home/airflow/.local/lib/python3.7/site-packages/airflow/example_dags/example_kubernetes_executor.py
[2023-01-20T23:51:21.684+0000] {logging_mixin.py:117} INFO - [2023-01-20T23:51:21.684+0000] {dag.py:2573} INFO - Sync 1 DAGs
[2023-01-20T23:51:21.699+0000] {logging_mixin.py:117} INFO - [2023-01-20T23:51:21.698+0000] {dag.py:3328} INFO - Setting next_dagrun for example_kubernetes_executor to None, run_after=None
[2023-01-20T23:51:21.709+0000] {processor.py:178} INFO - Processing /home/airflow/.local/lib/python3.7/site-packages/airflow/example_dags/example_kubernetes_executor.py took 0.074 seconds
[2023-01-20T23:51:52.167+0000] {processor.py:156} INFO - Started process (PID=1490) to work on /home/airflow/.local/lib/python3.7/site-packages/airflow/example_dags/example_kubernetes_executor.py
[2023-01-20T23:51:52.168+0000] {processor.py:758} INFO - Processing file /home/airflow/.local/lib/python3.7/site-packages/airflow/example_dags/example_kubernetes_executor.py for tasks to queue
[2023-01-20T23:51:52.169+0000] {logging_mixin.py:117} INFO - [2023-01-20T23:51:52.168+0000] {dagbag.py:525} INFO - Filling up the DagBag from /home/airflow/.local/lib/python3.7/site-packages/airflow/example_dags/example_kubernetes_executor.py
[2023-01-20T23:51:52.188+0000] {processor.py:768} INFO - DAG(s) dict_keys(['example_kubernetes_executor']) retrieved from /home/airflow/.local/lib/python3.7/site-packages/airflow/example_dags/example_kubernetes_executor.py
[2023-01-20T23:51:52.218+0000] {logging_mixin.py:117} INFO - [2023-01-20T23:51:52.218+0000] {dag.py:2573} INFO - Sync 1 DAGs
[2023-01-20T23:51:52.235+0000] {logging_mixin.py:117} INFO - [2023-01-20T23:51:52.235+0000] {dag.py:3328} INFO - Setting next_dagrun for example_kubernetes_executor to None, run_after=None
[2023-01-20T23:51:52.251+0000] {processor.py:178} INFO - Processing /home/airflow/.local/lib/python3.7/site-packages/airflow/example_dags/example_kubernetes_executor.py took 0.087 seconds
[2023-01-20T23:52:22.705+0000] {processor.py:156} INFO - Started process (PID=1553) to work on /home/airflow/.local/lib/python3.7/site-packages/airflow/example_dags/example_kubernetes_executor.py
[2023-01-20T23:52:22.706+0000] {processor.py:758} INFO - Processing file /home/airflow/.local/lib/python3.7/site-packages/airflow/example_dags/example_kubernetes_executor.py for tasks to queue
[2023-01-20T23:52:22.707+0000] {logging_mixin.py:117} INFO - [2023-01-20T23:52:22.707+0000] {dagbag.py:525} INFO - Filling up the DagBag from /home/airflow/.local/lib/python3.7/site-packages/airflow/example_dags/example_kubernetes_executor.py
[2023-01-20T23:52:22.726+0000] {processor.py:768} INFO - DAG(s) dict_keys(['example_kubernetes_executor']) retrieved from /home/airflow/.local/lib/python3.7/site-packages/airflow/example_dags/example_kubernetes_executor.py
[2023-01-20T23:52:22.754+0000] {logging_mixin.py:117} INFO - [2023-01-20T23:52:22.754+0000] {dag.py:2573} INFO - Sync 1 DAGs
[2023-01-20T23:52:22.768+0000] {logging_mixin.py:117} INFO - [2023-01-20T23:52:22.768+0000] {dag.py:3328} INFO - Setting next_dagrun for example_kubernetes_executor to None, run_after=None
[2023-01-20T23:52:22.778+0000] {processor.py:178} INFO - Processing /home/airflow/.local/lib/python3.7/site-packages/airflow/example_dags/example_kubernetes_executor.py took 0.076 seconds
[2023-01-20T23:52:53.049+0000] {processor.py:156} INFO - Started process (PID=1616) to work on /home/airflow/.local/lib/python3.7/site-packages/airflow/example_dags/example_kubernetes_executor.py
[2023-01-20T23:52:53.050+0000] {processor.py:758} INFO - Processing file /home/airflow/.local/lib/python3.7/site-packages/airflow/example_dags/example_kubernetes_executor.py for tasks to queue
[2023-01-20T23:52:53.051+0000] {logging_mixin.py:117} INFO - [2023-01-20T23:52:53.051+0000] {dagbag.py:525} INFO - Filling up the DagBag from /home/airflow/.local/lib/python3.7/site-packages/airflow/example_dags/example_kubernetes_executor.py
[2023-01-20T23:52:53.069+0000] {processor.py:768} INFO - DAG(s) dict_keys(['example_kubernetes_executor']) retrieved from /home/airflow/.local/lib/python3.7/site-packages/airflow/example_dags/example_kubernetes_executor.py
[2023-01-20T23:52:53.095+0000] {logging_mixin.py:117} INFO - [2023-01-20T23:52:53.095+0000] {dag.py:2573} INFO - Sync 1 DAGs
[2023-01-20T23:52:53.109+0000] {logging_mixin.py:117} INFO - [2023-01-20T23:52:53.109+0000] {dag.py:3328} INFO - Setting next_dagrun for example_kubernetes_executor to None, run_after=None
[2023-01-20T23:52:53.119+0000] {processor.py:178} INFO - Processing /home/airflow/.local/lib/python3.7/site-packages/airflow/example_dags/example_kubernetes_executor.py took 0.072 seconds
[2023-01-20T23:53:23.620+0000] {processor.py:156} INFO - Started process (PID=1679) to work on /home/airflow/.local/lib/python3.7/site-packages/airflow/example_dags/example_kubernetes_executor.py
[2023-01-20T23:53:23.621+0000] {processor.py:758} INFO - Processing file /home/airflow/.local/lib/python3.7/site-packages/airflow/example_dags/example_kubernetes_executor.py for tasks to queue
[2023-01-20T23:53:23.622+0000] {logging_mixin.py:117} INFO - [2023-01-20T23:53:23.622+0000] {dagbag.py:525} INFO - Filling up the DagBag from /home/airflow/.local/lib/python3.7/site-packages/airflow/example_dags/example_kubernetes_executor.py
[2023-01-20T23:53:23.641+0000] {processor.py:768} INFO - DAG(s) dict_keys(['example_kubernetes_executor']) retrieved from /home/airflow/.local/lib/python3.7/site-packages/airflow/example_dags/example_kubernetes_executor.py
[2023-01-20T23:53:23.674+0000] {logging_mixin.py:117} INFO - [2023-01-20T23:53:23.674+0000] {dag.py:2573} INFO - Sync 1 DAGs
[2023-01-20T23:53:23.689+0000] {logging_mixin.py:117} INFO - [2023-01-20T23:53:23.689+0000] {dag.py:3328} INFO - Setting next_dagrun for example_kubernetes_executor to None, run_after=None
[2023-01-20T23:53:23.704+0000] {processor.py:178} INFO - Processing /home/airflow/.local/lib/python3.7/site-packages/airflow/example_dags/example_kubernetes_executor.py took 0.086 seconds
[2023-01-20T23:53:54.052+0000] {processor.py:156} INFO - Started process (PID=1743) to work on /home/airflow/.local/lib/python3.7/site-packages/airflow/example_dags/example_kubernetes_executor.py
[2023-01-20T23:53:54.054+0000] {processor.py:758} INFO - Processing file /home/airflow/.local/lib/python3.7/site-packages/airflow/example_dags/example_kubernetes_executor.py for tasks to queue
[2023-01-20T23:53:54.055+0000] {logging_mixin.py:117} INFO - [2023-01-20T23:53:54.055+0000] {dagbag.py:525} INFO - Filling up the DagBag from /home/airflow/.local/lib/python3.7/site-packages/airflow/example_dags/example_kubernetes_executor.py
[2023-01-20T23:53:54.076+0000] {processor.py:768} INFO - DAG(s) dict_keys(['example_kubernetes_executor']) retrieved from /home/airflow/.local/lib/python3.7/site-packages/airflow/example_dags/example_kubernetes_executor.py
[2023-01-20T23:53:54.106+0000] {logging_mixin.py:117} INFO - [2023-01-20T23:53:54.106+0000] {dag.py:2573} INFO - Sync 1 DAGs
[2023-01-20T23:53:54.122+0000] {logging_mixin.py:117} INFO - [2023-01-20T23:53:54.122+0000] {dag.py:3328} INFO - Setting next_dagrun for example_kubernetes_executor to None, run_after=None
[2023-01-20T23:53:54.137+0000] {processor.py:178} INFO - Processing /home/airflow/.local/lib/python3.7/site-packages/airflow/example_dags/example_kubernetes_executor.py took 0.087 seconds
[2023-01-20T23:55:02.952+0000] {processor.py:156} INFO - Started process (PID=74) to work on /home/airflow/.local/lib/python3.7/site-packages/airflow/example_dags/example_kubernetes_executor.py
[2023-01-20T23:55:02.953+0000] {processor.py:758} INFO - Processing file /home/airflow/.local/lib/python3.7/site-packages/airflow/example_dags/example_kubernetes_executor.py for tasks to queue
[2023-01-20T23:55:02.954+0000] {logging_mixin.py:117} INFO - [2023-01-20T23:55:02.954+0000] {dagbag.py:525} INFO - Filling up the DagBag from /home/airflow/.local/lib/python3.7/site-packages/airflow/example_dags/example_kubernetes_executor.py
[2023-01-20T23:55:02.974+0000] {processor.py:768} INFO - DAG(s) dict_keys(['example_kubernetes_executor']) retrieved from /home/airflow/.local/lib/python3.7/site-packages/airflow/example_dags/example_kubernetes_executor.py
[2023-01-20T23:55:03.109+0000] {logging_mixin.py:117} INFO - [2023-01-20T23:55:03.109+0000] {dag.py:2573} INFO - Sync 1 DAGs
[2023-01-20T23:55:03.122+0000] {logging_mixin.py:117} INFO - [2023-01-20T23:55:03.122+0000] {dag.py:3328} INFO - Setting next_dagrun for example_kubernetes_executor to None, run_after=None
[2023-01-20T23:55:03.132+0000] {processor.py:178} INFO - Processing /home/airflow/.local/lib/python3.7/site-packages/airflow/example_dags/example_kubernetes_executor.py took 0.182 seconds
[2023-01-20T23:57:39.618+0000] {processor.py:156} INFO - Started process (PID=74) to work on /home/airflow/.local/lib/python3.7/site-packages/airflow/example_dags/example_kubernetes_executor.py
[2023-01-20T23:57:39.619+0000] {processor.py:758} INFO - Processing file /home/airflow/.local/lib/python3.7/site-packages/airflow/example_dags/example_kubernetes_executor.py for tasks to queue
[2023-01-20T23:57:39.620+0000] {logging_mixin.py:117} INFO - [2023-01-20T23:57:39.620+0000] {dagbag.py:525} INFO - Filling up the DagBag from /home/airflow/.local/lib/python3.7/site-packages/airflow/example_dags/example_kubernetes_executor.py
[2023-01-20T23:57:39.641+0000] {processor.py:768} INFO - DAG(s) dict_keys(['example_kubernetes_executor']) retrieved from /home/airflow/.local/lib/python3.7/site-packages/airflow/example_dags/example_kubernetes_executor.py
[2023-01-20T23:57:39.763+0000] {logging_mixin.py:117} INFO - [2023-01-20T23:57:39.763+0000] {dag.py:2573} INFO - Sync 1 DAGs
[2023-01-20T23:57:39.775+0000] {logging_mixin.py:117} INFO - [2023-01-20T23:57:39.775+0000] {dag.py:3328} INFO - Setting next_dagrun for example_kubernetes_executor to None, run_after=None
[2023-01-20T23:57:39.784+0000] {processor.py:178} INFO - Processing /home/airflow/.local/lib/python3.7/site-packages/airflow/example_dags/example_kubernetes_executor.py took 0.169 seconds
[2023-01-20T23:58:10.709+0000] {processor.py:156} INFO - Started process (PID=136) to work on /home/airflow/.local/lib/python3.7/site-packages/airflow/example_dags/example_kubernetes_executor.py
[2023-01-20T23:58:10.710+0000] {processor.py:758} INFO - Processing file /home/airflow/.local/lib/python3.7/site-packages/airflow/example_dags/example_kubernetes_executor.py for tasks to queue
[2023-01-20T23:58:10.712+0000] {logging_mixin.py:117} INFO - [2023-01-20T23:58:10.712+0000] {dagbag.py:525} INFO - Filling up the DagBag from /home/airflow/.local/lib/python3.7/site-packages/airflow/example_dags/example_kubernetes_executor.py
[2023-01-20T23:58:10.835+0000] {processor.py:768} INFO - DAG(s) dict_keys(['example_kubernetes_executor']) retrieved from /home/airflow/.local/lib/python3.7/site-packages/airflow/example_dags/example_kubernetes_executor.py
[2023-01-20T23:58:10.860+0000] {logging_mixin.py:117} INFO - [2023-01-20T23:58:10.860+0000] {dag.py:2573} INFO - Sync 1 DAGs
[2023-01-20T23:58:10.877+0000] {logging_mixin.py:117} INFO - [2023-01-20T23:58:10.877+0000] {dag.py:3328} INFO - Setting next_dagrun for example_kubernetes_executor to None, run_after=None
[2023-01-20T23:58:10.892+0000] {processor.py:178} INFO - Processing /home/airflow/.local/lib/python3.7/site-packages/airflow/example_dags/example_kubernetes_executor.py took 0.186 seconds
[2023-01-20T23:58:41.371+0000] {processor.py:156} INFO - Started process (PID=190) to work on /home/airflow/.local/lib/python3.7/site-packages/airflow/example_dags/example_kubernetes_executor.py
[2023-01-20T23:58:41.373+0000] {processor.py:758} INFO - Processing file /home/airflow/.local/lib/python3.7/site-packages/airflow/example_dags/example_kubernetes_executor.py for tasks to queue
[2023-01-20T23:58:41.374+0000] {logging_mixin.py:117} INFO - [2023-01-20T23:58:41.374+0000] {dagbag.py:525} INFO - Filling up the DagBag from /home/airflow/.local/lib/python3.7/site-packages/airflow/example_dags/example_kubernetes_executor.py
[2023-01-20T23:58:41.517+0000] {processor.py:768} INFO - DAG(s) dict_keys(['example_kubernetes_executor']) retrieved from /home/airflow/.local/lib/python3.7/site-packages/airflow/example_dags/example_kubernetes_executor.py
[2023-01-20T23:58:41.541+0000] {logging_mixin.py:117} INFO - [2023-01-20T23:58:41.541+0000] {dag.py:2573} INFO - Sync 1 DAGs
[2023-01-20T23:58:41.556+0000] {logging_mixin.py:117} INFO - [2023-01-20T23:58:41.556+0000] {dag.py:3328} INFO - Setting next_dagrun for example_kubernetes_executor to None, run_after=None
[2023-01-20T23:58:41.567+0000] {processor.py:178} INFO - Processing /home/airflow/.local/lib/python3.7/site-packages/airflow/example_dags/example_kubernetes_executor.py took 0.199 seconds
[2023-01-20T23:59:11.603+0000] {processor.py:156} INFO - Started process (PID=253) to work on /home/airflow/.local/lib/python3.7/site-packages/airflow/example_dags/example_kubernetes_executor.py
[2023-01-20T23:59:11.605+0000] {processor.py:758} INFO - Processing file /home/airflow/.local/lib/python3.7/site-packages/airflow/example_dags/example_kubernetes_executor.py for tasks to queue
[2023-01-20T23:59:11.606+0000] {logging_mixin.py:117} INFO - [2023-01-20T23:59:11.605+0000] {dagbag.py:525} INFO - Filling up the DagBag from /home/airflow/.local/lib/python3.7/site-packages/airflow/example_dags/example_kubernetes_executor.py
[2023-01-20T23:59:11.629+0000] {processor.py:768} INFO - DAG(s) dict_keys(['example_kubernetes_executor']) retrieved from /home/airflow/.local/lib/python3.7/site-packages/airflow/example_dags/example_kubernetes_executor.py
[2023-01-20T23:59:11.660+0000] {logging_mixin.py:117} INFO - [2023-01-20T23:59:11.660+0000] {dag.py:2573} INFO - Sync 1 DAGs
[2023-01-20T23:59:11.683+0000] {logging_mixin.py:117} INFO - [2023-01-20T23:59:11.682+0000] {dag.py:3328} INFO - Setting next_dagrun for example_kubernetes_executor to None, run_after=None
[2023-01-20T23:59:11.700+0000] {processor.py:178} INFO - Processing /home/airflow/.local/lib/python3.7/site-packages/airflow/example_dags/example_kubernetes_executor.py took 0.099 seconds
[2023-01-20T23:59:42.046+0000] {processor.py:156} INFO - Started process (PID=316) to work on /home/airflow/.local/lib/python3.7/site-packages/airflow/example_dags/example_kubernetes_executor.py
[2023-01-20T23:59:42.049+0000] {processor.py:758} INFO - Processing file /home/airflow/.local/lib/python3.7/site-packages/airflow/example_dags/example_kubernetes_executor.py for tasks to queue
[2023-01-20T23:59:42.051+0000] {logging_mixin.py:117} INFO - [2023-01-20T23:59:42.051+0000] {dagbag.py:525} INFO - Filling up the DagBag from /home/airflow/.local/lib/python3.7/site-packages/airflow/example_dags/example_kubernetes_executor.py
[2023-01-20T23:59:42.073+0000] {processor.py:768} INFO - DAG(s) dict_keys(['example_kubernetes_executor']) retrieved from /home/airflow/.local/lib/python3.7/site-packages/airflow/example_dags/example_kubernetes_executor.py
[2023-01-20T23:59:42.111+0000] {logging_mixin.py:117} INFO - [2023-01-20T23:59:42.111+0000] {dag.py:2573} INFO - Sync 1 DAGs
[2023-01-20T23:59:42.131+0000] {logging_mixin.py:117} INFO - [2023-01-20T23:59:42.131+0000] {dag.py:3328} INFO - Setting next_dagrun for example_kubernetes_executor to None, run_after=None
[2023-01-20T23:59:42.146+0000] {processor.py:178} INFO - Processing /home/airflow/.local/lib/python3.7/site-packages/airflow/example_dags/example_kubernetes_executor.py took 0.102 seconds
