[2023-01-20T23:39:58.677+0000] {processor.py:156} INFO - Started process (PID=50) to work on /home/airflow/.local/lib/python3.7/site-packages/airflow/example_dags/example_trigger_controller_dag.py
[2023-01-20T23:39:58.680+0000] {processor.py:758} INFO - Processing file /home/airflow/.local/lib/python3.7/site-packages/airflow/example_dags/example_trigger_controller_dag.py for tasks to queue
[2023-01-20T23:39:58.685+0000] {logging_mixin.py:117} INFO - [2023-01-20T23:39:58.685+0000] {dagbag.py:525} INFO - Filling up the DagBag from /home/airflow/.local/lib/python3.7/site-packages/airflow/example_dags/example_trigger_controller_dag.py
[2023-01-20T23:39:58.758+0000] {processor.py:768} INFO - DAG(s) dict_keys(['example_trigger_controller_dag']) retrieved from /home/airflow/.local/lib/python3.7/site-packages/airflow/example_dags/example_trigger_controller_dag.py
[2023-01-20T23:40:01.917+0000] {logging_mixin.py:117} INFO - [2023-01-20T23:40:01.917+0000] {dag.py:2573} INFO - Sync 1 DAGs
[2023-01-20T23:40:01.952+0000] {logging_mixin.py:117} INFO - [2023-01-20T23:40:01.951+0000] {dag.py:3328} INFO - Setting next_dagrun for example_trigger_controller_dag to 2021-01-01T00:00:00+00:00, run_after=2021-01-01T00:00:00+00:00
[2023-01-20T23:40:01.993+0000] {processor.py:178} INFO - Processing /home/airflow/.local/lib/python3.7/site-packages/airflow/example_dags/example_trigger_controller_dag.py took 3.330 seconds
[2023-01-20T23:40:32.209+0000] {processor.py:156} INFO - Started process (PID=106) to work on /home/airflow/.local/lib/python3.7/site-packages/airflow/example_dags/example_trigger_controller_dag.py
[2023-01-20T23:40:32.212+0000] {processor.py:758} INFO - Processing file /home/airflow/.local/lib/python3.7/site-packages/airflow/example_dags/example_trigger_controller_dag.py for tasks to queue
[2023-01-20T23:40:32.213+0000] {logging_mixin.py:117} INFO - [2023-01-20T23:40:32.213+0000] {dagbag.py:525} INFO - Filling up the DagBag from /home/airflow/.local/lib/python3.7/site-packages/airflow/example_dags/example_trigger_controller_dag.py
[2023-01-20T23:40:32.230+0000] {processor.py:768} INFO - DAG(s) dict_keys(['example_trigger_controller_dag']) retrieved from /home/airflow/.local/lib/python3.7/site-packages/airflow/example_dags/example_trigger_controller_dag.py
[2023-01-20T23:40:32.364+0000] {logging_mixin.py:117} INFO - [2023-01-20T23:40:32.364+0000] {dag.py:2573} INFO - Sync 1 DAGs
[2023-01-20T23:40:32.380+0000] {logging_mixin.py:117} INFO - [2023-01-20T23:40:32.380+0000] {dag.py:3328} INFO - Setting next_dagrun for example_trigger_controller_dag to 2021-01-01T00:00:00+00:00, run_after=2021-01-01T00:00:00+00:00
[2023-01-20T23:40:32.391+0000] {processor.py:178} INFO - Processing /home/airflow/.local/lib/python3.7/site-packages/airflow/example_dags/example_trigger_controller_dag.py took 0.189 seconds
[2023-01-20T23:41:02.647+0000] {processor.py:156} INFO - Started process (PID=171) to work on /home/airflow/.local/lib/python3.7/site-packages/airflow/example_dags/example_trigger_controller_dag.py
[2023-01-20T23:41:02.650+0000] {processor.py:758} INFO - Processing file /home/airflow/.local/lib/python3.7/site-packages/airflow/example_dags/example_trigger_controller_dag.py for tasks to queue
[2023-01-20T23:41:02.652+0000] {logging_mixin.py:117} INFO - [2023-01-20T23:41:02.652+0000] {dagbag.py:525} INFO - Filling up the DagBag from /home/airflow/.local/lib/python3.7/site-packages/airflow/example_dags/example_trigger_controller_dag.py
[2023-01-20T23:41:02.671+0000] {processor.py:768} INFO - DAG(s) dict_keys(['example_trigger_controller_dag']) retrieved from /home/airflow/.local/lib/python3.7/site-packages/airflow/example_dags/example_trigger_controller_dag.py
[2023-01-20T23:41:02.817+0000] {logging_mixin.py:117} INFO - [2023-01-20T23:41:02.817+0000] {dag.py:2573} INFO - Sync 1 DAGs
[2023-01-20T23:41:02.835+0000] {logging_mixin.py:117} INFO - [2023-01-20T23:41:02.835+0000] {dag.py:3328} INFO - Setting next_dagrun for example_trigger_controller_dag to 2021-01-01T00:00:00+00:00, run_after=2021-01-01T00:00:00+00:00
[2023-01-20T23:41:02.849+0000] {processor.py:178} INFO - Processing /home/airflow/.local/lib/python3.7/site-packages/airflow/example_dags/example_trigger_controller_dag.py took 0.207 seconds
[2023-01-20T23:41:33.157+0000] {processor.py:156} INFO - Started process (PID=234) to work on /home/airflow/.local/lib/python3.7/site-packages/airflow/example_dags/example_trigger_controller_dag.py
[2023-01-20T23:41:33.159+0000] {processor.py:758} INFO - Processing file /home/airflow/.local/lib/python3.7/site-packages/airflow/example_dags/example_trigger_controller_dag.py for tasks to queue
[2023-01-20T23:41:33.160+0000] {logging_mixin.py:117} INFO - [2023-01-20T23:41:33.160+0000] {dagbag.py:525} INFO - Filling up the DagBag from /home/airflow/.local/lib/python3.7/site-packages/airflow/example_dags/example_trigger_controller_dag.py
[2023-01-20T23:41:33.171+0000] {processor.py:768} INFO - DAG(s) dict_keys(['example_trigger_controller_dag']) retrieved from /home/airflow/.local/lib/python3.7/site-packages/airflow/example_dags/example_trigger_controller_dag.py
[2023-01-20T23:41:33.205+0000] {logging_mixin.py:117} INFO - [2023-01-20T23:41:33.205+0000] {dag.py:2573} INFO - Sync 1 DAGs
[2023-01-20T23:41:33.226+0000] {logging_mixin.py:117} INFO - [2023-01-20T23:41:33.226+0000] {dag.py:3328} INFO - Setting next_dagrun for example_trigger_controller_dag to 2021-01-01T00:00:00+00:00, run_after=2021-01-01T00:00:00+00:00
[2023-01-20T23:41:33.239+0000] {processor.py:178} INFO - Processing /home/airflow/.local/lib/python3.7/site-packages/airflow/example_dags/example_trigger_controller_dag.py took 0.086 seconds
[2023-01-20T23:42:03.891+0000] {processor.py:156} INFO - Started process (PID=288) to work on /home/airflow/.local/lib/python3.7/site-packages/airflow/example_dags/example_trigger_controller_dag.py
[2023-01-20T23:42:03.892+0000] {processor.py:758} INFO - Processing file /home/airflow/.local/lib/python3.7/site-packages/airflow/example_dags/example_trigger_controller_dag.py for tasks to queue
[2023-01-20T23:42:03.893+0000] {logging_mixin.py:117} INFO - [2023-01-20T23:42:03.893+0000] {dagbag.py:525} INFO - Filling up the DagBag from /home/airflow/.local/lib/python3.7/site-packages/airflow/example_dags/example_trigger_controller_dag.py
[2023-01-20T23:42:03.904+0000] {processor.py:768} INFO - DAG(s) dict_keys(['example_trigger_controller_dag']) retrieved from /home/airflow/.local/lib/python3.7/site-packages/airflow/example_dags/example_trigger_controller_dag.py
[2023-01-20T23:42:03.937+0000] {logging_mixin.py:117} INFO - [2023-01-20T23:42:03.937+0000] {dag.py:2573} INFO - Sync 1 DAGs
[2023-01-20T23:42:03.953+0000] {logging_mixin.py:117} INFO - [2023-01-20T23:42:03.953+0000] {dag.py:3328} INFO - Setting next_dagrun for example_trigger_controller_dag to 2021-01-01T00:00:00+00:00, run_after=2021-01-01T00:00:00+00:00
[2023-01-20T23:42:03.964+0000] {processor.py:178} INFO - Processing /home/airflow/.local/lib/python3.7/site-packages/airflow/example_dags/example_trigger_controller_dag.py took 0.077 seconds
[2023-01-20T23:42:34.653+0000] {processor.py:156} INFO - Started process (PID=351) to work on /home/airflow/.local/lib/python3.7/site-packages/airflow/example_dags/example_trigger_controller_dag.py
[2023-01-20T23:42:34.655+0000] {processor.py:758} INFO - Processing file /home/airflow/.local/lib/python3.7/site-packages/airflow/example_dags/example_trigger_controller_dag.py for tasks to queue
[2023-01-20T23:42:34.657+0000] {logging_mixin.py:117} INFO - [2023-01-20T23:42:34.657+0000] {dagbag.py:525} INFO - Filling up the DagBag from /home/airflow/.local/lib/python3.7/site-packages/airflow/example_dags/example_trigger_controller_dag.py
[2023-01-20T23:42:34.675+0000] {processor.py:768} INFO - DAG(s) dict_keys(['example_trigger_controller_dag']) retrieved from /home/airflow/.local/lib/python3.7/site-packages/airflow/example_dags/example_trigger_controller_dag.py
[2023-01-20T23:42:34.720+0000] {logging_mixin.py:117} INFO - [2023-01-20T23:42:34.720+0000] {dag.py:2573} INFO - Sync 1 DAGs
[2023-01-20T23:42:34.735+0000] {logging_mixin.py:117} INFO - [2023-01-20T23:42:34.735+0000] {dag.py:3328} INFO - Setting next_dagrun for example_trigger_controller_dag to 2021-01-01T00:00:00+00:00, run_after=2021-01-01T00:00:00+00:00
[2023-01-20T23:42:34.746+0000] {processor.py:178} INFO - Processing /home/airflow/.local/lib/python3.7/site-packages/airflow/example_dags/example_trigger_controller_dag.py took 0.099 seconds
[2023-01-20T23:43:05.286+0000] {processor.py:156} INFO - Started process (PID=415) to work on /home/airflow/.local/lib/python3.7/site-packages/airflow/example_dags/example_trigger_controller_dag.py
[2023-01-20T23:43:05.287+0000] {processor.py:758} INFO - Processing file /home/airflow/.local/lib/python3.7/site-packages/airflow/example_dags/example_trigger_controller_dag.py for tasks to queue
[2023-01-20T23:43:05.288+0000] {logging_mixin.py:117} INFO - [2023-01-20T23:43:05.288+0000] {dagbag.py:525} INFO - Filling up the DagBag from /home/airflow/.local/lib/python3.7/site-packages/airflow/example_dags/example_trigger_controller_dag.py
[2023-01-20T23:43:05.297+0000] {processor.py:768} INFO - DAG(s) dict_keys(['example_trigger_controller_dag']) retrieved from /home/airflow/.local/lib/python3.7/site-packages/airflow/example_dags/example_trigger_controller_dag.py
[2023-01-20T23:43:05.339+0000] {logging_mixin.py:117} INFO - [2023-01-20T23:43:05.339+0000] {dag.py:2573} INFO - Sync 1 DAGs
[2023-01-20T23:43:05.372+0000] {logging_mixin.py:117} INFO - [2023-01-20T23:43:05.372+0000] {dag.py:3328} INFO - Setting next_dagrun for example_trigger_controller_dag to 2021-01-01T00:00:00+00:00, run_after=2021-01-01T00:00:00+00:00
[2023-01-20T23:43:05.391+0000] {processor.py:178} INFO - Processing /home/airflow/.local/lib/python3.7/site-packages/airflow/example_dags/example_trigger_controller_dag.py took 0.109 seconds
[2023-01-20T23:43:35.481+0000] {processor.py:156} INFO - Started process (PID=478) to work on /home/airflow/.local/lib/python3.7/site-packages/airflow/example_dags/example_trigger_controller_dag.py
[2023-01-20T23:43:35.483+0000] {processor.py:758} INFO - Processing file /home/airflow/.local/lib/python3.7/site-packages/airflow/example_dags/example_trigger_controller_dag.py for tasks to queue
[2023-01-20T23:43:35.485+0000] {logging_mixin.py:117} INFO - [2023-01-20T23:43:35.484+0000] {dagbag.py:525} INFO - Filling up the DagBag from /home/airflow/.local/lib/python3.7/site-packages/airflow/example_dags/example_trigger_controller_dag.py
[2023-01-20T23:43:35.498+0000] {processor.py:768} INFO - DAG(s) dict_keys(['example_trigger_controller_dag']) retrieved from /home/airflow/.local/lib/python3.7/site-packages/airflow/example_dags/example_trigger_controller_dag.py
[2023-01-20T23:43:35.529+0000] {logging_mixin.py:117} INFO - [2023-01-20T23:43:35.529+0000] {dag.py:2573} INFO - Sync 1 DAGs
[2023-01-20T23:43:35.544+0000] {logging_mixin.py:117} INFO - [2023-01-20T23:43:35.543+0000] {dag.py:3328} INFO - Setting next_dagrun for example_trigger_controller_dag to 2021-01-01T00:00:00+00:00, run_after=2021-01-01T00:00:00+00:00
[2023-01-20T23:43:35.554+0000] {processor.py:178} INFO - Processing /home/airflow/.local/lib/python3.7/site-packages/airflow/example_dags/example_trigger_controller_dag.py took 0.077 seconds
[2023-01-20T23:44:05.784+0000] {processor.py:156} INFO - Started process (PID=541) to work on /home/airflow/.local/lib/python3.7/site-packages/airflow/example_dags/example_trigger_controller_dag.py
[2023-01-20T23:44:05.794+0000] {processor.py:758} INFO - Processing file /home/airflow/.local/lib/python3.7/site-packages/airflow/example_dags/example_trigger_controller_dag.py for tasks to queue
[2023-01-20T23:44:05.796+0000] {logging_mixin.py:117} INFO - [2023-01-20T23:44:05.796+0000] {dagbag.py:525} INFO - Filling up the DagBag from /home/airflow/.local/lib/python3.7/site-packages/airflow/example_dags/example_trigger_controller_dag.py
[2023-01-20T23:44:05.812+0000] {processor.py:768} INFO - DAG(s) dict_keys(['example_trigger_controller_dag']) retrieved from /home/airflow/.local/lib/python3.7/site-packages/airflow/example_dags/example_trigger_controller_dag.py
[2023-01-20T23:44:05.870+0000] {logging_mixin.py:117} INFO - [2023-01-20T23:44:05.870+0000] {dag.py:2573} INFO - Sync 1 DAGs
[2023-01-20T23:44:05.895+0000] {logging_mixin.py:117} INFO - [2023-01-20T23:44:05.895+0000] {dag.py:3328} INFO - Setting next_dagrun for example_trigger_controller_dag to 2021-01-01T00:00:00+00:00, run_after=2021-01-01T00:00:00+00:00
[2023-01-20T23:44:05.909+0000] {processor.py:178} INFO - Processing /home/airflow/.local/lib/python3.7/site-packages/airflow/example_dags/example_trigger_controller_dag.py took 0.142 seconds
[2023-01-20T23:44:36.164+0000] {processor.py:156} INFO - Started process (PID=604) to work on /home/airflow/.local/lib/python3.7/site-packages/airflow/example_dags/example_trigger_controller_dag.py
[2023-01-20T23:44:36.167+0000] {processor.py:758} INFO - Processing file /home/airflow/.local/lib/python3.7/site-packages/airflow/example_dags/example_trigger_controller_dag.py for tasks to queue
[2023-01-20T23:44:36.168+0000] {logging_mixin.py:117} INFO - [2023-01-20T23:44:36.167+0000] {dagbag.py:525} INFO - Filling up the DagBag from /home/airflow/.local/lib/python3.7/site-packages/airflow/example_dags/example_trigger_controller_dag.py
[2023-01-20T23:44:36.179+0000] {processor.py:768} INFO - DAG(s) dict_keys(['example_trigger_controller_dag']) retrieved from /home/airflow/.local/lib/python3.7/site-packages/airflow/example_dags/example_trigger_controller_dag.py
[2023-01-20T23:44:36.224+0000] {logging_mixin.py:117} INFO - [2023-01-20T23:44:36.224+0000] {dag.py:2573} INFO - Sync 1 DAGs
[2023-01-20T23:44:36.250+0000] {logging_mixin.py:117} INFO - [2023-01-20T23:44:36.250+0000] {dag.py:3328} INFO - Setting next_dagrun for example_trigger_controller_dag to 2021-01-01T00:00:00+00:00, run_after=2021-01-01T00:00:00+00:00
[2023-01-20T23:44:36.267+0000] {processor.py:178} INFO - Processing /home/airflow/.local/lib/python3.7/site-packages/airflow/example_dags/example_trigger_controller_dag.py took 0.106 seconds
[2023-01-20T23:45:06.516+0000] {processor.py:156} INFO - Started process (PID=658) to work on /home/airflow/.local/lib/python3.7/site-packages/airflow/example_dags/example_trigger_controller_dag.py
[2023-01-20T23:45:06.519+0000] {processor.py:758} INFO - Processing file /home/airflow/.local/lib/python3.7/site-packages/airflow/example_dags/example_trigger_controller_dag.py for tasks to queue
[2023-01-20T23:45:06.521+0000] {logging_mixin.py:117} INFO - [2023-01-20T23:45:06.520+0000] {dagbag.py:525} INFO - Filling up the DagBag from /home/airflow/.local/lib/python3.7/site-packages/airflow/example_dags/example_trigger_controller_dag.py
[2023-01-20T23:45:06.536+0000] {processor.py:768} INFO - DAG(s) dict_keys(['example_trigger_controller_dag']) retrieved from /home/airflow/.local/lib/python3.7/site-packages/airflow/example_dags/example_trigger_controller_dag.py
[2023-01-20T23:45:06.569+0000] {logging_mixin.py:117} INFO - [2023-01-20T23:45:06.569+0000] {dag.py:2573} INFO - Sync 1 DAGs
[2023-01-20T23:45:06.584+0000] {logging_mixin.py:117} INFO - [2023-01-20T23:45:06.584+0000] {dag.py:3328} INFO - Setting next_dagrun for example_trigger_controller_dag to 2021-01-01T00:00:00+00:00, run_after=2021-01-01T00:00:00+00:00
[2023-01-20T23:45:06.596+0000] {processor.py:178} INFO - Processing /home/airflow/.local/lib/python3.7/site-packages/airflow/example_dags/example_trigger_controller_dag.py took 0.086 seconds
[2023-01-20T23:45:36.777+0000] {processor.py:156} INFO - Started process (PID=721) to work on /home/airflow/.local/lib/python3.7/site-packages/airflow/example_dags/example_trigger_controller_dag.py
[2023-01-20T23:45:36.779+0000] {processor.py:758} INFO - Processing file /home/airflow/.local/lib/python3.7/site-packages/airflow/example_dags/example_trigger_controller_dag.py for tasks to queue
[2023-01-20T23:45:36.781+0000] {logging_mixin.py:117} INFO - [2023-01-20T23:45:36.781+0000] {dagbag.py:525} INFO - Filling up the DagBag from /home/airflow/.local/lib/python3.7/site-packages/airflow/example_dags/example_trigger_controller_dag.py
[2023-01-20T23:45:36.813+0000] {processor.py:768} INFO - DAG(s) dict_keys(['example_trigger_controller_dag']) retrieved from /home/airflow/.local/lib/python3.7/site-packages/airflow/example_dags/example_trigger_controller_dag.py
[2023-01-20T23:45:36.907+0000] {logging_mixin.py:117} INFO - [2023-01-20T23:45:36.906+0000] {dag.py:2573} INFO - Sync 1 DAGs
[2023-01-20T23:45:36.928+0000] {logging_mixin.py:117} INFO - [2023-01-20T23:45:36.928+0000] {dag.py:3328} INFO - Setting next_dagrun for example_trigger_controller_dag to 2021-01-01T00:00:00+00:00, run_after=2021-01-01T00:00:00+00:00
[2023-01-20T23:45:36.940+0000] {processor.py:178} INFO - Processing /home/airflow/.local/lib/python3.7/site-packages/airflow/example_dags/example_trigger_controller_dag.py took 0.170 seconds
[2023-01-20T23:46:07.208+0000] {processor.py:156} INFO - Started process (PID=784) to work on /home/airflow/.local/lib/python3.7/site-packages/airflow/example_dags/example_trigger_controller_dag.py
[2023-01-20T23:46:07.210+0000] {processor.py:758} INFO - Processing file /home/airflow/.local/lib/python3.7/site-packages/airflow/example_dags/example_trigger_controller_dag.py for tasks to queue
[2023-01-20T23:46:07.211+0000] {logging_mixin.py:117} INFO - [2023-01-20T23:46:07.211+0000] {dagbag.py:525} INFO - Filling up the DagBag from /home/airflow/.local/lib/python3.7/site-packages/airflow/example_dags/example_trigger_controller_dag.py
[2023-01-20T23:46:07.224+0000] {processor.py:768} INFO - DAG(s) dict_keys(['example_trigger_controller_dag']) retrieved from /home/airflow/.local/lib/python3.7/site-packages/airflow/example_dags/example_trigger_controller_dag.py
[2023-01-20T23:46:07.256+0000] {logging_mixin.py:117} INFO - [2023-01-20T23:46:07.256+0000] {dag.py:2573} INFO - Sync 1 DAGs
[2023-01-20T23:46:07.270+0000] {logging_mixin.py:117} INFO - [2023-01-20T23:46:07.270+0000] {dag.py:3328} INFO - Setting next_dagrun for example_trigger_controller_dag to 2021-01-01T00:00:00+00:00, run_after=2021-01-01T00:00:00+00:00
[2023-01-20T23:46:07.281+0000] {processor.py:178} INFO - Processing /home/airflow/.local/lib/python3.7/site-packages/airflow/example_dags/example_trigger_controller_dag.py took 0.077 seconds
[2023-01-20T23:46:37.515+0000] {processor.py:156} INFO - Started process (PID=847) to work on /home/airflow/.local/lib/python3.7/site-packages/airflow/example_dags/example_trigger_controller_dag.py
[2023-01-20T23:46:37.517+0000] {processor.py:758} INFO - Processing file /home/airflow/.local/lib/python3.7/site-packages/airflow/example_dags/example_trigger_controller_dag.py for tasks to queue
[2023-01-20T23:46:37.518+0000] {logging_mixin.py:117} INFO - [2023-01-20T23:46:37.518+0000] {dagbag.py:525} INFO - Filling up the DagBag from /home/airflow/.local/lib/python3.7/site-packages/airflow/example_dags/example_trigger_controller_dag.py
[2023-01-20T23:46:37.527+0000] {processor.py:768} INFO - DAG(s) dict_keys(['example_trigger_controller_dag']) retrieved from /home/airflow/.local/lib/python3.7/site-packages/airflow/example_dags/example_trigger_controller_dag.py
[2023-01-20T23:46:37.558+0000] {logging_mixin.py:117} INFO - [2023-01-20T23:46:37.558+0000] {dag.py:2573} INFO - Sync 1 DAGs
[2023-01-20T23:46:37.577+0000] {logging_mixin.py:117} INFO - [2023-01-20T23:46:37.577+0000] {dag.py:3328} INFO - Setting next_dagrun for example_trigger_controller_dag to 2021-01-01T00:00:00+00:00, run_after=2021-01-01T00:00:00+00:00
[2023-01-20T23:46:37.590+0000] {processor.py:178} INFO - Processing /home/airflow/.local/lib/python3.7/site-packages/airflow/example_dags/example_trigger_controller_dag.py took 0.077 seconds
[2023-01-20T23:47:08.121+0000] {processor.py:156} INFO - Started process (PID=910) to work on /home/airflow/.local/lib/python3.7/site-packages/airflow/example_dags/example_trigger_controller_dag.py
[2023-01-20T23:47:08.124+0000] {processor.py:758} INFO - Processing file /home/airflow/.local/lib/python3.7/site-packages/airflow/example_dags/example_trigger_controller_dag.py for tasks to queue
[2023-01-20T23:47:08.125+0000] {logging_mixin.py:117} INFO - [2023-01-20T23:47:08.125+0000] {dagbag.py:525} INFO - Filling up the DagBag from /home/airflow/.local/lib/python3.7/site-packages/airflow/example_dags/example_trigger_controller_dag.py
[2023-01-20T23:47:08.141+0000] {processor.py:768} INFO - DAG(s) dict_keys(['example_trigger_controller_dag']) retrieved from /home/airflow/.local/lib/python3.7/site-packages/airflow/example_dags/example_trigger_controller_dag.py
[2023-01-20T23:47:08.177+0000] {logging_mixin.py:117} INFO - [2023-01-20T23:47:08.176+0000] {dag.py:2573} INFO - Sync 1 DAGs
[2023-01-20T23:47:08.192+0000] {logging_mixin.py:117} INFO - [2023-01-20T23:47:08.192+0000] {dag.py:3328} INFO - Setting next_dagrun for example_trigger_controller_dag to 2021-01-01T00:00:00+00:00, run_after=2021-01-01T00:00:00+00:00
[2023-01-20T23:47:08.204+0000] {processor.py:178} INFO - Processing /home/airflow/.local/lib/python3.7/site-packages/airflow/example_dags/example_trigger_controller_dag.py took 0.089 seconds
[2023-01-20T23:47:38.655+0000] {processor.py:156} INFO - Started process (PID=973) to work on /home/airflow/.local/lib/python3.7/site-packages/airflow/example_dags/example_trigger_controller_dag.py
[2023-01-20T23:47:38.657+0000] {processor.py:758} INFO - Processing file /home/airflow/.local/lib/python3.7/site-packages/airflow/example_dags/example_trigger_controller_dag.py for tasks to queue
[2023-01-20T23:47:38.658+0000] {logging_mixin.py:117} INFO - [2023-01-20T23:47:38.658+0000] {dagbag.py:525} INFO - Filling up the DagBag from /home/airflow/.local/lib/python3.7/site-packages/airflow/example_dags/example_trigger_controller_dag.py
[2023-01-20T23:47:38.670+0000] {processor.py:768} INFO - DAG(s) dict_keys(['example_trigger_controller_dag']) retrieved from /home/airflow/.local/lib/python3.7/site-packages/airflow/example_dags/example_trigger_controller_dag.py
[2023-01-20T23:47:38.710+0000] {logging_mixin.py:117} INFO - [2023-01-20T23:47:38.710+0000] {dag.py:2573} INFO - Sync 1 DAGs
[2023-01-20T23:47:38.731+0000] {logging_mixin.py:117} INFO - [2023-01-20T23:47:38.731+0000] {dag.py:3328} INFO - Setting next_dagrun for example_trigger_controller_dag to 2021-01-01T00:00:00+00:00, run_after=2021-01-01T00:00:00+00:00
[2023-01-20T23:47:38.743+0000] {processor.py:178} INFO - Processing /home/airflow/.local/lib/python3.7/site-packages/airflow/example_dags/example_trigger_controller_dag.py took 0.092 seconds
[2023-01-20T23:48:09.083+0000] {processor.py:156} INFO - Started process (PID=1026) to work on /home/airflow/.local/lib/python3.7/site-packages/airflow/example_dags/example_trigger_controller_dag.py
[2023-01-20T23:48:09.085+0000] {processor.py:758} INFO - Processing file /home/airflow/.local/lib/python3.7/site-packages/airflow/example_dags/example_trigger_controller_dag.py for tasks to queue
[2023-01-20T23:48:09.087+0000] {logging_mixin.py:117} INFO - [2023-01-20T23:48:09.087+0000] {dagbag.py:525} INFO - Filling up the DagBag from /home/airflow/.local/lib/python3.7/site-packages/airflow/example_dags/example_trigger_controller_dag.py
[2023-01-20T23:48:09.101+0000] {processor.py:768} INFO - DAG(s) dict_keys(['example_trigger_controller_dag']) retrieved from /home/airflow/.local/lib/python3.7/site-packages/airflow/example_dags/example_trigger_controller_dag.py
[2023-01-20T23:48:09.136+0000] {logging_mixin.py:117} INFO - [2023-01-20T23:48:09.136+0000] {dag.py:2573} INFO - Sync 1 DAGs
[2023-01-20T23:48:09.151+0000] {logging_mixin.py:117} INFO - [2023-01-20T23:48:09.151+0000] {dag.py:3328} INFO - Setting next_dagrun for example_trigger_controller_dag to 2021-01-01T00:00:00+00:00, run_after=2021-01-01T00:00:00+00:00
[2023-01-20T23:48:09.163+0000] {processor.py:178} INFO - Processing /home/airflow/.local/lib/python3.7/site-packages/airflow/example_dags/example_trigger_controller_dag.py took 0.085 seconds
[2023-01-20T23:48:39.511+0000] {processor.py:156} INFO - Started process (PID=1089) to work on /home/airflow/.local/lib/python3.7/site-packages/airflow/example_dags/example_trigger_controller_dag.py
[2023-01-20T23:48:39.514+0000] {processor.py:758} INFO - Processing file /home/airflow/.local/lib/python3.7/site-packages/airflow/example_dags/example_trigger_controller_dag.py for tasks to queue
[2023-01-20T23:48:39.515+0000] {logging_mixin.py:117} INFO - [2023-01-20T23:48:39.515+0000] {dagbag.py:525} INFO - Filling up the DagBag from /home/airflow/.local/lib/python3.7/site-packages/airflow/example_dags/example_trigger_controller_dag.py
[2023-01-20T23:48:39.530+0000] {processor.py:768} INFO - DAG(s) dict_keys(['example_trigger_controller_dag']) retrieved from /home/airflow/.local/lib/python3.7/site-packages/airflow/example_dags/example_trigger_controller_dag.py
[2023-01-20T23:48:39.564+0000] {logging_mixin.py:117} INFO - [2023-01-20T23:48:39.563+0000] {dag.py:2573} INFO - Sync 1 DAGs
[2023-01-20T23:48:39.578+0000] {logging_mixin.py:117} INFO - [2023-01-20T23:48:39.578+0000] {dag.py:3328} INFO - Setting next_dagrun for example_trigger_controller_dag to 2021-01-01T00:00:00+00:00, run_after=2021-01-01T00:00:00+00:00
[2023-01-20T23:48:39.589+0000] {processor.py:178} INFO - Processing /home/airflow/.local/lib/python3.7/site-packages/airflow/example_dags/example_trigger_controller_dag.py took 0.084 seconds
[2023-01-20T23:49:09.855+0000] {processor.py:156} INFO - Started process (PID=1152) to work on /home/airflow/.local/lib/python3.7/site-packages/airflow/example_dags/example_trigger_controller_dag.py
[2023-01-20T23:49:09.858+0000] {processor.py:758} INFO - Processing file /home/airflow/.local/lib/python3.7/site-packages/airflow/example_dags/example_trigger_controller_dag.py for tasks to queue
[2023-01-20T23:49:09.859+0000] {logging_mixin.py:117} INFO - [2023-01-20T23:49:09.859+0000] {dagbag.py:525} INFO - Filling up the DagBag from /home/airflow/.local/lib/python3.7/site-packages/airflow/example_dags/example_trigger_controller_dag.py
[2023-01-20T23:49:09.871+0000] {processor.py:768} INFO - DAG(s) dict_keys(['example_trigger_controller_dag']) retrieved from /home/airflow/.local/lib/python3.7/site-packages/airflow/example_dags/example_trigger_controller_dag.py
[2023-01-20T23:49:09.902+0000] {logging_mixin.py:117} INFO - [2023-01-20T23:49:09.902+0000] {dag.py:2573} INFO - Sync 1 DAGs
[2023-01-20T23:49:09.916+0000] {logging_mixin.py:117} INFO - [2023-01-20T23:49:09.916+0000] {dag.py:3328} INFO - Setting next_dagrun for example_trigger_controller_dag to 2021-01-01T00:00:00+00:00, run_after=2021-01-01T00:00:00+00:00
[2023-01-20T23:49:09.928+0000] {processor.py:178} INFO - Processing /home/airflow/.local/lib/python3.7/site-packages/airflow/example_dags/example_trigger_controller_dag.py took 0.077 seconds
[2023-01-20T23:49:40.269+0000] {processor.py:156} INFO - Started process (PID=1215) to work on /home/airflow/.local/lib/python3.7/site-packages/airflow/example_dags/example_trigger_controller_dag.py
[2023-01-20T23:49:40.272+0000] {processor.py:758} INFO - Processing file /home/airflow/.local/lib/python3.7/site-packages/airflow/example_dags/example_trigger_controller_dag.py for tasks to queue
[2023-01-20T23:49:40.273+0000] {logging_mixin.py:117} INFO - [2023-01-20T23:49:40.273+0000] {dagbag.py:525} INFO - Filling up the DagBag from /home/airflow/.local/lib/python3.7/site-packages/airflow/example_dags/example_trigger_controller_dag.py
[2023-01-20T23:49:40.290+0000] {processor.py:768} INFO - DAG(s) dict_keys(['example_trigger_controller_dag']) retrieved from /home/airflow/.local/lib/python3.7/site-packages/airflow/example_dags/example_trigger_controller_dag.py
[2023-01-20T23:49:40.325+0000] {logging_mixin.py:117} INFO - [2023-01-20T23:49:40.325+0000] {dag.py:2573} INFO - Sync 1 DAGs
[2023-01-20T23:49:40.341+0000] {logging_mixin.py:117} INFO - [2023-01-20T23:49:40.341+0000] {dag.py:3328} INFO - Setting next_dagrun for example_trigger_controller_dag to 2021-01-01T00:00:00+00:00, run_after=2021-01-01T00:00:00+00:00
[2023-01-20T23:49:40.352+0000] {processor.py:178} INFO - Processing /home/airflow/.local/lib/python3.7/site-packages/airflow/example_dags/example_trigger_controller_dag.py took 0.090 seconds
[2023-01-20T23:50:10.574+0000] {processor.py:156} INFO - Started process (PID=1278) to work on /home/airflow/.local/lib/python3.7/site-packages/airflow/example_dags/example_trigger_controller_dag.py
[2023-01-20T23:50:10.577+0000] {processor.py:758} INFO - Processing file /home/airflow/.local/lib/python3.7/site-packages/airflow/example_dags/example_trigger_controller_dag.py for tasks to queue
[2023-01-20T23:50:10.580+0000] {logging_mixin.py:117} INFO - [2023-01-20T23:50:10.579+0000] {dagbag.py:525} INFO - Filling up the DagBag from /home/airflow/.local/lib/python3.7/site-packages/airflow/example_dags/example_trigger_controller_dag.py
[2023-01-20T23:50:10.596+0000] {processor.py:768} INFO - DAG(s) dict_keys(['example_trigger_controller_dag']) retrieved from /home/airflow/.local/lib/python3.7/site-packages/airflow/example_dags/example_trigger_controller_dag.py
[2023-01-20T23:50:10.630+0000] {logging_mixin.py:117} INFO - [2023-01-20T23:50:10.629+0000] {dag.py:2573} INFO - Sync 1 DAGs
[2023-01-20T23:50:10.645+0000] {logging_mixin.py:117} INFO - [2023-01-20T23:50:10.645+0000] {dag.py:3328} INFO - Setting next_dagrun for example_trigger_controller_dag to 2021-01-01T00:00:00+00:00, run_after=2021-01-01T00:00:00+00:00
[2023-01-20T23:50:10.656+0000] {processor.py:178} INFO - Processing /home/airflow/.local/lib/python3.7/site-packages/airflow/example_dags/example_trigger_controller_dag.py took 0.088 seconds
[2023-01-20T23:50:40.878+0000] {processor.py:156} INFO - Started process (PID=1341) to work on /home/airflow/.local/lib/python3.7/site-packages/airflow/example_dags/example_trigger_controller_dag.py
[2023-01-20T23:50:40.880+0000] {processor.py:758} INFO - Processing file /home/airflow/.local/lib/python3.7/site-packages/airflow/example_dags/example_trigger_controller_dag.py for tasks to queue
[2023-01-20T23:50:40.881+0000] {logging_mixin.py:117} INFO - [2023-01-20T23:50:40.881+0000] {dagbag.py:525} INFO - Filling up the DagBag from /home/airflow/.local/lib/python3.7/site-packages/airflow/example_dags/example_trigger_controller_dag.py
[2023-01-20T23:50:40.895+0000] {processor.py:768} INFO - DAG(s) dict_keys(['example_trigger_controller_dag']) retrieved from /home/airflow/.local/lib/python3.7/site-packages/airflow/example_dags/example_trigger_controller_dag.py
[2023-01-20T23:50:40.929+0000] {logging_mixin.py:117} INFO - [2023-01-20T23:50:40.929+0000] {dag.py:2573} INFO - Sync 1 DAGs
[2023-01-20T23:50:40.947+0000] {logging_mixin.py:117} INFO - [2023-01-20T23:50:40.947+0000] {dag.py:3328} INFO - Setting next_dagrun for example_trigger_controller_dag to 2021-01-01T00:00:00+00:00, run_after=2021-01-01T00:00:00+00:00
[2023-01-20T23:50:40.958+0000] {processor.py:178} INFO - Processing /home/airflow/.local/lib/python3.7/site-packages/airflow/example_dags/example_trigger_controller_dag.py took 0.084 seconds
[2023-01-20T23:51:11.148+0000] {processor.py:156} INFO - Started process (PID=1395) to work on /home/airflow/.local/lib/python3.7/site-packages/airflow/example_dags/example_trigger_controller_dag.py
[2023-01-20T23:51:11.150+0000] {processor.py:758} INFO - Processing file /home/airflow/.local/lib/python3.7/site-packages/airflow/example_dags/example_trigger_controller_dag.py for tasks to queue
[2023-01-20T23:51:11.151+0000] {logging_mixin.py:117} INFO - [2023-01-20T23:51:11.151+0000] {dagbag.py:525} INFO - Filling up the DagBag from /home/airflow/.local/lib/python3.7/site-packages/airflow/example_dags/example_trigger_controller_dag.py
[2023-01-20T23:51:11.165+0000] {processor.py:768} INFO - DAG(s) dict_keys(['example_trigger_controller_dag']) retrieved from /home/airflow/.local/lib/python3.7/site-packages/airflow/example_dags/example_trigger_controller_dag.py
[2023-01-20T23:51:11.198+0000] {logging_mixin.py:117} INFO - [2023-01-20T23:51:11.198+0000] {dag.py:2573} INFO - Sync 1 DAGs
[2023-01-20T23:51:11.214+0000] {logging_mixin.py:117} INFO - [2023-01-20T23:51:11.214+0000] {dag.py:3328} INFO - Setting next_dagrun for example_trigger_controller_dag to 2021-01-01T00:00:00+00:00, run_after=2021-01-01T00:00:00+00:00
[2023-01-20T23:51:11.226+0000] {processor.py:178} INFO - Processing /home/airflow/.local/lib/python3.7/site-packages/airflow/example_dags/example_trigger_controller_dag.py took 0.083 seconds
[2023-01-20T23:51:41.639+0000] {processor.py:156} INFO - Started process (PID=1459) to work on /home/airflow/.local/lib/python3.7/site-packages/airflow/example_dags/example_trigger_controller_dag.py
[2023-01-20T23:51:41.641+0000] {processor.py:758} INFO - Processing file /home/airflow/.local/lib/python3.7/site-packages/airflow/example_dags/example_trigger_controller_dag.py for tasks to queue
[2023-01-20T23:51:41.642+0000] {logging_mixin.py:117} INFO - [2023-01-20T23:51:41.641+0000] {dagbag.py:525} INFO - Filling up the DagBag from /home/airflow/.local/lib/python3.7/site-packages/airflow/example_dags/example_trigger_controller_dag.py
[2023-01-20T23:51:41.652+0000] {processor.py:768} INFO - DAG(s) dict_keys(['example_trigger_controller_dag']) retrieved from /home/airflow/.local/lib/python3.7/site-packages/airflow/example_dags/example_trigger_controller_dag.py
[2023-01-20T23:51:41.685+0000] {logging_mixin.py:117} INFO - [2023-01-20T23:51:41.685+0000] {dag.py:2573} INFO - Sync 1 DAGs
[2023-01-20T23:51:41.702+0000] {logging_mixin.py:117} INFO - [2023-01-20T23:51:41.702+0000] {dag.py:3328} INFO - Setting next_dagrun for example_trigger_controller_dag to 2021-01-01T00:00:00+00:00, run_after=2021-01-01T00:00:00+00:00
[2023-01-20T23:51:41.713+0000] {processor.py:178} INFO - Processing /home/airflow/.local/lib/python3.7/site-packages/airflow/example_dags/example_trigger_controller_dag.py took 0.078 seconds
[2023-01-20T23:52:12.291+0000] {processor.py:156} INFO - Started process (PID=1522) to work on /home/airflow/.local/lib/python3.7/site-packages/airflow/example_dags/example_trigger_controller_dag.py
[2023-01-20T23:52:12.293+0000] {processor.py:758} INFO - Processing file /home/airflow/.local/lib/python3.7/site-packages/airflow/example_dags/example_trigger_controller_dag.py for tasks to queue
[2023-01-20T23:52:12.294+0000] {logging_mixin.py:117} INFO - [2023-01-20T23:52:12.294+0000] {dagbag.py:525} INFO - Filling up the DagBag from /home/airflow/.local/lib/python3.7/site-packages/airflow/example_dags/example_trigger_controller_dag.py
[2023-01-20T23:52:12.306+0000] {processor.py:768} INFO - DAG(s) dict_keys(['example_trigger_controller_dag']) retrieved from /home/airflow/.local/lib/python3.7/site-packages/airflow/example_dags/example_trigger_controller_dag.py
[2023-01-20T23:52:12.338+0000] {logging_mixin.py:117} INFO - [2023-01-20T23:52:12.338+0000] {dag.py:2573} INFO - Sync 1 DAGs
[2023-01-20T23:52:12.353+0000] {logging_mixin.py:117} INFO - [2023-01-20T23:52:12.353+0000] {dag.py:3328} INFO - Setting next_dagrun for example_trigger_controller_dag to 2021-01-01T00:00:00+00:00, run_after=2021-01-01T00:00:00+00:00
[2023-01-20T23:52:12.366+0000] {processor.py:178} INFO - Processing /home/airflow/.local/lib/python3.7/site-packages/airflow/example_dags/example_trigger_controller_dag.py took 0.080 seconds
[2023-01-20T23:52:42.676+0000] {processor.py:156} INFO - Started process (PID=1585) to work on /home/airflow/.local/lib/python3.7/site-packages/airflow/example_dags/example_trigger_controller_dag.py
[2023-01-20T23:52:42.677+0000] {processor.py:758} INFO - Processing file /home/airflow/.local/lib/python3.7/site-packages/airflow/example_dags/example_trigger_controller_dag.py for tasks to queue
[2023-01-20T23:52:42.678+0000] {logging_mixin.py:117} INFO - [2023-01-20T23:52:42.678+0000] {dagbag.py:525} INFO - Filling up the DagBag from /home/airflow/.local/lib/python3.7/site-packages/airflow/example_dags/example_trigger_controller_dag.py
[2023-01-20T23:52:42.687+0000] {processor.py:768} INFO - DAG(s) dict_keys(['example_trigger_controller_dag']) retrieved from /home/airflow/.local/lib/python3.7/site-packages/airflow/example_dags/example_trigger_controller_dag.py
[2023-01-20T23:52:42.716+0000] {logging_mixin.py:117} INFO - [2023-01-20T23:52:42.716+0000] {dag.py:2573} INFO - Sync 1 DAGs
[2023-01-20T23:52:42.731+0000] {logging_mixin.py:117} INFO - [2023-01-20T23:52:42.731+0000] {dag.py:3328} INFO - Setting next_dagrun for example_trigger_controller_dag to 2021-01-01T00:00:00+00:00, run_after=2021-01-01T00:00:00+00:00
[2023-01-20T23:52:42.742+0000] {processor.py:178} INFO - Processing /home/airflow/.local/lib/python3.7/site-packages/airflow/example_dags/example_trigger_controller_dag.py took 0.069 seconds
[2023-01-20T23:53:13.096+0000] {processor.py:156} INFO - Started process (PID=1648) to work on /home/airflow/.local/lib/python3.7/site-packages/airflow/example_dags/example_trigger_controller_dag.py
[2023-01-20T23:53:13.098+0000] {processor.py:758} INFO - Processing file /home/airflow/.local/lib/python3.7/site-packages/airflow/example_dags/example_trigger_controller_dag.py for tasks to queue
[2023-01-20T23:53:13.099+0000] {logging_mixin.py:117} INFO - [2023-01-20T23:53:13.099+0000] {dagbag.py:525} INFO - Filling up the DagBag from /home/airflow/.local/lib/python3.7/site-packages/airflow/example_dags/example_trigger_controller_dag.py
[2023-01-20T23:53:13.117+0000] {processor.py:768} INFO - DAG(s) dict_keys(['example_trigger_controller_dag']) retrieved from /home/airflow/.local/lib/python3.7/site-packages/airflow/example_dags/example_trigger_controller_dag.py
[2023-01-20T23:53:13.153+0000] {logging_mixin.py:117} INFO - [2023-01-20T23:53:13.152+0000] {dag.py:2573} INFO - Sync 1 DAGs
[2023-01-20T23:53:13.168+0000] {logging_mixin.py:117} INFO - [2023-01-20T23:53:13.168+0000] {dag.py:3328} INFO - Setting next_dagrun for example_trigger_controller_dag to 2021-01-01T00:00:00+00:00, run_after=2021-01-01T00:00:00+00:00
[2023-01-20T23:53:13.181+0000] {processor.py:178} INFO - Processing /home/airflow/.local/lib/python3.7/site-packages/airflow/example_dags/example_trigger_controller_dag.py took 0.092 seconds
[2023-01-20T23:53:43.717+0000] {processor.py:156} INFO - Started process (PID=1712) to work on /home/airflow/.local/lib/python3.7/site-packages/airflow/example_dags/example_trigger_controller_dag.py
[2023-01-20T23:53:43.719+0000] {processor.py:758} INFO - Processing file /home/airflow/.local/lib/python3.7/site-packages/airflow/example_dags/example_trigger_controller_dag.py for tasks to queue
[2023-01-20T23:53:43.720+0000] {logging_mixin.py:117} INFO - [2023-01-20T23:53:43.720+0000] {dagbag.py:525} INFO - Filling up the DagBag from /home/airflow/.local/lib/python3.7/site-packages/airflow/example_dags/example_trigger_controller_dag.py
[2023-01-20T23:53:43.730+0000] {processor.py:768} INFO - DAG(s) dict_keys(['example_trigger_controller_dag']) retrieved from /home/airflow/.local/lib/python3.7/site-packages/airflow/example_dags/example_trigger_controller_dag.py
[2023-01-20T23:53:43.764+0000] {logging_mixin.py:117} INFO - [2023-01-20T23:53:43.764+0000] {dag.py:2573} INFO - Sync 1 DAGs
[2023-01-20T23:53:43.784+0000] {logging_mixin.py:117} INFO - [2023-01-20T23:53:43.783+0000] {dag.py:3328} INFO - Setting next_dagrun for example_trigger_controller_dag to 2021-01-01T00:00:00+00:00, run_after=2021-01-01T00:00:00+00:00
[2023-01-20T23:53:43.800+0000] {processor.py:178} INFO - Processing /home/airflow/.local/lib/python3.7/site-packages/airflow/example_dags/example_trigger_controller_dag.py took 0.086 seconds
[2023-01-20T23:54:14.010+0000] {processor.py:156} INFO - Started process (PID=1766) to work on /home/airflow/.local/lib/python3.7/site-packages/airflow/example_dags/example_trigger_controller_dag.py
[2023-01-20T23:54:14.011+0000] {processor.py:758} INFO - Processing file /home/airflow/.local/lib/python3.7/site-packages/airflow/example_dags/example_trigger_controller_dag.py for tasks to queue
[2023-01-20T23:54:14.013+0000] {logging_mixin.py:117} INFO - [2023-01-20T23:54:14.013+0000] {dagbag.py:525} INFO - Filling up the DagBag from /home/airflow/.local/lib/python3.7/site-packages/airflow/example_dags/example_trigger_controller_dag.py
[2023-01-20T23:54:14.026+0000] {processor.py:768} INFO - DAG(s) dict_keys(['example_trigger_controller_dag']) retrieved from /home/airflow/.local/lib/python3.7/site-packages/airflow/example_dags/example_trigger_controller_dag.py
[2023-01-20T23:54:14.059+0000] {logging_mixin.py:117} INFO - [2023-01-20T23:54:14.059+0000] {dag.py:2573} INFO - Sync 1 DAGs
[2023-01-20T23:54:14.074+0000] {logging_mixin.py:117} INFO - [2023-01-20T23:54:14.074+0000] {dag.py:3328} INFO - Setting next_dagrun for example_trigger_controller_dag to 2021-01-01T00:00:00+00:00, run_after=2021-01-01T00:00:00+00:00
[2023-01-20T23:54:14.086+0000] {processor.py:178} INFO - Processing /home/airflow/.local/lib/python3.7/site-packages/airflow/example_dags/example_trigger_controller_dag.py took 0.081 seconds
[2023-01-20T23:54:55.614+0000] {processor.py:156} INFO - Started process (PID=43) to work on /home/airflow/.local/lib/python3.7/site-packages/airflow/example_dags/example_trigger_controller_dag.py
[2023-01-20T23:54:55.617+0000] {processor.py:758} INFO - Processing file /home/airflow/.local/lib/python3.7/site-packages/airflow/example_dags/example_trigger_controller_dag.py for tasks to queue
[2023-01-20T23:54:55.619+0000] {logging_mixin.py:117} INFO - [2023-01-20T23:54:55.619+0000] {dagbag.py:525} INFO - Filling up the DagBag from /home/airflow/.local/lib/python3.7/site-packages/airflow/example_dags/example_trigger_controller_dag.py
[2023-01-20T23:54:55.675+0000] {processor.py:768} INFO - DAG(s) dict_keys(['example_trigger_controller_dag']) retrieved from /home/airflow/.local/lib/python3.7/site-packages/airflow/example_dags/example_trigger_controller_dag.py
[2023-01-20T23:54:56.171+0000] {logging_mixin.py:117} INFO - [2023-01-20T23:54:56.170+0000] {dag.py:2573} INFO - Sync 1 DAGs
[2023-01-20T23:54:56.224+0000] {logging_mixin.py:117} INFO - [2023-01-20T23:54:56.224+0000] {dag.py:3328} INFO - Setting next_dagrun for example_trigger_controller_dag to 2021-01-01T00:00:00+00:00, run_after=2021-01-01T00:00:00+00:00
[2023-01-20T23:54:56.276+0000] {processor.py:178} INFO - Processing /home/airflow/.local/lib/python3.7/site-packages/airflow/example_dags/example_trigger_controller_dag.py took 0.666 seconds
[2023-01-20T23:55:27.014+0000] {processor.py:156} INFO - Started process (PID=107) to work on /home/airflow/.local/lib/python3.7/site-packages/airflow/example_dags/example_trigger_controller_dag.py
[2023-01-20T23:55:27.015+0000] {processor.py:758} INFO - Processing file /home/airflow/.local/lib/python3.7/site-packages/airflow/example_dags/example_trigger_controller_dag.py for tasks to queue
[2023-01-20T23:55:27.016+0000] {logging_mixin.py:117} INFO - [2023-01-20T23:55:27.016+0000] {dagbag.py:525} INFO - Filling up the DagBag from /home/airflow/.local/lib/python3.7/site-packages/airflow/example_dags/example_trigger_controller_dag.py
[2023-01-20T23:55:27.028+0000] {processor.py:768} INFO - DAG(s) dict_keys(['example_trigger_controller_dag']) retrieved from /home/airflow/.local/lib/python3.7/site-packages/airflow/example_dags/example_trigger_controller_dag.py
[2023-01-20T23:55:27.154+0000] {logging_mixin.py:117} INFO - [2023-01-20T23:55:27.153+0000] {dag.py:2573} INFO - Sync 1 DAGs
[2023-01-20T23:55:27.166+0000] {logging_mixin.py:117} INFO - [2023-01-20T23:55:27.166+0000] {dag.py:3328} INFO - Setting next_dagrun for example_trigger_controller_dag to 2021-01-01T00:00:00+00:00, run_after=2021-01-01T00:00:00+00:00
[2023-01-20T23:55:27.177+0000] {processor.py:178} INFO - Processing /home/airflow/.local/lib/python3.7/site-packages/airflow/example_dags/example_trigger_controller_dag.py took 0.167 seconds
[2023-01-20T23:57:24.236+0000] {processor.py:156} INFO - Started process (PID=44) to work on /home/airflow/.local/lib/python3.7/site-packages/airflow/example_dags/example_trigger_controller_dag.py
[2023-01-20T23:57:24.244+0000] {processor.py:758} INFO - Processing file /home/airflow/.local/lib/python3.7/site-packages/airflow/example_dags/example_trigger_controller_dag.py for tasks to queue
[2023-01-20T23:57:24.248+0000] {logging_mixin.py:117} INFO - [2023-01-20T23:57:24.247+0000] {dagbag.py:525} INFO - Filling up the DagBag from /home/airflow/.local/lib/python3.7/site-packages/airflow/example_dags/example_trigger_controller_dag.py
[2023-01-20T23:57:24.287+0000] {processor.py:768} INFO - DAG(s) dict_keys(['example_trigger_controller_dag']) retrieved from /home/airflow/.local/lib/python3.7/site-packages/airflow/example_dags/example_trigger_controller_dag.py
[2023-01-20T23:57:24.394+0000] {logging_mixin.py:117} INFO - [2023-01-20T23:57:24.394+0000] {dag.py:2573} INFO - Sync 1 DAGs
[2023-01-20T23:57:24.778+0000] {logging_mixin.py:117} INFO - [2023-01-20T23:57:24.777+0000] {dag.py:3328} INFO - Setting next_dagrun for example_trigger_controller_dag to 2021-01-01T00:00:00+00:00, run_after=2021-01-01T00:00:00+00:00
[2023-01-20T23:57:24.871+0000] {processor.py:178} INFO - Processing /home/airflow/.local/lib/python3.7/site-packages/airflow/example_dags/example_trigger_controller_dag.py took 0.646 seconds
[2023-01-20T23:57:55.304+0000] {processor.py:156} INFO - Started process (PID=96) to work on /home/airflow/.local/lib/python3.7/site-packages/airflow/example_dags/example_trigger_controller_dag.py
[2023-01-20T23:57:55.307+0000] {processor.py:758} INFO - Processing file /home/airflow/.local/lib/python3.7/site-packages/airflow/example_dags/example_trigger_controller_dag.py for tasks to queue
[2023-01-20T23:57:55.308+0000] {logging_mixin.py:117} INFO - [2023-01-20T23:57:55.308+0000] {dagbag.py:525} INFO - Filling up the DagBag from /home/airflow/.local/lib/python3.7/site-packages/airflow/example_dags/example_trigger_controller_dag.py
[2023-01-20T23:57:55.324+0000] {processor.py:768} INFO - DAG(s) dict_keys(['example_trigger_controller_dag']) retrieved from /home/airflow/.local/lib/python3.7/site-packages/airflow/example_dags/example_trigger_controller_dag.py
[2023-01-20T23:57:55.474+0000] {logging_mixin.py:117} INFO - [2023-01-20T23:57:55.473+0000] {dag.py:2573} INFO - Sync 1 DAGs
[2023-01-20T23:57:55.504+0000] {logging_mixin.py:117} INFO - [2023-01-20T23:57:55.504+0000] {dag.py:3328} INFO - Setting next_dagrun for example_trigger_controller_dag to 2021-01-01T00:00:00+00:00, run_after=2021-01-01T00:00:00+00:00
[2023-01-20T23:57:55.591+0000] {processor.py:178} INFO - Processing /home/airflow/.local/lib/python3.7/site-packages/airflow/example_dags/example_trigger_controller_dag.py took 0.292 seconds
[2023-01-20T23:58:26.685+0000] {processor.py:156} INFO - Started process (PID=159) to work on /home/airflow/.local/lib/python3.7/site-packages/airflow/example_dags/example_trigger_controller_dag.py
[2023-01-20T23:58:26.688+0000] {processor.py:758} INFO - Processing file /home/airflow/.local/lib/python3.7/site-packages/airflow/example_dags/example_trigger_controller_dag.py for tasks to queue
[2023-01-20T23:58:26.692+0000] {logging_mixin.py:117} INFO - [2023-01-20T23:58:26.691+0000] {dagbag.py:525} INFO - Filling up the DagBag from /home/airflow/.local/lib/python3.7/site-packages/airflow/example_dags/example_trigger_controller_dag.py
[2023-01-20T23:58:26.760+0000] {processor.py:768} INFO - DAG(s) dict_keys(['example_trigger_controller_dag']) retrieved from /home/airflow/.local/lib/python3.7/site-packages/airflow/example_dags/example_trigger_controller_dag.py
[2023-01-20T23:58:28.169+0000] {logging_mixin.py:117} INFO - [2023-01-20T23:58:28.168+0000] {dag.py:2573} INFO - Sync 1 DAGs
[2023-01-20T23:58:28.196+0000] {logging_mixin.py:117} INFO - [2023-01-20T23:58:28.195+0000] {dag.py:3328} INFO - Setting next_dagrun for example_trigger_controller_dag to 2021-01-01T00:00:00+00:00, run_after=2021-01-01T00:00:00+00:00
[2023-01-20T23:58:28.224+0000] {processor.py:178} INFO - Processing /home/airflow/.local/lib/python3.7/site-packages/airflow/example_dags/example_trigger_controller_dag.py took 1.560 seconds
[2023-01-20T23:58:59.091+0000] {processor.py:156} INFO - Started process (PID=222) to work on /home/airflow/.local/lib/python3.7/site-packages/airflow/example_dags/example_trigger_controller_dag.py
[2023-01-20T23:58:59.094+0000] {processor.py:758} INFO - Processing file /home/airflow/.local/lib/python3.7/site-packages/airflow/example_dags/example_trigger_controller_dag.py for tasks to queue
[2023-01-20T23:58:59.096+0000] {logging_mixin.py:117} INFO - [2023-01-20T23:58:59.096+0000] {dagbag.py:525} INFO - Filling up the DagBag from /home/airflow/.local/lib/python3.7/site-packages/airflow/example_dags/example_trigger_controller_dag.py
[2023-01-20T23:58:59.119+0000] {processor.py:768} INFO - DAG(s) dict_keys(['example_trigger_controller_dag']) retrieved from /home/airflow/.local/lib/python3.7/site-packages/airflow/example_dags/example_trigger_controller_dag.py
[2023-01-20T23:58:59.168+0000] {logging_mixin.py:117} INFO - [2023-01-20T23:58:59.168+0000] {dag.py:2573} INFO - Sync 1 DAGs
[2023-01-20T23:58:59.189+0000] {logging_mixin.py:117} INFO - [2023-01-20T23:58:59.189+0000] {dag.py:3328} INFO - Setting next_dagrun for example_trigger_controller_dag to 2021-01-01T00:00:00+00:00, run_after=2021-01-01T00:00:00+00:00
[2023-01-20T23:58:59.203+0000] {processor.py:178} INFO - Processing /home/airflow/.local/lib/python3.7/site-packages/airflow/example_dags/example_trigger_controller_dag.py took 0.122 seconds
[2023-01-20T23:59:29.594+0000] {processor.py:156} INFO - Started process (PID=285) to work on /home/airflow/.local/lib/python3.7/site-packages/airflow/example_dags/example_trigger_controller_dag.py
[2023-01-20T23:59:29.596+0000] {processor.py:758} INFO - Processing file /home/airflow/.local/lib/python3.7/site-packages/airflow/example_dags/example_trigger_controller_dag.py for tasks to queue
[2023-01-20T23:59:29.597+0000] {logging_mixin.py:117} INFO - [2023-01-20T23:59:29.597+0000] {dagbag.py:525} INFO - Filling up the DagBag from /home/airflow/.local/lib/python3.7/site-packages/airflow/example_dags/example_trigger_controller_dag.py
[2023-01-20T23:59:29.608+0000] {processor.py:768} INFO - DAG(s) dict_keys(['example_trigger_controller_dag']) retrieved from /home/airflow/.local/lib/python3.7/site-packages/airflow/example_dags/example_trigger_controller_dag.py
[2023-01-20T23:59:29.666+0000] {logging_mixin.py:117} INFO - [2023-01-20T23:59:29.666+0000] {dag.py:2573} INFO - Sync 1 DAGs
[2023-01-20T23:59:29.684+0000] {logging_mixin.py:117} INFO - [2023-01-20T23:59:29.684+0000] {dag.py:3328} INFO - Setting next_dagrun for example_trigger_controller_dag to 2021-01-01T00:00:00+00:00, run_after=2021-01-01T00:00:00+00:00
[2023-01-20T23:59:29.702+0000] {processor.py:178} INFO - Processing /home/airflow/.local/lib/python3.7/site-packages/airflow/example_dags/example_trigger_controller_dag.py took 0.110 seconds
[2023-01-20T23:59:59.906+0000] {processor.py:156} INFO - Started process (PID=348) to work on /home/airflow/.local/lib/python3.7/site-packages/airflow/example_dags/example_trigger_controller_dag.py
[2023-01-20T23:59:59.908+0000] {processor.py:758} INFO - Processing file /home/airflow/.local/lib/python3.7/site-packages/airflow/example_dags/example_trigger_controller_dag.py for tasks to queue
[2023-01-20T23:59:59.909+0000] {logging_mixin.py:117} INFO - [2023-01-20T23:59:59.909+0000] {dagbag.py:525} INFO - Filling up the DagBag from /home/airflow/.local/lib/python3.7/site-packages/airflow/example_dags/example_trigger_controller_dag.py
[2023-01-20T23:59:59.925+0000] {processor.py:768} INFO - DAG(s) dict_keys(['example_trigger_controller_dag']) retrieved from /home/airflow/.local/lib/python3.7/site-packages/airflow/example_dags/example_trigger_controller_dag.py
[2023-01-21T00:00:00.006+0000] {logging_mixin.py:117} INFO - [2023-01-21T00:00:00.006+0000] {dag.py:2573} INFO - Sync 1 DAGs
[2023-01-21T00:00:00.033+0000] {logging_mixin.py:117} INFO - [2023-01-21T00:00:00.033+0000] {dag.py:3328} INFO - Setting next_dagrun for example_trigger_controller_dag to 2021-01-01T00:00:00+00:00, run_after=2021-01-01T00:00:00+00:00
[2023-01-21T00:00:00.051+0000] {processor.py:178} INFO - Processing /home/airflow/.local/lib/python3.7/site-packages/airflow/example_dags/example_trigger_controller_dag.py took 0.147 seconds
