[2023-01-20T23:39:54.238+0000] {processor.py:156} INFO - Started process (PID=38) to work on /home/airflow/.local/lib/python3.7/site-packages/airflow/example_dags/example_task_group.py
[2023-01-20T23:39:54.241+0000] {processor.py:758} INFO - Processing file /home/airflow/.local/lib/python3.7/site-packages/airflow/example_dags/example_task_group.py for tasks to queue
[2023-01-20T23:39:54.245+0000] {logging_mixin.py:117} INFO - [2023-01-20T23:39:54.245+0000] {dagbag.py:525} INFO - Filling up the DagBag from /home/airflow/.local/lib/python3.7/site-packages/airflow/example_dags/example_task_group.py
[2023-01-20T23:39:54.306+0000] {processor.py:768} INFO - DAG(s) dict_keys(['example_task_group']) retrieved from /home/airflow/.local/lib/python3.7/site-packages/airflow/example_dags/example_task_group.py
[2023-01-20T23:39:54.737+0000] {logging_mixin.py:117} INFO - [2023-01-20T23:39:54.737+0000] {dag.py:2573} INFO - Sync 1 DAGs
[2023-01-20T23:39:54.893+0000] {logging_mixin.py:117} INFO - [2023-01-20T23:39:54.893+0000] {dag.py:3328} INFO - Setting next_dagrun for example_task_group to 2023-01-19T23:39:54.893053+00:00, run_after=2023-01-20T23:39:54.893053+00:00
[2023-01-20T23:39:54.964+0000] {processor.py:178} INFO - Processing /home/airflow/.local/lib/python3.7/site-packages/airflow/example_dags/example_task_group.py took 0.740 seconds
[2023-01-20T23:40:25.203+0000] {processor.py:156} INFO - Started process (PID=91) to work on /home/airflow/.local/lib/python3.7/site-packages/airflow/example_dags/example_task_group.py
[2023-01-20T23:40:25.205+0000] {processor.py:758} INFO - Processing file /home/airflow/.local/lib/python3.7/site-packages/airflow/example_dags/example_task_group.py for tasks to queue
[2023-01-20T23:40:25.205+0000] {logging_mixin.py:117} INFO - [2023-01-20T23:40:25.205+0000] {dagbag.py:525} INFO - Filling up the DagBag from /home/airflow/.local/lib/python3.7/site-packages/airflow/example_dags/example_task_group.py
[2023-01-20T23:40:25.217+0000] {processor.py:768} INFO - DAG(s) dict_keys(['example_task_group']) retrieved from /home/airflow/.local/lib/python3.7/site-packages/airflow/example_dags/example_task_group.py
[2023-01-20T23:40:25.342+0000] {logging_mixin.py:117} INFO - [2023-01-20T23:40:25.342+0000] {dag.py:2573} INFO - Sync 1 DAGs
[2023-01-20T23:40:25.358+0000] {logging_mixin.py:117} INFO - [2023-01-20T23:40:25.358+0000] {dag.py:3328} INFO - Setting next_dagrun for example_task_group to 2023-01-19T23:40:25.358055+00:00, run_after=2023-01-20T23:40:25.358055+00:00
[2023-01-20T23:40:25.369+0000] {processor.py:178} INFO - Processing /home/airflow/.local/lib/python3.7/site-packages/airflow/example_dags/example_task_group.py took 0.169 seconds
[2023-01-20T23:40:55.893+0000] {processor.py:156} INFO - Started process (PID=156) to work on /home/airflow/.local/lib/python3.7/site-packages/airflow/example_dags/example_task_group.py
[2023-01-20T23:40:55.895+0000] {processor.py:758} INFO - Processing file /home/airflow/.local/lib/python3.7/site-packages/airflow/example_dags/example_task_group.py for tasks to queue
[2023-01-20T23:40:55.896+0000] {logging_mixin.py:117} INFO - [2023-01-20T23:40:55.896+0000] {dagbag.py:525} INFO - Filling up the DagBag from /home/airflow/.local/lib/python3.7/site-packages/airflow/example_dags/example_task_group.py
[2023-01-20T23:40:56.018+0000] {processor.py:768} INFO - DAG(s) dict_keys(['example_task_group']) retrieved from /home/airflow/.local/lib/python3.7/site-packages/airflow/example_dags/example_task_group.py
[2023-01-20T23:40:56.041+0000] {logging_mixin.py:117} INFO - [2023-01-20T23:40:56.041+0000] {dag.py:2573} INFO - Sync 1 DAGs
[2023-01-20T23:40:56.055+0000] {logging_mixin.py:117} INFO - [2023-01-20T23:40:56.055+0000] {dag.py:3328} INFO - Setting next_dagrun for example_task_group to 2023-01-19T23:40:56.054909+00:00, run_after=2023-01-20T23:40:56.054909+00:00
[2023-01-20T23:40:56.064+0000] {processor.py:178} INFO - Processing /home/airflow/.local/lib/python3.7/site-packages/airflow/example_dags/example_task_group.py took 0.173 seconds
[2023-01-20T23:41:26.973+0000] {processor.py:156} INFO - Started process (PID=219) to work on /home/airflow/.local/lib/python3.7/site-packages/airflow/example_dags/example_task_group.py
[2023-01-20T23:41:26.975+0000] {processor.py:758} INFO - Processing file /home/airflow/.local/lib/python3.7/site-packages/airflow/example_dags/example_task_group.py for tasks to queue
[2023-01-20T23:41:26.976+0000] {logging_mixin.py:117} INFO - [2023-01-20T23:41:26.976+0000] {dagbag.py:525} INFO - Filling up the DagBag from /home/airflow/.local/lib/python3.7/site-packages/airflow/example_dags/example_task_group.py
[2023-01-20T23:41:27.152+0000] {processor.py:768} INFO - DAG(s) dict_keys(['example_task_group']) retrieved from /home/airflow/.local/lib/python3.7/site-packages/airflow/example_dags/example_task_group.py
[2023-01-20T23:41:27.181+0000] {logging_mixin.py:117} INFO - [2023-01-20T23:41:27.180+0000] {dag.py:2573} INFO - Sync 1 DAGs
[2023-01-20T23:41:27.195+0000] {logging_mixin.py:117} INFO - [2023-01-20T23:41:27.195+0000] {dag.py:3328} INFO - Setting next_dagrun for example_task_group to 2023-01-19T23:41:27.195308+00:00, run_after=2023-01-20T23:41:27.195308+00:00
[2023-01-20T23:41:27.207+0000] {processor.py:178} INFO - Processing /home/airflow/.local/lib/python3.7/site-packages/airflow/example_dags/example_task_group.py took 0.236 seconds
[2023-01-20T23:41:57.426+0000] {processor.py:156} INFO - Started process (PID=282) to work on /home/airflow/.local/lib/python3.7/site-packages/airflow/example_dags/example_task_group.py
[2023-01-20T23:41:57.427+0000] {processor.py:758} INFO - Processing file /home/airflow/.local/lib/python3.7/site-packages/airflow/example_dags/example_task_group.py for tasks to queue
[2023-01-20T23:41:57.428+0000] {logging_mixin.py:117} INFO - [2023-01-20T23:41:57.428+0000] {dagbag.py:525} INFO - Filling up the DagBag from /home/airflow/.local/lib/python3.7/site-packages/airflow/example_dags/example_task_group.py
[2023-01-20T23:41:57.439+0000] {processor.py:768} INFO - DAG(s) dict_keys(['example_task_group']) retrieved from /home/airflow/.local/lib/python3.7/site-packages/airflow/example_dags/example_task_group.py
[2023-01-20T23:41:57.467+0000] {logging_mixin.py:117} INFO - [2023-01-20T23:41:57.467+0000] {dag.py:2573} INFO - Sync 1 DAGs
[2023-01-20T23:41:57.480+0000] {logging_mixin.py:117} INFO - [2023-01-20T23:41:57.480+0000] {dag.py:3328} INFO - Setting next_dagrun for example_task_group to 2023-01-19T23:41:57.480566+00:00, run_after=2023-01-20T23:41:57.480566+00:00
[2023-01-20T23:41:57.490+0000] {processor.py:178} INFO - Processing /home/airflow/.local/lib/python3.7/site-packages/airflow/example_dags/example_task_group.py took 0.066 seconds
[2023-01-20T23:42:28.119+0000] {processor.py:156} INFO - Started process (PID=345) to work on /home/airflow/.local/lib/python3.7/site-packages/airflow/example_dags/example_task_group.py
[2023-01-20T23:42:28.121+0000] {processor.py:758} INFO - Processing file /home/airflow/.local/lib/python3.7/site-packages/airflow/example_dags/example_task_group.py for tasks to queue
[2023-01-20T23:42:28.121+0000] {logging_mixin.py:117} INFO - [2023-01-20T23:42:28.121+0000] {dagbag.py:525} INFO - Filling up the DagBag from /home/airflow/.local/lib/python3.7/site-packages/airflow/example_dags/example_task_group.py
[2023-01-20T23:42:28.136+0000] {processor.py:768} INFO - DAG(s) dict_keys(['example_task_group']) retrieved from /home/airflow/.local/lib/python3.7/site-packages/airflow/example_dags/example_task_group.py
[2023-01-20T23:42:28.169+0000] {logging_mixin.py:117} INFO - [2023-01-20T23:42:28.169+0000] {dag.py:2573} INFO - Sync 1 DAGs
[2023-01-20T23:42:28.183+0000] {logging_mixin.py:117} INFO - [2023-01-20T23:42:28.183+0000] {dag.py:3328} INFO - Setting next_dagrun for example_task_group to 2023-01-19T23:42:28.183162+00:00, run_after=2023-01-20T23:42:28.183162+00:00
[2023-01-20T23:42:28.193+0000] {processor.py:178} INFO - Processing /home/airflow/.local/lib/python3.7/site-packages/airflow/example_dags/example_task_group.py took 0.076 seconds
[2023-01-20T23:42:58.770+0000] {processor.py:156} INFO - Started process (PID=409) to work on /home/airflow/.local/lib/python3.7/site-packages/airflow/example_dags/example_task_group.py
[2023-01-20T23:42:58.771+0000] {processor.py:758} INFO - Processing file /home/airflow/.local/lib/python3.7/site-packages/airflow/example_dags/example_task_group.py for tasks to queue
[2023-01-20T23:42:58.772+0000] {logging_mixin.py:117} INFO - [2023-01-20T23:42:58.772+0000] {dagbag.py:525} INFO - Filling up the DagBag from /home/airflow/.local/lib/python3.7/site-packages/airflow/example_dags/example_task_group.py
[2023-01-20T23:42:58.785+0000] {processor.py:768} INFO - DAG(s) dict_keys(['example_task_group']) retrieved from /home/airflow/.local/lib/python3.7/site-packages/airflow/example_dags/example_task_group.py
[2023-01-20T23:42:58.827+0000] {logging_mixin.py:117} INFO - [2023-01-20T23:42:58.827+0000] {dag.py:2573} INFO - Sync 1 DAGs
[2023-01-20T23:42:58.842+0000] {logging_mixin.py:117} INFO - [2023-01-20T23:42:58.842+0000] {dag.py:3328} INFO - Setting next_dagrun for example_task_group to 2023-01-19T23:42:58.842226+00:00, run_after=2023-01-20T23:42:58.842226+00:00
[2023-01-20T23:42:58.854+0000] {processor.py:178} INFO - Processing /home/airflow/.local/lib/python3.7/site-packages/airflow/example_dags/example_task_group.py took 0.087 seconds
[2023-01-20T23:43:28.968+0000] {processor.py:156} INFO - Started process (PID=463) to work on /home/airflow/.local/lib/python3.7/site-packages/airflow/example_dags/example_task_group.py
[2023-01-20T23:43:28.970+0000] {processor.py:758} INFO - Processing file /home/airflow/.local/lib/python3.7/site-packages/airflow/example_dags/example_task_group.py for tasks to queue
[2023-01-20T23:43:28.971+0000] {logging_mixin.py:117} INFO - [2023-01-20T23:43:28.970+0000] {dagbag.py:525} INFO - Filling up the DagBag from /home/airflow/.local/lib/python3.7/site-packages/airflow/example_dags/example_task_group.py
[2023-01-20T23:43:28.982+0000] {processor.py:768} INFO - DAG(s) dict_keys(['example_task_group']) retrieved from /home/airflow/.local/lib/python3.7/site-packages/airflow/example_dags/example_task_group.py
[2023-01-20T23:43:29.007+0000] {logging_mixin.py:117} INFO - [2023-01-20T23:43:29.007+0000] {dag.py:2573} INFO - Sync 1 DAGs
[2023-01-20T23:43:29.026+0000] {logging_mixin.py:117} INFO - [2023-01-20T23:43:29.026+0000] {dag.py:3328} INFO - Setting next_dagrun for example_task_group to 2023-01-19T23:43:29.025616+00:00, run_after=2023-01-20T23:43:29.025616+00:00
[2023-01-20T23:43:29.037+0000] {processor.py:178} INFO - Processing /home/airflow/.local/lib/python3.7/site-packages/airflow/example_dags/example_task_group.py took 0.071 seconds
[2023-01-20T23:43:59.168+0000] {processor.py:156} INFO - Started process (PID=526) to work on /home/airflow/.local/lib/python3.7/site-packages/airflow/example_dags/example_task_group.py
[2023-01-20T23:43:59.169+0000] {processor.py:758} INFO - Processing file /home/airflow/.local/lib/python3.7/site-packages/airflow/example_dags/example_task_group.py for tasks to queue
[2023-01-20T23:43:59.171+0000] {logging_mixin.py:117} INFO - [2023-01-20T23:43:59.171+0000] {dagbag.py:525} INFO - Filling up the DagBag from /home/airflow/.local/lib/python3.7/site-packages/airflow/example_dags/example_task_group.py
[2023-01-20T23:43:59.182+0000] {processor.py:768} INFO - DAG(s) dict_keys(['example_task_group']) retrieved from /home/airflow/.local/lib/python3.7/site-packages/airflow/example_dags/example_task_group.py
[2023-01-20T23:43:59.209+0000] {logging_mixin.py:117} INFO - [2023-01-20T23:43:59.209+0000] {dag.py:2573} INFO - Sync 1 DAGs
[2023-01-20T23:43:59.223+0000] {logging_mixin.py:117} INFO - [2023-01-20T23:43:59.223+0000] {dag.py:3328} INFO - Setting next_dagrun for example_task_group to 2023-01-19T23:43:59.222965+00:00, run_after=2023-01-20T23:43:59.222965+00:00
[2023-01-20T23:43:59.232+0000] {processor.py:178} INFO - Processing /home/airflow/.local/lib/python3.7/site-packages/airflow/example_dags/example_task_group.py took 0.067 seconds
[2023-01-20T23:44:29.726+0000] {processor.py:156} INFO - Started process (PID=589) to work on /home/airflow/.local/lib/python3.7/site-packages/airflow/example_dags/example_task_group.py
[2023-01-20T23:44:29.729+0000] {processor.py:758} INFO - Processing file /home/airflow/.local/lib/python3.7/site-packages/airflow/example_dags/example_task_group.py for tasks to queue
[2023-01-20T23:44:29.730+0000] {logging_mixin.py:117} INFO - [2023-01-20T23:44:29.730+0000] {dagbag.py:525} INFO - Filling up the DagBag from /home/airflow/.local/lib/python3.7/site-packages/airflow/example_dags/example_task_group.py
[2023-01-20T23:44:29.743+0000] {processor.py:768} INFO - DAG(s) dict_keys(['example_task_group']) retrieved from /home/airflow/.local/lib/python3.7/site-packages/airflow/example_dags/example_task_group.py
[2023-01-20T23:44:29.769+0000] {logging_mixin.py:117} INFO - [2023-01-20T23:44:29.769+0000] {dag.py:2573} INFO - Sync 1 DAGs
[2023-01-20T23:44:29.783+0000] {logging_mixin.py:117} INFO - [2023-01-20T23:44:29.783+0000] {dag.py:3328} INFO - Setting next_dagrun for example_task_group to 2023-01-19T23:44:29.783114+00:00, run_after=2023-01-20T23:44:29.783114+00:00
[2023-01-20T23:44:29.793+0000] {processor.py:178} INFO - Processing /home/airflow/.local/lib/python3.7/site-packages/airflow/example_dags/example_task_group.py took 0.070 seconds
[2023-01-20T23:45:00.064+0000] {processor.py:156} INFO - Started process (PID=652) to work on /home/airflow/.local/lib/python3.7/site-packages/airflow/example_dags/example_task_group.py
[2023-01-20T23:45:00.065+0000] {processor.py:758} INFO - Processing file /home/airflow/.local/lib/python3.7/site-packages/airflow/example_dags/example_task_group.py for tasks to queue
[2023-01-20T23:45:00.066+0000] {logging_mixin.py:117} INFO - [2023-01-20T23:45:00.066+0000] {dagbag.py:525} INFO - Filling up the DagBag from /home/airflow/.local/lib/python3.7/site-packages/airflow/example_dags/example_task_group.py
[2023-01-20T23:45:00.078+0000] {processor.py:768} INFO - DAG(s) dict_keys(['example_task_group']) retrieved from /home/airflow/.local/lib/python3.7/site-packages/airflow/example_dags/example_task_group.py
[2023-01-20T23:45:00.107+0000] {logging_mixin.py:117} INFO - [2023-01-20T23:45:00.107+0000] {dag.py:2573} INFO - Sync 1 DAGs
[2023-01-20T23:45:00.122+0000] {logging_mixin.py:117} INFO - [2023-01-20T23:45:00.122+0000] {dag.py:3328} INFO - Setting next_dagrun for example_task_group to 2023-01-19T23:45:00.122187+00:00, run_after=2023-01-20T23:45:00.122187+00:00
[2023-01-20T23:45:00.133+0000] {processor.py:178} INFO - Processing /home/airflow/.local/lib/python3.7/site-packages/airflow/example_dags/example_task_group.py took 0.072 seconds
[2023-01-20T23:45:30.319+0000] {processor.py:156} INFO - Started process (PID=715) to work on /home/airflow/.local/lib/python3.7/site-packages/airflow/example_dags/example_task_group.py
[2023-01-20T23:45:30.321+0000] {processor.py:758} INFO - Processing file /home/airflow/.local/lib/python3.7/site-packages/airflow/example_dags/example_task_group.py for tasks to queue
[2023-01-20T23:45:30.321+0000] {logging_mixin.py:117} INFO - [2023-01-20T23:45:30.321+0000] {dagbag.py:525} INFO - Filling up the DagBag from /home/airflow/.local/lib/python3.7/site-packages/airflow/example_dags/example_task_group.py
[2023-01-20T23:45:30.333+0000] {processor.py:768} INFO - DAG(s) dict_keys(['example_task_group']) retrieved from /home/airflow/.local/lib/python3.7/site-packages/airflow/example_dags/example_task_group.py
[2023-01-20T23:45:30.359+0000] {logging_mixin.py:117} INFO - [2023-01-20T23:45:30.359+0000] {dag.py:2573} INFO - Sync 1 DAGs
[2023-01-20T23:45:30.373+0000] {logging_mixin.py:117} INFO - [2023-01-20T23:45:30.373+0000] {dag.py:3328} INFO - Setting next_dagrun for example_task_group to 2023-01-19T23:45:30.373117+00:00, run_after=2023-01-20T23:45:30.373117+00:00
[2023-01-20T23:45:30.383+0000] {processor.py:178} INFO - Processing /home/airflow/.local/lib/python3.7/site-packages/airflow/example_dags/example_task_group.py took 0.066 seconds
[2023-01-20T23:46:00.791+0000] {processor.py:156} INFO - Started process (PID=769) to work on /home/airflow/.local/lib/python3.7/site-packages/airflow/example_dags/example_task_group.py
[2023-01-20T23:46:00.792+0000] {processor.py:758} INFO - Processing file /home/airflow/.local/lib/python3.7/site-packages/airflow/example_dags/example_task_group.py for tasks to queue
[2023-01-20T23:46:00.793+0000] {logging_mixin.py:117} INFO - [2023-01-20T23:46:00.793+0000] {dagbag.py:525} INFO - Filling up the DagBag from /home/airflow/.local/lib/python3.7/site-packages/airflow/example_dags/example_task_group.py
[2023-01-20T23:46:00.806+0000] {processor.py:768} INFO - DAG(s) dict_keys(['example_task_group']) retrieved from /home/airflow/.local/lib/python3.7/site-packages/airflow/example_dags/example_task_group.py
[2023-01-20T23:46:00.845+0000] {logging_mixin.py:117} INFO - [2023-01-20T23:46:00.845+0000] {dag.py:2573} INFO - Sync 1 DAGs
[2023-01-20T23:46:00.868+0000] {logging_mixin.py:117} INFO - [2023-01-20T23:46:00.868+0000] {dag.py:3328} INFO - Setting next_dagrun for example_task_group to 2023-01-19T23:46:00.868331+00:00, run_after=2023-01-20T23:46:00.868331+00:00
[2023-01-20T23:46:00.881+0000] {processor.py:178} INFO - Processing /home/airflow/.local/lib/python3.7/site-packages/airflow/example_dags/example_task_group.py took 0.093 seconds
[2023-01-20T23:46:31.134+0000] {processor.py:156} INFO - Started process (PID=832) to work on /home/airflow/.local/lib/python3.7/site-packages/airflow/example_dags/example_task_group.py
[2023-01-20T23:46:31.135+0000] {processor.py:758} INFO - Processing file /home/airflow/.local/lib/python3.7/site-packages/airflow/example_dags/example_task_group.py for tasks to queue
[2023-01-20T23:46:31.136+0000] {logging_mixin.py:117} INFO - [2023-01-20T23:46:31.136+0000] {dagbag.py:525} INFO - Filling up the DagBag from /home/airflow/.local/lib/python3.7/site-packages/airflow/example_dags/example_task_group.py
[2023-01-20T23:46:31.148+0000] {processor.py:768} INFO - DAG(s) dict_keys(['example_task_group']) retrieved from /home/airflow/.local/lib/python3.7/site-packages/airflow/example_dags/example_task_group.py
[2023-01-20T23:46:31.174+0000] {logging_mixin.py:117} INFO - [2023-01-20T23:46:31.174+0000] {dag.py:2573} INFO - Sync 1 DAGs
[2023-01-20T23:46:31.187+0000] {logging_mixin.py:117} INFO - [2023-01-20T23:46:31.187+0000] {dag.py:3328} INFO - Setting next_dagrun for example_task_group to 2023-01-19T23:46:31.187496+00:00, run_after=2023-01-20T23:46:31.187496+00:00
[2023-01-20T23:46:31.197+0000] {processor.py:178} INFO - Processing /home/airflow/.local/lib/python3.7/site-packages/airflow/example_dags/example_task_group.py took 0.065 seconds
[2023-01-20T23:47:01.630+0000] {processor.py:156} INFO - Started process (PID=895) to work on /home/airflow/.local/lib/python3.7/site-packages/airflow/example_dags/example_task_group.py
[2023-01-20T23:47:01.631+0000] {processor.py:758} INFO - Processing file /home/airflow/.local/lib/python3.7/site-packages/airflow/example_dags/example_task_group.py for tasks to queue
[2023-01-20T23:47:01.632+0000] {logging_mixin.py:117} INFO - [2023-01-20T23:47:01.632+0000] {dagbag.py:525} INFO - Filling up the DagBag from /home/airflow/.local/lib/python3.7/site-packages/airflow/example_dags/example_task_group.py
[2023-01-20T23:47:01.643+0000] {processor.py:768} INFO - DAG(s) dict_keys(['example_task_group']) retrieved from /home/airflow/.local/lib/python3.7/site-packages/airflow/example_dags/example_task_group.py
[2023-01-20T23:47:01.674+0000] {logging_mixin.py:117} INFO - [2023-01-20T23:47:01.673+0000] {dag.py:2573} INFO - Sync 1 DAGs
[2023-01-20T23:47:01.688+0000] {logging_mixin.py:117} INFO - [2023-01-20T23:47:01.688+0000] {dag.py:3328} INFO - Setting next_dagrun for example_task_group to 2023-01-19T23:47:01.687993+00:00, run_after=2023-01-20T23:47:01.687993+00:00
[2023-01-20T23:47:01.699+0000] {processor.py:178} INFO - Processing /home/airflow/.local/lib/python3.7/site-packages/airflow/example_dags/example_task_group.py took 0.072 seconds
[2023-01-20T23:47:32.194+0000] {processor.py:156} INFO - Started process (PID=958) to work on /home/airflow/.local/lib/python3.7/site-packages/airflow/example_dags/example_task_group.py
[2023-01-20T23:47:32.196+0000] {processor.py:758} INFO - Processing file /home/airflow/.local/lib/python3.7/site-packages/airflow/example_dags/example_task_group.py for tasks to queue
[2023-01-20T23:47:32.197+0000] {logging_mixin.py:117} INFO - [2023-01-20T23:47:32.197+0000] {dagbag.py:525} INFO - Filling up the DagBag from /home/airflow/.local/lib/python3.7/site-packages/airflow/example_dags/example_task_group.py
[2023-01-20T23:47:32.210+0000] {processor.py:768} INFO - DAG(s) dict_keys(['example_task_group']) retrieved from /home/airflow/.local/lib/python3.7/site-packages/airflow/example_dags/example_task_group.py
[2023-01-20T23:47:32.247+0000] {logging_mixin.py:117} INFO - [2023-01-20T23:47:32.247+0000] {dag.py:2573} INFO - Sync 1 DAGs
[2023-01-20T23:47:32.265+0000] {logging_mixin.py:117} INFO - [2023-01-20T23:47:32.265+0000] {dag.py:3328} INFO - Setting next_dagrun for example_task_group to 2023-01-19T23:47:32.265359+00:00, run_after=2023-01-20T23:47:32.265359+00:00
[2023-01-20T23:47:32.278+0000] {processor.py:178} INFO - Processing /home/airflow/.local/lib/python3.7/site-packages/airflow/example_dags/example_task_group.py took 0.088 seconds
[2023-01-20T23:48:02.600+0000] {processor.py:156} INFO - Started process (PID=1020) to work on /home/airflow/.local/lib/python3.7/site-packages/airflow/example_dags/example_task_group.py
[2023-01-20T23:48:02.602+0000] {processor.py:758} INFO - Processing file /home/airflow/.local/lib/python3.7/site-packages/airflow/example_dags/example_task_group.py for tasks to queue
[2023-01-20T23:48:02.603+0000] {logging_mixin.py:117} INFO - [2023-01-20T23:48:02.603+0000] {dagbag.py:525} INFO - Filling up the DagBag from /home/airflow/.local/lib/python3.7/site-packages/airflow/example_dags/example_task_group.py
[2023-01-20T23:48:02.616+0000] {processor.py:768} INFO - DAG(s) dict_keys(['example_task_group']) retrieved from /home/airflow/.local/lib/python3.7/site-packages/airflow/example_dags/example_task_group.py
[2023-01-20T23:48:02.643+0000] {logging_mixin.py:117} INFO - [2023-01-20T23:48:02.643+0000] {dag.py:2573} INFO - Sync 1 DAGs
[2023-01-20T23:48:02.656+0000] {logging_mixin.py:117} INFO - [2023-01-20T23:48:02.656+0000] {dag.py:3328} INFO - Setting next_dagrun for example_task_group to 2023-01-19T23:48:02.656694+00:00, run_after=2023-01-20T23:48:02.656694+00:00
[2023-01-20T23:48:02.666+0000] {processor.py:178} INFO - Processing /home/airflow/.local/lib/python3.7/site-packages/airflow/example_dags/example_task_group.py took 0.069 seconds
[2023-01-20T23:48:33.048+0000] {processor.py:156} INFO - Started process (PID=1083) to work on /home/airflow/.local/lib/python3.7/site-packages/airflow/example_dags/example_task_group.py
[2023-01-20T23:48:33.049+0000] {processor.py:758} INFO - Processing file /home/airflow/.local/lib/python3.7/site-packages/airflow/example_dags/example_task_group.py for tasks to queue
[2023-01-20T23:48:33.050+0000] {logging_mixin.py:117} INFO - [2023-01-20T23:48:33.050+0000] {dagbag.py:525} INFO - Filling up the DagBag from /home/airflow/.local/lib/python3.7/site-packages/airflow/example_dags/example_task_group.py
[2023-01-20T23:48:33.062+0000] {processor.py:768} INFO - DAG(s) dict_keys(['example_task_group']) retrieved from /home/airflow/.local/lib/python3.7/site-packages/airflow/example_dags/example_task_group.py
[2023-01-20T23:48:33.088+0000] {logging_mixin.py:117} INFO - [2023-01-20T23:48:33.088+0000] {dag.py:2573} INFO - Sync 1 DAGs
[2023-01-20T23:48:33.101+0000] {logging_mixin.py:117} INFO - [2023-01-20T23:48:33.101+0000] {dag.py:3328} INFO - Setting next_dagrun for example_task_group to 2023-01-19T23:48:33.101488+00:00, run_after=2023-01-20T23:48:33.101488+00:00
[2023-01-20T23:48:33.111+0000] {processor.py:178} INFO - Processing /home/airflow/.local/lib/python3.7/site-packages/airflow/example_dags/example_task_group.py took 0.066 seconds
[2023-01-20T23:49:03.439+0000] {processor.py:156} INFO - Started process (PID=1137) to work on /home/airflow/.local/lib/python3.7/site-packages/airflow/example_dags/example_task_group.py
[2023-01-20T23:49:03.440+0000] {processor.py:758} INFO - Processing file /home/airflow/.local/lib/python3.7/site-packages/airflow/example_dags/example_task_group.py for tasks to queue
[2023-01-20T23:49:03.441+0000] {logging_mixin.py:117} INFO - [2023-01-20T23:49:03.441+0000] {dagbag.py:525} INFO - Filling up the DagBag from /home/airflow/.local/lib/python3.7/site-packages/airflow/example_dags/example_task_group.py
[2023-01-20T23:49:03.453+0000] {processor.py:768} INFO - DAG(s) dict_keys(['example_task_group']) retrieved from /home/airflow/.local/lib/python3.7/site-packages/airflow/example_dags/example_task_group.py
[2023-01-20T23:49:03.479+0000] {logging_mixin.py:117} INFO - [2023-01-20T23:49:03.479+0000] {dag.py:2573} INFO - Sync 1 DAGs
[2023-01-20T23:49:03.492+0000] {logging_mixin.py:117} INFO - [2023-01-20T23:49:03.492+0000] {dag.py:3328} INFO - Setting next_dagrun for example_task_group to 2023-01-19T23:49:03.492596+00:00, run_after=2023-01-20T23:49:03.492596+00:00
[2023-01-20T23:49:03.503+0000] {processor.py:178} INFO - Processing /home/airflow/.local/lib/python3.7/site-packages/airflow/example_dags/example_task_group.py took 0.066 seconds
[2023-01-20T23:49:33.838+0000] {processor.py:156} INFO - Started process (PID=1200) to work on /home/airflow/.local/lib/python3.7/site-packages/airflow/example_dags/example_task_group.py
[2023-01-20T23:49:33.839+0000] {processor.py:758} INFO - Processing file /home/airflow/.local/lib/python3.7/site-packages/airflow/example_dags/example_task_group.py for tasks to queue
[2023-01-20T23:49:33.840+0000] {logging_mixin.py:117} INFO - [2023-01-20T23:49:33.840+0000] {dagbag.py:525} INFO - Filling up the DagBag from /home/airflow/.local/lib/python3.7/site-packages/airflow/example_dags/example_task_group.py
[2023-01-20T23:49:33.851+0000] {processor.py:768} INFO - DAG(s) dict_keys(['example_task_group']) retrieved from /home/airflow/.local/lib/python3.7/site-packages/airflow/example_dags/example_task_group.py
[2023-01-20T23:49:33.878+0000] {logging_mixin.py:117} INFO - [2023-01-20T23:49:33.878+0000] {dag.py:2573} INFO - Sync 1 DAGs
[2023-01-20T23:49:33.892+0000] {logging_mixin.py:117} INFO - [2023-01-20T23:49:33.892+0000] {dag.py:3328} INFO - Setting next_dagrun for example_task_group to 2023-01-19T23:49:33.892238+00:00, run_after=2023-01-20T23:49:33.892238+00:00
[2023-01-20T23:49:33.902+0000] {processor.py:178} INFO - Processing /home/airflow/.local/lib/python3.7/site-packages/airflow/example_dags/example_task_group.py took 0.067 seconds
[2023-01-20T23:50:04.120+0000] {processor.py:156} INFO - Started process (PID=1263) to work on /home/airflow/.local/lib/python3.7/site-packages/airflow/example_dags/example_task_group.py
[2023-01-20T23:50:04.121+0000] {processor.py:758} INFO - Processing file /home/airflow/.local/lib/python3.7/site-packages/airflow/example_dags/example_task_group.py for tasks to queue
[2023-01-20T23:50:04.122+0000] {logging_mixin.py:117} INFO - [2023-01-20T23:50:04.122+0000] {dagbag.py:525} INFO - Filling up the DagBag from /home/airflow/.local/lib/python3.7/site-packages/airflow/example_dags/example_task_group.py
[2023-01-20T23:50:04.133+0000] {processor.py:768} INFO - DAG(s) dict_keys(['example_task_group']) retrieved from /home/airflow/.local/lib/python3.7/site-packages/airflow/example_dags/example_task_group.py
[2023-01-20T23:50:04.160+0000] {logging_mixin.py:117} INFO - [2023-01-20T23:50:04.160+0000] {dag.py:2573} INFO - Sync 1 DAGs
[2023-01-20T23:50:04.173+0000] {logging_mixin.py:117} INFO - [2023-01-20T23:50:04.173+0000] {dag.py:3328} INFO - Setting next_dagrun for example_task_group to 2023-01-19T23:50:04.173293+00:00, run_after=2023-01-20T23:50:04.173293+00:00
[2023-01-20T23:50:04.183+0000] {processor.py:178} INFO - Processing /home/airflow/.local/lib/python3.7/site-packages/airflow/example_dags/example_task_group.py took 0.067 seconds
[2023-01-20T23:50:34.472+0000] {processor.py:156} INFO - Started process (PID=1326) to work on /home/airflow/.local/lib/python3.7/site-packages/airflow/example_dags/example_task_group.py
[2023-01-20T23:50:34.474+0000] {processor.py:758} INFO - Processing file /home/airflow/.local/lib/python3.7/site-packages/airflow/example_dags/example_task_group.py for tasks to queue
[2023-01-20T23:50:34.475+0000] {logging_mixin.py:117} INFO - [2023-01-20T23:50:34.475+0000] {dagbag.py:525} INFO - Filling up the DagBag from /home/airflow/.local/lib/python3.7/site-packages/airflow/example_dags/example_task_group.py
[2023-01-20T23:50:34.486+0000] {processor.py:768} INFO - DAG(s) dict_keys(['example_task_group']) retrieved from /home/airflow/.local/lib/python3.7/site-packages/airflow/example_dags/example_task_group.py
[2023-01-20T23:50:34.516+0000] {logging_mixin.py:117} INFO - [2023-01-20T23:50:34.516+0000] {dag.py:2573} INFO - Sync 1 DAGs
[2023-01-20T23:50:34.530+0000] {logging_mixin.py:117} INFO - [2023-01-20T23:50:34.530+0000] {dag.py:3328} INFO - Setting next_dagrun for example_task_group to 2023-01-19T23:50:34.530669+00:00, run_after=2023-01-20T23:50:34.530669+00:00
[2023-01-20T23:50:34.541+0000] {processor.py:178} INFO - Processing /home/airflow/.local/lib/python3.7/site-packages/airflow/example_dags/example_task_group.py took 0.071 seconds
[2023-01-20T23:51:04.776+0000] {processor.py:156} INFO - Started process (PID=1389) to work on /home/airflow/.local/lib/python3.7/site-packages/airflow/example_dags/example_task_group.py
[2023-01-20T23:51:04.777+0000] {processor.py:758} INFO - Processing file /home/airflow/.local/lib/python3.7/site-packages/airflow/example_dags/example_task_group.py for tasks to queue
[2023-01-20T23:51:04.778+0000] {logging_mixin.py:117} INFO - [2023-01-20T23:51:04.778+0000] {dagbag.py:525} INFO - Filling up the DagBag from /home/airflow/.local/lib/python3.7/site-packages/airflow/example_dags/example_task_group.py
[2023-01-20T23:51:04.790+0000] {processor.py:768} INFO - DAG(s) dict_keys(['example_task_group']) retrieved from /home/airflow/.local/lib/python3.7/site-packages/airflow/example_dags/example_task_group.py
[2023-01-20T23:51:04.816+0000] {logging_mixin.py:117} INFO - [2023-01-20T23:51:04.816+0000] {dag.py:2573} INFO - Sync 1 DAGs
[2023-01-20T23:51:04.829+0000] {logging_mixin.py:117} INFO - [2023-01-20T23:51:04.829+0000] {dag.py:3328} INFO - Setting next_dagrun for example_task_group to 2023-01-19T23:51:04.829431+00:00, run_after=2023-01-20T23:51:04.829431+00:00
[2023-01-20T23:51:04.841+0000] {processor.py:178} INFO - Processing /home/airflow/.local/lib/python3.7/site-packages/airflow/example_dags/example_task_group.py took 0.069 seconds
[2023-01-20T23:51:35.175+0000] {processor.py:156} INFO - Started process (PID=1453) to work on /home/airflow/.local/lib/python3.7/site-packages/airflow/example_dags/example_task_group.py
[2023-01-20T23:51:35.176+0000] {processor.py:758} INFO - Processing file /home/airflow/.local/lib/python3.7/site-packages/airflow/example_dags/example_task_group.py for tasks to queue
[2023-01-20T23:51:35.177+0000] {logging_mixin.py:117} INFO - [2023-01-20T23:51:35.177+0000] {dagbag.py:525} INFO - Filling up the DagBag from /home/airflow/.local/lib/python3.7/site-packages/airflow/example_dags/example_task_group.py
[2023-01-20T23:51:35.188+0000] {processor.py:768} INFO - DAG(s) dict_keys(['example_task_group']) retrieved from /home/airflow/.local/lib/python3.7/site-packages/airflow/example_dags/example_task_group.py
[2023-01-20T23:51:35.214+0000] {logging_mixin.py:117} INFO - [2023-01-20T23:51:35.214+0000] {dag.py:2573} INFO - Sync 1 DAGs
[2023-01-20T23:51:35.229+0000] {logging_mixin.py:117} INFO - [2023-01-20T23:51:35.229+0000] {dag.py:3328} INFO - Setting next_dagrun for example_task_group to 2023-01-19T23:51:35.228910+00:00, run_after=2023-01-20T23:51:35.228910+00:00
[2023-01-20T23:51:35.239+0000] {processor.py:178} INFO - Processing /home/airflow/.local/lib/python3.7/site-packages/airflow/example_dags/example_task_group.py took 0.067 seconds
[2023-01-20T23:52:05.762+0000] {processor.py:156} INFO - Started process (PID=1507) to work on /home/airflow/.local/lib/python3.7/site-packages/airflow/example_dags/example_task_group.py
[2023-01-20T23:52:05.763+0000] {processor.py:758} INFO - Processing file /home/airflow/.local/lib/python3.7/site-packages/airflow/example_dags/example_task_group.py for tasks to queue
[2023-01-20T23:52:05.764+0000] {logging_mixin.py:117} INFO - [2023-01-20T23:52:05.764+0000] {dagbag.py:525} INFO - Filling up the DagBag from /home/airflow/.local/lib/python3.7/site-packages/airflow/example_dags/example_task_group.py
[2023-01-20T23:52:05.776+0000] {processor.py:768} INFO - DAG(s) dict_keys(['example_task_group']) retrieved from /home/airflow/.local/lib/python3.7/site-packages/airflow/example_dags/example_task_group.py
[2023-01-20T23:52:05.803+0000] {logging_mixin.py:117} INFO - [2023-01-20T23:52:05.803+0000] {dag.py:2573} INFO - Sync 1 DAGs
[2023-01-20T23:52:05.816+0000] {logging_mixin.py:117} INFO - [2023-01-20T23:52:05.816+0000] {dag.py:3328} INFO - Setting next_dagrun for example_task_group to 2023-01-19T23:52:05.816709+00:00, run_after=2023-01-20T23:52:05.816709+00:00
[2023-01-20T23:52:05.826+0000] {processor.py:178} INFO - Processing /home/airflow/.local/lib/python3.7/site-packages/airflow/example_dags/example_task_group.py took 0.068 seconds
[2023-01-20T23:52:36.252+0000] {processor.py:156} INFO - Started process (PID=1570) to work on /home/airflow/.local/lib/python3.7/site-packages/airflow/example_dags/example_task_group.py
[2023-01-20T23:52:36.253+0000] {processor.py:758} INFO - Processing file /home/airflow/.local/lib/python3.7/site-packages/airflow/example_dags/example_task_group.py for tasks to queue
[2023-01-20T23:52:36.254+0000] {logging_mixin.py:117} INFO - [2023-01-20T23:52:36.254+0000] {dagbag.py:525} INFO - Filling up the DagBag from /home/airflow/.local/lib/python3.7/site-packages/airflow/example_dags/example_task_group.py
[2023-01-20T23:52:36.266+0000] {processor.py:768} INFO - DAG(s) dict_keys(['example_task_group']) retrieved from /home/airflow/.local/lib/python3.7/site-packages/airflow/example_dags/example_task_group.py
[2023-01-20T23:52:36.294+0000] {logging_mixin.py:117} INFO - [2023-01-20T23:52:36.294+0000] {dag.py:2573} INFO - Sync 1 DAGs
[2023-01-20T23:52:36.310+0000] {logging_mixin.py:117} INFO - [2023-01-20T23:52:36.310+0000] {dag.py:3328} INFO - Setting next_dagrun for example_task_group to 2023-01-19T23:52:36.309857+00:00, run_after=2023-01-20T23:52:36.309857+00:00
[2023-01-20T23:52:36.320+0000] {processor.py:178} INFO - Processing /home/airflow/.local/lib/python3.7/site-packages/airflow/example_dags/example_task_group.py took 0.070 seconds
[2023-01-20T23:53:06.604+0000] {processor.py:156} INFO - Started process (PID=1633) to work on /home/airflow/.local/lib/python3.7/site-packages/airflow/example_dags/example_task_group.py
[2023-01-20T23:53:06.605+0000] {processor.py:758} INFO - Processing file /home/airflow/.local/lib/python3.7/site-packages/airflow/example_dags/example_task_group.py for tasks to queue
[2023-01-20T23:53:06.606+0000] {logging_mixin.py:117} INFO - [2023-01-20T23:53:06.606+0000] {dagbag.py:525} INFO - Filling up the DagBag from /home/airflow/.local/lib/python3.7/site-packages/airflow/example_dags/example_task_group.py
[2023-01-20T23:53:06.618+0000] {processor.py:768} INFO - DAG(s) dict_keys(['example_task_group']) retrieved from /home/airflow/.local/lib/python3.7/site-packages/airflow/example_dags/example_task_group.py
[2023-01-20T23:53:06.644+0000] {logging_mixin.py:117} INFO - [2023-01-20T23:53:06.644+0000] {dag.py:2573} INFO - Sync 1 DAGs
[2023-01-20T23:53:06.658+0000] {logging_mixin.py:117} INFO - [2023-01-20T23:53:06.658+0000] {dag.py:3328} INFO - Setting next_dagrun for example_task_group to 2023-01-19T23:53:06.657990+00:00, run_after=2023-01-20T23:53:06.657990+00:00
[2023-01-20T23:53:06.668+0000] {processor.py:178} INFO - Processing /home/airflow/.local/lib/python3.7/site-packages/airflow/example_dags/example_task_group.py took 0.067 seconds
[2023-01-20T23:53:37.298+0000] {processor.py:156} INFO - Started process (PID=1696) to work on /home/airflow/.local/lib/python3.7/site-packages/airflow/example_dags/example_task_group.py
[2023-01-20T23:53:37.300+0000] {processor.py:758} INFO - Processing file /home/airflow/.local/lib/python3.7/site-packages/airflow/example_dags/example_task_group.py for tasks to queue
[2023-01-20T23:53:37.301+0000] {logging_mixin.py:117} INFO - [2023-01-20T23:53:37.300+0000] {dagbag.py:525} INFO - Filling up the DagBag from /home/airflow/.local/lib/python3.7/site-packages/airflow/example_dags/example_task_group.py
[2023-01-20T23:53:37.313+0000] {processor.py:768} INFO - DAG(s) dict_keys(['example_task_group']) retrieved from /home/airflow/.local/lib/python3.7/site-packages/airflow/example_dags/example_task_group.py
[2023-01-20T23:53:37.344+0000] {logging_mixin.py:117} INFO - [2023-01-20T23:53:37.344+0000] {dag.py:2573} INFO - Sync 1 DAGs
[2023-01-20T23:53:37.360+0000] {logging_mixin.py:117} INFO - [2023-01-20T23:53:37.360+0000] {dag.py:3328} INFO - Setting next_dagrun for example_task_group to 2023-01-19T23:53:37.360078+00:00, run_after=2023-01-20T23:53:37.360078+00:00
[2023-01-20T23:53:37.370+0000] {processor.py:178} INFO - Processing /home/airflow/.local/lib/python3.7/site-packages/airflow/example_dags/example_task_group.py took 0.075 seconds
[2023-01-20T23:54:07.601+0000] {processor.py:156} INFO - Started process (PID=1760) to work on /home/airflow/.local/lib/python3.7/site-packages/airflow/example_dags/example_task_group.py
[2023-01-20T23:54:07.602+0000] {processor.py:758} INFO - Processing file /home/airflow/.local/lib/python3.7/site-packages/airflow/example_dags/example_task_group.py for tasks to queue
[2023-01-20T23:54:07.603+0000] {logging_mixin.py:117} INFO - [2023-01-20T23:54:07.603+0000] {dagbag.py:525} INFO - Filling up the DagBag from /home/airflow/.local/lib/python3.7/site-packages/airflow/example_dags/example_task_group.py
[2023-01-20T23:54:07.615+0000] {processor.py:768} INFO - DAG(s) dict_keys(['example_task_group']) retrieved from /home/airflow/.local/lib/python3.7/site-packages/airflow/example_dags/example_task_group.py
[2023-01-20T23:54:07.642+0000] {logging_mixin.py:117} INFO - [2023-01-20T23:54:07.642+0000] {dag.py:2573} INFO - Sync 1 DAGs
[2023-01-20T23:54:07.656+0000] {logging_mixin.py:117} INFO - [2023-01-20T23:54:07.656+0000] {dag.py:3328} INFO - Setting next_dagrun for example_task_group to 2023-01-19T23:54:07.656311+00:00, run_after=2023-01-20T23:54:07.656311+00:00
[2023-01-20T23:54:07.666+0000] {processor.py:178} INFO - Processing /home/airflow/.local/lib/python3.7/site-packages/airflow/example_dags/example_task_group.py took 0.069 seconds
[2023-01-20T23:54:53.721+0000] {processor.py:156} INFO - Started process (PID=37) to work on /home/airflow/.local/lib/python3.7/site-packages/airflow/example_dags/example_task_group.py
[2023-01-20T23:54:53.728+0000] {processor.py:758} INFO - Processing file /home/airflow/.local/lib/python3.7/site-packages/airflow/example_dags/example_task_group.py for tasks to queue
[2023-01-20T23:54:53.729+0000] {logging_mixin.py:117} INFO - [2023-01-20T23:54:53.729+0000] {dagbag.py:525} INFO - Filling up the DagBag from /home/airflow/.local/lib/python3.7/site-packages/airflow/example_dags/example_task_group.py
[2023-01-20T23:54:53.760+0000] {processor.py:768} INFO - DAG(s) dict_keys(['example_task_group']) retrieved from /home/airflow/.local/lib/python3.7/site-packages/airflow/example_dags/example_task_group.py
[2023-01-20T23:54:54.019+0000] {logging_mixin.py:117} INFO - [2023-01-20T23:54:54.019+0000] {dag.py:2573} INFO - Sync 1 DAGs
[2023-01-20T23:54:54.040+0000] {logging_mixin.py:117} INFO - [2023-01-20T23:54:54.040+0000] {dag.py:3328} INFO - Setting next_dagrun for example_task_group to 2023-01-19T23:54:54.039964+00:00, run_after=2023-01-20T23:54:54.039964+00:00
[2023-01-20T23:54:54.057+0000] {processor.py:178} INFO - Processing /home/airflow/.local/lib/python3.7/site-packages/airflow/example_dags/example_task_group.py took 0.339 seconds
[2023-01-20T23:55:24.248+0000] {processor.py:156} INFO - Started process (PID=101) to work on /home/airflow/.local/lib/python3.7/site-packages/airflow/example_dags/example_task_group.py
[2023-01-20T23:55:24.250+0000] {processor.py:758} INFO - Processing file /home/airflow/.local/lib/python3.7/site-packages/airflow/example_dags/example_task_group.py for tasks to queue
[2023-01-20T23:55:24.251+0000] {logging_mixin.py:117} INFO - [2023-01-20T23:55:24.251+0000] {dagbag.py:525} INFO - Filling up the DagBag from /home/airflow/.local/lib/python3.7/site-packages/airflow/example_dags/example_task_group.py
[2023-01-20T23:55:24.268+0000] {processor.py:768} INFO - DAG(s) dict_keys(['example_task_group']) retrieved from /home/airflow/.local/lib/python3.7/site-packages/airflow/example_dags/example_task_group.py
[2023-01-20T23:55:24.416+0000] {logging_mixin.py:117} INFO - [2023-01-20T23:55:24.416+0000] {dag.py:2573} INFO - Sync 1 DAGs
[2023-01-20T23:55:24.430+0000] {logging_mixin.py:117} INFO - [2023-01-20T23:55:24.429+0000] {dag.py:3328} INFO - Setting next_dagrun for example_task_group to 2023-01-19T23:55:24.429782+00:00, run_after=2023-01-20T23:55:24.429782+00:00
[2023-01-20T23:55:24.440+0000] {processor.py:178} INFO - Processing /home/airflow/.local/lib/python3.7/site-packages/airflow/example_dags/example_task_group.py took 0.194 seconds
[2023-01-20T23:57:21.875+0000] {processor.py:156} INFO - Started process (PID=38) to work on /home/airflow/.local/lib/python3.7/site-packages/airflow/example_dags/example_task_group.py
[2023-01-20T23:57:21.877+0000] {processor.py:758} INFO - Processing file /home/airflow/.local/lib/python3.7/site-packages/airflow/example_dags/example_task_group.py for tasks to queue
[2023-01-20T23:57:21.879+0000] {logging_mixin.py:117} INFO - [2023-01-20T23:57:21.878+0000] {dagbag.py:525} INFO - Filling up the DagBag from /home/airflow/.local/lib/python3.7/site-packages/airflow/example_dags/example_task_group.py
[2023-01-20T23:57:21.897+0000] {processor.py:768} INFO - DAG(s) dict_keys(['example_task_group']) retrieved from /home/airflow/.local/lib/python3.7/site-packages/airflow/example_dags/example_task_group.py
[2023-01-20T23:57:21.928+0000] {logging_mixin.py:117} INFO - [2023-01-20T23:57:21.928+0000] {dag.py:2573} INFO - Sync 1 DAGs
[2023-01-20T23:57:22.416+0000] {logging_mixin.py:117} INFO - [2023-01-20T23:57:22.415+0000] {dag.py:3328} INFO - Setting next_dagrun for example_task_group to 2023-01-19T23:57:22.415635+00:00, run_after=2023-01-20T23:57:22.415635+00:00
[2023-01-20T23:57:22.465+0000] {processor.py:178} INFO - Processing /home/airflow/.local/lib/python3.7/site-packages/airflow/example_dags/example_task_group.py took 0.593 seconds
[2023-01-20T23:57:52.581+0000] {processor.py:156} INFO - Started process (PID=90) to work on /home/airflow/.local/lib/python3.7/site-packages/airflow/example_dags/example_task_group.py
[2023-01-20T23:57:52.583+0000] {processor.py:758} INFO - Processing file /home/airflow/.local/lib/python3.7/site-packages/airflow/example_dags/example_task_group.py for tasks to queue
[2023-01-20T23:57:52.584+0000] {logging_mixin.py:117} INFO - [2023-01-20T23:57:52.584+0000] {dagbag.py:525} INFO - Filling up the DagBag from /home/airflow/.local/lib/python3.7/site-packages/airflow/example_dags/example_task_group.py
[2023-01-20T23:57:52.597+0000] {processor.py:768} INFO - DAG(s) dict_keys(['example_task_group']) retrieved from /home/airflow/.local/lib/python3.7/site-packages/airflow/example_dags/example_task_group.py
[2023-01-20T23:57:52.741+0000] {logging_mixin.py:117} INFO - [2023-01-20T23:57:52.741+0000] {dag.py:2573} INFO - Sync 1 DAGs
[2023-01-20T23:57:52.756+0000] {logging_mixin.py:117} INFO - [2023-01-20T23:57:52.756+0000] {dag.py:3328} INFO - Setting next_dagrun for example_task_group to 2023-01-19T23:57:52.756588+00:00, run_after=2023-01-20T23:57:52.756588+00:00
[2023-01-20T23:57:52.771+0000] {processor.py:178} INFO - Processing /home/airflow/.local/lib/python3.7/site-packages/airflow/example_dags/example_task_group.py took 0.195 seconds
[2023-01-20T23:58:24.415+0000] {processor.py:156} INFO - Started process (PID=153) to work on /home/airflow/.local/lib/python3.7/site-packages/airflow/example_dags/example_task_group.py
[2023-01-20T23:58:24.417+0000] {processor.py:758} INFO - Processing file /home/airflow/.local/lib/python3.7/site-packages/airflow/example_dags/example_task_group.py for tasks to queue
[2023-01-20T23:58:24.418+0000] {logging_mixin.py:117} INFO - [2023-01-20T23:58:24.418+0000] {dagbag.py:525} INFO - Filling up the DagBag from /home/airflow/.local/lib/python3.7/site-packages/airflow/example_dags/example_task_group.py
[2023-01-20T23:58:24.619+0000] {processor.py:768} INFO - DAG(s) dict_keys(['example_task_group']) retrieved from /home/airflow/.local/lib/python3.7/site-packages/airflow/example_dags/example_task_group.py
[2023-01-20T23:58:24.679+0000] {logging_mixin.py:117} INFO - [2023-01-20T23:58:24.679+0000] {dag.py:2573} INFO - Sync 1 DAGs
[2023-01-20T23:58:24.705+0000] {logging_mixin.py:117} INFO - [2023-01-20T23:58:24.705+0000] {dag.py:3328} INFO - Setting next_dagrun for example_task_group to 2023-01-19T23:58:24.704438+00:00, run_after=2023-01-20T23:58:24.704438+00:00
[2023-01-20T23:58:24.721+0000] {processor.py:178} INFO - Processing /home/airflow/.local/lib/python3.7/site-packages/airflow/example_dags/example_task_group.py took 0.310 seconds
[2023-01-20T23:58:55.646+0000] {processor.py:156} INFO - Started process (PID=216) to work on /home/airflow/.local/lib/python3.7/site-packages/airflow/example_dags/example_task_group.py
[2023-01-20T23:58:55.647+0000] {processor.py:758} INFO - Processing file /home/airflow/.local/lib/python3.7/site-packages/airflow/example_dags/example_task_group.py for tasks to queue
[2023-01-20T23:58:55.648+0000] {logging_mixin.py:117} INFO - [2023-01-20T23:58:55.648+0000] {dagbag.py:525} INFO - Filling up the DagBag from /home/airflow/.local/lib/python3.7/site-packages/airflow/example_dags/example_task_group.py
[2023-01-20T23:58:55.657+0000] {processor.py:768} INFO - DAG(s) dict_keys(['example_task_group']) retrieved from /home/airflow/.local/lib/python3.7/site-packages/airflow/example_dags/example_task_group.py
[2023-01-20T23:58:55.682+0000] {logging_mixin.py:117} INFO - [2023-01-20T23:58:55.682+0000] {dag.py:2573} INFO - Sync 1 DAGs
[2023-01-20T23:58:55.697+0000] {logging_mixin.py:117} INFO - [2023-01-20T23:58:55.697+0000] {dag.py:3328} INFO - Setting next_dagrun for example_task_group to 2023-01-19T23:58:55.697061+00:00, run_after=2023-01-20T23:58:55.697061+00:00
[2023-01-20T23:58:55.709+0000] {processor.py:178} INFO - Processing /home/airflow/.local/lib/python3.7/site-packages/airflow/example_dags/example_task_group.py took 0.186 seconds
[2023-01-20T23:59:26.240+0000] {processor.py:156} INFO - Started process (PID=279) to work on /home/airflow/.local/lib/python3.7/site-packages/airflow/example_dags/example_task_group.py
[2023-01-20T23:59:26.242+0000] {processor.py:758} INFO - Processing file /home/airflow/.local/lib/python3.7/site-packages/airflow/example_dags/example_task_group.py for tasks to queue
[2023-01-20T23:59:26.243+0000] {logging_mixin.py:117} INFO - [2023-01-20T23:59:26.243+0000] {dagbag.py:525} INFO - Filling up the DagBag from /home/airflow/.local/lib/python3.7/site-packages/airflow/example_dags/example_task_group.py
[2023-01-20T23:59:26.259+0000] {processor.py:768} INFO - DAG(s) dict_keys(['example_task_group']) retrieved from /home/airflow/.local/lib/python3.7/site-packages/airflow/example_dags/example_task_group.py
[2023-01-20T23:59:26.304+0000] {logging_mixin.py:117} INFO - [2023-01-20T23:59:26.304+0000] {dag.py:2573} INFO - Sync 1 DAGs
[2023-01-20T23:59:26.322+0000] {logging_mixin.py:117} INFO - [2023-01-20T23:59:26.322+0000] {dag.py:3328} INFO - Setting next_dagrun for example_task_group to 2023-01-19T23:59:26.322313+00:00, run_after=2023-01-20T23:59:26.322313+00:00
[2023-01-20T23:59:26.340+0000] {processor.py:178} INFO - Processing /home/airflow/.local/lib/python3.7/site-packages/airflow/example_dags/example_task_group.py took 0.103 seconds
[2023-01-20T23:59:56.638+0000] {processor.py:156} INFO - Started process (PID=333) to work on /home/airflow/.local/lib/python3.7/site-packages/airflow/example_dags/example_task_group.py
[2023-01-20T23:59:56.639+0000] {processor.py:758} INFO - Processing file /home/airflow/.local/lib/python3.7/site-packages/airflow/example_dags/example_task_group.py for tasks to queue
[2023-01-20T23:59:56.640+0000] {logging_mixin.py:117} INFO - [2023-01-20T23:59:56.640+0000] {dagbag.py:525} INFO - Filling up the DagBag from /home/airflow/.local/lib/python3.7/site-packages/airflow/example_dags/example_task_group.py
[2023-01-20T23:59:56.652+0000] {processor.py:768} INFO - DAG(s) dict_keys(['example_task_group']) retrieved from /home/airflow/.local/lib/python3.7/site-packages/airflow/example_dags/example_task_group.py
[2023-01-20T23:59:56.682+0000] {logging_mixin.py:117} INFO - [2023-01-20T23:59:56.682+0000] {dag.py:2573} INFO - Sync 1 DAGs
[2023-01-20T23:59:56.696+0000] {logging_mixin.py:117} INFO - [2023-01-20T23:59:56.696+0000] {dag.py:3328} INFO - Setting next_dagrun for example_task_group to 2023-01-19T23:59:56.696435+00:00, run_after=2023-01-20T23:59:56.696435+00:00
[2023-01-20T23:59:56.707+0000] {processor.py:178} INFO - Processing /home/airflow/.local/lib/python3.7/site-packages/airflow/example_dags/example_task_group.py took 0.072 seconds
