[2023-01-20T23:40:06.861+0000] {processor.py:156} INFO - Started process (PID=62) to work on /home/airflow/.local/lib/python3.7/site-packages/airflow/example_dags/example_short_circuit_operator.py
[2023-01-20T23:40:06.863+0000] {processor.py:758} INFO - Processing file /home/airflow/.local/lib/python3.7/site-packages/airflow/example_dags/example_short_circuit_operator.py for tasks to queue
[2023-01-20T23:40:06.864+0000] {logging_mixin.py:117} INFO - [2023-01-20T23:40:06.864+0000] {dagbag.py:525} INFO - Filling up the DagBag from /home/airflow/.local/lib/python3.7/site-packages/airflow/example_dags/example_short_circuit_operator.py
[2023-01-20T23:40:06.883+0000] {processor.py:768} INFO - DAG(s) dict_keys(['example_short_circuit_operator']) retrieved from /home/airflow/.local/lib/python3.7/site-packages/airflow/example_dags/example_short_circuit_operator.py
[2023-01-20T23:40:06.925+0000] {logging_mixin.py:117} INFO - [2023-01-20T23:40:06.924+0000] {dag.py:2573} INFO - Sync 1 DAGs
[2023-01-20T23:40:07.198+0000] {logging_mixin.py:117} INFO - [2023-01-20T23:40:07.198+0000] {dag.py:3328} INFO - Setting next_dagrun for example_short_circuit_operator to 2023-01-19T23:40:07.198114+00:00, run_after=2023-01-20T23:40:07.198114+00:00
[2023-01-20T23:40:07.227+0000] {processor.py:178} INFO - Processing /home/airflow/.local/lib/python3.7/site-packages/airflow/example_dags/example_short_circuit_operator.py took 0.369 seconds
[2023-01-20T23:40:37.588+0000] {processor.py:156} INFO - Started process (PID=126) to work on /home/airflow/.local/lib/python3.7/site-packages/airflow/example_dags/example_short_circuit_operator.py
[2023-01-20T23:40:37.590+0000] {processor.py:758} INFO - Processing file /home/airflow/.local/lib/python3.7/site-packages/airflow/example_dags/example_short_circuit_operator.py for tasks to queue
[2023-01-20T23:40:37.592+0000] {logging_mixin.py:117} INFO - [2023-01-20T23:40:37.592+0000] {dagbag.py:525} INFO - Filling up the DagBag from /home/airflow/.local/lib/python3.7/site-packages/airflow/example_dags/example_short_circuit_operator.py
[2023-01-20T23:40:37.609+0000] {processor.py:768} INFO - DAG(s) dict_keys(['example_short_circuit_operator']) retrieved from /home/airflow/.local/lib/python3.7/site-packages/airflow/example_dags/example_short_circuit_operator.py
[2023-01-20T23:40:37.878+0000] {logging_mixin.py:117} INFO - [2023-01-20T23:40:37.878+0000] {dag.py:2573} INFO - Sync 1 DAGs
[2023-01-20T23:40:37.894+0000] {logging_mixin.py:117} INFO - [2023-01-20T23:40:37.894+0000] {dag.py:3328} INFO - Setting next_dagrun for example_short_circuit_operator to 2023-01-19T23:40:37.893895+00:00, run_after=2023-01-20T23:40:37.893895+00:00
[2023-01-20T23:40:37.908+0000] {processor.py:178} INFO - Processing /home/airflow/.local/lib/python3.7/site-packages/airflow/example_dags/example_short_circuit_operator.py took 0.325 seconds
[2023-01-20T23:41:07.973+0000] {processor.py:156} INFO - Started process (PID=181) to work on /home/airflow/.local/lib/python3.7/site-packages/airflow/example_dags/example_short_circuit_operator.py
[2023-01-20T23:41:07.974+0000] {processor.py:758} INFO - Processing file /home/airflow/.local/lib/python3.7/site-packages/airflow/example_dags/example_short_circuit_operator.py for tasks to queue
[2023-01-20T23:41:07.974+0000] {logging_mixin.py:117} INFO - [2023-01-20T23:41:07.974+0000] {dagbag.py:525} INFO - Filling up the DagBag from /home/airflow/.local/lib/python3.7/site-packages/airflow/example_dags/example_short_circuit_operator.py
[2023-01-20T23:41:08.082+0000] {processor.py:768} INFO - DAG(s) dict_keys(['example_short_circuit_operator']) retrieved from /home/airflow/.local/lib/python3.7/site-packages/airflow/example_dags/example_short_circuit_operator.py
[2023-01-20T23:41:08.103+0000] {logging_mixin.py:117} INFO - [2023-01-20T23:41:08.103+0000] {dag.py:2573} INFO - Sync 1 DAGs
[2023-01-20T23:41:08.115+0000] {logging_mixin.py:117} INFO - [2023-01-20T23:41:08.115+0000] {dag.py:3328} INFO - Setting next_dagrun for example_short_circuit_operator to 2023-01-19T23:41:08.115434+00:00, run_after=2023-01-20T23:41:08.115434+00:00
[2023-01-20T23:41:08.125+0000] {processor.py:178} INFO - Processing /home/airflow/.local/lib/python3.7/site-packages/airflow/example_dags/example_short_circuit_operator.py took 0.155 seconds
[2023-01-20T23:41:39.040+0000] {processor.py:156} INFO - Started process (PID=244) to work on /home/airflow/.local/lib/python3.7/site-packages/airflow/example_dags/example_short_circuit_operator.py
[2023-01-20T23:41:39.043+0000] {processor.py:758} INFO - Processing file /home/airflow/.local/lib/python3.7/site-packages/airflow/example_dags/example_short_circuit_operator.py for tasks to queue
[2023-01-20T23:41:39.044+0000] {logging_mixin.py:117} INFO - [2023-01-20T23:41:39.044+0000] {dagbag.py:525} INFO - Filling up the DagBag from /home/airflow/.local/lib/python3.7/site-packages/airflow/example_dags/example_short_circuit_operator.py
[2023-01-20T23:41:39.066+0000] {processor.py:768} INFO - DAG(s) dict_keys(['example_short_circuit_operator']) retrieved from /home/airflow/.local/lib/python3.7/site-packages/airflow/example_dags/example_short_circuit_operator.py
[2023-01-20T23:41:39.110+0000] {logging_mixin.py:117} INFO - [2023-01-20T23:41:39.110+0000] {dag.py:2573} INFO - Sync 1 DAGs
[2023-01-20T23:41:39.131+0000] {logging_mixin.py:117} INFO - [2023-01-20T23:41:39.130+0000] {dag.py:3328} INFO - Setting next_dagrun for example_short_circuit_operator to 2023-01-19T23:41:39.130674+00:00, run_after=2023-01-20T23:41:39.130674+00:00
[2023-01-20T23:41:39.144+0000] {processor.py:178} INFO - Processing /home/airflow/.local/lib/python3.7/site-packages/airflow/example_dags/example_short_circuit_operator.py took 0.110 seconds
[2023-01-20T23:42:09.513+0000] {processor.py:156} INFO - Started process (PID=307) to work on /home/airflow/.local/lib/python3.7/site-packages/airflow/example_dags/example_short_circuit_operator.py
[2023-01-20T23:42:09.515+0000] {processor.py:758} INFO - Processing file /home/airflow/.local/lib/python3.7/site-packages/airflow/example_dags/example_short_circuit_operator.py for tasks to queue
[2023-01-20T23:42:09.516+0000] {logging_mixin.py:117} INFO - [2023-01-20T23:42:09.516+0000] {dagbag.py:525} INFO - Filling up the DagBag from /home/airflow/.local/lib/python3.7/site-packages/airflow/example_dags/example_short_circuit_operator.py
[2023-01-20T23:42:09.536+0000] {processor.py:768} INFO - DAG(s) dict_keys(['example_short_circuit_operator']) retrieved from /home/airflow/.local/lib/python3.7/site-packages/airflow/example_dags/example_short_circuit_operator.py
[2023-01-20T23:42:09.568+0000] {logging_mixin.py:117} INFO - [2023-01-20T23:42:09.568+0000] {dag.py:2573} INFO - Sync 1 DAGs
[2023-01-20T23:42:09.582+0000] {logging_mixin.py:117} INFO - [2023-01-20T23:42:09.582+0000] {dag.py:3328} INFO - Setting next_dagrun for example_short_circuit_operator to 2023-01-19T23:42:09.582386+00:00, run_after=2023-01-20T23:42:09.582386+00:00
[2023-01-20T23:42:09.592+0000] {processor.py:178} INFO - Processing /home/airflow/.local/lib/python3.7/site-packages/airflow/example_dags/example_short_circuit_operator.py took 0.087 seconds
[2023-01-20T23:42:40.376+0000] {processor.py:156} INFO - Started process (PID=370) to work on /home/airflow/.local/lib/python3.7/site-packages/airflow/example_dags/example_short_circuit_operator.py
[2023-01-20T23:42:40.378+0000] {processor.py:758} INFO - Processing file /home/airflow/.local/lib/python3.7/site-packages/airflow/example_dags/example_short_circuit_operator.py for tasks to queue
[2023-01-20T23:42:40.379+0000] {logging_mixin.py:117} INFO - [2023-01-20T23:42:40.379+0000] {dagbag.py:525} INFO - Filling up the DagBag from /home/airflow/.local/lib/python3.7/site-packages/airflow/example_dags/example_short_circuit_operator.py
[2023-01-20T23:42:40.400+0000] {processor.py:768} INFO - DAG(s) dict_keys(['example_short_circuit_operator']) retrieved from /home/airflow/.local/lib/python3.7/site-packages/airflow/example_dags/example_short_circuit_operator.py
[2023-01-20T23:42:40.438+0000] {logging_mixin.py:117} INFO - [2023-01-20T23:42:40.438+0000] {dag.py:2573} INFO - Sync 1 DAGs
[2023-01-20T23:42:40.455+0000] {logging_mixin.py:117} INFO - [2023-01-20T23:42:40.455+0000] {dag.py:3328} INFO - Setting next_dagrun for example_short_circuit_operator to 2023-01-19T23:42:40.455549+00:00, run_after=2023-01-20T23:42:40.455549+00:00
[2023-01-20T23:42:40.467+0000] {processor.py:178} INFO - Processing /home/airflow/.local/lib/python3.7/site-packages/airflow/example_dags/example_short_circuit_operator.py took 0.097 seconds
[2023-01-20T23:43:11.333+0000] {processor.py:156} INFO - Started process (PID=434) to work on /home/airflow/.local/lib/python3.7/site-packages/airflow/example_dags/example_short_circuit_operator.py
[2023-01-20T23:43:11.335+0000] {processor.py:758} INFO - Processing file /home/airflow/.local/lib/python3.7/site-packages/airflow/example_dags/example_short_circuit_operator.py for tasks to queue
[2023-01-20T23:43:11.336+0000] {logging_mixin.py:117} INFO - [2023-01-20T23:43:11.336+0000] {dagbag.py:525} INFO - Filling up the DagBag from /home/airflow/.local/lib/python3.7/site-packages/airflow/example_dags/example_short_circuit_operator.py
[2023-01-20T23:43:11.358+0000] {processor.py:768} INFO - DAG(s) dict_keys(['example_short_circuit_operator']) retrieved from /home/airflow/.local/lib/python3.7/site-packages/airflow/example_dags/example_short_circuit_operator.py
[2023-01-20T23:43:11.444+0000] {logging_mixin.py:117} INFO - [2023-01-20T23:43:11.444+0000] {dag.py:2573} INFO - Sync 1 DAGs
[2023-01-20T23:43:11.483+0000] {logging_mixin.py:117} INFO - [2023-01-20T23:43:11.483+0000] {dag.py:3328} INFO - Setting next_dagrun for example_short_circuit_operator to 2023-01-19T23:43:11.483116+00:00, run_after=2023-01-20T23:43:11.483116+00:00
[2023-01-20T23:43:11.503+0000] {processor.py:178} INFO - Processing /home/airflow/.local/lib/python3.7/site-packages/airflow/example_dags/example_short_circuit_operator.py took 0.177 seconds
[2023-01-20T23:43:42.085+0000] {processor.py:156} INFO - Started process (PID=495) to work on /home/airflow/.local/lib/python3.7/site-packages/airflow/example_dags/example_short_circuit_operator.py
[2023-01-20T23:43:42.087+0000] {processor.py:758} INFO - Processing file /home/airflow/.local/lib/python3.7/site-packages/airflow/example_dags/example_short_circuit_operator.py for tasks to queue
[2023-01-20T23:43:42.088+0000] {logging_mixin.py:117} INFO - [2023-01-20T23:43:42.088+0000] {dagbag.py:525} INFO - Filling up the DagBag from /home/airflow/.local/lib/python3.7/site-packages/airflow/example_dags/example_short_circuit_operator.py
[2023-01-20T23:43:42.100+0000] {processor.py:768} INFO - DAG(s) dict_keys(['example_short_circuit_operator']) retrieved from /home/airflow/.local/lib/python3.7/site-packages/airflow/example_dags/example_short_circuit_operator.py
[2023-01-20T23:43:42.131+0000] {logging_mixin.py:117} INFO - [2023-01-20T23:43:42.131+0000] {dag.py:2573} INFO - Sync 1 DAGs
[2023-01-20T23:43:42.147+0000] {logging_mixin.py:117} INFO - [2023-01-20T23:43:42.147+0000] {dag.py:3328} INFO - Setting next_dagrun for example_short_circuit_operator to 2023-01-19T23:43:42.147410+00:00, run_after=2023-01-20T23:43:42.147410+00:00
[2023-01-20T23:43:42.160+0000] {processor.py:178} INFO - Processing /home/airflow/.local/lib/python3.7/site-packages/airflow/example_dags/example_short_circuit_operator.py took 0.077 seconds
[2023-01-20T23:44:12.449+0000] {processor.py:156} INFO - Started process (PID=551) to work on /home/airflow/.local/lib/python3.7/site-packages/airflow/example_dags/example_short_circuit_operator.py
[2023-01-20T23:44:12.451+0000] {processor.py:758} INFO - Processing file /home/airflow/.local/lib/python3.7/site-packages/airflow/example_dags/example_short_circuit_operator.py for tasks to queue
[2023-01-20T23:44:12.452+0000] {logging_mixin.py:117} INFO - [2023-01-20T23:44:12.452+0000] {dagbag.py:525} INFO - Filling up the DagBag from /home/airflow/.local/lib/python3.7/site-packages/airflow/example_dags/example_short_circuit_operator.py
[2023-01-20T23:44:12.473+0000] {processor.py:768} INFO - DAG(s) dict_keys(['example_short_circuit_operator']) retrieved from /home/airflow/.local/lib/python3.7/site-packages/airflow/example_dags/example_short_circuit_operator.py
[2023-01-20T23:44:12.507+0000] {logging_mixin.py:117} INFO - [2023-01-20T23:44:12.507+0000] {dag.py:2573} INFO - Sync 1 DAGs
[2023-01-20T23:44:12.521+0000] {logging_mixin.py:117} INFO - [2023-01-20T23:44:12.521+0000] {dag.py:3328} INFO - Setting next_dagrun for example_short_circuit_operator to 2023-01-19T23:44:12.521521+00:00, run_after=2023-01-20T23:44:12.521521+00:00
[2023-01-20T23:44:12.532+0000] {processor.py:178} INFO - Processing /home/airflow/.local/lib/python3.7/site-packages/airflow/example_dags/example_short_circuit_operator.py took 0.089 seconds
[2023-01-20T23:44:42.778+0000] {processor.py:156} INFO - Started process (PID=614) to work on /home/airflow/.local/lib/python3.7/site-packages/airflow/example_dags/example_short_circuit_operator.py
[2023-01-20T23:44:42.780+0000] {processor.py:758} INFO - Processing file /home/airflow/.local/lib/python3.7/site-packages/airflow/example_dags/example_short_circuit_operator.py for tasks to queue
[2023-01-20T23:44:42.781+0000] {logging_mixin.py:117} INFO - [2023-01-20T23:44:42.780+0000] {dagbag.py:525} INFO - Filling up the DagBag from /home/airflow/.local/lib/python3.7/site-packages/airflow/example_dags/example_short_circuit_operator.py
[2023-01-20T23:44:42.799+0000] {processor.py:768} INFO - DAG(s) dict_keys(['example_short_circuit_operator']) retrieved from /home/airflow/.local/lib/python3.7/site-packages/airflow/example_dags/example_short_circuit_operator.py
[2023-01-20T23:44:42.831+0000] {logging_mixin.py:117} INFO - [2023-01-20T23:44:42.831+0000] {dag.py:2573} INFO - Sync 1 DAGs
[2023-01-20T23:44:42.846+0000] {logging_mixin.py:117} INFO - [2023-01-20T23:44:42.846+0000] {dag.py:3328} INFO - Setting next_dagrun for example_short_circuit_operator to 2023-01-19T23:44:42.845962+00:00, run_after=2023-01-20T23:44:42.845962+00:00
[2023-01-20T23:44:42.856+0000] {processor.py:178} INFO - Processing /home/airflow/.local/lib/python3.7/site-packages/airflow/example_dags/example_short_circuit_operator.py took 0.084 seconds
[2023-01-20T23:45:13.140+0000] {processor.py:156} INFO - Started process (PID=677) to work on /home/airflow/.local/lib/python3.7/site-packages/airflow/example_dags/example_short_circuit_operator.py
[2023-01-20T23:45:13.142+0000] {processor.py:758} INFO - Processing file /home/airflow/.local/lib/python3.7/site-packages/airflow/example_dags/example_short_circuit_operator.py for tasks to queue
[2023-01-20T23:45:13.143+0000] {logging_mixin.py:117} INFO - [2023-01-20T23:45:13.143+0000] {dagbag.py:525} INFO - Filling up the DagBag from /home/airflow/.local/lib/python3.7/site-packages/airflow/example_dags/example_short_circuit_operator.py
[2023-01-20T23:45:13.156+0000] {processor.py:768} INFO - DAG(s) dict_keys(['example_short_circuit_operator']) retrieved from /home/airflow/.local/lib/python3.7/site-packages/airflow/example_dags/example_short_circuit_operator.py
[2023-01-20T23:45:13.199+0000] {logging_mixin.py:117} INFO - [2023-01-20T23:45:13.199+0000] {dag.py:2573} INFO - Sync 1 DAGs
[2023-01-20T23:45:13.219+0000] {logging_mixin.py:117} INFO - [2023-01-20T23:45:13.219+0000] {dag.py:3328} INFO - Setting next_dagrun for example_short_circuit_operator to 2023-01-19T23:45:13.219330+00:00, run_after=2023-01-20T23:45:13.219330+00:00
[2023-01-20T23:45:13.234+0000] {processor.py:178} INFO - Processing /home/airflow/.local/lib/python3.7/site-packages/airflow/example_dags/example_short_circuit_operator.py took 0.096 seconds
[2023-01-20T23:45:43.431+0000] {processor.py:156} INFO - Started process (PID=740) to work on /home/airflow/.local/lib/python3.7/site-packages/airflow/example_dags/example_short_circuit_operator.py
[2023-01-20T23:45:43.432+0000] {processor.py:758} INFO - Processing file /home/airflow/.local/lib/python3.7/site-packages/airflow/example_dags/example_short_circuit_operator.py for tasks to queue
[2023-01-20T23:45:43.433+0000] {logging_mixin.py:117} INFO - [2023-01-20T23:45:43.433+0000] {dagbag.py:525} INFO - Filling up the DagBag from /home/airflow/.local/lib/python3.7/site-packages/airflow/example_dags/example_short_circuit_operator.py
[2023-01-20T23:45:43.445+0000] {processor.py:768} INFO - DAG(s) dict_keys(['example_short_circuit_operator']) retrieved from /home/airflow/.local/lib/python3.7/site-packages/airflow/example_dags/example_short_circuit_operator.py
[2023-01-20T23:45:43.479+0000] {logging_mixin.py:117} INFO - [2023-01-20T23:45:43.479+0000] {dag.py:2573} INFO - Sync 1 DAGs
[2023-01-20T23:45:43.499+0000] {logging_mixin.py:117} INFO - [2023-01-20T23:45:43.499+0000] {dag.py:3328} INFO - Setting next_dagrun for example_short_circuit_operator to 2023-01-19T23:45:43.499452+00:00, run_after=2023-01-20T23:45:43.499452+00:00
[2023-01-20T23:45:43.514+0000] {processor.py:178} INFO - Processing /home/airflow/.local/lib/python3.7/site-packages/airflow/example_dags/example_short_circuit_operator.py took 0.086 seconds
[2023-01-20T23:46:13.834+0000] {processor.py:156} INFO - Started process (PID=803) to work on /home/airflow/.local/lib/python3.7/site-packages/airflow/example_dags/example_short_circuit_operator.py
[2023-01-20T23:46:13.836+0000] {processor.py:758} INFO - Processing file /home/airflow/.local/lib/python3.7/site-packages/airflow/example_dags/example_short_circuit_operator.py for tasks to queue
[2023-01-20T23:46:13.837+0000] {logging_mixin.py:117} INFO - [2023-01-20T23:46:13.837+0000] {dagbag.py:525} INFO - Filling up the DagBag from /home/airflow/.local/lib/python3.7/site-packages/airflow/example_dags/example_short_circuit_operator.py
[2023-01-20T23:46:13.856+0000] {processor.py:768} INFO - DAG(s) dict_keys(['example_short_circuit_operator']) retrieved from /home/airflow/.local/lib/python3.7/site-packages/airflow/example_dags/example_short_circuit_operator.py
[2023-01-20T23:46:13.891+0000] {logging_mixin.py:117} INFO - [2023-01-20T23:46:13.891+0000] {dag.py:2573} INFO - Sync 1 DAGs
[2023-01-20T23:46:13.905+0000] {logging_mixin.py:117} INFO - [2023-01-20T23:46:13.905+0000] {dag.py:3328} INFO - Setting next_dagrun for example_short_circuit_operator to 2023-01-19T23:46:13.905562+00:00, run_after=2023-01-20T23:46:13.905562+00:00
[2023-01-20T23:46:13.916+0000] {processor.py:178} INFO - Processing /home/airflow/.local/lib/python3.7/site-packages/airflow/example_dags/example_short_circuit_operator.py took 0.090 seconds
[2023-01-20T23:46:44.237+0000] {processor.py:156} INFO - Started process (PID=857) to work on /home/airflow/.local/lib/python3.7/site-packages/airflow/example_dags/example_short_circuit_operator.py
[2023-01-20T23:46:44.240+0000] {processor.py:758} INFO - Processing file /home/airflow/.local/lib/python3.7/site-packages/airflow/example_dags/example_short_circuit_operator.py for tasks to queue
[2023-01-20T23:46:44.241+0000] {logging_mixin.py:117} INFO - [2023-01-20T23:46:44.241+0000] {dagbag.py:525} INFO - Filling up the DagBag from /home/airflow/.local/lib/python3.7/site-packages/airflow/example_dags/example_short_circuit_operator.py
[2023-01-20T23:46:44.259+0000] {processor.py:768} INFO - DAG(s) dict_keys(['example_short_circuit_operator']) retrieved from /home/airflow/.local/lib/python3.7/site-packages/airflow/example_dags/example_short_circuit_operator.py
[2023-01-20T23:46:44.295+0000] {logging_mixin.py:117} INFO - [2023-01-20T23:46:44.295+0000] {dag.py:2573} INFO - Sync 1 DAGs
[2023-01-20T23:46:44.313+0000] {logging_mixin.py:117} INFO - [2023-01-20T23:46:44.313+0000] {dag.py:3328} INFO - Setting next_dagrun for example_short_circuit_operator to 2023-01-19T23:46:44.313238+00:00, run_after=2023-01-20T23:46:44.313238+00:00
[2023-01-20T23:46:44.329+0000] {processor.py:178} INFO - Processing /home/airflow/.local/lib/python3.7/site-packages/airflow/example_dags/example_short_circuit_operator.py took 0.098 seconds
[2023-01-20T23:47:14.808+0000] {processor.py:156} INFO - Started process (PID=920) to work on /home/airflow/.local/lib/python3.7/site-packages/airflow/example_dags/example_short_circuit_operator.py
[2023-01-20T23:47:14.811+0000] {processor.py:758} INFO - Processing file /home/airflow/.local/lib/python3.7/site-packages/airflow/example_dags/example_short_circuit_operator.py for tasks to queue
[2023-01-20T23:47:14.812+0000] {logging_mixin.py:117} INFO - [2023-01-20T23:47:14.812+0000] {dagbag.py:525} INFO - Filling up the DagBag from /home/airflow/.local/lib/python3.7/site-packages/airflow/example_dags/example_short_circuit_operator.py
[2023-01-20T23:47:14.833+0000] {processor.py:768} INFO - DAG(s) dict_keys(['example_short_circuit_operator']) retrieved from /home/airflow/.local/lib/python3.7/site-packages/airflow/example_dags/example_short_circuit_operator.py
[2023-01-20T23:47:14.869+0000] {logging_mixin.py:117} INFO - [2023-01-20T23:47:14.869+0000] {dag.py:2573} INFO - Sync 1 DAGs
[2023-01-20T23:47:14.890+0000] {logging_mixin.py:117} INFO - [2023-01-20T23:47:14.890+0000] {dag.py:3328} INFO - Setting next_dagrun for example_short_circuit_operator to 2023-01-19T23:47:14.890481+00:00, run_after=2023-01-20T23:47:14.890481+00:00
[2023-01-20T23:47:14.907+0000] {processor.py:178} INFO - Processing /home/airflow/.local/lib/python3.7/site-packages/airflow/example_dags/example_short_circuit_operator.py took 0.104 seconds
[2023-01-20T23:47:45.314+0000] {processor.py:156} INFO - Started process (PID=983) to work on /home/airflow/.local/lib/python3.7/site-packages/airflow/example_dags/example_short_circuit_operator.py
[2023-01-20T23:47:45.316+0000] {processor.py:758} INFO - Processing file /home/airflow/.local/lib/python3.7/site-packages/airflow/example_dags/example_short_circuit_operator.py for tasks to queue
[2023-01-20T23:47:45.318+0000] {logging_mixin.py:117} INFO - [2023-01-20T23:47:45.318+0000] {dagbag.py:525} INFO - Filling up the DagBag from /home/airflow/.local/lib/python3.7/site-packages/airflow/example_dags/example_short_circuit_operator.py
[2023-01-20T23:47:45.337+0000] {processor.py:768} INFO - DAG(s) dict_keys(['example_short_circuit_operator']) retrieved from /home/airflow/.local/lib/python3.7/site-packages/airflow/example_dags/example_short_circuit_operator.py
[2023-01-20T23:47:45.371+0000] {logging_mixin.py:117} INFO - [2023-01-20T23:47:45.370+0000] {dag.py:2573} INFO - Sync 1 DAGs
[2023-01-20T23:47:45.387+0000] {logging_mixin.py:117} INFO - [2023-01-20T23:47:45.386+0000] {dag.py:3328} INFO - Setting next_dagrun for example_short_circuit_operator to 2023-01-19T23:47:45.386773+00:00, run_after=2023-01-20T23:47:45.386773+00:00
[2023-01-20T23:47:45.398+0000] {processor.py:178} INFO - Processing /home/airflow/.local/lib/python3.7/site-packages/airflow/example_dags/example_short_circuit_operator.py took 0.092 seconds
[2023-01-20T23:48:15.780+0000] {processor.py:156} INFO - Started process (PID=1045) to work on /home/airflow/.local/lib/python3.7/site-packages/airflow/example_dags/example_short_circuit_operator.py
[2023-01-20T23:48:15.782+0000] {processor.py:758} INFO - Processing file /home/airflow/.local/lib/python3.7/site-packages/airflow/example_dags/example_short_circuit_operator.py for tasks to queue
[2023-01-20T23:48:15.782+0000] {logging_mixin.py:117} INFO - [2023-01-20T23:48:15.782+0000] {dagbag.py:525} INFO - Filling up the DagBag from /home/airflow/.local/lib/python3.7/site-packages/airflow/example_dags/example_short_circuit_operator.py
[2023-01-20T23:48:15.794+0000] {processor.py:768} INFO - DAG(s) dict_keys(['example_short_circuit_operator']) retrieved from /home/airflow/.local/lib/python3.7/site-packages/airflow/example_dags/example_short_circuit_operator.py
[2023-01-20T23:48:15.822+0000] {logging_mixin.py:117} INFO - [2023-01-20T23:48:15.822+0000] {dag.py:2573} INFO - Sync 1 DAGs
[2023-01-20T23:48:15.837+0000] {logging_mixin.py:117} INFO - [2023-01-20T23:48:15.837+0000] {dag.py:3328} INFO - Setting next_dagrun for example_short_circuit_operator to 2023-01-19T23:48:15.836962+00:00, run_after=2023-01-20T23:48:15.836962+00:00
[2023-01-20T23:48:15.848+0000] {processor.py:178} INFO - Processing /home/airflow/.local/lib/python3.7/site-packages/airflow/example_dags/example_short_circuit_operator.py took 0.072 seconds
[2023-01-20T23:48:46.175+0000] {processor.py:156} INFO - Started process (PID=1108) to work on /home/airflow/.local/lib/python3.7/site-packages/airflow/example_dags/example_short_circuit_operator.py
[2023-01-20T23:48:46.178+0000] {processor.py:758} INFO - Processing file /home/airflow/.local/lib/python3.7/site-packages/airflow/example_dags/example_short_circuit_operator.py for tasks to queue
[2023-01-20T23:48:46.180+0000] {logging_mixin.py:117} INFO - [2023-01-20T23:48:46.180+0000] {dagbag.py:525} INFO - Filling up the DagBag from /home/airflow/.local/lib/python3.7/site-packages/airflow/example_dags/example_short_circuit_operator.py
[2023-01-20T23:48:46.198+0000] {processor.py:768} INFO - DAG(s) dict_keys(['example_short_circuit_operator']) retrieved from /home/airflow/.local/lib/python3.7/site-packages/airflow/example_dags/example_short_circuit_operator.py
[2023-01-20T23:48:46.232+0000] {logging_mixin.py:117} INFO - [2023-01-20T23:48:46.232+0000] {dag.py:2573} INFO - Sync 1 DAGs
[2023-01-20T23:48:46.247+0000] {logging_mixin.py:117} INFO - [2023-01-20T23:48:46.247+0000] {dag.py:3328} INFO - Setting next_dagrun for example_short_circuit_operator to 2023-01-19T23:48:46.246935+00:00, run_after=2023-01-20T23:48:46.246935+00:00
[2023-01-20T23:48:46.257+0000] {processor.py:178} INFO - Processing /home/airflow/.local/lib/python3.7/site-packages/airflow/example_dags/example_short_circuit_operator.py took 0.090 seconds
[2023-01-20T23:49:16.472+0000] {processor.py:156} INFO - Started process (PID=1171) to work on /home/airflow/.local/lib/python3.7/site-packages/airflow/example_dags/example_short_circuit_operator.py
[2023-01-20T23:49:16.475+0000] {processor.py:758} INFO - Processing file /home/airflow/.local/lib/python3.7/site-packages/airflow/example_dags/example_short_circuit_operator.py for tasks to queue
[2023-01-20T23:49:16.476+0000] {logging_mixin.py:117} INFO - [2023-01-20T23:49:16.476+0000] {dagbag.py:525} INFO - Filling up the DagBag from /home/airflow/.local/lib/python3.7/site-packages/airflow/example_dags/example_short_circuit_operator.py
[2023-01-20T23:49:16.494+0000] {processor.py:768} INFO - DAG(s) dict_keys(['example_short_circuit_operator']) retrieved from /home/airflow/.local/lib/python3.7/site-packages/airflow/example_dags/example_short_circuit_operator.py
[2023-01-20T23:49:16.527+0000] {logging_mixin.py:117} INFO - [2023-01-20T23:49:16.527+0000] {dag.py:2573} INFO - Sync 1 DAGs
[2023-01-20T23:49:16.543+0000] {logging_mixin.py:117} INFO - [2023-01-20T23:49:16.542+0000] {dag.py:3328} INFO - Setting next_dagrun for example_short_circuit_operator to 2023-01-19T23:49:16.542797+00:00, run_after=2023-01-20T23:49:16.542797+00:00
[2023-01-20T23:49:16.554+0000] {processor.py:178} INFO - Processing /home/airflow/.local/lib/python3.7/site-packages/airflow/example_dags/example_short_circuit_operator.py took 0.089 seconds
[2023-01-20T23:49:46.849+0000] {processor.py:156} INFO - Started process (PID=1232) to work on /home/airflow/.local/lib/python3.7/site-packages/airflow/example_dags/example_short_circuit_operator.py
[2023-01-20T23:49:46.850+0000] {processor.py:758} INFO - Processing file /home/airflow/.local/lib/python3.7/site-packages/airflow/example_dags/example_short_circuit_operator.py for tasks to queue
[2023-01-20T23:49:46.851+0000] {logging_mixin.py:117} INFO - [2023-01-20T23:49:46.851+0000] {dagbag.py:525} INFO - Filling up the DagBag from /home/airflow/.local/lib/python3.7/site-packages/airflow/example_dags/example_short_circuit_operator.py
[2023-01-20T23:49:46.863+0000] {processor.py:768} INFO - DAG(s) dict_keys(['example_short_circuit_operator']) retrieved from /home/airflow/.local/lib/python3.7/site-packages/airflow/example_dags/example_short_circuit_operator.py
[2023-01-20T23:49:46.894+0000] {logging_mixin.py:117} INFO - [2023-01-20T23:49:46.893+0000] {dag.py:2573} INFO - Sync 1 DAGs
[2023-01-20T23:49:46.910+0000] {logging_mixin.py:117} INFO - [2023-01-20T23:49:46.910+0000] {dag.py:3328} INFO - Setting next_dagrun for example_short_circuit_operator to 2023-01-19T23:49:46.910247+00:00, run_after=2023-01-20T23:49:46.910247+00:00
[2023-01-20T23:49:46.923+0000] {processor.py:178} INFO - Processing /home/airflow/.local/lib/python3.7/site-packages/airflow/example_dags/example_short_circuit_operator.py took 0.078 seconds
[2023-01-20T23:50:17.194+0000] {processor.py:156} INFO - Started process (PID=1288) to work on /home/airflow/.local/lib/python3.7/site-packages/airflow/example_dags/example_short_circuit_operator.py
[2023-01-20T23:50:17.197+0000] {processor.py:758} INFO - Processing file /home/airflow/.local/lib/python3.7/site-packages/airflow/example_dags/example_short_circuit_operator.py for tasks to queue
[2023-01-20T23:50:17.198+0000] {logging_mixin.py:117} INFO - [2023-01-20T23:50:17.198+0000] {dagbag.py:525} INFO - Filling up the DagBag from /home/airflow/.local/lib/python3.7/site-packages/airflow/example_dags/example_short_circuit_operator.py
[2023-01-20T23:50:17.217+0000] {processor.py:768} INFO - DAG(s) dict_keys(['example_short_circuit_operator']) retrieved from /home/airflow/.local/lib/python3.7/site-packages/airflow/example_dags/example_short_circuit_operator.py
[2023-01-20T23:50:17.260+0000] {logging_mixin.py:117} INFO - [2023-01-20T23:50:17.260+0000] {dag.py:2573} INFO - Sync 1 DAGs
[2023-01-20T23:50:17.276+0000] {logging_mixin.py:117} INFO - [2023-01-20T23:50:17.275+0000] {dag.py:3328} INFO - Setting next_dagrun for example_short_circuit_operator to 2023-01-19T23:50:17.275795+00:00, run_after=2023-01-20T23:50:17.275795+00:00
[2023-01-20T23:50:17.286+0000] {processor.py:178} INFO - Processing /home/airflow/.local/lib/python3.7/site-packages/airflow/example_dags/example_short_circuit_operator.py took 0.099 seconds
[2023-01-20T23:50:47.498+0000] {processor.py:156} INFO - Started process (PID=1351) to work on /home/airflow/.local/lib/python3.7/site-packages/airflow/example_dags/example_short_circuit_operator.py
[2023-01-20T23:50:47.501+0000] {processor.py:758} INFO - Processing file /home/airflow/.local/lib/python3.7/site-packages/airflow/example_dags/example_short_circuit_operator.py for tasks to queue
[2023-01-20T23:50:47.502+0000] {logging_mixin.py:117} INFO - [2023-01-20T23:50:47.502+0000] {dagbag.py:525} INFO - Filling up the DagBag from /home/airflow/.local/lib/python3.7/site-packages/airflow/example_dags/example_short_circuit_operator.py
[2023-01-20T23:50:47.519+0000] {processor.py:768} INFO - DAG(s) dict_keys(['example_short_circuit_operator']) retrieved from /home/airflow/.local/lib/python3.7/site-packages/airflow/example_dags/example_short_circuit_operator.py
[2023-01-20T23:50:47.551+0000] {logging_mixin.py:117} INFO - [2023-01-20T23:50:47.551+0000] {dag.py:2573} INFO - Sync 1 DAGs
[2023-01-20T23:50:47.565+0000] {logging_mixin.py:117} INFO - [2023-01-20T23:50:47.565+0000] {dag.py:3328} INFO - Setting next_dagrun for example_short_circuit_operator to 2023-01-19T23:50:47.565589+00:00, run_after=2023-01-20T23:50:47.565589+00:00
[2023-01-20T23:50:47.576+0000] {processor.py:178} INFO - Processing /home/airflow/.local/lib/python3.7/site-packages/airflow/example_dags/example_short_circuit_operator.py took 0.084 seconds
[2023-01-20T23:51:17.907+0000] {processor.py:156} INFO - Started process (PID=1414) to work on /home/airflow/.local/lib/python3.7/site-packages/airflow/example_dags/example_short_circuit_operator.py
[2023-01-20T23:51:17.908+0000] {processor.py:758} INFO - Processing file /home/airflow/.local/lib/python3.7/site-packages/airflow/example_dags/example_short_circuit_operator.py for tasks to queue
[2023-01-20T23:51:17.909+0000] {logging_mixin.py:117} INFO - [2023-01-20T23:51:17.909+0000] {dagbag.py:525} INFO - Filling up the DagBag from /home/airflow/.local/lib/python3.7/site-packages/airflow/example_dags/example_short_circuit_operator.py
[2023-01-20T23:51:17.921+0000] {processor.py:768} INFO - DAG(s) dict_keys(['example_short_circuit_operator']) retrieved from /home/airflow/.local/lib/python3.7/site-packages/airflow/example_dags/example_short_circuit_operator.py
[2023-01-20T23:51:17.949+0000] {logging_mixin.py:117} INFO - [2023-01-20T23:51:17.949+0000] {dag.py:2573} INFO - Sync 1 DAGs
[2023-01-20T23:51:17.964+0000] {logging_mixin.py:117} INFO - [2023-01-20T23:51:17.964+0000] {dag.py:3328} INFO - Setting next_dagrun for example_short_circuit_operator to 2023-01-19T23:51:17.964647+00:00, run_after=2023-01-20T23:51:17.964647+00:00
[2023-01-20T23:51:17.991+0000] {processor.py:178} INFO - Processing /home/airflow/.local/lib/python3.7/site-packages/airflow/example_dags/example_short_circuit_operator.py took 0.087 seconds
[2023-01-20T23:51:48.379+0000] {processor.py:156} INFO - Started process (PID=1478) to work on /home/airflow/.local/lib/python3.7/site-packages/airflow/example_dags/example_short_circuit_operator.py
[2023-01-20T23:51:48.380+0000] {processor.py:758} INFO - Processing file /home/airflow/.local/lib/python3.7/site-packages/airflow/example_dags/example_short_circuit_operator.py for tasks to queue
[2023-01-20T23:51:48.382+0000] {logging_mixin.py:117} INFO - [2023-01-20T23:51:48.382+0000] {dagbag.py:525} INFO - Filling up the DagBag from /home/airflow/.local/lib/python3.7/site-packages/airflow/example_dags/example_short_circuit_operator.py
[2023-01-20T23:51:48.404+0000] {processor.py:768} INFO - DAG(s) dict_keys(['example_short_circuit_operator']) retrieved from /home/airflow/.local/lib/python3.7/site-packages/airflow/example_dags/example_short_circuit_operator.py
[2023-01-20T23:51:48.460+0000] {logging_mixin.py:117} INFO - [2023-01-20T23:51:48.460+0000] {dag.py:2573} INFO - Sync 1 DAGs
[2023-01-20T23:51:48.486+0000] {logging_mixin.py:117} INFO - [2023-01-20T23:51:48.486+0000] {dag.py:3328} INFO - Setting next_dagrun for example_short_circuit_operator to 2023-01-19T23:51:48.486050+00:00, run_after=2023-01-20T23:51:48.486050+00:00
[2023-01-20T23:51:48.502+0000] {processor.py:178} INFO - Processing /home/airflow/.local/lib/python3.7/site-packages/airflow/example_dags/example_short_circuit_operator.py took 0.132 seconds
[2023-01-20T23:52:19.002+0000] {processor.py:156} INFO - Started process (PID=1541) to work on /home/airflow/.local/lib/python3.7/site-packages/airflow/example_dags/example_short_circuit_operator.py
[2023-01-20T23:52:19.005+0000] {processor.py:758} INFO - Processing file /home/airflow/.local/lib/python3.7/site-packages/airflow/example_dags/example_short_circuit_operator.py for tasks to queue
[2023-01-20T23:52:19.006+0000] {logging_mixin.py:117} INFO - [2023-01-20T23:52:19.006+0000] {dagbag.py:525} INFO - Filling up the DagBag from /home/airflow/.local/lib/python3.7/site-packages/airflow/example_dags/example_short_circuit_operator.py
[2023-01-20T23:52:19.028+0000] {processor.py:768} INFO - DAG(s) dict_keys(['example_short_circuit_operator']) retrieved from /home/airflow/.local/lib/python3.7/site-packages/airflow/example_dags/example_short_circuit_operator.py
[2023-01-20T23:52:19.067+0000] {logging_mixin.py:117} INFO - [2023-01-20T23:52:19.067+0000] {dag.py:2573} INFO - Sync 1 DAGs
[2023-01-20T23:52:19.084+0000] {logging_mixin.py:117} INFO - [2023-01-20T23:52:19.084+0000] {dag.py:3328} INFO - Setting next_dagrun for example_short_circuit_operator to 2023-01-19T23:52:19.083922+00:00, run_after=2023-01-20T23:52:19.083922+00:00
[2023-01-20T23:52:19.096+0000] {processor.py:178} INFO - Processing /home/airflow/.local/lib/python3.7/site-packages/airflow/example_dags/example_short_circuit_operator.py took 0.103 seconds
[2023-01-20T23:52:49.319+0000] {processor.py:156} INFO - Started process (PID=1595) to work on /home/airflow/.local/lib/python3.7/site-packages/airflow/example_dags/example_short_circuit_operator.py
[2023-01-20T23:52:49.322+0000] {processor.py:758} INFO - Processing file /home/airflow/.local/lib/python3.7/site-packages/airflow/example_dags/example_short_circuit_operator.py for tasks to queue
[2023-01-20T23:52:49.325+0000] {logging_mixin.py:117} INFO - [2023-01-20T23:52:49.324+0000] {dagbag.py:525} INFO - Filling up the DagBag from /home/airflow/.local/lib/python3.7/site-packages/airflow/example_dags/example_short_circuit_operator.py
[2023-01-20T23:52:49.352+0000] {processor.py:768} INFO - DAG(s) dict_keys(['example_short_circuit_operator']) retrieved from /home/airflow/.local/lib/python3.7/site-packages/airflow/example_dags/example_short_circuit_operator.py
[2023-01-20T23:52:49.393+0000] {logging_mixin.py:117} INFO - [2023-01-20T23:52:49.393+0000] {dag.py:2573} INFO - Sync 1 DAGs
[2023-01-20T23:52:49.410+0000] {logging_mixin.py:117} INFO - [2023-01-20T23:52:49.410+0000] {dag.py:3328} INFO - Setting next_dagrun for example_short_circuit_operator to 2023-01-19T23:52:49.409827+00:00, run_after=2023-01-20T23:52:49.409827+00:00
[2023-01-20T23:52:49.423+0000] {processor.py:178} INFO - Processing /home/airflow/.local/lib/python3.7/site-packages/airflow/example_dags/example_short_circuit_operator.py took 0.112 seconds
[2023-01-20T23:53:19.788+0000] {processor.py:156} INFO - Started process (PID=1658) to work on /home/airflow/.local/lib/python3.7/site-packages/airflow/example_dags/example_short_circuit_operator.py
[2023-01-20T23:53:19.790+0000] {processor.py:758} INFO - Processing file /home/airflow/.local/lib/python3.7/site-packages/airflow/example_dags/example_short_circuit_operator.py for tasks to queue
[2023-01-20T23:53:19.791+0000] {logging_mixin.py:117} INFO - [2023-01-20T23:53:19.791+0000] {dagbag.py:525} INFO - Filling up the DagBag from /home/airflow/.local/lib/python3.7/site-packages/airflow/example_dags/example_short_circuit_operator.py
[2023-01-20T23:53:19.808+0000] {processor.py:768} INFO - DAG(s) dict_keys(['example_short_circuit_operator']) retrieved from /home/airflow/.local/lib/python3.7/site-packages/airflow/example_dags/example_short_circuit_operator.py
[2023-01-20T23:53:19.842+0000] {logging_mixin.py:117} INFO - [2023-01-20T23:53:19.841+0000] {dag.py:2573} INFO - Sync 1 DAGs
[2023-01-20T23:53:19.858+0000] {logging_mixin.py:117} INFO - [2023-01-20T23:53:19.858+0000] {dag.py:3328} INFO - Setting next_dagrun for example_short_circuit_operator to 2023-01-19T23:53:19.858141+00:00, run_after=2023-01-20T23:53:19.858141+00:00
[2023-01-20T23:53:19.869+0000] {processor.py:178} INFO - Processing /home/airflow/.local/lib/python3.7/site-packages/airflow/example_dags/example_short_circuit_operator.py took 0.087 seconds
[2023-01-20T23:53:50.320+0000] {processor.py:156} INFO - Started process (PID=1722) to work on /home/airflow/.local/lib/python3.7/site-packages/airflow/example_dags/example_short_circuit_operator.py
[2023-01-20T23:53:50.322+0000] {processor.py:758} INFO - Processing file /home/airflow/.local/lib/python3.7/site-packages/airflow/example_dags/example_short_circuit_operator.py for tasks to queue
[2023-01-20T23:53:50.324+0000] {logging_mixin.py:117} INFO - [2023-01-20T23:53:50.323+0000] {dagbag.py:525} INFO - Filling up the DagBag from /home/airflow/.local/lib/python3.7/site-packages/airflow/example_dags/example_short_circuit_operator.py
[2023-01-20T23:53:50.339+0000] {processor.py:768} INFO - DAG(s) dict_keys(['example_short_circuit_operator']) retrieved from /home/airflow/.local/lib/python3.7/site-packages/airflow/example_dags/example_short_circuit_operator.py
[2023-01-20T23:53:50.377+0000] {logging_mixin.py:117} INFO - [2023-01-20T23:53:50.376+0000] {dag.py:2573} INFO - Sync 1 DAGs
[2023-01-20T23:53:50.398+0000] {logging_mixin.py:117} INFO - [2023-01-20T23:53:50.398+0000] {dag.py:3328} INFO - Setting next_dagrun for example_short_circuit_operator to 2023-01-19T23:53:50.398387+00:00, run_after=2023-01-20T23:53:50.398387+00:00
[2023-01-20T23:53:50.415+0000] {processor.py:178} INFO - Processing /home/airflow/.local/lib/python3.7/site-packages/airflow/example_dags/example_short_circuit_operator.py took 0.099 seconds
[2023-01-20T23:54:20.712+0000] {processor.py:156} INFO - Started process (PID=1785) to work on /home/airflow/.local/lib/python3.7/site-packages/airflow/example_dags/example_short_circuit_operator.py
[2023-01-20T23:54:20.714+0000] {processor.py:758} INFO - Processing file /home/airflow/.local/lib/python3.7/site-packages/airflow/example_dags/example_short_circuit_operator.py for tasks to queue
[2023-01-20T23:54:20.715+0000] {logging_mixin.py:117} INFO - [2023-01-20T23:54:20.715+0000] {dagbag.py:525} INFO - Filling up the DagBag from /home/airflow/.local/lib/python3.7/site-packages/airflow/example_dags/example_short_circuit_operator.py
[2023-01-20T23:54:20.729+0000] {processor.py:768} INFO - DAG(s) dict_keys(['example_short_circuit_operator']) retrieved from /home/airflow/.local/lib/python3.7/site-packages/airflow/example_dags/example_short_circuit_operator.py
[2023-01-20T23:54:20.758+0000] {logging_mixin.py:117} INFO - [2023-01-20T23:54:20.758+0000] {dag.py:2573} INFO - Sync 1 DAGs
[2023-01-20T23:54:20.773+0000] {logging_mixin.py:117} INFO - [2023-01-20T23:54:20.773+0000] {dag.py:3328} INFO - Setting next_dagrun for example_short_circuit_operator to 2023-01-19T23:54:20.772832+00:00, run_after=2023-01-20T23:54:20.772832+00:00
[2023-01-20T23:54:20.784+0000] {processor.py:178} INFO - Processing /home/airflow/.local/lib/python3.7/site-packages/airflow/example_dags/example_short_circuit_operator.py took 0.076 seconds
[2023-01-20T23:55:00.370+0000] {processor.py:156} INFO - Started process (PID=62) to work on /home/airflow/.local/lib/python3.7/site-packages/airflow/example_dags/example_short_circuit_operator.py
[2023-01-20T23:55:00.374+0000] {processor.py:758} INFO - Processing file /home/airflow/.local/lib/python3.7/site-packages/airflow/example_dags/example_short_circuit_operator.py for tasks to queue
[2023-01-20T23:55:00.377+0000] {logging_mixin.py:117} INFO - [2023-01-20T23:55:00.377+0000] {dagbag.py:525} INFO - Filling up the DagBag from /home/airflow/.local/lib/python3.7/site-packages/airflow/example_dags/example_short_circuit_operator.py
[2023-01-20T23:55:00.419+0000] {processor.py:768} INFO - DAG(s) dict_keys(['example_short_circuit_operator']) retrieved from /home/airflow/.local/lib/python3.7/site-packages/airflow/example_dags/example_short_circuit_operator.py
[2023-01-20T23:55:00.768+0000] {logging_mixin.py:117} INFO - [2023-01-20T23:55:00.768+0000] {dag.py:2573} INFO - Sync 1 DAGs
[2023-01-20T23:55:00.793+0000] {logging_mixin.py:117} INFO - [2023-01-20T23:55:00.793+0000] {dag.py:3328} INFO - Setting next_dagrun for example_short_circuit_operator to 2023-01-19T23:55:00.793209+00:00, run_after=2023-01-20T23:55:00.793209+00:00
[2023-01-20T23:55:00.829+0000] {processor.py:178} INFO - Processing /home/airflow/.local/lib/python3.7/site-packages/airflow/example_dags/example_short_circuit_operator.py took 0.462 seconds
[2023-01-20T23:57:37.694+0000] {processor.py:156} INFO - Started process (PID=62) to work on /home/airflow/.local/lib/python3.7/site-packages/airflow/example_dags/example_short_circuit_operator.py
[2023-01-20T23:57:37.704+0000] {processor.py:758} INFO - Processing file /home/airflow/.local/lib/python3.7/site-packages/airflow/example_dags/example_short_circuit_operator.py for tasks to queue
[2023-01-20T23:57:37.706+0000] {logging_mixin.py:117} INFO - [2023-01-20T23:57:37.706+0000] {dagbag.py:525} INFO - Filling up the DagBag from /home/airflow/.local/lib/python3.7/site-packages/airflow/example_dags/example_short_circuit_operator.py
[2023-01-20T23:57:37.809+0000] {processor.py:768} INFO - DAG(s) dict_keys(['example_short_circuit_operator']) retrieved from /home/airflow/.local/lib/python3.7/site-packages/airflow/example_dags/example_short_circuit_operator.py
[2023-01-20T23:57:38.188+0000] {logging_mixin.py:117} INFO - [2023-01-20T23:57:38.187+0000] {dag.py:2573} INFO - Sync 1 DAGs
[2023-01-20T23:57:38.211+0000] {logging_mixin.py:117} INFO - [2023-01-20T23:57:38.211+0000] {dag.py:3328} INFO - Setting next_dagrun for example_short_circuit_operator to 2023-01-19T23:57:38.211029+00:00, run_after=2023-01-20T23:57:38.211029+00:00
[2023-01-20T23:57:38.245+0000] {processor.py:178} INFO - Processing /home/airflow/.local/lib/python3.7/site-packages/airflow/example_dags/example_short_circuit_operator.py took 0.561 seconds
[2023-01-20T23:58:08.293+0000] {processor.py:156} INFO - Started process (PID=115) to work on /home/airflow/.local/lib/python3.7/site-packages/airflow/example_dags/example_short_circuit_operator.py
[2023-01-20T23:58:08.295+0000] {processor.py:758} INFO - Processing file /home/airflow/.local/lib/python3.7/site-packages/airflow/example_dags/example_short_circuit_operator.py for tasks to queue
[2023-01-20T23:58:08.296+0000] {logging_mixin.py:117} INFO - [2023-01-20T23:58:08.296+0000] {dagbag.py:525} INFO - Filling up the DagBag from /home/airflow/.local/lib/python3.7/site-packages/airflow/example_dags/example_short_circuit_operator.py
[2023-01-20T23:58:08.308+0000] {processor.py:768} INFO - DAG(s) dict_keys(['example_short_circuit_operator']) retrieved from /home/airflow/.local/lib/python3.7/site-packages/airflow/example_dags/example_short_circuit_operator.py
[2023-01-20T23:58:08.419+0000] {logging_mixin.py:117} INFO - [2023-01-20T23:58:08.419+0000] {dag.py:2573} INFO - Sync 1 DAGs
[2023-01-20T23:58:08.431+0000] {logging_mixin.py:117} INFO - [2023-01-20T23:58:08.431+0000] {dag.py:3328} INFO - Setting next_dagrun for example_short_circuit_operator to 2023-01-19T23:58:08.431312+00:00, run_after=2023-01-20T23:58:08.431312+00:00
[2023-01-20T23:58:08.441+0000] {processor.py:178} INFO - Processing /home/airflow/.local/lib/python3.7/site-packages/airflow/example_dags/example_short_circuit_operator.py took 0.150 seconds
[2023-01-20T23:58:38.728+0000] {processor.py:156} INFO - Started process (PID=178) to work on /home/airflow/.local/lib/python3.7/site-packages/airflow/example_dags/example_short_circuit_operator.py
[2023-01-20T23:58:38.734+0000] {processor.py:758} INFO - Processing file /home/airflow/.local/lib/python3.7/site-packages/airflow/example_dags/example_short_circuit_operator.py for tasks to queue
[2023-01-20T23:58:38.738+0000] {logging_mixin.py:117} INFO - [2023-01-20T23:58:38.737+0000] {dagbag.py:525} INFO - Filling up the DagBag from /home/airflow/.local/lib/python3.7/site-packages/airflow/example_dags/example_short_circuit_operator.py
[2023-01-20T23:58:38.923+0000] {processor.py:768} INFO - DAG(s) dict_keys(['example_short_circuit_operator']) retrieved from /home/airflow/.local/lib/python3.7/site-packages/airflow/example_dags/example_short_circuit_operator.py
[2023-01-20T23:58:38.950+0000] {logging_mixin.py:117} INFO - [2023-01-20T23:58:38.950+0000] {dag.py:2573} INFO - Sync 1 DAGs
[2023-01-20T23:58:38.966+0000] {logging_mixin.py:117} INFO - [2023-01-20T23:58:38.966+0000] {dag.py:3328} INFO - Setting next_dagrun for example_short_circuit_operator to 2023-01-19T23:58:38.966367+00:00, run_after=2023-01-20T23:58:38.966367+00:00
[2023-01-20T23:58:38.979+0000] {processor.py:178} INFO - Processing /home/airflow/.local/lib/python3.7/site-packages/airflow/example_dags/example_short_circuit_operator.py took 0.268 seconds
[2023-01-20T23:59:09.824+0000] {processor.py:156} INFO - Started process (PID=241) to work on /home/airflow/.local/lib/python3.7/site-packages/airflow/example_dags/example_short_circuit_operator.py
[2023-01-20T23:59:09.826+0000] {processor.py:758} INFO - Processing file /home/airflow/.local/lib/python3.7/site-packages/airflow/example_dags/example_short_circuit_operator.py for tasks to queue
[2023-01-20T23:59:09.827+0000] {logging_mixin.py:117} INFO - [2023-01-20T23:59:09.827+0000] {dagbag.py:525} INFO - Filling up the DagBag from /home/airflow/.local/lib/python3.7/site-packages/airflow/example_dags/example_short_circuit_operator.py
[2023-01-20T23:59:09.842+0000] {processor.py:768} INFO - DAG(s) dict_keys(['example_short_circuit_operator']) retrieved from /home/airflow/.local/lib/python3.7/site-packages/airflow/example_dags/example_short_circuit_operator.py
[2023-01-20T23:59:09.879+0000] {logging_mixin.py:117} INFO - [2023-01-20T23:59:09.878+0000] {dag.py:2573} INFO - Sync 1 DAGs
[2023-01-20T23:59:09.893+0000] {logging_mixin.py:117} INFO - [2023-01-20T23:59:09.893+0000] {dag.py:3328} INFO - Setting next_dagrun for example_short_circuit_operator to 2023-01-19T23:59:09.893215+00:00, run_after=2023-01-20T23:59:09.893215+00:00
[2023-01-20T23:59:09.905+0000] {processor.py:178} INFO - Processing /home/airflow/.local/lib/python3.7/site-packages/airflow/example_dags/example_short_circuit_operator.py took 0.085 seconds
[2023-01-20T23:59:40.285+0000] {processor.py:156} INFO - Started process (PID=304) to work on /home/airflow/.local/lib/python3.7/site-packages/airflow/example_dags/example_short_circuit_operator.py
[2023-01-20T23:59:40.287+0000] {processor.py:758} INFO - Processing file /home/airflow/.local/lib/python3.7/site-packages/airflow/example_dags/example_short_circuit_operator.py for tasks to queue
[2023-01-20T23:59:40.289+0000] {logging_mixin.py:117} INFO - [2023-01-20T23:59:40.289+0000] {dagbag.py:525} INFO - Filling up the DagBag from /home/airflow/.local/lib/python3.7/site-packages/airflow/example_dags/example_short_circuit_operator.py
[2023-01-20T23:59:40.308+0000] {processor.py:768} INFO - DAG(s) dict_keys(['example_short_circuit_operator']) retrieved from /home/airflow/.local/lib/python3.7/site-packages/airflow/example_dags/example_short_circuit_operator.py
[2023-01-20T23:59:40.341+0000] {logging_mixin.py:117} INFO - [2023-01-20T23:59:40.341+0000] {dag.py:2573} INFO - Sync 1 DAGs
[2023-01-20T23:59:40.356+0000] {logging_mixin.py:117} INFO - [2023-01-20T23:59:40.356+0000] {dag.py:3328} INFO - Setting next_dagrun for example_short_circuit_operator to 2023-01-19T23:59:40.356382+00:00, run_after=2023-01-20T23:59:40.356382+00:00
[2023-01-20T23:59:40.368+0000] {processor.py:178} INFO - Processing /home/airflow/.local/lib/python3.7/site-packages/airflow/example_dags/example_short_circuit_operator.py took 0.087 seconds
