[2023-01-20T23:40:05.203+0000] {processor.py:156} INFO - Started process (PID=57) to work on /home/airflow/.local/lib/python3.7/site-packages/airflow/example_dags/example_latest_only_with_trigger.py
[2023-01-20T23:40:05.205+0000] {processor.py:758} INFO - Processing file /home/airflow/.local/lib/python3.7/site-packages/airflow/example_dags/example_latest_only_with_trigger.py for tasks to queue
[2023-01-20T23:40:05.206+0000] {logging_mixin.py:117} INFO - [2023-01-20T23:40:05.205+0000] {dagbag.py:525} INFO - Filling up the DagBag from /home/airflow/.local/lib/python3.7/site-packages/airflow/example_dags/example_latest_only_with_trigger.py
[2023-01-20T23:40:05.246+0000] {processor.py:768} INFO - DAG(s) dict_keys(['latest_only_with_trigger']) retrieved from /home/airflow/.local/lib/python3.7/site-packages/airflow/example_dags/example_latest_only_with_trigger.py
[2023-01-20T23:40:05.771+0000] {logging_mixin.py:117} INFO - [2023-01-20T23:40:05.771+0000] {dag.py:2573} INFO - Sync 1 DAGs
[2023-01-20T23:40:05.798+0000] {logging_mixin.py:117} INFO - [2023-01-20T23:40:05.797+0000] {dag.py:3328} INFO - Setting next_dagrun for latest_only_with_trigger to 2023-01-20T19:40:05.797704+00:00, run_after=2023-01-20T23:40:05.797704+00:00
[2023-01-20T23:40:05.833+0000] {processor.py:178} INFO - Processing /home/airflow/.local/lib/python3.7/site-packages/airflow/example_dags/example_latest_only_with_trigger.py took 0.634 seconds
[2023-01-20T23:40:36.304+0000] {processor.py:156} INFO - Started process (PID=111) to work on /home/airflow/.local/lib/python3.7/site-packages/airflow/example_dags/example_latest_only_with_trigger.py
[2023-01-20T23:40:36.306+0000] {processor.py:758} INFO - Processing file /home/airflow/.local/lib/python3.7/site-packages/airflow/example_dags/example_latest_only_with_trigger.py for tasks to queue
[2023-01-20T23:40:36.306+0000] {logging_mixin.py:117} INFO - [2023-01-20T23:40:36.306+0000] {dagbag.py:525} INFO - Filling up the DagBag from /home/airflow/.local/lib/python3.7/site-packages/airflow/example_dags/example_latest_only_with_trigger.py
[2023-01-20T23:40:36.316+0000] {processor.py:768} INFO - DAG(s) dict_keys(['latest_only_with_trigger']) retrieved from /home/airflow/.local/lib/python3.7/site-packages/airflow/example_dags/example_latest_only_with_trigger.py
[2023-01-20T23:40:36.437+0000] {logging_mixin.py:117} INFO - [2023-01-20T23:40:36.436+0000] {dag.py:2573} INFO - Sync 1 DAGs
[2023-01-20T23:40:36.449+0000] {logging_mixin.py:117} INFO - [2023-01-20T23:40:36.449+0000] {dag.py:3328} INFO - Setting next_dagrun for latest_only_with_trigger to 2023-01-20T19:40:36.449211+00:00, run_after=2023-01-20T23:40:36.449211+00:00
[2023-01-20T23:40:36.461+0000] {processor.py:178} INFO - Processing /home/airflow/.local/lib/python3.7/site-packages/airflow/example_dags/example_latest_only_with_trigger.py took 0.160 seconds
[2023-01-20T23:41:07.179+0000] {processor.py:156} INFO - Started process (PID=176) to work on /home/airflow/.local/lib/python3.7/site-packages/airflow/example_dags/example_latest_only_with_trigger.py
[2023-01-20T23:41:07.181+0000] {processor.py:758} INFO - Processing file /home/airflow/.local/lib/python3.7/site-packages/airflow/example_dags/example_latest_only_with_trigger.py for tasks to queue
[2023-01-20T23:41:07.181+0000] {logging_mixin.py:117} INFO - [2023-01-20T23:41:07.181+0000] {dagbag.py:525} INFO - Filling up the DagBag from /home/airflow/.local/lib/python3.7/site-packages/airflow/example_dags/example_latest_only_with_trigger.py
[2023-01-20T23:41:07.302+0000] {processor.py:768} INFO - DAG(s) dict_keys(['latest_only_with_trigger']) retrieved from /home/airflow/.local/lib/python3.7/site-packages/airflow/example_dags/example_latest_only_with_trigger.py
[2023-01-20T23:41:07.323+0000] {logging_mixin.py:117} INFO - [2023-01-20T23:41:07.323+0000] {dag.py:2573} INFO - Sync 1 DAGs
[2023-01-20T23:41:07.337+0000] {logging_mixin.py:117} INFO - [2023-01-20T23:41:07.337+0000] {dag.py:3328} INFO - Setting next_dagrun for latest_only_with_trigger to 2023-01-20T19:41:07.337397+00:00, run_after=2023-01-20T23:41:07.337397+00:00
[2023-01-20T23:41:07.347+0000] {processor.py:178} INFO - Processing /home/airflow/.local/lib/python3.7/site-packages/airflow/example_dags/example_latest_only_with_trigger.py took 0.171 seconds
[2023-01-20T23:41:37.583+0000] {processor.py:156} INFO - Started process (PID=239) to work on /home/airflow/.local/lib/python3.7/site-packages/airflow/example_dags/example_latest_only_with_trigger.py
[2023-01-20T23:41:37.584+0000] {processor.py:758} INFO - Processing file /home/airflow/.local/lib/python3.7/site-packages/airflow/example_dags/example_latest_only_with_trigger.py for tasks to queue
[2023-01-20T23:41:37.585+0000] {logging_mixin.py:117} INFO - [2023-01-20T23:41:37.585+0000] {dagbag.py:525} INFO - Filling up the DagBag from /home/airflow/.local/lib/python3.7/site-packages/airflow/example_dags/example_latest_only_with_trigger.py
[2023-01-20T23:41:37.595+0000] {processor.py:768} INFO - DAG(s) dict_keys(['latest_only_with_trigger']) retrieved from /home/airflow/.local/lib/python3.7/site-packages/airflow/example_dags/example_latest_only_with_trigger.py
[2023-01-20T23:41:37.622+0000] {logging_mixin.py:117} INFO - [2023-01-20T23:41:37.622+0000] {dag.py:2573} INFO - Sync 1 DAGs
[2023-01-20T23:41:37.637+0000] {logging_mixin.py:117} INFO - [2023-01-20T23:41:37.637+0000] {dag.py:3328} INFO - Setting next_dagrun for latest_only_with_trigger to 2023-01-20T19:41:37.637525+00:00, run_after=2023-01-20T23:41:37.637525+00:00
[2023-01-20T23:41:37.648+0000] {processor.py:178} INFO - Processing /home/airflow/.local/lib/python3.7/site-packages/airflow/example_dags/example_latest_only_with_trigger.py took 0.068 seconds
[2023-01-20T23:42:08.172+0000] {processor.py:156} INFO - Started process (PID=302) to work on /home/airflow/.local/lib/python3.7/site-packages/airflow/example_dags/example_latest_only_with_trigger.py
[2023-01-20T23:42:08.174+0000] {processor.py:758} INFO - Processing file /home/airflow/.local/lib/python3.7/site-packages/airflow/example_dags/example_latest_only_with_trigger.py for tasks to queue
[2023-01-20T23:42:08.174+0000] {logging_mixin.py:117} INFO - [2023-01-20T23:42:08.174+0000] {dagbag.py:525} INFO - Filling up the DagBag from /home/airflow/.local/lib/python3.7/site-packages/airflow/example_dags/example_latest_only_with_trigger.py
[2023-01-20T23:42:08.185+0000] {processor.py:768} INFO - DAG(s) dict_keys(['latest_only_with_trigger']) retrieved from /home/airflow/.local/lib/python3.7/site-packages/airflow/example_dags/example_latest_only_with_trigger.py
[2023-01-20T23:42:08.215+0000] {logging_mixin.py:117} INFO - [2023-01-20T23:42:08.215+0000] {dag.py:2573} INFO - Sync 1 DAGs
[2023-01-20T23:42:08.229+0000] {logging_mixin.py:117} INFO - [2023-01-20T23:42:08.229+0000] {dag.py:3328} INFO - Setting next_dagrun for latest_only_with_trigger to 2023-01-20T19:42:08.229539+00:00, run_after=2023-01-20T23:42:08.229539+00:00
[2023-01-20T23:42:08.242+0000] {processor.py:178} INFO - Processing /home/airflow/.local/lib/python3.7/site-packages/airflow/example_dags/example_latest_only_with_trigger.py took 0.072 seconds
[2023-01-20T23:42:39.060+0000] {processor.py:156} INFO - Started process (PID=365) to work on /home/airflow/.local/lib/python3.7/site-packages/airflow/example_dags/example_latest_only_with_trigger.py
[2023-01-20T23:42:39.062+0000] {processor.py:758} INFO - Processing file /home/airflow/.local/lib/python3.7/site-packages/airflow/example_dags/example_latest_only_with_trigger.py for tasks to queue
[2023-01-20T23:42:39.063+0000] {logging_mixin.py:117} INFO - [2023-01-20T23:42:39.063+0000] {dagbag.py:525} INFO - Filling up the DagBag from /home/airflow/.local/lib/python3.7/site-packages/airflow/example_dags/example_latest_only_with_trigger.py
[2023-01-20T23:42:39.078+0000] {processor.py:768} INFO - DAG(s) dict_keys(['latest_only_with_trigger']) retrieved from /home/airflow/.local/lib/python3.7/site-packages/airflow/example_dags/example_latest_only_with_trigger.py
[2023-01-20T23:42:39.105+0000] {logging_mixin.py:117} INFO - [2023-01-20T23:42:39.105+0000] {dag.py:2573} INFO - Sync 1 DAGs
[2023-01-20T23:42:39.119+0000] {logging_mixin.py:117} INFO - [2023-01-20T23:42:39.119+0000] {dag.py:3328} INFO - Setting next_dagrun for latest_only_with_trigger to 2023-01-20T19:42:39.119668+00:00, run_after=2023-01-20T23:42:39.119668+00:00
[2023-01-20T23:42:39.131+0000] {processor.py:178} INFO - Processing /home/airflow/.local/lib/python3.7/site-packages/airflow/example_dags/example_latest_only_with_trigger.py took 0.074 seconds
[2023-01-20T23:43:09.850+0000] {processor.py:156} INFO - Started process (PID=429) to work on /home/airflow/.local/lib/python3.7/site-packages/airflow/example_dags/example_latest_only_with_trigger.py
[2023-01-20T23:43:09.852+0000] {processor.py:758} INFO - Processing file /home/airflow/.local/lib/python3.7/site-packages/airflow/example_dags/example_latest_only_with_trigger.py for tasks to queue
[2023-01-20T23:43:09.854+0000] {logging_mixin.py:117} INFO - [2023-01-20T23:43:09.854+0000] {dagbag.py:525} INFO - Filling up the DagBag from /home/airflow/.local/lib/python3.7/site-packages/airflow/example_dags/example_latest_only_with_trigger.py
[2023-01-20T23:43:09.885+0000] {processor.py:768} INFO - DAG(s) dict_keys(['latest_only_with_trigger']) retrieved from /home/airflow/.local/lib/python3.7/site-packages/airflow/example_dags/example_latest_only_with_trigger.py
[2023-01-20T23:43:09.942+0000] {logging_mixin.py:117} INFO - [2023-01-20T23:43:09.941+0000] {dag.py:2573} INFO - Sync 1 DAGs
[2023-01-20T23:43:09.968+0000] {logging_mixin.py:117} INFO - [2023-01-20T23:43:09.968+0000] {dag.py:3328} INFO - Setting next_dagrun for latest_only_with_trigger to 2023-01-20T19:43:09.968169+00:00, run_after=2023-01-20T23:43:09.968169+00:00
[2023-01-20T23:43:09.985+0000] {processor.py:178} INFO - Processing /home/airflow/.local/lib/python3.7/site-packages/airflow/example_dags/example_latest_only_with_trigger.py took 0.140 seconds
[2023-01-20T23:43:40.862+0000] {processor.py:156} INFO - Started process (PID=483) to work on /home/airflow/.local/lib/python3.7/site-packages/airflow/example_dags/example_latest_only_with_trigger.py
[2023-01-20T23:43:40.863+0000] {processor.py:758} INFO - Processing file /home/airflow/.local/lib/python3.7/site-packages/airflow/example_dags/example_latest_only_with_trigger.py for tasks to queue
[2023-01-20T23:43:40.864+0000] {logging_mixin.py:117} INFO - [2023-01-20T23:43:40.864+0000] {dagbag.py:525} INFO - Filling up the DagBag from /home/airflow/.local/lib/python3.7/site-packages/airflow/example_dags/example_latest_only_with_trigger.py
[2023-01-20T23:43:40.875+0000] {processor.py:768} INFO - DAG(s) dict_keys(['latest_only_with_trigger']) retrieved from /home/airflow/.local/lib/python3.7/site-packages/airflow/example_dags/example_latest_only_with_trigger.py
[2023-01-20T23:43:40.903+0000] {logging_mixin.py:117} INFO - [2023-01-20T23:43:40.903+0000] {dag.py:2573} INFO - Sync 1 DAGs
[2023-01-20T23:43:40.918+0000] {logging_mixin.py:117} INFO - [2023-01-20T23:43:40.918+0000] {dag.py:3328} INFO - Setting next_dagrun for latest_only_with_trigger to 2023-01-20T19:43:40.918472+00:00, run_after=2023-01-20T23:43:40.918472+00:00
[2023-01-20T23:43:40.930+0000] {processor.py:178} INFO - Processing /home/airflow/.local/lib/python3.7/site-packages/airflow/example_dags/example_latest_only_with_trigger.py took 0.070 seconds
[2023-01-20T23:44:11.192+0000] {processor.py:156} INFO - Started process (PID=546) to work on /home/airflow/.local/lib/python3.7/site-packages/airflow/example_dags/example_latest_only_with_trigger.py
[2023-01-20T23:44:11.194+0000] {processor.py:758} INFO - Processing file /home/airflow/.local/lib/python3.7/site-packages/airflow/example_dags/example_latest_only_with_trigger.py for tasks to queue
[2023-01-20T23:44:11.194+0000] {logging_mixin.py:117} INFO - [2023-01-20T23:44:11.194+0000] {dagbag.py:525} INFO - Filling up the DagBag from /home/airflow/.local/lib/python3.7/site-packages/airflow/example_dags/example_latest_only_with_trigger.py
[2023-01-20T23:44:11.205+0000] {processor.py:768} INFO - DAG(s) dict_keys(['latest_only_with_trigger']) retrieved from /home/airflow/.local/lib/python3.7/site-packages/airflow/example_dags/example_latest_only_with_trigger.py
[2023-01-20T23:44:11.233+0000] {logging_mixin.py:117} INFO - [2023-01-20T23:44:11.233+0000] {dag.py:2573} INFO - Sync 1 DAGs
[2023-01-20T23:44:11.248+0000] {logging_mixin.py:117} INFO - [2023-01-20T23:44:11.248+0000] {dag.py:3328} INFO - Setting next_dagrun for latest_only_with_trigger to 2023-01-20T19:44:11.247928+00:00, run_after=2023-01-20T23:44:11.247928+00:00
[2023-01-20T23:44:11.259+0000] {processor.py:178} INFO - Processing /home/airflow/.local/lib/python3.7/site-packages/airflow/example_dags/example_latest_only_with_trigger.py took 0.069 seconds
[2023-01-20T23:44:41.537+0000] {processor.py:156} INFO - Started process (PID=609) to work on /home/airflow/.local/lib/python3.7/site-packages/airflow/example_dags/example_latest_only_with_trigger.py
[2023-01-20T23:44:41.538+0000] {processor.py:758} INFO - Processing file /home/airflow/.local/lib/python3.7/site-packages/airflow/example_dags/example_latest_only_with_trigger.py for tasks to queue
[2023-01-20T23:44:41.539+0000] {logging_mixin.py:117} INFO - [2023-01-20T23:44:41.539+0000] {dagbag.py:525} INFO - Filling up the DagBag from /home/airflow/.local/lib/python3.7/site-packages/airflow/example_dags/example_latest_only_with_trigger.py
[2023-01-20T23:44:41.549+0000] {processor.py:768} INFO - DAG(s) dict_keys(['latest_only_with_trigger']) retrieved from /home/airflow/.local/lib/python3.7/site-packages/airflow/example_dags/example_latest_only_with_trigger.py
[2023-01-20T23:44:41.577+0000] {logging_mixin.py:117} INFO - [2023-01-20T23:44:41.577+0000] {dag.py:2573} INFO - Sync 1 DAGs
[2023-01-20T23:44:41.591+0000] {logging_mixin.py:117} INFO - [2023-01-20T23:44:41.591+0000] {dag.py:3328} INFO - Setting next_dagrun for latest_only_with_trigger to 2023-01-20T19:44:41.591259+00:00, run_after=2023-01-20T23:44:41.591259+00:00
[2023-01-20T23:44:41.602+0000] {processor.py:178} INFO - Processing /home/airflow/.local/lib/python3.7/site-packages/airflow/example_dags/example_latest_only_with_trigger.py took 0.067 seconds
[2023-01-20T23:45:11.789+0000] {processor.py:156} INFO - Started process (PID=672) to work on /home/airflow/.local/lib/python3.7/site-packages/airflow/example_dags/example_latest_only_with_trigger.py
[2023-01-20T23:45:11.791+0000] {processor.py:758} INFO - Processing file /home/airflow/.local/lib/python3.7/site-packages/airflow/example_dags/example_latest_only_with_trigger.py for tasks to queue
[2023-01-20T23:45:11.791+0000] {logging_mixin.py:117} INFO - [2023-01-20T23:45:11.791+0000] {dagbag.py:525} INFO - Filling up the DagBag from /home/airflow/.local/lib/python3.7/site-packages/airflow/example_dags/example_latest_only_with_trigger.py
[2023-01-20T23:45:11.800+0000] {processor.py:768} INFO - DAG(s) dict_keys(['latest_only_with_trigger']) retrieved from /home/airflow/.local/lib/python3.7/site-packages/airflow/example_dags/example_latest_only_with_trigger.py
[2023-01-20T23:45:11.826+0000] {logging_mixin.py:117} INFO - [2023-01-20T23:45:11.826+0000] {dag.py:2573} INFO - Sync 1 DAGs
[2023-01-20T23:45:11.841+0000] {logging_mixin.py:117} INFO - [2023-01-20T23:45:11.841+0000] {dag.py:3328} INFO - Setting next_dagrun for latest_only_with_trigger to 2023-01-20T19:45:11.841074+00:00, run_after=2023-01-20T23:45:11.841074+00:00
[2023-01-20T23:45:11.851+0000] {processor.py:178} INFO - Processing /home/airflow/.local/lib/python3.7/site-packages/airflow/example_dags/example_latest_only_with_trigger.py took 0.065 seconds
[2023-01-20T23:45:42.138+0000] {processor.py:156} INFO - Started process (PID=735) to work on /home/airflow/.local/lib/python3.7/site-packages/airflow/example_dags/example_latest_only_with_trigger.py
[2023-01-20T23:45:42.139+0000] {processor.py:758} INFO - Processing file /home/airflow/.local/lib/python3.7/site-packages/airflow/example_dags/example_latest_only_with_trigger.py for tasks to queue
[2023-01-20T23:45:42.139+0000] {logging_mixin.py:117} INFO - [2023-01-20T23:45:42.139+0000] {dagbag.py:525} INFO - Filling up the DagBag from /home/airflow/.local/lib/python3.7/site-packages/airflow/example_dags/example_latest_only_with_trigger.py
[2023-01-20T23:45:42.150+0000] {processor.py:768} INFO - DAG(s) dict_keys(['latest_only_with_trigger']) retrieved from /home/airflow/.local/lib/python3.7/site-packages/airflow/example_dags/example_latest_only_with_trigger.py
[2023-01-20T23:45:42.177+0000] {logging_mixin.py:117} INFO - [2023-01-20T23:45:42.177+0000] {dag.py:2573} INFO - Sync 1 DAGs
[2023-01-20T23:45:42.191+0000] {logging_mixin.py:117} INFO - [2023-01-20T23:45:42.191+0000] {dag.py:3328} INFO - Setting next_dagrun for latest_only_with_trigger to 2023-01-20T19:45:42.191706+00:00, run_after=2023-01-20T23:45:42.191706+00:00
[2023-01-20T23:45:42.204+0000] {processor.py:178} INFO - Processing /home/airflow/.local/lib/python3.7/site-packages/airflow/example_dags/example_latest_only_with_trigger.py took 0.069 seconds
[2023-01-20T23:46:12.492+0000] {processor.py:156} INFO - Started process (PID=798) to work on /home/airflow/.local/lib/python3.7/site-packages/airflow/example_dags/example_latest_only_with_trigger.py
[2023-01-20T23:46:12.493+0000] {processor.py:758} INFO - Processing file /home/airflow/.local/lib/python3.7/site-packages/airflow/example_dags/example_latest_only_with_trigger.py for tasks to queue
[2023-01-20T23:46:12.494+0000] {logging_mixin.py:117} INFO - [2023-01-20T23:46:12.494+0000] {dagbag.py:525} INFO - Filling up the DagBag from /home/airflow/.local/lib/python3.7/site-packages/airflow/example_dags/example_latest_only_with_trigger.py
[2023-01-20T23:46:12.504+0000] {processor.py:768} INFO - DAG(s) dict_keys(['latest_only_with_trigger']) retrieved from /home/airflow/.local/lib/python3.7/site-packages/airflow/example_dags/example_latest_only_with_trigger.py
[2023-01-20T23:46:12.533+0000] {logging_mixin.py:117} INFO - [2023-01-20T23:46:12.533+0000] {dag.py:2573} INFO - Sync 1 DAGs
[2023-01-20T23:46:12.548+0000] {logging_mixin.py:117} INFO - [2023-01-20T23:46:12.548+0000] {dag.py:3328} INFO - Setting next_dagrun for latest_only_with_trigger to 2023-01-20T19:46:12.548645+00:00, run_after=2023-01-20T23:46:12.548645+00:00
[2023-01-20T23:46:12.560+0000] {processor.py:178} INFO - Processing /home/airflow/.local/lib/python3.7/site-packages/airflow/example_dags/example_latest_only_with_trigger.py took 0.071 seconds
[2023-01-20T23:46:42.981+0000] {processor.py:156} INFO - Started process (PID=852) to work on /home/airflow/.local/lib/python3.7/site-packages/airflow/example_dags/example_latest_only_with_trigger.py
[2023-01-20T23:46:42.982+0000] {processor.py:758} INFO - Processing file /home/airflow/.local/lib/python3.7/site-packages/airflow/example_dags/example_latest_only_with_trigger.py for tasks to queue
[2023-01-20T23:46:42.982+0000] {logging_mixin.py:117} INFO - [2023-01-20T23:46:42.982+0000] {dagbag.py:525} INFO - Filling up the DagBag from /home/airflow/.local/lib/python3.7/site-packages/airflow/example_dags/example_latest_only_with_trigger.py
[2023-01-20T23:46:42.993+0000] {processor.py:768} INFO - DAG(s) dict_keys(['latest_only_with_trigger']) retrieved from /home/airflow/.local/lib/python3.7/site-packages/airflow/example_dags/example_latest_only_with_trigger.py
[2023-01-20T23:46:43.023+0000] {logging_mixin.py:117} INFO - [2023-01-20T23:46:43.023+0000] {dag.py:2573} INFO - Sync 1 DAGs
[2023-01-20T23:46:43.038+0000] {logging_mixin.py:117} INFO - [2023-01-20T23:46:43.038+0000] {dag.py:3328} INFO - Setting next_dagrun for latest_only_with_trigger to 2023-01-20T19:46:43.038166+00:00, run_after=2023-01-20T23:46:43.038166+00:00
[2023-01-20T23:46:43.050+0000] {processor.py:178} INFO - Processing /home/airflow/.local/lib/python3.7/site-packages/airflow/example_dags/example_latest_only_with_trigger.py took 0.072 seconds
[2023-01-20T23:47:13.551+0000] {processor.py:156} INFO - Started process (PID=915) to work on /home/airflow/.local/lib/python3.7/site-packages/airflow/example_dags/example_latest_only_with_trigger.py
[2023-01-20T23:47:13.553+0000] {processor.py:758} INFO - Processing file /home/airflow/.local/lib/python3.7/site-packages/airflow/example_dags/example_latest_only_with_trigger.py for tasks to queue
[2023-01-20T23:47:13.554+0000] {logging_mixin.py:117} INFO - [2023-01-20T23:47:13.554+0000] {dagbag.py:525} INFO - Filling up the DagBag from /home/airflow/.local/lib/python3.7/site-packages/airflow/example_dags/example_latest_only_with_trigger.py
[2023-01-20T23:47:13.568+0000] {processor.py:768} INFO - DAG(s) dict_keys(['latest_only_with_trigger']) retrieved from /home/airflow/.local/lib/python3.7/site-packages/airflow/example_dags/example_latest_only_with_trigger.py
[2023-01-20T23:47:13.597+0000] {logging_mixin.py:117} INFO - [2023-01-20T23:47:13.597+0000] {dag.py:2573} INFO - Sync 1 DAGs
[2023-01-20T23:47:13.612+0000] {logging_mixin.py:117} INFO - [2023-01-20T23:47:13.612+0000] {dag.py:3328} INFO - Setting next_dagrun for latest_only_with_trigger to 2023-01-20T19:47:13.612151+00:00, run_after=2023-01-20T23:47:13.612151+00:00
[2023-01-20T23:47:13.623+0000] {processor.py:178} INFO - Processing /home/airflow/.local/lib/python3.7/site-packages/airflow/example_dags/example_latest_only_with_trigger.py took 0.075 seconds
[2023-01-20T23:47:44.053+0000] {processor.py:156} INFO - Started process (PID=978) to work on /home/airflow/.local/lib/python3.7/site-packages/airflow/example_dags/example_latest_only_with_trigger.py
[2023-01-20T23:47:44.055+0000] {processor.py:758} INFO - Processing file /home/airflow/.local/lib/python3.7/site-packages/airflow/example_dags/example_latest_only_with_trigger.py for tasks to queue
[2023-01-20T23:47:44.055+0000] {logging_mixin.py:117} INFO - [2023-01-20T23:47:44.055+0000] {dagbag.py:525} INFO - Filling up the DagBag from /home/airflow/.local/lib/python3.7/site-packages/airflow/example_dags/example_latest_only_with_trigger.py
[2023-01-20T23:47:44.066+0000] {processor.py:768} INFO - DAG(s) dict_keys(['latest_only_with_trigger']) retrieved from /home/airflow/.local/lib/python3.7/site-packages/airflow/example_dags/example_latest_only_with_trigger.py
[2023-01-20T23:47:44.094+0000] {logging_mixin.py:117} INFO - [2023-01-20T23:47:44.094+0000] {dag.py:2573} INFO - Sync 1 DAGs
[2023-01-20T23:47:44.109+0000] {logging_mixin.py:117} INFO - [2023-01-20T23:47:44.109+0000] {dag.py:3328} INFO - Setting next_dagrun for latest_only_with_trigger to 2023-01-20T19:47:44.108932+00:00, run_after=2023-01-20T23:47:44.108932+00:00
[2023-01-20T23:47:44.119+0000] {processor.py:178} INFO - Processing /home/airflow/.local/lib/python3.7/site-packages/airflow/example_dags/example_latest_only_with_trigger.py took 0.069 seconds
[2023-01-20T23:48:14.395+0000] {processor.py:156} INFO - Started process (PID=1040) to work on /home/airflow/.local/lib/python3.7/site-packages/airflow/example_dags/example_latest_only_with_trigger.py
[2023-01-20T23:48:14.396+0000] {processor.py:758} INFO - Processing file /home/airflow/.local/lib/python3.7/site-packages/airflow/example_dags/example_latest_only_with_trigger.py for tasks to queue
[2023-01-20T23:48:14.397+0000] {logging_mixin.py:117} INFO - [2023-01-20T23:48:14.397+0000] {dagbag.py:525} INFO - Filling up the DagBag from /home/airflow/.local/lib/python3.7/site-packages/airflow/example_dags/example_latest_only_with_trigger.py
[2023-01-20T23:48:14.406+0000] {processor.py:768} INFO - DAG(s) dict_keys(['latest_only_with_trigger']) retrieved from /home/airflow/.local/lib/python3.7/site-packages/airflow/example_dags/example_latest_only_with_trigger.py
[2023-01-20T23:48:14.433+0000] {logging_mixin.py:117} INFO - [2023-01-20T23:48:14.433+0000] {dag.py:2573} INFO - Sync 1 DAGs
[2023-01-20T23:48:14.447+0000] {logging_mixin.py:117} INFO - [2023-01-20T23:48:14.447+0000] {dag.py:3328} INFO - Setting next_dagrun for latest_only_with_trigger to 2023-01-20T19:48:14.447239+00:00, run_after=2023-01-20T23:48:14.447239+00:00
[2023-01-20T23:48:14.458+0000] {processor.py:178} INFO - Processing /home/airflow/.local/lib/python3.7/site-packages/airflow/example_dags/example_latest_only_with_trigger.py took 0.065 seconds
[2023-01-20T23:48:44.917+0000] {processor.py:156} INFO - Started process (PID=1103) to work on /home/airflow/.local/lib/python3.7/site-packages/airflow/example_dags/example_latest_only_with_trigger.py
[2023-01-20T23:48:44.918+0000] {processor.py:758} INFO - Processing file /home/airflow/.local/lib/python3.7/site-packages/airflow/example_dags/example_latest_only_with_trigger.py for tasks to queue
[2023-01-20T23:48:44.919+0000] {logging_mixin.py:117} INFO - [2023-01-20T23:48:44.919+0000] {dagbag.py:525} INFO - Filling up the DagBag from /home/airflow/.local/lib/python3.7/site-packages/airflow/example_dags/example_latest_only_with_trigger.py
[2023-01-20T23:48:44.930+0000] {processor.py:768} INFO - DAG(s) dict_keys(['latest_only_with_trigger']) retrieved from /home/airflow/.local/lib/python3.7/site-packages/airflow/example_dags/example_latest_only_with_trigger.py
[2023-01-20T23:48:44.957+0000] {logging_mixin.py:117} INFO - [2023-01-20T23:48:44.957+0000] {dag.py:2573} INFO - Sync 1 DAGs
[2023-01-20T23:48:44.972+0000] {logging_mixin.py:117} INFO - [2023-01-20T23:48:44.972+0000] {dag.py:3328} INFO - Setting next_dagrun for latest_only_with_trigger to 2023-01-20T19:48:44.971895+00:00, run_after=2023-01-20T23:48:44.971895+00:00
[2023-01-20T23:48:44.982+0000] {processor.py:178} INFO - Processing /home/airflow/.local/lib/python3.7/site-packages/airflow/example_dags/example_latest_only_with_trigger.py took 0.068 seconds
[2023-01-20T23:49:15.120+0000] {processor.py:156} INFO - Started process (PID=1166) to work on /home/airflow/.local/lib/python3.7/site-packages/airflow/example_dags/example_latest_only_with_trigger.py
[2023-01-20T23:49:15.122+0000] {processor.py:758} INFO - Processing file /home/airflow/.local/lib/python3.7/site-packages/airflow/example_dags/example_latest_only_with_trigger.py for tasks to queue
[2023-01-20T23:49:15.124+0000] {logging_mixin.py:117} INFO - [2023-01-20T23:49:15.123+0000] {dagbag.py:525} INFO - Filling up the DagBag from /home/airflow/.local/lib/python3.7/site-packages/airflow/example_dags/example_latest_only_with_trigger.py
[2023-01-20T23:49:15.137+0000] {processor.py:768} INFO - DAG(s) dict_keys(['latest_only_with_trigger']) retrieved from /home/airflow/.local/lib/python3.7/site-packages/airflow/example_dags/example_latest_only_with_trigger.py
[2023-01-20T23:49:15.170+0000] {logging_mixin.py:117} INFO - [2023-01-20T23:49:15.170+0000] {dag.py:2573} INFO - Sync 1 DAGs
[2023-01-20T23:49:15.187+0000] {logging_mixin.py:117} INFO - [2023-01-20T23:49:15.187+0000] {dag.py:3328} INFO - Setting next_dagrun for latest_only_with_trigger to 2023-01-20T19:49:15.187150+00:00, run_after=2023-01-20T23:49:15.187150+00:00
[2023-01-20T23:49:15.203+0000] {processor.py:178} INFO - Processing /home/airflow/.local/lib/python3.7/site-packages/airflow/example_dags/example_latest_only_with_trigger.py took 0.086 seconds
[2023-01-20T23:49:45.627+0000] {processor.py:156} INFO - Started process (PID=1220) to work on /home/airflow/.local/lib/python3.7/site-packages/airflow/example_dags/example_latest_only_with_trigger.py
[2023-01-20T23:49:45.628+0000] {processor.py:758} INFO - Processing file /home/airflow/.local/lib/python3.7/site-packages/airflow/example_dags/example_latest_only_with_trigger.py for tasks to queue
[2023-01-20T23:49:45.629+0000] {logging_mixin.py:117} INFO - [2023-01-20T23:49:45.629+0000] {dagbag.py:525} INFO - Filling up the DagBag from /home/airflow/.local/lib/python3.7/site-packages/airflow/example_dags/example_latest_only_with_trigger.py
[2023-01-20T23:49:45.639+0000] {processor.py:768} INFO - DAG(s) dict_keys(['latest_only_with_trigger']) retrieved from /home/airflow/.local/lib/python3.7/site-packages/airflow/example_dags/example_latest_only_with_trigger.py
[2023-01-20T23:49:45.667+0000] {logging_mixin.py:117} INFO - [2023-01-20T23:49:45.667+0000] {dag.py:2573} INFO - Sync 1 DAGs
[2023-01-20T23:49:45.682+0000] {logging_mixin.py:117} INFO - [2023-01-20T23:49:45.682+0000] {dag.py:3328} INFO - Setting next_dagrun for latest_only_with_trigger to 2023-01-20T19:49:45.682248+00:00, run_after=2023-01-20T23:49:45.682248+00:00
[2023-01-20T23:49:45.693+0000] {processor.py:178} INFO - Processing /home/airflow/.local/lib/python3.7/site-packages/airflow/example_dags/example_latest_only_with_trigger.py took 0.068 seconds
[2023-01-20T23:50:15.863+0000] {processor.py:156} INFO - Started process (PID=1283) to work on /home/airflow/.local/lib/python3.7/site-packages/airflow/example_dags/example_latest_only_with_trigger.py
[2023-01-20T23:50:15.865+0000] {processor.py:758} INFO - Processing file /home/airflow/.local/lib/python3.7/site-packages/airflow/example_dags/example_latest_only_with_trigger.py for tasks to queue
[2023-01-20T23:50:15.866+0000] {logging_mixin.py:117} INFO - [2023-01-20T23:50:15.866+0000] {dagbag.py:525} INFO - Filling up the DagBag from /home/airflow/.local/lib/python3.7/site-packages/airflow/example_dags/example_latest_only_with_trigger.py
[2023-01-20T23:50:15.874+0000] {processor.py:768} INFO - DAG(s) dict_keys(['latest_only_with_trigger']) retrieved from /home/airflow/.local/lib/python3.7/site-packages/airflow/example_dags/example_latest_only_with_trigger.py
[2023-01-20T23:50:15.901+0000] {logging_mixin.py:117} INFO - [2023-01-20T23:50:15.901+0000] {dag.py:2573} INFO - Sync 1 DAGs
[2023-01-20T23:50:15.915+0000] {logging_mixin.py:117} INFO - [2023-01-20T23:50:15.915+0000] {dag.py:3328} INFO - Setting next_dagrun for latest_only_with_trigger to 2023-01-20T19:50:15.915089+00:00, run_after=2023-01-20T23:50:15.915089+00:00
[2023-01-20T23:50:15.926+0000] {processor.py:178} INFO - Processing /home/airflow/.local/lib/python3.7/site-packages/airflow/example_dags/example_latest_only_with_trigger.py took 0.065 seconds
[2023-01-20T23:50:46.173+0000] {processor.py:156} INFO - Started process (PID=1346) to work on /home/airflow/.local/lib/python3.7/site-packages/airflow/example_dags/example_latest_only_with_trigger.py
[2023-01-20T23:50:46.175+0000] {processor.py:758} INFO - Processing file /home/airflow/.local/lib/python3.7/site-packages/airflow/example_dags/example_latest_only_with_trigger.py for tasks to queue
[2023-01-20T23:50:46.175+0000] {logging_mixin.py:117} INFO - [2023-01-20T23:50:46.175+0000] {dagbag.py:525} INFO - Filling up the DagBag from /home/airflow/.local/lib/python3.7/site-packages/airflow/example_dags/example_latest_only_with_trigger.py
[2023-01-20T23:50:46.186+0000] {processor.py:768} INFO - DAG(s) dict_keys(['latest_only_with_trigger']) retrieved from /home/airflow/.local/lib/python3.7/site-packages/airflow/example_dags/example_latest_only_with_trigger.py
[2023-01-20T23:50:46.216+0000] {logging_mixin.py:117} INFO - [2023-01-20T23:50:46.216+0000] {dag.py:2573} INFO - Sync 1 DAGs
[2023-01-20T23:50:46.231+0000] {logging_mixin.py:117} INFO - [2023-01-20T23:50:46.231+0000] {dag.py:3328} INFO - Setting next_dagrun for latest_only_with_trigger to 2023-01-20T19:50:46.231234+00:00, run_after=2023-01-20T23:50:46.231234+00:00
[2023-01-20T23:50:46.243+0000] {processor.py:178} INFO - Processing /home/airflow/.local/lib/python3.7/site-packages/airflow/example_dags/example_latest_only_with_trigger.py took 0.074 seconds
[2023-01-20T23:51:16.610+0000] {processor.py:156} INFO - Started process (PID=1409) to work on /home/airflow/.local/lib/python3.7/site-packages/airflow/example_dags/example_latest_only_with_trigger.py
[2023-01-20T23:51:16.612+0000] {processor.py:758} INFO - Processing file /home/airflow/.local/lib/python3.7/site-packages/airflow/example_dags/example_latest_only_with_trigger.py for tasks to queue
[2023-01-20T23:51:16.612+0000] {logging_mixin.py:117} INFO - [2023-01-20T23:51:16.612+0000] {dagbag.py:525} INFO - Filling up the DagBag from /home/airflow/.local/lib/python3.7/site-packages/airflow/example_dags/example_latest_only_with_trigger.py
[2023-01-20T23:51:16.622+0000] {processor.py:768} INFO - DAG(s) dict_keys(['latest_only_with_trigger']) retrieved from /home/airflow/.local/lib/python3.7/site-packages/airflow/example_dags/example_latest_only_with_trigger.py
[2023-01-20T23:51:16.648+0000] {logging_mixin.py:117} INFO - [2023-01-20T23:51:16.648+0000] {dag.py:2573} INFO - Sync 1 DAGs
[2023-01-20T23:51:16.663+0000] {logging_mixin.py:117} INFO - [2023-01-20T23:51:16.663+0000] {dag.py:3328} INFO - Setting next_dagrun for latest_only_with_trigger to 2023-01-20T19:51:16.662969+00:00, run_after=2023-01-20T23:51:16.662969+00:00
[2023-01-20T23:51:16.673+0000] {processor.py:178} INFO - Processing /home/airflow/.local/lib/python3.7/site-packages/airflow/example_dags/example_latest_only_with_trigger.py took 0.066 seconds
[2023-01-20T23:51:47.004+0000] {processor.py:156} INFO - Started process (PID=1473) to work on /home/airflow/.local/lib/python3.7/site-packages/airflow/example_dags/example_latest_only_with_trigger.py
[2023-01-20T23:51:47.005+0000] {processor.py:758} INFO - Processing file /home/airflow/.local/lib/python3.7/site-packages/airflow/example_dags/example_latest_only_with_trigger.py for tasks to queue
[2023-01-20T23:51:47.006+0000] {logging_mixin.py:117} INFO - [2023-01-20T23:51:47.006+0000] {dagbag.py:525} INFO - Filling up the DagBag from /home/airflow/.local/lib/python3.7/site-packages/airflow/example_dags/example_latest_only_with_trigger.py
[2023-01-20T23:51:47.021+0000] {processor.py:768} INFO - DAG(s) dict_keys(['latest_only_with_trigger']) retrieved from /home/airflow/.local/lib/python3.7/site-packages/airflow/example_dags/example_latest_only_with_trigger.py
[2023-01-20T23:51:47.055+0000] {logging_mixin.py:117} INFO - [2023-01-20T23:51:47.055+0000] {dag.py:2573} INFO - Sync 1 DAGs
[2023-01-20T23:51:47.073+0000] {logging_mixin.py:117} INFO - [2023-01-20T23:51:47.073+0000] {dag.py:3328} INFO - Setting next_dagrun for latest_only_with_trigger to 2023-01-20T19:51:47.072890+00:00, run_after=2023-01-20T23:51:47.072890+00:00
[2023-01-20T23:51:47.085+0000] {processor.py:178} INFO - Processing /home/airflow/.local/lib/python3.7/site-packages/airflow/example_dags/example_latest_only_with_trigger.py took 0.084 seconds
[2023-01-20T23:52:17.605+0000] {processor.py:156} INFO - Started process (PID=1536) to work on /home/airflow/.local/lib/python3.7/site-packages/airflow/example_dags/example_latest_only_with_trigger.py
[2023-01-20T23:52:17.607+0000] {processor.py:758} INFO - Processing file /home/airflow/.local/lib/python3.7/site-packages/airflow/example_dags/example_latest_only_with_trigger.py for tasks to queue
[2023-01-20T23:52:17.608+0000] {logging_mixin.py:117} INFO - [2023-01-20T23:52:17.607+0000] {dagbag.py:525} INFO - Filling up the DagBag from /home/airflow/.local/lib/python3.7/site-packages/airflow/example_dags/example_latest_only_with_trigger.py
[2023-01-20T23:52:17.619+0000] {processor.py:768} INFO - DAG(s) dict_keys(['latest_only_with_trigger']) retrieved from /home/airflow/.local/lib/python3.7/site-packages/airflow/example_dags/example_latest_only_with_trigger.py
[2023-01-20T23:52:17.656+0000] {logging_mixin.py:117} INFO - [2023-01-20T23:52:17.656+0000] {dag.py:2573} INFO - Sync 1 DAGs
[2023-01-20T23:52:17.672+0000] {logging_mixin.py:117} INFO - [2023-01-20T23:52:17.672+0000] {dag.py:3328} INFO - Setting next_dagrun for latest_only_with_trigger to 2023-01-20T19:52:17.672611+00:00, run_after=2023-01-20T23:52:17.672611+00:00
[2023-01-20T23:52:17.687+0000] {processor.py:178} INFO - Processing /home/airflow/.local/lib/python3.7/site-packages/airflow/example_dags/example_latest_only_with_trigger.py took 0.085 seconds
[2023-01-20T23:52:48.003+0000] {processor.py:156} INFO - Started process (PID=1590) to work on /home/airflow/.local/lib/python3.7/site-packages/airflow/example_dags/example_latest_only_with_trigger.py
[2023-01-20T23:52:48.004+0000] {processor.py:758} INFO - Processing file /home/airflow/.local/lib/python3.7/site-packages/airflow/example_dags/example_latest_only_with_trigger.py for tasks to queue
[2023-01-20T23:52:48.005+0000] {logging_mixin.py:117} INFO - [2023-01-20T23:52:48.005+0000] {dagbag.py:525} INFO - Filling up the DagBag from /home/airflow/.local/lib/python3.7/site-packages/airflow/example_dags/example_latest_only_with_trigger.py
[2023-01-20T23:52:48.017+0000] {processor.py:768} INFO - DAG(s) dict_keys(['latest_only_with_trigger']) retrieved from /home/airflow/.local/lib/python3.7/site-packages/airflow/example_dags/example_latest_only_with_trigger.py
[2023-01-20T23:52:48.049+0000] {logging_mixin.py:117} INFO - [2023-01-20T23:52:48.049+0000] {dag.py:2573} INFO - Sync 1 DAGs
[2023-01-20T23:52:48.062+0000] {logging_mixin.py:117} INFO - [2023-01-20T23:52:48.062+0000] {dag.py:3328} INFO - Setting next_dagrun for latest_only_with_trigger to 2023-01-20T19:52:48.062579+00:00, run_after=2023-01-20T23:52:48.062579+00:00
[2023-01-20T23:52:48.073+0000] {processor.py:178} INFO - Processing /home/airflow/.local/lib/python3.7/site-packages/airflow/example_dags/example_latest_only_with_trigger.py took 0.072 seconds
[2023-01-20T23:53:18.499+0000] {processor.py:156} INFO - Started process (PID=1653) to work on /home/airflow/.local/lib/python3.7/site-packages/airflow/example_dags/example_latest_only_with_trigger.py
[2023-01-20T23:53:18.501+0000] {processor.py:758} INFO - Processing file /home/airflow/.local/lib/python3.7/site-packages/airflow/example_dags/example_latest_only_with_trigger.py for tasks to queue
[2023-01-20T23:53:18.502+0000] {logging_mixin.py:117} INFO - [2023-01-20T23:53:18.502+0000] {dagbag.py:525} INFO - Filling up the DagBag from /home/airflow/.local/lib/python3.7/site-packages/airflow/example_dags/example_latest_only_with_trigger.py
[2023-01-20T23:53:18.513+0000] {processor.py:768} INFO - DAG(s) dict_keys(['latest_only_with_trigger']) retrieved from /home/airflow/.local/lib/python3.7/site-packages/airflow/example_dags/example_latest_only_with_trigger.py
[2023-01-20T23:53:18.547+0000] {logging_mixin.py:117} INFO - [2023-01-20T23:53:18.547+0000] {dag.py:2573} INFO - Sync 1 DAGs
[2023-01-20T23:53:18.563+0000] {logging_mixin.py:117} INFO - [2023-01-20T23:53:18.563+0000] {dag.py:3328} INFO - Setting next_dagrun for latest_only_with_trigger to 2023-01-20T19:53:18.563500+00:00, run_after=2023-01-20T23:53:18.563500+00:00
[2023-01-20T23:53:18.580+0000] {processor.py:178} INFO - Processing /home/airflow/.local/lib/python3.7/site-packages/airflow/example_dags/example_latest_only_with_trigger.py took 0.083 seconds
[2023-01-20T23:53:49.008+0000] {processor.py:156} INFO - Started process (PID=1717) to work on /home/airflow/.local/lib/python3.7/site-packages/airflow/example_dags/example_latest_only_with_trigger.py
[2023-01-20T23:53:49.009+0000] {processor.py:758} INFO - Processing file /home/airflow/.local/lib/python3.7/site-packages/airflow/example_dags/example_latest_only_with_trigger.py for tasks to queue
[2023-01-20T23:53:49.010+0000] {logging_mixin.py:117} INFO - [2023-01-20T23:53:49.010+0000] {dagbag.py:525} INFO - Filling up the DagBag from /home/airflow/.local/lib/python3.7/site-packages/airflow/example_dags/example_latest_only_with_trigger.py
[2023-01-20T23:53:49.020+0000] {processor.py:768} INFO - DAG(s) dict_keys(['latest_only_with_trigger']) retrieved from /home/airflow/.local/lib/python3.7/site-packages/airflow/example_dags/example_latest_only_with_trigger.py
[2023-01-20T23:53:49.048+0000] {logging_mixin.py:117} INFO - [2023-01-20T23:53:49.048+0000] {dag.py:2573} INFO - Sync 1 DAGs
[2023-01-20T23:53:49.062+0000] {logging_mixin.py:117} INFO - [2023-01-20T23:53:49.062+0000] {dag.py:3328} INFO - Setting next_dagrun for latest_only_with_trigger to 2023-01-20T19:53:49.062702+00:00, run_after=2023-01-20T23:53:49.062702+00:00
[2023-01-20T23:53:49.073+0000] {processor.py:178} INFO - Processing /home/airflow/.local/lib/python3.7/site-packages/airflow/example_dags/example_latest_only_with_trigger.py took 0.068 seconds
[2023-01-20T23:54:19.391+0000] {processor.py:156} INFO - Started process (PID=1780) to work on /home/airflow/.local/lib/python3.7/site-packages/airflow/example_dags/example_latest_only_with_trigger.py
[2023-01-20T23:54:19.393+0000] {processor.py:758} INFO - Processing file /home/airflow/.local/lib/python3.7/site-packages/airflow/example_dags/example_latest_only_with_trigger.py for tasks to queue
[2023-01-20T23:54:19.393+0000] {logging_mixin.py:117} INFO - [2023-01-20T23:54:19.393+0000] {dagbag.py:525} INFO - Filling up the DagBag from /home/airflow/.local/lib/python3.7/site-packages/airflow/example_dags/example_latest_only_with_trigger.py
[2023-01-20T23:54:19.406+0000] {processor.py:768} INFO - DAG(s) dict_keys(['latest_only_with_trigger']) retrieved from /home/airflow/.local/lib/python3.7/site-packages/airflow/example_dags/example_latest_only_with_trigger.py
[2023-01-20T23:54:19.443+0000] {logging_mixin.py:117} INFO - [2023-01-20T23:54:19.443+0000] {dag.py:2573} INFO - Sync 1 DAGs
[2023-01-20T23:54:19.459+0000] {logging_mixin.py:117} INFO - [2023-01-20T23:54:19.459+0000] {dag.py:3328} INFO - Setting next_dagrun for latest_only_with_trigger to 2023-01-20T19:54:19.459153+00:00, run_after=2023-01-20T23:54:19.459153+00:00
[2023-01-20T23:54:19.472+0000] {processor.py:178} INFO - Processing /home/airflow/.local/lib/python3.7/site-packages/airflow/example_dags/example_latest_only_with_trigger.py took 0.083 seconds
[2023-01-20T23:54:57.305+0000] {processor.py:156} INFO - Started process (PID=48) to work on /home/airflow/.local/lib/python3.7/site-packages/airflow/example_dags/example_latest_only_with_trigger.py
[2023-01-20T23:54:57.307+0000] {processor.py:758} INFO - Processing file /home/airflow/.local/lib/python3.7/site-packages/airflow/example_dags/example_latest_only_with_trigger.py for tasks to queue
[2023-01-20T23:54:57.308+0000] {logging_mixin.py:117} INFO - [2023-01-20T23:54:57.308+0000] {dagbag.py:525} INFO - Filling up the DagBag from /home/airflow/.local/lib/python3.7/site-packages/airflow/example_dags/example_latest_only_with_trigger.py
[2023-01-20T23:54:57.345+0000] {processor.py:768} INFO - DAG(s) dict_keys(['latest_only_with_trigger']) retrieved from /home/airflow/.local/lib/python3.7/site-packages/airflow/example_dags/example_latest_only_with_trigger.py
[2023-01-20T23:54:57.842+0000] {logging_mixin.py:117} INFO - [2023-01-20T23:54:57.842+0000] {dag.py:2573} INFO - Sync 1 DAGs
[2023-01-20T23:54:57.898+0000] {logging_mixin.py:117} INFO - [2023-01-20T23:54:57.898+0000] {dag.py:3328} INFO - Setting next_dagrun for latest_only_with_trigger to 2023-01-20T19:54:57.897982+00:00, run_after=2023-01-20T23:54:57.897982+00:00
[2023-01-20T23:54:57.948+0000] {processor.py:178} INFO - Processing /home/airflow/.local/lib/python3.7/site-packages/airflow/example_dags/example_latest_only_with_trigger.py took 0.648 seconds
[2023-01-20T23:55:28.421+0000] {processor.py:156} INFO - Started process (PID=112) to work on /home/airflow/.local/lib/python3.7/site-packages/airflow/example_dags/example_latest_only_with_trigger.py
[2023-01-20T23:55:28.423+0000] {processor.py:758} INFO - Processing file /home/airflow/.local/lib/python3.7/site-packages/airflow/example_dags/example_latest_only_with_trigger.py for tasks to queue
[2023-01-20T23:55:28.424+0000] {logging_mixin.py:117} INFO - [2023-01-20T23:55:28.424+0000] {dagbag.py:525} INFO - Filling up the DagBag from /home/airflow/.local/lib/python3.7/site-packages/airflow/example_dags/example_latest_only_with_trigger.py
[2023-01-20T23:55:28.441+0000] {processor.py:768} INFO - DAG(s) dict_keys(['latest_only_with_trigger']) retrieved from /home/airflow/.local/lib/python3.7/site-packages/airflow/example_dags/example_latest_only_with_trigger.py
[2023-01-20T23:55:28.575+0000] {logging_mixin.py:117} INFO - [2023-01-20T23:55:28.575+0000] {dag.py:2573} INFO - Sync 1 DAGs
[2023-01-20T23:55:28.588+0000] {logging_mixin.py:117} INFO - [2023-01-20T23:55:28.588+0000] {dag.py:3328} INFO - Setting next_dagrun for latest_only_with_trigger to 2023-01-20T19:55:28.588339+00:00, run_after=2023-01-20T23:55:28.588339+00:00
[2023-01-20T23:55:28.597+0000] {processor.py:178} INFO - Processing /home/airflow/.local/lib/python3.7/site-packages/airflow/example_dags/example_latest_only_with_trigger.py took 0.182 seconds
[2023-01-20T23:57:34.267+0000] {processor.py:156} INFO - Started process (PID=57) to work on /home/airflow/.local/lib/python3.7/site-packages/airflow/example_dags/example_latest_only_with_trigger.py
[2023-01-20T23:57:34.274+0000] {processor.py:758} INFO - Processing file /home/airflow/.local/lib/python3.7/site-packages/airflow/example_dags/example_latest_only_with_trigger.py for tasks to queue
[2023-01-20T23:57:34.285+0000] {logging_mixin.py:117} INFO - [2023-01-20T23:57:34.282+0000] {dagbag.py:525} INFO - Filling up the DagBag from /home/airflow/.local/lib/python3.7/site-packages/airflow/example_dags/example_latest_only_with_trigger.py
[2023-01-20T23:57:34.456+0000] {processor.py:768} INFO - DAG(s) dict_keys(['latest_only_with_trigger']) retrieved from /home/airflow/.local/lib/python3.7/site-packages/airflow/example_dags/example_latest_only_with_trigger.py
[2023-01-20T23:57:35.245+0000] {logging_mixin.py:117} INFO - [2023-01-20T23:57:35.245+0000] {dag.py:2573} INFO - Sync 1 DAGs
[2023-01-20T23:57:36.837+0000] {logging_mixin.py:117} INFO - [2023-01-20T23:57:36.837+0000] {dag.py:3328} INFO - Setting next_dagrun for latest_only_with_trigger to 2023-01-20T19:57:36.836750+00:00, run_after=2023-01-20T23:57:36.836750+00:00
[2023-01-20T23:57:36.888+0000] {processor.py:178} INFO - Processing /home/airflow/.local/lib/python3.7/site-packages/airflow/example_dags/example_latest_only_with_trigger.py took 2.665 seconds
[2023-01-20T23:58:07.448+0000] {processor.py:156} INFO - Started process (PID=110) to work on /home/airflow/.local/lib/python3.7/site-packages/airflow/example_dags/example_latest_only_with_trigger.py
[2023-01-20T23:58:07.450+0000] {processor.py:758} INFO - Processing file /home/airflow/.local/lib/python3.7/site-packages/airflow/example_dags/example_latest_only_with_trigger.py for tasks to queue
[2023-01-20T23:58:07.451+0000] {logging_mixin.py:117} INFO - [2023-01-20T23:58:07.451+0000] {dagbag.py:525} INFO - Filling up the DagBag from /home/airflow/.local/lib/python3.7/site-packages/airflow/example_dags/example_latest_only_with_trigger.py
[2023-01-20T23:58:07.469+0000] {processor.py:768} INFO - DAG(s) dict_keys(['latest_only_with_trigger']) retrieved from /home/airflow/.local/lib/python3.7/site-packages/airflow/example_dags/example_latest_only_with_trigger.py
[2023-01-20T23:58:07.764+0000] {logging_mixin.py:117} INFO - [2023-01-20T23:58:07.764+0000] {dag.py:2573} INFO - Sync 1 DAGs
[2023-01-20T23:58:07.786+0000] {logging_mixin.py:117} INFO - [2023-01-20T23:58:07.786+0000] {dag.py:3328} INFO - Setting next_dagrun for latest_only_with_trigger to 2023-01-20T19:58:07.786019+00:00, run_after=2023-01-20T23:58:07.786019+00:00
[2023-01-20T23:58:07.798+0000] {processor.py:178} INFO - Processing /home/airflow/.local/lib/python3.7/site-packages/airflow/example_dags/example_latest_only_with_trigger.py took 0.358 seconds
[2023-01-20T23:58:38.129+0000] {processor.py:156} INFO - Started process (PID=173) to work on /home/airflow/.local/lib/python3.7/site-packages/airflow/example_dags/example_latest_only_with_trigger.py
[2023-01-20T23:58:38.133+0000] {processor.py:758} INFO - Processing file /home/airflow/.local/lib/python3.7/site-packages/airflow/example_dags/example_latest_only_with_trigger.py for tasks to queue
[2023-01-20T23:58:38.135+0000] {logging_mixin.py:117} INFO - [2023-01-20T23:58:38.134+0000] {dagbag.py:525} INFO - Filling up the DagBag from /home/airflow/.local/lib/python3.7/site-packages/airflow/example_dags/example_latest_only_with_trigger.py
[2023-01-20T23:58:38.366+0000] {processor.py:768} INFO - DAG(s) dict_keys(['latest_only_with_trigger']) retrieved from /home/airflow/.local/lib/python3.7/site-packages/airflow/example_dags/example_latest_only_with_trigger.py
[2023-01-20T23:58:38.391+0000] {logging_mixin.py:117} INFO - [2023-01-20T23:58:38.391+0000] {dag.py:2573} INFO - Sync 1 DAGs
[2023-01-20T23:58:38.407+0000] {logging_mixin.py:117} INFO - [2023-01-20T23:58:38.407+0000] {dag.py:3328} INFO - Setting next_dagrun for latest_only_with_trigger to 2023-01-20T19:58:38.407027+00:00, run_after=2023-01-20T23:58:38.407027+00:00
[2023-01-20T23:58:38.417+0000] {processor.py:178} INFO - Processing /home/airflow/.local/lib/python3.7/site-packages/airflow/example_dags/example_latest_only_with_trigger.py took 0.292 seconds
[2023-01-20T23:59:08.565+0000] {processor.py:156} INFO - Started process (PID=236) to work on /home/airflow/.local/lib/python3.7/site-packages/airflow/example_dags/example_latest_only_with_trigger.py
[2023-01-20T23:59:08.569+0000] {processor.py:758} INFO - Processing file /home/airflow/.local/lib/python3.7/site-packages/airflow/example_dags/example_latest_only_with_trigger.py for tasks to queue
[2023-01-20T23:59:08.570+0000] {logging_mixin.py:117} INFO - [2023-01-20T23:59:08.570+0000] {dagbag.py:525} INFO - Filling up the DagBag from /home/airflow/.local/lib/python3.7/site-packages/airflow/example_dags/example_latest_only_with_trigger.py
[2023-01-20T23:59:08.587+0000] {processor.py:768} INFO - DAG(s) dict_keys(['latest_only_with_trigger']) retrieved from /home/airflow/.local/lib/python3.7/site-packages/airflow/example_dags/example_latest_only_with_trigger.py
[2023-01-20T23:59:08.621+0000] {logging_mixin.py:117} INFO - [2023-01-20T23:59:08.621+0000] {dag.py:2573} INFO - Sync 1 DAGs
[2023-01-20T23:59:08.637+0000] {logging_mixin.py:117} INFO - [2023-01-20T23:59:08.637+0000] {dag.py:3328} INFO - Setting next_dagrun for latest_only_with_trigger to 2023-01-20T19:59:08.637408+00:00, run_after=2023-01-20T23:59:08.637408+00:00
[2023-01-20T23:59:08.650+0000] {processor.py:178} INFO - Processing /home/airflow/.local/lib/python3.7/site-packages/airflow/example_dags/example_latest_only_with_trigger.py took 0.091 seconds
[2023-01-20T23:59:39.038+0000] {processor.py:156} INFO - Started process (PID=299) to work on /home/airflow/.local/lib/python3.7/site-packages/airflow/example_dags/example_latest_only_with_trigger.py
[2023-01-20T23:59:39.041+0000] {processor.py:758} INFO - Processing file /home/airflow/.local/lib/python3.7/site-packages/airflow/example_dags/example_latest_only_with_trigger.py for tasks to queue
[2023-01-20T23:59:39.043+0000] {logging_mixin.py:117} INFO - [2023-01-20T23:59:39.042+0000] {dagbag.py:525} INFO - Filling up the DagBag from /home/airflow/.local/lib/python3.7/site-packages/airflow/example_dags/example_latest_only_with_trigger.py
[2023-01-20T23:59:39.059+0000] {processor.py:768} INFO - DAG(s) dict_keys(['latest_only_with_trigger']) retrieved from /home/airflow/.local/lib/python3.7/site-packages/airflow/example_dags/example_latest_only_with_trigger.py
[2023-01-20T23:59:39.093+0000] {logging_mixin.py:117} INFO - [2023-01-20T23:59:39.093+0000] {dag.py:2573} INFO - Sync 1 DAGs
[2023-01-20T23:59:39.108+0000] {logging_mixin.py:117} INFO - [2023-01-20T23:59:39.107+0000] {dag.py:3328} INFO - Setting next_dagrun for latest_only_with_trigger to 2023-01-20T19:59:39.107732+00:00, run_after=2023-01-20T23:59:39.107732+00:00
[2023-01-20T23:59:39.119+0000] {processor.py:178} INFO - Processing /home/airflow/.local/lib/python3.7/site-packages/airflow/example_dags/example_latest_only_with_trigger.py took 0.087 seconds
