[2023-01-20T23:40:00.472+0000] {processor.py:156} INFO - Started process (PID=53) to work on /home/airflow/.local/lib/python3.7/site-packages/airflow/example_dags/example_trigger_target_dag.py
[2023-01-20T23:40:00.474+0000] {processor.py:758} INFO - Processing file /home/airflow/.local/lib/python3.7/site-packages/airflow/example_dags/example_trigger_target_dag.py for tasks to queue
[2023-01-20T23:40:00.475+0000] {logging_mixin.py:117} INFO - [2023-01-20T23:40:00.475+0000] {dagbag.py:525} INFO - Filling up the DagBag from /home/airflow/.local/lib/python3.7/site-packages/airflow/example_dags/example_trigger_target_dag.py
[2023-01-20T23:40:00.545+0000] {processor.py:768} INFO - DAG(s) dict_keys(['example_trigger_target_dag']) retrieved from /home/airflow/.local/lib/python3.7/site-packages/airflow/example_dags/example_trigger_target_dag.py
[2023-01-20T23:40:02.113+0000] {logging_mixin.py:117} INFO - [2023-01-20T23:40:02.113+0000] {dag.py:2573} INFO - Sync 1 DAGs
[2023-01-20T23:40:02.189+0000] {logging_mixin.py:117} INFO - [2023-01-20T23:40:02.185+0000] {dag.py:3328} INFO - Setting next_dagrun for example_trigger_target_dag to None, run_after=None
[2023-01-20T23:40:02.265+0000] {processor.py:178} INFO - Processing /home/airflow/.local/lib/python3.7/site-packages/airflow/example_dags/example_trigger_target_dag.py took 1.797 seconds
[2023-01-20T23:40:32.423+0000] {processor.py:156} INFO - Started process (PID=107) to work on /home/airflow/.local/lib/python3.7/site-packages/airflow/example_dags/example_trigger_target_dag.py
[2023-01-20T23:40:32.424+0000] {processor.py:758} INFO - Processing file /home/airflow/.local/lib/python3.7/site-packages/airflow/example_dags/example_trigger_target_dag.py for tasks to queue
[2023-01-20T23:40:32.425+0000] {logging_mixin.py:117} INFO - [2023-01-20T23:40:32.425+0000] {dagbag.py:525} INFO - Filling up the DagBag from /home/airflow/.local/lib/python3.7/site-packages/airflow/example_dags/example_trigger_target_dag.py
[2023-01-20T23:40:32.551+0000] {processor.py:768} INFO - DAG(s) dict_keys(['example_trigger_target_dag']) retrieved from /home/airflow/.local/lib/python3.7/site-packages/airflow/example_dags/example_trigger_target_dag.py
[2023-01-20T23:40:32.570+0000] {logging_mixin.py:117} INFO - [2023-01-20T23:40:32.570+0000] {dag.py:2573} INFO - Sync 1 DAGs
[2023-01-20T23:40:32.584+0000] {logging_mixin.py:117} INFO - [2023-01-20T23:40:32.584+0000] {dag.py:3328} INFO - Setting next_dagrun for example_trigger_target_dag to None, run_after=None
[2023-01-20T23:40:32.594+0000] {processor.py:178} INFO - Processing /home/airflow/.local/lib/python3.7/site-packages/airflow/example_dags/example_trigger_target_dag.py took 0.173 seconds
[2023-01-20T23:41:02.791+0000] {processor.py:156} INFO - Started process (PID=172) to work on /home/airflow/.local/lib/python3.7/site-packages/airflow/example_dags/example_trigger_target_dag.py
[2023-01-20T23:41:02.793+0000] {processor.py:758} INFO - Processing file /home/airflow/.local/lib/python3.7/site-packages/airflow/example_dags/example_trigger_target_dag.py for tasks to queue
[2023-01-20T23:41:02.794+0000] {logging_mixin.py:117} INFO - [2023-01-20T23:41:02.794+0000] {dagbag.py:525} INFO - Filling up the DagBag from /home/airflow/.local/lib/python3.7/site-packages/airflow/example_dags/example_trigger_target_dag.py
[2023-01-20T23:41:02.923+0000] {processor.py:768} INFO - DAG(s) dict_keys(['example_trigger_target_dag']) retrieved from /home/airflow/.local/lib/python3.7/site-packages/airflow/example_dags/example_trigger_target_dag.py
[2023-01-20T23:41:02.943+0000] {logging_mixin.py:117} INFO - [2023-01-20T23:41:02.943+0000] {dag.py:2573} INFO - Sync 1 DAGs
[2023-01-20T23:41:02.955+0000] {logging_mixin.py:117} INFO - [2023-01-20T23:41:02.955+0000] {dag.py:3328} INFO - Setting next_dagrun for example_trigger_target_dag to None, run_after=None
[2023-01-20T23:41:02.965+0000] {processor.py:178} INFO - Processing /home/airflow/.local/lib/python3.7/site-packages/airflow/example_dags/example_trigger_target_dag.py took 0.178 seconds
[2023-01-20T23:41:33.160+0000] {processor.py:156} INFO - Started process (PID=235) to work on /home/airflow/.local/lib/python3.7/site-packages/airflow/example_dags/example_trigger_target_dag.py
[2023-01-20T23:41:33.162+0000] {processor.py:758} INFO - Processing file /home/airflow/.local/lib/python3.7/site-packages/airflow/example_dags/example_trigger_target_dag.py for tasks to queue
[2023-01-20T23:41:33.163+0000] {logging_mixin.py:117} INFO - [2023-01-20T23:41:33.163+0000] {dagbag.py:525} INFO - Filling up the DagBag from /home/airflow/.local/lib/python3.7/site-packages/airflow/example_dags/example_trigger_target_dag.py
[2023-01-20T23:41:33.179+0000] {processor.py:768} INFO - DAG(s) dict_keys(['example_trigger_target_dag']) retrieved from /home/airflow/.local/lib/python3.7/site-packages/airflow/example_dags/example_trigger_target_dag.py
[2023-01-20T23:41:33.215+0000] {logging_mixin.py:117} INFO - [2023-01-20T23:41:33.215+0000] {dag.py:2573} INFO - Sync 1 DAGs
[2023-01-20T23:41:33.233+0000] {logging_mixin.py:117} INFO - [2023-01-20T23:41:33.233+0000] {dag.py:3328} INFO - Setting next_dagrun for example_trigger_target_dag to None, run_after=None
[2023-01-20T23:41:33.247+0000] {processor.py:178} INFO - Processing /home/airflow/.local/lib/python3.7/site-packages/airflow/example_dags/example_trigger_target_dag.py took 0.091 seconds
[2023-01-20T23:42:03.893+0000] {processor.py:156} INFO - Started process (PID=289) to work on /home/airflow/.local/lib/python3.7/site-packages/airflow/example_dags/example_trigger_target_dag.py
[2023-01-20T23:42:03.894+0000] {processor.py:758} INFO - Processing file /home/airflow/.local/lib/python3.7/site-packages/airflow/example_dags/example_trigger_target_dag.py for tasks to queue
[2023-01-20T23:42:03.895+0000] {logging_mixin.py:117} INFO - [2023-01-20T23:42:03.895+0000] {dagbag.py:525} INFO - Filling up the DagBag from /home/airflow/.local/lib/python3.7/site-packages/airflow/example_dags/example_trigger_target_dag.py
[2023-01-20T23:42:03.912+0000] {processor.py:768} INFO - DAG(s) dict_keys(['example_trigger_target_dag']) retrieved from /home/airflow/.local/lib/python3.7/site-packages/airflow/example_dags/example_trigger_target_dag.py
[2023-01-20T23:42:03.943+0000] {logging_mixin.py:117} INFO - [2023-01-20T23:42:03.943+0000] {dag.py:2573} INFO - Sync 1 DAGs
[2023-01-20T23:42:03.958+0000] {logging_mixin.py:117} INFO - [2023-01-20T23:42:03.958+0000] {dag.py:3328} INFO - Setting next_dagrun for example_trigger_target_dag to None, run_after=None
[2023-01-20T23:42:03.971+0000] {processor.py:178} INFO - Processing /home/airflow/.local/lib/python3.7/site-packages/airflow/example_dags/example_trigger_target_dag.py took 0.080 seconds
[2023-01-20T23:42:34.663+0000] {processor.py:156} INFO - Started process (PID=352) to work on /home/airflow/.local/lib/python3.7/site-packages/airflow/example_dags/example_trigger_target_dag.py
[2023-01-20T23:42:34.665+0000] {processor.py:758} INFO - Processing file /home/airflow/.local/lib/python3.7/site-packages/airflow/example_dags/example_trigger_target_dag.py for tasks to queue
[2023-01-20T23:42:34.666+0000] {logging_mixin.py:117} INFO - [2023-01-20T23:42:34.666+0000] {dagbag.py:525} INFO - Filling up the DagBag from /home/airflow/.local/lib/python3.7/site-packages/airflow/example_dags/example_trigger_target_dag.py
[2023-01-20T23:42:34.692+0000] {processor.py:768} INFO - DAG(s) dict_keys(['example_trigger_target_dag']) retrieved from /home/airflow/.local/lib/python3.7/site-packages/airflow/example_dags/example_trigger_target_dag.py
[2023-01-20T23:42:34.727+0000] {logging_mixin.py:117} INFO - [2023-01-20T23:42:34.727+0000] {dag.py:2573} INFO - Sync 1 DAGs
[2023-01-20T23:42:34.741+0000] {logging_mixin.py:117} INFO - [2023-01-20T23:42:34.741+0000] {dag.py:3328} INFO - Setting next_dagrun for example_trigger_target_dag to None, run_after=None
[2023-01-20T23:42:34.752+0000] {processor.py:178} INFO - Processing /home/airflow/.local/lib/python3.7/site-packages/airflow/example_dags/example_trigger_target_dag.py took 0.095 seconds
[2023-01-20T23:43:05.289+0000] {processor.py:156} INFO - Started process (PID=416) to work on /home/airflow/.local/lib/python3.7/site-packages/airflow/example_dags/example_trigger_target_dag.py
[2023-01-20T23:43:05.290+0000] {processor.py:758} INFO - Processing file /home/airflow/.local/lib/python3.7/site-packages/airflow/example_dags/example_trigger_target_dag.py for tasks to queue
[2023-01-20T23:43:05.291+0000] {logging_mixin.py:117} INFO - [2023-01-20T23:43:05.291+0000] {dagbag.py:525} INFO - Filling up the DagBag from /home/airflow/.local/lib/python3.7/site-packages/airflow/example_dags/example_trigger_target_dag.py
[2023-01-20T23:43:05.307+0000] {processor.py:768} INFO - DAG(s) dict_keys(['example_trigger_target_dag']) retrieved from /home/airflow/.local/lib/python3.7/site-packages/airflow/example_dags/example_trigger_target_dag.py
[2023-01-20T23:43:05.348+0000] {logging_mixin.py:117} INFO - [2023-01-20T23:43:05.348+0000] {dag.py:2573} INFO - Sync 1 DAGs
[2023-01-20T23:43:05.380+0000] {logging_mixin.py:117} INFO - [2023-01-20T23:43:05.380+0000] {dag.py:3328} INFO - Setting next_dagrun for example_trigger_target_dag to None, run_after=None
[2023-01-20T23:43:05.395+0000] {processor.py:178} INFO - Processing /home/airflow/.local/lib/python3.7/site-packages/airflow/example_dags/example_trigger_target_dag.py took 0.108 seconds
[2023-01-20T23:43:35.485+0000] {processor.py:156} INFO - Started process (PID=479) to work on /home/airflow/.local/lib/python3.7/site-packages/airflow/example_dags/example_trigger_target_dag.py
[2023-01-20T23:43:35.487+0000] {processor.py:758} INFO - Processing file /home/airflow/.local/lib/python3.7/site-packages/airflow/example_dags/example_trigger_target_dag.py for tasks to queue
[2023-01-20T23:43:35.488+0000] {logging_mixin.py:117} INFO - [2023-01-20T23:43:35.488+0000] {dagbag.py:525} INFO - Filling up the DagBag from /home/airflow/.local/lib/python3.7/site-packages/airflow/example_dags/example_trigger_target_dag.py
[2023-01-20T23:43:35.507+0000] {processor.py:768} INFO - DAG(s) dict_keys(['example_trigger_target_dag']) retrieved from /home/airflow/.local/lib/python3.7/site-packages/airflow/example_dags/example_trigger_target_dag.py
[2023-01-20T23:43:35.536+0000] {logging_mixin.py:117} INFO - [2023-01-20T23:43:35.536+0000] {dag.py:2573} INFO - Sync 1 DAGs
[2023-01-20T23:43:35.550+0000] {logging_mixin.py:117} INFO - [2023-01-20T23:43:35.550+0000] {dag.py:3328} INFO - Setting next_dagrun for example_trigger_target_dag to None, run_after=None
[2023-01-20T23:43:35.561+0000] {processor.py:178} INFO - Processing /home/airflow/.local/lib/python3.7/site-packages/airflow/example_dags/example_trigger_target_dag.py took 0.079 seconds
[2023-01-20T23:44:05.801+0000] {processor.py:156} INFO - Started process (PID=542) to work on /home/airflow/.local/lib/python3.7/site-packages/airflow/example_dags/example_trigger_target_dag.py
[2023-01-20T23:44:05.803+0000] {processor.py:758} INFO - Processing file /home/airflow/.local/lib/python3.7/site-packages/airflow/example_dags/example_trigger_target_dag.py for tasks to queue
[2023-01-20T23:44:05.805+0000] {logging_mixin.py:117} INFO - [2023-01-20T23:44:05.805+0000] {dagbag.py:525} INFO - Filling up the DagBag from /home/airflow/.local/lib/python3.7/site-packages/airflow/example_dags/example_trigger_target_dag.py
[2023-01-20T23:44:05.832+0000] {processor.py:768} INFO - DAG(s) dict_keys(['example_trigger_target_dag']) retrieved from /home/airflow/.local/lib/python3.7/site-packages/airflow/example_dags/example_trigger_target_dag.py
[2023-01-20T23:44:05.888+0000] {logging_mixin.py:117} INFO - [2023-01-20T23:44:05.888+0000] {dag.py:2573} INFO - Sync 1 DAGs
[2023-01-20T23:44:05.908+0000] {logging_mixin.py:117} INFO - [2023-01-20T23:44:05.908+0000] {dag.py:3328} INFO - Setting next_dagrun for example_trigger_target_dag to None, run_after=None
[2023-01-20T23:44:05.925+0000] {processor.py:178} INFO - Processing /home/airflow/.local/lib/python3.7/site-packages/airflow/example_dags/example_trigger_target_dag.py took 0.130 seconds
[2023-01-20T23:44:36.170+0000] {processor.py:156} INFO - Started process (PID=605) to work on /home/airflow/.local/lib/python3.7/site-packages/airflow/example_dags/example_trigger_target_dag.py
[2023-01-20T23:44:36.172+0000] {processor.py:758} INFO - Processing file /home/airflow/.local/lib/python3.7/site-packages/airflow/example_dags/example_trigger_target_dag.py for tasks to queue
[2023-01-20T23:44:36.173+0000] {logging_mixin.py:117} INFO - [2023-01-20T23:44:36.173+0000] {dagbag.py:525} INFO - Filling up the DagBag from /home/airflow/.local/lib/python3.7/site-packages/airflow/example_dags/example_trigger_target_dag.py
[2023-01-20T23:44:36.195+0000] {processor.py:768} INFO - DAG(s) dict_keys(['example_trigger_target_dag']) retrieved from /home/airflow/.local/lib/python3.7/site-packages/airflow/example_dags/example_trigger_target_dag.py
[2023-01-20T23:44:36.239+0000] {logging_mixin.py:117} INFO - [2023-01-20T23:44:36.239+0000] {dag.py:2573} INFO - Sync 1 DAGs
[2023-01-20T23:44:36.261+0000] {logging_mixin.py:117} INFO - [2023-01-20T23:44:36.261+0000] {dag.py:3328} INFO - Setting next_dagrun for example_trigger_target_dag to None, run_after=None
[2023-01-20T23:44:36.279+0000] {processor.py:178} INFO - Processing /home/airflow/.local/lib/python3.7/site-packages/airflow/example_dags/example_trigger_target_dag.py took 0.113 seconds
[2023-01-20T23:45:06.524+0000] {processor.py:156} INFO - Started process (PID=659) to work on /home/airflow/.local/lib/python3.7/site-packages/airflow/example_dags/example_trigger_target_dag.py
[2023-01-20T23:45:06.526+0000] {processor.py:758} INFO - Processing file /home/airflow/.local/lib/python3.7/site-packages/airflow/example_dags/example_trigger_target_dag.py for tasks to queue
[2023-01-20T23:45:06.527+0000] {logging_mixin.py:117} INFO - [2023-01-20T23:45:06.527+0000] {dagbag.py:525} INFO - Filling up the DagBag from /home/airflow/.local/lib/python3.7/site-packages/airflow/example_dags/example_trigger_target_dag.py
[2023-01-20T23:45:06.549+0000] {processor.py:768} INFO - DAG(s) dict_keys(['example_trigger_target_dag']) retrieved from /home/airflow/.local/lib/python3.7/site-packages/airflow/example_dags/example_trigger_target_dag.py
[2023-01-20T23:45:06.577+0000] {logging_mixin.py:117} INFO - [2023-01-20T23:45:06.577+0000] {dag.py:2573} INFO - Sync 1 DAGs
[2023-01-20T23:45:06.592+0000] {logging_mixin.py:117} INFO - [2023-01-20T23:45:06.592+0000] {dag.py:3328} INFO - Setting next_dagrun for example_trigger_target_dag to None, run_after=None
[2023-01-20T23:45:06.603+0000] {processor.py:178} INFO - Processing /home/airflow/.local/lib/python3.7/site-packages/airflow/example_dags/example_trigger_target_dag.py took 0.084 seconds
[2023-01-20T23:45:36.782+0000] {processor.py:156} INFO - Started process (PID=722) to work on /home/airflow/.local/lib/python3.7/site-packages/airflow/example_dags/example_trigger_target_dag.py
[2023-01-20T23:45:36.784+0000] {processor.py:758} INFO - Processing file /home/airflow/.local/lib/python3.7/site-packages/airflow/example_dags/example_trigger_target_dag.py for tasks to queue
[2023-01-20T23:45:36.786+0000] {logging_mixin.py:117} INFO - [2023-01-20T23:45:36.786+0000] {dagbag.py:525} INFO - Filling up the DagBag from /home/airflow/.local/lib/python3.7/site-packages/airflow/example_dags/example_trigger_target_dag.py
[2023-01-20T23:45:36.838+0000] {processor.py:768} INFO - DAG(s) dict_keys(['example_trigger_target_dag']) retrieved from /home/airflow/.local/lib/python3.7/site-packages/airflow/example_dags/example_trigger_target_dag.py
[2023-01-20T23:45:36.920+0000] {logging_mixin.py:117} INFO - [2023-01-20T23:45:36.920+0000] {dag.py:2573} INFO - Sync 1 DAGs
[2023-01-20T23:45:36.937+0000] {logging_mixin.py:117} INFO - [2023-01-20T23:45:36.937+0000] {dag.py:3328} INFO - Setting next_dagrun for example_trigger_target_dag to None, run_after=None
[2023-01-20T23:45:36.950+0000] {processor.py:178} INFO - Processing /home/airflow/.local/lib/python3.7/site-packages/airflow/example_dags/example_trigger_target_dag.py took 0.175 seconds
[2023-01-20T23:46:07.214+0000] {processor.py:156} INFO - Started process (PID=785) to work on /home/airflow/.local/lib/python3.7/site-packages/airflow/example_dags/example_trigger_target_dag.py
[2023-01-20T23:46:07.215+0000] {processor.py:758} INFO - Processing file /home/airflow/.local/lib/python3.7/site-packages/airflow/example_dags/example_trigger_target_dag.py for tasks to queue
[2023-01-20T23:46:07.217+0000] {logging_mixin.py:117} INFO - [2023-01-20T23:46:07.217+0000] {dagbag.py:525} INFO - Filling up the DagBag from /home/airflow/.local/lib/python3.7/site-packages/airflow/example_dags/example_trigger_target_dag.py
[2023-01-20T23:46:07.236+0000] {processor.py:768} INFO - DAG(s) dict_keys(['example_trigger_target_dag']) retrieved from /home/airflow/.local/lib/python3.7/site-packages/airflow/example_dags/example_trigger_target_dag.py
[2023-01-20T23:46:07.264+0000] {logging_mixin.py:117} INFO - [2023-01-20T23:46:07.263+0000] {dag.py:2573} INFO - Sync 1 DAGs
[2023-01-20T23:46:07.277+0000] {logging_mixin.py:117} INFO - [2023-01-20T23:46:07.277+0000] {dag.py:3328} INFO - Setting next_dagrun for example_trigger_target_dag to None, run_after=None
[2023-01-20T23:46:07.288+0000] {processor.py:178} INFO - Processing /home/airflow/.local/lib/python3.7/site-packages/airflow/example_dags/example_trigger_target_dag.py took 0.079 seconds
[2023-01-20T23:46:37.520+0000] {processor.py:156} INFO - Started process (PID=848) to work on /home/airflow/.local/lib/python3.7/site-packages/airflow/example_dags/example_trigger_target_dag.py
[2023-01-20T23:46:37.522+0000] {processor.py:758} INFO - Processing file /home/airflow/.local/lib/python3.7/site-packages/airflow/example_dags/example_trigger_target_dag.py for tasks to queue
[2023-01-20T23:46:37.522+0000] {logging_mixin.py:117} INFO - [2023-01-20T23:46:37.522+0000] {dagbag.py:525} INFO - Filling up the DagBag from /home/airflow/.local/lib/python3.7/site-packages/airflow/example_dags/example_trigger_target_dag.py
[2023-01-20T23:46:37.537+0000] {processor.py:768} INFO - DAG(s) dict_keys(['example_trigger_target_dag']) retrieved from /home/airflow/.local/lib/python3.7/site-packages/airflow/example_dags/example_trigger_target_dag.py
[2023-01-20T23:46:37.569+0000] {logging_mixin.py:117} INFO - [2023-01-20T23:46:37.569+0000] {dag.py:2573} INFO - Sync 1 DAGs
[2023-01-20T23:46:37.586+0000] {logging_mixin.py:117} INFO - [2023-01-20T23:46:37.586+0000] {dag.py:3328} INFO - Setting next_dagrun for example_trigger_target_dag to None, run_after=None
[2023-01-20T23:46:37.599+0000] {processor.py:178} INFO - Processing /home/airflow/.local/lib/python3.7/site-packages/airflow/example_dags/example_trigger_target_dag.py took 0.082 seconds
[2023-01-20T23:47:08.129+0000] {processor.py:156} INFO - Started process (PID=911) to work on /home/airflow/.local/lib/python3.7/site-packages/airflow/example_dags/example_trigger_target_dag.py
[2023-01-20T23:47:08.131+0000] {processor.py:758} INFO - Processing file /home/airflow/.local/lib/python3.7/site-packages/airflow/example_dags/example_trigger_target_dag.py for tasks to queue
[2023-01-20T23:47:08.132+0000] {logging_mixin.py:117} INFO - [2023-01-20T23:47:08.132+0000] {dagbag.py:525} INFO - Filling up the DagBag from /home/airflow/.local/lib/python3.7/site-packages/airflow/example_dags/example_trigger_target_dag.py
[2023-01-20T23:47:08.154+0000] {processor.py:768} INFO - DAG(s) dict_keys(['example_trigger_target_dag']) retrieved from /home/airflow/.local/lib/python3.7/site-packages/airflow/example_dags/example_trigger_target_dag.py
[2023-01-20T23:47:08.185+0000] {logging_mixin.py:117} INFO - [2023-01-20T23:47:08.185+0000] {dag.py:2573} INFO - Sync 1 DAGs
[2023-01-20T23:47:08.200+0000] {logging_mixin.py:117} INFO - [2023-01-20T23:47:08.200+0000] {dag.py:3328} INFO - Setting next_dagrun for example_trigger_target_dag to None, run_after=None
[2023-01-20T23:47:08.212+0000] {processor.py:178} INFO - Processing /home/airflow/.local/lib/python3.7/site-packages/airflow/example_dags/example_trigger_target_dag.py took 0.089 seconds
[2023-01-20T23:47:38.663+0000] {processor.py:156} INFO - Started process (PID=974) to work on /home/airflow/.local/lib/python3.7/site-packages/airflow/example_dags/example_trigger_target_dag.py
[2023-01-20T23:47:38.665+0000] {processor.py:758} INFO - Processing file /home/airflow/.local/lib/python3.7/site-packages/airflow/example_dags/example_trigger_target_dag.py for tasks to queue
[2023-01-20T23:47:38.666+0000] {logging_mixin.py:117} INFO - [2023-01-20T23:47:38.666+0000] {dagbag.py:525} INFO - Filling up the DagBag from /home/airflow/.local/lib/python3.7/site-packages/airflow/example_dags/example_trigger_target_dag.py
[2023-01-20T23:47:38.687+0000] {processor.py:768} INFO - DAG(s) dict_keys(['example_trigger_target_dag']) retrieved from /home/airflow/.local/lib/python3.7/site-packages/airflow/example_dags/example_trigger_target_dag.py
[2023-01-20T23:47:38.723+0000] {logging_mixin.py:117} INFO - [2023-01-20T23:47:38.723+0000] {dag.py:2573} INFO - Sync 1 DAGs
[2023-01-20T23:47:38.742+0000] {logging_mixin.py:117} INFO - [2023-01-20T23:47:38.742+0000] {dag.py:3328} INFO - Setting next_dagrun for example_trigger_target_dag to None, run_after=None
[2023-01-20T23:47:38.760+0000] {processor.py:178} INFO - Processing /home/airflow/.local/lib/python3.7/site-packages/airflow/example_dags/example_trigger_target_dag.py took 0.100 seconds
[2023-01-20T23:48:09.090+0000] {processor.py:156} INFO - Started process (PID=1027) to work on /home/airflow/.local/lib/python3.7/site-packages/airflow/example_dags/example_trigger_target_dag.py
[2023-01-20T23:48:09.092+0000] {processor.py:758} INFO - Processing file /home/airflow/.local/lib/python3.7/site-packages/airflow/example_dags/example_trigger_target_dag.py for tasks to queue
[2023-01-20T23:48:09.093+0000] {logging_mixin.py:117} INFO - [2023-01-20T23:48:09.093+0000] {dagbag.py:525} INFO - Filling up the DagBag from /home/airflow/.local/lib/python3.7/site-packages/airflow/example_dags/example_trigger_target_dag.py
[2023-01-20T23:48:09.114+0000] {processor.py:768} INFO - DAG(s) dict_keys(['example_trigger_target_dag']) retrieved from /home/airflow/.local/lib/python3.7/site-packages/airflow/example_dags/example_trigger_target_dag.py
[2023-01-20T23:48:09.144+0000] {logging_mixin.py:117} INFO - [2023-01-20T23:48:09.143+0000] {dag.py:2573} INFO - Sync 1 DAGs
[2023-01-20T23:48:09.158+0000] {logging_mixin.py:117} INFO - [2023-01-20T23:48:09.158+0000] {dag.py:3328} INFO - Setting next_dagrun for example_trigger_target_dag to None, run_after=None
[2023-01-20T23:48:09.171+0000] {processor.py:178} INFO - Processing /home/airflow/.local/lib/python3.7/site-packages/airflow/example_dags/example_trigger_target_dag.py took 0.086 seconds
[2023-01-20T23:48:39.517+0000] {processor.py:156} INFO - Started process (PID=1090) to work on /home/airflow/.local/lib/python3.7/site-packages/airflow/example_dags/example_trigger_target_dag.py
[2023-01-20T23:48:39.519+0000] {processor.py:758} INFO - Processing file /home/airflow/.local/lib/python3.7/site-packages/airflow/example_dags/example_trigger_target_dag.py for tasks to queue
[2023-01-20T23:48:39.520+0000] {logging_mixin.py:117} INFO - [2023-01-20T23:48:39.520+0000] {dagbag.py:525} INFO - Filling up the DagBag from /home/airflow/.local/lib/python3.7/site-packages/airflow/example_dags/example_trigger_target_dag.py
[2023-01-20T23:48:39.542+0000] {processor.py:768} INFO - DAG(s) dict_keys(['example_trigger_target_dag']) retrieved from /home/airflow/.local/lib/python3.7/site-packages/airflow/example_dags/example_trigger_target_dag.py
[2023-01-20T23:48:39.570+0000] {logging_mixin.py:117} INFO - [2023-01-20T23:48:39.570+0000] {dag.py:2573} INFO - Sync 1 DAGs
[2023-01-20T23:48:39.584+0000] {logging_mixin.py:117} INFO - [2023-01-20T23:48:39.584+0000] {dag.py:3328} INFO - Setting next_dagrun for example_trigger_target_dag to None, run_after=None
[2023-01-20T23:48:39.596+0000] {processor.py:178} INFO - Processing /home/airflow/.local/lib/python3.7/site-packages/airflow/example_dags/example_trigger_target_dag.py took 0.082 seconds
[2023-01-20T23:49:09.859+0000] {processor.py:156} INFO - Started process (PID=1153) to work on /home/airflow/.local/lib/python3.7/site-packages/airflow/example_dags/example_trigger_target_dag.py
[2023-01-20T23:49:09.860+0000] {processor.py:758} INFO - Processing file /home/airflow/.local/lib/python3.7/site-packages/airflow/example_dags/example_trigger_target_dag.py for tasks to queue
[2023-01-20T23:49:09.861+0000] {logging_mixin.py:117} INFO - [2023-01-20T23:49:09.861+0000] {dagbag.py:525} INFO - Filling up the DagBag from /home/airflow/.local/lib/python3.7/site-packages/airflow/example_dags/example_trigger_target_dag.py
[2023-01-20T23:49:09.880+0000] {processor.py:768} INFO - DAG(s) dict_keys(['example_trigger_target_dag']) retrieved from /home/airflow/.local/lib/python3.7/site-packages/airflow/example_dags/example_trigger_target_dag.py
[2023-01-20T23:49:09.907+0000] {logging_mixin.py:117} INFO - [2023-01-20T23:49:09.907+0000] {dag.py:2573} INFO - Sync 1 DAGs
[2023-01-20T23:49:09.922+0000] {logging_mixin.py:117} INFO - [2023-01-20T23:49:09.922+0000] {dag.py:3328} INFO - Setting next_dagrun for example_trigger_target_dag to None, run_after=None
[2023-01-20T23:49:09.933+0000] {processor.py:178} INFO - Processing /home/airflow/.local/lib/python3.7/site-packages/airflow/example_dags/example_trigger_target_dag.py took 0.077 seconds
[2023-01-20T23:49:40.273+0000] {processor.py:156} INFO - Started process (PID=1216) to work on /home/airflow/.local/lib/python3.7/site-packages/airflow/example_dags/example_trigger_target_dag.py
[2023-01-20T23:49:40.275+0000] {processor.py:758} INFO - Processing file /home/airflow/.local/lib/python3.7/site-packages/airflow/example_dags/example_trigger_target_dag.py for tasks to queue
[2023-01-20T23:49:40.276+0000] {logging_mixin.py:117} INFO - [2023-01-20T23:49:40.276+0000] {dagbag.py:525} INFO - Filling up the DagBag from /home/airflow/.local/lib/python3.7/site-packages/airflow/example_dags/example_trigger_target_dag.py
[2023-01-20T23:49:40.300+0000] {processor.py:768} INFO - DAG(s) dict_keys(['example_trigger_target_dag']) retrieved from /home/airflow/.local/lib/python3.7/site-packages/airflow/example_dags/example_trigger_target_dag.py
[2023-01-20T23:49:40.331+0000] {logging_mixin.py:117} INFO - [2023-01-20T23:49:40.331+0000] {dag.py:2573} INFO - Sync 1 DAGs
[2023-01-20T23:49:40.346+0000] {logging_mixin.py:117} INFO - [2023-01-20T23:49:40.346+0000] {dag.py:3328} INFO - Setting next_dagrun for example_trigger_target_dag to None, run_after=None
[2023-01-20T23:49:40.357+0000] {processor.py:178} INFO - Processing /home/airflow/.local/lib/python3.7/site-packages/airflow/example_dags/example_trigger_target_dag.py took 0.089 seconds
[2023-01-20T23:50:10.580+0000] {processor.py:156} INFO - Started process (PID=1279) to work on /home/airflow/.local/lib/python3.7/site-packages/airflow/example_dags/example_trigger_target_dag.py
[2023-01-20T23:50:10.582+0000] {processor.py:758} INFO - Processing file /home/airflow/.local/lib/python3.7/site-packages/airflow/example_dags/example_trigger_target_dag.py for tasks to queue
[2023-01-20T23:50:10.583+0000] {logging_mixin.py:117} INFO - [2023-01-20T23:50:10.583+0000] {dagbag.py:525} INFO - Filling up the DagBag from /home/airflow/.local/lib/python3.7/site-packages/airflow/example_dags/example_trigger_target_dag.py
[2023-01-20T23:50:10.606+0000] {processor.py:768} INFO - DAG(s) dict_keys(['example_trigger_target_dag']) retrieved from /home/airflow/.local/lib/python3.7/site-packages/airflow/example_dags/example_trigger_target_dag.py
[2023-01-20T23:50:10.635+0000] {logging_mixin.py:117} INFO - [2023-01-20T23:50:10.635+0000] {dag.py:2573} INFO - Sync 1 DAGs
[2023-01-20T23:50:10.650+0000] {logging_mixin.py:117} INFO - [2023-01-20T23:50:10.650+0000] {dag.py:3328} INFO - Setting next_dagrun for example_trigger_target_dag to None, run_after=None
[2023-01-20T23:50:10.660+0000] {processor.py:178} INFO - Processing /home/airflow/.local/lib/python3.7/site-packages/airflow/example_dags/example_trigger_target_dag.py took 0.085 seconds
[2023-01-20T23:50:40.885+0000] {processor.py:156} INFO - Started process (PID=1342) to work on /home/airflow/.local/lib/python3.7/site-packages/airflow/example_dags/example_trigger_target_dag.py
[2023-01-20T23:50:40.887+0000] {processor.py:758} INFO - Processing file /home/airflow/.local/lib/python3.7/site-packages/airflow/example_dags/example_trigger_target_dag.py for tasks to queue
[2023-01-20T23:50:40.888+0000] {logging_mixin.py:117} INFO - [2023-01-20T23:50:40.888+0000] {dagbag.py:525} INFO - Filling up the DagBag from /home/airflow/.local/lib/python3.7/site-packages/airflow/example_dags/example_trigger_target_dag.py
[2023-01-20T23:50:40.908+0000] {processor.py:768} INFO - DAG(s) dict_keys(['example_trigger_target_dag']) retrieved from /home/airflow/.local/lib/python3.7/site-packages/airflow/example_dags/example_trigger_target_dag.py
[2023-01-20T23:50:40.941+0000] {logging_mixin.py:117} INFO - [2023-01-20T23:50:40.941+0000] {dag.py:2573} INFO - Sync 1 DAGs
[2023-01-20T23:50:40.955+0000] {logging_mixin.py:117} INFO - [2023-01-20T23:50:40.955+0000] {dag.py:3328} INFO - Setting next_dagrun for example_trigger_target_dag to None, run_after=None
[2023-01-20T23:50:40.971+0000] {processor.py:178} INFO - Processing /home/airflow/.local/lib/python3.7/site-packages/airflow/example_dags/example_trigger_target_dag.py took 0.092 seconds
[2023-01-20T23:51:11.152+0000] {processor.py:156} INFO - Started process (PID=1396) to work on /home/airflow/.local/lib/python3.7/site-packages/airflow/example_dags/example_trigger_target_dag.py
[2023-01-20T23:51:11.153+0000] {processor.py:758} INFO - Processing file /home/airflow/.local/lib/python3.7/site-packages/airflow/example_dags/example_trigger_target_dag.py for tasks to queue
[2023-01-20T23:51:11.154+0000] {logging_mixin.py:117} INFO - [2023-01-20T23:51:11.154+0000] {dagbag.py:525} INFO - Filling up the DagBag from /home/airflow/.local/lib/python3.7/site-packages/airflow/example_dags/example_trigger_target_dag.py
[2023-01-20T23:51:11.175+0000] {processor.py:768} INFO - DAG(s) dict_keys(['example_trigger_target_dag']) retrieved from /home/airflow/.local/lib/python3.7/site-packages/airflow/example_dags/example_trigger_target_dag.py
[2023-01-20T23:51:11.205+0000] {logging_mixin.py:117} INFO - [2023-01-20T23:51:11.205+0000] {dag.py:2573} INFO - Sync 1 DAGs
[2023-01-20T23:51:11.220+0000] {logging_mixin.py:117} INFO - [2023-01-20T23:51:11.220+0000] {dag.py:3328} INFO - Setting next_dagrun for example_trigger_target_dag to None, run_after=None
[2023-01-20T23:51:11.231+0000] {processor.py:178} INFO - Processing /home/airflow/.local/lib/python3.7/site-packages/airflow/example_dags/example_trigger_target_dag.py took 0.084 seconds
[2023-01-20T23:51:41.644+0000] {processor.py:156} INFO - Started process (PID=1460) to work on /home/airflow/.local/lib/python3.7/site-packages/airflow/example_dags/example_trigger_target_dag.py
[2023-01-20T23:51:41.645+0000] {processor.py:758} INFO - Processing file /home/airflow/.local/lib/python3.7/site-packages/airflow/example_dags/example_trigger_target_dag.py for tasks to queue
[2023-01-20T23:51:41.646+0000] {logging_mixin.py:117} INFO - [2023-01-20T23:51:41.646+0000] {dagbag.py:525} INFO - Filling up the DagBag from /home/airflow/.local/lib/python3.7/site-packages/airflow/example_dags/example_trigger_target_dag.py
[2023-01-20T23:51:41.663+0000] {processor.py:768} INFO - DAG(s) dict_keys(['example_trigger_target_dag']) retrieved from /home/airflow/.local/lib/python3.7/site-packages/airflow/example_dags/example_trigger_target_dag.py
[2023-01-20T23:51:41.694+0000] {logging_mixin.py:117} INFO - [2023-01-20T23:51:41.694+0000] {dag.py:2573} INFO - Sync 1 DAGs
[2023-01-20T23:51:41.709+0000] {logging_mixin.py:117} INFO - [2023-01-20T23:51:41.709+0000] {dag.py:3328} INFO - Setting next_dagrun for example_trigger_target_dag to None, run_after=None
[2023-01-20T23:51:41.721+0000] {processor.py:178} INFO - Processing /home/airflow/.local/lib/python3.7/site-packages/airflow/example_dags/example_trigger_target_dag.py took 0.081 seconds
[2023-01-20T23:52:12.296+0000] {processor.py:156} INFO - Started process (PID=1523) to work on /home/airflow/.local/lib/python3.7/site-packages/airflow/example_dags/example_trigger_target_dag.py
[2023-01-20T23:52:12.297+0000] {processor.py:758} INFO - Processing file /home/airflow/.local/lib/python3.7/site-packages/airflow/example_dags/example_trigger_target_dag.py for tasks to queue
[2023-01-20T23:52:12.299+0000] {logging_mixin.py:117} INFO - [2023-01-20T23:52:12.298+0000] {dagbag.py:525} INFO - Filling up the DagBag from /home/airflow/.local/lib/python3.7/site-packages/airflow/example_dags/example_trigger_target_dag.py
[2023-01-20T23:52:12.317+0000] {processor.py:768} INFO - DAG(s) dict_keys(['example_trigger_target_dag']) retrieved from /home/airflow/.local/lib/python3.7/site-packages/airflow/example_dags/example_trigger_target_dag.py
[2023-01-20T23:52:12.345+0000] {logging_mixin.py:117} INFO - [2023-01-20T23:52:12.345+0000] {dag.py:2573} INFO - Sync 1 DAGs
[2023-01-20T23:52:12.361+0000] {logging_mixin.py:117} INFO - [2023-01-20T23:52:12.361+0000] {dag.py:3328} INFO - Setting next_dagrun for example_trigger_target_dag to None, run_after=None
[2023-01-20T23:52:12.374+0000] {processor.py:178} INFO - Processing /home/airflow/.local/lib/python3.7/site-packages/airflow/example_dags/example_trigger_target_dag.py took 0.082 seconds
[2023-01-20T23:52:42.682+0000] {processor.py:156} INFO - Started process (PID=1586) to work on /home/airflow/.local/lib/python3.7/site-packages/airflow/example_dags/example_trigger_target_dag.py
[2023-01-20T23:52:42.683+0000] {processor.py:758} INFO - Processing file /home/airflow/.local/lib/python3.7/site-packages/airflow/example_dags/example_trigger_target_dag.py for tasks to queue
[2023-01-20T23:52:42.684+0000] {logging_mixin.py:117} INFO - [2023-01-20T23:52:42.684+0000] {dagbag.py:525} INFO - Filling up the DagBag from /home/airflow/.local/lib/python3.7/site-packages/airflow/example_dags/example_trigger_target_dag.py
[2023-01-20T23:52:42.699+0000] {processor.py:768} INFO - DAG(s) dict_keys(['example_trigger_target_dag']) retrieved from /home/airflow/.local/lib/python3.7/site-packages/airflow/example_dags/example_trigger_target_dag.py
[2023-01-20T23:52:42.726+0000] {logging_mixin.py:117} INFO - [2023-01-20T23:52:42.726+0000] {dag.py:2573} INFO - Sync 1 DAGs
[2023-01-20T23:52:42.741+0000] {logging_mixin.py:117} INFO - [2023-01-20T23:52:42.741+0000] {dag.py:3328} INFO - Setting next_dagrun for example_trigger_target_dag to None, run_after=None
[2023-01-20T23:52:42.754+0000] {processor.py:178} INFO - Processing /home/airflow/.local/lib/python3.7/site-packages/airflow/example_dags/example_trigger_target_dag.py took 0.074 seconds
[2023-01-20T23:53:13.103+0000] {processor.py:156} INFO - Started process (PID=1649) to work on /home/airflow/.local/lib/python3.7/site-packages/airflow/example_dags/example_trigger_target_dag.py
[2023-01-20T23:53:13.105+0000] {processor.py:758} INFO - Processing file /home/airflow/.local/lib/python3.7/site-packages/airflow/example_dags/example_trigger_target_dag.py for tasks to queue
[2023-01-20T23:53:13.107+0000] {logging_mixin.py:117} INFO - [2023-01-20T23:53:13.106+0000] {dagbag.py:525} INFO - Filling up the DagBag from /home/airflow/.local/lib/python3.7/site-packages/airflow/example_dags/example_trigger_target_dag.py
[2023-01-20T23:53:13.131+0000] {processor.py:768} INFO - DAG(s) dict_keys(['example_trigger_target_dag']) retrieved from /home/airflow/.local/lib/python3.7/site-packages/airflow/example_dags/example_trigger_target_dag.py
[2023-01-20T23:53:13.161+0000] {logging_mixin.py:117} INFO - [2023-01-20T23:53:13.161+0000] {dag.py:2573} INFO - Sync 1 DAGs
[2023-01-20T23:53:13.177+0000] {logging_mixin.py:117} INFO - [2023-01-20T23:53:13.177+0000] {dag.py:3328} INFO - Setting next_dagrun for example_trigger_target_dag to None, run_after=None
[2023-01-20T23:53:13.188+0000] {processor.py:178} INFO - Processing /home/airflow/.local/lib/python3.7/site-packages/airflow/example_dags/example_trigger_target_dag.py took 0.092 seconds
[2023-01-20T23:53:43.722+0000] {processor.py:156} INFO - Started process (PID=1713) to work on /home/airflow/.local/lib/python3.7/site-packages/airflow/example_dags/example_trigger_target_dag.py
[2023-01-20T23:53:43.723+0000] {processor.py:758} INFO - Processing file /home/airflow/.local/lib/python3.7/site-packages/airflow/example_dags/example_trigger_target_dag.py for tasks to queue
[2023-01-20T23:53:43.724+0000] {logging_mixin.py:117} INFO - [2023-01-20T23:53:43.724+0000] {dagbag.py:525} INFO - Filling up the DagBag from /home/airflow/.local/lib/python3.7/site-packages/airflow/example_dags/example_trigger_target_dag.py
[2023-01-20T23:53:43.742+0000] {processor.py:768} INFO - DAG(s) dict_keys(['example_trigger_target_dag']) retrieved from /home/airflow/.local/lib/python3.7/site-packages/airflow/example_dags/example_trigger_target_dag.py
[2023-01-20T23:53:43.770+0000] {logging_mixin.py:117} INFO - [2023-01-20T23:53:43.770+0000] {dag.py:2573} INFO - Sync 1 DAGs
[2023-01-20T23:53:43.792+0000] {logging_mixin.py:117} INFO - [2023-01-20T23:53:43.792+0000] {dag.py:3328} INFO - Setting next_dagrun for example_trigger_target_dag to None, run_after=None
[2023-01-20T23:53:43.807+0000] {processor.py:178} INFO - Processing /home/airflow/.local/lib/python3.7/site-packages/airflow/example_dags/example_trigger_target_dag.py took 0.089 seconds
[2023-01-20T23:54:14.013+0000] {processor.py:156} INFO - Started process (PID=1767) to work on /home/airflow/.local/lib/python3.7/site-packages/airflow/example_dags/example_trigger_target_dag.py
[2023-01-20T23:54:14.014+0000] {processor.py:758} INFO - Processing file /home/airflow/.local/lib/python3.7/site-packages/airflow/example_dags/example_trigger_target_dag.py for tasks to queue
[2023-01-20T23:54:14.015+0000] {logging_mixin.py:117} INFO - [2023-01-20T23:54:14.015+0000] {dagbag.py:525} INFO - Filling up the DagBag from /home/airflow/.local/lib/python3.7/site-packages/airflow/example_dags/example_trigger_target_dag.py
[2023-01-20T23:54:14.034+0000] {processor.py:768} INFO - DAG(s) dict_keys(['example_trigger_target_dag']) retrieved from /home/airflow/.local/lib/python3.7/site-packages/airflow/example_dags/example_trigger_target_dag.py
[2023-01-20T23:54:14.065+0000] {logging_mixin.py:117} INFO - [2023-01-20T23:54:14.065+0000] {dag.py:2573} INFO - Sync 1 DAGs
[2023-01-20T23:54:14.080+0000] {logging_mixin.py:117} INFO - [2023-01-20T23:54:14.079+0000] {dag.py:3328} INFO - Setting next_dagrun for example_trigger_target_dag to None, run_after=None
[2023-01-20T23:54:14.091+0000] {processor.py:178} INFO - Processing /home/airflow/.local/lib/python3.7/site-packages/airflow/example_dags/example_trigger_target_dag.py took 0.082 seconds
[2023-01-20T23:54:55.888+0000] {processor.py:156} INFO - Started process (PID=44) to work on /home/airflow/.local/lib/python3.7/site-packages/airflow/example_dags/example_trigger_target_dag.py
[2023-01-20T23:54:55.893+0000] {processor.py:758} INFO - Processing file /home/airflow/.local/lib/python3.7/site-packages/airflow/example_dags/example_trigger_target_dag.py for tasks to queue
[2023-01-20T23:54:55.894+0000] {logging_mixin.py:117} INFO - [2023-01-20T23:54:55.894+0000] {dagbag.py:525} INFO - Filling up the DagBag from /home/airflow/.local/lib/python3.7/site-packages/airflow/example_dags/example_trigger_target_dag.py
[2023-01-20T23:54:55.950+0000] {processor.py:768} INFO - DAG(s) dict_keys(['example_trigger_target_dag']) retrieved from /home/airflow/.local/lib/python3.7/site-packages/airflow/example_dags/example_trigger_target_dag.py
[2023-01-20T23:54:56.446+0000] {logging_mixin.py:117} INFO - [2023-01-20T23:54:56.446+0000] {dag.py:2573} INFO - Sync 1 DAGs
[2023-01-20T23:54:56.465+0000] {logging_mixin.py:117} INFO - [2023-01-20T23:54:56.465+0000] {dag.py:3328} INFO - Setting next_dagrun for example_trigger_target_dag to None, run_after=None
[2023-01-20T23:54:56.487+0000] {processor.py:178} INFO - Processing /home/airflow/.local/lib/python3.7/site-packages/airflow/example_dags/example_trigger_target_dag.py took 0.609 seconds
[2023-01-20T23:55:27.017+0000] {processor.py:156} INFO - Started process (PID=108) to work on /home/airflow/.local/lib/python3.7/site-packages/airflow/example_dags/example_trigger_target_dag.py
[2023-01-20T23:55:27.019+0000] {processor.py:758} INFO - Processing file /home/airflow/.local/lib/python3.7/site-packages/airflow/example_dags/example_trigger_target_dag.py for tasks to queue
[2023-01-20T23:55:27.020+0000] {logging_mixin.py:117} INFO - [2023-01-20T23:55:27.020+0000] {dagbag.py:525} INFO - Filling up the DagBag from /home/airflow/.local/lib/python3.7/site-packages/airflow/example_dags/example_trigger_target_dag.py
[2023-01-20T23:55:27.040+0000] {processor.py:768} INFO - DAG(s) dict_keys(['example_trigger_target_dag']) retrieved from /home/airflow/.local/lib/python3.7/site-packages/airflow/example_dags/example_trigger_target_dag.py
[2023-01-20T23:55:27.158+0000] {logging_mixin.py:117} INFO - [2023-01-20T23:55:27.158+0000] {dag.py:2573} INFO - Sync 1 DAGs
[2023-01-20T23:55:27.171+0000] {logging_mixin.py:117} INFO - [2023-01-20T23:55:27.171+0000] {dag.py:3328} INFO - Setting next_dagrun for example_trigger_target_dag to None, run_after=None
[2023-01-20T23:55:27.183+0000] {processor.py:178} INFO - Processing /home/airflow/.local/lib/python3.7/site-packages/airflow/example_dags/example_trigger_target_dag.py took 0.170 seconds
[2023-01-20T23:57:25.084+0000] {processor.py:156} INFO - Started process (PID=45) to work on /home/airflow/.local/lib/python3.7/site-packages/airflow/example_dags/example_trigger_target_dag.py
[2023-01-20T23:57:25.090+0000] {processor.py:758} INFO - Processing file /home/airflow/.local/lib/python3.7/site-packages/airflow/example_dags/example_trigger_target_dag.py for tasks to queue
[2023-01-20T23:57:25.092+0000] {logging_mixin.py:117} INFO - [2023-01-20T23:57:25.092+0000] {dagbag.py:525} INFO - Filling up the DagBag from /home/airflow/.local/lib/python3.7/site-packages/airflow/example_dags/example_trigger_target_dag.py
[2023-01-20T23:57:25.289+0000] {processor.py:768} INFO - DAG(s) dict_keys(['example_trigger_target_dag']) retrieved from /home/airflow/.local/lib/python3.7/site-packages/airflow/example_dags/example_trigger_target_dag.py
[2023-01-20T23:57:28.353+0000] {logging_mixin.py:117} INFO - [2023-01-20T23:57:28.352+0000] {dag.py:2573} INFO - Sync 1 DAGs
[2023-01-20T23:57:28.608+0000] {logging_mixin.py:117} INFO - [2023-01-20T23:57:28.607+0000] {dag.py:3328} INFO - Setting next_dagrun for example_trigger_target_dag to None, run_after=None
[2023-01-20T23:57:28.779+0000] {processor.py:178} INFO - Processing /home/airflow/.local/lib/python3.7/site-packages/airflow/example_dags/example_trigger_target_dag.py took 3.734 seconds
[2023-01-20T23:57:59.737+0000] {processor.py:156} INFO - Started process (PID=106) to work on /home/airflow/.local/lib/python3.7/site-packages/airflow/example_dags/example_trigger_target_dag.py
[2023-01-20T23:57:59.739+0000] {processor.py:758} INFO - Processing file /home/airflow/.local/lib/python3.7/site-packages/airflow/example_dags/example_trigger_target_dag.py for tasks to queue
[2023-01-20T23:57:59.741+0000] {logging_mixin.py:117} INFO - [2023-01-20T23:57:59.741+0000] {dagbag.py:525} INFO - Filling up the DagBag from /home/airflow/.local/lib/python3.7/site-packages/airflow/example_dags/example_trigger_target_dag.py
[2023-01-20T23:57:59.991+0000] {processor.py:768} INFO - DAG(s) dict_keys(['example_trigger_target_dag']) retrieved from /home/airflow/.local/lib/python3.7/site-packages/airflow/example_dags/example_trigger_target_dag.py
[2023-01-20T23:58:00.018+0000] {logging_mixin.py:117} INFO - [2023-01-20T23:58:00.018+0000] {dag.py:2573} INFO - Sync 1 DAGs
[2023-01-20T23:58:00.033+0000] {logging_mixin.py:117} INFO - [2023-01-20T23:58:00.033+0000] {dag.py:3328} INFO - Setting next_dagrun for example_trigger_target_dag to None, run_after=None
[2023-01-20T23:58:00.044+0000] {processor.py:178} INFO - Processing /home/airflow/.local/lib/python3.7/site-packages/airflow/example_dags/example_trigger_target_dag.py took 0.314 seconds
[2023-01-20T23:58:30.314+0000] {processor.py:156} INFO - Started process (PID=160) to work on /home/airflow/.local/lib/python3.7/site-packages/airflow/example_dags/example_trigger_target_dag.py
[2023-01-20T23:58:30.318+0000] {processor.py:758} INFO - Processing file /home/airflow/.local/lib/python3.7/site-packages/airflow/example_dags/example_trigger_target_dag.py for tasks to queue
[2023-01-20T23:58:30.320+0000] {logging_mixin.py:117} INFO - [2023-01-20T23:58:30.319+0000] {dagbag.py:525} INFO - Filling up the DagBag from /home/airflow/.local/lib/python3.7/site-packages/airflow/example_dags/example_trigger_target_dag.py
[2023-01-20T23:58:30.871+0000] {processor.py:768} INFO - DAG(s) dict_keys(['example_trigger_target_dag']) retrieved from /home/airflow/.local/lib/python3.7/site-packages/airflow/example_dags/example_trigger_target_dag.py
[2023-01-20T23:58:30.922+0000] {logging_mixin.py:117} INFO - [2023-01-20T23:58:30.921+0000] {dag.py:2573} INFO - Sync 1 DAGs
[2023-01-20T23:58:30.968+0000] {logging_mixin.py:117} INFO - [2023-01-20T23:58:30.968+0000] {dag.py:3328} INFO - Setting next_dagrun for example_trigger_target_dag to None, run_after=None
[2023-01-20T23:58:31.055+0000] {processor.py:178} INFO - Processing /home/airflow/.local/lib/python3.7/site-packages/airflow/example_dags/example_trigger_target_dag.py took 0.745 seconds
[2023-01-20T23:59:01.228+0000] {processor.py:156} INFO - Started process (PID=223) to work on /home/airflow/.local/lib/python3.7/site-packages/airflow/example_dags/example_trigger_target_dag.py
[2023-01-20T23:59:01.230+0000] {processor.py:758} INFO - Processing file /home/airflow/.local/lib/python3.7/site-packages/airflow/example_dags/example_trigger_target_dag.py for tasks to queue
[2023-01-20T23:59:01.231+0000] {logging_mixin.py:117} INFO - [2023-01-20T23:59:01.231+0000] {dagbag.py:525} INFO - Filling up the DagBag from /home/airflow/.local/lib/python3.7/site-packages/airflow/example_dags/example_trigger_target_dag.py
[2023-01-20T23:59:01.260+0000] {processor.py:768} INFO - DAG(s) dict_keys(['example_trigger_target_dag']) retrieved from /home/airflow/.local/lib/python3.7/site-packages/airflow/example_dags/example_trigger_target_dag.py
[2023-01-20T23:59:01.310+0000] {logging_mixin.py:117} INFO - [2023-01-20T23:59:01.310+0000] {dag.py:2573} INFO - Sync 1 DAGs
[2023-01-20T23:59:01.329+0000] {logging_mixin.py:117} INFO - [2023-01-20T23:59:01.329+0000] {dag.py:3328} INFO - Setting next_dagrun for example_trigger_target_dag to None, run_after=None
[2023-01-20T23:59:01.340+0000] {processor.py:178} INFO - Processing /home/airflow/.local/lib/python3.7/site-packages/airflow/example_dags/example_trigger_target_dag.py took 0.115 seconds
[2023-01-20T23:59:31.762+0000] {processor.py:156} INFO - Started process (PID=286) to work on /home/airflow/.local/lib/python3.7/site-packages/airflow/example_dags/example_trigger_target_dag.py
[2023-01-20T23:59:31.765+0000] {processor.py:758} INFO - Processing file /home/airflow/.local/lib/python3.7/site-packages/airflow/example_dags/example_trigger_target_dag.py for tasks to queue
[2023-01-20T23:59:31.766+0000] {logging_mixin.py:117} INFO - [2023-01-20T23:59:31.766+0000] {dagbag.py:525} INFO - Filling up the DagBag from /home/airflow/.local/lib/python3.7/site-packages/airflow/example_dags/example_trigger_target_dag.py
[2023-01-20T23:59:31.787+0000] {processor.py:768} INFO - DAG(s) dict_keys(['example_trigger_target_dag']) retrieved from /home/airflow/.local/lib/python3.7/site-packages/airflow/example_dags/example_trigger_target_dag.py
[2023-01-20T23:59:31.816+0000] {logging_mixin.py:117} INFO - [2023-01-20T23:59:31.816+0000] {dag.py:2573} INFO - Sync 1 DAGs
[2023-01-20T23:59:31.830+0000] {logging_mixin.py:117} INFO - [2023-01-20T23:59:31.830+0000] {dag.py:3328} INFO - Setting next_dagrun for example_trigger_target_dag to None, run_after=None
[2023-01-20T23:59:31.841+0000] {processor.py:178} INFO - Processing /home/airflow/.local/lib/python3.7/site-packages/airflow/example_dags/example_trigger_target_dag.py took 0.082 seconds
