[2023-01-20T23:40:02.376+0000] {processor.py:156} INFO - Started process (PID=55) to work on /home/airflow/.local/lib/python3.7/site-packages/airflow/example_dags/example_complex.py
[2023-01-20T23:40:02.378+0000] {processor.py:758} INFO - Processing file /home/airflow/.local/lib/python3.7/site-packages/airflow/example_dags/example_complex.py for tasks to queue
[2023-01-20T23:40:02.383+0000] {logging_mixin.py:117} INFO - [2023-01-20T23:40:02.383+0000] {dagbag.py:525} INFO - Filling up the DagBag from /home/airflow/.local/lib/python3.7/site-packages/airflow/example_dags/example_complex.py
[2023-01-20T23:40:02.473+0000] {processor.py:768} INFO - DAG(s) dict_keys(['example_complex']) retrieved from /home/airflow/.local/lib/python3.7/site-packages/airflow/example_dags/example_complex.py
[2023-01-20T23:40:05.038+0000] {logging_mixin.py:117} INFO - [2023-01-20T23:40:05.038+0000] {dag.py:2573} INFO - Sync 1 DAGs
[2023-01-20T23:40:05.082+0000] {logging_mixin.py:117} INFO - [2023-01-20T23:40:05.082+0000] {dag.py:3328} INFO - Setting next_dagrun for example_complex to None, run_after=None
[2023-01-20T23:40:05.109+0000] {processor.py:178} INFO - Processing /home/airflow/.local/lib/python3.7/site-packages/airflow/example_dags/example_complex.py took 2.737 seconds
[2023-01-20T23:40:35.585+0000] {processor.py:156} INFO - Started process (PID=109) to work on /home/airflow/.local/lib/python3.7/site-packages/airflow/example_dags/example_complex.py
[2023-01-20T23:40:35.589+0000] {processor.py:758} INFO - Processing file /home/airflow/.local/lib/python3.7/site-packages/airflow/example_dags/example_complex.py for tasks to queue
[2023-01-20T23:40:35.590+0000] {logging_mixin.py:117} INFO - [2023-01-20T23:40:35.590+0000] {dagbag.py:525} INFO - Filling up the DagBag from /home/airflow/.local/lib/python3.7/site-packages/airflow/example_dags/example_complex.py
[2023-01-20T23:40:35.618+0000] {processor.py:768} INFO - DAG(s) dict_keys(['example_complex']) retrieved from /home/airflow/.local/lib/python3.7/site-packages/airflow/example_dags/example_complex.py
[2023-01-20T23:40:35.927+0000] {logging_mixin.py:117} INFO - [2023-01-20T23:40:35.927+0000] {dag.py:2573} INFO - Sync 1 DAGs
[2023-01-20T23:40:35.948+0000] {logging_mixin.py:117} INFO - [2023-01-20T23:40:35.948+0000] {dag.py:3328} INFO - Setting next_dagrun for example_complex to None, run_after=None
[2023-01-20T23:40:36.035+0000] {processor.py:178} INFO - Processing /home/airflow/.local/lib/python3.7/site-packages/airflow/example_dags/example_complex.py took 0.472 seconds
[2023-01-20T23:41:06.937+0000] {processor.py:156} INFO - Started process (PID=174) to work on /home/airflow/.local/lib/python3.7/site-packages/airflow/example_dags/example_complex.py
[2023-01-20T23:41:06.939+0000] {processor.py:758} INFO - Processing file /home/airflow/.local/lib/python3.7/site-packages/airflow/example_dags/example_complex.py for tasks to queue
[2023-01-20T23:41:06.940+0000] {logging_mixin.py:117} INFO - [2023-01-20T23:41:06.940+0000] {dagbag.py:525} INFO - Filling up the DagBag from /home/airflow/.local/lib/python3.7/site-packages/airflow/example_dags/example_complex.py
[2023-01-20T23:41:07.079+0000] {processor.py:768} INFO - DAG(s) dict_keys(['example_complex']) retrieved from /home/airflow/.local/lib/python3.7/site-packages/airflow/example_dags/example_complex.py
[2023-01-20T23:41:07.108+0000] {logging_mixin.py:117} INFO - [2023-01-20T23:41:07.108+0000] {dag.py:2573} INFO - Sync 1 DAGs
[2023-01-20T23:41:07.126+0000] {logging_mixin.py:117} INFO - [2023-01-20T23:41:07.126+0000] {dag.py:3328} INFO - Setting next_dagrun for example_complex to None, run_after=None
[2023-01-20T23:41:07.142+0000] {processor.py:178} INFO - Processing /home/airflow/.local/lib/python3.7/site-packages/airflow/example_dags/example_complex.py took 0.210 seconds
[2023-01-20T23:41:37.354+0000] {processor.py:156} INFO - Started process (PID=237) to work on /home/airflow/.local/lib/python3.7/site-packages/airflow/example_dags/example_complex.py
[2023-01-20T23:41:37.355+0000] {processor.py:758} INFO - Processing file /home/airflow/.local/lib/python3.7/site-packages/airflow/example_dags/example_complex.py for tasks to queue
[2023-01-20T23:41:37.357+0000] {logging_mixin.py:117} INFO - [2023-01-20T23:41:37.357+0000] {dagbag.py:525} INFO - Filling up the DagBag from /home/airflow/.local/lib/python3.7/site-packages/airflow/example_dags/example_complex.py
[2023-01-20T23:41:37.377+0000] {processor.py:768} INFO - DAG(s) dict_keys(['example_complex']) retrieved from /home/airflow/.local/lib/python3.7/site-packages/airflow/example_dags/example_complex.py
[2023-01-20T23:41:37.427+0000] {logging_mixin.py:117} INFO - [2023-01-20T23:41:37.427+0000] {dag.py:2573} INFO - Sync 1 DAGs
[2023-01-20T23:41:37.447+0000] {logging_mixin.py:117} INFO - [2023-01-20T23:41:37.447+0000] {dag.py:3328} INFO - Setting next_dagrun for example_complex to None, run_after=None
[2023-01-20T23:41:37.460+0000] {processor.py:178} INFO - Processing /home/airflow/.local/lib/python3.7/site-packages/airflow/example_dags/example_complex.py took 0.112 seconds
[2023-01-20T23:42:08.066+0000] {processor.py:156} INFO - Started process (PID=300) to work on /home/airflow/.local/lib/python3.7/site-packages/airflow/example_dags/example_complex.py
[2023-01-20T23:42:08.068+0000] {processor.py:758} INFO - Processing file /home/airflow/.local/lib/python3.7/site-packages/airflow/example_dags/example_complex.py for tasks to queue
[2023-01-20T23:42:08.069+0000] {logging_mixin.py:117} INFO - [2023-01-20T23:42:08.069+0000] {dagbag.py:525} INFO - Filling up the DagBag from /home/airflow/.local/lib/python3.7/site-packages/airflow/example_dags/example_complex.py
[2023-01-20T23:42:08.088+0000] {processor.py:768} INFO - DAG(s) dict_keys(['example_complex']) retrieved from /home/airflow/.local/lib/python3.7/site-packages/airflow/example_dags/example_complex.py
[2023-01-20T23:42:08.120+0000] {logging_mixin.py:117} INFO - [2023-01-20T23:42:08.120+0000] {dag.py:2573} INFO - Sync 1 DAGs
[2023-01-20T23:42:08.136+0000] {logging_mixin.py:117} INFO - [2023-01-20T23:42:08.136+0000] {dag.py:3328} INFO - Setting next_dagrun for example_complex to None, run_after=None
[2023-01-20T23:42:08.147+0000] {processor.py:178} INFO - Processing /home/airflow/.local/lib/python3.7/site-packages/airflow/example_dags/example_complex.py took 0.085 seconds
[2023-01-20T23:42:38.834+0000] {processor.py:156} INFO - Started process (PID=363) to work on /home/airflow/.local/lib/python3.7/site-packages/airflow/example_dags/example_complex.py
[2023-01-20T23:42:38.837+0000] {processor.py:758} INFO - Processing file /home/airflow/.local/lib/python3.7/site-packages/airflow/example_dags/example_complex.py for tasks to queue
[2023-01-20T23:42:38.839+0000] {logging_mixin.py:117} INFO - [2023-01-20T23:42:38.839+0000] {dagbag.py:525} INFO - Filling up the DagBag from /home/airflow/.local/lib/python3.7/site-packages/airflow/example_dags/example_complex.py
[2023-01-20T23:42:38.871+0000] {processor.py:768} INFO - DAG(s) dict_keys(['example_complex']) retrieved from /home/airflow/.local/lib/python3.7/site-packages/airflow/example_dags/example_complex.py
[2023-01-20T23:42:38.957+0000] {logging_mixin.py:117} INFO - [2023-01-20T23:42:38.956+0000] {dag.py:2573} INFO - Sync 1 DAGs
[2023-01-20T23:42:38.997+0000] {logging_mixin.py:117} INFO - [2023-01-20T23:42:38.997+0000] {dag.py:3328} INFO - Setting next_dagrun for example_complex to None, run_after=None
[2023-01-20T23:42:39.013+0000] {processor.py:178} INFO - Processing /home/airflow/.local/lib/python3.7/site-packages/airflow/example_dags/example_complex.py took 0.186 seconds
[2023-01-20T23:43:09.496+0000] {processor.py:156} INFO - Started process (PID=427) to work on /home/airflow/.local/lib/python3.7/site-packages/airflow/example_dags/example_complex.py
[2023-01-20T23:43:09.498+0000] {processor.py:758} INFO - Processing file /home/airflow/.local/lib/python3.7/site-packages/airflow/example_dags/example_complex.py for tasks to queue
[2023-01-20T23:43:09.499+0000] {logging_mixin.py:117} INFO - [2023-01-20T23:43:09.499+0000] {dagbag.py:525} INFO - Filling up the DagBag from /home/airflow/.local/lib/python3.7/site-packages/airflow/example_dags/example_complex.py
[2023-01-20T23:43:09.546+0000] {processor.py:768} INFO - DAG(s) dict_keys(['example_complex']) retrieved from /home/airflow/.local/lib/python3.7/site-packages/airflow/example_dags/example_complex.py
[2023-01-20T23:43:09.610+0000] {logging_mixin.py:117} INFO - [2023-01-20T23:43:09.610+0000] {dag.py:2573} INFO - Sync 1 DAGs
[2023-01-20T23:43:09.646+0000] {logging_mixin.py:117} INFO - [2023-01-20T23:43:09.646+0000] {dag.py:3328} INFO - Setting next_dagrun for example_complex to None, run_after=None
[2023-01-20T23:43:09.682+0000] {processor.py:178} INFO - Processing /home/airflow/.local/lib/python3.7/site-packages/airflow/example_dags/example_complex.py took 0.189 seconds
[2023-01-20T23:43:40.670+0000] {processor.py:156} INFO - Started process (PID=481) to work on /home/airflow/.local/lib/python3.7/site-packages/airflow/example_dags/example_complex.py
[2023-01-20T23:43:40.672+0000] {processor.py:758} INFO - Processing file /home/airflow/.local/lib/python3.7/site-packages/airflow/example_dags/example_complex.py for tasks to queue
[2023-01-20T23:43:40.674+0000] {logging_mixin.py:117} INFO - [2023-01-20T23:43:40.673+0000] {dagbag.py:525} INFO - Filling up the DagBag from /home/airflow/.local/lib/python3.7/site-packages/airflow/example_dags/example_complex.py
[2023-01-20T23:43:40.695+0000] {processor.py:768} INFO - DAG(s) dict_keys(['example_complex']) retrieved from /home/airflow/.local/lib/python3.7/site-packages/airflow/example_dags/example_complex.py
[2023-01-20T23:43:40.729+0000] {logging_mixin.py:117} INFO - [2023-01-20T23:43:40.728+0000] {dag.py:2573} INFO - Sync 1 DAGs
[2023-01-20T23:43:40.742+0000] {logging_mixin.py:117} INFO - [2023-01-20T23:43:40.742+0000] {dag.py:3328} INFO - Setting next_dagrun for example_complex to None, run_after=None
[2023-01-20T23:43:40.752+0000] {processor.py:178} INFO - Processing /home/airflow/.local/lib/python3.7/site-packages/airflow/example_dags/example_complex.py took 0.086 seconds
[2023-01-20T23:44:10.996+0000] {processor.py:156} INFO - Started process (PID=544) to work on /home/airflow/.local/lib/python3.7/site-packages/airflow/example_dags/example_complex.py
[2023-01-20T23:44:10.998+0000] {processor.py:758} INFO - Processing file /home/airflow/.local/lib/python3.7/site-packages/airflow/example_dags/example_complex.py for tasks to queue
[2023-01-20T23:44:10.998+0000] {logging_mixin.py:117} INFO - [2023-01-20T23:44:10.998+0000] {dagbag.py:525} INFO - Filling up the DagBag from /home/airflow/.local/lib/python3.7/site-packages/airflow/example_dags/example_complex.py
[2023-01-20T23:44:11.016+0000] {processor.py:768} INFO - DAG(s) dict_keys(['example_complex']) retrieved from /home/airflow/.local/lib/python3.7/site-packages/airflow/example_dags/example_complex.py
[2023-01-20T23:44:11.049+0000] {logging_mixin.py:117} INFO - [2023-01-20T23:44:11.049+0000] {dag.py:2573} INFO - Sync 1 DAGs
[2023-01-20T23:44:11.064+0000] {logging_mixin.py:117} INFO - [2023-01-20T23:44:11.063+0000] {dag.py:3328} INFO - Setting next_dagrun for example_complex to None, run_after=None
[2023-01-20T23:44:11.075+0000] {processor.py:178} INFO - Processing /home/airflow/.local/lib/python3.7/site-packages/airflow/example_dags/example_complex.py took 0.081 seconds
[2023-01-20T23:44:41.345+0000] {processor.py:156} INFO - Started process (PID=607) to work on /home/airflow/.local/lib/python3.7/site-packages/airflow/example_dags/example_complex.py
[2023-01-20T23:44:41.346+0000] {processor.py:758} INFO - Processing file /home/airflow/.local/lib/python3.7/site-packages/airflow/example_dags/example_complex.py for tasks to queue
[2023-01-20T23:44:41.347+0000] {logging_mixin.py:117} INFO - [2023-01-20T23:44:41.347+0000] {dagbag.py:525} INFO - Filling up the DagBag from /home/airflow/.local/lib/python3.7/site-packages/airflow/example_dags/example_complex.py
[2023-01-20T23:44:41.365+0000] {processor.py:768} INFO - DAG(s) dict_keys(['example_complex']) retrieved from /home/airflow/.local/lib/python3.7/site-packages/airflow/example_dags/example_complex.py
[2023-01-20T23:44:41.397+0000] {logging_mixin.py:117} INFO - [2023-01-20T23:44:41.397+0000] {dag.py:2573} INFO - Sync 1 DAGs
[2023-01-20T23:44:41.413+0000] {logging_mixin.py:117} INFO - [2023-01-20T23:44:41.413+0000] {dag.py:3328} INFO - Setting next_dagrun for example_complex to None, run_after=None
[2023-01-20T23:44:41.425+0000] {processor.py:178} INFO - Processing /home/airflow/.local/lib/python3.7/site-packages/airflow/example_dags/example_complex.py took 0.082 seconds
[2023-01-20T23:45:11.683+0000] {processor.py:156} INFO - Started process (PID=670) to work on /home/airflow/.local/lib/python3.7/site-packages/airflow/example_dags/example_complex.py
[2023-01-20T23:45:11.685+0000] {processor.py:758} INFO - Processing file /home/airflow/.local/lib/python3.7/site-packages/airflow/example_dags/example_complex.py for tasks to queue
[2023-01-20T23:45:11.686+0000] {logging_mixin.py:117} INFO - [2023-01-20T23:45:11.686+0000] {dagbag.py:525} INFO - Filling up the DagBag from /home/airflow/.local/lib/python3.7/site-packages/airflow/example_dags/example_complex.py
[2023-01-20T23:45:11.703+0000] {processor.py:768} INFO - DAG(s) dict_keys(['example_complex']) retrieved from /home/airflow/.local/lib/python3.7/site-packages/airflow/example_dags/example_complex.py
[2023-01-20T23:45:11.733+0000] {logging_mixin.py:117} INFO - [2023-01-20T23:45:11.733+0000] {dag.py:2573} INFO - Sync 1 DAGs
[2023-01-20T23:45:11.748+0000] {logging_mixin.py:117} INFO - [2023-01-20T23:45:11.748+0000] {dag.py:3328} INFO - Setting next_dagrun for example_complex to None, run_after=None
[2023-01-20T23:45:11.763+0000] {processor.py:178} INFO - Processing /home/airflow/.local/lib/python3.7/site-packages/airflow/example_dags/example_complex.py took 0.083 seconds
[2023-01-20T23:45:42.026+0000] {processor.py:156} INFO - Started process (PID=733) to work on /home/airflow/.local/lib/python3.7/site-packages/airflow/example_dags/example_complex.py
[2023-01-20T23:45:42.027+0000] {processor.py:758} INFO - Processing file /home/airflow/.local/lib/python3.7/site-packages/airflow/example_dags/example_complex.py for tasks to queue
[2023-01-20T23:45:42.028+0000] {logging_mixin.py:117} INFO - [2023-01-20T23:45:42.028+0000] {dagbag.py:525} INFO - Filling up the DagBag from /home/airflow/.local/lib/python3.7/site-packages/airflow/example_dags/example_complex.py
[2023-01-20T23:45:42.046+0000] {processor.py:768} INFO - DAG(s) dict_keys(['example_complex']) retrieved from /home/airflow/.local/lib/python3.7/site-packages/airflow/example_dags/example_complex.py
[2023-01-20T23:45:42.081+0000] {logging_mixin.py:117} INFO - [2023-01-20T23:45:42.081+0000] {dag.py:2573} INFO - Sync 1 DAGs
[2023-01-20T23:45:42.097+0000] {logging_mixin.py:117} INFO - [2023-01-20T23:45:42.097+0000] {dag.py:3328} INFO - Setting next_dagrun for example_complex to None, run_after=None
[2023-01-20T23:45:42.109+0000] {processor.py:178} INFO - Processing /home/airflow/.local/lib/python3.7/site-packages/airflow/example_dags/example_complex.py took 0.087 seconds
[2023-01-20T23:46:12.376+0000] {processor.py:156} INFO - Started process (PID=796) to work on /home/airflow/.local/lib/python3.7/site-packages/airflow/example_dags/example_complex.py
[2023-01-20T23:46:12.377+0000] {processor.py:758} INFO - Processing file /home/airflow/.local/lib/python3.7/site-packages/airflow/example_dags/example_complex.py for tasks to queue
[2023-01-20T23:46:12.378+0000] {logging_mixin.py:117} INFO - [2023-01-20T23:46:12.377+0000] {dagbag.py:525} INFO - Filling up the DagBag from /home/airflow/.local/lib/python3.7/site-packages/airflow/example_dags/example_complex.py
[2023-01-20T23:46:12.396+0000] {processor.py:768} INFO - DAG(s) dict_keys(['example_complex']) retrieved from /home/airflow/.local/lib/python3.7/site-packages/airflow/example_dags/example_complex.py
[2023-01-20T23:46:12.434+0000] {logging_mixin.py:117} INFO - [2023-01-20T23:46:12.434+0000] {dag.py:2573} INFO - Sync 1 DAGs
[2023-01-20T23:46:12.449+0000] {logging_mixin.py:117} INFO - [2023-01-20T23:46:12.449+0000] {dag.py:3328} INFO - Setting next_dagrun for example_complex to None, run_after=None
[2023-01-20T23:46:12.460+0000] {processor.py:178} INFO - Processing /home/airflow/.local/lib/python3.7/site-packages/airflow/example_dags/example_complex.py took 0.087 seconds
[2023-01-20T23:46:42.741+0000] {processor.py:156} INFO - Started process (PID=850) to work on /home/airflow/.local/lib/python3.7/site-packages/airflow/example_dags/example_complex.py
[2023-01-20T23:46:42.743+0000] {processor.py:758} INFO - Processing file /home/airflow/.local/lib/python3.7/site-packages/airflow/example_dags/example_complex.py for tasks to queue
[2023-01-20T23:46:42.745+0000] {logging_mixin.py:117} INFO - [2023-01-20T23:46:42.745+0000] {dagbag.py:525} INFO - Filling up the DagBag from /home/airflow/.local/lib/python3.7/site-packages/airflow/example_dags/example_complex.py
[2023-01-20T23:46:42.774+0000] {processor.py:768} INFO - DAG(s) dict_keys(['example_complex']) retrieved from /home/airflow/.local/lib/python3.7/site-packages/airflow/example_dags/example_complex.py
[2023-01-20T23:46:42.822+0000] {logging_mixin.py:117} INFO - [2023-01-20T23:46:42.822+0000] {dag.py:2573} INFO - Sync 1 DAGs
[2023-01-20T23:46:42.840+0000] {logging_mixin.py:117} INFO - [2023-01-20T23:46:42.840+0000] {dag.py:3328} INFO - Setting next_dagrun for example_complex to None, run_after=None
[2023-01-20T23:46:42.857+0000] {processor.py:178} INFO - Processing /home/airflow/.local/lib/python3.7/site-packages/airflow/example_dags/example_complex.py took 0.126 seconds
[2023-01-20T23:47:13.344+0000] {processor.py:156} INFO - Started process (PID=913) to work on /home/airflow/.local/lib/python3.7/site-packages/airflow/example_dags/example_complex.py
[2023-01-20T23:47:13.346+0000] {processor.py:758} INFO - Processing file /home/airflow/.local/lib/python3.7/site-packages/airflow/example_dags/example_complex.py for tasks to queue
[2023-01-20T23:47:13.347+0000] {logging_mixin.py:117} INFO - [2023-01-20T23:47:13.347+0000] {dagbag.py:525} INFO - Filling up the DagBag from /home/airflow/.local/lib/python3.7/site-packages/airflow/example_dags/example_complex.py
[2023-01-20T23:47:13.369+0000] {processor.py:768} INFO - DAG(s) dict_keys(['example_complex']) retrieved from /home/airflow/.local/lib/python3.7/site-packages/airflow/example_dags/example_complex.py
[2023-01-20T23:47:13.407+0000] {logging_mixin.py:117} INFO - [2023-01-20T23:47:13.407+0000] {dag.py:2573} INFO - Sync 1 DAGs
[2023-01-20T23:47:13.423+0000] {logging_mixin.py:117} INFO - [2023-01-20T23:47:13.423+0000] {dag.py:3328} INFO - Setting next_dagrun for example_complex to None, run_after=None
[2023-01-20T23:47:13.435+0000] {processor.py:178} INFO - Processing /home/airflow/.local/lib/python3.7/site-packages/airflow/example_dags/example_complex.py took 0.095 seconds
[2023-01-20T23:47:43.848+0000] {processor.py:156} INFO - Started process (PID=976) to work on /home/airflow/.local/lib/python3.7/site-packages/airflow/example_dags/example_complex.py
[2023-01-20T23:47:43.850+0000] {processor.py:758} INFO - Processing file /home/airflow/.local/lib/python3.7/site-packages/airflow/example_dags/example_complex.py for tasks to queue
[2023-01-20T23:47:43.851+0000] {logging_mixin.py:117} INFO - [2023-01-20T23:47:43.851+0000] {dagbag.py:525} INFO - Filling up the DagBag from /home/airflow/.local/lib/python3.7/site-packages/airflow/example_dags/example_complex.py
[2023-01-20T23:47:43.875+0000] {processor.py:768} INFO - DAG(s) dict_keys(['example_complex']) retrieved from /home/airflow/.local/lib/python3.7/site-packages/airflow/example_dags/example_complex.py
[2023-01-20T23:47:43.911+0000] {logging_mixin.py:117} INFO - [2023-01-20T23:47:43.911+0000] {dag.py:2573} INFO - Sync 1 DAGs
[2023-01-20T23:47:43.927+0000] {logging_mixin.py:117} INFO - [2023-01-20T23:47:43.927+0000] {dag.py:3328} INFO - Setting next_dagrun for example_complex to None, run_after=None
[2023-01-20T23:47:43.940+0000] {processor.py:178} INFO - Processing /home/airflow/.local/lib/python3.7/site-packages/airflow/example_dags/example_complex.py took 0.096 seconds
[2023-01-20T23:48:14.285+0000] {processor.py:156} INFO - Started process (PID=1038) to work on /home/airflow/.local/lib/python3.7/site-packages/airflow/example_dags/example_complex.py
[2023-01-20T23:48:14.292+0000] {processor.py:758} INFO - Processing file /home/airflow/.local/lib/python3.7/site-packages/airflow/example_dags/example_complex.py for tasks to queue
[2023-01-20T23:48:14.294+0000] {logging_mixin.py:117} INFO - [2023-01-20T23:48:14.293+0000] {dagbag.py:525} INFO - Filling up the DagBag from /home/airflow/.local/lib/python3.7/site-packages/airflow/example_dags/example_complex.py
[2023-01-20T23:48:14.313+0000] {processor.py:768} INFO - DAG(s) dict_keys(['example_complex']) retrieved from /home/airflow/.local/lib/python3.7/site-packages/airflow/example_dags/example_complex.py
[2023-01-20T23:48:14.345+0000] {logging_mixin.py:117} INFO - [2023-01-20T23:48:14.345+0000] {dag.py:2573} INFO - Sync 1 DAGs
[2023-01-20T23:48:14.358+0000] {logging_mixin.py:117} INFO - [2023-01-20T23:48:14.358+0000] {dag.py:3328} INFO - Setting next_dagrun for example_complex to None, run_after=None
[2023-01-20T23:48:14.369+0000] {processor.py:178} INFO - Processing /home/airflow/.local/lib/python3.7/site-packages/airflow/example_dags/example_complex.py took 0.088 seconds
[2023-01-20T23:48:44.726+0000] {processor.py:156} INFO - Started process (PID=1101) to work on /home/airflow/.local/lib/python3.7/site-packages/airflow/example_dags/example_complex.py
[2023-01-20T23:48:44.728+0000] {processor.py:758} INFO - Processing file /home/airflow/.local/lib/python3.7/site-packages/airflow/example_dags/example_complex.py for tasks to queue
[2023-01-20T23:48:44.729+0000] {logging_mixin.py:117} INFO - [2023-01-20T23:48:44.729+0000] {dagbag.py:525} INFO - Filling up the DagBag from /home/airflow/.local/lib/python3.7/site-packages/airflow/example_dags/example_complex.py
[2023-01-20T23:48:44.748+0000] {processor.py:768} INFO - DAG(s) dict_keys(['example_complex']) retrieved from /home/airflow/.local/lib/python3.7/site-packages/airflow/example_dags/example_complex.py
[2023-01-20T23:48:44.779+0000] {logging_mixin.py:117} INFO - [2023-01-20T23:48:44.778+0000] {dag.py:2573} INFO - Sync 1 DAGs
[2023-01-20T23:48:44.792+0000] {logging_mixin.py:117} INFO - [2023-01-20T23:48:44.792+0000] {dag.py:3328} INFO - Setting next_dagrun for example_complex to None, run_after=None
[2023-01-20T23:48:44.802+0000] {processor.py:178} INFO - Processing /home/airflow/.local/lib/python3.7/site-packages/airflow/example_dags/example_complex.py took 0.080 seconds
[2023-01-20T23:49:15.009+0000] {processor.py:156} INFO - Started process (PID=1164) to work on /home/airflow/.local/lib/python3.7/site-packages/airflow/example_dags/example_complex.py
[2023-01-20T23:49:15.010+0000] {processor.py:758} INFO - Processing file /home/airflow/.local/lib/python3.7/site-packages/airflow/example_dags/example_complex.py for tasks to queue
[2023-01-20T23:49:15.010+0000] {logging_mixin.py:117} INFO - [2023-01-20T23:49:15.010+0000] {dagbag.py:525} INFO - Filling up the DagBag from /home/airflow/.local/lib/python3.7/site-packages/airflow/example_dags/example_complex.py
[2023-01-20T23:49:15.024+0000] {processor.py:768} INFO - DAG(s) dict_keys(['example_complex']) retrieved from /home/airflow/.local/lib/python3.7/site-packages/airflow/example_dags/example_complex.py
[2023-01-20T23:49:15.060+0000] {logging_mixin.py:117} INFO - [2023-01-20T23:49:15.060+0000] {dag.py:2573} INFO - Sync 1 DAGs
[2023-01-20T23:49:15.080+0000] {logging_mixin.py:117} INFO - [2023-01-20T23:49:15.079+0000] {dag.py:3328} INFO - Setting next_dagrun for example_complex to None, run_after=None
[2023-01-20T23:49:15.094+0000] {processor.py:178} INFO - Processing /home/airflow/.local/lib/python3.7/site-packages/airflow/example_dags/example_complex.py took 0.087 seconds
[2023-01-20T23:49:45.444+0000] {processor.py:156} INFO - Started process (PID=1218) to work on /home/airflow/.local/lib/python3.7/site-packages/airflow/example_dags/example_complex.py
[2023-01-20T23:49:45.445+0000] {processor.py:758} INFO - Processing file /home/airflow/.local/lib/python3.7/site-packages/airflow/example_dags/example_complex.py for tasks to queue
[2023-01-20T23:49:45.446+0000] {logging_mixin.py:117} INFO - [2023-01-20T23:49:45.446+0000] {dagbag.py:525} INFO - Filling up the DagBag from /home/airflow/.local/lib/python3.7/site-packages/airflow/example_dags/example_complex.py
[2023-01-20T23:49:45.464+0000] {processor.py:768} INFO - DAG(s) dict_keys(['example_complex']) retrieved from /home/airflow/.local/lib/python3.7/site-packages/airflow/example_dags/example_complex.py
[2023-01-20T23:49:45.495+0000] {logging_mixin.py:117} INFO - [2023-01-20T23:49:45.495+0000] {dag.py:2573} INFO - Sync 1 DAGs
[2023-01-20T23:49:45.509+0000] {logging_mixin.py:117} INFO - [2023-01-20T23:49:45.509+0000] {dag.py:3328} INFO - Setting next_dagrun for example_complex to None, run_after=None
[2023-01-20T23:49:45.520+0000] {processor.py:178} INFO - Processing /home/airflow/.local/lib/python3.7/site-packages/airflow/example_dags/example_complex.py took 0.080 seconds
[2023-01-20T23:50:15.757+0000] {processor.py:156} INFO - Started process (PID=1281) to work on /home/airflow/.local/lib/python3.7/site-packages/airflow/example_dags/example_complex.py
[2023-01-20T23:50:15.759+0000] {processor.py:758} INFO - Processing file /home/airflow/.local/lib/python3.7/site-packages/airflow/example_dags/example_complex.py for tasks to queue
[2023-01-20T23:50:15.760+0000] {logging_mixin.py:117} INFO - [2023-01-20T23:50:15.760+0000] {dagbag.py:525} INFO - Filling up the DagBag from /home/airflow/.local/lib/python3.7/site-packages/airflow/example_dags/example_complex.py
[2023-01-20T23:50:15.779+0000] {processor.py:768} INFO - DAG(s) dict_keys(['example_complex']) retrieved from /home/airflow/.local/lib/python3.7/site-packages/airflow/example_dags/example_complex.py
[2023-01-20T23:50:15.812+0000] {logging_mixin.py:117} INFO - [2023-01-20T23:50:15.812+0000] {dag.py:2573} INFO - Sync 1 DAGs
[2023-01-20T23:50:15.826+0000] {logging_mixin.py:117} INFO - [2023-01-20T23:50:15.826+0000] {dag.py:3328} INFO - Setting next_dagrun for example_complex to None, run_after=None
[2023-01-20T23:50:15.837+0000] {processor.py:178} INFO - Processing /home/airflow/.local/lib/python3.7/site-packages/airflow/example_dags/example_complex.py took 0.085 seconds
[2023-01-20T23:50:46.061+0000] {processor.py:156} INFO - Started process (PID=1344) to work on /home/airflow/.local/lib/python3.7/site-packages/airflow/example_dags/example_complex.py
[2023-01-20T23:50:46.063+0000] {processor.py:758} INFO - Processing file /home/airflow/.local/lib/python3.7/site-packages/airflow/example_dags/example_complex.py for tasks to queue
[2023-01-20T23:50:46.064+0000] {logging_mixin.py:117} INFO - [2023-01-20T23:50:46.063+0000] {dagbag.py:525} INFO - Filling up the DagBag from /home/airflow/.local/lib/python3.7/site-packages/airflow/example_dags/example_complex.py
[2023-01-20T23:50:46.077+0000] {processor.py:768} INFO - DAG(s) dict_keys(['example_complex']) retrieved from /home/airflow/.local/lib/python3.7/site-packages/airflow/example_dags/example_complex.py
[2023-01-20T23:50:46.108+0000] {logging_mixin.py:117} INFO - [2023-01-20T23:50:46.108+0000] {dag.py:2573} INFO - Sync 1 DAGs
[2023-01-20T23:50:46.123+0000] {logging_mixin.py:117} INFO - [2023-01-20T23:50:46.123+0000] {dag.py:3328} INFO - Setting next_dagrun for example_complex to None, run_after=None
[2023-01-20T23:50:46.139+0000] {processor.py:178} INFO - Processing /home/airflow/.local/lib/python3.7/site-packages/airflow/example_dags/example_complex.py took 0.080 seconds
[2023-01-20T23:51:16.358+0000] {processor.py:156} INFO - Started process (PID=1407) to work on /home/airflow/.local/lib/python3.7/site-packages/airflow/example_dags/example_complex.py
[2023-01-20T23:51:16.359+0000] {processor.py:758} INFO - Processing file /home/airflow/.local/lib/python3.7/site-packages/airflow/example_dags/example_complex.py for tasks to queue
[2023-01-20T23:51:16.362+0000] {logging_mixin.py:117} INFO - [2023-01-20T23:51:16.362+0000] {dagbag.py:525} INFO - Filling up the DagBag from /home/airflow/.local/lib/python3.7/site-packages/airflow/example_dags/example_complex.py
[2023-01-20T23:51:16.387+0000] {processor.py:768} INFO - DAG(s) dict_keys(['example_complex']) retrieved from /home/airflow/.local/lib/python3.7/site-packages/airflow/example_dags/example_complex.py
[2023-01-20T23:51:16.442+0000] {logging_mixin.py:117} INFO - [2023-01-20T23:51:16.442+0000] {dag.py:2573} INFO - Sync 1 DAGs
[2023-01-20T23:51:16.462+0000] {logging_mixin.py:117} INFO - [2023-01-20T23:51:16.461+0000] {dag.py:3328} INFO - Setting next_dagrun for example_complex to None, run_after=None
[2023-01-20T23:51:16.475+0000] {processor.py:178} INFO - Processing /home/airflow/.local/lib/python3.7/site-packages/airflow/example_dags/example_complex.py took 0.122 seconds
[2023-01-20T23:51:46.830+0000] {processor.py:156} INFO - Started process (PID=1471) to work on /home/airflow/.local/lib/python3.7/site-packages/airflow/example_dags/example_complex.py
[2023-01-20T23:51:46.831+0000] {processor.py:758} INFO - Processing file /home/airflow/.local/lib/python3.7/site-packages/airflow/example_dags/example_complex.py for tasks to queue
[2023-01-20T23:51:46.832+0000] {logging_mixin.py:117} INFO - [2023-01-20T23:51:46.832+0000] {dagbag.py:525} INFO - Filling up the DagBag from /home/airflow/.local/lib/python3.7/site-packages/airflow/example_dags/example_complex.py
[2023-01-20T23:51:46.856+0000] {processor.py:768} INFO - DAG(s) dict_keys(['example_complex']) retrieved from /home/airflow/.local/lib/python3.7/site-packages/airflow/example_dags/example_complex.py
[2023-01-20T23:51:46.905+0000] {logging_mixin.py:117} INFO - [2023-01-20T23:51:46.904+0000] {dag.py:2573} INFO - Sync 1 DAGs
[2023-01-20T23:51:46.936+0000] {logging_mixin.py:117} INFO - [2023-01-20T23:51:46.936+0000] {dag.py:3328} INFO - Setting next_dagrun for example_complex to None, run_after=None
[2023-01-20T23:51:46.957+0000] {processor.py:178} INFO - Processing /home/airflow/.local/lib/python3.7/site-packages/airflow/example_dags/example_complex.py took 0.131 seconds
[2023-01-20T23:52:17.463+0000] {processor.py:156} INFO - Started process (PID=1534) to work on /home/airflow/.local/lib/python3.7/site-packages/airflow/example_dags/example_complex.py
[2023-01-20T23:52:17.464+0000] {processor.py:758} INFO - Processing file /home/airflow/.local/lib/python3.7/site-packages/airflow/example_dags/example_complex.py for tasks to queue
[2023-01-20T23:52:17.465+0000] {logging_mixin.py:117} INFO - [2023-01-20T23:52:17.465+0000] {dagbag.py:525} INFO - Filling up the DagBag from /home/airflow/.local/lib/python3.7/site-packages/airflow/example_dags/example_complex.py
[2023-01-20T23:52:17.482+0000] {processor.py:768} INFO - DAG(s) dict_keys(['example_complex']) retrieved from /home/airflow/.local/lib/python3.7/site-packages/airflow/example_dags/example_complex.py
[2023-01-20T23:52:17.538+0000] {logging_mixin.py:117} INFO - [2023-01-20T23:52:17.538+0000] {dag.py:2573} INFO - Sync 1 DAGs
[2023-01-20T23:52:17.558+0000] {logging_mixin.py:117} INFO - [2023-01-20T23:52:17.557+0000] {dag.py:3328} INFO - Setting next_dagrun for example_complex to None, run_after=None
[2023-01-20T23:52:17.574+0000] {processor.py:178} INFO - Processing /home/airflow/.local/lib/python3.7/site-packages/airflow/example_dags/example_complex.py took 0.114 seconds
[2023-01-20T23:52:47.825+0000] {processor.py:156} INFO - Started process (PID=1588) to work on /home/airflow/.local/lib/python3.7/site-packages/airflow/example_dags/example_complex.py
[2023-01-20T23:52:47.827+0000] {processor.py:758} INFO - Processing file /home/airflow/.local/lib/python3.7/site-packages/airflow/example_dags/example_complex.py for tasks to queue
[2023-01-20T23:52:47.828+0000] {logging_mixin.py:117} INFO - [2023-01-20T23:52:47.828+0000] {dagbag.py:525} INFO - Filling up the DagBag from /home/airflow/.local/lib/python3.7/site-packages/airflow/example_dags/example_complex.py
[2023-01-20T23:52:47.841+0000] {processor.py:768} INFO - DAG(s) dict_keys(['example_complex']) retrieved from /home/airflow/.local/lib/python3.7/site-packages/airflow/example_dags/example_complex.py
[2023-01-20T23:52:47.869+0000] {logging_mixin.py:117} INFO - [2023-01-20T23:52:47.869+0000] {dag.py:2573} INFO - Sync 1 DAGs
[2023-01-20T23:52:47.882+0000] {logging_mixin.py:117} INFO - [2023-01-20T23:52:47.882+0000] {dag.py:3328} INFO - Setting next_dagrun for example_complex to None, run_after=None
[2023-01-20T23:52:47.892+0000] {processor.py:178} INFO - Processing /home/airflow/.local/lib/python3.7/site-packages/airflow/example_dags/example_complex.py took 0.070 seconds
[2023-01-20T23:53:18.278+0000] {processor.py:156} INFO - Started process (PID=1651) to work on /home/airflow/.local/lib/python3.7/site-packages/airflow/example_dags/example_complex.py
[2023-01-20T23:53:18.279+0000] {processor.py:758} INFO - Processing file /home/airflow/.local/lib/python3.7/site-packages/airflow/example_dags/example_complex.py for tasks to queue
[2023-01-20T23:53:18.280+0000] {logging_mixin.py:117} INFO - [2023-01-20T23:53:18.280+0000] {dagbag.py:525} INFO - Filling up the DagBag from /home/airflow/.local/lib/python3.7/site-packages/airflow/example_dags/example_complex.py
[2023-01-20T23:53:18.310+0000] {processor.py:768} INFO - DAG(s) dict_keys(['example_complex']) retrieved from /home/airflow/.local/lib/python3.7/site-packages/airflow/example_dags/example_complex.py
[2023-01-20T23:53:18.353+0000] {logging_mixin.py:117} INFO - [2023-01-20T23:53:18.353+0000] {dag.py:2573} INFO - Sync 1 DAGs
[2023-01-20T23:53:18.369+0000] {logging_mixin.py:117} INFO - [2023-01-20T23:53:18.369+0000] {dag.py:3328} INFO - Setting next_dagrun for example_complex to None, run_after=None
[2023-01-20T23:53:18.381+0000] {processor.py:178} INFO - Processing /home/airflow/.local/lib/python3.7/site-packages/airflow/example_dags/example_complex.py took 0.107 seconds
[2023-01-20T23:53:48.901+0000] {processor.py:156} INFO - Started process (PID=1715) to work on /home/airflow/.local/lib/python3.7/site-packages/airflow/example_dags/example_complex.py
[2023-01-20T23:53:48.903+0000] {processor.py:758} INFO - Processing file /home/airflow/.local/lib/python3.7/site-packages/airflow/example_dags/example_complex.py for tasks to queue
[2023-01-20T23:53:48.903+0000] {logging_mixin.py:117} INFO - [2023-01-20T23:53:48.903+0000] {dagbag.py:525} INFO - Filling up the DagBag from /home/airflow/.local/lib/python3.7/site-packages/airflow/example_dags/example_complex.py
[2023-01-20T23:53:48.920+0000] {processor.py:768} INFO - DAG(s) dict_keys(['example_complex']) retrieved from /home/airflow/.local/lib/python3.7/site-packages/airflow/example_dags/example_complex.py
[2023-01-20T23:53:48.954+0000] {logging_mixin.py:117} INFO - [2023-01-20T23:53:48.954+0000] {dag.py:2573} INFO - Sync 1 DAGs
[2023-01-20T23:53:48.970+0000] {logging_mixin.py:117} INFO - [2023-01-20T23:53:48.970+0000] {dag.py:3328} INFO - Setting next_dagrun for example_complex to None, run_after=None
[2023-01-20T23:53:48.981+0000] {processor.py:178} INFO - Processing /home/airflow/.local/lib/python3.7/site-packages/airflow/example_dags/example_complex.py took 0.083 seconds
[2023-01-20T23:54:19.196+0000] {processor.py:156} INFO - Started process (PID=1778) to work on /home/airflow/.local/lib/python3.7/site-packages/airflow/example_dags/example_complex.py
[2023-01-20T23:54:19.197+0000] {processor.py:758} INFO - Processing file /home/airflow/.local/lib/python3.7/site-packages/airflow/example_dags/example_complex.py for tasks to queue
[2023-01-20T23:54:19.198+0000] {logging_mixin.py:117} INFO - [2023-01-20T23:54:19.198+0000] {dagbag.py:525} INFO - Filling up the DagBag from /home/airflow/.local/lib/python3.7/site-packages/airflow/example_dags/example_complex.py
[2023-01-20T23:54:19.217+0000] {processor.py:768} INFO - DAG(s) dict_keys(['example_complex']) retrieved from /home/airflow/.local/lib/python3.7/site-packages/airflow/example_dags/example_complex.py
[2023-01-20T23:54:19.251+0000] {logging_mixin.py:117} INFO - [2023-01-20T23:54:19.251+0000] {dag.py:2573} INFO - Sync 1 DAGs
[2023-01-20T23:54:19.266+0000] {logging_mixin.py:117} INFO - [2023-01-20T23:54:19.266+0000] {dag.py:3328} INFO - Setting next_dagrun for example_complex to None, run_after=None
[2023-01-20T23:54:19.277+0000] {processor.py:178} INFO - Processing /home/airflow/.local/lib/python3.7/site-packages/airflow/example_dags/example_complex.py took 0.085 seconds
[2023-01-20T23:54:56.542+0000] {processor.py:156} INFO - Started process (PID=46) to work on /home/airflow/.local/lib/python3.7/site-packages/airflow/example_dags/example_complex.py
[2023-01-20T23:54:56.543+0000] {processor.py:758} INFO - Processing file /home/airflow/.local/lib/python3.7/site-packages/airflow/example_dags/example_complex.py for tasks to queue
[2023-01-20T23:54:56.544+0000] {logging_mixin.py:117} INFO - [2023-01-20T23:54:56.544+0000] {dagbag.py:525} INFO - Filling up the DagBag from /home/airflow/.local/lib/python3.7/site-packages/airflow/example_dags/example_complex.py
[2023-01-20T23:54:56.582+0000] {processor.py:768} INFO - DAG(s) dict_keys(['example_complex']) retrieved from /home/airflow/.local/lib/python3.7/site-packages/airflow/example_dags/example_complex.py
[2023-01-20T23:54:57.143+0000] {logging_mixin.py:117} INFO - [2023-01-20T23:54:57.143+0000] {dag.py:2573} INFO - Sync 1 DAGs
[2023-01-20T23:54:57.176+0000] {logging_mixin.py:117} INFO - [2023-01-20T23:54:57.176+0000] {dag.py:3328} INFO - Setting next_dagrun for example_complex to None, run_after=None
[2023-01-20T23:54:57.209+0000] {processor.py:178} INFO - Processing /home/airflow/.local/lib/python3.7/site-packages/airflow/example_dags/example_complex.py took 0.671 seconds
[2023-01-20T23:55:27.388+0000] {processor.py:156} INFO - Started process (PID=110) to work on /home/airflow/.local/lib/python3.7/site-packages/airflow/example_dags/example_complex.py
[2023-01-20T23:55:27.389+0000] {processor.py:758} INFO - Processing file /home/airflow/.local/lib/python3.7/site-packages/airflow/example_dags/example_complex.py for tasks to queue
[2023-01-20T23:55:27.389+0000] {logging_mixin.py:117} INFO - [2023-01-20T23:55:27.389+0000] {dagbag.py:525} INFO - Filling up the DagBag from /home/airflow/.local/lib/python3.7/site-packages/airflow/example_dags/example_complex.py
[2023-01-20T23:55:27.403+0000] {processor.py:768} INFO - DAG(s) dict_keys(['example_complex']) retrieved from /home/airflow/.local/lib/python3.7/site-packages/airflow/example_dags/example_complex.py
[2023-01-20T23:55:27.522+0000] {logging_mixin.py:117} INFO - [2023-01-20T23:55:27.522+0000] {dag.py:2573} INFO - Sync 1 DAGs
[2023-01-20T23:55:27.535+0000] {logging_mixin.py:117} INFO - [2023-01-20T23:55:27.535+0000] {dag.py:3328} INFO - Setting next_dagrun for example_complex to None, run_after=None
[2023-01-20T23:55:27.545+0000] {processor.py:178} INFO - Processing /home/airflow/.local/lib/python3.7/site-packages/airflow/example_dags/example_complex.py took 0.160 seconds
[2023-01-20T23:57:29.463+0000] {processor.py:156} INFO - Started process (PID=55) to work on /home/airflow/.local/lib/python3.7/site-packages/airflow/example_dags/example_complex.py
[2023-01-20T23:57:29.524+0000] {processor.py:758} INFO - Processing file /home/airflow/.local/lib/python3.7/site-packages/airflow/example_dags/example_complex.py for tasks to queue
[2023-01-20T23:57:29.529+0000] {logging_mixin.py:117} INFO - [2023-01-20T23:57:29.529+0000] {dagbag.py:525} INFO - Filling up the DagBag from /home/airflow/.local/lib/python3.7/site-packages/airflow/example_dags/example_complex.py
[2023-01-20T23:57:30.065+0000] {processor.py:768} INFO - DAG(s) dict_keys(['example_complex']) retrieved from /home/airflow/.local/lib/python3.7/site-packages/airflow/example_dags/example_complex.py
[2023-01-20T23:57:31.082+0000] {logging_mixin.py:117} INFO - [2023-01-20T23:57:31.082+0000] {dag.py:2573} INFO - Sync 1 DAGs
[2023-01-20T23:57:35.236+0000] {logging_mixin.py:117} INFO - [2023-01-20T23:57:35.223+0000] {dag.py:3328} INFO - Setting next_dagrun for example_complex to None, run_after=None
[2023-01-20T23:57:35.381+0000] {processor.py:178} INFO - Processing /home/airflow/.local/lib/python3.7/site-packages/airflow/example_dags/example_complex.py took 5.966 seconds
[2023-01-20T23:58:06.167+0000] {processor.py:156} INFO - Started process (PID=109) to work on /home/airflow/.local/lib/python3.7/site-packages/airflow/example_dags/example_complex.py
[2023-01-20T23:58:06.171+0000] {processor.py:758} INFO - Processing file /home/airflow/.local/lib/python3.7/site-packages/airflow/example_dags/example_complex.py for tasks to queue
[2023-01-20T23:58:06.173+0000] {logging_mixin.py:117} INFO - [2023-01-20T23:58:06.173+0000] {dagbag.py:525} INFO - Filling up the DagBag from /home/airflow/.local/lib/python3.7/site-packages/airflow/example_dags/example_complex.py
[2023-01-20T23:58:06.198+0000] {processor.py:768} INFO - DAG(s) dict_keys(['example_complex']) retrieved from /home/airflow/.local/lib/python3.7/site-packages/airflow/example_dags/example_complex.py
[2023-01-20T23:58:06.379+0000] {logging_mixin.py:117} INFO - [2023-01-20T23:58:06.379+0000] {dag.py:2573} INFO - Sync 1 DAGs
[2023-01-20T23:58:06.393+0000] {logging_mixin.py:117} INFO - [2023-01-20T23:58:06.393+0000] {dag.py:3328} INFO - Setting next_dagrun for example_complex to None, run_after=None
[2023-01-20T23:58:06.404+0000] {processor.py:178} INFO - Processing /home/airflow/.local/lib/python3.7/site-packages/airflow/example_dags/example_complex.py took 0.242 seconds
[2023-01-20T23:58:36.772+0000] {processor.py:156} INFO - Started process (PID=172) to work on /home/airflow/.local/lib/python3.7/site-packages/airflow/example_dags/example_complex.py
[2023-01-20T23:58:36.775+0000] {processor.py:758} INFO - Processing file /home/airflow/.local/lib/python3.7/site-packages/airflow/example_dags/example_complex.py for tasks to queue
[2023-01-20T23:58:36.776+0000] {logging_mixin.py:117} INFO - [2023-01-20T23:58:36.776+0000] {dagbag.py:525} INFO - Filling up the DagBag from /home/airflow/.local/lib/python3.7/site-packages/airflow/example_dags/example_complex.py
[2023-01-20T23:58:37.002+0000] {processor.py:768} INFO - DAG(s) dict_keys(['example_complex']) retrieved from /home/airflow/.local/lib/python3.7/site-packages/airflow/example_dags/example_complex.py
[2023-01-20T23:58:37.037+0000] {logging_mixin.py:117} INFO - [2023-01-20T23:58:37.037+0000] {dag.py:2573} INFO - Sync 1 DAGs
[2023-01-20T23:58:37.053+0000] {logging_mixin.py:117} INFO - [2023-01-20T23:58:37.053+0000] {dag.py:3328} INFO - Setting next_dagrun for example_complex to None, run_after=None
[2023-01-20T23:58:37.071+0000] {processor.py:178} INFO - Processing /home/airflow/.local/lib/python3.7/site-packages/airflow/example_dags/example_complex.py took 0.306 seconds
[2023-01-20T23:59:07.461+0000] {processor.py:156} INFO - Started process (PID=235) to work on /home/airflow/.local/lib/python3.7/site-packages/airflow/example_dags/example_complex.py
[2023-01-20T23:59:07.465+0000] {processor.py:758} INFO - Processing file /home/airflow/.local/lib/python3.7/site-packages/airflow/example_dags/example_complex.py for tasks to queue
[2023-01-20T23:59:07.466+0000] {logging_mixin.py:117} INFO - [2023-01-20T23:59:07.466+0000] {dagbag.py:525} INFO - Filling up the DagBag from /home/airflow/.local/lib/python3.7/site-packages/airflow/example_dags/example_complex.py
[2023-01-20T23:59:07.490+0000] {processor.py:768} INFO - DAG(s) dict_keys(['example_complex']) retrieved from /home/airflow/.local/lib/python3.7/site-packages/airflow/example_dags/example_complex.py
[2023-01-20T23:59:07.523+0000] {logging_mixin.py:117} INFO - [2023-01-20T23:59:07.523+0000] {dag.py:2573} INFO - Sync 1 DAGs
[2023-01-20T23:59:07.537+0000] {logging_mixin.py:117} INFO - [2023-01-20T23:59:07.537+0000] {dag.py:3328} INFO - Setting next_dagrun for example_complex to None, run_after=None
[2023-01-20T23:59:07.547+0000] {processor.py:178} INFO - Processing /home/airflow/.local/lib/python3.7/site-packages/airflow/example_dags/example_complex.py took 0.092 seconds
[2023-01-20T23:59:37.959+0000] {processor.py:156} INFO - Started process (PID=298) to work on /home/airflow/.local/lib/python3.7/site-packages/airflow/example_dags/example_complex.py
[2023-01-20T23:59:37.961+0000] {processor.py:758} INFO - Processing file /home/airflow/.local/lib/python3.7/site-packages/airflow/example_dags/example_complex.py for tasks to queue
[2023-01-20T23:59:37.964+0000] {logging_mixin.py:117} INFO - [2023-01-20T23:59:37.964+0000] {dagbag.py:525} INFO - Filling up the DagBag from /home/airflow/.local/lib/python3.7/site-packages/airflow/example_dags/example_complex.py
[2023-01-20T23:59:37.988+0000] {processor.py:768} INFO - DAG(s) dict_keys(['example_complex']) retrieved from /home/airflow/.local/lib/python3.7/site-packages/airflow/example_dags/example_complex.py
[2023-01-20T23:59:38.024+0000] {logging_mixin.py:117} INFO - [2023-01-20T23:59:38.024+0000] {dag.py:2573} INFO - Sync 1 DAGs
[2023-01-20T23:59:38.038+0000] {logging_mixin.py:117} INFO - [2023-01-20T23:59:38.038+0000] {dag.py:3328} INFO - Setting next_dagrun for example_complex to None, run_after=None
[2023-01-20T23:59:38.049+0000] {processor.py:178} INFO - Processing /home/airflow/.local/lib/python3.7/site-packages/airflow/example_dags/example_complex.py took 0.094 seconds
