[2023-01-20T23:39:54.727+0000] {processor.py:156} INFO - Started process (PID=39) to work on /home/airflow/.local/lib/python3.7/site-packages/airflow/example_dags/tutorial.py
[2023-01-20T23:39:54.735+0000] {processor.py:758} INFO - Processing file /home/airflow/.local/lib/python3.7/site-packages/airflow/example_dags/tutorial.py for tasks to queue
[2023-01-20T23:39:54.739+0000] {logging_mixin.py:117} INFO - [2023-01-20T23:39:54.739+0000] {dagbag.py:525} INFO - Filling up the DagBag from /home/airflow/.local/lib/python3.7/site-packages/airflow/example_dags/tutorial.py
[2023-01-20T23:39:54.832+0000] {processor.py:768} INFO - DAG(s) dict_keys(['tutorial']) retrieved from /home/airflow/.local/lib/python3.7/site-packages/airflow/example_dags/tutorial.py
[2023-01-20T23:39:55.540+0000] {logging_mixin.py:117} INFO - [2023-01-20T23:39:55.538+0000] {dag.py:2573} INFO - Sync 1 DAGs
[2023-01-20T23:39:55.612+0000] {logging_mixin.py:117} INFO - [2023-01-20T23:39:55.611+0000] {dag.py:3328} INFO - Setting next_dagrun for tutorial to 2023-01-19T23:39:55.611496+00:00, run_after=2023-01-20T23:39:55.611496+00:00
[2023-01-20T23:39:55.654+0000] {processor.py:178} INFO - Processing /home/airflow/.local/lib/python3.7/site-packages/airflow/example_dags/tutorial.py took 0.940 seconds
[2023-01-20T23:40:26.216+0000] {processor.py:156} INFO - Started process (PID=101) to work on /home/airflow/.local/lib/python3.7/site-packages/airflow/example_dags/tutorial.py
[2023-01-20T23:40:26.219+0000] {processor.py:758} INFO - Processing file /home/airflow/.local/lib/python3.7/site-packages/airflow/example_dags/tutorial.py for tasks to queue
[2023-01-20T23:40:26.220+0000] {logging_mixin.py:117} INFO - [2023-01-20T23:40:26.220+0000] {dagbag.py:525} INFO - Filling up the DagBag from /home/airflow/.local/lib/python3.7/site-packages/airflow/example_dags/tutorial.py
[2023-01-20T23:40:26.237+0000] {processor.py:768} INFO - DAG(s) dict_keys(['tutorial']) retrieved from /home/airflow/.local/lib/python3.7/site-packages/airflow/example_dags/tutorial.py
[2023-01-20T23:40:26.386+0000] {logging_mixin.py:117} INFO - [2023-01-20T23:40:26.386+0000] {dag.py:2573} INFO - Sync 1 DAGs
[2023-01-20T23:40:26.416+0000] {logging_mixin.py:117} INFO - [2023-01-20T23:40:26.416+0000] {dag.py:3328} INFO - Setting next_dagrun for tutorial to 2023-01-19T23:40:26.415693+00:00, run_after=2023-01-20T23:40:26.415693+00:00
[2023-01-20T23:40:26.436+0000] {processor.py:178} INFO - Processing /home/airflow/.local/lib/python3.7/site-packages/airflow/example_dags/tutorial.py took 0.224 seconds
[2023-01-20T23:40:57.076+0000] {processor.py:156} INFO - Started process (PID=157) to work on /home/airflow/.local/lib/python3.7/site-packages/airflow/example_dags/tutorial.py
[2023-01-20T23:40:57.077+0000] {processor.py:758} INFO - Processing file /home/airflow/.local/lib/python3.7/site-packages/airflow/example_dags/tutorial.py for tasks to queue
[2023-01-20T23:40:57.078+0000] {logging_mixin.py:117} INFO - [2023-01-20T23:40:57.078+0000] {dagbag.py:525} INFO - Filling up the DagBag from /home/airflow/.local/lib/python3.7/site-packages/airflow/example_dags/tutorial.py
[2023-01-20T23:40:57.093+0000] {processor.py:768} INFO - DAG(s) dict_keys(['tutorial']) retrieved from /home/airflow/.local/lib/python3.7/site-packages/airflow/example_dags/tutorial.py
[2023-01-20T23:40:57.214+0000] {logging_mixin.py:117} INFO - [2023-01-20T23:40:57.214+0000] {dag.py:2573} INFO - Sync 1 DAGs
[2023-01-20T23:40:57.227+0000] {logging_mixin.py:117} INFO - [2023-01-20T23:40:57.227+0000] {dag.py:3328} INFO - Setting next_dagrun for tutorial to 2023-01-19T23:40:57.227334+00:00, run_after=2023-01-20T23:40:57.227334+00:00
[2023-01-20T23:40:57.238+0000] {processor.py:178} INFO - Processing /home/airflow/.local/lib/python3.7/site-packages/airflow/example_dags/tutorial.py took 0.166 seconds
[2023-01-20T23:41:28.221+0000] {processor.py:156} INFO - Started process (PID=220) to work on /home/airflow/.local/lib/python3.7/site-packages/airflow/example_dags/tutorial.py
[2023-01-20T23:41:28.223+0000] {processor.py:758} INFO - Processing file /home/airflow/.local/lib/python3.7/site-packages/airflow/example_dags/tutorial.py for tasks to queue
[2023-01-20T23:41:28.225+0000] {logging_mixin.py:117} INFO - [2023-01-20T23:41:28.225+0000] {dagbag.py:525} INFO - Filling up the DagBag from /home/airflow/.local/lib/python3.7/site-packages/airflow/example_dags/tutorial.py
[2023-01-20T23:41:28.355+0000] {processor.py:768} INFO - DAG(s) dict_keys(['tutorial']) retrieved from /home/airflow/.local/lib/python3.7/site-packages/airflow/example_dags/tutorial.py
[2023-01-20T23:41:28.378+0000] {logging_mixin.py:117} INFO - [2023-01-20T23:41:28.378+0000] {dag.py:2573} INFO - Sync 1 DAGs
[2023-01-20T23:41:28.392+0000] {logging_mixin.py:117} INFO - [2023-01-20T23:41:28.392+0000] {dag.py:3328} INFO - Setting next_dagrun for tutorial to 2023-01-19T23:41:28.392314+00:00, run_after=2023-01-20T23:41:28.392314+00:00
[2023-01-20T23:41:28.404+0000] {processor.py:178} INFO - Processing /home/airflow/.local/lib/python3.7/site-packages/airflow/example_dags/tutorial.py took 0.189 seconds
[2023-01-20T23:41:58.501+0000] {processor.py:156} INFO - Started process (PID=283) to work on /home/airflow/.local/lib/python3.7/site-packages/airflow/example_dags/tutorial.py
[2023-01-20T23:41:58.504+0000] {processor.py:758} INFO - Processing file /home/airflow/.local/lib/python3.7/site-packages/airflow/example_dags/tutorial.py for tasks to queue
[2023-01-20T23:41:58.505+0000] {logging_mixin.py:117} INFO - [2023-01-20T23:41:58.505+0000] {dagbag.py:525} INFO - Filling up the DagBag from /home/airflow/.local/lib/python3.7/site-packages/airflow/example_dags/tutorial.py
[2023-01-20T23:41:58.523+0000] {processor.py:768} INFO - DAG(s) dict_keys(['tutorial']) retrieved from /home/airflow/.local/lib/python3.7/site-packages/airflow/example_dags/tutorial.py
[2023-01-20T23:41:58.555+0000] {logging_mixin.py:117} INFO - [2023-01-20T23:41:58.555+0000] {dag.py:2573} INFO - Sync 1 DAGs
[2023-01-20T23:41:58.570+0000] {logging_mixin.py:117} INFO - [2023-01-20T23:41:58.570+0000] {dag.py:3328} INFO - Setting next_dagrun for tutorial to 2023-01-19T23:41:58.569854+00:00, run_after=2023-01-20T23:41:58.569854+00:00
[2023-01-20T23:41:58.580+0000] {processor.py:178} INFO - Processing /home/airflow/.local/lib/python3.7/site-packages/airflow/example_dags/tutorial.py took 0.085 seconds
[2023-01-20T23:42:29.212+0000] {processor.py:156} INFO - Started process (PID=346) to work on /home/airflow/.local/lib/python3.7/site-packages/airflow/example_dags/tutorial.py
[2023-01-20T23:42:29.214+0000] {processor.py:758} INFO - Processing file /home/airflow/.local/lib/python3.7/site-packages/airflow/example_dags/tutorial.py for tasks to queue
[2023-01-20T23:42:29.215+0000] {logging_mixin.py:117} INFO - [2023-01-20T23:42:29.215+0000] {dagbag.py:525} INFO - Filling up the DagBag from /home/airflow/.local/lib/python3.7/site-packages/airflow/example_dags/tutorial.py
[2023-01-20T23:42:29.236+0000] {processor.py:768} INFO - DAG(s) dict_keys(['tutorial']) retrieved from /home/airflow/.local/lib/python3.7/site-packages/airflow/example_dags/tutorial.py
[2023-01-20T23:42:29.276+0000] {logging_mixin.py:117} INFO - [2023-01-20T23:42:29.276+0000] {dag.py:2573} INFO - Sync 1 DAGs
[2023-01-20T23:42:29.296+0000] {logging_mixin.py:117} INFO - [2023-01-20T23:42:29.296+0000] {dag.py:3328} INFO - Setting next_dagrun for tutorial to 2023-01-19T23:42:29.296048+00:00, run_after=2023-01-20T23:42:29.296048+00:00
[2023-01-20T23:42:29.311+0000] {processor.py:178} INFO - Processing /home/airflow/.local/lib/python3.7/site-packages/airflow/example_dags/tutorial.py took 0.104 seconds
[2023-01-20T23:42:59.864+0000] {processor.py:156} INFO - Started process (PID=410) to work on /home/airflow/.local/lib/python3.7/site-packages/airflow/example_dags/tutorial.py
[2023-01-20T23:42:59.866+0000] {processor.py:758} INFO - Processing file /home/airflow/.local/lib/python3.7/site-packages/airflow/example_dags/tutorial.py for tasks to queue
[2023-01-20T23:42:59.868+0000] {logging_mixin.py:117} INFO - [2023-01-20T23:42:59.868+0000] {dagbag.py:525} INFO - Filling up the DagBag from /home/airflow/.local/lib/python3.7/site-packages/airflow/example_dags/tutorial.py
[2023-01-20T23:42:59.888+0000] {processor.py:768} INFO - DAG(s) dict_keys(['tutorial']) retrieved from /home/airflow/.local/lib/python3.7/site-packages/airflow/example_dags/tutorial.py
[2023-01-20T23:42:59.929+0000] {logging_mixin.py:117} INFO - [2023-01-20T23:42:59.928+0000] {dag.py:2573} INFO - Sync 1 DAGs
[2023-01-20T23:42:59.947+0000] {logging_mixin.py:117} INFO - [2023-01-20T23:42:59.947+0000] {dag.py:3328} INFO - Setting next_dagrun for tutorial to 2023-01-19T23:42:59.947037+00:00, run_after=2023-01-20T23:42:59.947037+00:00
[2023-01-20T23:42:59.963+0000] {processor.py:178} INFO - Processing /home/airflow/.local/lib/python3.7/site-packages/airflow/example_dags/tutorial.py took 0.102 seconds
[2023-01-20T23:43:30.015+0000] {processor.py:156} INFO - Started process (PID=464) to work on /home/airflow/.local/lib/python3.7/site-packages/airflow/example_dags/tutorial.py
[2023-01-20T23:43:30.017+0000] {processor.py:758} INFO - Processing file /home/airflow/.local/lib/python3.7/site-packages/airflow/example_dags/tutorial.py for tasks to queue
[2023-01-20T23:43:30.019+0000] {logging_mixin.py:117} INFO - [2023-01-20T23:43:30.018+0000] {dagbag.py:525} INFO - Filling up the DagBag from /home/airflow/.local/lib/python3.7/site-packages/airflow/example_dags/tutorial.py
[2023-01-20T23:43:30.037+0000] {processor.py:768} INFO - DAG(s) dict_keys(['tutorial']) retrieved from /home/airflow/.local/lib/python3.7/site-packages/airflow/example_dags/tutorial.py
[2023-01-20T23:43:30.069+0000] {logging_mixin.py:117} INFO - [2023-01-20T23:43:30.069+0000] {dag.py:2573} INFO - Sync 1 DAGs
[2023-01-20T23:43:30.085+0000] {logging_mixin.py:117} INFO - [2023-01-20T23:43:30.085+0000] {dag.py:3328} INFO - Setting next_dagrun for tutorial to 2023-01-19T23:43:30.085329+00:00, run_after=2023-01-20T23:43:30.085329+00:00
[2023-01-20T23:43:30.096+0000] {processor.py:178} INFO - Processing /home/airflow/.local/lib/python3.7/site-packages/airflow/example_dags/tutorial.py took 0.086 seconds
[2023-01-20T23:44:00.243+0000] {processor.py:156} INFO - Started process (PID=527) to work on /home/airflow/.local/lib/python3.7/site-packages/airflow/example_dags/tutorial.py
[2023-01-20T23:44:00.245+0000] {processor.py:758} INFO - Processing file /home/airflow/.local/lib/python3.7/site-packages/airflow/example_dags/tutorial.py for tasks to queue
[2023-01-20T23:44:00.247+0000] {logging_mixin.py:117} INFO - [2023-01-20T23:44:00.247+0000] {dagbag.py:525} INFO - Filling up the DagBag from /home/airflow/.local/lib/python3.7/site-packages/airflow/example_dags/tutorial.py
[2023-01-20T23:44:00.266+0000] {processor.py:768} INFO - DAG(s) dict_keys(['tutorial']) retrieved from /home/airflow/.local/lib/python3.7/site-packages/airflow/example_dags/tutorial.py
[2023-01-20T23:44:00.302+0000] {logging_mixin.py:117} INFO - [2023-01-20T23:44:00.302+0000] {dag.py:2573} INFO - Sync 1 DAGs
[2023-01-20T23:44:00.322+0000] {logging_mixin.py:117} INFO - [2023-01-20T23:44:00.322+0000] {dag.py:3328} INFO - Setting next_dagrun for tutorial to 2023-01-19T23:44:00.322057+00:00, run_after=2023-01-20T23:44:00.322057+00:00
[2023-01-20T23:44:00.335+0000] {processor.py:178} INFO - Processing /home/airflow/.local/lib/python3.7/site-packages/airflow/example_dags/tutorial.py took 0.099 seconds
[2023-01-20T23:44:30.799+0000] {processor.py:156} INFO - Started process (PID=590) to work on /home/airflow/.local/lib/python3.7/site-packages/airflow/example_dags/tutorial.py
[2023-01-20T23:44:30.801+0000] {processor.py:758} INFO - Processing file /home/airflow/.local/lib/python3.7/site-packages/airflow/example_dags/tutorial.py for tasks to queue
[2023-01-20T23:44:30.802+0000] {logging_mixin.py:117} INFO - [2023-01-20T23:44:30.802+0000] {dagbag.py:525} INFO - Filling up the DagBag from /home/airflow/.local/lib/python3.7/site-packages/airflow/example_dags/tutorial.py
[2023-01-20T23:44:30.821+0000] {processor.py:768} INFO - DAG(s) dict_keys(['tutorial']) retrieved from /home/airflow/.local/lib/python3.7/site-packages/airflow/example_dags/tutorial.py
[2023-01-20T23:44:30.854+0000] {logging_mixin.py:117} INFO - [2023-01-20T23:44:30.853+0000] {dag.py:2573} INFO - Sync 1 DAGs
[2023-01-20T23:44:30.869+0000] {logging_mixin.py:117} INFO - [2023-01-20T23:44:30.869+0000] {dag.py:3328} INFO - Setting next_dagrun for tutorial to 2023-01-19T23:44:30.868868+00:00, run_after=2023-01-20T23:44:30.868868+00:00
[2023-01-20T23:44:30.880+0000] {processor.py:178} INFO - Processing /home/airflow/.local/lib/python3.7/site-packages/airflow/example_dags/tutorial.py took 0.085 seconds
[2023-01-20T23:45:01.150+0000] {processor.py:156} INFO - Started process (PID=653) to work on /home/airflow/.local/lib/python3.7/site-packages/airflow/example_dags/tutorial.py
[2023-01-20T23:45:01.152+0000] {processor.py:758} INFO - Processing file /home/airflow/.local/lib/python3.7/site-packages/airflow/example_dags/tutorial.py for tasks to queue
[2023-01-20T23:45:01.154+0000] {logging_mixin.py:117} INFO - [2023-01-20T23:45:01.154+0000] {dagbag.py:525} INFO - Filling up the DagBag from /home/airflow/.local/lib/python3.7/site-packages/airflow/example_dags/tutorial.py
[2023-01-20T23:45:01.170+0000] {processor.py:768} INFO - DAG(s) dict_keys(['tutorial']) retrieved from /home/airflow/.local/lib/python3.7/site-packages/airflow/example_dags/tutorial.py
[2023-01-20T23:45:01.202+0000] {logging_mixin.py:117} INFO - [2023-01-20T23:45:01.202+0000] {dag.py:2573} INFO - Sync 1 DAGs
[2023-01-20T23:45:01.217+0000] {logging_mixin.py:117} INFO - [2023-01-20T23:45:01.217+0000] {dag.py:3328} INFO - Setting next_dagrun for tutorial to 2023-01-19T23:45:01.217552+00:00, run_after=2023-01-20T23:45:01.217552+00:00
[2023-01-20T23:45:01.229+0000] {processor.py:178} INFO - Processing /home/airflow/.local/lib/python3.7/site-packages/airflow/example_dags/tutorial.py took 0.087 seconds
[2023-01-20T23:45:31.385+0000] {processor.py:156} INFO - Started process (PID=716) to work on /home/airflow/.local/lib/python3.7/site-packages/airflow/example_dags/tutorial.py
[2023-01-20T23:45:31.389+0000] {processor.py:758} INFO - Processing file /home/airflow/.local/lib/python3.7/site-packages/airflow/example_dags/tutorial.py for tasks to queue
[2023-01-20T23:45:31.391+0000] {logging_mixin.py:117} INFO - [2023-01-20T23:45:31.391+0000] {dagbag.py:525} INFO - Filling up the DagBag from /home/airflow/.local/lib/python3.7/site-packages/airflow/example_dags/tutorial.py
[2023-01-20T23:45:31.408+0000] {processor.py:768} INFO - DAG(s) dict_keys(['tutorial']) retrieved from /home/airflow/.local/lib/python3.7/site-packages/airflow/example_dags/tutorial.py
[2023-01-20T23:45:31.443+0000] {logging_mixin.py:117} INFO - [2023-01-20T23:45:31.442+0000] {dag.py:2573} INFO - Sync 1 DAGs
[2023-01-20T23:45:31.458+0000] {logging_mixin.py:117} INFO - [2023-01-20T23:45:31.458+0000] {dag.py:3328} INFO - Setting next_dagrun for tutorial to 2023-01-19T23:45:31.458267+00:00, run_after=2023-01-20T23:45:31.458267+00:00
[2023-01-20T23:45:31.469+0000] {processor.py:178} INFO - Processing /home/airflow/.local/lib/python3.7/site-packages/airflow/example_dags/tutorial.py took 0.092 seconds
[2023-01-20T23:46:01.828+0000] {processor.py:156} INFO - Started process (PID=779) to work on /home/airflow/.local/lib/python3.7/site-packages/airflow/example_dags/tutorial.py
[2023-01-20T23:46:01.830+0000] {processor.py:758} INFO - Processing file /home/airflow/.local/lib/python3.7/site-packages/airflow/example_dags/tutorial.py for tasks to queue
[2023-01-20T23:46:01.831+0000] {logging_mixin.py:117} INFO - [2023-01-20T23:46:01.831+0000] {dagbag.py:525} INFO - Filling up the DagBag from /home/airflow/.local/lib/python3.7/site-packages/airflow/example_dags/tutorial.py
[2023-01-20T23:46:01.845+0000] {processor.py:768} INFO - DAG(s) dict_keys(['tutorial']) retrieved from /home/airflow/.local/lib/python3.7/site-packages/airflow/example_dags/tutorial.py
[2023-01-20T23:46:01.909+0000] {logging_mixin.py:117} INFO - [2023-01-20T23:46:01.909+0000] {dag.py:2573} INFO - Sync 1 DAGs
[2023-01-20T23:46:01.930+0000] {logging_mixin.py:117} INFO - [2023-01-20T23:46:01.930+0000] {dag.py:3328} INFO - Setting next_dagrun for tutorial to 2023-01-19T23:46:01.929946+00:00, run_after=2023-01-20T23:46:01.929946+00:00
[2023-01-20T23:46:01.944+0000] {processor.py:178} INFO - Processing /home/airflow/.local/lib/python3.7/site-packages/airflow/example_dags/tutorial.py took 0.119 seconds
[2023-01-20T23:46:32.205+0000] {processor.py:156} INFO - Started process (PID=833) to work on /home/airflow/.local/lib/python3.7/site-packages/airflow/example_dags/tutorial.py
[2023-01-20T23:46:32.207+0000] {processor.py:758} INFO - Processing file /home/airflow/.local/lib/python3.7/site-packages/airflow/example_dags/tutorial.py for tasks to queue
[2023-01-20T23:46:32.209+0000] {logging_mixin.py:117} INFO - [2023-01-20T23:46:32.208+0000] {dagbag.py:525} INFO - Filling up the DagBag from /home/airflow/.local/lib/python3.7/site-packages/airflow/example_dags/tutorial.py
[2023-01-20T23:46:32.227+0000] {processor.py:768} INFO - DAG(s) dict_keys(['tutorial']) retrieved from /home/airflow/.local/lib/python3.7/site-packages/airflow/example_dags/tutorial.py
[2023-01-20T23:46:32.260+0000] {logging_mixin.py:117} INFO - [2023-01-20T23:46:32.259+0000] {dag.py:2573} INFO - Sync 1 DAGs
[2023-01-20T23:46:32.274+0000] {logging_mixin.py:117} INFO - [2023-01-20T23:46:32.274+0000] {dag.py:3328} INFO - Setting next_dagrun for tutorial to 2023-01-19T23:46:32.274030+00:00, run_after=2023-01-20T23:46:32.274030+00:00
[2023-01-20T23:46:32.284+0000] {processor.py:178} INFO - Processing /home/airflow/.local/lib/python3.7/site-packages/airflow/example_dags/tutorial.py took 0.085 seconds
[2023-01-20T23:47:02.712+0000] {processor.py:156} INFO - Started process (PID=896) to work on /home/airflow/.local/lib/python3.7/site-packages/airflow/example_dags/tutorial.py
[2023-01-20T23:47:02.718+0000] {processor.py:758} INFO - Processing file /home/airflow/.local/lib/python3.7/site-packages/airflow/example_dags/tutorial.py for tasks to queue
[2023-01-20T23:47:02.719+0000] {logging_mixin.py:117} INFO - [2023-01-20T23:47:02.719+0000] {dagbag.py:525} INFO - Filling up the DagBag from /home/airflow/.local/lib/python3.7/site-packages/airflow/example_dags/tutorial.py
[2023-01-20T23:47:02.737+0000] {processor.py:768} INFO - DAG(s) dict_keys(['tutorial']) retrieved from /home/airflow/.local/lib/python3.7/site-packages/airflow/example_dags/tutorial.py
[2023-01-20T23:47:02.770+0000] {logging_mixin.py:117} INFO - [2023-01-20T23:47:02.770+0000] {dag.py:2573} INFO - Sync 1 DAGs
[2023-01-20T23:47:02.785+0000] {logging_mixin.py:117} INFO - [2023-01-20T23:47:02.785+0000] {dag.py:3328} INFO - Setting next_dagrun for tutorial to 2023-01-19T23:47:02.785185+00:00, run_after=2023-01-20T23:47:02.785185+00:00
[2023-01-20T23:47:02.799+0000] {processor.py:178} INFO - Processing /home/airflow/.local/lib/python3.7/site-packages/airflow/example_dags/tutorial.py took 0.092 seconds
[2023-01-20T23:47:33.284+0000] {processor.py:156} INFO - Started process (PID=959) to work on /home/airflow/.local/lib/python3.7/site-packages/airflow/example_dags/tutorial.py
[2023-01-20T23:47:33.287+0000] {processor.py:758} INFO - Processing file /home/airflow/.local/lib/python3.7/site-packages/airflow/example_dags/tutorial.py for tasks to queue
[2023-01-20T23:47:33.289+0000] {logging_mixin.py:117} INFO - [2023-01-20T23:47:33.288+0000] {dagbag.py:525} INFO - Filling up the DagBag from /home/airflow/.local/lib/python3.7/site-packages/airflow/example_dags/tutorial.py
[2023-01-20T23:47:33.304+0000] {processor.py:768} INFO - DAG(s) dict_keys(['tutorial']) retrieved from /home/airflow/.local/lib/python3.7/site-packages/airflow/example_dags/tutorial.py
[2023-01-20T23:47:33.337+0000] {logging_mixin.py:117} INFO - [2023-01-20T23:47:33.337+0000] {dag.py:2573} INFO - Sync 1 DAGs
[2023-01-20T23:47:33.353+0000] {logging_mixin.py:117} INFO - [2023-01-20T23:47:33.353+0000] {dag.py:3328} INFO - Setting next_dagrun for tutorial to 2023-01-19T23:47:33.352929+00:00, run_after=2023-01-20T23:47:33.352929+00:00
[2023-01-20T23:47:33.365+0000] {processor.py:178} INFO - Processing /home/airflow/.local/lib/python3.7/site-packages/airflow/example_dags/tutorial.py took 0.086 seconds
[2023-01-20T23:48:03.678+0000] {processor.py:156} INFO - Started process (PID=1021) to work on /home/airflow/.local/lib/python3.7/site-packages/airflow/example_dags/tutorial.py
[2023-01-20T23:48:03.682+0000] {processor.py:758} INFO - Processing file /home/airflow/.local/lib/python3.7/site-packages/airflow/example_dags/tutorial.py for tasks to queue
[2023-01-20T23:48:03.683+0000] {logging_mixin.py:117} INFO - [2023-01-20T23:48:03.683+0000] {dagbag.py:525} INFO - Filling up the DagBag from /home/airflow/.local/lib/python3.7/site-packages/airflow/example_dags/tutorial.py
[2023-01-20T23:48:03.701+0000] {processor.py:768} INFO - DAG(s) dict_keys(['tutorial']) retrieved from /home/airflow/.local/lib/python3.7/site-packages/airflow/example_dags/tutorial.py
[2023-01-20T23:48:03.733+0000] {logging_mixin.py:117} INFO - [2023-01-20T23:48:03.733+0000] {dag.py:2573} INFO - Sync 1 DAGs
[2023-01-20T23:48:03.748+0000] {logging_mixin.py:117} INFO - [2023-01-20T23:48:03.748+0000] {dag.py:3328} INFO - Setting next_dagrun for tutorial to 2023-01-19T23:48:03.748326+00:00, run_after=2023-01-20T23:48:03.748326+00:00
[2023-01-20T23:48:03.759+0000] {processor.py:178} INFO - Processing /home/airflow/.local/lib/python3.7/site-packages/airflow/example_dags/tutorial.py took 0.087 seconds
[2023-01-20T23:48:34.114+0000] {processor.py:156} INFO - Started process (PID=1084) to work on /home/airflow/.local/lib/python3.7/site-packages/airflow/example_dags/tutorial.py
[2023-01-20T23:48:34.116+0000] {processor.py:758} INFO - Processing file /home/airflow/.local/lib/python3.7/site-packages/airflow/example_dags/tutorial.py for tasks to queue
[2023-01-20T23:48:34.118+0000] {logging_mixin.py:117} INFO - [2023-01-20T23:48:34.118+0000] {dagbag.py:525} INFO - Filling up the DagBag from /home/airflow/.local/lib/python3.7/site-packages/airflow/example_dags/tutorial.py
[2023-01-20T23:48:34.135+0000] {processor.py:768} INFO - DAG(s) dict_keys(['tutorial']) retrieved from /home/airflow/.local/lib/python3.7/site-packages/airflow/example_dags/tutorial.py
[2023-01-20T23:48:34.167+0000] {logging_mixin.py:117} INFO - [2023-01-20T23:48:34.167+0000] {dag.py:2573} INFO - Sync 1 DAGs
[2023-01-20T23:48:34.181+0000] {logging_mixin.py:117} INFO - [2023-01-20T23:48:34.181+0000] {dag.py:3328} INFO - Setting next_dagrun for tutorial to 2023-01-19T23:48:34.181685+00:00, run_after=2023-01-20T23:48:34.181685+00:00
[2023-01-20T23:48:34.193+0000] {processor.py:178} INFO - Processing /home/airflow/.local/lib/python3.7/site-packages/airflow/example_dags/tutorial.py took 0.083 seconds
[2023-01-20T23:49:04.481+0000] {processor.py:156} INFO - Started process (PID=1147) to work on /home/airflow/.local/lib/python3.7/site-packages/airflow/example_dags/tutorial.py
[2023-01-20T23:49:04.483+0000] {processor.py:758} INFO - Processing file /home/airflow/.local/lib/python3.7/site-packages/airflow/example_dags/tutorial.py for tasks to queue
[2023-01-20T23:49:04.484+0000] {logging_mixin.py:117} INFO - [2023-01-20T23:49:04.484+0000] {dagbag.py:525} INFO - Filling up the DagBag from /home/airflow/.local/lib/python3.7/site-packages/airflow/example_dags/tutorial.py
[2023-01-20T23:49:04.495+0000] {processor.py:768} INFO - DAG(s) dict_keys(['tutorial']) retrieved from /home/airflow/.local/lib/python3.7/site-packages/airflow/example_dags/tutorial.py
[2023-01-20T23:49:04.523+0000] {logging_mixin.py:117} INFO - [2023-01-20T23:49:04.523+0000] {dag.py:2573} INFO - Sync 1 DAGs
[2023-01-20T23:49:04.537+0000] {logging_mixin.py:117} INFO - [2023-01-20T23:49:04.537+0000] {dag.py:3328} INFO - Setting next_dagrun for tutorial to 2023-01-19T23:49:04.537138+00:00, run_after=2023-01-20T23:49:04.537138+00:00
[2023-01-20T23:49:04.549+0000] {processor.py:178} INFO - Processing /home/airflow/.local/lib/python3.7/site-packages/airflow/example_dags/tutorial.py took 0.072 seconds
[2023-01-20T23:49:34.890+0000] {processor.py:156} INFO - Started process (PID=1201) to work on /home/airflow/.local/lib/python3.7/site-packages/airflow/example_dags/tutorial.py
[2023-01-20T23:49:34.892+0000] {processor.py:758} INFO - Processing file /home/airflow/.local/lib/python3.7/site-packages/airflow/example_dags/tutorial.py for tasks to queue
[2023-01-20T23:49:34.893+0000] {logging_mixin.py:117} INFO - [2023-01-20T23:49:34.893+0000] {dagbag.py:525} INFO - Filling up the DagBag from /home/airflow/.local/lib/python3.7/site-packages/airflow/example_dags/tutorial.py
[2023-01-20T23:49:34.905+0000] {processor.py:768} INFO - DAG(s) dict_keys(['tutorial']) retrieved from /home/airflow/.local/lib/python3.7/site-packages/airflow/example_dags/tutorial.py
[2023-01-20T23:49:34.933+0000] {logging_mixin.py:117} INFO - [2023-01-20T23:49:34.933+0000] {dag.py:2573} INFO - Sync 1 DAGs
[2023-01-20T23:49:34.948+0000] {logging_mixin.py:117} INFO - [2023-01-20T23:49:34.948+0000] {dag.py:3328} INFO - Setting next_dagrun for tutorial to 2023-01-19T23:49:34.948627+00:00, run_after=2023-01-20T23:49:34.948627+00:00
[2023-01-20T23:49:34.961+0000] {processor.py:178} INFO - Processing /home/airflow/.local/lib/python3.7/site-packages/airflow/example_dags/tutorial.py took 0.075 seconds
[2023-01-20T23:50:05.193+0000] {processor.py:156} INFO - Started process (PID=1264) to work on /home/airflow/.local/lib/python3.7/site-packages/airflow/example_dags/tutorial.py
[2023-01-20T23:50:05.196+0000] {processor.py:758} INFO - Processing file /home/airflow/.local/lib/python3.7/site-packages/airflow/example_dags/tutorial.py for tasks to queue
[2023-01-20T23:50:05.197+0000] {logging_mixin.py:117} INFO - [2023-01-20T23:50:05.197+0000] {dagbag.py:525} INFO - Filling up the DagBag from /home/airflow/.local/lib/python3.7/site-packages/airflow/example_dags/tutorial.py
[2023-01-20T23:50:05.214+0000] {processor.py:768} INFO - DAG(s) dict_keys(['tutorial']) retrieved from /home/airflow/.local/lib/python3.7/site-packages/airflow/example_dags/tutorial.py
[2023-01-20T23:50:05.248+0000] {logging_mixin.py:117} INFO - [2023-01-20T23:50:05.248+0000] {dag.py:2573} INFO - Sync 1 DAGs
[2023-01-20T23:50:05.263+0000] {logging_mixin.py:117} INFO - [2023-01-20T23:50:05.263+0000] {dag.py:3328} INFO - Setting next_dagrun for tutorial to 2023-01-19T23:50:05.263151+00:00, run_after=2023-01-20T23:50:05.263151+00:00
[2023-01-20T23:50:05.274+0000] {processor.py:178} INFO - Processing /home/airflow/.local/lib/python3.7/site-packages/airflow/example_dags/tutorial.py took 0.088 seconds
[2023-01-20T23:50:35.516+0000] {processor.py:156} INFO - Started process (PID=1327) to work on /home/airflow/.local/lib/python3.7/site-packages/airflow/example_dags/tutorial.py
[2023-01-20T23:50:35.518+0000] {processor.py:758} INFO - Processing file /home/airflow/.local/lib/python3.7/site-packages/airflow/example_dags/tutorial.py for tasks to queue
[2023-01-20T23:50:35.519+0000] {logging_mixin.py:117} INFO - [2023-01-20T23:50:35.519+0000] {dagbag.py:525} INFO - Filling up the DagBag from /home/airflow/.local/lib/python3.7/site-packages/airflow/example_dags/tutorial.py
[2023-01-20T23:50:35.530+0000] {processor.py:768} INFO - DAG(s) dict_keys(['tutorial']) retrieved from /home/airflow/.local/lib/python3.7/site-packages/airflow/example_dags/tutorial.py
[2023-01-20T23:50:35.567+0000] {logging_mixin.py:117} INFO - [2023-01-20T23:50:35.567+0000] {dag.py:2573} INFO - Sync 1 DAGs
[2023-01-20T23:50:35.586+0000] {logging_mixin.py:117} INFO - [2023-01-20T23:50:35.586+0000] {dag.py:3328} INFO - Setting next_dagrun for tutorial to 2023-01-19T23:50:35.586366+00:00, run_after=2023-01-20T23:50:35.586366+00:00
[2023-01-20T23:50:35.600+0000] {processor.py:178} INFO - Processing /home/airflow/.local/lib/python3.7/site-packages/airflow/example_dags/tutorial.py took 0.088 seconds
[2023-01-20T23:51:05.818+0000] {processor.py:156} INFO - Started process (PID=1390) to work on /home/airflow/.local/lib/python3.7/site-packages/airflow/example_dags/tutorial.py
[2023-01-20T23:51:05.821+0000] {processor.py:758} INFO - Processing file /home/airflow/.local/lib/python3.7/site-packages/airflow/example_dags/tutorial.py for tasks to queue
[2023-01-20T23:51:05.822+0000] {logging_mixin.py:117} INFO - [2023-01-20T23:51:05.822+0000] {dagbag.py:525} INFO - Filling up the DagBag from /home/airflow/.local/lib/python3.7/site-packages/airflow/example_dags/tutorial.py
[2023-01-20T23:51:05.837+0000] {processor.py:768} INFO - DAG(s) dict_keys(['tutorial']) retrieved from /home/airflow/.local/lib/python3.7/site-packages/airflow/example_dags/tutorial.py
[2023-01-20T23:51:05.867+0000] {logging_mixin.py:117} INFO - [2023-01-20T23:51:05.867+0000] {dag.py:2573} INFO - Sync 1 DAGs
[2023-01-20T23:51:05.882+0000] {logging_mixin.py:117} INFO - [2023-01-20T23:51:05.882+0000] {dag.py:3328} INFO - Setting next_dagrun for tutorial to 2023-01-19T23:51:05.882500+00:00, run_after=2023-01-20T23:51:05.882500+00:00
[2023-01-20T23:51:05.895+0000] {processor.py:178} INFO - Processing /home/airflow/.local/lib/python3.7/site-packages/airflow/example_dags/tutorial.py took 0.081 seconds
[2023-01-20T23:51:36.257+0000] {processor.py:156} INFO - Started process (PID=1454) to work on /home/airflow/.local/lib/python3.7/site-packages/airflow/example_dags/tutorial.py
[2023-01-20T23:51:36.260+0000] {processor.py:758} INFO - Processing file /home/airflow/.local/lib/python3.7/site-packages/airflow/example_dags/tutorial.py for tasks to queue
[2023-01-20T23:51:36.262+0000] {logging_mixin.py:117} INFO - [2023-01-20T23:51:36.262+0000] {dagbag.py:525} INFO - Filling up the DagBag from /home/airflow/.local/lib/python3.7/site-packages/airflow/example_dags/tutorial.py
[2023-01-20T23:51:36.280+0000] {processor.py:768} INFO - DAG(s) dict_keys(['tutorial']) retrieved from /home/airflow/.local/lib/python3.7/site-packages/airflow/example_dags/tutorial.py
[2023-01-20T23:51:36.312+0000] {logging_mixin.py:117} INFO - [2023-01-20T23:51:36.312+0000] {dag.py:2573} INFO - Sync 1 DAGs
[2023-01-20T23:51:36.327+0000] {logging_mixin.py:117} INFO - [2023-01-20T23:51:36.327+0000] {dag.py:3328} INFO - Setting next_dagrun for tutorial to 2023-01-19T23:51:36.327521+00:00, run_after=2023-01-20T23:51:36.327521+00:00
[2023-01-20T23:51:36.338+0000] {processor.py:178} INFO - Processing /home/airflow/.local/lib/python3.7/site-packages/airflow/example_dags/tutorial.py took 0.089 seconds
[2023-01-20T23:52:06.814+0000] {processor.py:156} INFO - Started process (PID=1517) to work on /home/airflow/.local/lib/python3.7/site-packages/airflow/example_dags/tutorial.py
[2023-01-20T23:52:06.816+0000] {processor.py:758} INFO - Processing file /home/airflow/.local/lib/python3.7/site-packages/airflow/example_dags/tutorial.py for tasks to queue
[2023-01-20T23:52:06.818+0000] {logging_mixin.py:117} INFO - [2023-01-20T23:52:06.818+0000] {dagbag.py:525} INFO - Filling up the DagBag from /home/airflow/.local/lib/python3.7/site-packages/airflow/example_dags/tutorial.py
[2023-01-20T23:52:06.837+0000] {processor.py:768} INFO - DAG(s) dict_keys(['tutorial']) retrieved from /home/airflow/.local/lib/python3.7/site-packages/airflow/example_dags/tutorial.py
[2023-01-20T23:52:06.940+0000] {logging_mixin.py:117} INFO - [2023-01-20T23:52:06.940+0000] {dag.py:2573} INFO - Sync 1 DAGs
[2023-01-20T23:52:06.966+0000] {logging_mixin.py:117} INFO - [2023-01-20T23:52:06.966+0000] {dag.py:3328} INFO - Setting next_dagrun for tutorial to 2023-01-19T23:52:06.966015+00:00, run_after=2023-01-20T23:52:06.966015+00:00
[2023-01-20T23:52:06.982+0000] {processor.py:178} INFO - Processing /home/airflow/.local/lib/python3.7/site-packages/airflow/example_dags/tutorial.py took 0.172 seconds
[2023-01-20T23:52:37.329+0000] {processor.py:156} INFO - Started process (PID=1571) to work on /home/airflow/.local/lib/python3.7/site-packages/airflow/example_dags/tutorial.py
[2023-01-20T23:52:37.333+0000] {processor.py:758} INFO - Processing file /home/airflow/.local/lib/python3.7/site-packages/airflow/example_dags/tutorial.py for tasks to queue
[2023-01-20T23:52:37.334+0000] {logging_mixin.py:117} INFO - [2023-01-20T23:52:37.334+0000] {dagbag.py:525} INFO - Filling up the DagBag from /home/airflow/.local/lib/python3.7/site-packages/airflow/example_dags/tutorial.py
[2023-01-20T23:52:37.352+0000] {processor.py:768} INFO - DAG(s) dict_keys(['tutorial']) retrieved from /home/airflow/.local/lib/python3.7/site-packages/airflow/example_dags/tutorial.py
[2023-01-20T23:52:37.384+0000] {logging_mixin.py:117} INFO - [2023-01-20T23:52:37.384+0000] {dag.py:2573} INFO - Sync 1 DAGs
[2023-01-20T23:52:37.400+0000] {logging_mixin.py:117} INFO - [2023-01-20T23:52:37.400+0000] {dag.py:3328} INFO - Setting next_dagrun for tutorial to 2023-01-19T23:52:37.399903+00:00, run_after=2023-01-20T23:52:37.399903+00:00
[2023-01-20T23:52:37.411+0000] {processor.py:178} INFO - Processing /home/airflow/.local/lib/python3.7/site-packages/airflow/example_dags/tutorial.py took 0.088 seconds
[2023-01-20T23:53:07.643+0000] {processor.py:156} INFO - Started process (PID=1634) to work on /home/airflow/.local/lib/python3.7/site-packages/airflow/example_dags/tutorial.py
[2023-01-20T23:53:07.646+0000] {processor.py:758} INFO - Processing file /home/airflow/.local/lib/python3.7/site-packages/airflow/example_dags/tutorial.py for tasks to queue
[2023-01-20T23:53:07.647+0000] {logging_mixin.py:117} INFO - [2023-01-20T23:53:07.647+0000] {dagbag.py:525} INFO - Filling up the DagBag from /home/airflow/.local/lib/python3.7/site-packages/airflow/example_dags/tutorial.py
[2023-01-20T23:53:07.663+0000] {processor.py:768} INFO - DAG(s) dict_keys(['tutorial']) retrieved from /home/airflow/.local/lib/python3.7/site-packages/airflow/example_dags/tutorial.py
[2023-01-20T23:53:07.726+0000] {logging_mixin.py:117} INFO - [2023-01-20T23:53:07.725+0000] {dag.py:2573} INFO - Sync 1 DAGs
[2023-01-20T23:53:07.748+0000] {logging_mixin.py:117} INFO - [2023-01-20T23:53:07.748+0000] {dag.py:3328} INFO - Setting next_dagrun for tutorial to 2023-01-19T23:53:07.748220+00:00, run_after=2023-01-20T23:53:07.748220+00:00
[2023-01-20T23:53:07.766+0000] {processor.py:178} INFO - Processing /home/airflow/.local/lib/python3.7/site-packages/airflow/example_dags/tutorial.py took 0.127 seconds
[2023-01-20T23:53:38.366+0000] {processor.py:156} INFO - Started process (PID=1697) to work on /home/airflow/.local/lib/python3.7/site-packages/airflow/example_dags/tutorial.py
[2023-01-20T23:53:38.369+0000] {processor.py:758} INFO - Processing file /home/airflow/.local/lib/python3.7/site-packages/airflow/example_dags/tutorial.py for tasks to queue
[2023-01-20T23:53:38.370+0000] {logging_mixin.py:117} INFO - [2023-01-20T23:53:38.370+0000] {dagbag.py:525} INFO - Filling up the DagBag from /home/airflow/.local/lib/python3.7/site-packages/airflow/example_dags/tutorial.py
[2023-01-20T23:53:38.389+0000] {processor.py:768} INFO - DAG(s) dict_keys(['tutorial']) retrieved from /home/airflow/.local/lib/python3.7/site-packages/airflow/example_dags/tutorial.py
[2023-01-20T23:53:38.424+0000] {logging_mixin.py:117} INFO - [2023-01-20T23:53:38.424+0000] {dag.py:2573} INFO - Sync 1 DAGs
[2023-01-20T23:53:38.440+0000] {logging_mixin.py:117} INFO - [2023-01-20T23:53:38.440+0000] {dag.py:3328} INFO - Setting next_dagrun for tutorial to 2023-01-19T23:53:38.440624+00:00, run_after=2023-01-20T23:53:38.440624+00:00
[2023-01-20T23:53:38.452+0000] {processor.py:178} INFO - Processing /home/airflow/.local/lib/python3.7/site-packages/airflow/example_dags/tutorial.py took 0.091 seconds
[2023-01-20T23:54:08.652+0000] {processor.py:156} INFO - Started process (PID=1761) to work on /home/airflow/.local/lib/python3.7/site-packages/airflow/example_dags/tutorial.py
[2023-01-20T23:54:08.654+0000] {processor.py:758} INFO - Processing file /home/airflow/.local/lib/python3.7/site-packages/airflow/example_dags/tutorial.py for tasks to queue
[2023-01-20T23:54:08.656+0000] {logging_mixin.py:117} INFO - [2023-01-20T23:54:08.656+0000] {dagbag.py:525} INFO - Filling up the DagBag from /home/airflow/.local/lib/python3.7/site-packages/airflow/example_dags/tutorial.py
[2023-01-20T23:54:08.672+0000] {processor.py:768} INFO - DAG(s) dict_keys(['tutorial']) retrieved from /home/airflow/.local/lib/python3.7/site-packages/airflow/example_dags/tutorial.py
[2023-01-20T23:54:08.704+0000] {logging_mixin.py:117} INFO - [2023-01-20T23:54:08.704+0000] {dag.py:2573} INFO - Sync 1 DAGs
[2023-01-20T23:54:08.719+0000] {logging_mixin.py:117} INFO - [2023-01-20T23:54:08.719+0000] {dag.py:3328} INFO - Setting next_dagrun for tutorial to 2023-01-19T23:54:08.718947+00:00, run_after=2023-01-20T23:54:08.718947+00:00
[2023-01-20T23:54:08.730+0000] {processor.py:178} INFO - Processing /home/airflow/.local/lib/python3.7/site-packages/airflow/example_dags/tutorial.py took 0.083 seconds
[2023-01-20T23:54:53.952+0000] {processor.py:156} INFO - Started process (PID=38) to work on /home/airflow/.local/lib/python3.7/site-packages/airflow/example_dags/tutorial.py
[2023-01-20T23:54:53.958+0000] {processor.py:758} INFO - Processing file /home/airflow/.local/lib/python3.7/site-packages/airflow/example_dags/tutorial.py for tasks to queue
[2023-01-20T23:54:53.960+0000] {logging_mixin.py:117} INFO - [2023-01-20T23:54:53.960+0000] {dagbag.py:525} INFO - Filling up the DagBag from /home/airflow/.local/lib/python3.7/site-packages/airflow/example_dags/tutorial.py
[2023-01-20T23:54:54.003+0000] {processor.py:768} INFO - DAG(s) dict_keys(['tutorial']) retrieved from /home/airflow/.local/lib/python3.7/site-packages/airflow/example_dags/tutorial.py
[2023-01-20T23:54:54.333+0000] {logging_mixin.py:117} INFO - [2023-01-20T23:54:54.333+0000] {dag.py:2573} INFO - Sync 1 DAGs
[2023-01-20T23:54:54.353+0000] {logging_mixin.py:117} INFO - [2023-01-20T23:54:54.353+0000] {dag.py:3328} INFO - Setting next_dagrun for tutorial to 2023-01-19T23:54:54.352728+00:00, run_after=2023-01-20T23:54:54.352728+00:00
[2023-01-20T23:54:54.380+0000] {processor.py:178} INFO - Processing /home/airflow/.local/lib/python3.7/site-packages/airflow/example_dags/tutorial.py took 0.442 seconds
[2023-01-20T23:55:24.471+0000] {processor.py:156} INFO - Started process (PID=102) to work on /home/airflow/.local/lib/python3.7/site-packages/airflow/example_dags/tutorial.py
[2023-01-20T23:55:24.472+0000] {processor.py:758} INFO - Processing file /home/airflow/.local/lib/python3.7/site-packages/airflow/example_dags/tutorial.py for tasks to queue
[2023-01-20T23:55:24.473+0000] {logging_mixin.py:117} INFO - [2023-01-20T23:55:24.473+0000] {dagbag.py:525} INFO - Filling up the DagBag from /home/airflow/.local/lib/python3.7/site-packages/airflow/example_dags/tutorial.py
[2023-01-20T23:55:24.483+0000] {processor.py:768} INFO - DAG(s) dict_keys(['tutorial']) retrieved from /home/airflow/.local/lib/python3.7/site-packages/airflow/example_dags/tutorial.py
[2023-01-20T23:55:24.591+0000] {logging_mixin.py:117} INFO - [2023-01-20T23:55:24.591+0000] {dag.py:2573} INFO - Sync 1 DAGs
[2023-01-20T23:55:24.602+0000] {logging_mixin.py:117} INFO - [2023-01-20T23:55:24.602+0000] {dag.py:3328} INFO - Setting next_dagrun for tutorial to 2023-01-19T23:55:24.602739+00:00, run_after=2023-01-20T23:55:24.602739+00:00
[2023-01-20T23:55:24.611+0000] {processor.py:178} INFO - Processing /home/airflow/.local/lib/python3.7/site-packages/airflow/example_dags/tutorial.py took 0.143 seconds
[2023-01-20T23:57:22.564+0000] {processor.py:156} INFO - Started process (PID=39) to work on /home/airflow/.local/lib/python3.7/site-packages/airflow/example_dags/tutorial.py
[2023-01-20T23:57:22.569+0000] {processor.py:758} INFO - Processing file /home/airflow/.local/lib/python3.7/site-packages/airflow/example_dags/tutorial.py for tasks to queue
[2023-01-20T23:57:22.570+0000] {logging_mixin.py:117} INFO - [2023-01-20T23:57:22.570+0000] {dagbag.py:525} INFO - Filling up the DagBag from /home/airflow/.local/lib/python3.7/site-packages/airflow/example_dags/tutorial.py
[2023-01-20T23:57:22.603+0000] {processor.py:768} INFO - DAG(s) dict_keys(['tutorial']) retrieved from /home/airflow/.local/lib/python3.7/site-packages/airflow/example_dags/tutorial.py
[2023-01-20T23:57:22.662+0000] {logging_mixin.py:117} INFO - [2023-01-20T23:57:22.662+0000] {dag.py:2573} INFO - Sync 1 DAGs
[2023-01-20T23:57:23.073+0000] {logging_mixin.py:117} INFO - [2023-01-20T23:57:23.072+0000] {dag.py:3328} INFO - Setting next_dagrun for tutorial to 2023-01-19T23:57:23.072003+00:00, run_after=2023-01-20T23:57:23.072003+00:00
[2023-01-20T23:57:23.119+0000] {processor.py:178} INFO - Processing /home/airflow/.local/lib/python3.7/site-packages/airflow/example_dags/tutorial.py took 0.560 seconds
[2023-01-20T23:57:53.844+0000] {processor.py:156} INFO - Started process (PID=92) to work on /home/airflow/.local/lib/python3.7/site-packages/airflow/example_dags/tutorial.py
[2023-01-20T23:57:53.848+0000] {processor.py:758} INFO - Processing file /home/airflow/.local/lib/python3.7/site-packages/airflow/example_dags/tutorial.py for tasks to queue
[2023-01-20T23:57:53.850+0000] {logging_mixin.py:117} INFO - [2023-01-20T23:57:53.850+0000] {dagbag.py:525} INFO - Filling up the DagBag from /home/airflow/.local/lib/python3.7/site-packages/airflow/example_dags/tutorial.py
[2023-01-20T23:57:53.871+0000] {processor.py:768} INFO - DAG(s) dict_keys(['tutorial']) retrieved from /home/airflow/.local/lib/python3.7/site-packages/airflow/example_dags/tutorial.py
[2023-01-20T23:57:54.024+0000] {logging_mixin.py:117} INFO - [2023-01-20T23:57:54.024+0000] {dag.py:2573} INFO - Sync 1 DAGs
[2023-01-20T23:57:54.038+0000] {logging_mixin.py:117} INFO - [2023-01-20T23:57:54.038+0000] {dag.py:3328} INFO - Setting next_dagrun for tutorial to 2023-01-19T23:57:54.038164+00:00, run_after=2023-01-20T23:57:54.038164+00:00
[2023-01-20T23:57:54.049+0000] {processor.py:178} INFO - Processing /home/airflow/.local/lib/python3.7/site-packages/airflow/example_dags/tutorial.py took 0.211 seconds
[2023-01-20T23:58:24.691+0000] {processor.py:156} INFO - Started process (PID=154) to work on /home/airflow/.local/lib/python3.7/site-packages/airflow/example_dags/tutorial.py
[2023-01-20T23:58:24.693+0000] {processor.py:758} INFO - Processing file /home/airflow/.local/lib/python3.7/site-packages/airflow/example_dags/tutorial.py for tasks to queue
[2023-01-20T23:58:24.694+0000] {logging_mixin.py:117} INFO - [2023-01-20T23:58:24.694+0000] {dagbag.py:525} INFO - Filling up the DagBag from /home/airflow/.local/lib/python3.7/site-packages/airflow/example_dags/tutorial.py
[2023-01-20T23:58:24.898+0000] {processor.py:768} INFO - DAG(s) dict_keys(['tutorial']) retrieved from /home/airflow/.local/lib/python3.7/site-packages/airflow/example_dags/tutorial.py
[2023-01-20T23:58:24.968+0000] {logging_mixin.py:117} INFO - [2023-01-20T23:58:24.966+0000] {dag.py:2573} INFO - Sync 1 DAGs
[2023-01-20T23:58:25.023+0000] {logging_mixin.py:117} INFO - [2023-01-20T23:58:25.022+0000] {dag.py:3328} INFO - Setting next_dagrun for tutorial to 2023-01-19T23:58:25.022651+00:00, run_after=2023-01-20T23:58:25.022651+00:00
[2023-01-20T23:58:25.042+0000] {processor.py:178} INFO - Processing /home/airflow/.local/lib/python3.7/site-packages/airflow/example_dags/tutorial.py took 0.355 seconds
[2023-01-20T23:58:55.808+0000] {processor.py:156} INFO - Started process (PID=217) to work on /home/airflow/.local/lib/python3.7/site-packages/airflow/example_dags/tutorial.py
[2023-01-20T23:58:55.809+0000] {processor.py:758} INFO - Processing file /home/airflow/.local/lib/python3.7/site-packages/airflow/example_dags/tutorial.py for tasks to queue
[2023-01-20T23:58:55.810+0000] {logging_mixin.py:117} INFO - [2023-01-20T23:58:55.810+0000] {dagbag.py:525} INFO - Filling up the DagBag from /home/airflow/.local/lib/python3.7/site-packages/airflow/example_dags/tutorial.py
[2023-01-20T23:58:55.821+0000] {processor.py:768} INFO - DAG(s) dict_keys(['tutorial']) retrieved from /home/airflow/.local/lib/python3.7/site-packages/airflow/example_dags/tutorial.py
[2023-01-20T23:58:55.848+0000] {logging_mixin.py:117} INFO - [2023-01-20T23:58:55.847+0000] {dag.py:2573} INFO - Sync 1 DAGs
[2023-01-20T23:58:55.865+0000] {logging_mixin.py:117} INFO - [2023-01-20T23:58:55.864+0000] {dag.py:3328} INFO - Setting next_dagrun for tutorial to 2023-01-19T23:58:55.864806+00:00, run_after=2023-01-20T23:58:55.864806+00:00
[2023-01-20T23:58:55.878+0000] {processor.py:178} INFO - Processing /home/airflow/.local/lib/python3.7/site-packages/airflow/example_dags/tutorial.py took 0.200 seconds
[2023-01-20T23:59:26.316+0000] {processor.py:156} INFO - Started process (PID=280) to work on /home/airflow/.local/lib/python3.7/site-packages/airflow/example_dags/tutorial.py
[2023-01-20T23:59:26.317+0000] {processor.py:758} INFO - Processing file /home/airflow/.local/lib/python3.7/site-packages/airflow/example_dags/tutorial.py for tasks to queue
[2023-01-20T23:59:26.319+0000] {logging_mixin.py:117} INFO - [2023-01-20T23:59:26.319+0000] {dagbag.py:525} INFO - Filling up the DagBag from /home/airflow/.local/lib/python3.7/site-packages/airflow/example_dags/tutorial.py
[2023-01-20T23:59:26.335+0000] {processor.py:768} INFO - DAG(s) dict_keys(['tutorial']) retrieved from /home/airflow/.local/lib/python3.7/site-packages/airflow/example_dags/tutorial.py
[2023-01-20T23:59:26.372+0000] {logging_mixin.py:117} INFO - [2023-01-20T23:59:26.372+0000] {dag.py:2573} INFO - Sync 1 DAGs
[2023-01-20T23:59:26.391+0000] {logging_mixin.py:117} INFO - [2023-01-20T23:59:26.391+0000] {dag.py:3328} INFO - Setting next_dagrun for tutorial to 2023-01-19T23:59:26.391261+00:00, run_after=2023-01-20T23:59:26.391261+00:00
[2023-01-20T23:59:26.405+0000] {processor.py:178} INFO - Processing /home/airflow/.local/lib/python3.7/site-packages/airflow/example_dags/tutorial.py took 0.092 seconds
[2023-01-20T23:59:56.678+0000] {processor.py:156} INFO - Started process (PID=334) to work on /home/airflow/.local/lib/python3.7/site-packages/airflow/example_dags/tutorial.py
[2023-01-20T23:59:56.679+0000] {processor.py:758} INFO - Processing file /home/airflow/.local/lib/python3.7/site-packages/airflow/example_dags/tutorial.py for tasks to queue
[2023-01-20T23:59:56.680+0000] {logging_mixin.py:117} INFO - [2023-01-20T23:59:56.680+0000] {dagbag.py:525} INFO - Filling up the DagBag from /home/airflow/.local/lib/python3.7/site-packages/airflow/example_dags/tutorial.py
[2023-01-20T23:59:56.690+0000] {processor.py:768} INFO - DAG(s) dict_keys(['tutorial']) retrieved from /home/airflow/.local/lib/python3.7/site-packages/airflow/example_dags/tutorial.py
[2023-01-20T23:59:56.720+0000] {logging_mixin.py:117} INFO - [2023-01-20T23:59:56.720+0000] {dag.py:2573} INFO - Sync 1 DAGs
[2023-01-20T23:59:56.736+0000] {logging_mixin.py:117} INFO - [2023-01-20T23:59:56.736+0000] {dag.py:3328} INFO - Setting next_dagrun for tutorial to 2023-01-19T23:59:56.735838+00:00, run_after=2023-01-20T23:59:56.735838+00:00
[2023-01-20T23:59:56.746+0000] {processor.py:178} INFO - Processing /home/airflow/.local/lib/python3.7/site-packages/airflow/example_dags/tutorial.py took 0.071 seconds
