[2023-01-20T23:40:08.984+0000] {processor.py:156} INFO - Started process (PID=69) to work on /home/airflow/.local/lib/python3.7/site-packages/airflow/example_dags/tutorial_dag.py
[2023-01-20T23:40:08.987+0000] {processor.py:758} INFO - Processing file /home/airflow/.local/lib/python3.7/site-packages/airflow/example_dags/tutorial_dag.py for tasks to queue
[2023-01-20T23:40:08.988+0000] {logging_mixin.py:117} INFO - [2023-01-20T23:40:08.988+0000] {dagbag.py:525} INFO - Filling up the DagBag from /home/airflow/.local/lib/python3.7/site-packages/airflow/example_dags/tutorial_dag.py
[2023-01-20T23:40:09.010+0000] {processor.py:768} INFO - DAG(s) dict_keys(['tutorial_dag']) retrieved from /home/airflow/.local/lib/python3.7/site-packages/airflow/example_dags/tutorial_dag.py
[2023-01-20T23:40:09.204+0000] {logging_mixin.py:117} INFO - [2023-01-20T23:40:09.204+0000] {dag.py:2573} INFO - Sync 1 DAGs
[2023-01-20T23:40:09.222+0000] {logging_mixin.py:117} INFO - [2023-01-20T23:40:09.221+0000] {dag.py:3328} INFO - Setting next_dagrun for tutorial_dag to None, run_after=None
[2023-01-20T23:40:09.233+0000] {processor.py:178} INFO - Processing /home/airflow/.local/lib/python3.7/site-packages/airflow/example_dags/tutorial_dag.py took 0.254 seconds
[2023-01-20T23:40:39.638+0000] {processor.py:156} INFO - Started process (PID=133) to work on /home/airflow/.local/lib/python3.7/site-packages/airflow/example_dags/tutorial_dag.py
[2023-01-20T23:40:39.640+0000] {processor.py:758} INFO - Processing file /home/airflow/.local/lib/python3.7/site-packages/airflow/example_dags/tutorial_dag.py for tasks to queue
[2023-01-20T23:40:39.641+0000] {logging_mixin.py:117} INFO - [2023-01-20T23:40:39.641+0000] {dagbag.py:525} INFO - Filling up the DagBag from /home/airflow/.local/lib/python3.7/site-packages/airflow/example_dags/tutorial_dag.py
[2023-01-20T23:40:39.666+0000] {processor.py:768} INFO - DAG(s) dict_keys(['tutorial_dag']) retrieved from /home/airflow/.local/lib/python3.7/site-packages/airflow/example_dags/tutorial_dag.py
[2023-01-20T23:40:39.934+0000] {logging_mixin.py:117} INFO - [2023-01-20T23:40:39.934+0000] {dag.py:2573} INFO - Sync 1 DAGs
[2023-01-20T23:40:39.952+0000] {logging_mixin.py:117} INFO - [2023-01-20T23:40:39.952+0000] {dag.py:3328} INFO - Setting next_dagrun for tutorial_dag to None, run_after=None
[2023-01-20T23:40:39.965+0000] {processor.py:178} INFO - Processing /home/airflow/.local/lib/python3.7/site-packages/airflow/example_dags/tutorial_dag.py took 0.332 seconds
[2023-01-20T23:41:10.021+0000] {processor.py:156} INFO - Started process (PID=188) to work on /home/airflow/.local/lib/python3.7/site-packages/airflow/example_dags/tutorial_dag.py
[2023-01-20T23:41:10.023+0000] {processor.py:758} INFO - Processing file /home/airflow/.local/lib/python3.7/site-packages/airflow/example_dags/tutorial_dag.py for tasks to queue
[2023-01-20T23:41:10.023+0000] {logging_mixin.py:117} INFO - [2023-01-20T23:41:10.023+0000] {dagbag.py:525} INFO - Filling up the DagBag from /home/airflow/.local/lib/python3.7/site-packages/airflow/example_dags/tutorial_dag.py
[2023-01-20T23:41:10.141+0000] {processor.py:768} INFO - DAG(s) dict_keys(['tutorial_dag']) retrieved from /home/airflow/.local/lib/python3.7/site-packages/airflow/example_dags/tutorial_dag.py
[2023-01-20T23:41:10.162+0000] {logging_mixin.py:117} INFO - [2023-01-20T23:41:10.162+0000] {dag.py:2573} INFO - Sync 1 DAGs
[2023-01-20T23:41:10.177+0000] {logging_mixin.py:117} INFO - [2023-01-20T23:41:10.177+0000] {dag.py:3328} INFO - Setting next_dagrun for tutorial_dag to None, run_after=None
[2023-01-20T23:41:10.187+0000] {processor.py:178} INFO - Processing /home/airflow/.local/lib/python3.7/site-packages/airflow/example_dags/tutorial_dag.py took 0.168 seconds
[2023-01-20T23:41:40.503+0000] {processor.py:156} INFO - Started process (PID=251) to work on /home/airflow/.local/lib/python3.7/site-packages/airflow/example_dags/tutorial_dag.py
[2023-01-20T23:41:40.504+0000] {processor.py:758} INFO - Processing file /home/airflow/.local/lib/python3.7/site-packages/airflow/example_dags/tutorial_dag.py for tasks to queue
[2023-01-20T23:41:40.505+0000] {logging_mixin.py:117} INFO - [2023-01-20T23:41:40.505+0000] {dagbag.py:525} INFO - Filling up the DagBag from /home/airflow/.local/lib/python3.7/site-packages/airflow/example_dags/tutorial_dag.py
[2023-01-20T23:41:40.514+0000] {processor.py:768} INFO - DAG(s) dict_keys(['tutorial_dag']) retrieved from /home/airflow/.local/lib/python3.7/site-packages/airflow/example_dags/tutorial_dag.py
[2023-01-20T23:41:40.542+0000] {logging_mixin.py:117} INFO - [2023-01-20T23:41:40.542+0000] {dag.py:2573} INFO - Sync 1 DAGs
[2023-01-20T23:41:40.559+0000] {logging_mixin.py:117} INFO - [2023-01-20T23:41:40.559+0000] {dag.py:3328} INFO - Setting next_dagrun for tutorial_dag to None, run_after=None
[2023-01-20T23:41:40.570+0000] {processor.py:178} INFO - Processing /home/airflow/.local/lib/python3.7/site-packages/airflow/example_dags/tutorial_dag.py took 0.070 seconds
[2023-01-20T23:42:10.985+0000] {processor.py:156} INFO - Started process (PID=314) to work on /home/airflow/.local/lib/python3.7/site-packages/airflow/example_dags/tutorial_dag.py
[2023-01-20T23:42:10.986+0000] {processor.py:758} INFO - Processing file /home/airflow/.local/lib/python3.7/site-packages/airflow/example_dags/tutorial_dag.py for tasks to queue
[2023-01-20T23:42:10.987+0000] {logging_mixin.py:117} INFO - [2023-01-20T23:42:10.987+0000] {dagbag.py:525} INFO - Filling up the DagBag from /home/airflow/.local/lib/python3.7/site-packages/airflow/example_dags/tutorial_dag.py
[2023-01-20T23:42:10.998+0000] {processor.py:768} INFO - DAG(s) dict_keys(['tutorial_dag']) retrieved from /home/airflow/.local/lib/python3.7/site-packages/airflow/example_dags/tutorial_dag.py
[2023-01-20T23:42:11.024+0000] {logging_mixin.py:117} INFO - [2023-01-20T23:42:11.024+0000] {dag.py:2573} INFO - Sync 1 DAGs
[2023-01-20T23:42:11.041+0000] {logging_mixin.py:117} INFO - [2023-01-20T23:42:11.041+0000] {dag.py:3328} INFO - Setting next_dagrun for tutorial_dag to None, run_after=None
[2023-01-20T23:42:11.054+0000] {processor.py:178} INFO - Processing /home/airflow/.local/lib/python3.7/site-packages/airflow/example_dags/tutorial_dag.py took 0.072 seconds
[2023-01-20T23:42:41.750+0000] {processor.py:156} INFO - Started process (PID=377) to work on /home/airflow/.local/lib/python3.7/site-packages/airflow/example_dags/tutorial_dag.py
[2023-01-20T23:42:41.751+0000] {processor.py:758} INFO - Processing file /home/airflow/.local/lib/python3.7/site-packages/airflow/example_dags/tutorial_dag.py for tasks to queue
[2023-01-20T23:42:41.752+0000] {logging_mixin.py:117} INFO - [2023-01-20T23:42:41.752+0000] {dagbag.py:525} INFO - Filling up the DagBag from /home/airflow/.local/lib/python3.7/site-packages/airflow/example_dags/tutorial_dag.py
[2023-01-20T23:42:41.763+0000] {processor.py:768} INFO - DAG(s) dict_keys(['tutorial_dag']) retrieved from /home/airflow/.local/lib/python3.7/site-packages/airflow/example_dags/tutorial_dag.py
[2023-01-20T23:42:41.788+0000] {logging_mixin.py:117} INFO - [2023-01-20T23:42:41.788+0000] {dag.py:2573} INFO - Sync 1 DAGs
[2023-01-20T23:42:41.802+0000] {logging_mixin.py:117} INFO - [2023-01-20T23:42:41.801+0000] {dag.py:3328} INFO - Setting next_dagrun for tutorial_dag to None, run_after=None
[2023-01-20T23:42:41.812+0000] {processor.py:178} INFO - Processing /home/airflow/.local/lib/python3.7/site-packages/airflow/example_dags/tutorial_dag.py took 0.065 seconds
[2023-01-20T23:43:12.575+0000] {processor.py:156} INFO - Started process (PID=441) to work on /home/airflow/.local/lib/python3.7/site-packages/airflow/example_dags/tutorial_dag.py
[2023-01-20T23:43:12.576+0000] {processor.py:758} INFO - Processing file /home/airflow/.local/lib/python3.7/site-packages/airflow/example_dags/tutorial_dag.py for tasks to queue
[2023-01-20T23:43:12.577+0000] {logging_mixin.py:117} INFO - [2023-01-20T23:43:12.577+0000] {dagbag.py:525} INFO - Filling up the DagBag from /home/airflow/.local/lib/python3.7/site-packages/airflow/example_dags/tutorial_dag.py
[2023-01-20T23:43:12.589+0000] {processor.py:768} INFO - DAG(s) dict_keys(['tutorial_dag']) retrieved from /home/airflow/.local/lib/python3.7/site-packages/airflow/example_dags/tutorial_dag.py
[2023-01-20T23:43:12.628+0000] {logging_mixin.py:117} INFO - [2023-01-20T23:43:12.628+0000] {dag.py:2573} INFO - Sync 1 DAGs
[2023-01-20T23:43:12.645+0000] {logging_mixin.py:117} INFO - [2023-01-20T23:43:12.645+0000] {dag.py:3328} INFO - Setting next_dagrun for tutorial_dag to None, run_after=None
[2023-01-20T23:43:12.668+0000] {processor.py:178} INFO - Processing /home/airflow/.local/lib/python3.7/site-packages/airflow/example_dags/tutorial_dag.py took 0.096 seconds
[2023-01-20T23:43:43.410+0000] {processor.py:156} INFO - Started process (PID=504) to work on /home/airflow/.local/lib/python3.7/site-packages/airflow/example_dags/tutorial_dag.py
[2023-01-20T23:43:43.411+0000] {processor.py:758} INFO - Processing file /home/airflow/.local/lib/python3.7/site-packages/airflow/example_dags/tutorial_dag.py for tasks to queue
[2023-01-20T23:43:43.412+0000] {logging_mixin.py:117} INFO - [2023-01-20T23:43:43.412+0000] {dagbag.py:525} INFO - Filling up the DagBag from /home/airflow/.local/lib/python3.7/site-packages/airflow/example_dags/tutorial_dag.py
[2023-01-20T23:43:43.423+0000] {processor.py:768} INFO - DAG(s) dict_keys(['tutorial_dag']) retrieved from /home/airflow/.local/lib/python3.7/site-packages/airflow/example_dags/tutorial_dag.py
[2023-01-20T23:43:43.449+0000] {logging_mixin.py:117} INFO - [2023-01-20T23:43:43.449+0000] {dag.py:2573} INFO - Sync 1 DAGs
[2023-01-20T23:43:43.462+0000] {logging_mixin.py:117} INFO - [2023-01-20T23:43:43.462+0000] {dag.py:3328} INFO - Setting next_dagrun for tutorial_dag to None, run_after=None
[2023-01-20T23:43:43.472+0000] {processor.py:178} INFO - Processing /home/airflow/.local/lib/python3.7/site-packages/airflow/example_dags/tutorial_dag.py took 0.064 seconds
[2023-01-20T23:44:13.863+0000] {processor.py:156} INFO - Started process (PID=558) to work on /home/airflow/.local/lib/python3.7/site-packages/airflow/example_dags/tutorial_dag.py
[2023-01-20T23:44:13.864+0000] {processor.py:758} INFO - Processing file /home/airflow/.local/lib/python3.7/site-packages/airflow/example_dags/tutorial_dag.py for tasks to queue
[2023-01-20T23:44:13.865+0000] {logging_mixin.py:117} INFO - [2023-01-20T23:44:13.865+0000] {dagbag.py:525} INFO - Filling up the DagBag from /home/airflow/.local/lib/python3.7/site-packages/airflow/example_dags/tutorial_dag.py
[2023-01-20T23:44:13.876+0000] {processor.py:768} INFO - DAG(s) dict_keys(['tutorial_dag']) retrieved from /home/airflow/.local/lib/python3.7/site-packages/airflow/example_dags/tutorial_dag.py
[2023-01-20T23:44:13.901+0000] {logging_mixin.py:117} INFO - [2023-01-20T23:44:13.901+0000] {dag.py:2573} INFO - Sync 1 DAGs
[2023-01-20T23:44:13.914+0000] {logging_mixin.py:117} INFO - [2023-01-20T23:44:13.914+0000] {dag.py:3328} INFO - Setting next_dagrun for tutorial_dag to None, run_after=None
[2023-01-20T23:44:13.924+0000] {processor.py:178} INFO - Processing /home/airflow/.local/lib/python3.7/site-packages/airflow/example_dags/tutorial_dag.py took 0.064 seconds
[2023-01-20T23:44:44.208+0000] {processor.py:156} INFO - Started process (PID=621) to work on /home/airflow/.local/lib/python3.7/site-packages/airflow/example_dags/tutorial_dag.py
[2023-01-20T23:44:44.209+0000] {processor.py:758} INFO - Processing file /home/airflow/.local/lib/python3.7/site-packages/airflow/example_dags/tutorial_dag.py for tasks to queue
[2023-01-20T23:44:44.210+0000] {logging_mixin.py:117} INFO - [2023-01-20T23:44:44.210+0000] {dagbag.py:525} INFO - Filling up the DagBag from /home/airflow/.local/lib/python3.7/site-packages/airflow/example_dags/tutorial_dag.py
[2023-01-20T23:44:44.220+0000] {processor.py:768} INFO - DAG(s) dict_keys(['tutorial_dag']) retrieved from /home/airflow/.local/lib/python3.7/site-packages/airflow/example_dags/tutorial_dag.py
[2023-01-20T23:44:44.246+0000] {logging_mixin.py:117} INFO - [2023-01-20T23:44:44.246+0000] {dag.py:2573} INFO - Sync 1 DAGs
[2023-01-20T23:44:44.260+0000] {logging_mixin.py:117} INFO - [2023-01-20T23:44:44.260+0000] {dag.py:3328} INFO - Setting next_dagrun for tutorial_dag to None, run_after=None
[2023-01-20T23:44:44.270+0000] {processor.py:178} INFO - Processing /home/airflow/.local/lib/python3.7/site-packages/airflow/example_dags/tutorial_dag.py took 0.065 seconds
[2023-01-20T23:45:14.601+0000] {processor.py:156} INFO - Started process (PID=684) to work on /home/airflow/.local/lib/python3.7/site-packages/airflow/example_dags/tutorial_dag.py
[2023-01-20T23:45:14.602+0000] {processor.py:758} INFO - Processing file /home/airflow/.local/lib/python3.7/site-packages/airflow/example_dags/tutorial_dag.py for tasks to queue
[2023-01-20T23:45:14.603+0000] {logging_mixin.py:117} INFO - [2023-01-20T23:45:14.603+0000] {dagbag.py:525} INFO - Filling up the DagBag from /home/airflow/.local/lib/python3.7/site-packages/airflow/example_dags/tutorial_dag.py
[2023-01-20T23:45:14.616+0000] {processor.py:768} INFO - DAG(s) dict_keys(['tutorial_dag']) retrieved from /home/airflow/.local/lib/python3.7/site-packages/airflow/example_dags/tutorial_dag.py
[2023-01-20T23:45:14.645+0000] {logging_mixin.py:117} INFO - [2023-01-20T23:45:14.645+0000] {dag.py:2573} INFO - Sync 1 DAGs
[2023-01-20T23:45:14.661+0000] {logging_mixin.py:117} INFO - [2023-01-20T23:45:14.661+0000] {dag.py:3328} INFO - Setting next_dagrun for tutorial_dag to None, run_after=None
[2023-01-20T23:45:14.671+0000] {processor.py:178} INFO - Processing /home/airflow/.local/lib/python3.7/site-packages/airflow/example_dags/tutorial_dag.py took 0.073 seconds
[2023-01-20T23:45:44.888+0000] {processor.py:156} INFO - Started process (PID=747) to work on /home/airflow/.local/lib/python3.7/site-packages/airflow/example_dags/tutorial_dag.py
[2023-01-20T23:45:44.890+0000] {processor.py:758} INFO - Processing file /home/airflow/.local/lib/python3.7/site-packages/airflow/example_dags/tutorial_dag.py for tasks to queue
[2023-01-20T23:45:44.891+0000] {logging_mixin.py:117} INFO - [2023-01-20T23:45:44.891+0000] {dagbag.py:525} INFO - Filling up the DagBag from /home/airflow/.local/lib/python3.7/site-packages/airflow/example_dags/tutorial_dag.py
[2023-01-20T23:45:44.902+0000] {processor.py:768} INFO - DAG(s) dict_keys(['tutorial_dag']) retrieved from /home/airflow/.local/lib/python3.7/site-packages/airflow/example_dags/tutorial_dag.py
[2023-01-20T23:45:44.928+0000] {logging_mixin.py:117} INFO - [2023-01-20T23:45:44.928+0000] {dag.py:2573} INFO - Sync 1 DAGs
[2023-01-20T23:45:44.943+0000] {logging_mixin.py:117} INFO - [2023-01-20T23:45:44.943+0000] {dag.py:3328} INFO - Setting next_dagrun for tutorial_dag to None, run_after=None
[2023-01-20T23:45:44.954+0000] {processor.py:178} INFO - Processing /home/airflow/.local/lib/python3.7/site-packages/airflow/example_dags/tutorial_dag.py took 0.068 seconds
[2023-01-20T23:46:15.248+0000] {processor.py:156} INFO - Started process (PID=810) to work on /home/airflow/.local/lib/python3.7/site-packages/airflow/example_dags/tutorial_dag.py
[2023-01-20T23:46:15.249+0000] {processor.py:758} INFO - Processing file /home/airflow/.local/lib/python3.7/site-packages/airflow/example_dags/tutorial_dag.py for tasks to queue
[2023-01-20T23:46:15.250+0000] {logging_mixin.py:117} INFO - [2023-01-20T23:46:15.250+0000] {dagbag.py:525} INFO - Filling up the DagBag from /home/airflow/.local/lib/python3.7/site-packages/airflow/example_dags/tutorial_dag.py
[2023-01-20T23:46:15.260+0000] {processor.py:768} INFO - DAG(s) dict_keys(['tutorial_dag']) retrieved from /home/airflow/.local/lib/python3.7/site-packages/airflow/example_dags/tutorial_dag.py
[2023-01-20T23:46:15.287+0000] {logging_mixin.py:117} INFO - [2023-01-20T23:46:15.287+0000] {dag.py:2573} INFO - Sync 1 DAGs
[2023-01-20T23:46:15.300+0000] {logging_mixin.py:117} INFO - [2023-01-20T23:46:15.300+0000] {dag.py:3328} INFO - Setting next_dagrun for tutorial_dag to None, run_after=None
[2023-01-20T23:46:15.310+0000] {processor.py:178} INFO - Processing /home/airflow/.local/lib/python3.7/site-packages/airflow/example_dags/tutorial_dag.py took 0.065 seconds
[2023-01-20T23:46:45.735+0000] {processor.py:156} INFO - Started process (PID=873) to work on /home/airflow/.local/lib/python3.7/site-packages/airflow/example_dags/tutorial_dag.py
[2023-01-20T23:46:45.737+0000] {processor.py:758} INFO - Processing file /home/airflow/.local/lib/python3.7/site-packages/airflow/example_dags/tutorial_dag.py for tasks to queue
[2023-01-20T23:46:45.738+0000] {logging_mixin.py:117} INFO - [2023-01-20T23:46:45.738+0000] {dagbag.py:525} INFO - Filling up the DagBag from /home/airflow/.local/lib/python3.7/site-packages/airflow/example_dags/tutorial_dag.py
[2023-01-20T23:46:45.751+0000] {processor.py:768} INFO - DAG(s) dict_keys(['tutorial_dag']) retrieved from /home/airflow/.local/lib/python3.7/site-packages/airflow/example_dags/tutorial_dag.py
[2023-01-20T23:46:45.778+0000] {logging_mixin.py:117} INFO - [2023-01-20T23:46:45.778+0000] {dag.py:2573} INFO - Sync 1 DAGs
[2023-01-20T23:46:45.792+0000] {logging_mixin.py:117} INFO - [2023-01-20T23:46:45.792+0000] {dag.py:3328} INFO - Setting next_dagrun for tutorial_dag to None, run_after=None
[2023-01-20T23:46:45.802+0000] {processor.py:178} INFO - Processing /home/airflow/.local/lib/python3.7/site-packages/airflow/example_dags/tutorial_dag.py took 0.070 seconds
[2023-01-20T23:47:16.262+0000] {processor.py:156} INFO - Started process (PID=927) to work on /home/airflow/.local/lib/python3.7/site-packages/airflow/example_dags/tutorial_dag.py
[2023-01-20T23:47:16.263+0000] {processor.py:758} INFO - Processing file /home/airflow/.local/lib/python3.7/site-packages/airflow/example_dags/tutorial_dag.py for tasks to queue
[2023-01-20T23:47:16.264+0000] {logging_mixin.py:117} INFO - [2023-01-20T23:47:16.264+0000] {dagbag.py:525} INFO - Filling up the DagBag from /home/airflow/.local/lib/python3.7/site-packages/airflow/example_dags/tutorial_dag.py
[2023-01-20T23:47:16.275+0000] {processor.py:768} INFO - DAG(s) dict_keys(['tutorial_dag']) retrieved from /home/airflow/.local/lib/python3.7/site-packages/airflow/example_dags/tutorial_dag.py
[2023-01-20T23:47:16.300+0000] {logging_mixin.py:117} INFO - [2023-01-20T23:47:16.300+0000] {dag.py:2573} INFO - Sync 1 DAGs
[2023-01-20T23:47:16.314+0000] {logging_mixin.py:117} INFO - [2023-01-20T23:47:16.314+0000] {dag.py:3328} INFO - Setting next_dagrun for tutorial_dag to None, run_after=None
[2023-01-20T23:47:16.324+0000] {processor.py:178} INFO - Processing /home/airflow/.local/lib/python3.7/site-packages/airflow/example_dags/tutorial_dag.py took 0.065 seconds
[2023-01-20T23:47:46.780+0000] {processor.py:156} INFO - Started process (PID=990) to work on /home/airflow/.local/lib/python3.7/site-packages/airflow/example_dags/tutorial_dag.py
[2023-01-20T23:47:46.781+0000] {processor.py:758} INFO - Processing file /home/airflow/.local/lib/python3.7/site-packages/airflow/example_dags/tutorial_dag.py for tasks to queue
[2023-01-20T23:47:46.782+0000] {logging_mixin.py:117} INFO - [2023-01-20T23:47:46.781+0000] {dagbag.py:525} INFO - Filling up the DagBag from /home/airflow/.local/lib/python3.7/site-packages/airflow/example_dags/tutorial_dag.py
[2023-01-20T23:47:46.791+0000] {processor.py:768} INFO - DAG(s) dict_keys(['tutorial_dag']) retrieved from /home/airflow/.local/lib/python3.7/site-packages/airflow/example_dags/tutorial_dag.py
[2023-01-20T23:47:46.816+0000] {logging_mixin.py:117} INFO - [2023-01-20T23:47:46.816+0000] {dag.py:2573} INFO - Sync 1 DAGs
[2023-01-20T23:47:46.830+0000] {logging_mixin.py:117} INFO - [2023-01-20T23:47:46.830+0000] {dag.py:3328} INFO - Setting next_dagrun for tutorial_dag to None, run_after=None
[2023-01-20T23:47:46.840+0000] {processor.py:178} INFO - Processing /home/airflow/.local/lib/python3.7/site-packages/airflow/example_dags/tutorial_dag.py took 0.063 seconds
[2023-01-20T23:48:17.187+0000] {processor.py:156} INFO - Started process (PID=1052) to work on /home/airflow/.local/lib/python3.7/site-packages/airflow/example_dags/tutorial_dag.py
[2023-01-20T23:48:17.188+0000] {processor.py:758} INFO - Processing file /home/airflow/.local/lib/python3.7/site-packages/airflow/example_dags/tutorial_dag.py for tasks to queue
[2023-01-20T23:48:17.189+0000] {logging_mixin.py:117} INFO - [2023-01-20T23:48:17.189+0000] {dagbag.py:525} INFO - Filling up the DagBag from /home/airflow/.local/lib/python3.7/site-packages/airflow/example_dags/tutorial_dag.py
[2023-01-20T23:48:17.200+0000] {processor.py:768} INFO - DAG(s) dict_keys(['tutorial_dag']) retrieved from /home/airflow/.local/lib/python3.7/site-packages/airflow/example_dags/tutorial_dag.py
[2023-01-20T23:48:17.227+0000] {logging_mixin.py:117} INFO - [2023-01-20T23:48:17.226+0000] {dag.py:2573} INFO - Sync 1 DAGs
[2023-01-20T23:48:17.240+0000] {logging_mixin.py:117} INFO - [2023-01-20T23:48:17.240+0000] {dag.py:3328} INFO - Setting next_dagrun for tutorial_dag to None, run_after=None
[2023-01-20T23:48:17.250+0000] {processor.py:178} INFO - Processing /home/airflow/.local/lib/python3.7/site-packages/airflow/example_dags/tutorial_dag.py took 0.065 seconds
[2023-01-20T23:48:47.582+0000] {processor.py:156} INFO - Started process (PID=1115) to work on /home/airflow/.local/lib/python3.7/site-packages/airflow/example_dags/tutorial_dag.py
[2023-01-20T23:48:47.584+0000] {processor.py:758} INFO - Processing file /home/airflow/.local/lib/python3.7/site-packages/airflow/example_dags/tutorial_dag.py for tasks to queue
[2023-01-20T23:48:47.585+0000] {logging_mixin.py:117} INFO - [2023-01-20T23:48:47.585+0000] {dagbag.py:525} INFO - Filling up the DagBag from /home/airflow/.local/lib/python3.7/site-packages/airflow/example_dags/tutorial_dag.py
[2023-01-20T23:48:47.600+0000] {processor.py:768} INFO - DAG(s) dict_keys(['tutorial_dag']) retrieved from /home/airflow/.local/lib/python3.7/site-packages/airflow/example_dags/tutorial_dag.py
[2023-01-20T23:48:47.635+0000] {logging_mixin.py:117} INFO - [2023-01-20T23:48:47.635+0000] {dag.py:2573} INFO - Sync 1 DAGs
[2023-01-20T23:48:47.652+0000] {logging_mixin.py:117} INFO - [2023-01-20T23:48:47.651+0000] {dag.py:3328} INFO - Setting next_dagrun for tutorial_dag to None, run_after=None
[2023-01-20T23:48:47.664+0000] {processor.py:178} INFO - Processing /home/airflow/.local/lib/python3.7/site-packages/airflow/example_dags/tutorial_dag.py took 0.085 seconds
[2023-01-20T23:49:17.917+0000] {processor.py:156} INFO - Started process (PID=1178) to work on /home/airflow/.local/lib/python3.7/site-packages/airflow/example_dags/tutorial_dag.py
[2023-01-20T23:49:17.918+0000] {processor.py:758} INFO - Processing file /home/airflow/.local/lib/python3.7/site-packages/airflow/example_dags/tutorial_dag.py for tasks to queue
[2023-01-20T23:49:17.918+0000] {logging_mixin.py:117} INFO - [2023-01-20T23:49:17.918+0000] {dagbag.py:525} INFO - Filling up the DagBag from /home/airflow/.local/lib/python3.7/site-packages/airflow/example_dags/tutorial_dag.py
[2023-01-20T23:49:17.929+0000] {processor.py:768} INFO - DAG(s) dict_keys(['tutorial_dag']) retrieved from /home/airflow/.local/lib/python3.7/site-packages/airflow/example_dags/tutorial_dag.py
[2023-01-20T23:49:17.954+0000] {logging_mixin.py:117} INFO - [2023-01-20T23:49:17.954+0000] {dag.py:2573} INFO - Sync 1 DAGs
[2023-01-20T23:49:17.968+0000] {logging_mixin.py:117} INFO - [2023-01-20T23:49:17.968+0000] {dag.py:3328} INFO - Setting next_dagrun for tutorial_dag to None, run_after=None
[2023-01-20T23:49:17.978+0000] {processor.py:178} INFO - Processing /home/airflow/.local/lib/python3.7/site-packages/airflow/example_dags/tutorial_dag.py took 0.064 seconds
[2023-01-20T23:49:48.277+0000] {processor.py:156} INFO - Started process (PID=1241) to work on /home/airflow/.local/lib/python3.7/site-packages/airflow/example_dags/tutorial_dag.py
[2023-01-20T23:49:48.279+0000] {processor.py:758} INFO - Processing file /home/airflow/.local/lib/python3.7/site-packages/airflow/example_dags/tutorial_dag.py for tasks to queue
[2023-01-20T23:49:48.280+0000] {logging_mixin.py:117} INFO - [2023-01-20T23:49:48.280+0000] {dagbag.py:525} INFO - Filling up the DagBag from /home/airflow/.local/lib/python3.7/site-packages/airflow/example_dags/tutorial_dag.py
[2023-01-20T23:49:48.291+0000] {processor.py:768} INFO - DAG(s) dict_keys(['tutorial_dag']) retrieved from /home/airflow/.local/lib/python3.7/site-packages/airflow/example_dags/tutorial_dag.py
[2023-01-20T23:49:48.318+0000] {logging_mixin.py:117} INFO - [2023-01-20T23:49:48.317+0000] {dag.py:2573} INFO - Sync 1 DAGs
[2023-01-20T23:49:48.332+0000] {logging_mixin.py:117} INFO - [2023-01-20T23:49:48.332+0000] {dag.py:3328} INFO - Setting next_dagrun for tutorial_dag to None, run_after=None
[2023-01-20T23:49:48.342+0000] {processor.py:178} INFO - Processing /home/airflow/.local/lib/python3.7/site-packages/airflow/example_dags/tutorial_dag.py took 0.068 seconds
[2023-01-20T23:50:18.624+0000] {processor.py:156} INFO - Started process (PID=1295) to work on /home/airflow/.local/lib/python3.7/site-packages/airflow/example_dags/tutorial_dag.py
[2023-01-20T23:50:18.625+0000] {processor.py:758} INFO - Processing file /home/airflow/.local/lib/python3.7/site-packages/airflow/example_dags/tutorial_dag.py for tasks to queue
[2023-01-20T23:50:18.626+0000] {logging_mixin.py:117} INFO - [2023-01-20T23:50:18.626+0000] {dagbag.py:525} INFO - Filling up the DagBag from /home/airflow/.local/lib/python3.7/site-packages/airflow/example_dags/tutorial_dag.py
[2023-01-20T23:50:18.637+0000] {processor.py:768} INFO - DAG(s) dict_keys(['tutorial_dag']) retrieved from /home/airflow/.local/lib/python3.7/site-packages/airflow/example_dags/tutorial_dag.py
[2023-01-20T23:50:18.663+0000] {logging_mixin.py:117} INFO - [2023-01-20T23:50:18.663+0000] {dag.py:2573} INFO - Sync 1 DAGs
[2023-01-20T23:50:18.676+0000] {logging_mixin.py:117} INFO - [2023-01-20T23:50:18.676+0000] {dag.py:3328} INFO - Setting next_dagrun for tutorial_dag to None, run_after=None
[2023-01-20T23:50:18.686+0000] {processor.py:178} INFO - Processing /home/airflow/.local/lib/python3.7/site-packages/airflow/example_dags/tutorial_dag.py took 0.064 seconds
[2023-01-20T23:50:48.920+0000] {processor.py:156} INFO - Started process (PID=1358) to work on /home/airflow/.local/lib/python3.7/site-packages/airflow/example_dags/tutorial_dag.py
[2023-01-20T23:50:48.922+0000] {processor.py:758} INFO - Processing file /home/airflow/.local/lib/python3.7/site-packages/airflow/example_dags/tutorial_dag.py for tasks to queue
[2023-01-20T23:50:48.923+0000] {logging_mixin.py:117} INFO - [2023-01-20T23:50:48.923+0000] {dagbag.py:525} INFO - Filling up the DagBag from /home/airflow/.local/lib/python3.7/site-packages/airflow/example_dags/tutorial_dag.py
[2023-01-20T23:50:48.935+0000] {processor.py:768} INFO - DAG(s) dict_keys(['tutorial_dag']) retrieved from /home/airflow/.local/lib/python3.7/site-packages/airflow/example_dags/tutorial_dag.py
[2023-01-20T23:50:48.961+0000] {logging_mixin.py:117} INFO - [2023-01-20T23:50:48.961+0000] {dag.py:2573} INFO - Sync 1 DAGs
[2023-01-20T23:50:48.974+0000] {logging_mixin.py:117} INFO - [2023-01-20T23:50:48.974+0000] {dag.py:3328} INFO - Setting next_dagrun for tutorial_dag to None, run_after=None
[2023-01-20T23:50:48.984+0000] {processor.py:178} INFO - Processing /home/airflow/.local/lib/python3.7/site-packages/airflow/example_dags/tutorial_dag.py took 0.066 seconds
[2023-01-20T23:51:19.360+0000] {processor.py:156} INFO - Started process (PID=1421) to work on /home/airflow/.local/lib/python3.7/site-packages/airflow/example_dags/tutorial_dag.py
[2023-01-20T23:51:19.361+0000] {processor.py:758} INFO - Processing file /home/airflow/.local/lib/python3.7/site-packages/airflow/example_dags/tutorial_dag.py for tasks to queue
[2023-01-20T23:51:19.362+0000] {logging_mixin.py:117} INFO - [2023-01-20T23:51:19.362+0000] {dagbag.py:525} INFO - Filling up the DagBag from /home/airflow/.local/lib/python3.7/site-packages/airflow/example_dags/tutorial_dag.py
[2023-01-20T23:51:19.378+0000] {processor.py:768} INFO - DAG(s) dict_keys(['tutorial_dag']) retrieved from /home/airflow/.local/lib/python3.7/site-packages/airflow/example_dags/tutorial_dag.py
[2023-01-20T23:51:19.405+0000] {logging_mixin.py:117} INFO - [2023-01-20T23:51:19.405+0000] {dag.py:2573} INFO - Sync 1 DAGs
[2023-01-20T23:51:19.419+0000] {logging_mixin.py:117} INFO - [2023-01-20T23:51:19.419+0000] {dag.py:3328} INFO - Setting next_dagrun for tutorial_dag to None, run_after=None
[2023-01-20T23:51:19.428+0000] {processor.py:178} INFO - Processing /home/airflow/.local/lib/python3.7/site-packages/airflow/example_dags/tutorial_dag.py took 0.075 seconds
[2023-01-20T23:51:49.899+0000] {processor.py:156} INFO - Started process (PID=1485) to work on /home/airflow/.local/lib/python3.7/site-packages/airflow/example_dags/tutorial_dag.py
[2023-01-20T23:51:49.901+0000] {processor.py:758} INFO - Processing file /home/airflow/.local/lib/python3.7/site-packages/airflow/example_dags/tutorial_dag.py for tasks to queue
[2023-01-20T23:51:49.902+0000] {logging_mixin.py:117} INFO - [2023-01-20T23:51:49.902+0000] {dagbag.py:525} INFO - Filling up the DagBag from /home/airflow/.local/lib/python3.7/site-packages/airflow/example_dags/tutorial_dag.py
[2023-01-20T23:51:49.916+0000] {processor.py:768} INFO - DAG(s) dict_keys(['tutorial_dag']) retrieved from /home/airflow/.local/lib/python3.7/site-packages/airflow/example_dags/tutorial_dag.py
[2023-01-20T23:51:49.946+0000] {logging_mixin.py:117} INFO - [2023-01-20T23:51:49.946+0000] {dag.py:2573} INFO - Sync 1 DAGs
[2023-01-20T23:51:49.961+0000] {logging_mixin.py:117} INFO - [2023-01-20T23:51:49.961+0000] {dag.py:3328} INFO - Setting next_dagrun for tutorial_dag to None, run_after=None
[2023-01-20T23:51:49.973+0000] {processor.py:178} INFO - Processing /home/airflow/.local/lib/python3.7/site-packages/airflow/example_dags/tutorial_dag.py took 0.077 seconds
[2023-01-20T23:52:20.423+0000] {processor.py:156} INFO - Started process (PID=1548) to work on /home/airflow/.local/lib/python3.7/site-packages/airflow/example_dags/tutorial_dag.py
[2023-01-20T23:52:20.424+0000] {processor.py:758} INFO - Processing file /home/airflow/.local/lib/python3.7/site-packages/airflow/example_dags/tutorial_dag.py for tasks to queue
[2023-01-20T23:52:20.425+0000] {logging_mixin.py:117} INFO - [2023-01-20T23:52:20.425+0000] {dagbag.py:525} INFO - Filling up the DagBag from /home/airflow/.local/lib/python3.7/site-packages/airflow/example_dags/tutorial_dag.py
[2023-01-20T23:52:20.436+0000] {processor.py:768} INFO - DAG(s) dict_keys(['tutorial_dag']) retrieved from /home/airflow/.local/lib/python3.7/site-packages/airflow/example_dags/tutorial_dag.py
[2023-01-20T23:52:20.461+0000] {logging_mixin.py:117} INFO - [2023-01-20T23:52:20.461+0000] {dag.py:2573} INFO - Sync 1 DAGs
[2023-01-20T23:52:20.474+0000] {logging_mixin.py:117} INFO - [2023-01-20T23:52:20.474+0000] {dag.py:3328} INFO - Setting next_dagrun for tutorial_dag to None, run_after=None
[2023-01-20T23:52:20.484+0000] {processor.py:178} INFO - Processing /home/airflow/.local/lib/python3.7/site-packages/airflow/example_dags/tutorial_dag.py took 0.064 seconds
[2023-01-20T23:52:50.788+0000] {processor.py:156} INFO - Started process (PID=1611) to work on /home/airflow/.local/lib/python3.7/site-packages/airflow/example_dags/tutorial_dag.py
[2023-01-20T23:52:50.790+0000] {processor.py:758} INFO - Processing file /home/airflow/.local/lib/python3.7/site-packages/airflow/example_dags/tutorial_dag.py for tasks to queue
[2023-01-20T23:52:50.795+0000] {logging_mixin.py:117} INFO - [2023-01-20T23:52:50.794+0000] {dagbag.py:525} INFO - Filling up the DagBag from /home/airflow/.local/lib/python3.7/site-packages/airflow/example_dags/tutorial_dag.py
[2023-01-20T23:52:50.806+0000] {processor.py:768} INFO - DAG(s) dict_keys(['tutorial_dag']) retrieved from /home/airflow/.local/lib/python3.7/site-packages/airflow/example_dags/tutorial_dag.py
[2023-01-20T23:52:50.835+0000] {logging_mixin.py:117} INFO - [2023-01-20T23:52:50.835+0000] {dag.py:2573} INFO - Sync 1 DAGs
[2023-01-20T23:52:50.853+0000] {logging_mixin.py:117} INFO - [2023-01-20T23:52:50.852+0000] {dag.py:3328} INFO - Setting next_dagrun for tutorial_dag to None, run_after=None
[2023-01-20T23:52:50.870+0000] {processor.py:178} INFO - Processing /home/airflow/.local/lib/python3.7/site-packages/airflow/example_dags/tutorial_dag.py took 0.086 seconds
[2023-01-20T23:53:21.306+0000] {processor.py:156} INFO - Started process (PID=1665) to work on /home/airflow/.local/lib/python3.7/site-packages/airflow/example_dags/tutorial_dag.py
[2023-01-20T23:53:21.308+0000] {processor.py:758} INFO - Processing file /home/airflow/.local/lib/python3.7/site-packages/airflow/example_dags/tutorial_dag.py for tasks to queue
[2023-01-20T23:53:21.309+0000] {logging_mixin.py:117} INFO - [2023-01-20T23:53:21.309+0000] {dagbag.py:525} INFO - Filling up the DagBag from /home/airflow/.local/lib/python3.7/site-packages/airflow/example_dags/tutorial_dag.py
[2023-01-20T23:53:21.320+0000] {processor.py:768} INFO - DAG(s) dict_keys(['tutorial_dag']) retrieved from /home/airflow/.local/lib/python3.7/site-packages/airflow/example_dags/tutorial_dag.py
[2023-01-20T23:53:21.348+0000] {logging_mixin.py:117} INFO - [2023-01-20T23:53:21.348+0000] {dag.py:2573} INFO - Sync 1 DAGs
[2023-01-20T23:53:21.364+0000] {logging_mixin.py:117} INFO - [2023-01-20T23:53:21.364+0000] {dag.py:3328} INFO - Setting next_dagrun for tutorial_dag to None, run_after=None
[2023-01-20T23:53:21.374+0000] {processor.py:178} INFO - Processing /home/airflow/.local/lib/python3.7/site-packages/airflow/example_dags/tutorial_dag.py took 0.071 seconds
[2023-01-20T23:53:51.770+0000] {processor.py:156} INFO - Started process (PID=1729) to work on /home/airflow/.local/lib/python3.7/site-packages/airflow/example_dags/tutorial_dag.py
[2023-01-20T23:53:51.771+0000] {processor.py:758} INFO - Processing file /home/airflow/.local/lib/python3.7/site-packages/airflow/example_dags/tutorial_dag.py for tasks to queue
[2023-01-20T23:53:51.772+0000] {logging_mixin.py:117} INFO - [2023-01-20T23:53:51.772+0000] {dagbag.py:525} INFO - Filling up the DagBag from /home/airflow/.local/lib/python3.7/site-packages/airflow/example_dags/tutorial_dag.py
[2023-01-20T23:53:51.784+0000] {processor.py:768} INFO - DAG(s) dict_keys(['tutorial_dag']) retrieved from /home/airflow/.local/lib/python3.7/site-packages/airflow/example_dags/tutorial_dag.py
[2023-01-20T23:53:51.810+0000] {logging_mixin.py:117} INFO - [2023-01-20T23:53:51.810+0000] {dag.py:2573} INFO - Sync 1 DAGs
[2023-01-20T23:53:51.824+0000] {logging_mixin.py:117} INFO - [2023-01-20T23:53:51.824+0000] {dag.py:3328} INFO - Setting next_dagrun for tutorial_dag to None, run_after=None
[2023-01-20T23:53:51.834+0000] {processor.py:178} INFO - Processing /home/airflow/.local/lib/python3.7/site-packages/airflow/example_dags/tutorial_dag.py took 0.066 seconds
[2023-01-20T23:54:22.128+0000] {processor.py:156} INFO - Started process (PID=1792) to work on /home/airflow/.local/lib/python3.7/site-packages/airflow/example_dags/tutorial_dag.py
[2023-01-20T23:54:22.130+0000] {processor.py:758} INFO - Processing file /home/airflow/.local/lib/python3.7/site-packages/airflow/example_dags/tutorial_dag.py for tasks to queue
[2023-01-20T23:54:22.130+0000] {logging_mixin.py:117} INFO - [2023-01-20T23:54:22.130+0000] {dagbag.py:525} INFO - Filling up the DagBag from /home/airflow/.local/lib/python3.7/site-packages/airflow/example_dags/tutorial_dag.py
[2023-01-20T23:54:22.142+0000] {processor.py:768} INFO - DAG(s) dict_keys(['tutorial_dag']) retrieved from /home/airflow/.local/lib/python3.7/site-packages/airflow/example_dags/tutorial_dag.py
[2023-01-20T23:54:22.167+0000] {logging_mixin.py:117} INFO - [2023-01-20T23:54:22.167+0000] {dag.py:2573} INFO - Sync 1 DAGs
[2023-01-20T23:54:22.181+0000] {logging_mixin.py:117} INFO - [2023-01-20T23:54:22.180+0000] {dag.py:3328} INFO - Setting next_dagrun for tutorial_dag to None, run_after=None
[2023-01-20T23:54:22.190+0000] {processor.py:178} INFO - Processing /home/airflow/.local/lib/python3.7/site-packages/airflow/example_dags/tutorial_dag.py took 0.065 seconds
[2023-01-20T23:55:02.155+0000] {processor.py:156} INFO - Started process (PID=69) to work on /home/airflow/.local/lib/python3.7/site-packages/airflow/example_dags/tutorial_dag.py
[2023-01-20T23:55:02.157+0000] {processor.py:758} INFO - Processing file /home/airflow/.local/lib/python3.7/site-packages/airflow/example_dags/tutorial_dag.py for tasks to queue
[2023-01-20T23:55:02.158+0000] {logging_mixin.py:117} INFO - [2023-01-20T23:55:02.158+0000] {dagbag.py:525} INFO - Filling up the DagBag from /home/airflow/.local/lib/python3.7/site-packages/airflow/example_dags/tutorial_dag.py
[2023-01-20T23:55:02.192+0000] {processor.py:768} INFO - DAG(s) dict_keys(['tutorial_dag']) retrieved from /home/airflow/.local/lib/python3.7/site-packages/airflow/example_dags/tutorial_dag.py
[2023-01-20T23:55:02.407+0000] {logging_mixin.py:117} INFO - [2023-01-20T23:55:02.407+0000] {dag.py:2573} INFO - Sync 1 DAGs
[2023-01-20T23:55:02.448+0000] {logging_mixin.py:117} INFO - [2023-01-20T23:55:02.448+0000] {dag.py:3328} INFO - Setting next_dagrun for tutorial_dag to None, run_after=None
[2023-01-20T23:55:02.477+0000] {processor.py:178} INFO - Processing /home/airflow/.local/lib/python3.7/site-packages/airflow/example_dags/tutorial_dag.py took 0.326 seconds
[2023-01-20T23:57:39.024+0000] {processor.py:156} INFO - Started process (PID=69) to work on /home/airflow/.local/lib/python3.7/site-packages/airflow/example_dags/tutorial_dag.py
[2023-01-20T23:57:39.025+0000] {processor.py:758} INFO - Processing file /home/airflow/.local/lib/python3.7/site-packages/airflow/example_dags/tutorial_dag.py for tasks to queue
[2023-01-20T23:57:39.026+0000] {logging_mixin.py:117} INFO - [2023-01-20T23:57:39.026+0000] {dagbag.py:525} INFO - Filling up the DagBag from /home/airflow/.local/lib/python3.7/site-packages/airflow/example_dags/tutorial_dag.py
[2023-01-20T23:57:39.037+0000] {processor.py:768} INFO - DAG(s) dict_keys(['tutorial_dag']) retrieved from /home/airflow/.local/lib/python3.7/site-packages/airflow/example_dags/tutorial_dag.py
[2023-01-20T23:57:39.172+0000] {logging_mixin.py:117} INFO - [2023-01-20T23:57:39.172+0000] {dag.py:2573} INFO - Sync 1 DAGs
[2023-01-20T23:57:39.185+0000] {logging_mixin.py:117} INFO - [2023-01-20T23:57:39.185+0000] {dag.py:3328} INFO - Setting next_dagrun for tutorial_dag to None, run_after=None
[2023-01-20T23:57:39.195+0000] {processor.py:178} INFO - Processing /home/airflow/.local/lib/python3.7/site-packages/airflow/example_dags/tutorial_dag.py took 0.174 seconds
[2023-01-20T23:58:10.168+0000] {processor.py:156} INFO - Started process (PID=131) to work on /home/airflow/.local/lib/python3.7/site-packages/airflow/example_dags/tutorial_dag.py
[2023-01-20T23:58:10.169+0000] {processor.py:758} INFO - Processing file /home/airflow/.local/lib/python3.7/site-packages/airflow/example_dags/tutorial_dag.py for tasks to queue
[2023-01-20T23:58:10.170+0000] {logging_mixin.py:117} INFO - [2023-01-20T23:58:10.170+0000] {dagbag.py:525} INFO - Filling up the DagBag from /home/airflow/.local/lib/python3.7/site-packages/airflow/example_dags/tutorial_dag.py
[2023-01-20T23:58:10.181+0000] {processor.py:768} INFO - DAG(s) dict_keys(['tutorial_dag']) retrieved from /home/airflow/.local/lib/python3.7/site-packages/airflow/example_dags/tutorial_dag.py
[2023-01-20T23:58:10.308+0000] {logging_mixin.py:117} INFO - [2023-01-20T23:58:10.308+0000] {dag.py:2573} INFO - Sync 1 DAGs
[2023-01-20T23:58:10.321+0000] {logging_mixin.py:117} INFO - [2023-01-20T23:58:10.321+0000] {dag.py:3328} INFO - Setting next_dagrun for tutorial_dag to None, run_after=None
[2023-01-20T23:58:10.334+0000] {processor.py:178} INFO - Processing /home/airflow/.local/lib/python3.7/site-packages/airflow/example_dags/tutorial_dag.py took 0.168 seconds
[2023-01-20T23:58:40.829+0000] {processor.py:156} INFO - Started process (PID=185) to work on /home/airflow/.local/lib/python3.7/site-packages/airflow/example_dags/tutorial_dag.py
[2023-01-20T23:58:40.831+0000] {processor.py:758} INFO - Processing file /home/airflow/.local/lib/python3.7/site-packages/airflow/example_dags/tutorial_dag.py for tasks to queue
[2023-01-20T23:58:40.832+0000] {logging_mixin.py:117} INFO - [2023-01-20T23:58:40.831+0000] {dagbag.py:525} INFO - Filling up the DagBag from /home/airflow/.local/lib/python3.7/site-packages/airflow/example_dags/tutorial_dag.py
[2023-01-20T23:58:40.955+0000] {processor.py:768} INFO - DAG(s) dict_keys(['tutorial_dag']) retrieved from /home/airflow/.local/lib/python3.7/site-packages/airflow/example_dags/tutorial_dag.py
[2023-01-20T23:58:40.978+0000] {logging_mixin.py:117} INFO - [2023-01-20T23:58:40.978+0000] {dag.py:2573} INFO - Sync 1 DAGs
[2023-01-20T23:58:40.993+0000] {logging_mixin.py:117} INFO - [2023-01-20T23:58:40.993+0000] {dag.py:3328} INFO - Setting next_dagrun for tutorial_dag to None, run_after=None
[2023-01-20T23:58:41.005+0000] {processor.py:178} INFO - Processing /home/airflow/.local/lib/python3.7/site-packages/airflow/example_dags/tutorial_dag.py took 0.179 seconds
[2023-01-20T23:59:11.342+0000] {processor.py:156} INFO - Started process (PID=248) to work on /home/airflow/.local/lib/python3.7/site-packages/airflow/example_dags/tutorial_dag.py
[2023-01-20T23:59:11.344+0000] {processor.py:758} INFO - Processing file /home/airflow/.local/lib/python3.7/site-packages/airflow/example_dags/tutorial_dag.py for tasks to queue
[2023-01-20T23:59:11.345+0000] {logging_mixin.py:117} INFO - [2023-01-20T23:59:11.345+0000] {dagbag.py:525} INFO - Filling up the DagBag from /home/airflow/.local/lib/python3.7/site-packages/airflow/example_dags/tutorial_dag.py
[2023-01-20T23:59:11.357+0000] {processor.py:768} INFO - DAG(s) dict_keys(['tutorial_dag']) retrieved from /home/airflow/.local/lib/python3.7/site-packages/airflow/example_dags/tutorial_dag.py
[2023-01-20T23:59:11.390+0000] {logging_mixin.py:117} INFO - [2023-01-20T23:59:11.390+0000] {dag.py:2573} INFO - Sync 1 DAGs
[2023-01-20T23:59:11.405+0000] {logging_mixin.py:117} INFO - [2023-01-20T23:59:11.405+0000] {dag.py:3328} INFO - Setting next_dagrun for tutorial_dag to None, run_after=None
[2023-01-20T23:59:11.417+0000] {processor.py:178} INFO - Processing /home/airflow/.local/lib/python3.7/site-packages/airflow/example_dags/tutorial_dag.py took 0.077 seconds
[2023-01-20T23:59:41.723+0000] {processor.py:156} INFO - Started process (PID=311) to work on /home/airflow/.local/lib/python3.7/site-packages/airflow/example_dags/tutorial_dag.py
[2023-01-20T23:59:41.724+0000] {processor.py:758} INFO - Processing file /home/airflow/.local/lib/python3.7/site-packages/airflow/example_dags/tutorial_dag.py for tasks to queue
[2023-01-20T23:59:41.725+0000] {logging_mixin.py:117} INFO - [2023-01-20T23:59:41.725+0000] {dagbag.py:525} INFO - Filling up the DagBag from /home/airflow/.local/lib/python3.7/site-packages/airflow/example_dags/tutorial_dag.py
[2023-01-20T23:59:41.736+0000] {processor.py:768} INFO - DAG(s) dict_keys(['tutorial_dag']) retrieved from /home/airflow/.local/lib/python3.7/site-packages/airflow/example_dags/tutorial_dag.py
[2023-01-20T23:59:41.767+0000] {logging_mixin.py:117} INFO - [2023-01-20T23:59:41.767+0000] {dag.py:2573} INFO - Sync 1 DAGs
[2023-01-20T23:59:41.783+0000] {logging_mixin.py:117} INFO - [2023-01-20T23:59:41.783+0000] {dag.py:3328} INFO - Setting next_dagrun for tutorial_dag to None, run_after=None
[2023-01-20T23:59:41.794+0000] {processor.py:178} INFO - Processing /home/airflow/.local/lib/python3.7/site-packages/airflow/example_dags/tutorial_dag.py took 0.074 seconds
