[2023-01-20T23:39:53.728+0000] {processor.py:156} INFO - Started process (PID=36) to work on /home/airflow/.local/lib/python3.7/site-packages/airflow/example_dags/tutorial_taskflow_api.py
[2023-01-20T23:39:53.731+0000] {processor.py:758} INFO - Processing file /home/airflow/.local/lib/python3.7/site-packages/airflow/example_dags/tutorial_taskflow_api.py for tasks to queue
[2023-01-20T23:39:53.735+0000] {logging_mixin.py:117} INFO - [2023-01-20T23:39:53.735+0000] {dagbag.py:525} INFO - Filling up the DagBag from /home/airflow/.local/lib/python3.7/site-packages/airflow/example_dags/tutorial_taskflow_api.py
[2023-01-20T23:39:53.784+0000] {processor.py:768} INFO - DAG(s) dict_keys(['tutorial_taskflow_api']) retrieved from /home/airflow/.local/lib/python3.7/site-packages/airflow/example_dags/tutorial_taskflow_api.py
[2023-01-20T23:39:54.078+0000] {logging_mixin.py:117} INFO - [2023-01-20T23:39:54.078+0000] {dag.py:2573} INFO - Sync 1 DAGs
[2023-01-20T23:39:54.111+0000] {logging_mixin.py:117} INFO - [2023-01-20T23:39:54.111+0000] {dag.py:3328} INFO - Setting next_dagrun for tutorial_taskflow_api to None, run_after=None
[2023-01-20T23:39:54.144+0000] {processor.py:178} INFO - Processing /home/airflow/.local/lib/python3.7/site-packages/airflow/example_dags/tutorial_taskflow_api.py took 0.422 seconds
[2023-01-20T23:40:24.964+0000] {processor.py:156} INFO - Started process (PID=89) to work on /home/airflow/.local/lib/python3.7/site-packages/airflow/example_dags/tutorial_taskflow_api.py
[2023-01-20T23:40:24.965+0000] {processor.py:758} INFO - Processing file /home/airflow/.local/lib/python3.7/site-packages/airflow/example_dags/tutorial_taskflow_api.py for tasks to queue
[2023-01-20T23:40:24.966+0000] {logging_mixin.py:117} INFO - [2023-01-20T23:40:24.966+0000] {dagbag.py:525} INFO - Filling up the DagBag from /home/airflow/.local/lib/python3.7/site-packages/airflow/example_dags/tutorial_taskflow_api.py
[2023-01-20T23:40:24.981+0000] {processor.py:768} INFO - DAG(s) dict_keys(['tutorial_taskflow_api']) retrieved from /home/airflow/.local/lib/python3.7/site-packages/airflow/example_dags/tutorial_taskflow_api.py
[2023-01-20T23:40:25.112+0000] {logging_mixin.py:117} INFO - [2023-01-20T23:40:25.112+0000] {dag.py:2573} INFO - Sync 1 DAGs
[2023-01-20T23:40:25.129+0000] {logging_mixin.py:117} INFO - [2023-01-20T23:40:25.129+0000] {dag.py:3328} INFO - Setting next_dagrun for tutorial_taskflow_api to None, run_after=None
[2023-01-20T23:40:25.154+0000] {processor.py:178} INFO - Processing /home/airflow/.local/lib/python3.7/site-packages/airflow/example_dags/tutorial_taskflow_api.py took 0.192 seconds
[2023-01-20T23:40:55.657+0000] {processor.py:156} INFO - Started process (PID=154) to work on /home/airflow/.local/lib/python3.7/site-packages/airflow/example_dags/tutorial_taskflow_api.py
[2023-01-20T23:40:55.659+0000] {processor.py:758} INFO - Processing file /home/airflow/.local/lib/python3.7/site-packages/airflow/example_dags/tutorial_taskflow_api.py for tasks to queue
[2023-01-20T23:40:55.660+0000] {logging_mixin.py:117} INFO - [2023-01-20T23:40:55.660+0000] {dagbag.py:525} INFO - Filling up the DagBag from /home/airflow/.local/lib/python3.7/site-packages/airflow/example_dags/tutorial_taskflow_api.py
[2023-01-20T23:40:55.811+0000] {processor.py:768} INFO - DAG(s) dict_keys(['tutorial_taskflow_api']) retrieved from /home/airflow/.local/lib/python3.7/site-packages/airflow/example_dags/tutorial_taskflow_api.py
[2023-01-20T23:40:55.835+0000] {logging_mixin.py:117} INFO - [2023-01-20T23:40:55.835+0000] {dag.py:2573} INFO - Sync 1 DAGs
[2023-01-20T23:40:55.850+0000] {logging_mixin.py:117} INFO - [2023-01-20T23:40:55.850+0000] {dag.py:3328} INFO - Setting next_dagrun for tutorial_taskflow_api to None, run_after=None
[2023-01-20T23:40:55.860+0000] {processor.py:178} INFO - Processing /home/airflow/.local/lib/python3.7/site-packages/airflow/example_dags/tutorial_taskflow_api.py took 0.207 seconds
[2023-01-20T23:41:26.746+0000] {processor.py:156} INFO - Started process (PID=217) to work on /home/airflow/.local/lib/python3.7/site-packages/airflow/example_dags/tutorial_taskflow_api.py
[2023-01-20T23:41:26.747+0000] {processor.py:758} INFO - Processing file /home/airflow/.local/lib/python3.7/site-packages/airflow/example_dags/tutorial_taskflow_api.py for tasks to queue
[2023-01-20T23:41:26.748+0000] {logging_mixin.py:117} INFO - [2023-01-20T23:41:26.748+0000] {dagbag.py:525} INFO - Filling up the DagBag from /home/airflow/.local/lib/python3.7/site-packages/airflow/example_dags/tutorial_taskflow_api.py
[2023-01-20T23:41:26.878+0000] {processor.py:768} INFO - DAG(s) dict_keys(['tutorial_taskflow_api']) retrieved from /home/airflow/.local/lib/python3.7/site-packages/airflow/example_dags/tutorial_taskflow_api.py
[2023-01-20T23:41:26.906+0000] {logging_mixin.py:117} INFO - [2023-01-20T23:41:26.906+0000] {dag.py:2573} INFO - Sync 1 DAGs
[2023-01-20T23:41:26.921+0000] {logging_mixin.py:117} INFO - [2023-01-20T23:41:26.921+0000] {dag.py:3328} INFO - Setting next_dagrun for tutorial_taskflow_api to None, run_after=None
[2023-01-20T23:41:26.933+0000] {processor.py:178} INFO - Processing /home/airflow/.local/lib/python3.7/site-packages/airflow/example_dags/tutorial_taskflow_api.py took 0.190 seconds
[2023-01-20T23:41:57.333+0000] {processor.py:156} INFO - Started process (PID=280) to work on /home/airflow/.local/lib/python3.7/site-packages/airflow/example_dags/tutorial_taskflow_api.py
[2023-01-20T23:41:57.335+0000] {processor.py:758} INFO - Processing file /home/airflow/.local/lib/python3.7/site-packages/airflow/example_dags/tutorial_taskflow_api.py for tasks to queue
[2023-01-20T23:41:57.335+0000] {logging_mixin.py:117} INFO - [2023-01-20T23:41:57.335+0000] {dagbag.py:525} INFO - Filling up the DagBag from /home/airflow/.local/lib/python3.7/site-packages/airflow/example_dags/tutorial_taskflow_api.py
[2023-01-20T23:41:57.351+0000] {processor.py:768} INFO - DAG(s) dict_keys(['tutorial_taskflow_api']) retrieved from /home/airflow/.local/lib/python3.7/site-packages/airflow/example_dags/tutorial_taskflow_api.py
[2023-01-20T23:41:57.378+0000] {logging_mixin.py:117} INFO - [2023-01-20T23:41:57.378+0000] {dag.py:2573} INFO - Sync 1 DAGs
[2023-01-20T23:41:57.392+0000] {logging_mixin.py:117} INFO - [2023-01-20T23:41:57.392+0000] {dag.py:3328} INFO - Setting next_dagrun for tutorial_taskflow_api to None, run_after=None
[2023-01-20T23:41:57.403+0000] {processor.py:178} INFO - Processing /home/airflow/.local/lib/python3.7/site-packages/airflow/example_dags/tutorial_taskflow_api.py took 0.072 seconds
[2023-01-20T23:42:27.942+0000] {processor.py:156} INFO - Started process (PID=343) to work on /home/airflow/.local/lib/python3.7/site-packages/airflow/example_dags/tutorial_taskflow_api.py
[2023-01-20T23:42:27.944+0000] {processor.py:758} INFO - Processing file /home/airflow/.local/lib/python3.7/site-packages/airflow/example_dags/tutorial_taskflow_api.py for tasks to queue
[2023-01-20T23:42:27.945+0000] {logging_mixin.py:117} INFO - [2023-01-20T23:42:27.945+0000] {dagbag.py:525} INFO - Filling up the DagBag from /home/airflow/.local/lib/python3.7/site-packages/airflow/example_dags/tutorial_taskflow_api.py
[2023-01-20T23:42:27.976+0000] {processor.py:768} INFO - DAG(s) dict_keys(['tutorial_taskflow_api']) retrieved from /home/airflow/.local/lib/python3.7/site-packages/airflow/example_dags/tutorial_taskflow_api.py
[2023-01-20T23:42:28.025+0000] {logging_mixin.py:117} INFO - [2023-01-20T23:42:28.024+0000] {dag.py:2573} INFO - Sync 1 DAGs
[2023-01-20T23:42:28.071+0000] {logging_mixin.py:117} INFO - [2023-01-20T23:42:28.071+0000] {dag.py:3328} INFO - Setting next_dagrun for tutorial_taskflow_api to None, run_after=None
[2023-01-20T23:42:28.092+0000] {processor.py:178} INFO - Processing /home/airflow/.local/lib/python3.7/site-packages/airflow/example_dags/tutorial_taskflow_api.py took 0.154 seconds
[2023-01-20T23:42:58.649+0000] {processor.py:156} INFO - Started process (PID=407) to work on /home/airflow/.local/lib/python3.7/site-packages/airflow/example_dags/tutorial_taskflow_api.py
[2023-01-20T23:42:58.652+0000] {processor.py:758} INFO - Processing file /home/airflow/.local/lib/python3.7/site-packages/airflow/example_dags/tutorial_taskflow_api.py for tasks to queue
[2023-01-20T23:42:58.654+0000] {logging_mixin.py:117} INFO - [2023-01-20T23:42:58.654+0000] {dagbag.py:525} INFO - Filling up the DagBag from /home/airflow/.local/lib/python3.7/site-packages/airflow/example_dags/tutorial_taskflow_api.py
[2023-01-20T23:42:58.673+0000] {processor.py:768} INFO - DAG(s) dict_keys(['tutorial_taskflow_api']) retrieved from /home/airflow/.local/lib/python3.7/site-packages/airflow/example_dags/tutorial_taskflow_api.py
[2023-01-20T23:42:58.707+0000] {logging_mixin.py:117} INFO - [2023-01-20T23:42:58.707+0000] {dag.py:2573} INFO - Sync 1 DAGs
[2023-01-20T23:42:58.724+0000] {logging_mixin.py:117} INFO - [2023-01-20T23:42:58.724+0000] {dag.py:3328} INFO - Setting next_dagrun for tutorial_taskflow_api to None, run_after=None
[2023-01-20T23:42:58.738+0000] {processor.py:178} INFO - Processing /home/airflow/.local/lib/python3.7/site-packages/airflow/example_dags/tutorial_taskflow_api.py took 0.100 seconds
[2023-01-20T23:43:28.875+0000] {processor.py:156} INFO - Started process (PID=461) to work on /home/airflow/.local/lib/python3.7/site-packages/airflow/example_dags/tutorial_taskflow_api.py
[2023-01-20T23:43:28.876+0000] {processor.py:758} INFO - Processing file /home/airflow/.local/lib/python3.7/site-packages/airflow/example_dags/tutorial_taskflow_api.py for tasks to queue
[2023-01-20T23:43:28.877+0000] {logging_mixin.py:117} INFO - [2023-01-20T23:43:28.877+0000] {dagbag.py:525} INFO - Filling up the DagBag from /home/airflow/.local/lib/python3.7/site-packages/airflow/example_dags/tutorial_taskflow_api.py
[2023-01-20T23:43:28.893+0000] {processor.py:768} INFO - DAG(s) dict_keys(['tutorial_taskflow_api']) retrieved from /home/airflow/.local/lib/python3.7/site-packages/airflow/example_dags/tutorial_taskflow_api.py
[2023-01-20T23:43:28.920+0000] {logging_mixin.py:117} INFO - [2023-01-20T23:43:28.920+0000] {dag.py:2573} INFO - Sync 1 DAGs
[2023-01-20T23:43:28.934+0000] {logging_mixin.py:117} INFO - [2023-01-20T23:43:28.934+0000] {dag.py:3328} INFO - Setting next_dagrun for tutorial_taskflow_api to None, run_after=None
[2023-01-20T23:43:28.944+0000] {processor.py:178} INFO - Processing /home/airflow/.local/lib/python3.7/site-packages/airflow/example_dags/tutorial_taskflow_api.py took 0.072 seconds
[2023-01-20T23:43:59.073+0000] {processor.py:156} INFO - Started process (PID=524) to work on /home/airflow/.local/lib/python3.7/site-packages/airflow/example_dags/tutorial_taskflow_api.py
[2023-01-20T23:43:59.074+0000] {processor.py:758} INFO - Processing file /home/airflow/.local/lib/python3.7/site-packages/airflow/example_dags/tutorial_taskflow_api.py for tasks to queue
[2023-01-20T23:43:59.075+0000] {logging_mixin.py:117} INFO - [2023-01-20T23:43:59.075+0000] {dagbag.py:525} INFO - Filling up the DagBag from /home/airflow/.local/lib/python3.7/site-packages/airflow/example_dags/tutorial_taskflow_api.py
[2023-01-20T23:43:59.090+0000] {processor.py:768} INFO - DAG(s) dict_keys(['tutorial_taskflow_api']) retrieved from /home/airflow/.local/lib/python3.7/site-packages/airflow/example_dags/tutorial_taskflow_api.py
[2023-01-20T23:43:59.119+0000] {logging_mixin.py:117} INFO - [2023-01-20T23:43:59.119+0000] {dag.py:2573} INFO - Sync 1 DAGs
[2023-01-20T23:43:59.133+0000] {logging_mixin.py:117} INFO - [2023-01-20T23:43:59.133+0000] {dag.py:3328} INFO - Setting next_dagrun for tutorial_taskflow_api to None, run_after=None
[2023-01-20T23:43:59.144+0000] {processor.py:178} INFO - Processing /home/airflow/.local/lib/python3.7/site-packages/airflow/example_dags/tutorial_taskflow_api.py took 0.074 seconds
[2023-01-20T23:44:29.578+0000] {processor.py:156} INFO - Started process (PID=587) to work on /home/airflow/.local/lib/python3.7/site-packages/airflow/example_dags/tutorial_taskflow_api.py
[2023-01-20T23:44:29.580+0000] {processor.py:758} INFO - Processing file /home/airflow/.local/lib/python3.7/site-packages/airflow/example_dags/tutorial_taskflow_api.py for tasks to queue
[2023-01-20T23:44:29.580+0000] {logging_mixin.py:117} INFO - [2023-01-20T23:44:29.580+0000] {dagbag.py:525} INFO - Filling up the DagBag from /home/airflow/.local/lib/python3.7/site-packages/airflow/example_dags/tutorial_taskflow_api.py
[2023-01-20T23:44:29.596+0000] {processor.py:768} INFO - DAG(s) dict_keys(['tutorial_taskflow_api']) retrieved from /home/airflow/.local/lib/python3.7/site-packages/airflow/example_dags/tutorial_taskflow_api.py
[2023-01-20T23:44:29.632+0000] {logging_mixin.py:117} INFO - [2023-01-20T23:44:29.631+0000] {dag.py:2573} INFO - Sync 1 DAGs
[2023-01-20T23:44:29.657+0000] {logging_mixin.py:117} INFO - [2023-01-20T23:44:29.657+0000] {dag.py:3328} INFO - Setting next_dagrun for tutorial_taskflow_api to None, run_after=None
[2023-01-20T23:44:29.677+0000] {processor.py:178} INFO - Processing /home/airflow/.local/lib/python3.7/site-packages/airflow/example_dags/tutorial_taskflow_api.py took 0.102 seconds
[2023-01-20T23:44:59.960+0000] {processor.py:156} INFO - Started process (PID=650) to work on /home/airflow/.local/lib/python3.7/site-packages/airflow/example_dags/tutorial_taskflow_api.py
[2023-01-20T23:44:59.962+0000] {processor.py:758} INFO - Processing file /home/airflow/.local/lib/python3.7/site-packages/airflow/example_dags/tutorial_taskflow_api.py for tasks to queue
[2023-01-20T23:44:59.963+0000] {logging_mixin.py:117} INFO - [2023-01-20T23:44:59.963+0000] {dagbag.py:525} INFO - Filling up the DagBag from /home/airflow/.local/lib/python3.7/site-packages/airflow/example_dags/tutorial_taskflow_api.py
[2023-01-20T23:44:59.979+0000] {processor.py:768} INFO - DAG(s) dict_keys(['tutorial_taskflow_api']) retrieved from /home/airflow/.local/lib/python3.7/site-packages/airflow/example_dags/tutorial_taskflow_api.py
[2023-01-20T23:45:00.010+0000] {logging_mixin.py:117} INFO - [2023-01-20T23:45:00.009+0000] {dag.py:2573} INFO - Sync 1 DAGs
[2023-01-20T23:45:00.026+0000] {logging_mixin.py:117} INFO - [2023-01-20T23:45:00.025+0000] {dag.py:3328} INFO - Setting next_dagrun for tutorial_taskflow_api to None, run_after=None
[2023-01-20T23:45:00.037+0000] {processor.py:178} INFO - Processing /home/airflow/.local/lib/python3.7/site-packages/airflow/example_dags/tutorial_taskflow_api.py took 0.080 seconds
[2023-01-20T23:45:30.225+0000] {processor.py:156} INFO - Started process (PID=713) to work on /home/airflow/.local/lib/python3.7/site-packages/airflow/example_dags/tutorial_taskflow_api.py
[2023-01-20T23:45:30.227+0000] {processor.py:758} INFO - Processing file /home/airflow/.local/lib/python3.7/site-packages/airflow/example_dags/tutorial_taskflow_api.py for tasks to queue
[2023-01-20T23:45:30.227+0000] {logging_mixin.py:117} INFO - [2023-01-20T23:45:30.227+0000] {dagbag.py:525} INFO - Filling up the DagBag from /home/airflow/.local/lib/python3.7/site-packages/airflow/example_dags/tutorial_taskflow_api.py
[2023-01-20T23:45:30.243+0000] {processor.py:768} INFO - DAG(s) dict_keys(['tutorial_taskflow_api']) retrieved from /home/airflow/.local/lib/python3.7/site-packages/airflow/example_dags/tutorial_taskflow_api.py
[2023-01-20T23:45:30.270+0000] {logging_mixin.py:117} INFO - [2023-01-20T23:45:30.270+0000] {dag.py:2573} INFO - Sync 1 DAGs
[2023-01-20T23:45:30.285+0000] {logging_mixin.py:117} INFO - [2023-01-20T23:45:30.285+0000] {dag.py:3328} INFO - Setting next_dagrun for tutorial_taskflow_api to None, run_after=None
[2023-01-20T23:45:30.296+0000] {processor.py:178} INFO - Processing /home/airflow/.local/lib/python3.7/site-packages/airflow/example_dags/tutorial_taskflow_api.py took 0.073 seconds
[2023-01-20T23:46:00.695+0000] {processor.py:156} INFO - Started process (PID=767) to work on /home/airflow/.local/lib/python3.7/site-packages/airflow/example_dags/tutorial_taskflow_api.py
[2023-01-20T23:46:00.697+0000] {processor.py:758} INFO - Processing file /home/airflow/.local/lib/python3.7/site-packages/airflow/example_dags/tutorial_taskflow_api.py for tasks to queue
[2023-01-20T23:46:00.697+0000] {logging_mixin.py:117} INFO - [2023-01-20T23:46:00.697+0000] {dagbag.py:525} INFO - Filling up the DagBag from /home/airflow/.local/lib/python3.7/site-packages/airflow/example_dags/tutorial_taskflow_api.py
[2023-01-20T23:46:00.714+0000] {processor.py:768} INFO - DAG(s) dict_keys(['tutorial_taskflow_api']) retrieved from /home/airflow/.local/lib/python3.7/site-packages/airflow/example_dags/tutorial_taskflow_api.py
[2023-01-20T23:46:00.742+0000] {logging_mixin.py:117} INFO - [2023-01-20T23:46:00.742+0000] {dag.py:2573} INFO - Sync 1 DAGs
[2023-01-20T23:46:00.756+0000] {logging_mixin.py:117} INFO - [2023-01-20T23:46:00.756+0000] {dag.py:3328} INFO - Setting next_dagrun for tutorial_taskflow_api to None, run_after=None
[2023-01-20T23:46:00.767+0000] {processor.py:178} INFO - Processing /home/airflow/.local/lib/python3.7/site-packages/airflow/example_dags/tutorial_taskflow_api.py took 0.074 seconds
[2023-01-20T23:46:31.030+0000] {processor.py:156} INFO - Started process (PID=830) to work on /home/airflow/.local/lib/python3.7/site-packages/airflow/example_dags/tutorial_taskflow_api.py
[2023-01-20T23:46:31.031+0000] {processor.py:758} INFO - Processing file /home/airflow/.local/lib/python3.7/site-packages/airflow/example_dags/tutorial_taskflow_api.py for tasks to queue
[2023-01-20T23:46:31.031+0000] {logging_mixin.py:117} INFO - [2023-01-20T23:46:31.031+0000] {dagbag.py:525} INFO - Filling up the DagBag from /home/airflow/.local/lib/python3.7/site-packages/airflow/example_dags/tutorial_taskflow_api.py
[2023-01-20T23:46:31.051+0000] {processor.py:768} INFO - DAG(s) dict_keys(['tutorial_taskflow_api']) retrieved from /home/airflow/.local/lib/python3.7/site-packages/airflow/example_dags/tutorial_taskflow_api.py
[2023-01-20T23:46:31.079+0000] {logging_mixin.py:117} INFO - [2023-01-20T23:46:31.079+0000] {dag.py:2573} INFO - Sync 1 DAGs
[2023-01-20T23:46:31.101+0000] {logging_mixin.py:117} INFO - [2023-01-20T23:46:31.101+0000] {dag.py:3328} INFO - Setting next_dagrun for tutorial_taskflow_api to None, run_after=None
[2023-01-20T23:46:31.111+0000] {processor.py:178} INFO - Processing /home/airflow/.local/lib/python3.7/site-packages/airflow/example_dags/tutorial_taskflow_api.py took 0.084 seconds
[2023-01-20T23:47:01.533+0000] {processor.py:156} INFO - Started process (PID=893) to work on /home/airflow/.local/lib/python3.7/site-packages/airflow/example_dags/tutorial_taskflow_api.py
[2023-01-20T23:47:01.534+0000] {processor.py:758} INFO - Processing file /home/airflow/.local/lib/python3.7/site-packages/airflow/example_dags/tutorial_taskflow_api.py for tasks to queue
[2023-01-20T23:47:01.535+0000] {logging_mixin.py:117} INFO - [2023-01-20T23:47:01.535+0000] {dagbag.py:525} INFO - Filling up the DagBag from /home/airflow/.local/lib/python3.7/site-packages/airflow/example_dags/tutorial_taskflow_api.py
[2023-01-20T23:47:01.551+0000] {processor.py:768} INFO - DAG(s) dict_keys(['tutorial_taskflow_api']) retrieved from /home/airflow/.local/lib/python3.7/site-packages/airflow/example_dags/tutorial_taskflow_api.py
[2023-01-20T23:47:01.580+0000] {logging_mixin.py:117} INFO - [2023-01-20T23:47:01.580+0000] {dag.py:2573} INFO - Sync 1 DAGs
[2023-01-20T23:47:01.595+0000] {logging_mixin.py:117} INFO - [2023-01-20T23:47:01.595+0000] {dag.py:3328} INFO - Setting next_dagrun for tutorial_taskflow_api to None, run_after=None
[2023-01-20T23:47:01.606+0000] {processor.py:178} INFO - Processing /home/airflow/.local/lib/python3.7/site-packages/airflow/example_dags/tutorial_taskflow_api.py took 0.076 seconds
[2023-01-20T23:47:32.045+0000] {processor.py:156} INFO - Started process (PID=956) to work on /home/airflow/.local/lib/python3.7/site-packages/airflow/example_dags/tutorial_taskflow_api.py
[2023-01-20T23:47:32.047+0000] {processor.py:758} INFO - Processing file /home/airflow/.local/lib/python3.7/site-packages/airflow/example_dags/tutorial_taskflow_api.py for tasks to queue
[2023-01-20T23:47:32.048+0000] {logging_mixin.py:117} INFO - [2023-01-20T23:47:32.048+0000] {dagbag.py:525} INFO - Filling up the DagBag from /home/airflow/.local/lib/python3.7/site-packages/airflow/example_dags/tutorial_taskflow_api.py
[2023-01-20T23:47:32.070+0000] {processor.py:768} INFO - DAG(s) dict_keys(['tutorial_taskflow_api']) retrieved from /home/airflow/.local/lib/python3.7/site-packages/airflow/example_dags/tutorial_taskflow_api.py
[2023-01-20T23:47:32.101+0000] {logging_mixin.py:117} INFO - [2023-01-20T23:47:32.101+0000] {dag.py:2573} INFO - Sync 1 DAGs
[2023-01-20T23:47:32.122+0000] {logging_mixin.py:117} INFO - [2023-01-20T23:47:32.122+0000] {dag.py:3328} INFO - Setting next_dagrun for tutorial_taskflow_api to None, run_after=None
[2023-01-20T23:47:32.142+0000] {processor.py:178} INFO - Processing /home/airflow/.local/lib/python3.7/site-packages/airflow/example_dags/tutorial_taskflow_api.py took 0.100 seconds
[2023-01-20T23:48:02.499+0000] {processor.py:156} INFO - Started process (PID=1018) to work on /home/airflow/.local/lib/python3.7/site-packages/airflow/example_dags/tutorial_taskflow_api.py
[2023-01-20T23:48:02.500+0000] {processor.py:758} INFO - Processing file /home/airflow/.local/lib/python3.7/site-packages/airflow/example_dags/tutorial_taskflow_api.py for tasks to queue
[2023-01-20T23:48:02.501+0000] {logging_mixin.py:117} INFO - [2023-01-20T23:48:02.501+0000] {dagbag.py:525} INFO - Filling up the DagBag from /home/airflow/.local/lib/python3.7/site-packages/airflow/example_dags/tutorial_taskflow_api.py
[2023-01-20T23:48:02.516+0000] {processor.py:768} INFO - DAG(s) dict_keys(['tutorial_taskflow_api']) retrieved from /home/airflow/.local/lib/python3.7/site-packages/airflow/example_dags/tutorial_taskflow_api.py
[2023-01-20T23:48:02.544+0000] {logging_mixin.py:117} INFO - [2023-01-20T23:48:02.544+0000] {dag.py:2573} INFO - Sync 1 DAGs
[2023-01-20T23:48:02.560+0000] {logging_mixin.py:117} INFO - [2023-01-20T23:48:02.560+0000] {dag.py:3328} INFO - Setting next_dagrun for tutorial_taskflow_api to None, run_after=None
[2023-01-20T23:48:02.572+0000] {processor.py:178} INFO - Processing /home/airflow/.local/lib/python3.7/site-packages/airflow/example_dags/tutorial_taskflow_api.py took 0.076 seconds
[2023-01-20T23:48:32.951+0000] {processor.py:156} INFO - Started process (PID=1081) to work on /home/airflow/.local/lib/python3.7/site-packages/airflow/example_dags/tutorial_taskflow_api.py
[2023-01-20T23:48:32.952+0000] {processor.py:758} INFO - Processing file /home/airflow/.local/lib/python3.7/site-packages/airflow/example_dags/tutorial_taskflow_api.py for tasks to queue
[2023-01-20T23:48:32.953+0000] {logging_mixin.py:117} INFO - [2023-01-20T23:48:32.953+0000] {dagbag.py:525} INFO - Filling up the DagBag from /home/airflow/.local/lib/python3.7/site-packages/airflow/example_dags/tutorial_taskflow_api.py
[2023-01-20T23:48:32.969+0000] {processor.py:768} INFO - DAG(s) dict_keys(['tutorial_taskflow_api']) retrieved from /home/airflow/.local/lib/python3.7/site-packages/airflow/example_dags/tutorial_taskflow_api.py
[2023-01-20T23:48:32.996+0000] {logging_mixin.py:117} INFO - [2023-01-20T23:48:32.996+0000] {dag.py:2573} INFO - Sync 1 DAGs
[2023-01-20T23:48:33.014+0000] {logging_mixin.py:117} INFO - [2023-01-20T23:48:33.014+0000] {dag.py:3328} INFO - Setting next_dagrun for tutorial_taskflow_api to None, run_after=None
[2023-01-20T23:48:33.024+0000] {processor.py:178} INFO - Processing /home/airflow/.local/lib/python3.7/site-packages/airflow/example_dags/tutorial_taskflow_api.py took 0.076 seconds
[2023-01-20T23:49:03.343+0000] {processor.py:156} INFO - Started process (PID=1135) to work on /home/airflow/.local/lib/python3.7/site-packages/airflow/example_dags/tutorial_taskflow_api.py
[2023-01-20T23:49:03.345+0000] {processor.py:758} INFO - Processing file /home/airflow/.local/lib/python3.7/site-packages/airflow/example_dags/tutorial_taskflow_api.py for tasks to queue
[2023-01-20T23:49:03.346+0000] {logging_mixin.py:117} INFO - [2023-01-20T23:49:03.345+0000] {dagbag.py:525} INFO - Filling up the DagBag from /home/airflow/.local/lib/python3.7/site-packages/airflow/example_dags/tutorial_taskflow_api.py
[2023-01-20T23:49:03.361+0000] {processor.py:768} INFO - DAG(s) dict_keys(['tutorial_taskflow_api']) retrieved from /home/airflow/.local/lib/python3.7/site-packages/airflow/example_dags/tutorial_taskflow_api.py
[2023-01-20T23:49:03.389+0000] {logging_mixin.py:117} INFO - [2023-01-20T23:49:03.389+0000] {dag.py:2573} INFO - Sync 1 DAGs
[2023-01-20T23:49:03.404+0000] {logging_mixin.py:117} INFO - [2023-01-20T23:49:03.404+0000] {dag.py:3328} INFO - Setting next_dagrun for tutorial_taskflow_api to None, run_after=None
[2023-01-20T23:49:03.415+0000] {processor.py:178} INFO - Processing /home/airflow/.local/lib/python3.7/site-packages/airflow/example_dags/tutorial_taskflow_api.py took 0.074 seconds
[2023-01-20T23:49:33.738+0000] {processor.py:156} INFO - Started process (PID=1198) to work on /home/airflow/.local/lib/python3.7/site-packages/airflow/example_dags/tutorial_taskflow_api.py
[2023-01-20T23:49:33.739+0000] {processor.py:758} INFO - Processing file /home/airflow/.local/lib/python3.7/site-packages/airflow/example_dags/tutorial_taskflow_api.py for tasks to queue
[2023-01-20T23:49:33.740+0000] {logging_mixin.py:117} INFO - [2023-01-20T23:49:33.740+0000] {dagbag.py:525} INFO - Filling up the DagBag from /home/airflow/.local/lib/python3.7/site-packages/airflow/example_dags/tutorial_taskflow_api.py
[2023-01-20T23:49:33.756+0000] {processor.py:768} INFO - DAG(s) dict_keys(['tutorial_taskflow_api']) retrieved from /home/airflow/.local/lib/python3.7/site-packages/airflow/example_dags/tutorial_taskflow_api.py
[2023-01-20T23:49:33.783+0000] {logging_mixin.py:117} INFO - [2023-01-20T23:49:33.783+0000] {dag.py:2573} INFO - Sync 1 DAGs
[2023-01-20T23:49:33.798+0000] {logging_mixin.py:117} INFO - [2023-01-20T23:49:33.798+0000] {dag.py:3328} INFO - Setting next_dagrun for tutorial_taskflow_api to None, run_after=None
[2023-01-20T23:49:33.808+0000] {processor.py:178} INFO - Processing /home/airflow/.local/lib/python3.7/site-packages/airflow/example_dags/tutorial_taskflow_api.py took 0.073 seconds
[2023-01-20T23:50:04.022+0000] {processor.py:156} INFO - Started process (PID=1261) to work on /home/airflow/.local/lib/python3.7/site-packages/airflow/example_dags/tutorial_taskflow_api.py
[2023-01-20T23:50:04.023+0000] {processor.py:758} INFO - Processing file /home/airflow/.local/lib/python3.7/site-packages/airflow/example_dags/tutorial_taskflow_api.py for tasks to queue
[2023-01-20T23:50:04.024+0000] {logging_mixin.py:117} INFO - [2023-01-20T23:50:04.024+0000] {dagbag.py:525} INFO - Filling up the DagBag from /home/airflow/.local/lib/python3.7/site-packages/airflow/example_dags/tutorial_taskflow_api.py
[2023-01-20T23:50:04.040+0000] {processor.py:768} INFO - DAG(s) dict_keys(['tutorial_taskflow_api']) retrieved from /home/airflow/.local/lib/python3.7/site-packages/airflow/example_dags/tutorial_taskflow_api.py
[2023-01-20T23:50:04.068+0000] {logging_mixin.py:117} INFO - [2023-01-20T23:50:04.068+0000] {dag.py:2573} INFO - Sync 1 DAGs
[2023-01-20T23:50:04.083+0000] {logging_mixin.py:117} INFO - [2023-01-20T23:50:04.082+0000] {dag.py:3328} INFO - Setting next_dagrun for tutorial_taskflow_api to None, run_after=None
[2023-01-20T23:50:04.094+0000] {processor.py:178} INFO - Processing /home/airflow/.local/lib/python3.7/site-packages/airflow/example_dags/tutorial_taskflow_api.py took 0.075 seconds
[2023-01-20T23:50:34.371+0000] {processor.py:156} INFO - Started process (PID=1324) to work on /home/airflow/.local/lib/python3.7/site-packages/airflow/example_dags/tutorial_taskflow_api.py
[2023-01-20T23:50:34.372+0000] {processor.py:758} INFO - Processing file /home/airflow/.local/lib/python3.7/site-packages/airflow/example_dags/tutorial_taskflow_api.py for tasks to queue
[2023-01-20T23:50:34.373+0000] {logging_mixin.py:117} INFO - [2023-01-20T23:50:34.373+0000] {dagbag.py:525} INFO - Filling up the DagBag from /home/airflow/.local/lib/python3.7/site-packages/airflow/example_dags/tutorial_taskflow_api.py
[2023-01-20T23:50:34.389+0000] {processor.py:768} INFO - DAG(s) dict_keys(['tutorial_taskflow_api']) retrieved from /home/airflow/.local/lib/python3.7/site-packages/airflow/example_dags/tutorial_taskflow_api.py
[2023-01-20T23:50:34.420+0000] {logging_mixin.py:117} INFO - [2023-01-20T23:50:34.419+0000] {dag.py:2573} INFO - Sync 1 DAGs
[2023-01-20T23:50:34.435+0000] {logging_mixin.py:117} INFO - [2023-01-20T23:50:34.434+0000] {dag.py:3328} INFO - Setting next_dagrun for tutorial_taskflow_api to None, run_after=None
[2023-01-20T23:50:34.447+0000] {processor.py:178} INFO - Processing /home/airflow/.local/lib/python3.7/site-packages/airflow/example_dags/tutorial_taskflow_api.py took 0.079 seconds
[2023-01-20T23:51:04.677+0000] {processor.py:156} INFO - Started process (PID=1387) to work on /home/airflow/.local/lib/python3.7/site-packages/airflow/example_dags/tutorial_taskflow_api.py
[2023-01-20T23:51:04.678+0000] {processor.py:758} INFO - Processing file /home/airflow/.local/lib/python3.7/site-packages/airflow/example_dags/tutorial_taskflow_api.py for tasks to queue
[2023-01-20T23:51:04.679+0000] {logging_mixin.py:117} INFO - [2023-01-20T23:51:04.679+0000] {dagbag.py:525} INFO - Filling up the DagBag from /home/airflow/.local/lib/python3.7/site-packages/airflow/example_dags/tutorial_taskflow_api.py
[2023-01-20T23:51:04.696+0000] {processor.py:768} INFO - DAG(s) dict_keys(['tutorial_taskflow_api']) retrieved from /home/airflow/.local/lib/python3.7/site-packages/airflow/example_dags/tutorial_taskflow_api.py
[2023-01-20T23:51:04.725+0000] {logging_mixin.py:117} INFO - [2023-01-20T23:51:04.724+0000] {dag.py:2573} INFO - Sync 1 DAGs
[2023-01-20T23:51:04.740+0000] {logging_mixin.py:117} INFO - [2023-01-20T23:51:04.740+0000] {dag.py:3328} INFO - Setting next_dagrun for tutorial_taskflow_api to None, run_after=None
[2023-01-20T23:51:04.751+0000] {processor.py:178} INFO - Processing /home/airflow/.local/lib/python3.7/site-packages/airflow/example_dags/tutorial_taskflow_api.py took 0.076 seconds
[2023-01-20T23:51:35.078+0000] {processor.py:156} INFO - Started process (PID=1451) to work on /home/airflow/.local/lib/python3.7/site-packages/airflow/example_dags/tutorial_taskflow_api.py
[2023-01-20T23:51:35.080+0000] {processor.py:758} INFO - Processing file /home/airflow/.local/lib/python3.7/site-packages/airflow/example_dags/tutorial_taskflow_api.py for tasks to queue
[2023-01-20T23:51:35.081+0000] {logging_mixin.py:117} INFO - [2023-01-20T23:51:35.081+0000] {dagbag.py:525} INFO - Filling up the DagBag from /home/airflow/.local/lib/python3.7/site-packages/airflow/example_dags/tutorial_taskflow_api.py
[2023-01-20T23:51:35.096+0000] {processor.py:768} INFO - DAG(s) dict_keys(['tutorial_taskflow_api']) retrieved from /home/airflow/.local/lib/python3.7/site-packages/airflow/example_dags/tutorial_taskflow_api.py
[2023-01-20T23:51:35.124+0000] {logging_mixin.py:117} INFO - [2023-01-20T23:51:35.124+0000] {dag.py:2573} INFO - Sync 1 DAGs
[2023-01-20T23:51:35.140+0000] {logging_mixin.py:117} INFO - [2023-01-20T23:51:35.139+0000] {dag.py:3328} INFO - Setting next_dagrun for tutorial_taskflow_api to None, run_after=None
[2023-01-20T23:51:35.150+0000] {processor.py:178} INFO - Processing /home/airflow/.local/lib/python3.7/site-packages/airflow/example_dags/tutorial_taskflow_api.py took 0.074 seconds
[2023-01-20T23:52:05.657+0000] {processor.py:156} INFO - Started process (PID=1505) to work on /home/airflow/.local/lib/python3.7/site-packages/airflow/example_dags/tutorial_taskflow_api.py
[2023-01-20T23:52:05.660+0000] {processor.py:758} INFO - Processing file /home/airflow/.local/lib/python3.7/site-packages/airflow/example_dags/tutorial_taskflow_api.py for tasks to queue
[2023-01-20T23:52:05.660+0000] {logging_mixin.py:117} INFO - [2023-01-20T23:52:05.660+0000] {dagbag.py:525} INFO - Filling up the DagBag from /home/airflow/.local/lib/python3.7/site-packages/airflow/example_dags/tutorial_taskflow_api.py
[2023-01-20T23:52:05.678+0000] {processor.py:768} INFO - DAG(s) dict_keys(['tutorial_taskflow_api']) retrieved from /home/airflow/.local/lib/python3.7/site-packages/airflow/example_dags/tutorial_taskflow_api.py
[2023-01-20T23:52:05.708+0000] {logging_mixin.py:117} INFO - [2023-01-20T23:52:05.708+0000] {dag.py:2573} INFO - Sync 1 DAGs
[2023-01-20T23:52:05.724+0000] {logging_mixin.py:117} INFO - [2023-01-20T23:52:05.724+0000] {dag.py:3328} INFO - Setting next_dagrun for tutorial_taskflow_api to None, run_after=None
[2023-01-20T23:52:05.736+0000] {processor.py:178} INFO - Processing /home/airflow/.local/lib/python3.7/site-packages/airflow/example_dags/tutorial_taskflow_api.py took 0.081 seconds
[2023-01-20T23:52:36.154+0000] {processor.py:156} INFO - Started process (PID=1568) to work on /home/airflow/.local/lib/python3.7/site-packages/airflow/example_dags/tutorial_taskflow_api.py
[2023-01-20T23:52:36.155+0000] {processor.py:758} INFO - Processing file /home/airflow/.local/lib/python3.7/site-packages/airflow/example_dags/tutorial_taskflow_api.py for tasks to queue
[2023-01-20T23:52:36.156+0000] {logging_mixin.py:117} INFO - [2023-01-20T23:52:36.156+0000] {dagbag.py:525} INFO - Filling up the DagBag from /home/airflow/.local/lib/python3.7/site-packages/airflow/example_dags/tutorial_taskflow_api.py
[2023-01-20T23:52:36.172+0000] {processor.py:768} INFO - DAG(s) dict_keys(['tutorial_taskflow_api']) retrieved from /home/airflow/.local/lib/python3.7/site-packages/airflow/example_dags/tutorial_taskflow_api.py
[2023-01-20T23:52:36.202+0000] {logging_mixin.py:117} INFO - [2023-01-20T23:52:36.202+0000] {dag.py:2573} INFO - Sync 1 DAGs
[2023-01-20T23:52:36.216+0000] {logging_mixin.py:117} INFO - [2023-01-20T23:52:36.216+0000] {dag.py:3328} INFO - Setting next_dagrun for tutorial_taskflow_api to None, run_after=None
[2023-01-20T23:52:36.227+0000] {processor.py:178} INFO - Processing /home/airflow/.local/lib/python3.7/site-packages/airflow/example_dags/tutorial_taskflow_api.py took 0.076 seconds
[2023-01-20T23:53:06.508+0000] {processor.py:156} INFO - Started process (PID=1631) to work on /home/airflow/.local/lib/python3.7/site-packages/airflow/example_dags/tutorial_taskflow_api.py
[2023-01-20T23:53:06.509+0000] {processor.py:758} INFO - Processing file /home/airflow/.local/lib/python3.7/site-packages/airflow/example_dags/tutorial_taskflow_api.py for tasks to queue
[2023-01-20T23:53:06.509+0000] {logging_mixin.py:117} INFO - [2023-01-20T23:53:06.509+0000] {dagbag.py:525} INFO - Filling up the DagBag from /home/airflow/.local/lib/python3.7/site-packages/airflow/example_dags/tutorial_taskflow_api.py
[2023-01-20T23:53:06.525+0000] {processor.py:768} INFO - DAG(s) dict_keys(['tutorial_taskflow_api']) retrieved from /home/airflow/.local/lib/python3.7/site-packages/airflow/example_dags/tutorial_taskflow_api.py
[2023-01-20T23:53:06.555+0000] {logging_mixin.py:117} INFO - [2023-01-20T23:53:06.555+0000] {dag.py:2573} INFO - Sync 1 DAGs
[2023-01-20T23:53:06.570+0000] {logging_mixin.py:117} INFO - [2023-01-20T23:53:06.570+0000] {dag.py:3328} INFO - Setting next_dagrun for tutorial_taskflow_api to None, run_after=None
[2023-01-20T23:53:06.580+0000] {processor.py:178} INFO - Processing /home/airflow/.local/lib/python3.7/site-packages/airflow/example_dags/tutorial_taskflow_api.py took 0.075 seconds
[2023-01-20T23:53:37.191+0000] {processor.py:156} INFO - Started process (PID=1694) to work on /home/airflow/.local/lib/python3.7/site-packages/airflow/example_dags/tutorial_taskflow_api.py
[2023-01-20T23:53:37.192+0000] {processor.py:758} INFO - Processing file /home/airflow/.local/lib/python3.7/site-packages/airflow/example_dags/tutorial_taskflow_api.py for tasks to queue
[2023-01-20T23:53:37.193+0000] {logging_mixin.py:117} INFO - [2023-01-20T23:53:37.193+0000] {dagbag.py:525} INFO - Filling up the DagBag from /home/airflow/.local/lib/python3.7/site-packages/airflow/example_dags/tutorial_taskflow_api.py
[2023-01-20T23:53:37.210+0000] {processor.py:768} INFO - DAG(s) dict_keys(['tutorial_taskflow_api']) retrieved from /home/airflow/.local/lib/python3.7/site-packages/airflow/example_dags/tutorial_taskflow_api.py
[2023-01-20T23:53:37.242+0000] {logging_mixin.py:117} INFO - [2023-01-20T23:53:37.242+0000] {dag.py:2573} INFO - Sync 1 DAGs
[2023-01-20T23:53:37.258+0000] {logging_mixin.py:117} INFO - [2023-01-20T23:53:37.258+0000] {dag.py:3328} INFO - Setting next_dagrun for tutorial_taskflow_api to None, run_after=None
[2023-01-20T23:53:37.271+0000] {processor.py:178} INFO - Processing /home/airflow/.local/lib/python3.7/site-packages/airflow/example_dags/tutorial_taskflow_api.py took 0.083 seconds
[2023-01-20T23:54:07.494+0000] {processor.py:156} INFO - Started process (PID=1758) to work on /home/airflow/.local/lib/python3.7/site-packages/airflow/example_dags/tutorial_taskflow_api.py
[2023-01-20T23:54:07.496+0000] {processor.py:758} INFO - Processing file /home/airflow/.local/lib/python3.7/site-packages/airflow/example_dags/tutorial_taskflow_api.py for tasks to queue
[2023-01-20T23:54:07.497+0000] {logging_mixin.py:117} INFO - [2023-01-20T23:54:07.497+0000] {dagbag.py:525} INFO - Filling up the DagBag from /home/airflow/.local/lib/python3.7/site-packages/airflow/example_dags/tutorial_taskflow_api.py
[2023-01-20T23:54:07.514+0000] {processor.py:768} INFO - DAG(s) dict_keys(['tutorial_taskflow_api']) retrieved from /home/airflow/.local/lib/python3.7/site-packages/airflow/example_dags/tutorial_taskflow_api.py
[2023-01-20T23:54:07.542+0000] {logging_mixin.py:117} INFO - [2023-01-20T23:54:07.542+0000] {dag.py:2573} INFO - Sync 1 DAGs
[2023-01-20T23:54:07.557+0000] {logging_mixin.py:117} INFO - [2023-01-20T23:54:07.557+0000] {dag.py:3328} INFO - Setting next_dagrun for tutorial_taskflow_api to None, run_after=None
[2023-01-20T23:54:07.568+0000] {processor.py:178} INFO - Processing /home/airflow/.local/lib/python3.7/site-packages/airflow/example_dags/tutorial_taskflow_api.py took 0.076 seconds
[2023-01-20T23:54:53.378+0000] {processor.py:156} INFO - Started process (PID=35) to work on /home/airflow/.local/lib/python3.7/site-packages/airflow/example_dags/tutorial_taskflow_api.py
[2023-01-20T23:54:53.379+0000] {processor.py:758} INFO - Processing file /home/airflow/.local/lib/python3.7/site-packages/airflow/example_dags/tutorial_taskflow_api.py for tasks to queue
[2023-01-20T23:54:53.380+0000] {logging_mixin.py:117} INFO - [2023-01-20T23:54:53.380+0000] {dagbag.py:525} INFO - Filling up the DagBag from /home/airflow/.local/lib/python3.7/site-packages/airflow/example_dags/tutorial_taskflow_api.py
[2023-01-20T23:54:53.399+0000] {processor.py:768} INFO - DAG(s) dict_keys(['tutorial_taskflow_api']) retrieved from /home/airflow/.local/lib/python3.7/site-packages/airflow/example_dags/tutorial_taskflow_api.py
[2023-01-20T23:54:53.621+0000] {logging_mixin.py:117} INFO - [2023-01-20T23:54:53.621+0000] {dag.py:2573} INFO - Sync 1 DAGs
[2023-01-20T23:54:53.649+0000] {logging_mixin.py:117} INFO - [2023-01-20T23:54:53.649+0000] {dag.py:3328} INFO - Setting next_dagrun for tutorial_taskflow_api to None, run_after=None
[2023-01-20T23:54:53.664+0000] {processor.py:178} INFO - Processing /home/airflow/.local/lib/python3.7/site-packages/airflow/example_dags/tutorial_taskflow_api.py took 0.290 seconds
[2023-01-20T23:55:23.844+0000] {processor.py:156} INFO - Started process (PID=99) to work on /home/airflow/.local/lib/python3.7/site-packages/airflow/example_dags/tutorial_taskflow_api.py
[2023-01-20T23:55:23.845+0000] {processor.py:758} INFO - Processing file /home/airflow/.local/lib/python3.7/site-packages/airflow/example_dags/tutorial_taskflow_api.py for tasks to queue
[2023-01-20T23:55:23.846+0000] {logging_mixin.py:117} INFO - [2023-01-20T23:55:23.846+0000] {dagbag.py:525} INFO - Filling up the DagBag from /home/airflow/.local/lib/python3.7/site-packages/airflow/example_dags/tutorial_taskflow_api.py
[2023-01-20T23:55:23.862+0000] {processor.py:768} INFO - DAG(s) dict_keys(['tutorial_taskflow_api']) retrieved from /home/airflow/.local/lib/python3.7/site-packages/airflow/example_dags/tutorial_taskflow_api.py
[2023-01-20T23:55:23.978+0000] {logging_mixin.py:117} INFO - [2023-01-20T23:55:23.978+0000] {dag.py:2573} INFO - Sync 1 DAGs
[2023-01-20T23:55:23.994+0000] {logging_mixin.py:117} INFO - [2023-01-20T23:55:23.993+0000] {dag.py:3328} INFO - Setting next_dagrun for tutorial_taskflow_api to None, run_after=None
[2023-01-20T23:55:24.005+0000] {processor.py:178} INFO - Processing /home/airflow/.local/lib/python3.7/site-packages/airflow/example_dags/tutorial_taskflow_api.py took 0.165 seconds
[2023-01-20T23:57:21.194+0000] {processor.py:156} INFO - Started process (PID=36) to work on /home/airflow/.local/lib/python3.7/site-packages/airflow/example_dags/tutorial_taskflow_api.py
[2023-01-20T23:57:21.196+0000] {processor.py:758} INFO - Processing file /home/airflow/.local/lib/python3.7/site-packages/airflow/example_dags/tutorial_taskflow_api.py for tasks to queue
[2023-01-20T23:57:21.204+0000] {logging_mixin.py:117} INFO - [2023-01-20T23:57:21.204+0000] {dagbag.py:525} INFO - Filling up the DagBag from /home/airflow/.local/lib/python3.7/site-packages/airflow/example_dags/tutorial_taskflow_api.py
[2023-01-20T23:57:21.242+0000] {processor.py:768} INFO - DAG(s) dict_keys(['tutorial_taskflow_api']) retrieved from /home/airflow/.local/lib/python3.7/site-packages/airflow/example_dags/tutorial_taskflow_api.py
[2023-01-20T23:57:21.676+0000] {logging_mixin.py:117} INFO - [2023-01-20T23:57:21.676+0000] {dag.py:2573} INFO - Sync 1 DAGs
[2023-01-20T23:57:21.717+0000] {logging_mixin.py:117} INFO - [2023-01-20T23:57:21.717+0000] {dag.py:3328} INFO - Setting next_dagrun for tutorial_taskflow_api to None, run_after=None
[2023-01-20T23:57:21.760+0000] {processor.py:178} INFO - Processing /home/airflow/.local/lib/python3.7/site-packages/airflow/example_dags/tutorial_taskflow_api.py took 0.571 seconds
[2023-01-20T23:57:52.441+0000] {processor.py:156} INFO - Started process (PID=89) to work on /home/airflow/.local/lib/python3.7/site-packages/airflow/example_dags/tutorial_taskflow_api.py
[2023-01-20T23:57:52.442+0000] {processor.py:758} INFO - Processing file /home/airflow/.local/lib/python3.7/site-packages/airflow/example_dags/tutorial_taskflow_api.py for tasks to queue
[2023-01-20T23:57:52.443+0000] {logging_mixin.py:117} INFO - [2023-01-20T23:57:52.443+0000] {dagbag.py:525} INFO - Filling up the DagBag from /home/airflow/.local/lib/python3.7/site-packages/airflow/example_dags/tutorial_taskflow_api.py
[2023-01-20T23:57:52.464+0000] {processor.py:768} INFO - DAG(s) dict_keys(['tutorial_taskflow_api']) retrieved from /home/airflow/.local/lib/python3.7/site-packages/airflow/example_dags/tutorial_taskflow_api.py
[2023-01-20T23:57:52.607+0000] {logging_mixin.py:117} INFO - [2023-01-20T23:57:52.607+0000] {dag.py:2573} INFO - Sync 1 DAGs
[2023-01-20T23:57:52.621+0000] {logging_mixin.py:117} INFO - [2023-01-20T23:57:52.621+0000] {dag.py:3328} INFO - Setting next_dagrun for tutorial_taskflow_api to None, run_after=None
[2023-01-20T23:57:52.634+0000] {processor.py:178} INFO - Processing /home/airflow/.local/lib/python3.7/site-packages/airflow/example_dags/tutorial_taskflow_api.py took 0.196 seconds
[2023-01-20T23:58:24.050+0000] {processor.py:156} INFO - Started process (PID=151) to work on /home/airflow/.local/lib/python3.7/site-packages/airflow/example_dags/tutorial_taskflow_api.py
[2023-01-20T23:58:24.052+0000] {processor.py:758} INFO - Processing file /home/airflow/.local/lib/python3.7/site-packages/airflow/example_dags/tutorial_taskflow_api.py for tasks to queue
[2023-01-20T23:58:24.053+0000] {logging_mixin.py:117} INFO - [2023-01-20T23:58:24.053+0000] {dagbag.py:525} INFO - Filling up the DagBag from /home/airflow/.local/lib/python3.7/site-packages/airflow/example_dags/tutorial_taskflow_api.py
[2023-01-20T23:58:24.283+0000] {processor.py:768} INFO - DAG(s) dict_keys(['tutorial_taskflow_api']) retrieved from /home/airflow/.local/lib/python3.7/site-packages/airflow/example_dags/tutorial_taskflow_api.py
[2023-01-20T23:58:24.313+0000] {logging_mixin.py:117} INFO - [2023-01-20T23:58:24.313+0000] {dag.py:2573} INFO - Sync 1 DAGs
[2023-01-20T23:58:24.331+0000] {logging_mixin.py:117} INFO - [2023-01-20T23:58:24.331+0000] {dag.py:3328} INFO - Setting next_dagrun for tutorial_taskflow_api to None, run_after=None
[2023-01-20T23:58:24.363+0000] {processor.py:178} INFO - Processing /home/airflow/.local/lib/python3.7/site-packages/airflow/example_dags/tutorial_taskflow_api.py took 0.316 seconds
[2023-01-20T23:58:55.416+0000] {processor.py:156} INFO - Started process (PID=214) to work on /home/airflow/.local/lib/python3.7/site-packages/airflow/example_dags/tutorial_taskflow_api.py
[2023-01-20T23:58:55.418+0000] {processor.py:758} INFO - Processing file /home/airflow/.local/lib/python3.7/site-packages/airflow/example_dags/tutorial_taskflow_api.py for tasks to queue
[2023-01-20T23:58:55.419+0000] {logging_mixin.py:117} INFO - [2023-01-20T23:58:55.419+0000] {dagbag.py:525} INFO - Filling up the DagBag from /home/airflow/.local/lib/python3.7/site-packages/airflow/example_dags/tutorial_taskflow_api.py
[2023-01-20T23:58:55.431+0000] {processor.py:768} INFO - DAG(s) dict_keys(['tutorial_taskflow_api']) retrieved from /home/airflow/.local/lib/python3.7/site-packages/airflow/example_dags/tutorial_taskflow_api.py
[2023-01-20T23:58:55.456+0000] {logging_mixin.py:117} INFO - [2023-01-20T23:58:55.456+0000] {dag.py:2573} INFO - Sync 1 DAGs
[2023-01-20T23:58:55.470+0000] {logging_mixin.py:117} INFO - [2023-01-20T23:58:55.469+0000] {dag.py:3328} INFO - Setting next_dagrun for tutorial_taskflow_api to None, run_after=None
[2023-01-20T23:58:55.485+0000] {processor.py:178} INFO - Processing /home/airflow/.local/lib/python3.7/site-packages/airflow/example_dags/tutorial_taskflow_api.py took 0.208 seconds
[2023-01-20T23:59:26.116+0000] {processor.py:156} INFO - Started process (PID=277) to work on /home/airflow/.local/lib/python3.7/site-packages/airflow/example_dags/tutorial_taskflow_api.py
[2023-01-20T23:59:26.118+0000] {processor.py:758} INFO - Processing file /home/airflow/.local/lib/python3.7/site-packages/airflow/example_dags/tutorial_taskflow_api.py for tasks to queue
[2023-01-20T23:59:26.119+0000] {logging_mixin.py:117} INFO - [2023-01-20T23:59:26.119+0000] {dagbag.py:525} INFO - Filling up the DagBag from /home/airflow/.local/lib/python3.7/site-packages/airflow/example_dags/tutorial_taskflow_api.py
[2023-01-20T23:59:26.136+0000] {processor.py:768} INFO - DAG(s) dict_keys(['tutorial_taskflow_api']) retrieved from /home/airflow/.local/lib/python3.7/site-packages/airflow/example_dags/tutorial_taskflow_api.py
[2023-01-20T23:59:26.171+0000] {logging_mixin.py:117} INFO - [2023-01-20T23:59:26.170+0000] {dag.py:2573} INFO - Sync 1 DAGs
[2023-01-20T23:59:26.187+0000] {logging_mixin.py:117} INFO - [2023-01-20T23:59:26.187+0000] {dag.py:3328} INFO - Setting next_dagrun for tutorial_taskflow_api to None, run_after=None
[2023-01-20T23:59:26.202+0000] {processor.py:178} INFO - Processing /home/airflow/.local/lib/python3.7/site-packages/airflow/example_dags/tutorial_taskflow_api.py took 0.089 seconds
[2023-01-20T23:59:56.540+0000] {processor.py:156} INFO - Started process (PID=331) to work on /home/airflow/.local/lib/python3.7/site-packages/airflow/example_dags/tutorial_taskflow_api.py
[2023-01-20T23:59:56.541+0000] {processor.py:758} INFO - Processing file /home/airflow/.local/lib/python3.7/site-packages/airflow/example_dags/tutorial_taskflow_api.py for tasks to queue
[2023-01-20T23:59:56.542+0000] {logging_mixin.py:117} INFO - [2023-01-20T23:59:56.542+0000] {dagbag.py:525} INFO - Filling up the DagBag from /home/airflow/.local/lib/python3.7/site-packages/airflow/example_dags/tutorial_taskflow_api.py
[2023-01-20T23:59:56.558+0000] {processor.py:768} INFO - DAG(s) dict_keys(['tutorial_taskflow_api']) retrieved from /home/airflow/.local/lib/python3.7/site-packages/airflow/example_dags/tutorial_taskflow_api.py
[2023-01-20T23:59:56.586+0000] {logging_mixin.py:117} INFO - [2023-01-20T23:59:56.586+0000] {dag.py:2573} INFO - Sync 1 DAGs
[2023-01-20T23:59:56.601+0000] {logging_mixin.py:117} INFO - [2023-01-20T23:59:56.601+0000] {dag.py:3328} INFO - Setting next_dagrun for tutorial_taskflow_api to None, run_after=None
[2023-01-20T23:59:56.613+0000] {processor.py:178} INFO - Processing /home/airflow/.local/lib/python3.7/site-packages/airflow/example_dags/tutorial_taskflow_api.py took 0.075 seconds
