[2023-01-21T12:08:42.142+0000] {taskinstance.py:1165} INFO - Dependencies all met for <TaskInstance: real_estate_data_pipeline.read_csv manual__2023-01-21T12:08:40.713787+00:00 [queued]>
[2023-01-21T12:08:42.172+0000] {taskinstance.py:1165} INFO - Dependencies all met for <TaskInstance: real_estate_data_pipeline.read_csv manual__2023-01-21T12:08:40.713787+00:00 [queued]>
[2023-01-21T12:08:42.174+0000] {taskinstance.py:1362} INFO - 
--------------------------------------------------------------------------------
[2023-01-21T12:08:42.175+0000] {taskinstance.py:1363} INFO - Starting attempt 1 of 2
[2023-01-21T12:08:42.176+0000] {taskinstance.py:1364} INFO - 
--------------------------------------------------------------------------------
[2023-01-21T12:08:42.215+0000] {taskinstance.py:1383} INFO - Executing <Task(PythonOperator): read_csv> on 2023-01-21 12:08:40.713787+00:00
[2023-01-21T12:08:42.229+0000] {standard_task_runner.py:54} INFO - Started process 1280 to run task
[2023-01-21T12:08:42.252+0000] {standard_task_runner.py:82} INFO - Running: ['***', 'tasks', 'run', 'real_estate_data_pipeline', 'read_csv', 'manual__2023-01-21T12:08:40.713787+00:00', '--job-id', '1202', '--raw', '--subdir', 'DAGS_FOLDER/real_estate_dag.py', '--cfg-path', '/tmp/tmp_n21dxbw']
[2023-01-21T12:08:42.254+0000] {standard_task_runner.py:83} INFO - Job 1202: Subtask read_csv
[2023-01-21T12:08:42.258+0000] {dagbag.py:525} INFO - Filling up the DagBag from /opt/***/dags/real_estate_dag.py
[2023-01-21T12:08:43.187+0000] {task_command.py:384} INFO - Running <TaskInstance: real_estate_data_pipeline.read_csv manual__2023-01-21T12:08:40.713787+00:00 [running]> on host 9667f615f42a
[2023-01-21T12:08:43.258+0000] {taskinstance.py:1592} INFO - Exporting the following env vars:
AIRFLOW_CTX_DAG_OWNER=me
AIRFLOW_CTX_DAG_ID=real_estate_data_pipeline
AIRFLOW_CTX_TASK_ID=read_csv
AIRFLOW_CTX_EXECUTION_DATE=2023-01-21T12:08:40.713787+00:00
AIRFLOW_CTX_TRY_NUMBER=1
AIRFLOW_CTX_DAG_RUN_ID=manual__2023-01-21T12:08:40.713787+00:00
[2023-01-21T12:08:43.260+0000] {logging_mixin.py:117} INFO - File esxist ?
[2023-01-21T12:08:43.261+0000] {logging_mixin.py:117} INFO - True
[2023-01-21T12:08:43.274+0000] {python.py:177} INFO - Done. Returned value was: {"address":{"0":"1234 Elm St","1":"5678 Oak Ave","2":"1234 Birch Rd"},"city":{"0":"Anytown","1":"Othertown","2":"Sometown"},"zipcode":{"0":12345,"1":67890,"2":54321},"price":{"0":500000,"1":450000,"2":425000},"bedrooms":{"0":3,"1":4,"2":3},"bathrooms":{"0":2.0,"1":2.5,"2":2.0},"sqft":{"0":2000,"1":2500,"2":1500},"sale_date":{"0":"2022-01-01","1":"2022-01-02","2":"2022-01-03"}}
[2023-01-21T12:08:43.315+0000] {taskinstance.py:1406} INFO - Marking task as SUCCESS. dag_id=real_estate_data_pipeline, task_id=read_csv, execution_date=20230121T120840, start_date=20230121T120842, end_date=20230121T120843
[2023-01-21T12:08:43.395+0000] {local_task_job.py:164} INFO - Task exited with return code 0
[2023-01-21T12:08:43.467+0000] {local_task_job.py:273} INFO - 0 downstream tasks scheduled from follow-on schedule check
