[2023-02-04T01:24:52.509+0000] {taskinstance.py:1165} INFO - Dependencies all met for <TaskInstance: real_estate_data_pipeline.clean_and_transform_data manual__2023-02-04T01:23:06.856096+00:00 [queued]>
[2023-02-04T01:24:52.524+0000] {taskinstance.py:1165} INFO - Dependencies all met for <TaskInstance: real_estate_data_pipeline.clean_and_transform_data manual__2023-02-04T01:23:06.856096+00:00 [queued]>
[2023-02-04T01:24:52.525+0000] {taskinstance.py:1362} INFO - 
--------------------------------------------------------------------------------
[2023-02-04T01:24:52.525+0000] {taskinstance.py:1363} INFO - Starting attempt 2 of 3
[2023-02-04T01:24:52.526+0000] {taskinstance.py:1364} INFO - 
--------------------------------------------------------------------------------
[2023-02-04T01:24:52.536+0000] {taskinstance.py:1383} INFO - Executing <Task(PythonOperator): clean_and_transform_data> on 2023-02-04 01:23:06.856096+00:00
[2023-02-04T01:24:52.541+0000] {standard_task_runner.py:54} INFO - Started process 4808 to run task
[2023-02-04T01:24:52.545+0000] {standard_task_runner.py:82} INFO - Running: ['***', 'tasks', 'run', 'real_estate_data_pipeline', 'clean_and_transform_data', 'manual__2023-02-04T01:23:06.856096+00:00', '--job-id', '1329', '--raw', '--subdir', 'DAGS_FOLDER/real_estate_dag.py', '--cfg-path', '/tmp/tmp9rh7vb3f']
[2023-02-04T01:24:52.546+0000] {standard_task_runner.py:83} INFO - Job 1329: Subtask clean_and_transform_data
[2023-02-04T01:24:52.547+0000] {dagbag.py:525} INFO - Filling up the DagBag from /opt/***/dags/real_estate_dag.py
[2023-02-04T01:24:52.822+0000] {task_command.py:384} INFO - Running <TaskInstance: real_estate_data_pipeline.clean_and_transform_data manual__2023-02-04T01:23:06.856096+00:00 [running]> on host 9667f615f42a
[2023-02-04T01:24:52.892+0000] {taskinstance.py:1592} INFO - Exporting the following env vars:
AIRFLOW_CTX_DAG_OWNER=me
AIRFLOW_CTX_DAG_ID=real_estate_data_pipeline
AIRFLOW_CTX_TASK_ID=clean_and_transform_data
AIRFLOW_CTX_EXECUTION_DATE=2023-02-04T01:23:06.856096+00:00
AIRFLOW_CTX_TRY_NUMBER=2
AIRFLOW_CTX_DAG_RUN_ID=manual__2023-02-04T01:23:06.856096+00:00
[2023-02-04T01:24:52.917+0000] {python.py:177} INFO - Done. Returned value was: {"address":{"0":"1234 Elm St","1":"5678 Oak Ave","2":"1234 Birch Rd"},"city":{"0":"Anytown","1":"Othertown","2":"Sometown"},"zipcode":{"0":12345,"1":67890,"2":54321},"price":{"0":500000,"1":450000,"2":425000},"bedrooms":{"0":3,"1":4,"2":3},"bathrooms":{"0":2.0,"1":2.5,"2":2.0},"sqft":{"0":2000,"1":2500,"2":1500},"sale_date":{"0":"2022-01-01","1":"2022-01-02","2":"2022-01-03"}}
[2023-02-04T01:24:52.968+0000] {taskinstance.py:1406} INFO - Marking task as SUCCESS. dag_id=real_estate_data_pipeline, task_id=clean_and_transform_data, execution_date=20230204T012306, start_date=20230204T012452, end_date=20230204T012452
[2023-02-04T01:24:53.044+0000] {local_task_job.py:164} INFO - Task exited with return code 0
[2023-02-04T01:24:53.069+0000] {local_task_job.py:273} INFO - 1 downstream tasks scheduled from follow-on schedule check
