[2023-02-04T02:02:01.264+0000] {taskinstance.py:1165} INFO - Dependencies all met for <TaskInstance: real_estate_data_pipeline.create_db manual__2023-02-04T02:01:56.615751+00:00 [queued]>
[2023-02-04T02:02:01.271+0000] {taskinstance.py:1165} INFO - Dependencies all met for <TaskInstance: real_estate_data_pipeline.create_db manual__2023-02-04T02:01:56.615751+00:00 [queued]>
[2023-02-04T02:02:01.272+0000] {taskinstance.py:1362} INFO - 
--------------------------------------------------------------------------------
[2023-02-04T02:02:01.273+0000] {taskinstance.py:1363} INFO - Starting attempt 1 of 2
[2023-02-04T02:02:01.273+0000] {taskinstance.py:1364} INFO - 
--------------------------------------------------------------------------------
[2023-02-04T02:02:01.283+0000] {taskinstance.py:1383} INFO - Executing <Task(PythonOperator): create_db> on 2023-02-04 02:01:56.615751+00:00
[2023-02-04T02:02:01.288+0000] {standard_task_runner.py:54} INFO - Started process 6671 to run task
[2023-02-04T02:02:01.292+0000] {standard_task_runner.py:82} INFO - Running: ['***', 'tasks', 'run', 'real_estate_data_pipeline', 'create_db', 'manual__2023-02-04T02:01:56.615751+00:00', '--job-id', '1349', '--raw', '--subdir', 'DAGS_FOLDER/real_estate_dag.py', '--cfg-path', '/tmp/tmp8f4izryj']
[2023-02-04T02:02:01.293+0000] {standard_task_runner.py:83} INFO - Job 1349: Subtask create_db
[2023-02-04T02:02:01.294+0000] {dagbag.py:525} INFO - Filling up the DagBag from /opt/***/dags/real_estate_dag.py
[2023-02-04T02:02:01.509+0000] {task_command.py:384} INFO - Running <TaskInstance: real_estate_data_pipeline.create_db manual__2023-02-04T02:01:56.615751+00:00 [running]> on host 9667f615f42a
[2023-02-04T02:02:01.552+0000] {taskinstance.py:1592} INFO - Exporting the following env vars:
AIRFLOW_CTX_DAG_OWNER=me
AIRFLOW_CTX_DAG_ID=real_estate_data_pipeline
AIRFLOW_CTX_TASK_ID=create_db
AIRFLOW_CTX_EXECUTION_DATE=2023-02-04T02:01:56.615751+00:00
AIRFLOW_CTX_TRY_NUMBER=1
AIRFLOW_CTX_DAG_RUN_ID=manual__2023-02-04T02:01:56.615751+00:00
[2023-02-04T02:02:04.166+0000] {python.py:177} INFO - Done. Returned value was: None
[2023-02-04T02:02:04.195+0000] {taskinstance.py:1406} INFO - Marking task as SUCCESS. dag_id=real_estate_data_pipeline, task_id=create_db, execution_date=20230204T020156, start_date=20230204T020201, end_date=20230204T020204
[2023-02-04T02:02:04.314+0000] {local_task_job.py:164} INFO - Task exited with return code 0
[2023-02-04T02:02:04.346+0000] {local_task_job.py:273} INFO - 1 downstream tasks scheduled from follow-on schedule check
