[2023-02-04T00:56:10.966+0000] {taskinstance.py:1165} INFO - Dependencies all met for <TaskInstance: real_estate_data_pipeline.create_db manual__2023-02-04T00:56:06.496480+00:00 [queued]>
[2023-02-04T00:56:10.987+0000] {taskinstance.py:1165} INFO - Dependencies all met for <TaskInstance: real_estate_data_pipeline.create_db manual__2023-02-04T00:56:06.496480+00:00 [queued]>
[2023-02-04T00:56:10.989+0000] {taskinstance.py:1362} INFO - 
--------------------------------------------------------------------------------
[2023-02-04T00:56:10.991+0000] {taskinstance.py:1363} INFO - Starting attempt 1 of 2
[2023-02-04T00:56:10.992+0000] {taskinstance.py:1364} INFO - 
--------------------------------------------------------------------------------
[2023-02-04T00:56:11.027+0000] {taskinstance.py:1383} INFO - Executing <Task(PythonOperator): create_db> on 2023-02-04 00:56:06.496480+00:00
[2023-02-04T00:56:11.051+0000] {standard_task_runner.py:54} INFO - Started process 3365 to run task
[2023-02-04T00:56:11.073+0000] {standard_task_runner.py:82} INFO - Running: ['***', 'tasks', 'run', 'real_estate_data_pipeline', 'create_db', 'manual__2023-02-04T00:56:06.496480+00:00', '--job-id', '1309', '--raw', '--subdir', 'DAGS_FOLDER/real_estate_dag.py', '--cfg-path', '/tmp/tmpcsiweerg']
[2023-02-04T00:56:11.080+0000] {standard_task_runner.py:83} INFO - Job 1309: Subtask create_db
[2023-02-04T00:56:11.181+0000] {dagbag.py:525} INFO - Filling up the DagBag from /opt/***/dags/real_estate_dag.py
[2023-02-04T00:56:12.511+0000] {task_command.py:384} INFO - Running <TaskInstance: real_estate_data_pipeline.create_db manual__2023-02-04T00:56:06.496480+00:00 [running]> on host 9667f615f42a
[2023-02-04T00:56:12.588+0000] {taskinstance.py:1592} INFO - Exporting the following env vars:
AIRFLOW_CTX_DAG_OWNER=me
AIRFLOW_CTX_DAG_ID=real_estate_data_pipeline
AIRFLOW_CTX_TASK_ID=create_db
AIRFLOW_CTX_EXECUTION_DATE=2023-02-04T00:56:06.496480+00:00
AIRFLOW_CTX_TRY_NUMBER=1
AIRFLOW_CTX_DAG_RUN_ID=manual__2023-02-04T00:56:06.496480+00:00
[2023-02-04T00:56:12.590+0000] {taskinstance.py:1851} ERROR - Task failed with exception
Traceback (most recent call last):
  File "/home/airflow/.local/lib/python3.7/site-packages/airflow/operators/python.py", line 175, in execute
    return_value = self.execute_callable()
  File "/home/airflow/.local/lib/python3.7/site-packages/airflow/operators/python.py", line 193, in execute_callable
    return self.python_callable(*self.op_args, **self.op_kwargs)
  File "/opt/airflow/dags/real_estate_dag.py", line 70, in create_db
    conn = psycopg2.connect(dbname="housing_market_db", user="postgres", password="root", host="localhost")
  File "/home/airflow/.local/lib/python3.7/site-packages/psycopg2/__init__.py", line 122, in connect
    conn = _connect(dsn, connection_factory=connection_factory, **kwasync)
psycopg2.OperationalError: connection to server at "localhost" (127.0.0.1), port 5432 failed: Connection refused
	Is the server running on that host and accepting TCP/IP connections?
connection to server at "localhost" (::1), port 5432 failed: Cannot assign requested address
	Is the server running on that host and accepting TCP/IP connections?

[2023-02-04T00:56:12.613+0000] {taskinstance.py:1406} INFO - Marking task as UP_FOR_RETRY. dag_id=real_estate_data_pipeline, task_id=create_db, execution_date=20230204T005606, start_date=20230204T005610, end_date=20230204T005612
[2023-02-04T00:56:12.623+0000] {standard_task_runner.py:107} ERROR - Failed to execute job 1309 for task create_db (connection to server at "localhost" (127.0.0.1), port 5432 failed: Connection refused
	Is the server running on that host and accepting TCP/IP connections?
connection to server at "localhost" (::1), port 5432 failed: Cannot assign requested address
	Is the server running on that host and accepting TCP/IP connections?
; 3365)
[2023-02-04T00:56:12.702+0000] {local_task_job.py:164} INFO - Task exited with return code 1
[2023-02-04T00:56:12.764+0000] {local_task_job.py:273} INFO - 0 downstream tasks scheduled from follow-on schedule check
