[2023-02-04T01:29:54.715+0000] {taskinstance.py:1165} INFO - Dependencies all met for <TaskInstance: real_estate_data_pipeline.create_db manual__2023-02-04T01:23:06.856096+00:00 [queued]>
[2023-02-04T01:29:54.721+0000] {taskinstance.py:1165} INFO - Dependencies all met for <TaskInstance: real_estate_data_pipeline.create_db manual__2023-02-04T01:23:06.856096+00:00 [queued]>
[2023-02-04T01:29:54.722+0000] {taskinstance.py:1362} INFO - 
--------------------------------------------------------------------------------
[2023-02-04T01:29:54.722+0000] {taskinstance.py:1363} INFO - Starting attempt 3 of 3
[2023-02-04T01:29:54.722+0000] {taskinstance.py:1364} INFO - 
--------------------------------------------------------------------------------
[2023-02-04T01:29:54.729+0000] {taskinstance.py:1383} INFO - Executing <Task(PythonOperator): create_db> on 2023-02-04 01:23:06.856096+00:00
[2023-02-04T01:29:54.733+0000] {standard_task_runner.py:54} INFO - Started process 5075 to run task
[2023-02-04T01:29:54.737+0000] {standard_task_runner.py:82} INFO - Running: ['***', 'tasks', 'run', 'real_estate_data_pipeline', 'create_db', 'manual__2023-02-04T01:23:06.856096+00:00', '--job-id', '1334', '--raw', '--subdir', 'DAGS_FOLDER/real_estate_dag.py', '--cfg-path', '/tmp/tmp6ik6e1li']
[2023-02-04T01:29:54.738+0000] {standard_task_runner.py:83} INFO - Job 1334: Subtask create_db
[2023-02-04T01:29:54.739+0000] {dagbag.py:525} INFO - Filling up the DagBag from /opt/***/dags/real_estate_dag.py
[2023-02-04T01:29:55.066+0000] {task_command.py:384} INFO - Running <TaskInstance: real_estate_data_pipeline.create_db manual__2023-02-04T01:23:06.856096+00:00 [running]> on host 9667f615f42a
[2023-02-04T01:29:55.116+0000] {taskinstance.py:1592} INFO - Exporting the following env vars:
AIRFLOW_CTX_DAG_OWNER=me
AIRFLOW_CTX_DAG_ID=real_estate_data_pipeline
AIRFLOW_CTX_TASK_ID=create_db
AIRFLOW_CTX_EXECUTION_DATE=2023-02-04T01:23:06.856096+00:00
AIRFLOW_CTX_TRY_NUMBER=3
AIRFLOW_CTX_DAG_RUN_ID=manual__2023-02-04T01:23:06.856096+00:00
[2023-02-04T01:29:55.118+0000] {taskinstance.py:1851} ERROR - Task failed with exception
Traceback (most recent call last):
  File "/home/airflow/.local/lib/python3.7/site-packages/airflow/operators/python.py", line 175, in execute
    return_value = self.execute_callable()
  File "/home/airflow/.local/lib/python3.7/site-packages/airflow/operators/python.py", line 193, in execute_callable
    return self.python_callable(*self.op_args, **self.op_kwargs)
  File "/opt/airflow/dags/real_estate_dag.py", line 70, in create_db
    conn = psycopg2.connect(dbname="airflow", user="airflow", password="airflow", host="127.0.0.1")
  File "/home/airflow/.local/lib/python3.7/site-packages/psycopg2/__init__.py", line 122, in connect
    conn = _connect(dsn, connection_factory=connection_factory, **kwasync)
psycopg2.OperationalError: connection to server at "127.0.0.1", port 5432 failed: Connection refused
	Is the server running on that host and accepting TCP/IP connections?

[2023-02-04T01:29:55.127+0000] {taskinstance.py:1406} INFO - Marking task as FAILED. dag_id=real_estate_data_pipeline, task_id=create_db, execution_date=20230204T012306, start_date=20230204T012954, end_date=20230204T012955
[2023-02-04T01:29:55.135+0000] {standard_task_runner.py:107} ERROR - Failed to execute job 1334 for task create_db (connection to server at "127.0.0.1", port 5432 failed: Connection refused
	Is the server running on that host and accepting TCP/IP connections?
; 5075)
[2023-02-04T01:29:55.161+0000] {local_task_job.py:164} INFO - Task exited with return code 1
[2023-02-04T01:29:55.184+0000] {local_task_job.py:273} INFO - 0 downstream tasks scheduled from follow-on schedule check
