[2023-01-21T12:02:25.129+0000] {taskinstance.py:1165} INFO - Dependencies all met for <TaskInstance: real_estate_data_pipeline.read_csv manual__2023-01-21T11:57:22.437535+00:00 [queued]>
[2023-01-21T12:02:25.136+0000] {taskinstance.py:1165} INFO - Dependencies all met for <TaskInstance: real_estate_data_pipeline.read_csv manual__2023-01-21T11:57:22.437535+00:00 [queued]>
[2023-01-21T12:02:25.137+0000] {taskinstance.py:1362} INFO - 
--------------------------------------------------------------------------------
[2023-01-21T12:02:25.137+0000] {taskinstance.py:1363} INFO - Starting attempt 2 of 2
[2023-01-21T12:02:25.138+0000] {taskinstance.py:1364} INFO - 
--------------------------------------------------------------------------------
[2023-01-21T12:02:25.149+0000] {taskinstance.py:1383} INFO - Executing <Task(PythonOperator): read_csv> on 2023-01-21 11:57:22.437535+00:00
[2023-01-21T12:02:25.153+0000] {standard_task_runner.py:54} INFO - Started process 974 to run task
[2023-01-21T12:02:25.157+0000] {standard_task_runner.py:82} INFO - Running: ['***', 'tasks', 'run', 'real_estate_data_pipeline', 'read_csv', 'manual__2023-01-21T11:57:22.437535+00:00', '--job-id', '1201', '--raw', '--subdir', 'DAGS_FOLDER/real_estate_dag.py', '--cfg-path', '/tmp/tmpaz4ciq7p']
[2023-01-21T12:02:25.157+0000] {standard_task_runner.py:83} INFO - Job 1201: Subtask read_csv
[2023-01-21T12:02:25.159+0000] {dagbag.py:525} INFO - Filling up the DagBag from /opt/***/dags/real_estate_dag.py
[2023-01-21T12:02:25.467+0000] {task_command.py:384} INFO - Running <TaskInstance: real_estate_data_pipeline.read_csv manual__2023-01-21T11:57:22.437535+00:00 [running]> on host 9667f615f42a
[2023-01-21T12:02:25.537+0000] {taskinstance.py:1592} INFO - Exporting the following env vars:
AIRFLOW_CTX_DAG_OWNER=me
AIRFLOW_CTX_DAG_ID=real_estate_data_pipeline
AIRFLOW_CTX_TASK_ID=read_csv
AIRFLOW_CTX_EXECUTION_DATE=2023-01-21T11:57:22.437535+00:00
AIRFLOW_CTX_TRY_NUMBER=2
AIRFLOW_CTX_DAG_RUN_ID=manual__2023-01-21T11:57:22.437535+00:00
[2023-01-21T12:02:25.538+0000] {logging_mixin.py:117} INFO - File esxist ?
[2023-01-21T12:02:25.539+0000] {logging_mixin.py:117} INFO - True
[2023-01-21T12:02:25.543+0000] {python.py:177} INFO - Done. Returned value was:          address       city  zipcode  ...  bathrooms  sqft   sale_date
0    1234 Elm St    Anytown    12345  ...        2.0  2000  2022-01-01
1   5678 Oak Ave  Othertown    67890  ...        2.5  2500  2022-01-02
2  1234 Birch Rd   Sometown    54321  ...        2.0  1500  2022-01-03

[3 rows x 8 columns]
[2023-01-21T12:02:25.556+0000] {xcom.py:600} ERROR - Could not serialize the XCom value into JSON. If you are using pickle instead of JSON for XCom, then you need to enable pickle support for XCom in your *** config.
[2023-01-21T12:02:25.556+0000] {taskinstance.py:1851} ERROR - Task failed with exception
Traceback (most recent call last):
  File "/home/airflow/.local/lib/python3.7/site-packages/airflow/utils/session.py", line 72, in wrapper
    return func(*args, **kwargs)
  File "/home/airflow/.local/lib/python3.7/site-packages/airflow/models/taskinstance.py", line 2385, in xcom_push
    session=session,
  File "/home/airflow/.local/lib/python3.7/site-packages/airflow/utils/session.py", line 72, in wrapper
    return func(*args, **kwargs)
  File "/home/airflow/.local/lib/python3.7/site-packages/airflow/models/xcom.py", line 212, in set
    map_index=map_index,
  File "/home/airflow/.local/lib/python3.7/site-packages/airflow/models/xcom.py", line 597, in serialize_value
    return json.dumps(value).encode('UTF-8')
  File "/usr/local/lib/python3.7/json/__init__.py", line 231, in dumps
    return _default_encoder.encode(obj)
  File "/usr/local/lib/python3.7/json/encoder.py", line 199, in encode
    chunks = self.iterencode(o, _one_shot=True)
  File "/usr/local/lib/python3.7/json/encoder.py", line 257, in iterencode
    return _iterencode(o, 0)
  File "/usr/local/lib/python3.7/json/encoder.py", line 179, in default
    raise TypeError(f'Object of type {o.__class__.__name__} '
TypeError: Object of type DataFrame is not JSON serializable
[2023-01-21T12:02:25.566+0000] {taskinstance.py:1406} INFO - Marking task as FAILED. dag_id=real_estate_data_pipeline, task_id=read_csv, execution_date=20230121T115722, start_date=20230121T120225, end_date=20230121T120225
[2023-01-21T12:02:25.585+0000] {standard_task_runner.py:107} ERROR - Failed to execute job 1201 for task read_csv (Object of type DataFrame is not JSON serializable; 974)
[2023-01-21T12:02:25.657+0000] {local_task_job.py:164} INFO - Task exited with return code 1
[2023-01-21T12:02:25.683+0000] {local_task_job.py:273} INFO - 0 downstream tasks scheduled from follow-on schedule check
