[2023-02-04T01:42:51.903+0000] {taskinstance.py:1165} INFO - Dependencies all met for <TaskInstance: real_estate_data_pipeline.create_db manual__2023-02-04T01:36:02.059934+00:00 [queued]>
[2023-02-04T01:42:51.909+0000] {taskinstance.py:1165} INFO - Dependencies all met for <TaskInstance: real_estate_data_pipeline.create_db manual__2023-02-04T01:36:02.059934+00:00 [queued]>
[2023-02-04T01:42:51.910+0000] {taskinstance.py:1362} INFO - 
--------------------------------------------------------------------------------
[2023-02-04T01:42:51.911+0000] {taskinstance.py:1363} INFO - Starting attempt 3 of 3
[2023-02-04T01:42:51.912+0000] {taskinstance.py:1364} INFO - 
--------------------------------------------------------------------------------
[2023-02-04T01:42:51.927+0000] {taskinstance.py:1383} INFO - Executing <Task(PythonOperator): create_db> on 2023-02-04 01:36:02.059934+00:00
[2023-02-04T01:42:51.934+0000] {standard_task_runner.py:54} INFO - Started process 5728 to run task
[2023-02-04T01:42:51.941+0000] {standard_task_runner.py:82} INFO - Running: ['***', 'tasks', 'run', 'real_estate_data_pipeline', 'create_db', 'manual__2023-02-04T01:36:02.059934+00:00', '--job-id', '1345', '--raw', '--subdir', 'DAGS_FOLDER/real_estate_dag.py', '--cfg-path', '/tmp/tmpqcougkfp']
[2023-02-04T01:42:51.942+0000] {standard_task_runner.py:83} INFO - Job 1345: Subtask create_db
[2023-02-04T01:42:51.944+0000] {dagbag.py:525} INFO - Filling up the DagBag from /opt/***/dags/real_estate_dag.py
[2023-02-04T01:42:52.300+0000] {task_command.py:384} INFO - Running <TaskInstance: real_estate_data_pipeline.create_db manual__2023-02-04T01:36:02.059934+00:00 [running]> on host 9667f615f42a
[2023-02-04T01:42:52.346+0000] {taskinstance.py:1592} INFO - Exporting the following env vars:
AIRFLOW_CTX_DAG_OWNER=me
AIRFLOW_CTX_DAG_ID=real_estate_data_pipeline
AIRFLOW_CTX_TASK_ID=create_db
AIRFLOW_CTX_EXECUTION_DATE=2023-02-04T01:36:02.059934+00:00
AIRFLOW_CTX_TRY_NUMBER=3
AIRFLOW_CTX_DAG_RUN_ID=manual__2023-02-04T01:36:02.059934+00:00
[2023-02-04T01:42:52.642+0000] {taskinstance.py:1851} ERROR - Task failed with exception
Traceback (most recent call last):
  File "/home/airflow/.local/lib/python3.7/site-packages/airflow/operators/python.py", line 175, in execute
    return_value = self.execute_callable()
  File "/home/airflow/.local/lib/python3.7/site-packages/airflow/operators/python.py", line 193, in execute_callable
    return self.python_callable(*self.op_args, **self.op_kwargs)
  File "/opt/airflow/dags/real_estate_dag.py", line 70, in create_db
    conn = psycopg2.connect(dbname="housing_market_db", user="root", password="root", host="139.144.169.214")
  File "/home/airflow/.local/lib/python3.7/site-packages/psycopg2/__init__.py", line 122, in connect
    conn = _connect(dsn, connection_factory=connection_factory, **kwasync)
psycopg2.OperationalError: connection to server at "139.144.169.214", port 5432 failed: Connection refused
	Is the server running on that host and accepting TCP/IP connections?

[2023-02-04T01:42:52.676+0000] {taskinstance.py:1406} INFO - Marking task as FAILED. dag_id=real_estate_data_pipeline, task_id=create_db, execution_date=20230204T013602, start_date=20230204T014251, end_date=20230204T014252
[2023-02-04T01:42:52.691+0000] {standard_task_runner.py:107} ERROR - Failed to execute job 1345 for task create_db (connection to server at "139.144.169.214", port 5432 failed: Connection refused
	Is the server running on that host and accepting TCP/IP connections?
; 5728)
[2023-02-04T01:42:52.743+0000] {local_task_job.py:164} INFO - Task exited with return code 1
[2023-02-04T01:42:52.761+0000] {local_task_job.py:273} INFO - 0 downstream tasks scheduled from follow-on schedule check
