[2023-02-04T02:26:16.791+0000] {taskinstance.py:1165} INFO - Dependencies all met for <TaskInstance: real_estate_data_pipeline.read_csv manual__2023-02-04T02:26:15.497471+00:00 [queued]>
[2023-02-04T02:26:16.798+0000] {taskinstance.py:1165} INFO - Dependencies all met for <TaskInstance: real_estate_data_pipeline.read_csv manual__2023-02-04T02:26:15.497471+00:00 [queued]>
[2023-02-04T02:26:16.799+0000] {taskinstance.py:1362} INFO - 
--------------------------------------------------------------------------------
[2023-02-04T02:26:16.799+0000] {taskinstance.py:1363} INFO - Starting attempt 1 of 2
[2023-02-04T02:26:16.800+0000] {taskinstance.py:1364} INFO - 
--------------------------------------------------------------------------------
[2023-02-04T02:26:16.808+0000] {taskinstance.py:1383} INFO - Executing <Task(PythonOperator): read_csv> on 2023-02-04 02:26:15.497471+00:00
[2023-02-04T02:26:16.814+0000] {standard_task_runner.py:54} INFO - Started process 7846 to run task
[2023-02-04T02:26:16.836+0000] {standard_task_runner.py:82} INFO - Running: ['***', 'tasks', 'run', 'real_estate_data_pipeline', 'read_csv', 'manual__2023-02-04T02:26:15.497471+00:00', '--job-id', '1352', '--raw', '--subdir', 'DAGS_FOLDER/real_estate_dag.py', '--cfg-path', '/tmp/tmp57xub490']
[2023-02-04T02:26:16.839+0000] {standard_task_runner.py:83} INFO - Job 1352: Subtask read_csv
[2023-02-04T02:26:16.842+0000] {dagbag.py:525} INFO - Filling up the DagBag from /opt/***/dags/real_estate_dag.py
[2023-02-04T02:26:17.238+0000] {task_command.py:384} INFO - Running <TaskInstance: real_estate_data_pipeline.read_csv manual__2023-02-04T02:26:15.497471+00:00 [running]> on host 9667f615f42a
[2023-02-04T02:26:17.290+0000] {taskinstance.py:1592} INFO - Exporting the following env vars:
AIRFLOW_CTX_DAG_OWNER=me
AIRFLOW_CTX_DAG_ID=real_estate_data_pipeline
AIRFLOW_CTX_TASK_ID=read_csv
AIRFLOW_CTX_EXECUTION_DATE=2023-02-04T02:26:15.497471+00:00
AIRFLOW_CTX_TRY_NUMBER=1
AIRFLOW_CTX_DAG_RUN_ID=manual__2023-02-04T02:26:15.497471+00:00
[2023-02-04T02:26:17.292+0000] {logging_mixin.py:117} INFO - File esxist ?
[2023-02-04T02:26:17.293+0000] {logging_mixin.py:117} INFO - True
[2023-02-04T02:26:17.299+0000] {python.py:177} INFO - Done. Returned value was: {"address":{"0":"1234 Elm St","1":"5678 Oak Ave","2":"1234 Birch Rd"},"city":{"0":"Anytown","1":"Othertown","2":"Sometown"},"zipcode":{"0":12345,"1":67890,"2":54321},"price":{"0":500000,"1":450000,"2":425000},"bedrooms":{"0":3,"1":4,"2":3},"bathrooms":{"0":2.0,"1":2.5,"2":2.0},"sqft":{"0":2000,"1":2500,"2":1500},"sale_date":{"0":"2022-01-01","1":"2022-01-02","2":"2022-01-03"}}
[2023-02-04T02:26:17.318+0000] {taskinstance.py:1406} INFO - Marking task as SUCCESS. dag_id=real_estate_data_pipeline, task_id=read_csv, execution_date=20230204T022615, start_date=20230204T022616, end_date=20230204T022617
[2023-02-04T02:26:17.376+0000] {local_task_job.py:164} INFO - Task exited with return code 0
[2023-02-04T02:26:17.404+0000] {local_task_job.py:273} INFO - 1 downstream tasks scheduled from follow-on schedule check
