[2023-01-15T00:39:00.099+0000] {processor.py:156} INFO - Started process (PID=24117) to work on /home/airflow/.local/lib/python3.7/site-packages/airflow/example_dags/example_branch_day_of_week_operator.py
[2023-01-15T00:39:00.105+0000] {processor.py:758} INFO - Processing file /home/airflow/.local/lib/python3.7/site-packages/airflow/example_dags/example_branch_day_of_week_operator.py for tasks to queue
[2023-01-15T00:39:00.106+0000] {logging_mixin.py:117} INFO - [2023-01-15T00:39:00.106+0000] {dagbag.py:525} INFO - Filling up the DagBag from /home/airflow/.local/lib/python3.7/site-packages/airflow/example_dags/example_branch_day_of_week_operator.py
[2023-01-15T00:39:00.131+0000] {processor.py:768} INFO - DAG(s) dict_keys(['example_weekday_branch_operator']) retrieved from /home/airflow/.local/lib/python3.7/site-packages/airflow/example_dags/example_branch_day_of_week_operator.py
[2023-01-15T00:39:00.190+0000] {logging_mixin.py:117} INFO - [2023-01-15T00:39:00.190+0000] {dag.py:2573} INFO - Sync 1 DAGs
[2023-01-15T00:39:00.225+0000] {logging_mixin.py:117} INFO - [2023-01-15T00:39:00.225+0000] {dag.py:3328} INFO - Setting next_dagrun for example_weekday_branch_operator to 2023-01-14T00:00:00+00:00, run_after=2023-01-15T00:00:00+00:00
[2023-01-15T00:39:00.265+0000] {processor.py:178} INFO - Processing /home/airflow/.local/lib/python3.7/site-packages/airflow/example_dags/example_branch_day_of_week_operator.py took 0.173 seconds
[2023-01-15T01:44:17.996+0000] {processor.py:156} INFO - Started process (PID=24180) to work on /home/airflow/.local/lib/python3.7/site-packages/airflow/example_dags/example_branch_day_of_week_operator.py
[2023-01-15T01:44:17.999+0000] {processor.py:758} INFO - Processing file /home/airflow/.local/lib/python3.7/site-packages/airflow/example_dags/example_branch_day_of_week_operator.py for tasks to queue
[2023-01-15T01:44:18.000+0000] {logging_mixin.py:117} INFO - [2023-01-15T01:44:18.000+0000] {dagbag.py:525} INFO - Filling up the DagBag from /home/airflow/.local/lib/python3.7/site-packages/airflow/example_dags/example_branch_day_of_week_operator.py
[2023-01-15T01:44:18.019+0000] {processor.py:768} INFO - DAG(s) dict_keys(['example_weekday_branch_operator']) retrieved from /home/airflow/.local/lib/python3.7/site-packages/airflow/example_dags/example_branch_day_of_week_operator.py
[2023-01-15T01:44:18.063+0000] {logging_mixin.py:117} INFO - [2023-01-15T01:44:18.063+0000] {dag.py:2573} INFO - Sync 1 DAGs
[2023-01-15T01:44:18.090+0000] {logging_mixin.py:117} INFO - [2023-01-15T01:44:18.089+0000] {dag.py:3328} INFO - Setting next_dagrun for example_weekday_branch_operator to 2023-01-14T00:00:00+00:00, run_after=2023-01-15T00:00:00+00:00
[2023-01-15T01:44:18.107+0000] {processor.py:178} INFO - Processing /home/airflow/.local/lib/python3.7/site-packages/airflow/example_dags/example_branch_day_of_week_operator.py took 0.116 seconds
[2023-01-15T02:15:46.709+0000] {processor.py:156} INFO - Started process (PID=24243) to work on /home/airflow/.local/lib/python3.7/site-packages/airflow/example_dags/example_branch_day_of_week_operator.py
[2023-01-15T02:15:46.713+0000] {processor.py:758} INFO - Processing file /home/airflow/.local/lib/python3.7/site-packages/airflow/example_dags/example_branch_day_of_week_operator.py for tasks to queue
[2023-01-15T02:15:46.714+0000] {logging_mixin.py:117} INFO - [2023-01-15T02:15:46.714+0000] {dagbag.py:525} INFO - Filling up the DagBag from /home/airflow/.local/lib/python3.7/site-packages/airflow/example_dags/example_branch_day_of_week_operator.py
[2023-01-15T02:15:46.741+0000] {processor.py:768} INFO - DAG(s) dict_keys(['example_weekday_branch_operator']) retrieved from /home/airflow/.local/lib/python3.7/site-packages/airflow/example_dags/example_branch_day_of_week_operator.py
[2023-01-15T02:15:46.781+0000] {logging_mixin.py:117} INFO - [2023-01-15T02:15:46.781+0000] {dag.py:2573} INFO - Sync 1 DAGs
[2023-01-15T02:15:46.804+0000] {logging_mixin.py:117} INFO - [2023-01-15T02:15:46.804+0000] {dag.py:3328} INFO - Setting next_dagrun for example_weekday_branch_operator to 2023-01-14T00:00:00+00:00, run_after=2023-01-15T00:00:00+00:00
[2023-01-15T02:15:46.816+0000] {processor.py:178} INFO - Processing /home/airflow/.local/lib/python3.7/site-packages/airflow/example_dags/example_branch_day_of_week_operator.py took 0.111 seconds
[2023-01-15T02:16:17.307+0000] {processor.py:156} INFO - Started process (PID=24297) to work on /home/airflow/.local/lib/python3.7/site-packages/airflow/example_dags/example_branch_day_of_week_operator.py
[2023-01-15T02:16:17.308+0000] {processor.py:758} INFO - Processing file /home/airflow/.local/lib/python3.7/site-packages/airflow/example_dags/example_branch_day_of_week_operator.py for tasks to queue
[2023-01-15T02:16:17.312+0000] {logging_mixin.py:117} INFO - [2023-01-15T02:16:17.312+0000] {dagbag.py:525} INFO - Filling up the DagBag from /home/airflow/.local/lib/python3.7/site-packages/airflow/example_dags/example_branch_day_of_week_operator.py
[2023-01-15T02:16:17.330+0000] {processor.py:768} INFO - DAG(s) dict_keys(['example_weekday_branch_operator']) retrieved from /home/airflow/.local/lib/python3.7/site-packages/airflow/example_dags/example_branch_day_of_week_operator.py
[2023-01-15T02:16:17.369+0000] {logging_mixin.py:117} INFO - [2023-01-15T02:16:17.369+0000] {dag.py:2573} INFO - Sync 1 DAGs
[2023-01-15T02:16:17.386+0000] {logging_mixin.py:117} INFO - [2023-01-15T02:16:17.386+0000] {dag.py:3328} INFO - Setting next_dagrun for example_weekday_branch_operator to 2023-01-14T00:00:00+00:00, run_after=2023-01-15T00:00:00+00:00
[2023-01-15T02:16:17.396+0000] {processor.py:178} INFO - Processing /home/airflow/.local/lib/python3.7/site-packages/airflow/example_dags/example_branch_day_of_week_operator.py took 0.094 seconds
[2023-01-15T02:49:44.453+0000] {processor.py:156} INFO - Started process (PID=24360) to work on /home/airflow/.local/lib/python3.7/site-packages/airflow/example_dags/example_branch_day_of_week_operator.py
[2023-01-15T02:49:44.458+0000] {processor.py:758} INFO - Processing file /home/airflow/.local/lib/python3.7/site-packages/airflow/example_dags/example_branch_day_of_week_operator.py for tasks to queue
[2023-01-15T02:49:44.459+0000] {logging_mixin.py:117} INFO - [2023-01-15T02:49:44.459+0000] {dagbag.py:525} INFO - Filling up the DagBag from /home/airflow/.local/lib/python3.7/site-packages/airflow/example_dags/example_branch_day_of_week_operator.py
[2023-01-15T02:49:44.489+0000] {processor.py:768} INFO - DAG(s) dict_keys(['example_weekday_branch_operator']) retrieved from /home/airflow/.local/lib/python3.7/site-packages/airflow/example_dags/example_branch_day_of_week_operator.py
[2023-01-15T02:49:44.535+0000] {logging_mixin.py:117} INFO - [2023-01-15T02:49:44.535+0000] {dag.py:2573} INFO - Sync 1 DAGs
[2023-01-15T02:49:44.558+0000] {logging_mixin.py:117} INFO - [2023-01-15T02:49:44.558+0000] {dag.py:3328} INFO - Setting next_dagrun for example_weekday_branch_operator to 2023-01-14T00:00:00+00:00, run_after=2023-01-15T00:00:00+00:00
[2023-01-15T02:49:44.583+0000] {processor.py:178} INFO - Processing /home/airflow/.local/lib/python3.7/site-packages/airflow/example_dags/example_branch_day_of_week_operator.py took 0.132 seconds
[2023-01-15T04:11:02.621+0000] {processor.py:156} INFO - Started process (PID=24423) to work on /home/airflow/.local/lib/python3.7/site-packages/airflow/example_dags/example_branch_day_of_week_operator.py
[2023-01-15T04:11:02.622+0000] {processor.py:758} INFO - Processing file /home/airflow/.local/lib/python3.7/site-packages/airflow/example_dags/example_branch_day_of_week_operator.py for tasks to queue
[2023-01-15T04:11:02.623+0000] {logging_mixin.py:117} INFO - [2023-01-15T04:11:02.623+0000] {dagbag.py:525} INFO - Filling up the DagBag from /home/airflow/.local/lib/python3.7/site-packages/airflow/example_dags/example_branch_day_of_week_operator.py
[2023-01-15T04:11:02.636+0000] {processor.py:768} INFO - DAG(s) dict_keys(['example_weekday_branch_operator']) retrieved from /home/airflow/.local/lib/python3.7/site-packages/airflow/example_dags/example_branch_day_of_week_operator.py
[2023-01-15T04:11:02.678+0000] {logging_mixin.py:117} INFO - [2023-01-15T04:11:02.678+0000] {dag.py:2573} INFO - Sync 1 DAGs
[2023-01-15T04:11:02.705+0000] {logging_mixin.py:117} INFO - [2023-01-15T04:11:02.705+0000] {dag.py:3328} INFO - Setting next_dagrun for example_weekday_branch_operator to 2023-01-14T00:00:00+00:00, run_after=2023-01-15T00:00:00+00:00
[2023-01-15T04:11:02.737+0000] {processor.py:178} INFO - Processing /home/airflow/.local/lib/python3.7/site-packages/airflow/example_dags/example_branch_day_of_week_operator.py took 0.119 seconds
[2023-01-15T05:08:51.276+0000] {processor.py:156} INFO - Started process (PID=24487) to work on /home/airflow/.local/lib/python3.7/site-packages/airflow/example_dags/example_branch_day_of_week_operator.py
[2023-01-15T05:08:51.277+0000] {processor.py:758} INFO - Processing file /home/airflow/.local/lib/python3.7/site-packages/airflow/example_dags/example_branch_day_of_week_operator.py for tasks to queue
[2023-01-15T05:08:51.288+0000] {logging_mixin.py:117} INFO - [2023-01-15T05:08:51.287+0000] {dagbag.py:525} INFO - Filling up the DagBag from /home/airflow/.local/lib/python3.7/site-packages/airflow/example_dags/example_branch_day_of_week_operator.py
[2023-01-15T05:08:51.309+0000] {processor.py:768} INFO - DAG(s) dict_keys(['example_weekday_branch_operator']) retrieved from /home/airflow/.local/lib/python3.7/site-packages/airflow/example_dags/example_branch_day_of_week_operator.py
[2023-01-15T05:08:51.686+0000] {logging_mixin.py:117} INFO - [2023-01-15T05:08:51.686+0000] {dag.py:2573} INFO - Sync 1 DAGs
[2023-01-15T05:08:51.756+0000] {logging_mixin.py:117} INFO - [2023-01-15T05:08:51.756+0000] {dag.py:3328} INFO - Setting next_dagrun for example_weekday_branch_operator to 2023-01-14T00:00:00+00:00, run_after=2023-01-15T00:00:00+00:00
[2023-01-15T05:08:51.774+0000] {processor.py:178} INFO - Processing /home/airflow/.local/lib/python3.7/site-packages/airflow/example_dags/example_branch_day_of_week_operator.py took 0.501 seconds
[2023-01-15T06:14:19.527+0000] {processor.py:156} INFO - Started process (PID=24550) to work on /home/airflow/.local/lib/python3.7/site-packages/airflow/example_dags/example_branch_day_of_week_operator.py
[2023-01-15T06:14:19.528+0000] {processor.py:758} INFO - Processing file /home/airflow/.local/lib/python3.7/site-packages/airflow/example_dags/example_branch_day_of_week_operator.py for tasks to queue
[2023-01-15T06:14:19.530+0000] {logging_mixin.py:117} INFO - [2023-01-15T06:14:19.530+0000] {dagbag.py:525} INFO - Filling up the DagBag from /home/airflow/.local/lib/python3.7/site-packages/airflow/example_dags/example_branch_day_of_week_operator.py
[2023-01-15T06:14:19.551+0000] {processor.py:768} INFO - DAG(s) dict_keys(['example_weekday_branch_operator']) retrieved from /home/airflow/.local/lib/python3.7/site-packages/airflow/example_dags/example_branch_day_of_week_operator.py
[2023-01-15T06:14:19.633+0000] {logging_mixin.py:117} INFO - [2023-01-15T06:14:19.633+0000] {dag.py:2573} INFO - Sync 1 DAGs
[2023-01-15T06:14:19.665+0000] {logging_mixin.py:117} INFO - [2023-01-15T06:14:19.665+0000] {dag.py:3328} INFO - Setting next_dagrun for example_weekday_branch_operator to 2023-01-14T00:00:00+00:00, run_after=2023-01-15T00:00:00+00:00
[2023-01-15T06:14:19.695+0000] {processor.py:178} INFO - Processing /home/airflow/.local/lib/python3.7/site-packages/airflow/example_dags/example_branch_day_of_week_operator.py took 0.171 seconds
[2023-01-15T06:57:25.413+0000] {processor.py:156} INFO - Started process (PID=24604) to work on /home/airflow/.local/lib/python3.7/site-packages/airflow/example_dags/example_branch_day_of_week_operator.py
[2023-01-15T06:57:25.415+0000] {processor.py:758} INFO - Processing file /home/airflow/.local/lib/python3.7/site-packages/airflow/example_dags/example_branch_day_of_week_operator.py for tasks to queue
[2023-01-15T06:57:25.416+0000] {logging_mixin.py:117} INFO - [2023-01-15T06:57:25.416+0000] {dagbag.py:525} INFO - Filling up the DagBag from /home/airflow/.local/lib/python3.7/site-packages/airflow/example_dags/example_branch_day_of_week_operator.py
[2023-01-15T06:57:25.440+0000] {processor.py:768} INFO - DAG(s) dict_keys(['example_weekday_branch_operator']) retrieved from /home/airflow/.local/lib/python3.7/site-packages/airflow/example_dags/example_branch_day_of_week_operator.py
[2023-01-15T06:57:25.482+0000] {logging_mixin.py:117} INFO - [2023-01-15T06:57:25.482+0000] {dag.py:2573} INFO - Sync 1 DAGs
[2023-01-15T06:57:25.516+0000] {logging_mixin.py:117} INFO - [2023-01-15T06:57:25.515+0000] {dag.py:3328} INFO - Setting next_dagrun for example_weekday_branch_operator to 2023-01-14T00:00:00+00:00, run_after=2023-01-15T00:00:00+00:00
[2023-01-15T06:57:25.532+0000] {processor.py:178} INFO - Processing /home/airflow/.local/lib/python3.7/site-packages/airflow/example_dags/example_branch_day_of_week_operator.py took 0.125 seconds
[2023-01-15T08:03:17.061+0000] {processor.py:156} INFO - Started process (PID=24667) to work on /home/airflow/.local/lib/python3.7/site-packages/airflow/example_dags/example_branch_day_of_week_operator.py
[2023-01-15T08:03:17.068+0000] {processor.py:758} INFO - Processing file /home/airflow/.local/lib/python3.7/site-packages/airflow/example_dags/example_branch_day_of_week_operator.py for tasks to queue
[2023-01-15T08:03:17.072+0000] {logging_mixin.py:117} INFO - [2023-01-15T08:03:17.071+0000] {dagbag.py:525} INFO - Filling up the DagBag from /home/airflow/.local/lib/python3.7/site-packages/airflow/example_dags/example_branch_day_of_week_operator.py
[2023-01-15T08:03:17.143+0000] {processor.py:768} INFO - DAG(s) dict_keys(['example_weekday_branch_operator']) retrieved from /home/airflow/.local/lib/python3.7/site-packages/airflow/example_dags/example_branch_day_of_week_operator.py
[2023-01-15T08:03:17.210+0000] {logging_mixin.py:117} INFO - [2023-01-15T08:03:17.210+0000] {dag.py:2573} INFO - Sync 1 DAGs
[2023-01-15T08:03:17.241+0000] {logging_mixin.py:117} INFO - [2023-01-15T08:03:17.241+0000] {dag.py:3328} INFO - Setting next_dagrun for example_weekday_branch_operator to 2023-01-14T00:00:00+00:00, run_after=2023-01-15T00:00:00+00:00
[2023-01-15T08:03:17.266+0000] {processor.py:178} INFO - Processing /home/airflow/.local/lib/python3.7/site-packages/airflow/example_dags/example_branch_day_of_week_operator.py took 0.210 seconds
[2023-01-15T09:11:07.061+0000] {processor.py:156} INFO - Started process (PID=24731) to work on /home/airflow/.local/lib/python3.7/site-packages/airflow/example_dags/example_branch_day_of_week_operator.py
[2023-01-15T09:11:07.062+0000] {processor.py:758} INFO - Processing file /home/airflow/.local/lib/python3.7/site-packages/airflow/example_dags/example_branch_day_of_week_operator.py for tasks to queue
[2023-01-15T09:11:07.064+0000] {logging_mixin.py:117} INFO - [2023-01-15T09:11:07.063+0000] {dagbag.py:525} INFO - Filling up the DagBag from /home/airflow/.local/lib/python3.7/site-packages/airflow/example_dags/example_branch_day_of_week_operator.py
[2023-01-15T09:11:07.085+0000] {processor.py:768} INFO - DAG(s) dict_keys(['example_weekday_branch_operator']) retrieved from /home/airflow/.local/lib/python3.7/site-packages/airflow/example_dags/example_branch_day_of_week_operator.py
[2023-01-15T09:11:07.135+0000] {logging_mixin.py:117} INFO - [2023-01-15T09:11:07.135+0000] {dag.py:2573} INFO - Sync 1 DAGs
[2023-01-15T09:11:07.169+0000] {logging_mixin.py:117} INFO - [2023-01-15T09:11:07.169+0000] {dag.py:3328} INFO - Setting next_dagrun for example_weekday_branch_operator to 2023-01-14T00:00:00+00:00, run_after=2023-01-15T00:00:00+00:00
[2023-01-15T09:11:07.199+0000] {processor.py:178} INFO - Processing /home/airflow/.local/lib/python3.7/site-packages/airflow/example_dags/example_branch_day_of_week_operator.py took 0.141 seconds
[2023-01-15T09:32:54.072+0000] {processor.py:156} INFO - Started process (PID=24785) to work on /home/airflow/.local/lib/python3.7/site-packages/airflow/example_dags/example_branch_day_of_week_operator.py
[2023-01-15T09:32:54.074+0000] {processor.py:758} INFO - Processing file /home/airflow/.local/lib/python3.7/site-packages/airflow/example_dags/example_branch_day_of_week_operator.py for tasks to queue
[2023-01-15T09:32:54.075+0000] {logging_mixin.py:117} INFO - [2023-01-15T09:32:54.075+0000] {dagbag.py:525} INFO - Filling up the DagBag from /home/airflow/.local/lib/python3.7/site-packages/airflow/example_dags/example_branch_day_of_week_operator.py
[2023-01-15T09:32:54.090+0000] {processor.py:768} INFO - DAG(s) dict_keys(['example_weekday_branch_operator']) retrieved from /home/airflow/.local/lib/python3.7/site-packages/airflow/example_dags/example_branch_day_of_week_operator.py
[2023-01-15T09:32:54.124+0000] {logging_mixin.py:117} INFO - [2023-01-15T09:32:54.123+0000] {dag.py:2573} INFO - Sync 1 DAGs
[2023-01-15T09:32:54.142+0000] {logging_mixin.py:117} INFO - [2023-01-15T09:32:54.142+0000] {dag.py:3328} INFO - Setting next_dagrun for example_weekday_branch_operator to 2023-01-14T00:00:00+00:00, run_after=2023-01-15T00:00:00+00:00
[2023-01-15T09:32:54.155+0000] {processor.py:178} INFO - Processing /home/airflow/.local/lib/python3.7/site-packages/airflow/example_dags/example_branch_day_of_week_operator.py took 0.086 seconds
[2023-01-15T09:33:55.727+0000] {processor.py:156} INFO - Started process (PID=24848) to work on /home/airflow/.local/lib/python3.7/site-packages/airflow/example_dags/example_branch_day_of_week_operator.py
[2023-01-15T09:33:55.728+0000] {processor.py:758} INFO - Processing file /home/airflow/.local/lib/python3.7/site-packages/airflow/example_dags/example_branch_day_of_week_operator.py for tasks to queue
[2023-01-15T09:33:55.729+0000] {logging_mixin.py:117} INFO - [2023-01-15T09:33:55.729+0000] {dagbag.py:525} INFO - Filling up the DagBag from /home/airflow/.local/lib/python3.7/site-packages/airflow/example_dags/example_branch_day_of_week_operator.py
[2023-01-15T09:33:55.743+0000] {processor.py:768} INFO - DAG(s) dict_keys(['example_weekday_branch_operator']) retrieved from /home/airflow/.local/lib/python3.7/site-packages/airflow/example_dags/example_branch_day_of_week_operator.py
[2023-01-15T09:33:55.776+0000] {logging_mixin.py:117} INFO - [2023-01-15T09:33:55.776+0000] {dag.py:2573} INFO - Sync 1 DAGs
[2023-01-15T09:33:55.791+0000] {logging_mixin.py:117} INFO - [2023-01-15T09:33:55.791+0000] {dag.py:3328} INFO - Setting next_dagrun for example_weekday_branch_operator to 2023-01-14T00:00:00+00:00, run_after=2023-01-15T00:00:00+00:00
[2023-01-15T09:33:55.804+0000] {processor.py:178} INFO - Processing /home/airflow/.local/lib/python3.7/site-packages/airflow/example_dags/example_branch_day_of_week_operator.py took 0.079 seconds
[2023-01-15T09:43:30.322+0000] {processor.py:156} INFO - Started process (PID=24911) to work on /home/airflow/.local/lib/python3.7/site-packages/airflow/example_dags/example_branch_day_of_week_operator.py
[2023-01-15T09:43:30.324+0000] {processor.py:758} INFO - Processing file /home/airflow/.local/lib/python3.7/site-packages/airflow/example_dags/example_branch_day_of_week_operator.py for tasks to queue
[2023-01-15T09:43:30.325+0000] {logging_mixin.py:117} INFO - [2023-01-15T09:43:30.325+0000] {dagbag.py:525} INFO - Filling up the DagBag from /home/airflow/.local/lib/python3.7/site-packages/airflow/example_dags/example_branch_day_of_week_operator.py
[2023-01-15T09:43:30.349+0000] {processor.py:768} INFO - DAG(s) dict_keys(['example_weekday_branch_operator']) retrieved from /home/airflow/.local/lib/python3.7/site-packages/airflow/example_dags/example_branch_day_of_week_operator.py
[2023-01-15T09:43:30.386+0000] {logging_mixin.py:117} INFO - [2023-01-15T09:43:30.386+0000] {dag.py:2573} INFO - Sync 1 DAGs
[2023-01-15T09:43:30.416+0000] {logging_mixin.py:117} INFO - [2023-01-15T09:43:30.416+0000] {dag.py:3328} INFO - Setting next_dagrun for example_weekday_branch_operator to 2023-01-14T00:00:00+00:00, run_after=2023-01-15T00:00:00+00:00
[2023-01-15T09:43:30.439+0000] {processor.py:178} INFO - Processing /home/airflow/.local/lib/python3.7/site-packages/airflow/example_dags/example_branch_day_of_week_operator.py took 0.121 seconds
[2023-01-15T11:04:09.848+0000] {processor.py:156} INFO - Started process (PID=24973) to work on /home/airflow/.local/lib/python3.7/site-packages/airflow/example_dags/example_branch_day_of_week_operator.py
[2023-01-15T11:04:09.854+0000] {processor.py:758} INFO - Processing file /home/airflow/.local/lib/python3.7/site-packages/airflow/example_dags/example_branch_day_of_week_operator.py for tasks to queue
[2023-01-15T11:04:09.856+0000] {logging_mixin.py:117} INFO - [2023-01-15T11:04:09.856+0000] {dagbag.py:525} INFO - Filling up the DagBag from /home/airflow/.local/lib/python3.7/site-packages/airflow/example_dags/example_branch_day_of_week_operator.py
[2023-01-15T11:04:09.885+0000] {processor.py:768} INFO - DAG(s) dict_keys(['example_weekday_branch_operator']) retrieved from /home/airflow/.local/lib/python3.7/site-packages/airflow/example_dags/example_branch_day_of_week_operator.py
[2023-01-15T11:04:09.958+0000] {logging_mixin.py:117} INFO - [2023-01-15T11:04:09.958+0000] {dag.py:2573} INFO - Sync 1 DAGs
[2023-01-15T11:04:09.982+0000] {logging_mixin.py:117} INFO - [2023-01-15T11:04:09.981+0000] {dag.py:3328} INFO - Setting next_dagrun for example_weekday_branch_operator to 2023-01-14T00:00:00+00:00, run_after=2023-01-15T00:00:00+00:00
[2023-01-15T11:04:10.004+0000] {processor.py:178} INFO - Processing /home/airflow/.local/lib/python3.7/site-packages/airflow/example_dags/example_branch_day_of_week_operator.py took 0.165 seconds
[2023-01-15T12:04:16.666+0000] {processor.py:156} INFO - Started process (PID=25028) to work on /home/airflow/.local/lib/python3.7/site-packages/airflow/example_dags/example_branch_day_of_week_operator.py
[2023-01-15T12:04:16.667+0000] {processor.py:758} INFO - Processing file /home/airflow/.local/lib/python3.7/site-packages/airflow/example_dags/example_branch_day_of_week_operator.py for tasks to queue
[2023-01-15T12:04:16.672+0000] {logging_mixin.py:117} INFO - [2023-01-15T12:04:16.672+0000] {dagbag.py:525} INFO - Filling up the DagBag from /home/airflow/.local/lib/python3.7/site-packages/airflow/example_dags/example_branch_day_of_week_operator.py
[2023-01-15T12:04:16.689+0000] {processor.py:768} INFO - DAG(s) dict_keys(['example_weekday_branch_operator']) retrieved from /home/airflow/.local/lib/python3.7/site-packages/airflow/example_dags/example_branch_day_of_week_operator.py
[2023-01-15T12:04:16.746+0000] {logging_mixin.py:117} INFO - [2023-01-15T12:04:16.746+0000] {dag.py:2573} INFO - Sync 1 DAGs
[2023-01-15T12:04:16.767+0000] {logging_mixin.py:117} INFO - [2023-01-15T12:04:16.767+0000] {dag.py:3328} INFO - Setting next_dagrun for example_weekday_branch_operator to 2023-01-14T00:00:00+00:00, run_after=2023-01-15T00:00:00+00:00
[2023-01-15T12:04:16.795+0000] {processor.py:178} INFO - Processing /home/airflow/.local/lib/python3.7/site-packages/airflow/example_dags/example_branch_day_of_week_operator.py took 0.131 seconds
[2023-01-15T12:42:38.472+0000] {processor.py:156} INFO - Started process (PID=25091) to work on /home/airflow/.local/lib/python3.7/site-packages/airflow/example_dags/example_branch_day_of_week_operator.py
[2023-01-15T12:42:38.474+0000] {processor.py:758} INFO - Processing file /home/airflow/.local/lib/python3.7/site-packages/airflow/example_dags/example_branch_day_of_week_operator.py for tasks to queue
[2023-01-15T12:42:38.476+0000] {logging_mixin.py:117} INFO - [2023-01-15T12:42:38.476+0000] {dagbag.py:525} INFO - Filling up the DagBag from /home/airflow/.local/lib/python3.7/site-packages/airflow/example_dags/example_branch_day_of_week_operator.py
[2023-01-15T12:42:38.505+0000] {processor.py:768} INFO - DAG(s) dict_keys(['example_weekday_branch_operator']) retrieved from /home/airflow/.local/lib/python3.7/site-packages/airflow/example_dags/example_branch_day_of_week_operator.py
[2023-01-15T12:42:38.579+0000] {logging_mixin.py:117} INFO - [2023-01-15T12:42:38.579+0000] {dag.py:2573} INFO - Sync 1 DAGs
[2023-01-15T12:42:38.609+0000] {logging_mixin.py:117} INFO - [2023-01-15T12:42:38.608+0000] {dag.py:3328} INFO - Setting next_dagrun for example_weekday_branch_operator to 2023-01-14T00:00:00+00:00, run_after=2023-01-15T00:00:00+00:00
[2023-01-15T12:42:38.628+0000] {processor.py:178} INFO - Processing /home/airflow/.local/lib/python3.7/site-packages/airflow/example_dags/example_branch_day_of_week_operator.py took 0.163 seconds
[2023-01-15T13:21:55.599+0000] {processor.py:156} INFO - Started process (PID=25154) to work on /home/airflow/.local/lib/python3.7/site-packages/airflow/example_dags/example_branch_day_of_week_operator.py
[2023-01-15T13:21:55.600+0000] {processor.py:758} INFO - Processing file /home/airflow/.local/lib/python3.7/site-packages/airflow/example_dags/example_branch_day_of_week_operator.py for tasks to queue
[2023-01-15T13:21:55.601+0000] {logging_mixin.py:117} INFO - [2023-01-15T13:21:55.601+0000] {dagbag.py:525} INFO - Filling up the DagBag from /home/airflow/.local/lib/python3.7/site-packages/airflow/example_dags/example_branch_day_of_week_operator.py
[2023-01-15T13:21:55.612+0000] {processor.py:768} INFO - DAG(s) dict_keys(['example_weekday_branch_operator']) retrieved from /home/airflow/.local/lib/python3.7/site-packages/airflow/example_dags/example_branch_day_of_week_operator.py
[2023-01-15T13:21:55.640+0000] {logging_mixin.py:117} INFO - [2023-01-15T13:21:55.640+0000] {dag.py:2573} INFO - Sync 1 DAGs
[2023-01-15T13:21:55.656+0000] {logging_mixin.py:117} INFO - [2023-01-15T13:21:55.656+0000] {dag.py:3328} INFO - Setting next_dagrun for example_weekday_branch_operator to 2023-01-14T00:00:00+00:00, run_after=2023-01-15T00:00:00+00:00
[2023-01-15T13:21:55.667+0000] {processor.py:178} INFO - Processing /home/airflow/.local/lib/python3.7/site-packages/airflow/example_dags/example_branch_day_of_week_operator.py took 0.070 seconds
[2023-01-15T13:38:29.406+0000] {processor.py:156} INFO - Started process (PID=25217) to work on /home/airflow/.local/lib/python3.7/site-packages/airflow/example_dags/example_branch_day_of_week_operator.py
[2023-01-15T13:38:29.410+0000] {processor.py:758} INFO - Processing file /home/airflow/.local/lib/python3.7/site-packages/airflow/example_dags/example_branch_day_of_week_operator.py for tasks to queue
[2023-01-15T13:38:29.412+0000] {logging_mixin.py:117} INFO - [2023-01-15T13:38:29.412+0000] {dagbag.py:525} INFO - Filling up the DagBag from /home/airflow/.local/lib/python3.7/site-packages/airflow/example_dags/example_branch_day_of_week_operator.py
[2023-01-15T13:38:29.433+0000] {processor.py:768} INFO - DAG(s) dict_keys(['example_weekday_branch_operator']) retrieved from /home/airflow/.local/lib/python3.7/site-packages/airflow/example_dags/example_branch_day_of_week_operator.py
[2023-01-15T13:38:29.497+0000] {logging_mixin.py:117} INFO - [2023-01-15T13:38:29.497+0000] {dag.py:2573} INFO - Sync 1 DAGs
[2023-01-15T13:38:29.545+0000] {logging_mixin.py:117} INFO - [2023-01-15T13:38:29.545+0000] {dag.py:3328} INFO - Setting next_dagrun for example_weekday_branch_operator to 2023-01-14T00:00:00+00:00, run_after=2023-01-15T00:00:00+00:00
[2023-01-15T13:38:29.566+0000] {processor.py:178} INFO - Processing /home/airflow/.local/lib/python3.7/site-packages/airflow/example_dags/example_branch_day_of_week_operator.py took 0.164 seconds
[2023-01-15T13:39:00.234+0000] {processor.py:156} INFO - Started process (PID=25278) to work on /home/airflow/.local/lib/python3.7/site-packages/airflow/example_dags/example_branch_day_of_week_operator.py
[2023-01-15T13:39:00.236+0000] {processor.py:758} INFO - Processing file /home/airflow/.local/lib/python3.7/site-packages/airflow/example_dags/example_branch_day_of_week_operator.py for tasks to queue
[2023-01-15T13:39:00.237+0000] {logging_mixin.py:117} INFO - [2023-01-15T13:39:00.237+0000] {dagbag.py:525} INFO - Filling up the DagBag from /home/airflow/.local/lib/python3.7/site-packages/airflow/example_dags/example_branch_day_of_week_operator.py
[2023-01-15T13:39:00.249+0000] {processor.py:768} INFO - DAG(s) dict_keys(['example_weekday_branch_operator']) retrieved from /home/airflow/.local/lib/python3.7/site-packages/airflow/example_dags/example_branch_day_of_week_operator.py
[2023-01-15T13:39:00.281+0000] {logging_mixin.py:117} INFO - [2023-01-15T13:39:00.281+0000] {dag.py:2573} INFO - Sync 1 DAGs
[2023-01-15T13:39:00.297+0000] {logging_mixin.py:117} INFO - [2023-01-15T13:39:00.297+0000] {dag.py:3328} INFO - Setting next_dagrun for example_weekday_branch_operator to 2023-01-14T00:00:00+00:00, run_after=2023-01-15T00:00:00+00:00
[2023-01-15T13:39:00.309+0000] {processor.py:178} INFO - Processing /home/airflow/.local/lib/python3.7/site-packages/airflow/example_dags/example_branch_day_of_week_operator.py took 0.077 seconds
[2023-01-15T13:39:30.548+0000] {processor.py:156} INFO - Started process (PID=25334) to work on /home/airflow/.local/lib/python3.7/site-packages/airflow/example_dags/example_branch_day_of_week_operator.py
[2023-01-15T13:39:30.549+0000] {processor.py:758} INFO - Processing file /home/airflow/.local/lib/python3.7/site-packages/airflow/example_dags/example_branch_day_of_week_operator.py for tasks to queue
[2023-01-15T13:39:30.550+0000] {logging_mixin.py:117} INFO - [2023-01-15T13:39:30.550+0000] {dagbag.py:525} INFO - Filling up the DagBag from /home/airflow/.local/lib/python3.7/site-packages/airflow/example_dags/example_branch_day_of_week_operator.py
[2023-01-15T13:39:30.561+0000] {processor.py:768} INFO - DAG(s) dict_keys(['example_weekday_branch_operator']) retrieved from /home/airflow/.local/lib/python3.7/site-packages/airflow/example_dags/example_branch_day_of_week_operator.py
[2023-01-15T13:39:30.589+0000] {logging_mixin.py:117} INFO - [2023-01-15T13:39:30.589+0000] {dag.py:2573} INFO - Sync 1 DAGs
[2023-01-15T13:39:30.606+0000] {logging_mixin.py:117} INFO - [2023-01-15T13:39:30.606+0000] {dag.py:3328} INFO - Setting next_dagrun for example_weekday_branch_operator to 2023-01-14T00:00:00+00:00, run_after=2023-01-15T00:00:00+00:00
[2023-01-15T13:39:30.616+0000] {processor.py:178} INFO - Processing /home/airflow/.local/lib/python3.7/site-packages/airflow/example_dags/example_branch_day_of_week_operator.py took 0.071 seconds
[2023-01-15T13:40:00.981+0000] {processor.py:156} INFO - Started process (PID=25397) to work on /home/airflow/.local/lib/python3.7/site-packages/airflow/example_dags/example_branch_day_of_week_operator.py
[2023-01-15T13:40:00.983+0000] {processor.py:758} INFO - Processing file /home/airflow/.local/lib/python3.7/site-packages/airflow/example_dags/example_branch_day_of_week_operator.py for tasks to queue
[2023-01-15T13:40:00.984+0000] {logging_mixin.py:117} INFO - [2023-01-15T13:40:00.984+0000] {dagbag.py:525} INFO - Filling up the DagBag from /home/airflow/.local/lib/python3.7/site-packages/airflow/example_dags/example_branch_day_of_week_operator.py
[2023-01-15T13:40:00.995+0000] {processor.py:768} INFO - DAG(s) dict_keys(['example_weekday_branch_operator']) retrieved from /home/airflow/.local/lib/python3.7/site-packages/airflow/example_dags/example_branch_day_of_week_operator.py
[2023-01-15T13:40:01.024+0000] {logging_mixin.py:117} INFO - [2023-01-15T13:40:01.023+0000] {dag.py:2573} INFO - Sync 1 DAGs
[2023-01-15T13:40:01.039+0000] {logging_mixin.py:117} INFO - [2023-01-15T13:40:01.039+0000] {dag.py:3328} INFO - Setting next_dagrun for example_weekday_branch_operator to 2023-01-14T00:00:00+00:00, run_after=2023-01-15T00:00:00+00:00
[2023-01-15T13:40:01.050+0000] {processor.py:178} INFO - Processing /home/airflow/.local/lib/python3.7/site-packages/airflow/example_dags/example_branch_day_of_week_operator.py took 0.071 seconds
[2023-01-15T13:40:31.593+0000] {processor.py:156} INFO - Started process (PID=25460) to work on /home/airflow/.local/lib/python3.7/site-packages/airflow/example_dags/example_branch_day_of_week_operator.py
[2023-01-15T13:40:31.595+0000] {processor.py:758} INFO - Processing file /home/airflow/.local/lib/python3.7/site-packages/airflow/example_dags/example_branch_day_of_week_operator.py for tasks to queue
[2023-01-15T13:40:31.596+0000] {logging_mixin.py:117} INFO - [2023-01-15T13:40:31.596+0000] {dagbag.py:525} INFO - Filling up the DagBag from /home/airflow/.local/lib/python3.7/site-packages/airflow/example_dags/example_branch_day_of_week_operator.py
[2023-01-15T13:40:31.609+0000] {processor.py:768} INFO - DAG(s) dict_keys(['example_weekday_branch_operator']) retrieved from /home/airflow/.local/lib/python3.7/site-packages/airflow/example_dags/example_branch_day_of_week_operator.py
[2023-01-15T13:40:31.648+0000] {logging_mixin.py:117} INFO - [2023-01-15T13:40:31.648+0000] {dag.py:2573} INFO - Sync 1 DAGs
[2023-01-15T13:40:31.667+0000] {logging_mixin.py:117} INFO - [2023-01-15T13:40:31.667+0000] {dag.py:3328} INFO - Setting next_dagrun for example_weekday_branch_operator to 2023-01-14T00:00:00+00:00, run_after=2023-01-15T00:00:00+00:00
[2023-01-15T13:40:31.682+0000] {processor.py:178} INFO - Processing /home/airflow/.local/lib/python3.7/site-packages/airflow/example_dags/example_branch_day_of_week_operator.py took 0.093 seconds
[2023-01-15T13:41:01.920+0000] {processor.py:156} INFO - Started process (PID=25523) to work on /home/airflow/.local/lib/python3.7/site-packages/airflow/example_dags/example_branch_day_of_week_operator.py
[2023-01-15T13:41:01.921+0000] {processor.py:758} INFO - Processing file /home/airflow/.local/lib/python3.7/site-packages/airflow/example_dags/example_branch_day_of_week_operator.py for tasks to queue
[2023-01-15T13:41:01.922+0000] {logging_mixin.py:117} INFO - [2023-01-15T13:41:01.922+0000] {dagbag.py:525} INFO - Filling up the DagBag from /home/airflow/.local/lib/python3.7/site-packages/airflow/example_dags/example_branch_day_of_week_operator.py
[2023-01-15T13:41:01.932+0000] {processor.py:768} INFO - DAG(s) dict_keys(['example_weekday_branch_operator']) retrieved from /home/airflow/.local/lib/python3.7/site-packages/airflow/example_dags/example_branch_day_of_week_operator.py
[2023-01-15T13:41:01.960+0000] {logging_mixin.py:117} INFO - [2023-01-15T13:41:01.960+0000] {dag.py:2573} INFO - Sync 1 DAGs
[2023-01-15T13:41:01.975+0000] {logging_mixin.py:117} INFO - [2023-01-15T13:41:01.975+0000] {dag.py:3328} INFO - Setting next_dagrun for example_weekday_branch_operator to 2023-01-14T00:00:00+00:00, run_after=2023-01-15T00:00:00+00:00
[2023-01-15T13:41:01.987+0000] {processor.py:178} INFO - Processing /home/airflow/.local/lib/python3.7/site-packages/airflow/example_dags/example_branch_day_of_week_operator.py took 0.071 seconds
[2023-01-15T13:41:32.314+0000] {processor.py:156} INFO - Started process (PID=25586) to work on /home/airflow/.local/lib/python3.7/site-packages/airflow/example_dags/example_branch_day_of_week_operator.py
[2023-01-15T13:41:32.315+0000] {processor.py:758} INFO - Processing file /home/airflow/.local/lib/python3.7/site-packages/airflow/example_dags/example_branch_day_of_week_operator.py for tasks to queue
[2023-01-15T13:41:32.316+0000] {logging_mixin.py:117} INFO - [2023-01-15T13:41:32.316+0000] {dagbag.py:525} INFO - Filling up the DagBag from /home/airflow/.local/lib/python3.7/site-packages/airflow/example_dags/example_branch_day_of_week_operator.py
[2023-01-15T13:41:32.328+0000] {processor.py:768} INFO - DAG(s) dict_keys(['example_weekday_branch_operator']) retrieved from /home/airflow/.local/lib/python3.7/site-packages/airflow/example_dags/example_branch_day_of_week_operator.py
[2023-01-15T13:41:32.355+0000] {logging_mixin.py:117} INFO - [2023-01-15T13:41:32.355+0000] {dag.py:2573} INFO - Sync 1 DAGs
[2023-01-15T13:41:32.370+0000] {logging_mixin.py:117} INFO - [2023-01-15T13:41:32.370+0000] {dag.py:3328} INFO - Setting next_dagrun for example_weekday_branch_operator to 2023-01-14T00:00:00+00:00, run_after=2023-01-15T00:00:00+00:00
[2023-01-15T13:41:32.381+0000] {processor.py:178} INFO - Processing /home/airflow/.local/lib/python3.7/site-packages/airflow/example_dags/example_branch_day_of_week_operator.py took 0.070 seconds
[2023-01-15T13:42:02.655+0000] {processor.py:156} INFO - Started process (PID=25650) to work on /home/airflow/.local/lib/python3.7/site-packages/airflow/example_dags/example_branch_day_of_week_operator.py
[2023-01-15T13:42:02.656+0000] {processor.py:758} INFO - Processing file /home/airflow/.local/lib/python3.7/site-packages/airflow/example_dags/example_branch_day_of_week_operator.py for tasks to queue
[2023-01-15T13:42:02.658+0000] {logging_mixin.py:117} INFO - [2023-01-15T13:42:02.658+0000] {dagbag.py:525} INFO - Filling up the DagBag from /home/airflow/.local/lib/python3.7/site-packages/airflow/example_dags/example_branch_day_of_week_operator.py
[2023-01-15T13:42:02.669+0000] {processor.py:768} INFO - DAG(s) dict_keys(['example_weekday_branch_operator']) retrieved from /home/airflow/.local/lib/python3.7/site-packages/airflow/example_dags/example_branch_day_of_week_operator.py
[2023-01-15T13:42:02.705+0000] {logging_mixin.py:117} INFO - [2023-01-15T13:42:02.705+0000] {dag.py:2573} INFO - Sync 1 DAGs
[2023-01-15T13:42:02.721+0000] {logging_mixin.py:117} INFO - [2023-01-15T13:42:02.721+0000] {dag.py:3328} INFO - Setting next_dagrun for example_weekday_branch_operator to 2023-01-14T00:00:00+00:00, run_after=2023-01-15T00:00:00+00:00
[2023-01-15T13:42:02.732+0000] {processor.py:178} INFO - Processing /home/airflow/.local/lib/python3.7/site-packages/airflow/example_dags/example_branch_day_of_week_operator.py took 0.079 seconds
[2023-01-15T13:58:06.291+0000] {processor.py:156} INFO - Started process (PID=25704) to work on /home/airflow/.local/lib/python3.7/site-packages/airflow/example_dags/example_branch_day_of_week_operator.py
[2023-01-15T13:58:06.293+0000] {processor.py:758} INFO - Processing file /home/airflow/.local/lib/python3.7/site-packages/airflow/example_dags/example_branch_day_of_week_operator.py for tasks to queue
[2023-01-15T13:58:06.294+0000] {logging_mixin.py:117} INFO - [2023-01-15T13:58:06.294+0000] {dagbag.py:525} INFO - Filling up the DagBag from /home/airflow/.local/lib/python3.7/site-packages/airflow/example_dags/example_branch_day_of_week_operator.py
[2023-01-15T13:58:06.324+0000] {processor.py:768} INFO - DAG(s) dict_keys(['example_weekday_branch_operator']) retrieved from /home/airflow/.local/lib/python3.7/site-packages/airflow/example_dags/example_branch_day_of_week_operator.py
[2023-01-15T13:58:06.808+0000] {logging_mixin.py:117} INFO - [2023-01-15T13:58:06.808+0000] {dag.py:2573} INFO - Sync 1 DAGs
[2023-01-15T13:58:06.865+0000] {logging_mixin.py:117} INFO - [2023-01-15T13:58:06.865+0000] {dag.py:3328} INFO - Setting next_dagrun for example_weekday_branch_operator to 2023-01-14T00:00:00+00:00, run_after=2023-01-15T00:00:00+00:00
[2023-01-15T13:58:06.900+0000] {processor.py:178} INFO - Processing /home/airflow/.local/lib/python3.7/site-packages/airflow/example_dags/example_branch_day_of_week_operator.py took 0.639 seconds
[2023-01-15T14:09:08.531+0000] {processor.py:156} INFO - Started process (PID=25767) to work on /home/airflow/.local/lib/python3.7/site-packages/airflow/example_dags/example_branch_day_of_week_operator.py
[2023-01-15T14:09:08.533+0000] {processor.py:758} INFO - Processing file /home/airflow/.local/lib/python3.7/site-packages/airflow/example_dags/example_branch_day_of_week_operator.py for tasks to queue
[2023-01-15T14:09:08.534+0000] {logging_mixin.py:117} INFO - [2023-01-15T14:09:08.534+0000] {dagbag.py:525} INFO - Filling up the DagBag from /home/airflow/.local/lib/python3.7/site-packages/airflow/example_dags/example_branch_day_of_week_operator.py
[2023-01-15T14:09:08.557+0000] {processor.py:768} INFO - DAG(s) dict_keys(['example_weekday_branch_operator']) retrieved from /home/airflow/.local/lib/python3.7/site-packages/airflow/example_dags/example_branch_day_of_week_operator.py
[2023-01-15T14:09:08.608+0000] {logging_mixin.py:117} INFO - [2023-01-15T14:09:08.608+0000] {dag.py:2573} INFO - Sync 1 DAGs
[2023-01-15T14:09:08.634+0000] {logging_mixin.py:117} INFO - [2023-01-15T14:09:08.634+0000] {dag.py:3328} INFO - Setting next_dagrun for example_weekday_branch_operator to 2023-01-14T00:00:00+00:00, run_after=2023-01-15T00:00:00+00:00
[2023-01-15T14:09:08.653+0000] {processor.py:178} INFO - Processing /home/airflow/.local/lib/python3.7/site-packages/airflow/example_dags/example_branch_day_of_week_operator.py took 0.131 seconds
[2023-01-15T14:09:38.805+0000] {processor.py:156} INFO - Started process (PID=25830) to work on /home/airflow/.local/lib/python3.7/site-packages/airflow/example_dags/example_branch_day_of_week_operator.py
[2023-01-15T14:09:38.806+0000] {processor.py:758} INFO - Processing file /home/airflow/.local/lib/python3.7/site-packages/airflow/example_dags/example_branch_day_of_week_operator.py for tasks to queue
[2023-01-15T14:09:38.806+0000] {logging_mixin.py:117} INFO - [2023-01-15T14:09:38.806+0000] {dagbag.py:525} INFO - Filling up the DagBag from /home/airflow/.local/lib/python3.7/site-packages/airflow/example_dags/example_branch_day_of_week_operator.py
[2023-01-15T14:09:38.819+0000] {processor.py:768} INFO - DAG(s) dict_keys(['example_weekday_branch_operator']) retrieved from /home/airflow/.local/lib/python3.7/site-packages/airflow/example_dags/example_branch_day_of_week_operator.py
[2023-01-15T14:09:38.847+0000] {logging_mixin.py:117} INFO - [2023-01-15T14:09:38.847+0000] {dag.py:2573} INFO - Sync 1 DAGs
[2023-01-15T14:09:38.862+0000] {logging_mixin.py:117} INFO - [2023-01-15T14:09:38.861+0000] {dag.py:3328} INFO - Setting next_dagrun for example_weekday_branch_operator to 2023-01-14T00:00:00+00:00, run_after=2023-01-15T00:00:00+00:00
[2023-01-15T14:09:38.872+0000] {processor.py:178} INFO - Processing /home/airflow/.local/lib/python3.7/site-packages/airflow/example_dags/example_branch_day_of_week_operator.py took 0.070 seconds
[2023-01-15T14:59:14.373+0000] {processor.py:156} INFO - Started process (PID=25894) to work on /home/airflow/.local/lib/python3.7/site-packages/airflow/example_dags/example_branch_day_of_week_operator.py
[2023-01-15T14:59:14.374+0000] {processor.py:758} INFO - Processing file /home/airflow/.local/lib/python3.7/site-packages/airflow/example_dags/example_branch_day_of_week_operator.py for tasks to queue
[2023-01-15T14:59:14.375+0000] {logging_mixin.py:117} INFO - [2023-01-15T14:59:14.375+0000] {dagbag.py:525} INFO - Filling up the DagBag from /home/airflow/.local/lib/python3.7/site-packages/airflow/example_dags/example_branch_day_of_week_operator.py
[2023-01-15T14:59:14.394+0000] {processor.py:768} INFO - DAG(s) dict_keys(['example_weekday_branch_operator']) retrieved from /home/airflow/.local/lib/python3.7/site-packages/airflow/example_dags/example_branch_day_of_week_operator.py
[2023-01-15T14:59:14.441+0000] {logging_mixin.py:117} INFO - [2023-01-15T14:59:14.441+0000] {dag.py:2573} INFO - Sync 1 DAGs
[2023-01-15T14:59:14.463+0000] {logging_mixin.py:117} INFO - [2023-01-15T14:59:14.463+0000] {dag.py:3328} INFO - Setting next_dagrun for example_weekday_branch_operator to 2023-01-14T00:00:00+00:00, run_after=2023-01-15T00:00:00+00:00
[2023-01-15T14:59:14.477+0000] {processor.py:178} INFO - Processing /home/airflow/.local/lib/python3.7/site-packages/airflow/example_dags/example_branch_day_of_week_operator.py took 0.107 seconds
[2023-01-15T16:21:36.293+0000] {processor.py:156} INFO - Started process (PID=25948) to work on /home/airflow/.local/lib/python3.7/site-packages/airflow/example_dags/example_branch_day_of_week_operator.py
[2023-01-15T16:21:36.298+0000] {processor.py:758} INFO - Processing file /home/airflow/.local/lib/python3.7/site-packages/airflow/example_dags/example_branch_day_of_week_operator.py for tasks to queue
[2023-01-15T16:21:36.303+0000] {logging_mixin.py:117} INFO - [2023-01-15T16:21:36.303+0000] {dagbag.py:525} INFO - Filling up the DagBag from /home/airflow/.local/lib/python3.7/site-packages/airflow/example_dags/example_branch_day_of_week_operator.py
[2023-01-15T16:21:36.332+0000] {processor.py:768} INFO - DAG(s) dict_keys(['example_weekday_branch_operator']) retrieved from /home/airflow/.local/lib/python3.7/site-packages/airflow/example_dags/example_branch_day_of_week_operator.py
[2023-01-15T16:21:36.425+0000] {logging_mixin.py:117} INFO - [2023-01-15T16:21:36.425+0000] {dag.py:2573} INFO - Sync 1 DAGs
[2023-01-15T16:21:36.459+0000] {logging_mixin.py:117} INFO - [2023-01-15T16:21:36.459+0000] {dag.py:3328} INFO - Setting next_dagrun for example_weekday_branch_operator to 2023-01-14T00:00:00+00:00, run_after=2023-01-15T00:00:00+00:00
[2023-01-15T16:21:36.491+0000] {processor.py:178} INFO - Processing /home/airflow/.local/lib/python3.7/site-packages/airflow/example_dags/example_branch_day_of_week_operator.py took 0.202 seconds
[2023-01-15T17:27:04.156+0000] {processor.py:156} INFO - Started process (PID=26011) to work on /home/airflow/.local/lib/python3.7/site-packages/airflow/example_dags/example_branch_day_of_week_operator.py
[2023-01-15T17:27:04.160+0000] {processor.py:758} INFO - Processing file /home/airflow/.local/lib/python3.7/site-packages/airflow/example_dags/example_branch_day_of_week_operator.py for tasks to queue
[2023-01-15T17:27:04.161+0000] {logging_mixin.py:117} INFO - [2023-01-15T17:27:04.161+0000] {dagbag.py:525} INFO - Filling up the DagBag from /home/airflow/.local/lib/python3.7/site-packages/airflow/example_dags/example_branch_day_of_week_operator.py
[2023-01-15T17:27:04.179+0000] {processor.py:768} INFO - DAG(s) dict_keys(['example_weekday_branch_operator']) retrieved from /home/airflow/.local/lib/python3.7/site-packages/airflow/example_dags/example_branch_day_of_week_operator.py
[2023-01-15T17:27:04.236+0000] {logging_mixin.py:117} INFO - [2023-01-15T17:27:04.236+0000] {dag.py:2573} INFO - Sync 1 DAGs
[2023-01-15T17:27:04.263+0000] {logging_mixin.py:117} INFO - [2023-01-15T17:27:04.263+0000] {dag.py:3328} INFO - Setting next_dagrun for example_weekday_branch_operator to 2023-01-14T00:00:00+00:00, run_after=2023-01-15T00:00:00+00:00
[2023-01-15T17:27:04.288+0000] {processor.py:178} INFO - Processing /home/airflow/.local/lib/python3.7/site-packages/airflow/example_dags/example_branch_day_of_week_operator.py took 0.136 seconds
[2023-01-15T18:23:37.067+0000] {processor.py:156} INFO - Started process (PID=26074) to work on /home/airflow/.local/lib/python3.7/site-packages/airflow/example_dags/example_branch_day_of_week_operator.py
[2023-01-15T18:23:37.070+0000] {processor.py:758} INFO - Processing file /home/airflow/.local/lib/python3.7/site-packages/airflow/example_dags/example_branch_day_of_week_operator.py for tasks to queue
[2023-01-15T18:23:37.071+0000] {logging_mixin.py:117} INFO - [2023-01-15T18:23:37.071+0000] {dagbag.py:525} INFO - Filling up the DagBag from /home/airflow/.local/lib/python3.7/site-packages/airflow/example_dags/example_branch_day_of_week_operator.py
[2023-01-15T18:23:37.089+0000] {processor.py:768} INFO - DAG(s) dict_keys(['example_weekday_branch_operator']) retrieved from /home/airflow/.local/lib/python3.7/site-packages/airflow/example_dags/example_branch_day_of_week_operator.py
[2023-01-15T18:23:37.126+0000] {logging_mixin.py:117} INFO - [2023-01-15T18:23:37.126+0000] {dag.py:2573} INFO - Sync 1 DAGs
[2023-01-15T18:23:37.146+0000] {logging_mixin.py:117} INFO - [2023-01-15T18:23:37.146+0000] {dag.py:3328} INFO - Setting next_dagrun for example_weekday_branch_operator to 2023-01-14T00:00:00+00:00, run_after=2023-01-15T00:00:00+00:00
[2023-01-15T18:23:37.157+0000] {processor.py:178} INFO - Processing /home/airflow/.local/lib/python3.7/site-packages/airflow/example_dags/example_branch_day_of_week_operator.py took 0.093 seconds
[2023-01-15T19:46:55.012+0000] {processor.py:156} INFO - Started process (PID=26128) to work on /home/airflow/.local/lib/python3.7/site-packages/airflow/example_dags/example_branch_day_of_week_operator.py
[2023-01-15T19:46:55.015+0000] {processor.py:758} INFO - Processing file /home/airflow/.local/lib/python3.7/site-packages/airflow/example_dags/example_branch_day_of_week_operator.py for tasks to queue
[2023-01-15T19:46:55.017+0000] {logging_mixin.py:117} INFO - [2023-01-15T19:46:55.017+0000] {dagbag.py:525} INFO - Filling up the DagBag from /home/airflow/.local/lib/python3.7/site-packages/airflow/example_dags/example_branch_day_of_week_operator.py
[2023-01-15T19:46:55.065+0000] {processor.py:768} INFO - DAG(s) dict_keys(['example_weekday_branch_operator']) retrieved from /home/airflow/.local/lib/python3.7/site-packages/airflow/example_dags/example_branch_day_of_week_operator.py
[2023-01-15T19:46:55.191+0000] {logging_mixin.py:117} INFO - [2023-01-15T19:46:55.191+0000] {dag.py:2573} INFO - Sync 1 DAGs
[2023-01-15T19:46:55.219+0000] {logging_mixin.py:117} INFO - [2023-01-15T19:46:55.219+0000] {dag.py:3328} INFO - Setting next_dagrun for example_weekday_branch_operator to 2023-01-14T00:00:00+00:00, run_after=2023-01-15T00:00:00+00:00
[2023-01-15T19:46:55.246+0000] {processor.py:178} INFO - Processing /home/airflow/.local/lib/python3.7/site-packages/airflow/example_dags/example_branch_day_of_week_operator.py took 0.238 seconds
[2023-01-15T20:53:29.849+0000] {processor.py:156} INFO - Started process (PID=26190) to work on /home/airflow/.local/lib/python3.7/site-packages/airflow/example_dags/example_branch_day_of_week_operator.py
[2023-01-15T20:53:29.858+0000] {processor.py:758} INFO - Processing file /home/airflow/.local/lib/python3.7/site-packages/airflow/example_dags/example_branch_day_of_week_operator.py for tasks to queue
[2023-01-15T20:53:29.859+0000] {logging_mixin.py:117} INFO - [2023-01-15T20:53:29.859+0000] {dagbag.py:525} INFO - Filling up the DagBag from /home/airflow/.local/lib/python3.7/site-packages/airflow/example_dags/example_branch_day_of_week_operator.py
[2023-01-15T20:53:29.889+0000] {processor.py:768} INFO - DAG(s) dict_keys(['example_weekday_branch_operator']) retrieved from /home/airflow/.local/lib/python3.7/site-packages/airflow/example_dags/example_branch_day_of_week_operator.py
[2023-01-15T20:53:29.946+0000] {logging_mixin.py:117} INFO - [2023-01-15T20:53:29.942+0000] {dag.py:2573} INFO - Sync 1 DAGs
[2023-01-15T20:53:29.981+0000] {logging_mixin.py:117} INFO - [2023-01-15T20:53:29.981+0000] {dag.py:3328} INFO - Setting next_dagrun for example_weekday_branch_operator to 2023-01-14T00:00:00+00:00, run_after=2023-01-15T00:00:00+00:00
[2023-01-15T20:53:30.012+0000] {processor.py:178} INFO - Processing /home/airflow/.local/lib/python3.7/site-packages/airflow/example_dags/example_branch_day_of_week_operator.py took 0.166 seconds
[2023-01-15T21:52:33.331+0000] {processor.py:156} INFO - Started process (PID=26253) to work on /home/airflow/.local/lib/python3.7/site-packages/airflow/example_dags/example_branch_day_of_week_operator.py
[2023-01-15T21:52:33.335+0000] {processor.py:758} INFO - Processing file /home/airflow/.local/lib/python3.7/site-packages/airflow/example_dags/example_branch_day_of_week_operator.py for tasks to queue
[2023-01-15T21:52:33.337+0000] {logging_mixin.py:117} INFO - [2023-01-15T21:52:33.337+0000] {dagbag.py:525} INFO - Filling up the DagBag from /home/airflow/.local/lib/python3.7/site-packages/airflow/example_dags/example_branch_day_of_week_operator.py
[2023-01-15T21:52:33.350+0000] {processor.py:768} INFO - DAG(s) dict_keys(['example_weekday_branch_operator']) retrieved from /home/airflow/.local/lib/python3.7/site-packages/airflow/example_dags/example_branch_day_of_week_operator.py
[2023-01-15T21:52:33.380+0000] {logging_mixin.py:117} INFO - [2023-01-15T21:52:33.380+0000] {dag.py:2573} INFO - Sync 1 DAGs
[2023-01-15T21:52:33.400+0000] {logging_mixin.py:117} INFO - [2023-01-15T21:52:33.399+0000] {dag.py:3328} INFO - Setting next_dagrun for example_weekday_branch_operator to 2023-01-14T00:00:00+00:00, run_after=2023-01-15T00:00:00+00:00
[2023-01-15T21:52:33.413+0000] {processor.py:178} INFO - Processing /home/airflow/.local/lib/python3.7/site-packages/airflow/example_dags/example_branch_day_of_week_operator.py took 0.086 seconds
[2023-01-15T23:15:51.465+0000] {processor.py:156} INFO - Started process (PID=26316) to work on /home/airflow/.local/lib/python3.7/site-packages/airflow/example_dags/example_branch_day_of_week_operator.py
[2023-01-15T23:15:51.470+0000] {processor.py:758} INFO - Processing file /home/airflow/.local/lib/python3.7/site-packages/airflow/example_dags/example_branch_day_of_week_operator.py for tasks to queue
[2023-01-15T23:15:51.471+0000] {logging_mixin.py:117} INFO - [2023-01-15T23:15:51.471+0000] {dagbag.py:525} INFO - Filling up the DagBag from /home/airflow/.local/lib/python3.7/site-packages/airflow/example_dags/example_branch_day_of_week_operator.py
[2023-01-15T23:15:51.492+0000] {processor.py:768} INFO - DAG(s) dict_keys(['example_weekday_branch_operator']) retrieved from /home/airflow/.local/lib/python3.7/site-packages/airflow/example_dags/example_branch_day_of_week_operator.py
[2023-01-15T23:15:51.562+0000] {logging_mixin.py:117} INFO - [2023-01-15T23:15:51.562+0000] {dag.py:2573} INFO - Sync 1 DAGs
[2023-01-15T23:15:51.584+0000] {logging_mixin.py:117} INFO - [2023-01-15T23:15:51.584+0000] {dag.py:3328} INFO - Setting next_dagrun for example_weekday_branch_operator to 2023-01-14T00:00:00+00:00, run_after=2023-01-15T00:00:00+00:00
[2023-01-15T23:15:51.612+0000] {processor.py:178} INFO - Processing /home/airflow/.local/lib/python3.7/site-packages/airflow/example_dags/example_branch_day_of_week_operator.py took 0.152 seconds
