[2023-01-15T00:38:58.522+0000] {processor.py:156} INFO - Started process (PID=24103) to work on /home/airflow/.local/lib/python3.7/site-packages/airflow/example_dags/example_short_circuit_decorator.py
[2023-01-15T00:38:58.524+0000] {processor.py:758} INFO - Processing file /home/airflow/.local/lib/python3.7/site-packages/airflow/example_dags/example_short_circuit_decorator.py for tasks to queue
[2023-01-15T00:38:58.525+0000] {logging_mixin.py:117} INFO - [2023-01-15T00:38:58.525+0000] {dagbag.py:525} INFO - Filling up the DagBag from /home/airflow/.local/lib/python3.7/site-packages/airflow/example_dags/example_short_circuit_decorator.py
[2023-01-15T00:38:58.550+0000] {processor.py:768} INFO - DAG(s) dict_keys(['example_short_circuit_decorator']) retrieved from /home/airflow/.local/lib/python3.7/site-packages/airflow/example_dags/example_short_circuit_decorator.py
[2023-01-15T00:38:58.596+0000] {logging_mixin.py:117} INFO - [2023-01-15T00:38:58.595+0000] {dag.py:2573} INFO - Sync 1 DAGs
[2023-01-15T00:38:58.637+0000] {logging_mixin.py:117} INFO - [2023-01-15T00:38:58.637+0000] {dag.py:3328} INFO - Setting next_dagrun for example_short_circuit_decorator to 2023-01-14T00:38:58.637167+00:00, run_after=2023-01-15T00:38:58.637167+00:00
[2023-01-15T00:38:58.670+0000] {processor.py:178} INFO - Processing /home/airflow/.local/lib/python3.7/site-packages/airflow/example_dags/example_short_circuit_decorator.py took 0.153 seconds
[2023-01-15T01:44:16.432+0000] {processor.py:156} INFO - Started process (PID=24166) to work on /home/airflow/.local/lib/python3.7/site-packages/airflow/example_dags/example_short_circuit_decorator.py
[2023-01-15T01:44:16.445+0000] {processor.py:758} INFO - Processing file /home/airflow/.local/lib/python3.7/site-packages/airflow/example_dags/example_short_circuit_decorator.py for tasks to queue
[2023-01-15T01:44:16.456+0000] {logging_mixin.py:117} INFO - [2023-01-15T01:44:16.455+0000] {dagbag.py:525} INFO - Filling up the DagBag from /home/airflow/.local/lib/python3.7/site-packages/airflow/example_dags/example_short_circuit_decorator.py
[2023-01-15T01:44:16.515+0000] {processor.py:768} INFO - DAG(s) dict_keys(['example_short_circuit_decorator']) retrieved from /home/airflow/.local/lib/python3.7/site-packages/airflow/example_dags/example_short_circuit_decorator.py
[2023-01-15T01:44:16.692+0000] {logging_mixin.py:117} INFO - [2023-01-15T01:44:16.692+0000] {dag.py:2573} INFO - Sync 1 DAGs
[2023-01-15T01:44:16.743+0000] {logging_mixin.py:117} INFO - [2023-01-15T01:44:16.742+0000] {dag.py:3328} INFO - Setting next_dagrun for example_short_circuit_decorator to 2023-01-14T01:44:16.742701+00:00, run_after=2023-01-15T01:44:16.742701+00:00
[2023-01-15T01:44:16.767+0000] {processor.py:178} INFO - Processing /home/airflow/.local/lib/python3.7/site-packages/airflow/example_dags/example_short_circuit_decorator.py took 0.339 seconds
[2023-01-15T02:15:45.694+0000] {processor.py:156} INFO - Started process (PID=24220) to work on /home/airflow/.local/lib/python3.7/site-packages/airflow/example_dags/example_short_circuit_decorator.py
[2023-01-15T02:15:45.695+0000] {processor.py:758} INFO - Processing file /home/airflow/.local/lib/python3.7/site-packages/airflow/example_dags/example_short_circuit_decorator.py for tasks to queue
[2023-01-15T02:15:45.695+0000] {logging_mixin.py:117} INFO - [2023-01-15T02:15:45.695+0000] {dagbag.py:525} INFO - Filling up the DagBag from /home/airflow/.local/lib/python3.7/site-packages/airflow/example_dags/example_short_circuit_decorator.py
[2023-01-15T02:15:45.710+0000] {processor.py:768} INFO - DAG(s) dict_keys(['example_short_circuit_decorator']) retrieved from /home/airflow/.local/lib/python3.7/site-packages/airflow/example_dags/example_short_circuit_decorator.py
[2023-01-15T02:15:45.737+0000] {logging_mixin.py:117} INFO - [2023-01-15T02:15:45.736+0000] {dag.py:2573} INFO - Sync 1 DAGs
[2023-01-15T02:15:45.750+0000] {logging_mixin.py:117} INFO - [2023-01-15T02:15:45.750+0000] {dag.py:3328} INFO - Setting next_dagrun for example_short_circuit_decorator to 2023-01-14T02:15:45.750725+00:00, run_after=2023-01-15T02:15:45.750725+00:00
[2023-01-15T02:15:45.762+0000] {processor.py:178} INFO - Processing /home/airflow/.local/lib/python3.7/site-packages/airflow/example_dags/example_short_circuit_decorator.py took 0.071 seconds
[2023-01-15T02:16:16.398+0000] {processor.py:156} INFO - Started process (PID=24283) to work on /home/airflow/.local/lib/python3.7/site-packages/airflow/example_dags/example_short_circuit_decorator.py
[2023-01-15T02:16:16.399+0000] {processor.py:758} INFO - Processing file /home/airflow/.local/lib/python3.7/site-packages/airflow/example_dags/example_short_circuit_decorator.py for tasks to queue
[2023-01-15T02:16:16.399+0000] {logging_mixin.py:117} INFO - [2023-01-15T02:16:16.399+0000] {dagbag.py:525} INFO - Filling up the DagBag from /home/airflow/.local/lib/python3.7/site-packages/airflow/example_dags/example_short_circuit_decorator.py
[2023-01-15T02:16:16.416+0000] {processor.py:768} INFO - DAG(s) dict_keys(['example_short_circuit_decorator']) retrieved from /home/airflow/.local/lib/python3.7/site-packages/airflow/example_dags/example_short_circuit_decorator.py
[2023-01-15T02:16:16.444+0000] {logging_mixin.py:117} INFO - [2023-01-15T02:16:16.444+0000] {dag.py:2573} INFO - Sync 1 DAGs
[2023-01-15T02:16:16.458+0000] {logging_mixin.py:117} INFO - [2023-01-15T02:16:16.458+0000] {dag.py:3328} INFO - Setting next_dagrun for example_short_circuit_decorator to 2023-01-14T02:16:16.458080+00:00, run_after=2023-01-15T02:16:16.458080+00:00
[2023-01-15T02:16:16.469+0000] {processor.py:178} INFO - Processing /home/airflow/.local/lib/python3.7/site-packages/airflow/example_dags/example_short_circuit_decorator.py took 0.073 seconds
[2023-01-15T02:49:42.887+0000] {processor.py:156} INFO - Started process (PID=24346) to work on /home/airflow/.local/lib/python3.7/site-packages/airflow/example_dags/example_short_circuit_decorator.py
[2023-01-15T02:49:42.892+0000] {processor.py:758} INFO - Processing file /home/airflow/.local/lib/python3.7/site-packages/airflow/example_dags/example_short_circuit_decorator.py for tasks to queue
[2023-01-15T02:49:42.893+0000] {logging_mixin.py:117} INFO - [2023-01-15T02:49:42.893+0000] {dagbag.py:525} INFO - Filling up the DagBag from /home/airflow/.local/lib/python3.7/site-packages/airflow/example_dags/example_short_circuit_decorator.py
[2023-01-15T02:49:42.924+0000] {processor.py:768} INFO - DAG(s) dict_keys(['example_short_circuit_decorator']) retrieved from /home/airflow/.local/lib/python3.7/site-packages/airflow/example_dags/example_short_circuit_decorator.py
[2023-01-15T02:49:42.981+0000] {logging_mixin.py:117} INFO - [2023-01-15T02:49:42.981+0000] {dag.py:2573} INFO - Sync 1 DAGs
[2023-01-15T02:49:43.006+0000] {logging_mixin.py:117} INFO - [2023-01-15T02:49:43.006+0000] {dag.py:3328} INFO - Setting next_dagrun for example_short_circuit_decorator to 2023-01-14T02:49:43.006542+00:00, run_after=2023-01-15T02:49:43.006542+00:00
[2023-01-15T02:49:43.025+0000] {processor.py:178} INFO - Processing /home/airflow/.local/lib/python3.7/site-packages/airflow/example_dags/example_short_circuit_decorator.py took 0.143 seconds
[2023-01-15T04:11:01.353+0000] {processor.py:156} INFO - Started process (PID=24409) to work on /home/airflow/.local/lib/python3.7/site-packages/airflow/example_dags/example_short_circuit_decorator.py
[2023-01-15T04:11:01.355+0000] {processor.py:758} INFO - Processing file /home/airflow/.local/lib/python3.7/site-packages/airflow/example_dags/example_short_circuit_decorator.py for tasks to queue
[2023-01-15T04:11:01.356+0000] {logging_mixin.py:117} INFO - [2023-01-15T04:11:01.356+0000] {dagbag.py:525} INFO - Filling up the DagBag from /home/airflow/.local/lib/python3.7/site-packages/airflow/example_dags/example_short_circuit_decorator.py
[2023-01-15T04:11:01.390+0000] {processor.py:768} INFO - DAG(s) dict_keys(['example_short_circuit_decorator']) retrieved from /home/airflow/.local/lib/python3.7/site-packages/airflow/example_dags/example_short_circuit_decorator.py
[2023-01-15T04:11:01.457+0000] {logging_mixin.py:117} INFO - [2023-01-15T04:11:01.457+0000] {dag.py:2573} INFO - Sync 1 DAGs
[2023-01-15T04:11:01.496+0000] {logging_mixin.py:117} INFO - [2023-01-15T04:11:01.496+0000] {dag.py:3328} INFO - Setting next_dagrun for example_short_circuit_decorator to 2023-01-14T04:11:01.489088+00:00, run_after=2023-01-15T04:11:01.489088+00:00
[2023-01-15T04:11:01.539+0000] {processor.py:178} INFO - Processing /home/airflow/.local/lib/python3.7/site-packages/airflow/example_dags/example_short_circuit_decorator.py took 0.192 seconds
[2023-01-15T05:08:49.537+0000] {processor.py:156} INFO - Started process (PID=24473) to work on /home/airflow/.local/lib/python3.7/site-packages/airflow/example_dags/example_short_circuit_decorator.py
[2023-01-15T05:08:49.539+0000] {processor.py:758} INFO - Processing file /home/airflow/.local/lib/python3.7/site-packages/airflow/example_dags/example_short_circuit_decorator.py for tasks to queue
[2023-01-15T05:08:49.541+0000] {logging_mixin.py:117} INFO - [2023-01-15T05:08:49.541+0000] {dagbag.py:525} INFO - Filling up the DagBag from /home/airflow/.local/lib/python3.7/site-packages/airflow/example_dags/example_short_circuit_decorator.py
[2023-01-15T05:08:49.575+0000] {processor.py:768} INFO - DAG(s) dict_keys(['example_short_circuit_decorator']) retrieved from /home/airflow/.local/lib/python3.7/site-packages/airflow/example_dags/example_short_circuit_decorator.py
[2023-01-15T05:08:49.685+0000] {logging_mixin.py:117} INFO - [2023-01-15T05:08:49.685+0000] {dag.py:2573} INFO - Sync 1 DAGs
[2023-01-15T05:08:49.738+0000] {logging_mixin.py:117} INFO - [2023-01-15T05:08:49.737+0000] {dag.py:3328} INFO - Setting next_dagrun for example_short_circuit_decorator to 2023-01-14T05:08:49.737549+00:00, run_after=2023-01-15T05:08:49.737549+00:00
[2023-01-15T05:08:49.768+0000] {processor.py:178} INFO - Processing /home/airflow/.local/lib/python3.7/site-packages/airflow/example_dags/example_short_circuit_decorator.py took 0.241 seconds
[2023-01-15T06:14:17.783+0000] {processor.py:156} INFO - Started process (PID=24527) to work on /home/airflow/.local/lib/python3.7/site-packages/airflow/example_dags/example_short_circuit_decorator.py
[2023-01-15T06:14:17.792+0000] {processor.py:758} INFO - Processing file /home/airflow/.local/lib/python3.7/site-packages/airflow/example_dags/example_short_circuit_decorator.py for tasks to queue
[2023-01-15T06:14:17.793+0000] {logging_mixin.py:117} INFO - [2023-01-15T06:14:17.793+0000] {dagbag.py:525} INFO - Filling up the DagBag from /home/airflow/.local/lib/python3.7/site-packages/airflow/example_dags/example_short_circuit_decorator.py
[2023-01-15T06:14:17.840+0000] {processor.py:768} INFO - DAG(s) dict_keys(['example_short_circuit_decorator']) retrieved from /home/airflow/.local/lib/python3.7/site-packages/airflow/example_dags/example_short_circuit_decorator.py
[2023-01-15T06:14:17.917+0000] {logging_mixin.py:117} INFO - [2023-01-15T06:14:17.916+0000] {dag.py:2573} INFO - Sync 1 DAGs
[2023-01-15T06:14:17.960+0000] {logging_mixin.py:117} INFO - [2023-01-15T06:14:17.960+0000] {dag.py:3328} INFO - Setting next_dagrun for example_short_circuit_decorator to 2023-01-14T06:14:17.960010+00:00, run_after=2023-01-15T06:14:17.960010+00:00
[2023-01-15T06:14:17.981+0000] {processor.py:178} INFO - Processing /home/airflow/.local/lib/python3.7/site-packages/airflow/example_dags/example_short_circuit_decorator.py took 0.202 seconds
[2023-01-15T06:57:23.707+0000] {processor.py:156} INFO - Started process (PID=24590) to work on /home/airflow/.local/lib/python3.7/site-packages/airflow/example_dags/example_short_circuit_decorator.py
[2023-01-15T06:57:23.709+0000] {processor.py:758} INFO - Processing file /home/airflow/.local/lib/python3.7/site-packages/airflow/example_dags/example_short_circuit_decorator.py for tasks to queue
[2023-01-15T06:57:23.711+0000] {logging_mixin.py:117} INFO - [2023-01-15T06:57:23.710+0000] {dagbag.py:525} INFO - Filling up the DagBag from /home/airflow/.local/lib/python3.7/site-packages/airflow/example_dags/example_short_circuit_decorator.py
[2023-01-15T06:57:23.735+0000] {processor.py:768} INFO - DAG(s) dict_keys(['example_short_circuit_decorator']) retrieved from /home/airflow/.local/lib/python3.7/site-packages/airflow/example_dags/example_short_circuit_decorator.py
[2023-01-15T06:57:23.790+0000] {logging_mixin.py:117} INFO - [2023-01-15T06:57:23.789+0000] {dag.py:2573} INFO - Sync 1 DAGs
[2023-01-15T06:57:23.815+0000] {logging_mixin.py:117} INFO - [2023-01-15T06:57:23.814+0000] {dag.py:3328} INFO - Setting next_dagrun for example_short_circuit_decorator to 2023-01-14T06:57:23.814741+00:00, run_after=2023-01-15T06:57:23.814741+00:00
[2023-01-15T06:57:23.834+0000] {processor.py:178} INFO - Processing /home/airflow/.local/lib/python3.7/site-packages/airflow/example_dags/example_short_circuit_decorator.py took 0.130 seconds
[2023-01-15T08:03:15.269+0000] {processor.py:156} INFO - Started process (PID=24653) to work on /home/airflow/.local/lib/python3.7/site-packages/airflow/example_dags/example_short_circuit_decorator.py
[2023-01-15T08:03:15.271+0000] {processor.py:758} INFO - Processing file /home/airflow/.local/lib/python3.7/site-packages/airflow/example_dags/example_short_circuit_decorator.py for tasks to queue
[2023-01-15T08:03:15.272+0000] {logging_mixin.py:117} INFO - [2023-01-15T08:03:15.272+0000] {dagbag.py:525} INFO - Filling up the DagBag from /home/airflow/.local/lib/python3.7/site-packages/airflow/example_dags/example_short_circuit_decorator.py
[2023-01-15T08:03:15.307+0000] {processor.py:768} INFO - DAG(s) dict_keys(['example_short_circuit_decorator']) retrieved from /home/airflow/.local/lib/python3.7/site-packages/airflow/example_dags/example_short_circuit_decorator.py
[2023-01-15T08:03:15.374+0000] {logging_mixin.py:117} INFO - [2023-01-15T08:03:15.374+0000] {dag.py:2573} INFO - Sync 1 DAGs
[2023-01-15T08:03:15.412+0000] {logging_mixin.py:117} INFO - [2023-01-15T08:03:15.412+0000] {dag.py:3328} INFO - Setting next_dagrun for example_short_circuit_decorator to 2023-01-14T08:03:15.411878+00:00, run_after=2023-01-15T08:03:15.411878+00:00
[2023-01-15T08:03:15.431+0000] {processor.py:178} INFO - Processing /home/airflow/.local/lib/python3.7/site-packages/airflow/example_dags/example_short_circuit_decorator.py took 0.166 seconds
[2023-01-15T09:11:05.347+0000] {processor.py:156} INFO - Started process (PID=24717) to work on /home/airflow/.local/lib/python3.7/site-packages/airflow/example_dags/example_short_circuit_decorator.py
[2023-01-15T09:11:05.351+0000] {processor.py:758} INFO - Processing file /home/airflow/.local/lib/python3.7/site-packages/airflow/example_dags/example_short_circuit_decorator.py for tasks to queue
[2023-01-15T09:11:05.354+0000] {logging_mixin.py:117} INFO - [2023-01-15T09:11:05.354+0000] {dagbag.py:525} INFO - Filling up the DagBag from /home/airflow/.local/lib/python3.7/site-packages/airflow/example_dags/example_short_circuit_decorator.py
[2023-01-15T09:11:05.420+0000] {processor.py:768} INFO - DAG(s) dict_keys(['example_short_circuit_decorator']) retrieved from /home/airflow/.local/lib/python3.7/site-packages/airflow/example_dags/example_short_circuit_decorator.py
[2023-01-15T09:11:05.507+0000] {logging_mixin.py:117} INFO - [2023-01-15T09:11:05.507+0000] {dag.py:2573} INFO - Sync 1 DAGs
[2023-01-15T09:11:05.548+0000] {logging_mixin.py:117} INFO - [2023-01-15T09:11:05.548+0000] {dag.py:3328} INFO - Setting next_dagrun for example_short_circuit_decorator to 2023-01-14T09:11:05.547831+00:00, run_after=2023-01-15T09:11:05.547831+00:00
[2023-01-15T09:11:05.570+0000] {processor.py:178} INFO - Processing /home/airflow/.local/lib/python3.7/site-packages/airflow/example_dags/example_short_circuit_decorator.py took 0.227 seconds
[2023-01-15T09:32:52.395+0000] {processor.py:156} INFO - Started process (PID=24771) to work on /home/airflow/.local/lib/python3.7/site-packages/airflow/example_dags/example_short_circuit_decorator.py
[2023-01-15T09:32:52.401+0000] {processor.py:758} INFO - Processing file /home/airflow/.local/lib/python3.7/site-packages/airflow/example_dags/example_short_circuit_decorator.py for tasks to queue
[2023-01-15T09:32:52.402+0000] {logging_mixin.py:117} INFO - [2023-01-15T09:32:52.402+0000] {dagbag.py:525} INFO - Filling up the DagBag from /home/airflow/.local/lib/python3.7/site-packages/airflow/example_dags/example_short_circuit_decorator.py
[2023-01-15T09:32:52.453+0000] {processor.py:768} INFO - DAG(s) dict_keys(['example_short_circuit_decorator']) retrieved from /home/airflow/.local/lib/python3.7/site-packages/airflow/example_dags/example_short_circuit_decorator.py
[2023-01-15T09:32:52.560+0000] {logging_mixin.py:117} INFO - [2023-01-15T09:32:52.560+0000] {dag.py:2573} INFO - Sync 1 DAGs
[2023-01-15T09:32:52.624+0000] {logging_mixin.py:117} INFO - [2023-01-15T09:32:52.624+0000] {dag.py:3328} INFO - Setting next_dagrun for example_short_circuit_decorator to 2023-01-14T09:32:52.623833+00:00, run_after=2023-01-15T09:32:52.623833+00:00
[2023-01-15T09:32:52.659+0000] {processor.py:178} INFO - Processing /home/airflow/.local/lib/python3.7/site-packages/airflow/example_dags/example_short_circuit_decorator.py took 0.270 seconds
[2023-01-15T09:33:54.864+0000] {processor.py:156} INFO - Started process (PID=24834) to work on /home/airflow/.local/lib/python3.7/site-packages/airflow/example_dags/example_short_circuit_decorator.py
[2023-01-15T09:33:54.865+0000] {processor.py:758} INFO - Processing file /home/airflow/.local/lib/python3.7/site-packages/airflow/example_dags/example_short_circuit_decorator.py for tasks to queue
[2023-01-15T09:33:54.865+0000] {logging_mixin.py:117} INFO - [2023-01-15T09:33:54.865+0000] {dagbag.py:525} INFO - Filling up the DagBag from /home/airflow/.local/lib/python3.7/site-packages/airflow/example_dags/example_short_circuit_decorator.py
[2023-01-15T09:33:54.884+0000] {processor.py:768} INFO - DAG(s) dict_keys(['example_short_circuit_decorator']) retrieved from /home/airflow/.local/lib/python3.7/site-packages/airflow/example_dags/example_short_circuit_decorator.py
[2023-01-15T09:33:54.917+0000] {logging_mixin.py:117} INFO - [2023-01-15T09:33:54.917+0000] {dag.py:2573} INFO - Sync 1 DAGs
[2023-01-15T09:33:54.932+0000] {logging_mixin.py:117} INFO - [2023-01-15T09:33:54.932+0000] {dag.py:3328} INFO - Setting next_dagrun for example_short_circuit_decorator to 2023-01-14T09:33:54.932088+00:00, run_after=2023-01-15T09:33:54.932088+00:00
[2023-01-15T09:33:54.943+0000] {processor.py:178} INFO - Processing /home/airflow/.local/lib/python3.7/site-packages/airflow/example_dags/example_short_circuit_decorator.py took 0.082 seconds
[2023-01-15T09:43:28.694+0000] {processor.py:156} INFO - Started process (PID=24897) to work on /home/airflow/.local/lib/python3.7/site-packages/airflow/example_dags/example_short_circuit_decorator.py
[2023-01-15T09:43:28.696+0000] {processor.py:758} INFO - Processing file /home/airflow/.local/lib/python3.7/site-packages/airflow/example_dags/example_short_circuit_decorator.py for tasks to queue
[2023-01-15T09:43:28.697+0000] {logging_mixin.py:117} INFO - [2023-01-15T09:43:28.697+0000] {dagbag.py:525} INFO - Filling up the DagBag from /home/airflow/.local/lib/python3.7/site-packages/airflow/example_dags/example_short_circuit_decorator.py
[2023-01-15T09:43:28.736+0000] {processor.py:768} INFO - DAG(s) dict_keys(['example_short_circuit_decorator']) retrieved from /home/airflow/.local/lib/python3.7/site-packages/airflow/example_dags/example_short_circuit_decorator.py
[2023-01-15T09:43:28.780+0000] {logging_mixin.py:117} INFO - [2023-01-15T09:43:28.779+0000] {dag.py:2573} INFO - Sync 1 DAGs
[2023-01-15T09:43:28.800+0000] {logging_mixin.py:117} INFO - [2023-01-15T09:43:28.800+0000] {dag.py:3328} INFO - Setting next_dagrun for example_short_circuit_decorator to 2023-01-14T09:43:28.799814+00:00, run_after=2023-01-15T09:43:28.799814+00:00
[2023-01-15T09:43:28.814+0000] {processor.py:178} INFO - Processing /home/airflow/.local/lib/python3.7/site-packages/airflow/example_dags/example_short_circuit_decorator.py took 0.124 seconds
[2023-01-15T11:04:08.316+0000] {processor.py:156} INFO - Started process (PID=24959) to work on /home/airflow/.local/lib/python3.7/site-packages/airflow/example_dags/example_short_circuit_decorator.py
[2023-01-15T11:04:08.322+0000] {processor.py:758} INFO - Processing file /home/airflow/.local/lib/python3.7/site-packages/airflow/example_dags/example_short_circuit_decorator.py for tasks to queue
[2023-01-15T11:04:08.324+0000] {logging_mixin.py:117} INFO - [2023-01-15T11:04:08.324+0000] {dagbag.py:525} INFO - Filling up the DagBag from /home/airflow/.local/lib/python3.7/site-packages/airflow/example_dags/example_short_circuit_decorator.py
[2023-01-15T11:04:08.367+0000] {processor.py:768} INFO - DAG(s) dict_keys(['example_short_circuit_decorator']) retrieved from /home/airflow/.local/lib/python3.7/site-packages/airflow/example_dags/example_short_circuit_decorator.py
[2023-01-15T11:04:08.454+0000] {logging_mixin.py:117} INFO - [2023-01-15T11:04:08.454+0000] {dag.py:2573} INFO - Sync 1 DAGs
[2023-01-15T11:04:08.497+0000] {logging_mixin.py:117} INFO - [2023-01-15T11:04:08.497+0000] {dag.py:3328} INFO - Setting next_dagrun for example_short_circuit_decorator to 2023-01-14T11:04:08.497430+00:00, run_after=2023-01-15T11:04:08.497430+00:00
[2023-01-15T11:04:08.542+0000] {processor.py:178} INFO - Processing /home/airflow/.local/lib/python3.7/site-packages/airflow/example_dags/example_short_circuit_decorator.py took 0.236 seconds
[2023-01-15T12:04:15.149+0000] {processor.py:156} INFO - Started process (PID=25014) to work on /home/airflow/.local/lib/python3.7/site-packages/airflow/example_dags/example_short_circuit_decorator.py
[2023-01-15T12:04:15.150+0000] {processor.py:758} INFO - Processing file /home/airflow/.local/lib/python3.7/site-packages/airflow/example_dags/example_short_circuit_decorator.py for tasks to queue
[2023-01-15T12:04:15.151+0000] {logging_mixin.py:117} INFO - [2023-01-15T12:04:15.151+0000] {dagbag.py:525} INFO - Filling up the DagBag from /home/airflow/.local/lib/python3.7/site-packages/airflow/example_dags/example_short_circuit_decorator.py
[2023-01-15T12:04:15.178+0000] {processor.py:768} INFO - DAG(s) dict_keys(['example_short_circuit_decorator']) retrieved from /home/airflow/.local/lib/python3.7/site-packages/airflow/example_dags/example_short_circuit_decorator.py
[2023-01-15T12:04:15.235+0000] {logging_mixin.py:117} INFO - [2023-01-15T12:04:15.235+0000] {dag.py:2573} INFO - Sync 1 DAGs
[2023-01-15T12:04:15.265+0000] {logging_mixin.py:117} INFO - [2023-01-15T12:04:15.265+0000] {dag.py:3328} INFO - Setting next_dagrun for example_short_circuit_decorator to 2023-01-14T12:04:15.265344+00:00, run_after=2023-01-15T12:04:15.265344+00:00
[2023-01-15T12:04:15.292+0000] {processor.py:178} INFO - Processing /home/airflow/.local/lib/python3.7/site-packages/airflow/example_dags/example_short_circuit_decorator.py took 0.150 seconds
[2023-01-15T12:42:36.812+0000] {processor.py:156} INFO - Started process (PID=25077) to work on /home/airflow/.local/lib/python3.7/site-packages/airflow/example_dags/example_short_circuit_decorator.py
[2023-01-15T12:42:36.814+0000] {processor.py:758} INFO - Processing file /home/airflow/.local/lib/python3.7/site-packages/airflow/example_dags/example_short_circuit_decorator.py for tasks to queue
[2023-01-15T12:42:36.816+0000] {logging_mixin.py:117} INFO - [2023-01-15T12:42:36.816+0000] {dagbag.py:525} INFO - Filling up the DagBag from /home/airflow/.local/lib/python3.7/site-packages/airflow/example_dags/example_short_circuit_decorator.py
[2023-01-15T12:42:36.862+0000] {processor.py:768} INFO - DAG(s) dict_keys(['example_short_circuit_decorator']) retrieved from /home/airflow/.local/lib/python3.7/site-packages/airflow/example_dags/example_short_circuit_decorator.py
[2023-01-15T12:42:36.956+0000] {logging_mixin.py:117} INFO - [2023-01-15T12:42:36.956+0000] {dag.py:2573} INFO - Sync 1 DAGs
[2023-01-15T12:42:37.031+0000] {logging_mixin.py:117} INFO - [2023-01-15T12:42:37.031+0000] {dag.py:3328} INFO - Setting next_dagrun for example_short_circuit_decorator to 2023-01-14T12:42:37.030663+00:00, run_after=2023-01-15T12:42:37.030663+00:00
[2023-01-15T12:42:37.052+0000] {processor.py:178} INFO - Processing /home/airflow/.local/lib/python3.7/site-packages/airflow/example_dags/example_short_circuit_decorator.py took 0.243 seconds
[2023-01-15T13:21:54.827+0000] {processor.py:156} INFO - Started process (PID=25140) to work on /home/airflow/.local/lib/python3.7/site-packages/airflow/example_dags/example_short_circuit_decorator.py
[2023-01-15T13:21:54.828+0000] {processor.py:758} INFO - Processing file /home/airflow/.local/lib/python3.7/site-packages/airflow/example_dags/example_short_circuit_decorator.py for tasks to queue
[2023-01-15T13:21:54.829+0000] {logging_mixin.py:117} INFO - [2023-01-15T13:21:54.829+0000] {dagbag.py:525} INFO - Filling up the DagBag from /home/airflow/.local/lib/python3.7/site-packages/airflow/example_dags/example_short_circuit_decorator.py
[2023-01-15T13:21:54.845+0000] {processor.py:768} INFO - DAG(s) dict_keys(['example_short_circuit_decorator']) retrieved from /home/airflow/.local/lib/python3.7/site-packages/airflow/example_dags/example_short_circuit_decorator.py
[2023-01-15T13:21:54.872+0000] {logging_mixin.py:117} INFO - [2023-01-15T13:21:54.872+0000] {dag.py:2573} INFO - Sync 1 DAGs
[2023-01-15T13:21:54.886+0000] {logging_mixin.py:117} INFO - [2023-01-15T13:21:54.886+0000] {dag.py:3328} INFO - Setting next_dagrun for example_short_circuit_decorator to 2023-01-14T13:21:54.886104+00:00, run_after=2023-01-15T13:21:54.886104+00:00
[2023-01-15T13:21:54.897+0000] {processor.py:178} INFO - Processing /home/airflow/.local/lib/python3.7/site-packages/airflow/example_dags/example_short_circuit_decorator.py took 0.073 seconds
[2023-01-15T13:38:27.841+0000] {processor.py:156} INFO - Started process (PID=25203) to work on /home/airflow/.local/lib/python3.7/site-packages/airflow/example_dags/example_short_circuit_decorator.py
[2023-01-15T13:38:27.844+0000] {processor.py:758} INFO - Processing file /home/airflow/.local/lib/python3.7/site-packages/airflow/example_dags/example_short_circuit_decorator.py for tasks to queue
[2023-01-15T13:38:27.847+0000] {logging_mixin.py:117} INFO - [2023-01-15T13:38:27.846+0000] {dagbag.py:525} INFO - Filling up the DagBag from /home/airflow/.local/lib/python3.7/site-packages/airflow/example_dags/example_short_circuit_decorator.py
[2023-01-15T13:38:27.882+0000] {processor.py:768} INFO - DAG(s) dict_keys(['example_short_circuit_decorator']) retrieved from /home/airflow/.local/lib/python3.7/site-packages/airflow/example_dags/example_short_circuit_decorator.py
[2023-01-15T13:38:27.927+0000] {logging_mixin.py:117} INFO - [2023-01-15T13:38:27.927+0000] {dag.py:2573} INFO - Sync 1 DAGs
[2023-01-15T13:38:27.966+0000] {logging_mixin.py:117} INFO - [2023-01-15T13:38:27.966+0000] {dag.py:3328} INFO - Setting next_dagrun for example_short_circuit_decorator to 2023-01-14T13:38:27.966293+00:00, run_after=2023-01-15T13:38:27.966293+00:00
[2023-01-15T13:38:27.993+0000] {processor.py:178} INFO - Processing /home/airflow/.local/lib/python3.7/site-packages/airflow/example_dags/example_short_circuit_decorator.py took 0.161 seconds
[2023-01-15T13:38:58.257+0000] {processor.py:156} INFO - Started process (PID=25257) to work on /home/airflow/.local/lib/python3.7/site-packages/airflow/example_dags/example_short_circuit_decorator.py
[2023-01-15T13:38:58.259+0000] {processor.py:758} INFO - Processing file /home/airflow/.local/lib/python3.7/site-packages/airflow/example_dags/example_short_circuit_decorator.py for tasks to queue
[2023-01-15T13:38:58.259+0000] {logging_mixin.py:117} INFO - [2023-01-15T13:38:58.259+0000] {dagbag.py:525} INFO - Filling up the DagBag from /home/airflow/.local/lib/python3.7/site-packages/airflow/example_dags/example_short_circuit_decorator.py
[2023-01-15T13:38:58.275+0000] {processor.py:768} INFO - DAG(s) dict_keys(['example_short_circuit_decorator']) retrieved from /home/airflow/.local/lib/python3.7/site-packages/airflow/example_dags/example_short_circuit_decorator.py
[2023-01-15T13:38:58.300+0000] {logging_mixin.py:117} INFO - [2023-01-15T13:38:58.300+0000] {dag.py:2573} INFO - Sync 1 DAGs
[2023-01-15T13:38:58.314+0000] {logging_mixin.py:117} INFO - [2023-01-15T13:38:58.314+0000] {dag.py:3328} INFO - Setting next_dagrun for example_short_circuit_decorator to 2023-01-14T13:38:58.314149+00:00, run_after=2023-01-15T13:38:58.314149+00:00
[2023-01-15T13:38:58.324+0000] {processor.py:178} INFO - Processing /home/airflow/.local/lib/python3.7/site-packages/airflow/example_dags/example_short_circuit_decorator.py took 0.069 seconds
[2023-01-15T13:39:28.719+0000] {processor.py:156} INFO - Started process (PID=25320) to work on /home/airflow/.local/lib/python3.7/site-packages/airflow/example_dags/example_short_circuit_decorator.py
[2023-01-15T13:39:28.720+0000] {processor.py:758} INFO - Processing file /home/airflow/.local/lib/python3.7/site-packages/airflow/example_dags/example_short_circuit_decorator.py for tasks to queue
[2023-01-15T13:39:28.721+0000] {logging_mixin.py:117} INFO - [2023-01-15T13:39:28.721+0000] {dagbag.py:525} INFO - Filling up the DagBag from /home/airflow/.local/lib/python3.7/site-packages/airflow/example_dags/example_short_circuit_decorator.py
[2023-01-15T13:39:28.736+0000] {processor.py:768} INFO - DAG(s) dict_keys(['example_short_circuit_decorator']) retrieved from /home/airflow/.local/lib/python3.7/site-packages/airflow/example_dags/example_short_circuit_decorator.py
[2023-01-15T13:39:28.764+0000] {logging_mixin.py:117} INFO - [2023-01-15T13:39:28.764+0000] {dag.py:2573} INFO - Sync 1 DAGs
[2023-01-15T13:39:28.780+0000] {logging_mixin.py:117} INFO - [2023-01-15T13:39:28.780+0000] {dag.py:3328} INFO - Setting next_dagrun for example_short_circuit_decorator to 2023-01-14T13:39:28.779956+00:00, run_after=2023-01-15T13:39:28.779956+00:00
[2023-01-15T13:39:28.791+0000] {processor.py:178} INFO - Processing /home/airflow/.local/lib/python3.7/site-packages/airflow/example_dags/example_short_circuit_decorator.py took 0.074 seconds
[2023-01-15T13:39:59.136+0000] {processor.py:156} INFO - Started process (PID=25383) to work on /home/airflow/.local/lib/python3.7/site-packages/airflow/example_dags/example_short_circuit_decorator.py
[2023-01-15T13:39:59.137+0000] {processor.py:758} INFO - Processing file /home/airflow/.local/lib/python3.7/site-packages/airflow/example_dags/example_short_circuit_decorator.py for tasks to queue
[2023-01-15T13:39:59.138+0000] {logging_mixin.py:117} INFO - [2023-01-15T13:39:59.138+0000] {dagbag.py:525} INFO - Filling up the DagBag from /home/airflow/.local/lib/python3.7/site-packages/airflow/example_dags/example_short_circuit_decorator.py
[2023-01-15T13:39:59.155+0000] {processor.py:768} INFO - DAG(s) dict_keys(['example_short_circuit_decorator']) retrieved from /home/airflow/.local/lib/python3.7/site-packages/airflow/example_dags/example_short_circuit_decorator.py
[2023-01-15T13:39:59.184+0000] {logging_mixin.py:117} INFO - [2023-01-15T13:39:59.184+0000] {dag.py:2573} INFO - Sync 1 DAGs
[2023-01-15T13:39:59.199+0000] {logging_mixin.py:117} INFO - [2023-01-15T13:39:59.199+0000] {dag.py:3328} INFO - Setting next_dagrun for example_short_circuit_decorator to 2023-01-14T13:39:59.199343+00:00, run_after=2023-01-15T13:39:59.199343+00:00
[2023-01-15T13:39:59.212+0000] {processor.py:178} INFO - Processing /home/airflow/.local/lib/python3.7/site-packages/airflow/example_dags/example_short_circuit_decorator.py took 0.079 seconds
[2023-01-15T13:40:29.628+0000] {processor.py:156} INFO - Started process (PID=25446) to work on /home/airflow/.local/lib/python3.7/site-packages/airflow/example_dags/example_short_circuit_decorator.py
[2023-01-15T13:40:29.629+0000] {processor.py:758} INFO - Processing file /home/airflow/.local/lib/python3.7/site-packages/airflow/example_dags/example_short_circuit_decorator.py for tasks to queue
[2023-01-15T13:40:29.630+0000] {logging_mixin.py:117} INFO - [2023-01-15T13:40:29.630+0000] {dagbag.py:525} INFO - Filling up the DagBag from /home/airflow/.local/lib/python3.7/site-packages/airflow/example_dags/example_short_circuit_decorator.py
[2023-01-15T13:40:29.645+0000] {processor.py:768} INFO - DAG(s) dict_keys(['example_short_circuit_decorator']) retrieved from /home/airflow/.local/lib/python3.7/site-packages/airflow/example_dags/example_short_circuit_decorator.py
[2023-01-15T13:40:29.672+0000] {logging_mixin.py:117} INFO - [2023-01-15T13:40:29.672+0000] {dag.py:2573} INFO - Sync 1 DAGs
[2023-01-15T13:40:29.686+0000] {logging_mixin.py:117} INFO - [2023-01-15T13:40:29.686+0000] {dag.py:3328} INFO - Setting next_dagrun for example_short_circuit_decorator to 2023-01-14T13:40:29.686162+00:00, run_after=2023-01-15T13:40:29.686162+00:00
[2023-01-15T13:40:29.697+0000] {processor.py:178} INFO - Processing /home/airflow/.local/lib/python3.7/site-packages/airflow/example_dags/example_short_circuit_decorator.py took 0.072 seconds
[2023-01-15T13:41:00.082+0000] {processor.py:156} INFO - Started process (PID=25509) to work on /home/airflow/.local/lib/python3.7/site-packages/airflow/example_dags/example_short_circuit_decorator.py
[2023-01-15T13:41:00.084+0000] {processor.py:758} INFO - Processing file /home/airflow/.local/lib/python3.7/site-packages/airflow/example_dags/example_short_circuit_decorator.py for tasks to queue
[2023-01-15T13:41:00.084+0000] {logging_mixin.py:117} INFO - [2023-01-15T13:41:00.084+0000] {dagbag.py:525} INFO - Filling up the DagBag from /home/airflow/.local/lib/python3.7/site-packages/airflow/example_dags/example_short_circuit_decorator.py
[2023-01-15T13:41:00.101+0000] {processor.py:768} INFO - DAG(s) dict_keys(['example_short_circuit_decorator']) retrieved from /home/airflow/.local/lib/python3.7/site-packages/airflow/example_dags/example_short_circuit_decorator.py
[2023-01-15T13:41:00.128+0000] {logging_mixin.py:117} INFO - [2023-01-15T13:41:00.128+0000] {dag.py:2573} INFO - Sync 1 DAGs
[2023-01-15T13:41:00.144+0000] {logging_mixin.py:117} INFO - [2023-01-15T13:41:00.143+0000] {dag.py:3328} INFO - Setting next_dagrun for example_short_circuit_decorator to 2023-01-14T13:41:00.143730+00:00, run_after=2023-01-15T13:41:00.143730+00:00
[2023-01-15T13:41:00.155+0000] {processor.py:178} INFO - Processing /home/airflow/.local/lib/python3.7/site-packages/airflow/example_dags/example_short_circuit_decorator.py took 0.076 seconds
[2023-01-15T13:41:30.400+0000] {processor.py:156} INFO - Started process (PID=25572) to work on /home/airflow/.local/lib/python3.7/site-packages/airflow/example_dags/example_short_circuit_decorator.py
[2023-01-15T13:41:30.401+0000] {processor.py:758} INFO - Processing file /home/airflow/.local/lib/python3.7/site-packages/airflow/example_dags/example_short_circuit_decorator.py for tasks to queue
[2023-01-15T13:41:30.402+0000] {logging_mixin.py:117} INFO - [2023-01-15T13:41:30.402+0000] {dagbag.py:525} INFO - Filling up the DagBag from /home/airflow/.local/lib/python3.7/site-packages/airflow/example_dags/example_short_circuit_decorator.py
[2023-01-15T13:41:30.420+0000] {processor.py:768} INFO - DAG(s) dict_keys(['example_short_circuit_decorator']) retrieved from /home/airflow/.local/lib/python3.7/site-packages/airflow/example_dags/example_short_circuit_decorator.py
[2023-01-15T13:41:30.450+0000] {logging_mixin.py:117} INFO - [2023-01-15T13:41:30.450+0000] {dag.py:2573} INFO - Sync 1 DAGs
[2023-01-15T13:41:30.467+0000] {logging_mixin.py:117} INFO - [2023-01-15T13:41:30.467+0000] {dag.py:3328} INFO - Setting next_dagrun for example_short_circuit_decorator to 2023-01-14T13:41:30.467097+00:00, run_after=2023-01-15T13:41:30.467097+00:00
[2023-01-15T13:41:30.479+0000] {processor.py:178} INFO - Processing /home/airflow/.local/lib/python3.7/site-packages/airflow/example_dags/example_short_circuit_decorator.py took 0.082 seconds
[2023-01-15T13:42:00.786+0000] {processor.py:156} INFO - Started process (PID=25627) to work on /home/airflow/.local/lib/python3.7/site-packages/airflow/example_dags/example_short_circuit_decorator.py
[2023-01-15T13:42:00.788+0000] {processor.py:758} INFO - Processing file /home/airflow/.local/lib/python3.7/site-packages/airflow/example_dags/example_short_circuit_decorator.py for tasks to queue
[2023-01-15T13:42:00.788+0000] {logging_mixin.py:117} INFO - [2023-01-15T13:42:00.788+0000] {dagbag.py:525} INFO - Filling up the DagBag from /home/airflow/.local/lib/python3.7/site-packages/airflow/example_dags/example_short_circuit_decorator.py
[2023-01-15T13:42:00.804+0000] {processor.py:768} INFO - DAG(s) dict_keys(['example_short_circuit_decorator']) retrieved from /home/airflow/.local/lib/python3.7/site-packages/airflow/example_dags/example_short_circuit_decorator.py
[2023-01-15T13:42:00.832+0000] {logging_mixin.py:117} INFO - [2023-01-15T13:42:00.832+0000] {dag.py:2573} INFO - Sync 1 DAGs
[2023-01-15T13:42:00.845+0000] {logging_mixin.py:117} INFO - [2023-01-15T13:42:00.845+0000] {dag.py:3328} INFO - Setting next_dagrun for example_short_circuit_decorator to 2023-01-14T13:42:00.845615+00:00, run_after=2023-01-15T13:42:00.845615+00:00
[2023-01-15T13:42:00.857+0000] {processor.py:178} INFO - Processing /home/airflow/.local/lib/python3.7/site-packages/airflow/example_dags/example_short_circuit_decorator.py took 0.073 seconds
[2023-01-15T13:58:04.885+0000] {processor.py:156} INFO - Started process (PID=25690) to work on /home/airflow/.local/lib/python3.7/site-packages/airflow/example_dags/example_short_circuit_decorator.py
[2023-01-15T13:58:04.887+0000] {processor.py:758} INFO - Processing file /home/airflow/.local/lib/python3.7/site-packages/airflow/example_dags/example_short_circuit_decorator.py for tasks to queue
[2023-01-15T13:58:04.888+0000] {logging_mixin.py:117} INFO - [2023-01-15T13:58:04.888+0000] {dagbag.py:525} INFO - Filling up the DagBag from /home/airflow/.local/lib/python3.7/site-packages/airflow/example_dags/example_short_circuit_decorator.py
[2023-01-15T13:58:04.919+0000] {processor.py:768} INFO - DAG(s) dict_keys(['example_short_circuit_decorator']) retrieved from /home/airflow/.local/lib/python3.7/site-packages/airflow/example_dags/example_short_circuit_decorator.py
[2023-01-15T13:58:04.988+0000] {logging_mixin.py:117} INFO - [2023-01-15T13:58:04.988+0000] {dag.py:2573} INFO - Sync 1 DAGs
[2023-01-15T13:58:05.014+0000] {logging_mixin.py:117} INFO - [2023-01-15T13:58:05.014+0000] {dag.py:3328} INFO - Setting next_dagrun for example_short_circuit_decorator to 2023-01-14T13:58:05.013749+00:00, run_after=2023-01-15T13:58:05.013749+00:00
[2023-01-15T13:58:05.050+0000] {processor.py:178} INFO - Processing /home/airflow/.local/lib/python3.7/site-packages/airflow/example_dags/example_short_circuit_decorator.py took 0.168 seconds
[2023-01-15T14:09:07.267+0000] {processor.py:156} INFO - Started process (PID=25753) to work on /home/airflow/.local/lib/python3.7/site-packages/airflow/example_dags/example_short_circuit_decorator.py
[2023-01-15T14:09:07.268+0000] {processor.py:758} INFO - Processing file /home/airflow/.local/lib/python3.7/site-packages/airflow/example_dags/example_short_circuit_decorator.py for tasks to queue
[2023-01-15T14:09:07.269+0000] {logging_mixin.py:117} INFO - [2023-01-15T14:09:07.269+0000] {dagbag.py:525} INFO - Filling up the DagBag from /home/airflow/.local/lib/python3.7/site-packages/airflow/example_dags/example_short_circuit_decorator.py
[2023-01-15T14:09:07.308+0000] {processor.py:768} INFO - DAG(s) dict_keys(['example_short_circuit_decorator']) retrieved from /home/airflow/.local/lib/python3.7/site-packages/airflow/example_dags/example_short_circuit_decorator.py
[2023-01-15T14:09:07.343+0000] {logging_mixin.py:117} INFO - [2023-01-15T14:09:07.343+0000] {dag.py:2573} INFO - Sync 1 DAGs
[2023-01-15T14:09:07.363+0000] {logging_mixin.py:117} INFO - [2023-01-15T14:09:07.362+0000] {dag.py:3328} INFO - Setting next_dagrun for example_short_circuit_decorator to 2023-01-14T14:09:07.362660+00:00, run_after=2023-01-15T14:09:07.362660+00:00
[2023-01-15T14:09:07.375+0000] {processor.py:178} INFO - Processing /home/airflow/.local/lib/python3.7/site-packages/airflow/example_dags/example_short_circuit_decorator.py took 0.117 seconds
[2023-01-15T14:09:38.072+0000] {processor.py:156} INFO - Started process (PID=25816) to work on /home/airflow/.local/lib/python3.7/site-packages/airflow/example_dags/example_short_circuit_decorator.py
[2023-01-15T14:09:38.073+0000] {processor.py:758} INFO - Processing file /home/airflow/.local/lib/python3.7/site-packages/airflow/example_dags/example_short_circuit_decorator.py for tasks to queue
[2023-01-15T14:09:38.074+0000] {logging_mixin.py:117} INFO - [2023-01-15T14:09:38.074+0000] {dagbag.py:525} INFO - Filling up the DagBag from /home/airflow/.local/lib/python3.7/site-packages/airflow/example_dags/example_short_circuit_decorator.py
[2023-01-15T14:09:38.089+0000] {processor.py:768} INFO - DAG(s) dict_keys(['example_short_circuit_decorator']) retrieved from /home/airflow/.local/lib/python3.7/site-packages/airflow/example_dags/example_short_circuit_decorator.py
[2023-01-15T14:09:38.116+0000] {logging_mixin.py:117} INFO - [2023-01-15T14:09:38.116+0000] {dag.py:2573} INFO - Sync 1 DAGs
[2023-01-15T14:09:38.133+0000] {logging_mixin.py:117} INFO - [2023-01-15T14:09:38.133+0000] {dag.py:3328} INFO - Setting next_dagrun for example_short_circuit_decorator to 2023-01-14T14:09:38.133047+00:00, run_after=2023-01-15T14:09:38.133047+00:00
[2023-01-15T14:09:38.143+0000] {processor.py:178} INFO - Processing /home/airflow/.local/lib/python3.7/site-packages/airflow/example_dags/example_short_circuit_decorator.py took 0.073 seconds
[2023-01-15T14:59:12.475+0000] {processor.py:156} INFO - Started process (PID=25871) to work on /home/airflow/.local/lib/python3.7/site-packages/airflow/example_dags/example_short_circuit_decorator.py
[2023-01-15T14:59:12.481+0000] {processor.py:758} INFO - Processing file /home/airflow/.local/lib/python3.7/site-packages/airflow/example_dags/example_short_circuit_decorator.py for tasks to queue
[2023-01-15T14:59:12.483+0000] {logging_mixin.py:117} INFO - [2023-01-15T14:59:12.483+0000] {dagbag.py:525} INFO - Filling up the DagBag from /home/airflow/.local/lib/python3.7/site-packages/airflow/example_dags/example_short_circuit_decorator.py
[2023-01-15T14:59:12.525+0000] {processor.py:768} INFO - DAG(s) dict_keys(['example_short_circuit_decorator']) retrieved from /home/airflow/.local/lib/python3.7/site-packages/airflow/example_dags/example_short_circuit_decorator.py
[2023-01-15T14:59:12.608+0000] {logging_mixin.py:117} INFO - [2023-01-15T14:59:12.607+0000] {dag.py:2573} INFO - Sync 1 DAGs
[2023-01-15T14:59:12.652+0000] {logging_mixin.py:117} INFO - [2023-01-15T14:59:12.652+0000] {dag.py:3328} INFO - Setting next_dagrun for example_short_circuit_decorator to 2023-01-14T14:59:12.651635+00:00, run_after=2023-01-15T14:59:12.651635+00:00
[2023-01-15T14:59:12.686+0000] {processor.py:178} INFO - Processing /home/airflow/.local/lib/python3.7/site-packages/airflow/example_dags/example_short_circuit_decorator.py took 0.232 seconds
[2023-01-15T16:21:34.944+0000] {processor.py:156} INFO - Started process (PID=25934) to work on /home/airflow/.local/lib/python3.7/site-packages/airflow/example_dags/example_short_circuit_decorator.py
[2023-01-15T16:21:34.946+0000] {processor.py:758} INFO - Processing file /home/airflow/.local/lib/python3.7/site-packages/airflow/example_dags/example_short_circuit_decorator.py for tasks to queue
[2023-01-15T16:21:34.947+0000] {logging_mixin.py:117} INFO - [2023-01-15T16:21:34.947+0000] {dagbag.py:525} INFO - Filling up the DagBag from /home/airflow/.local/lib/python3.7/site-packages/airflow/example_dags/example_short_circuit_decorator.py
[2023-01-15T16:21:34.980+0000] {processor.py:768} INFO - DAG(s) dict_keys(['example_short_circuit_decorator']) retrieved from /home/airflow/.local/lib/python3.7/site-packages/airflow/example_dags/example_short_circuit_decorator.py
[2023-01-15T16:21:35.025+0000] {logging_mixin.py:117} INFO - [2023-01-15T16:21:35.024+0000] {dag.py:2573} INFO - Sync 1 DAGs
[2023-01-15T16:21:35.046+0000] {logging_mixin.py:117} INFO - [2023-01-15T16:21:35.046+0000] {dag.py:3328} INFO - Setting next_dagrun for example_short_circuit_decorator to 2023-01-14T16:21:35.046372+00:00, run_after=2023-01-15T16:21:35.046372+00:00
[2023-01-15T16:21:35.062+0000] {processor.py:178} INFO - Processing /home/airflow/.local/lib/python3.7/site-packages/airflow/example_dags/example_short_circuit_decorator.py took 0.122 seconds
[2023-01-15T17:27:02.662+0000] {processor.py:156} INFO - Started process (PID=25997) to work on /home/airflow/.local/lib/python3.7/site-packages/airflow/example_dags/example_short_circuit_decorator.py
[2023-01-15T17:27:02.665+0000] {processor.py:758} INFO - Processing file /home/airflow/.local/lib/python3.7/site-packages/airflow/example_dags/example_short_circuit_decorator.py for tasks to queue
[2023-01-15T17:27:02.667+0000] {logging_mixin.py:117} INFO - [2023-01-15T17:27:02.667+0000] {dagbag.py:525} INFO - Filling up the DagBag from /home/airflow/.local/lib/python3.7/site-packages/airflow/example_dags/example_short_circuit_decorator.py
[2023-01-15T17:27:02.699+0000] {processor.py:768} INFO - DAG(s) dict_keys(['example_short_circuit_decorator']) retrieved from /home/airflow/.local/lib/python3.7/site-packages/airflow/example_dags/example_short_circuit_decorator.py
[2023-01-15T17:27:02.795+0000] {logging_mixin.py:117} INFO - [2023-01-15T17:27:02.794+0000] {dag.py:2573} INFO - Sync 1 DAGs
[2023-01-15T17:27:02.835+0000] {logging_mixin.py:117} INFO - [2023-01-15T17:27:02.835+0000] {dag.py:3328} INFO - Setting next_dagrun for example_short_circuit_decorator to 2023-01-14T17:27:02.834441+00:00, run_after=2023-01-15T17:27:02.834441+00:00
[2023-01-15T17:27:02.867+0000] {processor.py:178} INFO - Processing /home/airflow/.local/lib/python3.7/site-packages/airflow/example_dags/example_short_circuit_decorator.py took 0.210 seconds
[2023-01-15T18:23:35.524+0000] {processor.py:156} INFO - Started process (PID=26060) to work on /home/airflow/.local/lib/python3.7/site-packages/airflow/example_dags/example_short_circuit_decorator.py
[2023-01-15T18:23:35.525+0000] {processor.py:758} INFO - Processing file /home/airflow/.local/lib/python3.7/site-packages/airflow/example_dags/example_short_circuit_decorator.py for tasks to queue
[2023-01-15T18:23:35.526+0000] {logging_mixin.py:117} INFO - [2023-01-15T18:23:35.526+0000] {dagbag.py:525} INFO - Filling up the DagBag from /home/airflow/.local/lib/python3.7/site-packages/airflow/example_dags/example_short_circuit_decorator.py
[2023-01-15T18:23:35.557+0000] {processor.py:768} INFO - DAG(s) dict_keys(['example_short_circuit_decorator']) retrieved from /home/airflow/.local/lib/python3.7/site-packages/airflow/example_dags/example_short_circuit_decorator.py
[2023-01-15T18:23:35.642+0000] {logging_mixin.py:117} INFO - [2023-01-15T18:23:35.642+0000] {dag.py:2573} INFO - Sync 1 DAGs
[2023-01-15T18:23:35.704+0000] {logging_mixin.py:117} INFO - [2023-01-15T18:23:35.703+0000] {dag.py:3328} INFO - Setting next_dagrun for example_short_circuit_decorator to 2023-01-14T18:23:35.703609+00:00, run_after=2023-01-15T18:23:35.703609+00:00
[2023-01-15T18:23:35.739+0000] {processor.py:178} INFO - Processing /home/airflow/.local/lib/python3.7/site-packages/airflow/example_dags/example_short_circuit_decorator.py took 0.218 seconds
[2023-01-15T19:46:53.289+0000] {processor.py:156} INFO - Started process (PID=26114) to work on /home/airflow/.local/lib/python3.7/site-packages/airflow/example_dags/example_short_circuit_decorator.py
[2023-01-15T19:46:53.291+0000] {processor.py:758} INFO - Processing file /home/airflow/.local/lib/python3.7/site-packages/airflow/example_dags/example_short_circuit_decorator.py for tasks to queue
[2023-01-15T19:46:53.296+0000] {logging_mixin.py:117} INFO - [2023-01-15T19:46:53.296+0000] {dagbag.py:525} INFO - Filling up the DagBag from /home/airflow/.local/lib/python3.7/site-packages/airflow/example_dags/example_short_circuit_decorator.py
[2023-01-15T19:46:53.345+0000] {processor.py:768} INFO - DAG(s) dict_keys(['example_short_circuit_decorator']) retrieved from /home/airflow/.local/lib/python3.7/site-packages/airflow/example_dags/example_short_circuit_decorator.py
[2023-01-15T19:46:53.411+0000] {logging_mixin.py:117} INFO - [2023-01-15T19:46:53.411+0000] {dag.py:2573} INFO - Sync 1 DAGs
[2023-01-15T19:46:53.463+0000] {logging_mixin.py:117} INFO - [2023-01-15T19:46:53.462+0000] {dag.py:3328} INFO - Setting next_dagrun for example_short_circuit_decorator to 2023-01-14T19:46:53.462611+00:00, run_after=2023-01-15T19:46:53.462611+00:00
[2023-01-15T19:46:53.492+0000] {processor.py:178} INFO - Processing /home/airflow/.local/lib/python3.7/site-packages/airflow/example_dags/example_short_circuit_decorator.py took 0.205 seconds
[2023-01-15T20:53:27.623+0000] {processor.py:156} INFO - Started process (PID=26176) to work on /home/airflow/.local/lib/python3.7/site-packages/airflow/example_dags/example_short_circuit_decorator.py
[2023-01-15T20:53:27.625+0000] {processor.py:758} INFO - Processing file /home/airflow/.local/lib/python3.7/site-packages/airflow/example_dags/example_short_circuit_decorator.py for tasks to queue
[2023-01-15T20:53:27.626+0000] {logging_mixin.py:117} INFO - [2023-01-15T20:53:27.626+0000] {dagbag.py:525} INFO - Filling up the DagBag from /home/airflow/.local/lib/python3.7/site-packages/airflow/example_dags/example_short_circuit_decorator.py
[2023-01-15T20:53:27.671+0000] {processor.py:768} INFO - DAG(s) dict_keys(['example_short_circuit_decorator']) retrieved from /home/airflow/.local/lib/python3.7/site-packages/airflow/example_dags/example_short_circuit_decorator.py
[2023-01-15T20:53:27.714+0000] {logging_mixin.py:117} INFO - [2023-01-15T20:53:27.714+0000] {dag.py:2573} INFO - Sync 1 DAGs
[2023-01-15T20:53:27.750+0000] {logging_mixin.py:117} INFO - [2023-01-15T20:53:27.750+0000] {dag.py:3328} INFO - Setting next_dagrun for example_short_circuit_decorator to 2023-01-14T20:53:27.750300+00:00, run_after=2023-01-15T20:53:27.750300+00:00
[2023-01-15T20:53:27.777+0000] {processor.py:178} INFO - Processing /home/airflow/.local/lib/python3.7/site-packages/airflow/example_dags/example_short_circuit_decorator.py took 0.159 seconds
[2023-01-15T21:52:32.057+0000] {processor.py:156} INFO - Started process (PID=26239) to work on /home/airflow/.local/lib/python3.7/site-packages/airflow/example_dags/example_short_circuit_decorator.py
[2023-01-15T21:52:32.060+0000] {processor.py:758} INFO - Processing file /home/airflow/.local/lib/python3.7/site-packages/airflow/example_dags/example_short_circuit_decorator.py for tasks to queue
[2023-01-15T21:52:32.063+0000] {logging_mixin.py:117} INFO - [2023-01-15T21:52:32.063+0000] {dagbag.py:525} INFO - Filling up the DagBag from /home/airflow/.local/lib/python3.7/site-packages/airflow/example_dags/example_short_circuit_decorator.py
[2023-01-15T21:52:32.107+0000] {processor.py:768} INFO - DAG(s) dict_keys(['example_short_circuit_decorator']) retrieved from /home/airflow/.local/lib/python3.7/site-packages/airflow/example_dags/example_short_circuit_decorator.py
[2023-01-15T21:52:32.166+0000] {logging_mixin.py:117} INFO - [2023-01-15T21:52:32.166+0000] {dag.py:2573} INFO - Sync 1 DAGs
[2023-01-15T21:52:32.196+0000] {logging_mixin.py:117} INFO - [2023-01-15T21:52:32.195+0000] {dag.py:3328} INFO - Setting next_dagrun for example_short_circuit_decorator to 2023-01-14T21:52:32.195710+00:00, run_after=2023-01-15T21:52:32.195710+00:00
[2023-01-15T21:52:32.220+0000] {processor.py:178} INFO - Processing /home/airflow/.local/lib/python3.7/site-packages/airflow/example_dags/example_short_circuit_decorator.py took 0.167 seconds
[2023-01-15T23:15:49.364+0000] {processor.py:156} INFO - Started process (PID=26302) to work on /home/airflow/.local/lib/python3.7/site-packages/airflow/example_dags/example_short_circuit_decorator.py
[2023-01-15T23:15:49.370+0000] {processor.py:758} INFO - Processing file /home/airflow/.local/lib/python3.7/site-packages/airflow/example_dags/example_short_circuit_decorator.py for tasks to queue
[2023-01-15T23:15:49.372+0000] {logging_mixin.py:117} INFO - [2023-01-15T23:15:49.372+0000] {dagbag.py:525} INFO - Filling up the DagBag from /home/airflow/.local/lib/python3.7/site-packages/airflow/example_dags/example_short_circuit_decorator.py
[2023-01-15T23:15:49.461+0000] {processor.py:768} INFO - DAG(s) dict_keys(['example_short_circuit_decorator']) retrieved from /home/airflow/.local/lib/python3.7/site-packages/airflow/example_dags/example_short_circuit_decorator.py
[2023-01-15T23:15:49.572+0000] {logging_mixin.py:117} INFO - [2023-01-15T23:15:49.572+0000] {dag.py:2573} INFO - Sync 1 DAGs
[2023-01-15T23:15:49.633+0000] {logging_mixin.py:117} INFO - [2023-01-15T23:15:49.633+0000] {dag.py:3328} INFO - Setting next_dagrun for example_short_circuit_decorator to 2023-01-14T23:15:49.628166+00:00, run_after=2023-01-15T23:15:49.628166+00:00
[2023-01-15T23:15:49.687+0000] {processor.py:178} INFO - Processing /home/airflow/.local/lib/python3.7/site-packages/airflow/example_dags/example_short_circuit_decorator.py took 0.330 seconds
