[2023-01-15T00:38:57.507+0000] {processor.py:156} INFO - Started process (PID=24093) to work on /home/airflow/.local/lib/python3.7/site-packages/airflow/example_dags/example_task_group.py
[2023-01-15T00:38:57.509+0000] {processor.py:758} INFO - Processing file /home/airflow/.local/lib/python3.7/site-packages/airflow/example_dags/example_task_group.py for tasks to queue
[2023-01-15T00:38:57.510+0000] {logging_mixin.py:117} INFO - [2023-01-15T00:38:57.510+0000] {dagbag.py:525} INFO - Filling up the DagBag from /home/airflow/.local/lib/python3.7/site-packages/airflow/example_dags/example_task_group.py
[2023-01-15T00:38:57.530+0000] {processor.py:768} INFO - DAG(s) dict_keys(['example_task_group']) retrieved from /home/airflow/.local/lib/python3.7/site-packages/airflow/example_dags/example_task_group.py
[2023-01-15T00:38:57.590+0000] {logging_mixin.py:117} INFO - [2023-01-15T00:38:57.590+0000] {dag.py:2573} INFO - Sync 1 DAGs
[2023-01-15T00:38:57.627+0000] {logging_mixin.py:117} INFO - [2023-01-15T00:38:57.627+0000] {dag.py:3328} INFO - Setting next_dagrun for example_task_group to 2023-01-14T00:38:57.626900+00:00, run_after=2023-01-15T00:38:57.626900+00:00
[2023-01-15T00:38:57.660+0000] {processor.py:178} INFO - Processing /home/airflow/.local/lib/python3.7/site-packages/airflow/example_dags/example_task_group.py took 0.156 seconds
[2023-01-15T01:44:14.809+0000] {processor.py:156} INFO - Started process (PID=24156) to work on /home/airflow/.local/lib/python3.7/site-packages/airflow/example_dags/example_task_group.py
[2023-01-15T01:44:14.814+0000] {processor.py:758} INFO - Processing file /home/airflow/.local/lib/python3.7/site-packages/airflow/example_dags/example_task_group.py for tasks to queue
[2023-01-15T01:44:14.815+0000] {logging_mixin.py:117} INFO - [2023-01-15T01:44:14.815+0000] {dagbag.py:525} INFO - Filling up the DagBag from /home/airflow/.local/lib/python3.7/site-packages/airflow/example_dags/example_task_group.py
[2023-01-15T01:44:14.838+0000] {processor.py:768} INFO - DAG(s) dict_keys(['example_task_group']) retrieved from /home/airflow/.local/lib/python3.7/site-packages/airflow/example_dags/example_task_group.py
[2023-01-15T01:44:14.879+0000] {logging_mixin.py:117} INFO - [2023-01-15T01:44:14.879+0000] {dag.py:2573} INFO - Sync 1 DAGs
[2023-01-15T01:44:14.896+0000] {logging_mixin.py:117} INFO - [2023-01-15T01:44:14.896+0000] {dag.py:3328} INFO - Setting next_dagrun for example_task_group to 2023-01-14T01:44:14.896228+00:00, run_after=2023-01-15T01:44:14.896228+00:00
[2023-01-15T01:44:14.910+0000] {processor.py:178} INFO - Processing /home/airflow/.local/lib/python3.7/site-packages/airflow/example_dags/example_task_group.py took 0.105 seconds
[2023-01-15T02:15:45.055+0000] {processor.py:156} INFO - Started process (PID=24210) to work on /home/airflow/.local/lib/python3.7/site-packages/airflow/example_dags/example_task_group.py
[2023-01-15T02:15:45.057+0000] {processor.py:758} INFO - Processing file /home/airflow/.local/lib/python3.7/site-packages/airflow/example_dags/example_task_group.py for tasks to queue
[2023-01-15T02:15:45.058+0000] {logging_mixin.py:117} INFO - [2023-01-15T02:15:45.057+0000] {dagbag.py:525} INFO - Filling up the DagBag from /home/airflow/.local/lib/python3.7/site-packages/airflow/example_dags/example_task_group.py
[2023-01-15T02:15:45.070+0000] {processor.py:768} INFO - DAG(s) dict_keys(['example_task_group']) retrieved from /home/airflow/.local/lib/python3.7/site-packages/airflow/example_dags/example_task_group.py
[2023-01-15T02:15:45.102+0000] {logging_mixin.py:117} INFO - [2023-01-15T02:15:45.102+0000] {dag.py:2573} INFO - Sync 1 DAGs
[2023-01-15T02:15:45.118+0000] {logging_mixin.py:117} INFO - [2023-01-15T02:15:45.118+0000] {dag.py:3328} INFO - Setting next_dagrun for example_task_group to 2023-01-14T02:15:45.118547+00:00, run_after=2023-01-15T02:15:45.118547+00:00
[2023-01-15T02:15:45.131+0000] {processor.py:178} INFO - Processing /home/airflow/.local/lib/python3.7/site-packages/airflow/example_dags/example_task_group.py took 0.078 seconds
[2023-01-15T02:16:15.753+0000] {processor.py:156} INFO - Started process (PID=24273) to work on /home/airflow/.local/lib/python3.7/site-packages/airflow/example_dags/example_task_group.py
[2023-01-15T02:16:15.755+0000] {processor.py:758} INFO - Processing file /home/airflow/.local/lib/python3.7/site-packages/airflow/example_dags/example_task_group.py for tasks to queue
[2023-01-15T02:16:15.756+0000] {logging_mixin.py:117} INFO - [2023-01-15T02:16:15.755+0000] {dagbag.py:525} INFO - Filling up the DagBag from /home/airflow/.local/lib/python3.7/site-packages/airflow/example_dags/example_task_group.py
[2023-01-15T02:16:15.767+0000] {processor.py:768} INFO - DAG(s) dict_keys(['example_task_group']) retrieved from /home/airflow/.local/lib/python3.7/site-packages/airflow/example_dags/example_task_group.py
[2023-01-15T02:16:15.799+0000] {logging_mixin.py:117} INFO - [2023-01-15T02:16:15.799+0000] {dag.py:2573} INFO - Sync 1 DAGs
[2023-01-15T02:16:15.814+0000] {logging_mixin.py:117} INFO - [2023-01-15T02:16:15.813+0000] {dag.py:3328} INFO - Setting next_dagrun for example_task_group to 2023-01-14T02:16:15.813752+00:00, run_after=2023-01-15T02:16:15.813752+00:00
[2023-01-15T02:16:15.824+0000] {processor.py:178} INFO - Processing /home/airflow/.local/lib/python3.7/site-packages/airflow/example_dags/example_task_group.py took 0.073 seconds
[2023-01-15T02:49:41.561+0000] {processor.py:156} INFO - Started process (PID=24336) to work on /home/airflow/.local/lib/python3.7/site-packages/airflow/example_dags/example_task_group.py
[2023-01-15T02:49:41.564+0000] {processor.py:758} INFO - Processing file /home/airflow/.local/lib/python3.7/site-packages/airflow/example_dags/example_task_group.py for tasks to queue
[2023-01-15T02:49:41.566+0000] {logging_mixin.py:117} INFO - [2023-01-15T02:49:41.566+0000] {dagbag.py:525} INFO - Filling up the DagBag from /home/airflow/.local/lib/python3.7/site-packages/airflow/example_dags/example_task_group.py
[2023-01-15T02:49:41.613+0000] {processor.py:768} INFO - DAG(s) dict_keys(['example_task_group']) retrieved from /home/airflow/.local/lib/python3.7/site-packages/airflow/example_dags/example_task_group.py
[2023-01-15T02:49:41.703+0000] {logging_mixin.py:117} INFO - [2023-01-15T02:49:41.702+0000] {dag.py:2573} INFO - Sync 1 DAGs
[2023-01-15T02:49:41.750+0000] {logging_mixin.py:117} INFO - [2023-01-15T02:49:41.750+0000] {dag.py:3328} INFO - Setting next_dagrun for example_task_group to 2023-01-14T02:49:41.750424+00:00, run_after=2023-01-15T02:49:41.750424+00:00
[2023-01-15T02:49:41.795+0000] {processor.py:178} INFO - Processing /home/airflow/.local/lib/python3.7/site-packages/airflow/example_dags/example_task_group.py took 0.240 seconds
[2023-01-15T04:11:00.336+0000] {processor.py:156} INFO - Started process (PID=24399) to work on /home/airflow/.local/lib/python3.7/site-packages/airflow/example_dags/example_task_group.py
[2023-01-15T04:11:00.338+0000] {processor.py:758} INFO - Processing file /home/airflow/.local/lib/python3.7/site-packages/airflow/example_dags/example_task_group.py for tasks to queue
[2023-01-15T04:11:00.340+0000] {logging_mixin.py:117} INFO - [2023-01-15T04:11:00.340+0000] {dagbag.py:525} INFO - Filling up the DagBag from /home/airflow/.local/lib/python3.7/site-packages/airflow/example_dags/example_task_group.py
[2023-01-15T04:11:00.370+0000] {processor.py:768} INFO - DAG(s) dict_keys(['example_task_group']) retrieved from /home/airflow/.local/lib/python3.7/site-packages/airflow/example_dags/example_task_group.py
[2023-01-15T04:11:00.450+0000] {logging_mixin.py:117} INFO - [2023-01-15T04:11:00.450+0000] {dag.py:2573} INFO - Sync 1 DAGs
[2023-01-15T04:11:00.538+0000] {logging_mixin.py:117} INFO - [2023-01-15T04:11:00.538+0000] {dag.py:3328} INFO - Setting next_dagrun for example_task_group to 2023-01-14T04:11:00.538242+00:00, run_after=2023-01-15T04:11:00.538242+00:00
[2023-01-15T04:11:00.561+0000] {processor.py:178} INFO - Processing /home/airflow/.local/lib/python3.7/site-packages/airflow/example_dags/example_task_group.py took 0.228 seconds
[2023-01-15T05:08:48.211+0000] {processor.py:156} INFO - Started process (PID=24461) to work on /home/airflow/.local/lib/python3.7/site-packages/airflow/example_dags/example_task_group.py
[2023-01-15T05:08:48.220+0000] {processor.py:758} INFO - Processing file /home/airflow/.local/lib/python3.7/site-packages/airflow/example_dags/example_task_group.py for tasks to queue
[2023-01-15T05:08:48.233+0000] {logging_mixin.py:117} INFO - [2023-01-15T05:08:48.233+0000] {dagbag.py:525} INFO - Filling up the DagBag from /home/airflow/.local/lib/python3.7/site-packages/airflow/example_dags/example_task_group.py
[2023-01-15T05:08:48.259+0000] {processor.py:768} INFO - DAG(s) dict_keys(['example_task_group']) retrieved from /home/airflow/.local/lib/python3.7/site-packages/airflow/example_dags/example_task_group.py
[2023-01-15T05:08:48.383+0000] {logging_mixin.py:117} INFO - [2023-01-15T05:08:48.383+0000] {dag.py:2573} INFO - Sync 1 DAGs
[2023-01-15T05:08:48.427+0000] {logging_mixin.py:117} INFO - [2023-01-15T05:08:48.426+0000] {dag.py:3328} INFO - Setting next_dagrun for example_task_group to 2023-01-14T05:08:48.426324+00:00, run_after=2023-01-15T05:08:48.426324+00:00
[2023-01-15T05:08:48.461+0000] {processor.py:178} INFO - Processing /home/airflow/.local/lib/python3.7/site-packages/airflow/example_dags/example_task_group.py took 0.257 seconds
[2023-01-15T06:14:16.285+0000] {processor.py:156} INFO - Started process (PID=24517) to work on /home/airflow/.local/lib/python3.7/site-packages/airflow/example_dags/example_task_group.py
[2023-01-15T06:14:16.287+0000] {processor.py:758} INFO - Processing file /home/airflow/.local/lib/python3.7/site-packages/airflow/example_dags/example_task_group.py for tasks to queue
[2023-01-15T06:14:16.288+0000] {logging_mixin.py:117} INFO - [2023-01-15T06:14:16.288+0000] {dagbag.py:525} INFO - Filling up the DagBag from /home/airflow/.local/lib/python3.7/site-packages/airflow/example_dags/example_task_group.py
[2023-01-15T06:14:16.304+0000] {processor.py:768} INFO - DAG(s) dict_keys(['example_task_group']) retrieved from /home/airflow/.local/lib/python3.7/site-packages/airflow/example_dags/example_task_group.py
[2023-01-15T06:14:16.342+0000] {logging_mixin.py:117} INFO - [2023-01-15T06:14:16.342+0000] {dag.py:2573} INFO - Sync 1 DAGs
[2023-01-15T06:14:16.363+0000] {logging_mixin.py:117} INFO - [2023-01-15T06:14:16.363+0000] {dag.py:3328} INFO - Setting next_dagrun for example_task_group to 2023-01-14T06:14:16.362949+00:00, run_after=2023-01-15T06:14:16.362949+00:00
[2023-01-15T06:14:16.382+0000] {processor.py:178} INFO - Processing /home/airflow/.local/lib/python3.7/site-packages/airflow/example_dags/example_task_group.py took 0.104 seconds
[2023-01-15T06:57:22.546+0000] {processor.py:156} INFO - Started process (PID=24580) to work on /home/airflow/.local/lib/python3.7/site-packages/airflow/example_dags/example_task_group.py
[2023-01-15T06:57:22.549+0000] {processor.py:758} INFO - Processing file /home/airflow/.local/lib/python3.7/site-packages/airflow/example_dags/example_task_group.py for tasks to queue
[2023-01-15T06:57:22.551+0000] {logging_mixin.py:117} INFO - [2023-01-15T06:57:22.550+0000] {dagbag.py:525} INFO - Filling up the DagBag from /home/airflow/.local/lib/python3.7/site-packages/airflow/example_dags/example_task_group.py
[2023-01-15T06:57:22.584+0000] {processor.py:768} INFO - DAG(s) dict_keys(['example_task_group']) retrieved from /home/airflow/.local/lib/python3.7/site-packages/airflow/example_dags/example_task_group.py
[2023-01-15T06:57:22.684+0000] {logging_mixin.py:117} INFO - [2023-01-15T06:57:22.684+0000] {dag.py:2573} INFO - Sync 1 DAGs
[2023-01-15T06:57:22.739+0000] {logging_mixin.py:117} INFO - [2023-01-15T06:57:22.739+0000] {dag.py:3328} INFO - Setting next_dagrun for example_task_group to 2023-01-14T06:57:22.738660+00:00, run_after=2023-01-15T06:57:22.738660+00:00
[2023-01-15T06:57:22.792+0000] {processor.py:178} INFO - Processing /home/airflow/.local/lib/python3.7/site-packages/airflow/example_dags/example_task_group.py took 0.256 seconds
[2023-01-15T08:03:14.130+0000] {processor.py:156} INFO - Started process (PID=24643) to work on /home/airflow/.local/lib/python3.7/site-packages/airflow/example_dags/example_task_group.py
[2023-01-15T08:03:14.140+0000] {processor.py:758} INFO - Processing file /home/airflow/.local/lib/python3.7/site-packages/airflow/example_dags/example_task_group.py for tasks to queue
[2023-01-15T08:03:14.143+0000] {logging_mixin.py:117} INFO - [2023-01-15T08:03:14.143+0000] {dagbag.py:525} INFO - Filling up the DagBag from /home/airflow/.local/lib/python3.7/site-packages/airflow/example_dags/example_task_group.py
[2023-01-15T08:03:14.204+0000] {processor.py:768} INFO - DAG(s) dict_keys(['example_task_group']) retrieved from /home/airflow/.local/lib/python3.7/site-packages/airflow/example_dags/example_task_group.py
[2023-01-15T08:03:14.265+0000] {logging_mixin.py:117} INFO - [2023-01-15T08:03:14.264+0000] {dag.py:2573} INFO - Sync 1 DAGs
[2023-01-15T08:03:14.306+0000] {logging_mixin.py:117} INFO - [2023-01-15T08:03:14.306+0000] {dag.py:3328} INFO - Setting next_dagrun for example_task_group to 2023-01-14T08:03:14.305367+00:00, run_after=2023-01-15T08:03:14.305367+00:00
[2023-01-15T08:03:14.329+0000] {processor.py:178} INFO - Processing /home/airflow/.local/lib/python3.7/site-packages/airflow/example_dags/example_task_group.py took 0.205 seconds
[2023-01-15T09:11:03.408+0000] {processor.py:156} INFO - Started process (PID=24705) to work on /home/airflow/.local/lib/python3.7/site-packages/airflow/example_dags/example_task_group.py
[2023-01-15T09:11:03.410+0000] {processor.py:758} INFO - Processing file /home/airflow/.local/lib/python3.7/site-packages/airflow/example_dags/example_task_group.py for tasks to queue
[2023-01-15T09:11:03.411+0000] {logging_mixin.py:117} INFO - [2023-01-15T09:11:03.411+0000] {dagbag.py:525} INFO - Filling up the DagBag from /home/airflow/.local/lib/python3.7/site-packages/airflow/example_dags/example_task_group.py
[2023-01-15T09:11:03.425+0000] {processor.py:768} INFO - DAG(s) dict_keys(['example_task_group']) retrieved from /home/airflow/.local/lib/python3.7/site-packages/airflow/example_dags/example_task_group.py
[2023-01-15T09:11:03.468+0000] {logging_mixin.py:117} INFO - [2023-01-15T09:11:03.468+0000] {dag.py:2573} INFO - Sync 1 DAGs
[2023-01-15T09:11:03.487+0000] {logging_mixin.py:117} INFO - [2023-01-15T09:11:03.487+0000] {dag.py:3328} INFO - Setting next_dagrun for example_task_group to 2023-01-14T09:11:03.487532+00:00, run_after=2023-01-15T09:11:03.487532+00:00
[2023-01-15T09:11:03.501+0000] {processor.py:178} INFO - Processing /home/airflow/.local/lib/python3.7/site-packages/airflow/example_dags/example_task_group.py took 0.097 seconds
[2023-01-15T09:32:51.264+0000] {processor.py:156} INFO - Started process (PID=24761) to work on /home/airflow/.local/lib/python3.7/site-packages/airflow/example_dags/example_task_group.py
[2023-01-15T09:32:51.266+0000] {processor.py:758} INFO - Processing file /home/airflow/.local/lib/python3.7/site-packages/airflow/example_dags/example_task_group.py for tasks to queue
[2023-01-15T09:32:51.267+0000] {logging_mixin.py:117} INFO - [2023-01-15T09:32:51.267+0000] {dagbag.py:525} INFO - Filling up the DagBag from /home/airflow/.local/lib/python3.7/site-packages/airflow/example_dags/example_task_group.py
[2023-01-15T09:32:51.287+0000] {processor.py:768} INFO - DAG(s) dict_keys(['example_task_group']) retrieved from /home/airflow/.local/lib/python3.7/site-packages/airflow/example_dags/example_task_group.py
[2023-01-15T09:32:51.341+0000] {logging_mixin.py:117} INFO - [2023-01-15T09:32:51.341+0000] {dag.py:2573} INFO - Sync 1 DAGs
[2023-01-15T09:32:51.371+0000] {logging_mixin.py:117} INFO - [2023-01-15T09:32:51.371+0000] {dag.py:3328} INFO - Setting next_dagrun for example_task_group to 2023-01-14T09:32:51.370778+00:00, run_after=2023-01-15T09:32:51.370778+00:00
[2023-01-15T09:32:51.392+0000] {processor.py:178} INFO - Processing /home/airflow/.local/lib/python3.7/site-packages/airflow/example_dags/example_task_group.py took 0.134 seconds
[2023-01-15T09:33:54.226+0000] {processor.py:156} INFO - Started process (PID=24824) to work on /home/airflow/.local/lib/python3.7/site-packages/airflow/example_dags/example_task_group.py
[2023-01-15T09:33:54.228+0000] {processor.py:758} INFO - Processing file /home/airflow/.local/lib/python3.7/site-packages/airflow/example_dags/example_task_group.py for tasks to queue
[2023-01-15T09:33:54.229+0000] {logging_mixin.py:117} INFO - [2023-01-15T09:33:54.229+0000] {dagbag.py:525} INFO - Filling up the DagBag from /home/airflow/.local/lib/python3.7/site-packages/airflow/example_dags/example_task_group.py
[2023-01-15T09:33:54.242+0000] {processor.py:768} INFO - DAG(s) dict_keys(['example_task_group']) retrieved from /home/airflow/.local/lib/python3.7/site-packages/airflow/example_dags/example_task_group.py
[2023-01-15T09:33:54.270+0000] {logging_mixin.py:117} INFO - [2023-01-15T09:33:54.270+0000] {dag.py:2573} INFO - Sync 1 DAGs
[2023-01-15T09:33:54.285+0000] {logging_mixin.py:117} INFO - [2023-01-15T09:33:54.285+0000] {dag.py:3328} INFO - Setting next_dagrun for example_task_group to 2023-01-14T09:33:54.284907+00:00, run_after=2023-01-15T09:33:54.284907+00:00
[2023-01-15T09:33:54.297+0000] {processor.py:178} INFO - Processing /home/airflow/.local/lib/python3.7/site-packages/airflow/example_dags/example_task_group.py took 0.075 seconds
[2023-01-15T09:43:26.720+0000] {processor.py:156} INFO - Started process (PID=24887) to work on /home/airflow/.local/lib/python3.7/site-packages/airflow/example_dags/example_task_group.py
[2023-01-15T09:43:26.723+0000] {processor.py:758} INFO - Processing file /home/airflow/.local/lib/python3.7/site-packages/airflow/example_dags/example_task_group.py for tasks to queue
[2023-01-15T09:43:26.725+0000] {logging_mixin.py:117} INFO - [2023-01-15T09:43:26.724+0000] {dagbag.py:525} INFO - Filling up the DagBag from /home/airflow/.local/lib/python3.7/site-packages/airflow/example_dags/example_task_group.py
[2023-01-15T09:43:26.752+0000] {processor.py:768} INFO - DAG(s) dict_keys(['example_task_group']) retrieved from /home/airflow/.local/lib/python3.7/site-packages/airflow/example_dags/example_task_group.py
[2023-01-15T09:43:26.796+0000] {logging_mixin.py:117} INFO - [2023-01-15T09:43:26.796+0000] {dag.py:2573} INFO - Sync 1 DAGs
[2023-01-15T09:43:26.827+0000] {logging_mixin.py:117} INFO - [2023-01-15T09:43:26.827+0000] {dag.py:3328} INFO - Setting next_dagrun for example_task_group to 2023-01-14T09:43:26.826690+00:00, run_after=2023-01-15T09:43:26.826690+00:00
[2023-01-15T09:43:26.859+0000] {processor.py:178} INFO - Processing /home/airflow/.local/lib/python3.7/site-packages/airflow/example_dags/example_task_group.py took 0.168 seconds
[2023-01-15T11:04:06.981+0000] {processor.py:156} INFO - Started process (PID=24947) to work on /home/airflow/.local/lib/python3.7/site-packages/airflow/example_dags/example_task_group.py
[2023-01-15T11:04:06.986+0000] {processor.py:758} INFO - Processing file /home/airflow/.local/lib/python3.7/site-packages/airflow/example_dags/example_task_group.py for tasks to queue
[2023-01-15T11:04:06.987+0000] {logging_mixin.py:117} INFO - [2023-01-15T11:04:06.987+0000] {dagbag.py:525} INFO - Filling up the DagBag from /home/airflow/.local/lib/python3.7/site-packages/airflow/example_dags/example_task_group.py
[2023-01-15T11:04:07.010+0000] {processor.py:768} INFO - DAG(s) dict_keys(['example_task_group']) retrieved from /home/airflow/.local/lib/python3.7/site-packages/airflow/example_dags/example_task_group.py
[2023-01-15T11:04:07.094+0000] {logging_mixin.py:117} INFO - [2023-01-15T11:04:07.094+0000] {dag.py:2573} INFO - Sync 1 DAGs
[2023-01-15T11:04:07.125+0000] {logging_mixin.py:117} INFO - [2023-01-15T11:04:07.125+0000] {dag.py:3328} INFO - Setting next_dagrun for example_task_group to 2023-01-14T11:04:07.125411+00:00, run_after=2023-01-15T11:04:07.125411+00:00
[2023-01-15T11:04:07.148+0000] {processor.py:178} INFO - Processing /home/airflow/.local/lib/python3.7/site-packages/airflow/example_dags/example_task_group.py took 0.171 seconds
[2023-01-15T12:04:14.014+0000] {processor.py:156} INFO - Started process (PID=25004) to work on /home/airflow/.local/lib/python3.7/site-packages/airflow/example_dags/example_task_group.py
[2023-01-15T12:04:14.020+0000] {processor.py:758} INFO - Processing file /home/airflow/.local/lib/python3.7/site-packages/airflow/example_dags/example_task_group.py for tasks to queue
[2023-01-15T12:04:14.022+0000] {logging_mixin.py:117} INFO - [2023-01-15T12:04:14.022+0000] {dagbag.py:525} INFO - Filling up the DagBag from /home/airflow/.local/lib/python3.7/site-packages/airflow/example_dags/example_task_group.py
[2023-01-15T12:04:14.065+0000] {processor.py:768} INFO - DAG(s) dict_keys(['example_task_group']) retrieved from /home/airflow/.local/lib/python3.7/site-packages/airflow/example_dags/example_task_group.py
[2023-01-15T12:04:14.148+0000] {logging_mixin.py:117} INFO - [2023-01-15T12:04:14.148+0000] {dag.py:2573} INFO - Sync 1 DAGs
[2023-01-15T12:04:14.185+0000] {logging_mixin.py:117} INFO - [2023-01-15T12:04:14.185+0000] {dag.py:3328} INFO - Setting next_dagrun for example_task_group to 2023-01-14T12:04:14.185003+00:00, run_after=2023-01-15T12:04:14.185003+00:00
[2023-01-15T12:04:14.203+0000] {processor.py:178} INFO - Processing /home/airflow/.local/lib/python3.7/site-packages/airflow/example_dags/example_task_group.py took 0.193 seconds
[2023-01-15T12:42:35.687+0000] {processor.py:156} INFO - Started process (PID=25067) to work on /home/airflow/.local/lib/python3.7/site-packages/airflow/example_dags/example_task_group.py
[2023-01-15T12:42:35.689+0000] {processor.py:758} INFO - Processing file /home/airflow/.local/lib/python3.7/site-packages/airflow/example_dags/example_task_group.py for tasks to queue
[2023-01-15T12:42:35.691+0000] {logging_mixin.py:117} INFO - [2023-01-15T12:42:35.691+0000] {dagbag.py:525} INFO - Filling up the DagBag from /home/airflow/.local/lib/python3.7/site-packages/airflow/example_dags/example_task_group.py
[2023-01-15T12:42:35.719+0000] {processor.py:768} INFO - DAG(s) dict_keys(['example_task_group']) retrieved from /home/airflow/.local/lib/python3.7/site-packages/airflow/example_dags/example_task_group.py
[2023-01-15T12:42:35.776+0000] {logging_mixin.py:117} INFO - [2023-01-15T12:42:35.776+0000] {dag.py:2573} INFO - Sync 1 DAGs
[2023-01-15T12:42:35.800+0000] {logging_mixin.py:117} INFO - [2023-01-15T12:42:35.800+0000] {dag.py:3328} INFO - Setting next_dagrun for example_task_group to 2023-01-14T12:42:35.800556+00:00, run_after=2023-01-15T12:42:35.800556+00:00
[2023-01-15T12:42:35.831+0000] {processor.py:178} INFO - Processing /home/airflow/.local/lib/python3.7/site-packages/airflow/example_dags/example_task_group.py took 0.157 seconds
[2023-01-15T13:21:54.195+0000] {processor.py:156} INFO - Started process (PID=25130) to work on /home/airflow/.local/lib/python3.7/site-packages/airflow/example_dags/example_task_group.py
[2023-01-15T13:21:54.197+0000] {processor.py:758} INFO - Processing file /home/airflow/.local/lib/python3.7/site-packages/airflow/example_dags/example_task_group.py for tasks to queue
[2023-01-15T13:21:54.198+0000] {logging_mixin.py:117} INFO - [2023-01-15T13:21:54.198+0000] {dagbag.py:525} INFO - Filling up the DagBag from /home/airflow/.local/lib/python3.7/site-packages/airflow/example_dags/example_task_group.py
[2023-01-15T13:21:54.211+0000] {processor.py:768} INFO - DAG(s) dict_keys(['example_task_group']) retrieved from /home/airflow/.local/lib/python3.7/site-packages/airflow/example_dags/example_task_group.py
[2023-01-15T13:21:54.239+0000] {logging_mixin.py:117} INFO - [2023-01-15T13:21:54.239+0000] {dag.py:2573} INFO - Sync 1 DAGs
[2023-01-15T13:21:54.254+0000] {logging_mixin.py:117} INFO - [2023-01-15T13:21:54.254+0000] {dag.py:3328} INFO - Setting next_dagrun for example_task_group to 2023-01-14T13:21:54.253794+00:00, run_after=2023-01-15T13:21:54.253794+00:00
[2023-01-15T13:21:54.264+0000] {processor.py:178} INFO - Processing /home/airflow/.local/lib/python3.7/site-packages/airflow/example_dags/example_task_group.py took 0.072 seconds
[2023-01-15T13:38:26.568+0000] {processor.py:156} INFO - Started process (PID=25184) to work on /home/airflow/.local/lib/python3.7/site-packages/airflow/example_dags/example_task_group.py
[2023-01-15T13:38:26.570+0000] {processor.py:758} INFO - Processing file /home/airflow/.local/lib/python3.7/site-packages/airflow/example_dags/example_task_group.py for tasks to queue
[2023-01-15T13:38:26.571+0000] {logging_mixin.py:117} INFO - [2023-01-15T13:38:26.571+0000] {dagbag.py:525} INFO - Filling up the DagBag from /home/airflow/.local/lib/python3.7/site-packages/airflow/example_dags/example_task_group.py
[2023-01-15T13:38:26.583+0000] {processor.py:768} INFO - DAG(s) dict_keys(['example_task_group']) retrieved from /home/airflow/.local/lib/python3.7/site-packages/airflow/example_dags/example_task_group.py
[2023-01-15T13:38:26.612+0000] {logging_mixin.py:117} INFO - [2023-01-15T13:38:26.612+0000] {dag.py:2573} INFO - Sync 1 DAGs
[2023-01-15T13:38:26.626+0000] {logging_mixin.py:117} INFO - [2023-01-15T13:38:26.626+0000] {dag.py:3328} INFO - Setting next_dagrun for example_task_group to 2023-01-14T13:38:26.626031+00:00, run_after=2023-01-15T13:38:26.626031+00:00
[2023-01-15T13:38:26.637+0000] {processor.py:178} INFO - Processing /home/airflow/.local/lib/python3.7/site-packages/airflow/example_dags/example_task_group.py took 0.071 seconds
[2023-01-15T13:38:57.597+0000] {processor.py:156} INFO - Started process (PID=25247) to work on /home/airflow/.local/lib/python3.7/site-packages/airflow/example_dags/example_task_group.py
[2023-01-15T13:38:57.598+0000] {processor.py:758} INFO - Processing file /home/airflow/.local/lib/python3.7/site-packages/airflow/example_dags/example_task_group.py for tasks to queue
[2023-01-15T13:38:57.599+0000] {logging_mixin.py:117} INFO - [2023-01-15T13:38:57.599+0000] {dagbag.py:525} INFO - Filling up the DagBag from /home/airflow/.local/lib/python3.7/site-packages/airflow/example_dags/example_task_group.py
[2023-01-15T13:38:57.615+0000] {processor.py:768} INFO - DAG(s) dict_keys(['example_task_group']) retrieved from /home/airflow/.local/lib/python3.7/site-packages/airflow/example_dags/example_task_group.py
[2023-01-15T13:38:57.647+0000] {logging_mixin.py:117} INFO - [2023-01-15T13:38:57.647+0000] {dag.py:2573} INFO - Sync 1 DAGs
[2023-01-15T13:38:57.667+0000] {logging_mixin.py:117} INFO - [2023-01-15T13:38:57.667+0000] {dag.py:3328} INFO - Setting next_dagrun for example_task_group to 2023-01-14T13:38:57.667102+00:00, run_after=2023-01-15T13:38:57.667102+00:00
[2023-01-15T13:38:57.679+0000] {processor.py:178} INFO - Processing /home/airflow/.local/lib/python3.7/site-packages/airflow/example_dags/example_task_group.py took 0.085 seconds
[2023-01-15T13:39:28.232+0000] {processor.py:156} INFO - Started process (PID=25310) to work on /home/airflow/.local/lib/python3.7/site-packages/airflow/example_dags/example_task_group.py
[2023-01-15T13:39:28.233+0000] {processor.py:758} INFO - Processing file /home/airflow/.local/lib/python3.7/site-packages/airflow/example_dags/example_task_group.py for tasks to queue
[2023-01-15T13:39:28.234+0000] {logging_mixin.py:117} INFO - [2023-01-15T13:39:28.234+0000] {dagbag.py:525} INFO - Filling up the DagBag from /home/airflow/.local/lib/python3.7/site-packages/airflow/example_dags/example_task_group.py
[2023-01-15T13:39:28.246+0000] {processor.py:768} INFO - DAG(s) dict_keys(['example_task_group']) retrieved from /home/airflow/.local/lib/python3.7/site-packages/airflow/example_dags/example_task_group.py
[2023-01-15T13:39:28.273+0000] {logging_mixin.py:117} INFO - [2023-01-15T13:39:28.273+0000] {dag.py:2573} INFO - Sync 1 DAGs
[2023-01-15T13:39:28.288+0000] {logging_mixin.py:117} INFO - [2023-01-15T13:39:28.288+0000] {dag.py:3328} INFO - Setting next_dagrun for example_task_group to 2023-01-14T13:39:28.288326+00:00, run_after=2023-01-15T13:39:28.288326+00:00
[2023-01-15T13:39:28.299+0000] {processor.py:178} INFO - Processing /home/airflow/.local/lib/python3.7/site-packages/airflow/example_dags/example_task_group.py took 0.070 seconds
[2023-01-15T13:39:58.490+0000] {processor.py:156} INFO - Started process (PID=25373) to work on /home/airflow/.local/lib/python3.7/site-packages/airflow/example_dags/example_task_group.py
[2023-01-15T13:39:58.491+0000] {processor.py:758} INFO - Processing file /home/airflow/.local/lib/python3.7/site-packages/airflow/example_dags/example_task_group.py for tasks to queue
[2023-01-15T13:39:58.492+0000] {logging_mixin.py:117} INFO - [2023-01-15T13:39:58.492+0000] {dagbag.py:525} INFO - Filling up the DagBag from /home/airflow/.local/lib/python3.7/site-packages/airflow/example_dags/example_task_group.py
[2023-01-15T13:39:58.504+0000] {processor.py:768} INFO - DAG(s) dict_keys(['example_task_group']) retrieved from /home/airflow/.local/lib/python3.7/site-packages/airflow/example_dags/example_task_group.py
[2023-01-15T13:39:58.535+0000] {logging_mixin.py:117} INFO - [2023-01-15T13:39:58.535+0000] {dag.py:2573} INFO - Sync 1 DAGs
[2023-01-15T13:39:58.551+0000] {logging_mixin.py:117} INFO - [2023-01-15T13:39:58.551+0000] {dag.py:3328} INFO - Setting next_dagrun for example_task_group to 2023-01-14T13:39:58.550848+00:00, run_after=2023-01-15T13:39:58.550848+00:00
[2023-01-15T13:39:58.563+0000] {processor.py:178} INFO - Processing /home/airflow/.local/lib/python3.7/site-packages/airflow/example_dags/example_task_group.py took 0.075 seconds
[2023-01-15T13:40:28.989+0000] {processor.py:156} INFO - Started process (PID=25436) to work on /home/airflow/.local/lib/python3.7/site-packages/airflow/example_dags/example_task_group.py
[2023-01-15T13:40:28.991+0000] {processor.py:758} INFO - Processing file /home/airflow/.local/lib/python3.7/site-packages/airflow/example_dags/example_task_group.py for tasks to queue
[2023-01-15T13:40:28.991+0000] {logging_mixin.py:117} INFO - [2023-01-15T13:40:28.991+0000] {dagbag.py:525} INFO - Filling up the DagBag from /home/airflow/.local/lib/python3.7/site-packages/airflow/example_dags/example_task_group.py
[2023-01-15T13:40:29.003+0000] {processor.py:768} INFO - DAG(s) dict_keys(['example_task_group']) retrieved from /home/airflow/.local/lib/python3.7/site-packages/airflow/example_dags/example_task_group.py
[2023-01-15T13:40:29.032+0000] {logging_mixin.py:117} INFO - [2023-01-15T13:40:29.032+0000] {dag.py:2573} INFO - Sync 1 DAGs
[2023-01-15T13:40:29.046+0000] {logging_mixin.py:117} INFO - [2023-01-15T13:40:29.046+0000] {dag.py:3328} INFO - Setting next_dagrun for example_task_group to 2023-01-14T13:40:29.046254+00:00, run_after=2023-01-15T13:40:29.046254+00:00
[2023-01-15T13:40:29.057+0000] {processor.py:178} INFO - Processing /home/airflow/.local/lib/python3.7/site-packages/airflow/example_dags/example_task_group.py took 0.070 seconds
[2023-01-15T13:40:59.593+0000] {processor.py:156} INFO - Started process (PID=25499) to work on /home/airflow/.local/lib/python3.7/site-packages/airflow/example_dags/example_task_group.py
[2023-01-15T13:40:59.595+0000] {processor.py:758} INFO - Processing file /home/airflow/.local/lib/python3.7/site-packages/airflow/example_dags/example_task_group.py for tasks to queue
[2023-01-15T13:40:59.596+0000] {logging_mixin.py:117} INFO - [2023-01-15T13:40:59.595+0000] {dagbag.py:525} INFO - Filling up the DagBag from /home/airflow/.local/lib/python3.7/site-packages/airflow/example_dags/example_task_group.py
[2023-01-15T13:40:59.607+0000] {processor.py:768} INFO - DAG(s) dict_keys(['example_task_group']) retrieved from /home/airflow/.local/lib/python3.7/site-packages/airflow/example_dags/example_task_group.py
[2023-01-15T13:40:59.634+0000] {logging_mixin.py:117} INFO - [2023-01-15T13:40:59.634+0000] {dag.py:2573} INFO - Sync 1 DAGs
[2023-01-15T13:40:59.649+0000] {logging_mixin.py:117} INFO - [2023-01-15T13:40:59.648+0000] {dag.py:3328} INFO - Setting next_dagrun for example_task_group to 2023-01-14T13:40:59.648699+00:00, run_after=2023-01-15T13:40:59.648699+00:00
[2023-01-15T13:40:59.660+0000] {processor.py:178} INFO - Processing /home/airflow/.local/lib/python3.7/site-packages/airflow/example_dags/example_task_group.py took 0.069 seconds
[2023-01-15T13:41:29.815+0000] {processor.py:156} INFO - Started process (PID=25553) to work on /home/airflow/.local/lib/python3.7/site-packages/airflow/example_dags/example_task_group.py
[2023-01-15T13:41:29.816+0000] {processor.py:758} INFO - Processing file /home/airflow/.local/lib/python3.7/site-packages/airflow/example_dags/example_task_group.py for tasks to queue
[2023-01-15T13:41:29.817+0000] {logging_mixin.py:117} INFO - [2023-01-15T13:41:29.817+0000] {dagbag.py:525} INFO - Filling up the DagBag from /home/airflow/.local/lib/python3.7/site-packages/airflow/example_dags/example_task_group.py
[2023-01-15T13:41:29.829+0000] {processor.py:768} INFO - DAG(s) dict_keys(['example_task_group']) retrieved from /home/airflow/.local/lib/python3.7/site-packages/airflow/example_dags/example_task_group.py
[2023-01-15T13:41:29.857+0000] {logging_mixin.py:117} INFO - [2023-01-15T13:41:29.857+0000] {dag.py:2573} INFO - Sync 1 DAGs
[2023-01-15T13:41:29.872+0000] {logging_mixin.py:117} INFO - [2023-01-15T13:41:29.872+0000] {dag.py:3328} INFO - Setting next_dagrun for example_task_group to 2023-01-14T13:41:29.871981+00:00, run_after=2023-01-15T13:41:29.871981+00:00
[2023-01-15T13:41:29.883+0000] {processor.py:178} INFO - Processing /home/airflow/.local/lib/python3.7/site-packages/airflow/example_dags/example_task_group.py took 0.070 seconds
[2023-01-15T13:42:00.226+0000] {processor.py:156} INFO - Started process (PID=25617) to work on /home/airflow/.local/lib/python3.7/site-packages/airflow/example_dags/example_task_group.py
[2023-01-15T13:42:00.228+0000] {processor.py:758} INFO - Processing file /home/airflow/.local/lib/python3.7/site-packages/airflow/example_dags/example_task_group.py for tasks to queue
[2023-01-15T13:42:00.228+0000] {logging_mixin.py:117} INFO - [2023-01-15T13:42:00.228+0000] {dagbag.py:525} INFO - Filling up the DagBag from /home/airflow/.local/lib/python3.7/site-packages/airflow/example_dags/example_task_group.py
[2023-01-15T13:42:00.240+0000] {processor.py:768} INFO - DAG(s) dict_keys(['example_task_group']) retrieved from /home/airflow/.local/lib/python3.7/site-packages/airflow/example_dags/example_task_group.py
[2023-01-15T13:42:00.268+0000] {logging_mixin.py:117} INFO - [2023-01-15T13:42:00.268+0000] {dag.py:2573} INFO - Sync 1 DAGs
[2023-01-15T13:42:00.283+0000] {logging_mixin.py:117} INFO - [2023-01-15T13:42:00.283+0000] {dag.py:3328} INFO - Setting next_dagrun for example_task_group to 2023-01-14T13:42:00.283013+00:00, run_after=2023-01-15T13:42:00.283013+00:00
[2023-01-15T13:42:00.294+0000] {processor.py:178} INFO - Processing /home/airflow/.local/lib/python3.7/site-packages/airflow/example_dags/example_task_group.py took 0.071 seconds
[2023-01-15T13:58:03.887+0000] {processor.py:156} INFO - Started process (PID=25680) to work on /home/airflow/.local/lib/python3.7/site-packages/airflow/example_dags/example_task_group.py
[2023-01-15T13:58:03.892+0000] {processor.py:758} INFO - Processing file /home/airflow/.local/lib/python3.7/site-packages/airflow/example_dags/example_task_group.py for tasks to queue
[2023-01-15T13:58:03.894+0000] {logging_mixin.py:117} INFO - [2023-01-15T13:58:03.893+0000] {dagbag.py:525} INFO - Filling up the DagBag from /home/airflow/.local/lib/python3.7/site-packages/airflow/example_dags/example_task_group.py
[2023-01-15T13:58:03.936+0000] {processor.py:768} INFO - DAG(s) dict_keys(['example_task_group']) retrieved from /home/airflow/.local/lib/python3.7/site-packages/airflow/example_dags/example_task_group.py
[2023-01-15T13:58:04.023+0000] {logging_mixin.py:117} INFO - [2023-01-15T13:58:04.023+0000] {dag.py:2573} INFO - Sync 1 DAGs
[2023-01-15T13:58:04.060+0000] {logging_mixin.py:117} INFO - [2023-01-15T13:58:04.060+0000] {dag.py:3328} INFO - Setting next_dagrun for example_task_group to 2023-01-14T13:58:04.060451+00:00, run_after=2023-01-15T13:58:04.060451+00:00
[2023-01-15T13:58:04.090+0000] {processor.py:178} INFO - Processing /home/airflow/.local/lib/python3.7/site-packages/airflow/example_dags/example_task_group.py took 0.207 seconds
[2023-01-15T14:09:06.222+0000] {processor.py:156} INFO - Started process (PID=25743) to work on /home/airflow/.local/lib/python3.7/site-packages/airflow/example_dags/example_task_group.py
[2023-01-15T14:09:06.228+0000] {processor.py:758} INFO - Processing file /home/airflow/.local/lib/python3.7/site-packages/airflow/example_dags/example_task_group.py for tasks to queue
[2023-01-15T14:09:06.229+0000] {logging_mixin.py:117} INFO - [2023-01-15T14:09:06.229+0000] {dagbag.py:525} INFO - Filling up the DagBag from /home/airflow/.local/lib/python3.7/site-packages/airflow/example_dags/example_task_group.py
[2023-01-15T14:09:06.251+0000] {processor.py:768} INFO - DAG(s) dict_keys(['example_task_group']) retrieved from /home/airflow/.local/lib/python3.7/site-packages/airflow/example_dags/example_task_group.py
[2023-01-15T14:09:06.308+0000] {logging_mixin.py:117} INFO - [2023-01-15T14:09:06.308+0000] {dag.py:2573} INFO - Sync 1 DAGs
[2023-01-15T14:09:06.332+0000] {logging_mixin.py:117} INFO - [2023-01-15T14:09:06.332+0000] {dag.py:3328} INFO - Setting next_dagrun for example_task_group to 2023-01-14T14:09:06.331837+00:00, run_after=2023-01-15T14:09:06.331837+00:00
[2023-01-15T14:09:06.356+0000] {processor.py:178} INFO - Processing /home/airflow/.local/lib/python3.7/site-packages/airflow/example_dags/example_task_group.py took 0.140 seconds
[2023-01-15T14:09:36.567+0000] {processor.py:156} INFO - Started process (PID=25797) to work on /home/airflow/.local/lib/python3.7/site-packages/airflow/example_dags/example_task_group.py
[2023-01-15T14:09:36.568+0000] {processor.py:758} INFO - Processing file /home/airflow/.local/lib/python3.7/site-packages/airflow/example_dags/example_task_group.py for tasks to queue
[2023-01-15T14:09:36.569+0000] {logging_mixin.py:117} INFO - [2023-01-15T14:09:36.569+0000] {dagbag.py:525} INFO - Filling up the DagBag from /home/airflow/.local/lib/python3.7/site-packages/airflow/example_dags/example_task_group.py
[2023-01-15T14:09:36.581+0000] {processor.py:768} INFO - DAG(s) dict_keys(['example_task_group']) retrieved from /home/airflow/.local/lib/python3.7/site-packages/airflow/example_dags/example_task_group.py
[2023-01-15T14:09:36.607+0000] {logging_mixin.py:117} INFO - [2023-01-15T14:09:36.607+0000] {dag.py:2573} INFO - Sync 1 DAGs
[2023-01-15T14:09:36.621+0000] {logging_mixin.py:117} INFO - [2023-01-15T14:09:36.621+0000] {dag.py:3328} INFO - Setting next_dagrun for example_task_group to 2023-01-14T14:09:36.621288+00:00, run_after=2023-01-15T14:09:36.621288+00:00
[2023-01-15T14:09:36.631+0000] {processor.py:178} INFO - Processing /home/airflow/.local/lib/python3.7/site-packages/airflow/example_dags/example_task_group.py took 0.067 seconds
[2023-01-15T14:59:10.128+0000] {processor.py:156} INFO - Started process (PID=25861) to work on /home/airflow/.local/lib/python3.7/site-packages/airflow/example_dags/example_task_group.py
[2023-01-15T14:59:10.130+0000] {processor.py:758} INFO - Processing file /home/airflow/.local/lib/python3.7/site-packages/airflow/example_dags/example_task_group.py for tasks to queue
[2023-01-15T14:59:10.131+0000] {logging_mixin.py:117} INFO - [2023-01-15T14:59:10.130+0000] {dagbag.py:525} INFO - Filling up the DagBag from /home/airflow/.local/lib/python3.7/site-packages/airflow/example_dags/example_task_group.py
[2023-01-15T14:59:10.170+0000] {processor.py:768} INFO - DAG(s) dict_keys(['example_task_group']) retrieved from /home/airflow/.local/lib/python3.7/site-packages/airflow/example_dags/example_task_group.py
[2023-01-15T14:59:10.255+0000] {logging_mixin.py:117} INFO - [2023-01-15T14:59:10.255+0000] {dag.py:2573} INFO - Sync 1 DAGs
[2023-01-15T14:59:10.297+0000] {logging_mixin.py:117} INFO - [2023-01-15T14:59:10.297+0000] {dag.py:3328} INFO - Setting next_dagrun for example_task_group to 2023-01-14T14:59:10.297247+00:00, run_after=2023-01-15T14:59:10.297247+00:00
[2023-01-15T14:59:10.602+0000] {processor.py:178} INFO - Processing /home/airflow/.local/lib/python3.7/site-packages/airflow/example_dags/example_task_group.py took 0.483 seconds
[2023-01-15T16:21:34.058+0000] {processor.py:156} INFO - Started process (PID=25924) to work on /home/airflow/.local/lib/python3.7/site-packages/airflow/example_dags/example_task_group.py
[2023-01-15T16:21:34.060+0000] {processor.py:758} INFO - Processing file /home/airflow/.local/lib/python3.7/site-packages/airflow/example_dags/example_task_group.py for tasks to queue
[2023-01-15T16:21:34.061+0000] {logging_mixin.py:117} INFO - [2023-01-15T16:21:34.061+0000] {dagbag.py:525} INFO - Filling up the DagBag from /home/airflow/.local/lib/python3.7/site-packages/airflow/example_dags/example_task_group.py
[2023-01-15T16:21:34.079+0000] {processor.py:768} INFO - DAG(s) dict_keys(['example_task_group']) retrieved from /home/airflow/.local/lib/python3.7/site-packages/airflow/example_dags/example_task_group.py
[2023-01-15T16:21:34.120+0000] {logging_mixin.py:117} INFO - [2023-01-15T16:21:34.120+0000] {dag.py:2573} INFO - Sync 1 DAGs
[2023-01-15T16:21:34.144+0000] {logging_mixin.py:117} INFO - [2023-01-15T16:21:34.144+0000] {dag.py:3328} INFO - Setting next_dagrun for example_task_group to 2023-01-14T16:21:34.144454+00:00, run_after=2023-01-15T16:21:34.144454+00:00
[2023-01-15T16:21:34.159+0000] {processor.py:178} INFO - Processing /home/airflow/.local/lib/python3.7/site-packages/airflow/example_dags/example_task_group.py took 0.105 seconds
[2023-01-15T17:27:01.591+0000] {processor.py:156} INFO - Started process (PID=25987) to work on /home/airflow/.local/lib/python3.7/site-packages/airflow/example_dags/example_task_group.py
[2023-01-15T17:27:01.593+0000] {processor.py:758} INFO - Processing file /home/airflow/.local/lib/python3.7/site-packages/airflow/example_dags/example_task_group.py for tasks to queue
[2023-01-15T17:27:01.602+0000] {logging_mixin.py:117} INFO - [2023-01-15T17:27:01.602+0000] {dagbag.py:525} INFO - Filling up the DagBag from /home/airflow/.local/lib/python3.7/site-packages/airflow/example_dags/example_task_group.py
[2023-01-15T17:27:01.622+0000] {processor.py:768} INFO - DAG(s) dict_keys(['example_task_group']) retrieved from /home/airflow/.local/lib/python3.7/site-packages/airflow/example_dags/example_task_group.py
[2023-01-15T17:27:01.699+0000] {logging_mixin.py:117} INFO - [2023-01-15T17:27:01.699+0000] {dag.py:2573} INFO - Sync 1 DAGs
[2023-01-15T17:27:01.732+0000] {logging_mixin.py:117} INFO - [2023-01-15T17:27:01.731+0000] {dag.py:3328} INFO - Setting next_dagrun for example_task_group to 2023-01-14T17:27:01.731631+00:00, run_after=2023-01-15T17:27:01.731631+00:00
[2023-01-15T17:27:01.766+0000] {processor.py:178} INFO - Processing /home/airflow/.local/lib/python3.7/site-packages/airflow/example_dags/example_task_group.py took 0.179 seconds
[2023-01-15T18:23:33.580+0000] {processor.py:156} INFO - Started process (PID=26050) to work on /home/airflow/.local/lib/python3.7/site-packages/airflow/example_dags/example_task_group.py
[2023-01-15T18:23:33.604+0000] {processor.py:758} INFO - Processing file /home/airflow/.local/lib/python3.7/site-packages/airflow/example_dags/example_task_group.py for tasks to queue
[2023-01-15T18:23:33.608+0000] {logging_mixin.py:117} INFO - [2023-01-15T18:23:33.608+0000] {dagbag.py:525} INFO - Filling up the DagBag from /home/airflow/.local/lib/python3.7/site-packages/airflow/example_dags/example_task_group.py
[2023-01-15T18:23:33.758+0000] {processor.py:768} INFO - DAG(s) dict_keys(['example_task_group']) retrieved from /home/airflow/.local/lib/python3.7/site-packages/airflow/example_dags/example_task_group.py
[2023-01-15T18:23:33.910+0000] {logging_mixin.py:117} INFO - [2023-01-15T18:23:33.910+0000] {dag.py:2573} INFO - Sync 1 DAGs
[2023-01-15T18:23:33.948+0000] {logging_mixin.py:117} INFO - [2023-01-15T18:23:33.948+0000] {dag.py:3328} INFO - Setting next_dagrun for example_task_group to 2023-01-14T18:23:33.948035+00:00, run_after=2023-01-15T18:23:33.948035+00:00
[2023-01-15T18:23:33.987+0000] {processor.py:178} INFO - Processing /home/airflow/.local/lib/python3.7/site-packages/airflow/example_dags/example_task_group.py took 0.422 seconds
[2023-01-15T19:46:51.833+0000] {processor.py:156} INFO - Started process (PID=26104) to work on /home/airflow/.local/lib/python3.7/site-packages/airflow/example_dags/example_task_group.py
[2023-01-15T19:46:51.834+0000] {processor.py:758} INFO - Processing file /home/airflow/.local/lib/python3.7/site-packages/airflow/example_dags/example_task_group.py for tasks to queue
[2023-01-15T19:46:51.835+0000] {logging_mixin.py:117} INFO - [2023-01-15T19:46:51.835+0000] {dagbag.py:525} INFO - Filling up the DagBag from /home/airflow/.local/lib/python3.7/site-packages/airflow/example_dags/example_task_group.py
[2023-01-15T19:46:51.848+0000] {processor.py:768} INFO - DAG(s) dict_keys(['example_task_group']) retrieved from /home/airflow/.local/lib/python3.7/site-packages/airflow/example_dags/example_task_group.py
[2023-01-15T19:46:51.875+0000] {logging_mixin.py:117} INFO - [2023-01-15T19:46:51.875+0000] {dag.py:2573} INFO - Sync 1 DAGs
[2023-01-15T19:46:51.889+0000] {logging_mixin.py:117} INFO - [2023-01-15T19:46:51.889+0000] {dag.py:3328} INFO - Setting next_dagrun for example_task_group to 2023-01-14T19:46:51.889652+00:00, run_after=2023-01-15T19:46:51.889652+00:00
[2023-01-15T19:46:51.926+0000] {processor.py:178} INFO - Processing /home/airflow/.local/lib/python3.7/site-packages/airflow/example_dags/example_task_group.py took 0.095 seconds
[2023-01-15T20:53:26.170+0000] {processor.py:156} INFO - Started process (PID=26166) to work on /home/airflow/.local/lib/python3.7/site-packages/airflow/example_dags/example_task_group.py
[2023-01-15T20:53:26.176+0000] {processor.py:758} INFO - Processing file /home/airflow/.local/lib/python3.7/site-packages/airflow/example_dags/example_task_group.py for tasks to queue
[2023-01-15T20:53:26.179+0000] {logging_mixin.py:117} INFO - [2023-01-15T20:53:26.179+0000] {dagbag.py:525} INFO - Filling up the DagBag from /home/airflow/.local/lib/python3.7/site-packages/airflow/example_dags/example_task_group.py
[2023-01-15T20:53:26.226+0000] {processor.py:768} INFO - DAG(s) dict_keys(['example_task_group']) retrieved from /home/airflow/.local/lib/python3.7/site-packages/airflow/example_dags/example_task_group.py
[2023-01-15T20:53:26.311+0000] {logging_mixin.py:117} INFO - [2023-01-15T20:53:26.311+0000] {dag.py:2573} INFO - Sync 1 DAGs
[2023-01-15T20:53:26.349+0000] {logging_mixin.py:117} INFO - [2023-01-15T20:53:26.349+0000] {dag.py:3328} INFO - Setting next_dagrun for example_task_group to 2023-01-14T20:53:26.348637+00:00, run_after=2023-01-15T20:53:26.348637+00:00
[2023-01-15T20:53:26.383+0000] {processor.py:178} INFO - Processing /home/airflow/.local/lib/python3.7/site-packages/airflow/example_dags/example_task_group.py took 0.221 seconds
[2023-01-15T21:52:30.982+0000] {processor.py:156} INFO - Started process (PID=26229) to work on /home/airflow/.local/lib/python3.7/site-packages/airflow/example_dags/example_task_group.py
[2023-01-15T21:52:30.985+0000] {processor.py:758} INFO - Processing file /home/airflow/.local/lib/python3.7/site-packages/airflow/example_dags/example_task_group.py for tasks to queue
[2023-01-15T21:52:30.986+0000] {logging_mixin.py:117} INFO - [2023-01-15T21:52:30.986+0000] {dagbag.py:525} INFO - Filling up the DagBag from /home/airflow/.local/lib/python3.7/site-packages/airflow/example_dags/example_task_group.py
[2023-01-15T21:52:31.001+0000] {processor.py:768} INFO - DAG(s) dict_keys(['example_task_group']) retrieved from /home/airflow/.local/lib/python3.7/site-packages/airflow/example_dags/example_task_group.py
[2023-01-15T21:52:31.036+0000] {logging_mixin.py:117} INFO - [2023-01-15T21:52:31.036+0000] {dag.py:2573} INFO - Sync 1 DAGs
[2023-01-15T21:52:31.060+0000] {logging_mixin.py:117} INFO - [2023-01-15T21:52:31.060+0000] {dag.py:3328} INFO - Setting next_dagrun for example_task_group to 2023-01-14T21:52:31.059960+00:00, run_after=2023-01-15T21:52:31.059960+00:00
[2023-01-15T21:52:31.080+0000] {processor.py:178} INFO - Processing /home/airflow/.local/lib/python3.7/site-packages/airflow/example_dags/example_task_group.py took 0.102 seconds
[2023-01-15T23:15:48.273+0000] {processor.py:156} INFO - Started process (PID=26283) to work on /home/airflow/.local/lib/python3.7/site-packages/airflow/example_dags/example_task_group.py
[2023-01-15T23:15:48.275+0000] {processor.py:758} INFO - Processing file /home/airflow/.local/lib/python3.7/site-packages/airflow/example_dags/example_task_group.py for tasks to queue
[2023-01-15T23:15:48.276+0000] {logging_mixin.py:117} INFO - [2023-01-15T23:15:48.276+0000] {dagbag.py:525} INFO - Filling up the DagBag from /home/airflow/.local/lib/python3.7/site-packages/airflow/example_dags/example_task_group.py
[2023-01-15T23:15:48.290+0000] {processor.py:768} INFO - DAG(s) dict_keys(['example_task_group']) retrieved from /home/airflow/.local/lib/python3.7/site-packages/airflow/example_dags/example_task_group.py
[2023-01-15T23:15:48.319+0000] {logging_mixin.py:117} INFO - [2023-01-15T23:15:48.319+0000] {dag.py:2573} INFO - Sync 1 DAGs
[2023-01-15T23:15:48.333+0000] {logging_mixin.py:117} INFO - [2023-01-15T23:15:48.333+0000] {dag.py:3328} INFO - Setting next_dagrun for example_task_group to 2023-01-14T23:15:48.333125+00:00, run_after=2023-01-15T23:15:48.333125+00:00
[2023-01-15T23:15:48.343+0000] {processor.py:178} INFO - Processing /home/airflow/.local/lib/python3.7/site-packages/airflow/example_dags/example_task_group.py took 0.074 seconds
