[2023-01-15T00:38:57.102+0000] {processor.py:156} INFO - Started process (PID=24090) to work on /home/airflow/.local/lib/python3.7/site-packages/airflow/example_dags/example_branch_operator_decorator.py
[2023-01-15T00:38:57.113+0000] {processor.py:758} INFO - Processing file /home/airflow/.local/lib/python3.7/site-packages/airflow/example_dags/example_branch_operator_decorator.py for tasks to queue
[2023-01-15T00:38:57.115+0000] {logging_mixin.py:117} INFO - [2023-01-15T00:38:57.115+0000] {dagbag.py:525} INFO - Filling up the DagBag from /home/airflow/.local/lib/python3.7/site-packages/airflow/example_dags/example_branch_operator_decorator.py
[2023-01-15T00:38:57.168+0000] {processor.py:768} INFO - DAG(s) dict_keys(['example_branch_python_operator_decorator']) retrieved from /home/airflow/.local/lib/python3.7/site-packages/airflow/example_dags/example_branch_operator_decorator.py
[2023-01-15T00:38:57.271+0000] {logging_mixin.py:117} INFO - [2023-01-15T00:38:57.271+0000] {dag.py:2573} INFO - Sync 1 DAGs
[2023-01-15T00:38:57.322+0000] {logging_mixin.py:117} INFO - [2023-01-15T00:38:57.322+0000] {dag.py:3328} INFO - Setting next_dagrun for example_branch_python_operator_decorator to 2023-01-14T00:00:00+00:00, run_after=2023-01-15T00:00:00+00:00
[2023-01-15T00:38:57.357+0000] {processor.py:178} INFO - Processing /home/airflow/.local/lib/python3.7/site-packages/airflow/example_dags/example_branch_operator_decorator.py took 0.260 seconds
[2023-01-15T01:44:14.306+0000] {processor.py:156} INFO - Started process (PID=24153) to work on /home/airflow/.local/lib/python3.7/site-packages/airflow/example_dags/example_branch_operator_decorator.py
[2023-01-15T01:44:14.313+0000] {processor.py:758} INFO - Processing file /home/airflow/.local/lib/python3.7/site-packages/airflow/example_dags/example_branch_operator_decorator.py for tasks to queue
[2023-01-15T01:44:14.315+0000] {logging_mixin.py:117} INFO - [2023-01-15T01:44:14.315+0000] {dagbag.py:525} INFO - Filling up the DagBag from /home/airflow/.local/lib/python3.7/site-packages/airflow/example_dags/example_branch_operator_decorator.py
[2023-01-15T01:44:14.374+0000] {processor.py:768} INFO - DAG(s) dict_keys(['example_branch_python_operator_decorator']) retrieved from /home/airflow/.local/lib/python3.7/site-packages/airflow/example_dags/example_branch_operator_decorator.py
[2023-01-15T01:44:14.486+0000] {logging_mixin.py:117} INFO - [2023-01-15T01:44:14.485+0000] {dag.py:2573} INFO - Sync 1 DAGs
[2023-01-15T01:44:14.530+0000] {logging_mixin.py:117} INFO - [2023-01-15T01:44:14.530+0000] {dag.py:3328} INFO - Setting next_dagrun for example_branch_python_operator_decorator to 2023-01-14T00:00:00+00:00, run_after=2023-01-15T00:00:00+00:00
[2023-01-15T01:44:14.573+0000] {processor.py:178} INFO - Processing /home/airflow/.local/lib/python3.7/site-packages/airflow/example_dags/example_branch_operator_decorator.py took 0.273 seconds
[2023-01-15T02:15:44.875+0000] {processor.py:156} INFO - Started process (PID=24207) to work on /home/airflow/.local/lib/python3.7/site-packages/airflow/example_dags/example_branch_operator_decorator.py
[2023-01-15T02:15:44.876+0000] {processor.py:758} INFO - Processing file /home/airflow/.local/lib/python3.7/site-packages/airflow/example_dags/example_branch_operator_decorator.py for tasks to queue
[2023-01-15T02:15:44.877+0000] {logging_mixin.py:117} INFO - [2023-01-15T02:15:44.877+0000] {dagbag.py:525} INFO - Filling up the DagBag from /home/airflow/.local/lib/python3.7/site-packages/airflow/example_dags/example_branch_operator_decorator.py
[2023-01-15T02:15:44.894+0000] {processor.py:768} INFO - DAG(s) dict_keys(['example_branch_python_operator_decorator']) retrieved from /home/airflow/.local/lib/python3.7/site-packages/airflow/example_dags/example_branch_operator_decorator.py
[2023-01-15T02:15:44.923+0000] {logging_mixin.py:117} INFO - [2023-01-15T02:15:44.923+0000] {dag.py:2573} INFO - Sync 1 DAGs
[2023-01-15T02:15:44.939+0000] {logging_mixin.py:117} INFO - [2023-01-15T02:15:44.939+0000] {dag.py:3328} INFO - Setting next_dagrun for example_branch_python_operator_decorator to 2023-01-14T00:00:00+00:00, run_after=2023-01-15T00:00:00+00:00
[2023-01-15T02:15:44.952+0000] {processor.py:178} INFO - Processing /home/airflow/.local/lib/python3.7/site-packages/airflow/example_dags/example_branch_operator_decorator.py took 0.080 seconds
[2023-01-15T02:16:15.532+0000] {processor.py:156} INFO - Started process (PID=24270) to work on /home/airflow/.local/lib/python3.7/site-packages/airflow/example_dags/example_branch_operator_decorator.py
[2023-01-15T02:16:15.533+0000] {processor.py:758} INFO - Processing file /home/airflow/.local/lib/python3.7/site-packages/airflow/example_dags/example_branch_operator_decorator.py for tasks to queue
[2023-01-15T02:16:15.534+0000] {logging_mixin.py:117} INFO - [2023-01-15T02:16:15.534+0000] {dagbag.py:525} INFO - Filling up the DagBag from /home/airflow/.local/lib/python3.7/site-packages/airflow/example_dags/example_branch_operator_decorator.py
[2023-01-15T02:16:15.552+0000] {processor.py:768} INFO - DAG(s) dict_keys(['example_branch_python_operator_decorator']) retrieved from /home/airflow/.local/lib/python3.7/site-packages/airflow/example_dags/example_branch_operator_decorator.py
[2023-01-15T02:16:15.592+0000] {logging_mixin.py:117} INFO - [2023-01-15T02:16:15.592+0000] {dag.py:2573} INFO - Sync 1 DAGs
[2023-01-15T02:16:15.622+0000] {logging_mixin.py:117} INFO - [2023-01-15T02:16:15.622+0000] {dag.py:3328} INFO - Setting next_dagrun for example_branch_python_operator_decorator to 2023-01-14T00:00:00+00:00, run_after=2023-01-15T00:00:00+00:00
[2023-01-15T02:16:15.636+0000] {processor.py:178} INFO - Processing /home/airflow/.local/lib/python3.7/site-packages/airflow/example_dags/example_branch_operator_decorator.py took 0.108 seconds
[2023-01-15T02:49:40.788+0000] {processor.py:156} INFO - Started process (PID=24333) to work on /home/airflow/.local/lib/python3.7/site-packages/airflow/example_dags/example_branch_operator_decorator.py
[2023-01-15T02:49:40.789+0000] {processor.py:758} INFO - Processing file /home/airflow/.local/lib/python3.7/site-packages/airflow/example_dags/example_branch_operator_decorator.py for tasks to queue
[2023-01-15T02:49:40.790+0000] {logging_mixin.py:117} INFO - [2023-01-15T02:49:40.790+0000] {dagbag.py:525} INFO - Filling up the DagBag from /home/airflow/.local/lib/python3.7/site-packages/airflow/example_dags/example_branch_operator_decorator.py
[2023-01-15T02:49:40.807+0000] {processor.py:768} INFO - DAG(s) dict_keys(['example_branch_python_operator_decorator']) retrieved from /home/airflow/.local/lib/python3.7/site-packages/airflow/example_dags/example_branch_operator_decorator.py
[2023-01-15T02:49:40.835+0000] {logging_mixin.py:117} INFO - [2023-01-15T02:49:40.835+0000] {dag.py:2573} INFO - Sync 1 DAGs
[2023-01-15T02:49:40.852+0000] {logging_mixin.py:117} INFO - [2023-01-15T02:49:40.851+0000] {dag.py:3328} INFO - Setting next_dagrun for example_branch_python_operator_decorator to 2023-01-14T00:00:00+00:00, run_after=2023-01-15T00:00:00+00:00
[2023-01-15T02:49:40.863+0000] {processor.py:178} INFO - Processing /home/airflow/.local/lib/python3.7/site-packages/airflow/example_dags/example_branch_operator_decorator.py took 0.078 seconds
[2023-01-15T04:10:59.909+0000] {processor.py:156} INFO - Started process (PID=24396) to work on /home/airflow/.local/lib/python3.7/site-packages/airflow/example_dags/example_branch_operator_decorator.py
[2023-01-15T04:10:59.912+0000] {processor.py:758} INFO - Processing file /home/airflow/.local/lib/python3.7/site-packages/airflow/example_dags/example_branch_operator_decorator.py for tasks to queue
[2023-01-15T04:10:59.913+0000] {logging_mixin.py:117} INFO - [2023-01-15T04:10:59.913+0000] {dagbag.py:525} INFO - Filling up the DagBag from /home/airflow/.local/lib/python3.7/site-packages/airflow/example_dags/example_branch_operator_decorator.py
[2023-01-15T04:10:59.952+0000] {processor.py:768} INFO - DAG(s) dict_keys(['example_branch_python_operator_decorator']) retrieved from /home/airflow/.local/lib/python3.7/site-packages/airflow/example_dags/example_branch_operator_decorator.py
[2023-01-15T04:11:00.038+0000] {logging_mixin.py:117} INFO - [2023-01-15T04:11:00.037+0000] {dag.py:2573} INFO - Sync 1 DAGs
[2023-01-15T04:11:00.073+0000] {logging_mixin.py:117} INFO - [2023-01-15T04:11:00.073+0000] {dag.py:3328} INFO - Setting next_dagrun for example_branch_python_operator_decorator to 2023-01-14T00:00:00+00:00, run_after=2023-01-15T00:00:00+00:00
[2023-01-15T04:11:00.096+0000] {processor.py:178} INFO - Processing /home/airflow/.local/lib/python3.7/site-packages/airflow/example_dags/example_branch_operator_decorator.py took 0.193 seconds
[2023-01-15T05:08:47.854+0000] {processor.py:156} INFO - Started process (PID=24450) to work on /home/airflow/.local/lib/python3.7/site-packages/airflow/example_dags/example_branch_operator_decorator.py
[2023-01-15T05:08:47.861+0000] {processor.py:758} INFO - Processing file /home/airflow/.local/lib/python3.7/site-packages/airflow/example_dags/example_branch_operator_decorator.py for tasks to queue
[2023-01-15T05:08:47.864+0000] {logging_mixin.py:117} INFO - [2023-01-15T05:08:47.864+0000] {dagbag.py:525} INFO - Filling up the DagBag from /home/airflow/.local/lib/python3.7/site-packages/airflow/example_dags/example_branch_operator_decorator.py
[2023-01-15T05:08:47.920+0000] {processor.py:768} INFO - DAG(s) dict_keys(['example_branch_python_operator_decorator']) retrieved from /home/airflow/.local/lib/python3.7/site-packages/airflow/example_dags/example_branch_operator_decorator.py
[2023-01-15T05:08:48.033+0000] {logging_mixin.py:117} INFO - [2023-01-15T05:08:48.033+0000] {dag.py:2573} INFO - Sync 1 DAGs
[2023-01-15T05:08:48.078+0000] {logging_mixin.py:117} INFO - [2023-01-15T05:08:48.077+0000] {dag.py:3328} INFO - Setting next_dagrun for example_branch_python_operator_decorator to 2023-01-14T00:00:00+00:00, run_after=2023-01-15T00:00:00+00:00
[2023-01-15T05:08:48.115+0000] {processor.py:178} INFO - Processing /home/airflow/.local/lib/python3.7/site-packages/airflow/example_dags/example_branch_operator_decorator.py took 0.288 seconds
[2023-01-15T06:14:15.827+0000] {processor.py:156} INFO - Started process (PID=24514) to work on /home/airflow/.local/lib/python3.7/site-packages/airflow/example_dags/example_branch_operator_decorator.py
[2023-01-15T06:14:15.829+0000] {processor.py:758} INFO - Processing file /home/airflow/.local/lib/python3.7/site-packages/airflow/example_dags/example_branch_operator_decorator.py for tasks to queue
[2023-01-15T06:14:15.830+0000] {logging_mixin.py:117} INFO - [2023-01-15T06:14:15.830+0000] {dagbag.py:525} INFO - Filling up the DagBag from /home/airflow/.local/lib/python3.7/site-packages/airflow/example_dags/example_branch_operator_decorator.py
[2023-01-15T06:14:15.876+0000] {processor.py:768} INFO - DAG(s) dict_keys(['example_branch_python_operator_decorator']) retrieved from /home/airflow/.local/lib/python3.7/site-packages/airflow/example_dags/example_branch_operator_decorator.py
[2023-01-15T06:14:15.971+0000] {logging_mixin.py:117} INFO - [2023-01-15T06:14:15.970+0000] {dag.py:2573} INFO - Sync 1 DAGs
[2023-01-15T06:14:16.005+0000] {logging_mixin.py:117} INFO - [2023-01-15T06:14:16.004+0000] {dag.py:3328} INFO - Setting next_dagrun for example_branch_python_operator_decorator to 2023-01-14T00:00:00+00:00, run_after=2023-01-15T00:00:00+00:00
[2023-01-15T06:14:16.056+0000] {processor.py:178} INFO - Processing /home/airflow/.local/lib/python3.7/site-packages/airflow/example_dags/example_branch_operator_decorator.py took 0.234 seconds
[2023-01-15T06:57:22.197+0000] {processor.py:156} INFO - Started process (PID=24577) to work on /home/airflow/.local/lib/python3.7/site-packages/airflow/example_dags/example_branch_operator_decorator.py
[2023-01-15T06:57:22.204+0000] {processor.py:758} INFO - Processing file /home/airflow/.local/lib/python3.7/site-packages/airflow/example_dags/example_branch_operator_decorator.py for tasks to queue
[2023-01-15T06:57:22.205+0000] {logging_mixin.py:117} INFO - [2023-01-15T06:57:22.205+0000] {dagbag.py:525} INFO - Filling up the DagBag from /home/airflow/.local/lib/python3.7/site-packages/airflow/example_dags/example_branch_operator_decorator.py
[2023-01-15T06:57:22.261+0000] {processor.py:768} INFO - DAG(s) dict_keys(['example_branch_python_operator_decorator']) retrieved from /home/airflow/.local/lib/python3.7/site-packages/airflow/example_dags/example_branch_operator_decorator.py
[2023-01-15T06:57:22.319+0000] {logging_mixin.py:117} INFO - [2023-01-15T06:57:22.319+0000] {dag.py:2573} INFO - Sync 1 DAGs
[2023-01-15T06:57:22.341+0000] {logging_mixin.py:117} INFO - [2023-01-15T06:57:22.340+0000] {dag.py:3328} INFO - Setting next_dagrun for example_branch_python_operator_decorator to 2023-01-14T00:00:00+00:00, run_after=2023-01-15T00:00:00+00:00
[2023-01-15T06:57:22.357+0000] {processor.py:178} INFO - Processing /home/airflow/.local/lib/python3.7/site-packages/airflow/example_dags/example_branch_operator_decorator.py took 0.166 seconds
[2023-01-15T08:03:13.730+0000] {processor.py:156} INFO - Started process (PID=24640) to work on /home/airflow/.local/lib/python3.7/site-packages/airflow/example_dags/example_branch_operator_decorator.py
[2023-01-15T08:03:13.732+0000] {processor.py:758} INFO - Processing file /home/airflow/.local/lib/python3.7/site-packages/airflow/example_dags/example_branch_operator_decorator.py for tasks to queue
[2023-01-15T08:03:13.733+0000] {logging_mixin.py:117} INFO - [2023-01-15T08:03:13.733+0000] {dagbag.py:525} INFO - Filling up the DagBag from /home/airflow/.local/lib/python3.7/site-packages/airflow/example_dags/example_branch_operator_decorator.py
[2023-01-15T08:03:13.778+0000] {processor.py:768} INFO - DAG(s) dict_keys(['example_branch_python_operator_decorator']) retrieved from /home/airflow/.local/lib/python3.7/site-packages/airflow/example_dags/example_branch_operator_decorator.py
[2023-01-15T08:03:13.847+0000] {logging_mixin.py:117} INFO - [2023-01-15T08:03:13.847+0000] {dag.py:2573} INFO - Sync 1 DAGs
[2023-01-15T08:03:13.880+0000] {logging_mixin.py:117} INFO - [2023-01-15T08:03:13.880+0000] {dag.py:3328} INFO - Setting next_dagrun for example_branch_python_operator_decorator to 2023-01-14T00:00:00+00:00, run_after=2023-01-15T00:00:00+00:00
[2023-01-15T08:03:13.909+0000] {processor.py:178} INFO - Processing /home/airflow/.local/lib/python3.7/site-packages/airflow/example_dags/example_branch_operator_decorator.py took 0.188 seconds
[2023-01-15T09:11:02.975+0000] {processor.py:156} INFO - Started process (PID=24694) to work on /home/airflow/.local/lib/python3.7/site-packages/airflow/example_dags/example_branch_operator_decorator.py
[2023-01-15T09:11:02.981+0000] {processor.py:758} INFO - Processing file /home/airflow/.local/lib/python3.7/site-packages/airflow/example_dags/example_branch_operator_decorator.py for tasks to queue
[2023-01-15T09:11:02.985+0000] {logging_mixin.py:117} INFO - [2023-01-15T09:11:02.984+0000] {dagbag.py:525} INFO - Filling up the DagBag from /home/airflow/.local/lib/python3.7/site-packages/airflow/example_dags/example_branch_operator_decorator.py
[2023-01-15T09:11:03.065+0000] {processor.py:768} INFO - DAG(s) dict_keys(['example_branch_python_operator_decorator']) retrieved from /home/airflow/.local/lib/python3.7/site-packages/airflow/example_dags/example_branch_operator_decorator.py
[2023-01-15T09:11:03.141+0000] {logging_mixin.py:117} INFO - [2023-01-15T09:11:03.141+0000] {dag.py:2573} INFO - Sync 1 DAGs
[2023-01-15T09:11:03.234+0000] {logging_mixin.py:117} INFO - [2023-01-15T09:11:03.234+0000] {dag.py:3328} INFO - Setting next_dagrun for example_branch_python_operator_decorator to 2023-01-14T00:00:00+00:00, run_after=2023-01-15T00:00:00+00:00
[2023-01-15T09:11:03.291+0000] {processor.py:178} INFO - Processing /home/airflow/.local/lib/python3.7/site-packages/airflow/example_dags/example_branch_operator_decorator.py took 0.321 seconds
[2023-01-15T09:32:50.843+0000] {processor.py:156} INFO - Started process (PID=24758) to work on /home/airflow/.local/lib/python3.7/site-packages/airflow/example_dags/example_branch_operator_decorator.py
[2023-01-15T09:32:50.851+0000] {processor.py:758} INFO - Processing file /home/airflow/.local/lib/python3.7/site-packages/airflow/example_dags/example_branch_operator_decorator.py for tasks to queue
[2023-01-15T09:32:50.854+0000] {logging_mixin.py:117} INFO - [2023-01-15T09:32:50.854+0000] {dagbag.py:525} INFO - Filling up the DagBag from /home/airflow/.local/lib/python3.7/site-packages/airflow/example_dags/example_branch_operator_decorator.py
[2023-01-15T09:32:50.909+0000] {processor.py:768} INFO - DAG(s) dict_keys(['example_branch_python_operator_decorator']) retrieved from /home/airflow/.local/lib/python3.7/site-packages/airflow/example_dags/example_branch_operator_decorator.py
[2023-01-15T09:32:51.061+0000] {logging_mixin.py:117} INFO - [2023-01-15T09:32:51.061+0000] {dag.py:2573} INFO - Sync 1 DAGs
[2023-01-15T09:32:51.111+0000] {logging_mixin.py:117} INFO - [2023-01-15T09:32:51.110+0000] {dag.py:3328} INFO - Setting next_dagrun for example_branch_python_operator_decorator to 2023-01-14T00:00:00+00:00, run_after=2023-01-15T00:00:00+00:00
[2023-01-15T09:32:51.139+0000] {processor.py:178} INFO - Processing /home/airflow/.local/lib/python3.7/site-packages/airflow/example_dags/example_branch_operator_decorator.py took 0.301 seconds
[2023-01-15T09:33:54.045+0000] {processor.py:156} INFO - Started process (PID=24821) to work on /home/airflow/.local/lib/python3.7/site-packages/airflow/example_dags/example_branch_operator_decorator.py
[2023-01-15T09:33:54.046+0000] {processor.py:758} INFO - Processing file /home/airflow/.local/lib/python3.7/site-packages/airflow/example_dags/example_branch_operator_decorator.py for tasks to queue
[2023-01-15T09:33:54.047+0000] {logging_mixin.py:117} INFO - [2023-01-15T09:33:54.047+0000] {dagbag.py:525} INFO - Filling up the DagBag from /home/airflow/.local/lib/python3.7/site-packages/airflow/example_dags/example_branch_operator_decorator.py
[2023-01-15T09:33:54.066+0000] {processor.py:768} INFO - DAG(s) dict_keys(['example_branch_python_operator_decorator']) retrieved from /home/airflow/.local/lib/python3.7/site-packages/airflow/example_dags/example_branch_operator_decorator.py
[2023-01-15T09:33:54.097+0000] {logging_mixin.py:117} INFO - [2023-01-15T09:33:54.097+0000] {dag.py:2573} INFO - Sync 1 DAGs
[2023-01-15T09:33:54.114+0000] {logging_mixin.py:117} INFO - [2023-01-15T09:33:54.114+0000] {dag.py:3328} INFO - Setting next_dagrun for example_branch_python_operator_decorator to 2023-01-14T00:00:00+00:00, run_after=2023-01-15T00:00:00+00:00
[2023-01-15T09:33:54.126+0000] {processor.py:178} INFO - Processing /home/airflow/.local/lib/python3.7/site-packages/airflow/example_dags/example_branch_operator_decorator.py took 0.084 seconds
[2023-01-15T09:43:26.216+0000] {processor.py:156} INFO - Started process (PID=24884) to work on /home/airflow/.local/lib/python3.7/site-packages/airflow/example_dags/example_branch_operator_decorator.py
[2023-01-15T09:43:26.218+0000] {processor.py:758} INFO - Processing file /home/airflow/.local/lib/python3.7/site-packages/airflow/example_dags/example_branch_operator_decorator.py for tasks to queue
[2023-01-15T09:43:26.220+0000] {logging_mixin.py:117} INFO - [2023-01-15T09:43:26.220+0000] {dagbag.py:525} INFO - Filling up the DagBag from /home/airflow/.local/lib/python3.7/site-packages/airflow/example_dags/example_branch_operator_decorator.py
[2023-01-15T09:43:26.274+0000] {processor.py:768} INFO - DAG(s) dict_keys(['example_branch_python_operator_decorator']) retrieved from /home/airflow/.local/lib/python3.7/site-packages/airflow/example_dags/example_branch_operator_decorator.py
[2023-01-15T09:43:26.376+0000] {logging_mixin.py:117} INFO - [2023-01-15T09:43:26.375+0000] {dag.py:2573} INFO - Sync 1 DAGs
[2023-01-15T09:43:26.423+0000] {logging_mixin.py:117} INFO - [2023-01-15T09:43:26.423+0000] {dag.py:3328} INFO - Setting next_dagrun for example_branch_python_operator_decorator to 2023-01-14T00:00:00+00:00, run_after=2023-01-15T00:00:00+00:00
[2023-01-15T09:43:26.463+0000] {processor.py:178} INFO - Processing /home/airflow/.local/lib/python3.7/site-packages/airflow/example_dags/example_branch_operator_decorator.py took 0.254 seconds
[2023-01-15T11:04:06.558+0000] {processor.py:156} INFO - Started process (PID=24938) to work on /home/airflow/.local/lib/python3.7/site-packages/airflow/example_dags/example_branch_operator_decorator.py
[2023-01-15T11:04:06.562+0000] {processor.py:758} INFO - Processing file /home/airflow/.local/lib/python3.7/site-packages/airflow/example_dags/example_branch_operator_decorator.py for tasks to queue
[2023-01-15T11:04:06.563+0000] {logging_mixin.py:117} INFO - [2023-01-15T11:04:06.563+0000] {dagbag.py:525} INFO - Filling up the DagBag from /home/airflow/.local/lib/python3.7/site-packages/airflow/example_dags/example_branch_operator_decorator.py
[2023-01-15T11:04:06.592+0000] {processor.py:768} INFO - DAG(s) dict_keys(['example_branch_python_operator_decorator']) retrieved from /home/airflow/.local/lib/python3.7/site-packages/airflow/example_dags/example_branch_operator_decorator.py
[2023-01-15T11:04:06.703+0000] {logging_mixin.py:117} INFO - [2023-01-15T11:04:06.703+0000] {dag.py:2573} INFO - Sync 1 DAGs
[2023-01-15T11:04:06.778+0000] {logging_mixin.py:117} INFO - [2023-01-15T11:04:06.778+0000] {dag.py:3328} INFO - Setting next_dagrun for example_branch_python_operator_decorator to 2023-01-14T00:00:00+00:00, run_after=2023-01-15T00:00:00+00:00
[2023-01-15T11:04:06.816+0000] {processor.py:178} INFO - Processing /home/airflow/.local/lib/python3.7/site-packages/airflow/example_dags/example_branch_operator_decorator.py took 0.263 seconds
[2023-01-15T12:04:13.511+0000] {processor.py:156} INFO - Started process (PID=25001) to work on /home/airflow/.local/lib/python3.7/site-packages/airflow/example_dags/example_branch_operator_decorator.py
[2023-01-15T12:04:13.517+0000] {processor.py:758} INFO - Processing file /home/airflow/.local/lib/python3.7/site-packages/airflow/example_dags/example_branch_operator_decorator.py for tasks to queue
[2023-01-15T12:04:13.519+0000] {logging_mixin.py:117} INFO - [2023-01-15T12:04:13.519+0000] {dagbag.py:525} INFO - Filling up the DagBag from /home/airflow/.local/lib/python3.7/site-packages/airflow/example_dags/example_branch_operator_decorator.py
[2023-01-15T12:04:13.599+0000] {processor.py:768} INFO - DAG(s) dict_keys(['example_branch_python_operator_decorator']) retrieved from /home/airflow/.local/lib/python3.7/site-packages/airflow/example_dags/example_branch_operator_decorator.py
[2023-01-15T12:04:13.666+0000] {logging_mixin.py:117} INFO - [2023-01-15T12:04:13.666+0000] {dag.py:2573} INFO - Sync 1 DAGs
[2023-01-15T12:04:13.702+0000] {logging_mixin.py:117} INFO - [2023-01-15T12:04:13.702+0000] {dag.py:3328} INFO - Setting next_dagrun for example_branch_python_operator_decorator to 2023-01-14T00:00:00+00:00, run_after=2023-01-15T00:00:00+00:00
[2023-01-15T12:04:13.742+0000] {processor.py:178} INFO - Processing /home/airflow/.local/lib/python3.7/site-packages/airflow/example_dags/example_branch_operator_decorator.py took 0.237 seconds
[2023-01-15T12:42:35.278+0000] {processor.py:156} INFO - Started process (PID=25064) to work on /home/airflow/.local/lib/python3.7/site-packages/airflow/example_dags/example_branch_operator_decorator.py
[2023-01-15T12:42:35.285+0000] {processor.py:758} INFO - Processing file /home/airflow/.local/lib/python3.7/site-packages/airflow/example_dags/example_branch_operator_decorator.py for tasks to queue
[2023-01-15T12:42:35.286+0000] {logging_mixin.py:117} INFO - [2023-01-15T12:42:35.286+0000] {dagbag.py:525} INFO - Filling up the DagBag from /home/airflow/.local/lib/python3.7/site-packages/airflow/example_dags/example_branch_operator_decorator.py
[2023-01-15T12:42:35.326+0000] {processor.py:768} INFO - DAG(s) dict_keys(['example_branch_python_operator_decorator']) retrieved from /home/airflow/.local/lib/python3.7/site-packages/airflow/example_dags/example_branch_operator_decorator.py
[2023-01-15T12:42:35.401+0000] {logging_mixin.py:117} INFO - [2023-01-15T12:42:35.401+0000] {dag.py:2573} INFO - Sync 1 DAGs
[2023-01-15T12:42:35.435+0000] {logging_mixin.py:117} INFO - [2023-01-15T12:42:35.435+0000] {dag.py:3328} INFO - Setting next_dagrun for example_branch_python_operator_decorator to 2023-01-14T00:00:00+00:00, run_after=2023-01-15T00:00:00+00:00
[2023-01-15T12:42:35.473+0000] {processor.py:178} INFO - Processing /home/airflow/.local/lib/python3.7/site-packages/airflow/example_dags/example_branch_operator_decorator.py took 0.215 seconds
[2023-01-15T13:21:54.019+0000] {processor.py:156} INFO - Started process (PID=25127) to work on /home/airflow/.local/lib/python3.7/site-packages/airflow/example_dags/example_branch_operator_decorator.py
[2023-01-15T13:21:54.020+0000] {processor.py:758} INFO - Processing file /home/airflow/.local/lib/python3.7/site-packages/airflow/example_dags/example_branch_operator_decorator.py for tasks to queue
[2023-01-15T13:21:54.021+0000] {logging_mixin.py:117} INFO - [2023-01-15T13:21:54.021+0000] {dagbag.py:525} INFO - Filling up the DagBag from /home/airflow/.local/lib/python3.7/site-packages/airflow/example_dags/example_branch_operator_decorator.py
[2023-01-15T13:21:54.039+0000] {processor.py:768} INFO - DAG(s) dict_keys(['example_branch_python_operator_decorator']) retrieved from /home/airflow/.local/lib/python3.7/site-packages/airflow/example_dags/example_branch_operator_decorator.py
[2023-01-15T13:21:54.072+0000] {logging_mixin.py:117} INFO - [2023-01-15T13:21:54.072+0000] {dag.py:2573} INFO - Sync 1 DAGs
[2023-01-15T13:21:54.089+0000] {logging_mixin.py:117} INFO - [2023-01-15T13:21:54.089+0000] {dag.py:3328} INFO - Setting next_dagrun for example_branch_python_operator_decorator to 2023-01-14T00:00:00+00:00, run_after=2023-01-15T00:00:00+00:00
[2023-01-15T13:21:54.100+0000] {processor.py:178} INFO - Processing /home/airflow/.local/lib/python3.7/site-packages/airflow/example_dags/example_branch_operator_decorator.py took 0.084 seconds
[2023-01-15T13:38:26.403+0000] {processor.py:156} INFO - Started process (PID=25181) to work on /home/airflow/.local/lib/python3.7/site-packages/airflow/example_dags/example_branch_operator_decorator.py
[2023-01-15T13:38:26.405+0000] {processor.py:758} INFO - Processing file /home/airflow/.local/lib/python3.7/site-packages/airflow/example_dags/example_branch_operator_decorator.py for tasks to queue
[2023-01-15T13:38:26.405+0000] {logging_mixin.py:117} INFO - [2023-01-15T13:38:26.405+0000] {dagbag.py:525} INFO - Filling up the DagBag from /home/airflow/.local/lib/python3.7/site-packages/airflow/example_dags/example_branch_operator_decorator.py
[2023-01-15T13:38:26.422+0000] {processor.py:768} INFO - DAG(s) dict_keys(['example_branch_python_operator_decorator']) retrieved from /home/airflow/.local/lib/python3.7/site-packages/airflow/example_dags/example_branch_operator_decorator.py
[2023-01-15T13:38:26.450+0000] {logging_mixin.py:117} INFO - [2023-01-15T13:38:26.450+0000] {dag.py:2573} INFO - Sync 1 DAGs
[2023-01-15T13:38:26.466+0000] {logging_mixin.py:117} INFO - [2023-01-15T13:38:26.466+0000] {dag.py:3328} INFO - Setting next_dagrun for example_branch_python_operator_decorator to 2023-01-14T00:00:00+00:00, run_after=2023-01-15T00:00:00+00:00
[2023-01-15T13:38:26.477+0000] {processor.py:178} INFO - Processing /home/airflow/.local/lib/python3.7/site-packages/airflow/example_dags/example_branch_operator_decorator.py took 0.077 seconds
[2023-01-15T13:38:57.417+0000] {processor.py:156} INFO - Started process (PID=25244) to work on /home/airflow/.local/lib/python3.7/site-packages/airflow/example_dags/example_branch_operator_decorator.py
[2023-01-15T13:38:57.418+0000] {processor.py:758} INFO - Processing file /home/airflow/.local/lib/python3.7/site-packages/airflow/example_dags/example_branch_operator_decorator.py for tasks to queue
[2023-01-15T13:38:57.419+0000] {logging_mixin.py:117} INFO - [2023-01-15T13:38:57.419+0000] {dagbag.py:525} INFO - Filling up the DagBag from /home/airflow/.local/lib/python3.7/site-packages/airflow/example_dags/example_branch_operator_decorator.py
[2023-01-15T13:38:57.436+0000] {processor.py:768} INFO - DAG(s) dict_keys(['example_branch_python_operator_decorator']) retrieved from /home/airflow/.local/lib/python3.7/site-packages/airflow/example_dags/example_branch_operator_decorator.py
[2023-01-15T13:38:57.465+0000] {logging_mixin.py:117} INFO - [2023-01-15T13:38:57.465+0000] {dag.py:2573} INFO - Sync 1 DAGs
[2023-01-15T13:38:57.484+0000] {logging_mixin.py:117} INFO - [2023-01-15T13:38:57.484+0000] {dag.py:3328} INFO - Setting next_dagrun for example_branch_python_operator_decorator to 2023-01-14T00:00:00+00:00, run_after=2023-01-15T00:00:00+00:00
[2023-01-15T13:38:57.495+0000] {processor.py:178} INFO - Processing /home/airflow/.local/lib/python3.7/site-packages/airflow/example_dags/example_branch_operator_decorator.py took 0.081 seconds
[2023-01-15T13:39:28.053+0000] {processor.py:156} INFO - Started process (PID=25307) to work on /home/airflow/.local/lib/python3.7/site-packages/airflow/example_dags/example_branch_operator_decorator.py
[2023-01-15T13:39:28.054+0000] {processor.py:758} INFO - Processing file /home/airflow/.local/lib/python3.7/site-packages/airflow/example_dags/example_branch_operator_decorator.py for tasks to queue
[2023-01-15T13:39:28.055+0000] {logging_mixin.py:117} INFO - [2023-01-15T13:39:28.055+0000] {dagbag.py:525} INFO - Filling up the DagBag from /home/airflow/.local/lib/python3.7/site-packages/airflow/example_dags/example_branch_operator_decorator.py
[2023-01-15T13:39:28.072+0000] {processor.py:768} INFO - DAG(s) dict_keys(['example_branch_python_operator_decorator']) retrieved from /home/airflow/.local/lib/python3.7/site-packages/airflow/example_dags/example_branch_operator_decorator.py
[2023-01-15T13:39:28.101+0000] {logging_mixin.py:117} INFO - [2023-01-15T13:39:28.101+0000] {dag.py:2573} INFO - Sync 1 DAGs
[2023-01-15T13:39:28.117+0000] {logging_mixin.py:117} INFO - [2023-01-15T13:39:28.117+0000] {dag.py:3328} INFO - Setting next_dagrun for example_branch_python_operator_decorator to 2023-01-14T00:00:00+00:00, run_after=2023-01-15T00:00:00+00:00
[2023-01-15T13:39:28.128+0000] {processor.py:178} INFO - Processing /home/airflow/.local/lib/python3.7/site-packages/airflow/example_dags/example_branch_operator_decorator.py took 0.077 seconds
[2023-01-15T13:39:58.295+0000] {processor.py:156} INFO - Started process (PID=25370) to work on /home/airflow/.local/lib/python3.7/site-packages/airflow/example_dags/example_branch_operator_decorator.py
[2023-01-15T13:39:58.296+0000] {processor.py:758} INFO - Processing file /home/airflow/.local/lib/python3.7/site-packages/airflow/example_dags/example_branch_operator_decorator.py for tasks to queue
[2023-01-15T13:39:58.297+0000] {logging_mixin.py:117} INFO - [2023-01-15T13:39:58.297+0000] {dagbag.py:525} INFO - Filling up the DagBag from /home/airflow/.local/lib/python3.7/site-packages/airflow/example_dags/example_branch_operator_decorator.py
[2023-01-15T13:39:58.316+0000] {processor.py:768} INFO - DAG(s) dict_keys(['example_branch_python_operator_decorator']) retrieved from /home/airflow/.local/lib/python3.7/site-packages/airflow/example_dags/example_branch_operator_decorator.py
[2023-01-15T13:39:58.353+0000] {logging_mixin.py:117} INFO - [2023-01-15T13:39:58.353+0000] {dag.py:2573} INFO - Sync 1 DAGs
[2023-01-15T13:39:58.370+0000] {logging_mixin.py:117} INFO - [2023-01-15T13:39:58.370+0000] {dag.py:3328} INFO - Setting next_dagrun for example_branch_python_operator_decorator to 2023-01-14T00:00:00+00:00, run_after=2023-01-15T00:00:00+00:00
[2023-01-15T13:39:58.385+0000] {processor.py:178} INFO - Processing /home/airflow/.local/lib/python3.7/site-packages/airflow/example_dags/example_branch_operator_decorator.py took 0.093 seconds
[2023-01-15T13:40:28.823+0000] {processor.py:156} INFO - Started process (PID=25433) to work on /home/airflow/.local/lib/python3.7/site-packages/airflow/example_dags/example_branch_operator_decorator.py
[2023-01-15T13:40:28.824+0000] {processor.py:758} INFO - Processing file /home/airflow/.local/lib/python3.7/site-packages/airflow/example_dags/example_branch_operator_decorator.py for tasks to queue
[2023-01-15T13:40:28.825+0000] {logging_mixin.py:117} INFO - [2023-01-15T13:40:28.825+0000] {dagbag.py:525} INFO - Filling up the DagBag from /home/airflow/.local/lib/python3.7/site-packages/airflow/example_dags/example_branch_operator_decorator.py
[2023-01-15T13:40:28.841+0000] {processor.py:768} INFO - DAG(s) dict_keys(['example_branch_python_operator_decorator']) retrieved from /home/airflow/.local/lib/python3.7/site-packages/airflow/example_dags/example_branch_operator_decorator.py
[2023-01-15T13:40:28.871+0000] {logging_mixin.py:117} INFO - [2023-01-15T13:40:28.871+0000] {dag.py:2573} INFO - Sync 1 DAGs
[2023-01-15T13:40:28.887+0000] {logging_mixin.py:117} INFO - [2023-01-15T13:40:28.887+0000] {dag.py:3328} INFO - Setting next_dagrun for example_branch_python_operator_decorator to 2023-01-14T00:00:00+00:00, run_after=2023-01-15T00:00:00+00:00
[2023-01-15T13:40:28.898+0000] {processor.py:178} INFO - Processing /home/airflow/.local/lib/python3.7/site-packages/airflow/example_dags/example_branch_operator_decorator.py took 0.077 seconds
[2023-01-15T13:40:59.410+0000] {processor.py:156} INFO - Started process (PID=25496) to work on /home/airflow/.local/lib/python3.7/site-packages/airflow/example_dags/example_branch_operator_decorator.py
[2023-01-15T13:40:59.411+0000] {processor.py:758} INFO - Processing file /home/airflow/.local/lib/python3.7/site-packages/airflow/example_dags/example_branch_operator_decorator.py for tasks to queue
[2023-01-15T13:40:59.412+0000] {logging_mixin.py:117} INFO - [2023-01-15T13:40:59.412+0000] {dagbag.py:525} INFO - Filling up the DagBag from /home/airflow/.local/lib/python3.7/site-packages/airflow/example_dags/example_branch_operator_decorator.py
[2023-01-15T13:40:59.429+0000] {processor.py:768} INFO - DAG(s) dict_keys(['example_branch_python_operator_decorator']) retrieved from /home/airflow/.local/lib/python3.7/site-packages/airflow/example_dags/example_branch_operator_decorator.py
[2023-01-15T13:40:59.460+0000] {logging_mixin.py:117} INFO - [2023-01-15T13:40:59.460+0000] {dag.py:2573} INFO - Sync 1 DAGs
[2023-01-15T13:40:59.480+0000] {logging_mixin.py:117} INFO - [2023-01-15T13:40:59.480+0000] {dag.py:3328} INFO - Setting next_dagrun for example_branch_python_operator_decorator to 2023-01-14T00:00:00+00:00, run_after=2023-01-15T00:00:00+00:00
[2023-01-15T13:40:59.493+0000] {processor.py:178} INFO - Processing /home/airflow/.local/lib/python3.7/site-packages/airflow/example_dags/example_branch_operator_decorator.py took 0.086 seconds
[2023-01-15T13:41:29.647+0000] {processor.py:156} INFO - Started process (PID=25550) to work on /home/airflow/.local/lib/python3.7/site-packages/airflow/example_dags/example_branch_operator_decorator.py
[2023-01-15T13:41:29.648+0000] {processor.py:758} INFO - Processing file /home/airflow/.local/lib/python3.7/site-packages/airflow/example_dags/example_branch_operator_decorator.py for tasks to queue
[2023-01-15T13:41:29.649+0000] {logging_mixin.py:117} INFO - [2023-01-15T13:41:29.649+0000] {dagbag.py:525} INFO - Filling up the DagBag from /home/airflow/.local/lib/python3.7/site-packages/airflow/example_dags/example_branch_operator_decorator.py
[2023-01-15T13:41:29.664+0000] {processor.py:768} INFO - DAG(s) dict_keys(['example_branch_python_operator_decorator']) retrieved from /home/airflow/.local/lib/python3.7/site-packages/airflow/example_dags/example_branch_operator_decorator.py
[2023-01-15T13:41:29.692+0000] {logging_mixin.py:117} INFO - [2023-01-15T13:41:29.692+0000] {dag.py:2573} INFO - Sync 1 DAGs
[2023-01-15T13:41:29.709+0000] {logging_mixin.py:117} INFO - [2023-01-15T13:41:29.709+0000] {dag.py:3328} INFO - Setting next_dagrun for example_branch_python_operator_decorator to 2023-01-14T00:00:00+00:00, run_after=2023-01-15T00:00:00+00:00
[2023-01-15T13:41:29.721+0000] {processor.py:178} INFO - Processing /home/airflow/.local/lib/python3.7/site-packages/airflow/example_dags/example_branch_operator_decorator.py took 0.077 seconds
[2023-01-15T13:42:00.066+0000] {processor.py:156} INFO - Started process (PID=25614) to work on /home/airflow/.local/lib/python3.7/site-packages/airflow/example_dags/example_branch_operator_decorator.py
[2023-01-15T13:42:00.067+0000] {processor.py:758} INFO - Processing file /home/airflow/.local/lib/python3.7/site-packages/airflow/example_dags/example_branch_operator_decorator.py for tasks to queue
[2023-01-15T13:42:00.068+0000] {logging_mixin.py:117} INFO - [2023-01-15T13:42:00.068+0000] {dagbag.py:525} INFO - Filling up the DagBag from /home/airflow/.local/lib/python3.7/site-packages/airflow/example_dags/example_branch_operator_decorator.py
[2023-01-15T13:42:00.084+0000] {processor.py:768} INFO - DAG(s) dict_keys(['example_branch_python_operator_decorator']) retrieved from /home/airflow/.local/lib/python3.7/site-packages/airflow/example_dags/example_branch_operator_decorator.py
[2023-01-15T13:42:00.112+0000] {logging_mixin.py:117} INFO - [2023-01-15T13:42:00.112+0000] {dag.py:2573} INFO - Sync 1 DAGs
[2023-01-15T13:42:00.127+0000] {logging_mixin.py:117} INFO - [2023-01-15T13:42:00.127+0000] {dag.py:3328} INFO - Setting next_dagrun for example_branch_python_operator_decorator to 2023-01-14T00:00:00+00:00, run_after=2023-01-15T00:00:00+00:00
[2023-01-15T13:42:00.138+0000] {processor.py:178} INFO - Processing /home/airflow/.local/lib/python3.7/site-packages/airflow/example_dags/example_branch_operator_decorator.py took 0.074 seconds
[2023-01-15T13:58:03.556+0000] {processor.py:156} INFO - Started process (PID=25677) to work on /home/airflow/.local/lib/python3.7/site-packages/airflow/example_dags/example_branch_operator_decorator.py
[2023-01-15T13:58:03.560+0000] {processor.py:758} INFO - Processing file /home/airflow/.local/lib/python3.7/site-packages/airflow/example_dags/example_branch_operator_decorator.py for tasks to queue
[2023-01-15T13:58:03.563+0000] {logging_mixin.py:117} INFO - [2023-01-15T13:58:03.563+0000] {dagbag.py:525} INFO - Filling up the DagBag from /home/airflow/.local/lib/python3.7/site-packages/airflow/example_dags/example_branch_operator_decorator.py
[2023-01-15T13:58:03.610+0000] {processor.py:768} INFO - DAG(s) dict_keys(['example_branch_python_operator_decorator']) retrieved from /home/airflow/.local/lib/python3.7/site-packages/airflow/example_dags/example_branch_operator_decorator.py
[2023-01-15T13:58:03.674+0000] {logging_mixin.py:117} INFO - [2023-01-15T13:58:03.674+0000] {dag.py:2573} INFO - Sync 1 DAGs
[2023-01-15T13:58:03.707+0000] {logging_mixin.py:117} INFO - [2023-01-15T13:58:03.707+0000] {dag.py:3328} INFO - Setting next_dagrun for example_branch_python_operator_decorator to 2023-01-14T00:00:00+00:00, run_after=2023-01-15T00:00:00+00:00
[2023-01-15T13:58:03.739+0000] {processor.py:178} INFO - Processing /home/airflow/.local/lib/python3.7/site-packages/airflow/example_dags/example_branch_operator_decorator.py took 0.187 seconds
[2023-01-15T14:09:05.794+0000] {processor.py:156} INFO - Started process (PID=25740) to work on /home/airflow/.local/lib/python3.7/site-packages/airflow/example_dags/example_branch_operator_decorator.py
[2023-01-15T14:09:05.798+0000] {processor.py:758} INFO - Processing file /home/airflow/.local/lib/python3.7/site-packages/airflow/example_dags/example_branch_operator_decorator.py for tasks to queue
[2023-01-15T14:09:05.800+0000] {logging_mixin.py:117} INFO - [2023-01-15T14:09:05.800+0000] {dagbag.py:525} INFO - Filling up the DagBag from /home/airflow/.local/lib/python3.7/site-packages/airflow/example_dags/example_branch_operator_decorator.py
[2023-01-15T14:09:05.868+0000] {processor.py:768} INFO - DAG(s) dict_keys(['example_branch_python_operator_decorator']) retrieved from /home/airflow/.local/lib/python3.7/site-packages/airflow/example_dags/example_branch_operator_decorator.py
[2023-01-15T14:09:05.960+0000] {logging_mixin.py:117} INFO - [2023-01-15T14:09:05.959+0000] {dag.py:2573} INFO - Sync 1 DAGs
[2023-01-15T14:09:05.992+0000] {logging_mixin.py:117} INFO - [2023-01-15T14:09:05.992+0000] {dag.py:3328} INFO - Setting next_dagrun for example_branch_python_operator_decorator to 2023-01-14T00:00:00+00:00, run_after=2023-01-15T00:00:00+00:00
[2023-01-15T14:09:06.025+0000] {processor.py:178} INFO - Processing /home/airflow/.local/lib/python3.7/site-packages/airflow/example_dags/example_branch_operator_decorator.py took 0.241 seconds
[2023-01-15T14:09:36.400+0000] {processor.py:156} INFO - Started process (PID=25794) to work on /home/airflow/.local/lib/python3.7/site-packages/airflow/example_dags/example_branch_operator_decorator.py
[2023-01-15T14:09:36.402+0000] {processor.py:758} INFO - Processing file /home/airflow/.local/lib/python3.7/site-packages/airflow/example_dags/example_branch_operator_decorator.py for tasks to queue
[2023-01-15T14:09:36.402+0000] {logging_mixin.py:117} INFO - [2023-01-15T14:09:36.402+0000] {dagbag.py:525} INFO - Filling up the DagBag from /home/airflow/.local/lib/python3.7/site-packages/airflow/example_dags/example_branch_operator_decorator.py
[2023-01-15T14:09:36.418+0000] {processor.py:768} INFO - DAG(s) dict_keys(['example_branch_python_operator_decorator']) retrieved from /home/airflow/.local/lib/python3.7/site-packages/airflow/example_dags/example_branch_operator_decorator.py
[2023-01-15T14:09:36.446+0000] {logging_mixin.py:117} INFO - [2023-01-15T14:09:36.446+0000] {dag.py:2573} INFO - Sync 1 DAGs
[2023-01-15T14:09:36.462+0000] {logging_mixin.py:117} INFO - [2023-01-15T14:09:36.462+0000] {dag.py:3328} INFO - Setting next_dagrun for example_branch_python_operator_decorator to 2023-01-14T00:00:00+00:00, run_after=2023-01-15T00:00:00+00:00
[2023-01-15T14:09:36.474+0000] {processor.py:178} INFO - Processing /home/airflow/.local/lib/python3.7/site-packages/airflow/example_dags/example_branch_operator_decorator.py took 0.076 seconds
[2023-01-15T14:59:09.660+0000] {processor.py:156} INFO - Started process (PID=25858) to work on /home/airflow/.local/lib/python3.7/site-packages/airflow/example_dags/example_branch_operator_decorator.py
[2023-01-15T14:59:09.662+0000] {processor.py:758} INFO - Processing file /home/airflow/.local/lib/python3.7/site-packages/airflow/example_dags/example_branch_operator_decorator.py for tasks to queue
[2023-01-15T14:59:09.663+0000] {logging_mixin.py:117} INFO - [2023-01-15T14:59:09.663+0000] {dagbag.py:525} INFO - Filling up the DagBag from /home/airflow/.local/lib/python3.7/site-packages/airflow/example_dags/example_branch_operator_decorator.py
[2023-01-15T14:59:09.703+0000] {processor.py:768} INFO - DAG(s) dict_keys(['example_branch_python_operator_decorator']) retrieved from /home/airflow/.local/lib/python3.7/site-packages/airflow/example_dags/example_branch_operator_decorator.py
[2023-01-15T14:59:09.845+0000] {logging_mixin.py:117} INFO - [2023-01-15T14:59:09.845+0000] {dag.py:2573} INFO - Sync 1 DAGs
[2023-01-15T14:59:09.883+0000] {logging_mixin.py:117} INFO - [2023-01-15T14:59:09.883+0000] {dag.py:3328} INFO - Setting next_dagrun for example_branch_python_operator_decorator to 2023-01-14T00:00:00+00:00, run_after=2023-01-15T00:00:00+00:00
[2023-01-15T14:59:09.918+0000] {processor.py:178} INFO - Processing /home/airflow/.local/lib/python3.7/site-packages/airflow/example_dags/example_branch_operator_decorator.py took 0.261 seconds
[2023-01-15T16:21:33.523+0000] {processor.py:156} INFO - Started process (PID=25921) to work on /home/airflow/.local/lib/python3.7/site-packages/airflow/example_dags/example_branch_operator_decorator.py
[2023-01-15T16:21:33.527+0000] {processor.py:758} INFO - Processing file /home/airflow/.local/lib/python3.7/site-packages/airflow/example_dags/example_branch_operator_decorator.py for tasks to queue
[2023-01-15T16:21:33.531+0000] {logging_mixin.py:117} INFO - [2023-01-15T16:21:33.530+0000] {dagbag.py:525} INFO - Filling up the DagBag from /home/airflow/.local/lib/python3.7/site-packages/airflow/example_dags/example_branch_operator_decorator.py
[2023-01-15T16:21:33.601+0000] {processor.py:768} INFO - DAG(s) dict_keys(['example_branch_python_operator_decorator']) retrieved from /home/airflow/.local/lib/python3.7/site-packages/airflow/example_dags/example_branch_operator_decorator.py
[2023-01-15T16:21:33.713+0000] {logging_mixin.py:117} INFO - [2023-01-15T16:21:33.713+0000] {dag.py:2573} INFO - Sync 1 DAGs
[2023-01-15T16:21:33.761+0000] {logging_mixin.py:117} INFO - [2023-01-15T16:21:33.761+0000] {dag.py:3328} INFO - Setting next_dagrun for example_branch_python_operator_decorator to 2023-01-14T00:00:00+00:00, run_after=2023-01-15T00:00:00+00:00
[2023-01-15T16:21:33.812+0000] {processor.py:178} INFO - Processing /home/airflow/.local/lib/python3.7/site-packages/airflow/example_dags/example_branch_operator_decorator.py took 0.301 seconds
[2023-01-15T17:27:01.248+0000] {processor.py:156} INFO - Started process (PID=25984) to work on /home/airflow/.local/lib/python3.7/site-packages/airflow/example_dags/example_branch_operator_decorator.py
[2023-01-15T17:27:01.255+0000] {processor.py:758} INFO - Processing file /home/airflow/.local/lib/python3.7/site-packages/airflow/example_dags/example_branch_operator_decorator.py for tasks to queue
[2023-01-15T17:27:01.256+0000] {logging_mixin.py:117} INFO - [2023-01-15T17:27:01.256+0000] {dagbag.py:525} INFO - Filling up the DagBag from /home/airflow/.local/lib/python3.7/site-packages/airflow/example_dags/example_branch_operator_decorator.py
[2023-01-15T17:27:01.299+0000] {processor.py:768} INFO - DAG(s) dict_keys(['example_branch_python_operator_decorator']) retrieved from /home/airflow/.local/lib/python3.7/site-packages/airflow/example_dags/example_branch_operator_decorator.py
[2023-01-15T17:27:01.369+0000] {logging_mixin.py:117} INFO - [2023-01-15T17:27:01.368+0000] {dag.py:2573} INFO - Sync 1 DAGs
[2023-01-15T17:27:01.405+0000] {logging_mixin.py:117} INFO - [2023-01-15T17:27:01.404+0000] {dag.py:3328} INFO - Setting next_dagrun for example_branch_python_operator_decorator to 2023-01-14T00:00:00+00:00, run_after=2023-01-15T00:00:00+00:00
[2023-01-15T17:27:01.443+0000] {processor.py:178} INFO - Processing /home/airflow/.local/lib/python3.7/site-packages/airflow/example_dags/example_branch_operator_decorator.py took 0.208 seconds
[2023-01-15T18:23:32.837+0000] {processor.py:156} INFO - Started process (PID=26039) to work on /home/airflow/.local/lib/python3.7/site-packages/airflow/example_dags/example_branch_operator_decorator.py
[2023-01-15T18:23:32.840+0000] {processor.py:758} INFO - Processing file /home/airflow/.local/lib/python3.7/site-packages/airflow/example_dags/example_branch_operator_decorator.py for tasks to queue
[2023-01-15T18:23:32.842+0000] {logging_mixin.py:117} INFO - [2023-01-15T18:23:32.841+0000] {dagbag.py:525} INFO - Filling up the DagBag from /home/airflow/.local/lib/python3.7/site-packages/airflow/example_dags/example_branch_operator_decorator.py
[2023-01-15T18:23:32.931+0000] {processor.py:768} INFO - DAG(s) dict_keys(['example_branch_python_operator_decorator']) retrieved from /home/airflow/.local/lib/python3.7/site-packages/airflow/example_dags/example_branch_operator_decorator.py
[2023-01-15T18:23:33.039+0000] {logging_mixin.py:117} INFO - [2023-01-15T18:23:33.038+0000] {dag.py:2573} INFO - Sync 1 DAGs
[2023-01-15T18:23:33.086+0000] {logging_mixin.py:117} INFO - [2023-01-15T18:23:33.086+0000] {dag.py:3328} INFO - Setting next_dagrun for example_branch_python_operator_decorator to 2023-01-14T00:00:00+00:00, run_after=2023-01-15T00:00:00+00:00
[2023-01-15T18:23:33.117+0000] {processor.py:178} INFO - Processing /home/airflow/.local/lib/python3.7/site-packages/airflow/example_dags/example_branch_operator_decorator.py took 0.303 seconds
[2023-01-15T19:46:51.658+0000] {processor.py:156} INFO - Started process (PID=26101) to work on /home/airflow/.local/lib/python3.7/site-packages/airflow/example_dags/example_branch_operator_decorator.py
[2023-01-15T19:46:51.660+0000] {processor.py:758} INFO - Processing file /home/airflow/.local/lib/python3.7/site-packages/airflow/example_dags/example_branch_operator_decorator.py for tasks to queue
[2023-01-15T19:46:51.661+0000] {logging_mixin.py:117} INFO - [2023-01-15T19:46:51.661+0000] {dagbag.py:525} INFO - Filling up the DagBag from /home/airflow/.local/lib/python3.7/site-packages/airflow/example_dags/example_branch_operator_decorator.py
[2023-01-15T19:46:51.678+0000] {processor.py:768} INFO - DAG(s) dict_keys(['example_branch_python_operator_decorator']) retrieved from /home/airflow/.local/lib/python3.7/site-packages/airflow/example_dags/example_branch_operator_decorator.py
[2023-01-15T19:46:51.707+0000] {logging_mixin.py:117} INFO - [2023-01-15T19:46:51.707+0000] {dag.py:2573} INFO - Sync 1 DAGs
[2023-01-15T19:46:51.723+0000] {logging_mixin.py:117} INFO - [2023-01-15T19:46:51.722+0000] {dag.py:3328} INFO - Setting next_dagrun for example_branch_python_operator_decorator to 2023-01-14T00:00:00+00:00, run_after=2023-01-15T00:00:00+00:00
[2023-01-15T19:46:51.735+0000] {processor.py:178} INFO - Processing /home/airflow/.local/lib/python3.7/site-packages/airflow/example_dags/example_branch_operator_decorator.py took 0.080 seconds
[2023-01-15T20:53:25.851+0000] {processor.py:156} INFO - Started process (PID=26163) to work on /home/airflow/.local/lib/python3.7/site-packages/airflow/example_dags/example_branch_operator_decorator.py
[2023-01-15T20:53:25.853+0000] {processor.py:758} INFO - Processing file /home/airflow/.local/lib/python3.7/site-packages/airflow/example_dags/example_branch_operator_decorator.py for tasks to queue
[2023-01-15T20:53:25.853+0000] {logging_mixin.py:117} INFO - [2023-01-15T20:53:25.853+0000] {dagbag.py:525} INFO - Filling up the DagBag from /home/airflow/.local/lib/python3.7/site-packages/airflow/example_dags/example_branch_operator_decorator.py
[2023-01-15T20:53:25.870+0000] {processor.py:768} INFO - DAG(s) dict_keys(['example_branch_python_operator_decorator']) retrieved from /home/airflow/.local/lib/python3.7/site-packages/airflow/example_dags/example_branch_operator_decorator.py
[2023-01-15T20:53:25.897+0000] {logging_mixin.py:117} INFO - [2023-01-15T20:53:25.897+0000] {dag.py:2573} INFO - Sync 1 DAGs
[2023-01-15T20:53:25.913+0000] {logging_mixin.py:117} INFO - [2023-01-15T20:53:25.913+0000] {dag.py:3328} INFO - Setting next_dagrun for example_branch_python_operator_decorator to 2023-01-14T00:00:00+00:00, run_after=2023-01-15T00:00:00+00:00
[2023-01-15T20:53:25.925+0000] {processor.py:178} INFO - Processing /home/airflow/.local/lib/python3.7/site-packages/airflow/example_dags/example_branch_operator_decorator.py took 0.077 seconds
[2023-01-15T21:52:30.279+0000] {processor.py:156} INFO - Started process (PID=26226) to work on /home/airflow/.local/lib/python3.7/site-packages/airflow/example_dags/example_branch_operator_decorator.py
[2023-01-15T21:52:30.291+0000] {processor.py:758} INFO - Processing file /home/airflow/.local/lib/python3.7/site-packages/airflow/example_dags/example_branch_operator_decorator.py for tasks to queue
[2023-01-15T21:52:30.292+0000] {logging_mixin.py:117} INFO - [2023-01-15T21:52:30.292+0000] {dagbag.py:525} INFO - Filling up the DagBag from /home/airflow/.local/lib/python3.7/site-packages/airflow/example_dags/example_branch_operator_decorator.py
[2023-01-15T21:52:30.522+0000] {processor.py:768} INFO - DAG(s) dict_keys(['example_branch_python_operator_decorator']) retrieved from /home/airflow/.local/lib/python3.7/site-packages/airflow/example_dags/example_branch_operator_decorator.py
[2023-01-15T21:52:30.631+0000] {logging_mixin.py:117} INFO - [2023-01-15T21:52:30.631+0000] {dag.py:2573} INFO - Sync 1 DAGs
[2023-01-15T21:52:30.684+0000] {logging_mixin.py:117} INFO - [2023-01-15T21:52:30.683+0000] {dag.py:3328} INFO - Setting next_dagrun for example_branch_python_operator_decorator to 2023-01-14T00:00:00+00:00, run_after=2023-01-15T00:00:00+00:00
[2023-01-15T21:52:30.769+0000] {processor.py:178} INFO - Processing /home/airflow/.local/lib/python3.7/site-packages/airflow/example_dags/example_branch_operator_decorator.py took 0.497 seconds
[2023-01-15T23:15:48.061+0000] {processor.py:156} INFO - Started process (PID=26280) to work on /home/airflow/.local/lib/python3.7/site-packages/airflow/example_dags/example_branch_operator_decorator.py
[2023-01-15T23:15:48.062+0000] {processor.py:758} INFO - Processing file /home/airflow/.local/lib/python3.7/site-packages/airflow/example_dags/example_branch_operator_decorator.py for tasks to queue
[2023-01-15T23:15:48.063+0000] {logging_mixin.py:117} INFO - [2023-01-15T23:15:48.063+0000] {dagbag.py:525} INFO - Filling up the DagBag from /home/airflow/.local/lib/python3.7/site-packages/airflow/example_dags/example_branch_operator_decorator.py
[2023-01-15T23:15:48.080+0000] {processor.py:768} INFO - DAG(s) dict_keys(['example_branch_python_operator_decorator']) retrieved from /home/airflow/.local/lib/python3.7/site-packages/airflow/example_dags/example_branch_operator_decorator.py
[2023-01-15T23:15:48.110+0000] {logging_mixin.py:117} INFO - [2023-01-15T23:15:48.110+0000] {dag.py:2573} INFO - Sync 1 DAGs
[2023-01-15T23:15:48.126+0000] {logging_mixin.py:117} INFO - [2023-01-15T23:15:48.126+0000] {dag.py:3328} INFO - Setting next_dagrun for example_branch_python_operator_decorator to 2023-01-14T00:00:00+00:00, run_after=2023-01-15T00:00:00+00:00
[2023-01-15T23:15:48.139+0000] {processor.py:178} INFO - Processing /home/airflow/.local/lib/python3.7/site-packages/airflow/example_dags/example_branch_operator_decorator.py took 0.081 seconds
