[2023-01-15T00:38:58.004+0000] {processor.py:156} INFO - Started process (PID=24098) to work on /home/airflow/.local/lib/python3.7/site-packages/airflow/example_dags/example_sla_dag.py
[2023-01-15T00:38:58.005+0000] {processor.py:758} INFO - Processing file /home/airflow/.local/lib/python3.7/site-packages/airflow/example_dags/example_sla_dag.py for tasks to queue
[2023-01-15T00:38:58.006+0000] {logging_mixin.py:117} INFO - [2023-01-15T00:38:58.006+0000] {dagbag.py:525} INFO - Filling up the DagBag from /home/airflow/.local/lib/python3.7/site-packages/airflow/example_dags/example_sla_dag.py
[2023-01-15T00:38:58.043+0000] {processor.py:768} INFO - DAG(s) dict_keys(['example_sla_dag']) retrieved from /home/airflow/.local/lib/python3.7/site-packages/airflow/example_dags/example_sla_dag.py
[2023-01-15T00:38:58.120+0000] {logging_mixin.py:117} INFO - [2023-01-15T00:38:58.120+0000] {dag.py:2573} INFO - Sync 1 DAGs
[2023-01-15T00:38:58.164+0000] {logging_mixin.py:117} INFO - [2023-01-15T00:38:58.163+0000] {dag.py:3328} INFO - Setting next_dagrun for example_sla_dag to 2023-01-15T00:36:00+00:00, run_after=2023-01-15T00:38:00+00:00
[2023-01-15T00:38:58.194+0000] {processor.py:178} INFO - Processing /home/airflow/.local/lib/python3.7/site-packages/airflow/example_dags/example_sla_dag.py took 0.194 seconds
[2023-01-15T01:44:15.491+0000] {processor.py:156} INFO - Started process (PID=24161) to work on /home/airflow/.local/lib/python3.7/site-packages/airflow/example_dags/example_sla_dag.py
[2023-01-15T01:44:15.495+0000] {processor.py:758} INFO - Processing file /home/airflow/.local/lib/python3.7/site-packages/airflow/example_dags/example_sla_dag.py for tasks to queue
[2023-01-15T01:44:15.496+0000] {logging_mixin.py:117} INFO - [2023-01-15T01:44:15.496+0000] {dagbag.py:525} INFO - Filling up the DagBag from /home/airflow/.local/lib/python3.7/site-packages/airflow/example_dags/example_sla_dag.py
[2023-01-15T01:44:15.530+0000] {processor.py:768} INFO - DAG(s) dict_keys(['example_sla_dag']) retrieved from /home/airflow/.local/lib/python3.7/site-packages/airflow/example_dags/example_sla_dag.py
[2023-01-15T01:44:15.592+0000] {logging_mixin.py:117} INFO - [2023-01-15T01:44:15.592+0000] {dag.py:2573} INFO - Sync 1 DAGs
[2023-01-15T01:44:15.630+0000] {logging_mixin.py:117} INFO - [2023-01-15T01:44:15.630+0000] {dag.py:3328} INFO - Setting next_dagrun for example_sla_dag to 2023-01-15T01:42:00+00:00, run_after=2023-01-15T01:44:00+00:00
[2023-01-15T01:44:15.669+0000] {processor.py:178} INFO - Processing /home/airflow/.local/lib/python3.7/site-packages/airflow/example_dags/example_sla_dag.py took 0.182 seconds
[2023-01-15T02:15:45.429+0000] {processor.py:156} INFO - Started process (PID=24215) to work on /home/airflow/.local/lib/python3.7/site-packages/airflow/example_dags/example_sla_dag.py
[2023-01-15T02:15:45.431+0000] {processor.py:758} INFO - Processing file /home/airflow/.local/lib/python3.7/site-packages/airflow/example_dags/example_sla_dag.py for tasks to queue
[2023-01-15T02:15:45.431+0000] {logging_mixin.py:117} INFO - [2023-01-15T02:15:45.431+0000] {dagbag.py:525} INFO - Filling up the DagBag from /home/airflow/.local/lib/python3.7/site-packages/airflow/example_dags/example_sla_dag.py
[2023-01-15T02:15:45.446+0000] {processor.py:768} INFO - DAG(s) dict_keys(['example_sla_dag']) retrieved from /home/airflow/.local/lib/python3.7/site-packages/airflow/example_dags/example_sla_dag.py
[2023-01-15T02:15:45.471+0000] {logging_mixin.py:117} INFO - [2023-01-15T02:15:45.471+0000] {dag.py:2573} INFO - Sync 1 DAGs
[2023-01-15T02:15:45.486+0000] {logging_mixin.py:117} INFO - [2023-01-15T02:15:45.486+0000] {dag.py:3328} INFO - Setting next_dagrun for example_sla_dag to 2023-01-15T02:12:00+00:00, run_after=2023-01-15T02:14:00+00:00
[2023-01-15T02:15:45.496+0000] {processor.py:178} INFO - Processing /home/airflow/.local/lib/python3.7/site-packages/airflow/example_dags/example_sla_dag.py took 0.069 seconds
[2023-01-15T02:16:16.132+0000] {processor.py:156} INFO - Started process (PID=24278) to work on /home/airflow/.local/lib/python3.7/site-packages/airflow/example_dags/example_sla_dag.py
[2023-01-15T02:16:16.133+0000] {processor.py:758} INFO - Processing file /home/airflow/.local/lib/python3.7/site-packages/airflow/example_dags/example_sla_dag.py for tasks to queue
[2023-01-15T02:16:16.134+0000] {logging_mixin.py:117} INFO - [2023-01-15T02:16:16.134+0000] {dagbag.py:525} INFO - Filling up the DagBag from /home/airflow/.local/lib/python3.7/site-packages/airflow/example_dags/example_sla_dag.py
[2023-01-15T02:16:16.149+0000] {processor.py:768} INFO - DAG(s) dict_keys(['example_sla_dag']) retrieved from /home/airflow/.local/lib/python3.7/site-packages/airflow/example_dags/example_sla_dag.py
[2023-01-15T02:16:16.175+0000] {logging_mixin.py:117} INFO - [2023-01-15T02:16:16.174+0000] {dag.py:2573} INFO - Sync 1 DAGs
[2023-01-15T02:16:16.190+0000] {logging_mixin.py:117} INFO - [2023-01-15T02:16:16.190+0000] {dag.py:3328} INFO - Setting next_dagrun for example_sla_dag to 2023-01-15T02:14:00+00:00, run_after=2023-01-15T02:16:00+00:00
[2023-01-15T02:16:16.200+0000] {processor.py:178} INFO - Processing /home/airflow/.local/lib/python3.7/site-packages/airflow/example_dags/example_sla_dag.py took 0.071 seconds
[2023-01-15T02:49:42.396+0000] {processor.py:156} INFO - Started process (PID=24341) to work on /home/airflow/.local/lib/python3.7/site-packages/airflow/example_dags/example_sla_dag.py
[2023-01-15T02:49:42.398+0000] {processor.py:758} INFO - Processing file /home/airflow/.local/lib/python3.7/site-packages/airflow/example_dags/example_sla_dag.py for tasks to queue
[2023-01-15T02:49:42.399+0000] {logging_mixin.py:117} INFO - [2023-01-15T02:49:42.399+0000] {dagbag.py:525} INFO - Filling up the DagBag from /home/airflow/.local/lib/python3.7/site-packages/airflow/example_dags/example_sla_dag.py
[2023-01-15T02:49:42.429+0000] {processor.py:768} INFO - DAG(s) dict_keys(['example_sla_dag']) retrieved from /home/airflow/.local/lib/python3.7/site-packages/airflow/example_dags/example_sla_dag.py
[2023-01-15T02:49:42.501+0000] {logging_mixin.py:117} INFO - [2023-01-15T02:49:42.501+0000] {dag.py:2573} INFO - Sync 1 DAGs
[2023-01-15T02:49:42.539+0000] {logging_mixin.py:117} INFO - [2023-01-15T02:49:42.539+0000] {dag.py:3328} INFO - Setting next_dagrun for example_sla_dag to 2023-01-15T02:46:00+00:00, run_after=2023-01-15T02:48:00+00:00
[2023-01-15T02:49:42.570+0000] {processor.py:178} INFO - Processing /home/airflow/.local/lib/python3.7/site-packages/airflow/example_dags/example_sla_dag.py took 0.177 seconds
[2023-01-15T04:11:00.856+0000] {processor.py:156} INFO - Started process (PID=24404) to work on /home/airflow/.local/lib/python3.7/site-packages/airflow/example_dags/example_sla_dag.py
[2023-01-15T04:11:00.857+0000] {processor.py:758} INFO - Processing file /home/airflow/.local/lib/python3.7/site-packages/airflow/example_dags/example_sla_dag.py for tasks to queue
[2023-01-15T04:11:00.858+0000] {logging_mixin.py:117} INFO - [2023-01-15T04:11:00.858+0000] {dagbag.py:525} INFO - Filling up the DagBag from /home/airflow/.local/lib/python3.7/site-packages/airflow/example_dags/example_sla_dag.py
[2023-01-15T04:11:00.891+0000] {processor.py:768} INFO - DAG(s) dict_keys(['example_sla_dag']) retrieved from /home/airflow/.local/lib/python3.7/site-packages/airflow/example_dags/example_sla_dag.py
[2023-01-15T04:11:00.944+0000] {logging_mixin.py:117} INFO - [2023-01-15T04:11:00.944+0000] {dag.py:2573} INFO - Sync 1 DAGs
[2023-01-15T04:11:00.973+0000] {logging_mixin.py:117} INFO - [2023-01-15T04:11:00.973+0000] {dag.py:3328} INFO - Setting next_dagrun for example_sla_dag to 2023-01-15T04:08:00+00:00, run_after=2023-01-15T04:10:00+00:00
[2023-01-15T04:11:00.993+0000] {processor.py:178} INFO - Processing /home/airflow/.local/lib/python3.7/site-packages/airflow/example_dags/example_sla_dag.py took 0.140 seconds
[2023-01-15T05:08:48.868+0000] {processor.py:156} INFO - Started process (PID=24468) to work on /home/airflow/.local/lib/python3.7/site-packages/airflow/example_dags/example_sla_dag.py
[2023-01-15T05:08:48.877+0000] {processor.py:758} INFO - Processing file /home/airflow/.local/lib/python3.7/site-packages/airflow/example_dags/example_sla_dag.py for tasks to queue
[2023-01-15T05:08:48.879+0000] {logging_mixin.py:117} INFO - [2023-01-15T05:08:48.879+0000] {dagbag.py:525} INFO - Filling up the DagBag from /home/airflow/.local/lib/python3.7/site-packages/airflow/example_dags/example_sla_dag.py
[2023-01-15T05:08:48.941+0000] {processor.py:768} INFO - DAG(s) dict_keys(['example_sla_dag']) retrieved from /home/airflow/.local/lib/python3.7/site-packages/airflow/example_dags/example_sla_dag.py
[2023-01-15T05:08:49.019+0000] {logging_mixin.py:117} INFO - [2023-01-15T05:08:49.018+0000] {dag.py:2573} INFO - Sync 1 DAGs
[2023-01-15T05:08:49.069+0000] {logging_mixin.py:117} INFO - [2023-01-15T05:08:49.061+0000] {dag.py:3328} INFO - Setting next_dagrun for example_sla_dag to 2023-01-15T05:06:00+00:00, run_after=2023-01-15T05:08:00+00:00
[2023-01-15T05:08:49.108+0000] {processor.py:178} INFO - Processing /home/airflow/.local/lib/python3.7/site-packages/airflow/example_dags/example_sla_dag.py took 0.243 seconds
[2023-01-15T06:14:16.703+0000] {processor.py:156} INFO - Started process (PID=24522) to work on /home/airflow/.local/lib/python3.7/site-packages/airflow/example_dags/example_sla_dag.py
[2023-01-15T06:14:16.705+0000] {processor.py:758} INFO - Processing file /home/airflow/.local/lib/python3.7/site-packages/airflow/example_dags/example_sla_dag.py for tasks to queue
[2023-01-15T06:14:16.707+0000] {logging_mixin.py:117} INFO - [2023-01-15T06:14:16.707+0000] {dagbag.py:525} INFO - Filling up the DagBag from /home/airflow/.local/lib/python3.7/site-packages/airflow/example_dags/example_sla_dag.py
[2023-01-15T06:14:16.742+0000] {processor.py:768} INFO - DAG(s) dict_keys(['example_sla_dag']) retrieved from /home/airflow/.local/lib/python3.7/site-packages/airflow/example_dags/example_sla_dag.py
[2023-01-15T06:14:16.784+0000] {logging_mixin.py:117} INFO - [2023-01-15T06:14:16.784+0000] {dag.py:2573} INFO - Sync 1 DAGs
[2023-01-15T06:14:16.810+0000] {logging_mixin.py:117} INFO - [2023-01-15T06:14:16.810+0000] {dag.py:3328} INFO - Setting next_dagrun for example_sla_dag to 2023-01-15T06:12:00+00:00, run_after=2023-01-15T06:14:00+00:00
[2023-01-15T06:14:17.263+0000] {processor.py:178} INFO - Processing /home/airflow/.local/lib/python3.7/site-packages/airflow/example_dags/example_sla_dag.py took 0.563 seconds
[2023-01-15T06:57:23.186+0000] {processor.py:156} INFO - Started process (PID=24585) to work on /home/airflow/.local/lib/python3.7/site-packages/airflow/example_dags/example_sla_dag.py
[2023-01-15T06:57:23.188+0000] {processor.py:758} INFO - Processing file /home/airflow/.local/lib/python3.7/site-packages/airflow/example_dags/example_sla_dag.py for tasks to queue
[2023-01-15T06:57:23.191+0000] {logging_mixin.py:117} INFO - [2023-01-15T06:57:23.191+0000] {dagbag.py:525} INFO - Filling up the DagBag from /home/airflow/.local/lib/python3.7/site-packages/airflow/example_dags/example_sla_dag.py
[2023-01-15T06:57:23.242+0000] {processor.py:768} INFO - DAG(s) dict_keys(['example_sla_dag']) retrieved from /home/airflow/.local/lib/python3.7/site-packages/airflow/example_dags/example_sla_dag.py
[2023-01-15T06:57:23.303+0000] {logging_mixin.py:117} INFO - [2023-01-15T06:57:23.303+0000] {dag.py:2573} INFO - Sync 1 DAGs
[2023-01-15T06:57:23.331+0000] {logging_mixin.py:117} INFO - [2023-01-15T06:57:23.331+0000] {dag.py:3328} INFO - Setting next_dagrun for example_sla_dag to 2023-01-15T06:54:00+00:00, run_after=2023-01-15T06:56:00+00:00
[2023-01-15T06:57:23.349+0000] {processor.py:178} INFO - Processing /home/airflow/.local/lib/python3.7/site-packages/airflow/example_dags/example_sla_dag.py took 0.167 seconds
[2023-01-15T08:03:14.659+0000] {processor.py:156} INFO - Started process (PID=24648) to work on /home/airflow/.local/lib/python3.7/site-packages/airflow/example_dags/example_sla_dag.py
[2023-01-15T08:03:14.661+0000] {processor.py:758} INFO - Processing file /home/airflow/.local/lib/python3.7/site-packages/airflow/example_dags/example_sla_dag.py for tasks to queue
[2023-01-15T08:03:14.662+0000] {logging_mixin.py:117} INFO - [2023-01-15T08:03:14.662+0000] {dagbag.py:525} INFO - Filling up the DagBag from /home/airflow/.local/lib/python3.7/site-packages/airflow/example_dags/example_sla_dag.py
[2023-01-15T08:03:14.706+0000] {processor.py:768} INFO - DAG(s) dict_keys(['example_sla_dag']) retrieved from /home/airflow/.local/lib/python3.7/site-packages/airflow/example_dags/example_sla_dag.py
[2023-01-15T08:03:14.753+0000] {logging_mixin.py:117} INFO - [2023-01-15T08:03:14.753+0000] {dag.py:2573} INFO - Sync 1 DAGs
[2023-01-15T08:03:14.780+0000] {logging_mixin.py:117} INFO - [2023-01-15T08:03:14.779+0000] {dag.py:3328} INFO - Setting next_dagrun for example_sla_dag to 2023-01-15T08:00:00+00:00, run_after=2023-01-15T08:02:00+00:00
[2023-01-15T08:03:14.818+0000] {processor.py:178} INFO - Processing /home/airflow/.local/lib/python3.7/site-packages/airflow/example_dags/example_sla_dag.py took 0.165 seconds
[2023-01-15T09:11:04.454+0000] {processor.py:156} INFO - Started process (PID=24712) to work on /home/airflow/.local/lib/python3.7/site-packages/airflow/example_dags/example_sla_dag.py
[2023-01-15T09:11:04.459+0000] {processor.py:758} INFO - Processing file /home/airflow/.local/lib/python3.7/site-packages/airflow/example_dags/example_sla_dag.py for tasks to queue
[2023-01-15T09:11:04.461+0000] {logging_mixin.py:117} INFO - [2023-01-15T09:11:04.461+0000] {dagbag.py:525} INFO - Filling up the DagBag from /home/airflow/.local/lib/python3.7/site-packages/airflow/example_dags/example_sla_dag.py
[2023-01-15T09:11:04.508+0000] {processor.py:768} INFO - DAG(s) dict_keys(['example_sla_dag']) retrieved from /home/airflow/.local/lib/python3.7/site-packages/airflow/example_dags/example_sla_dag.py
[2023-01-15T09:11:04.636+0000] {logging_mixin.py:117} INFO - [2023-01-15T09:11:04.635+0000] {dag.py:2573} INFO - Sync 1 DAGs
[2023-01-15T09:11:04.697+0000] {logging_mixin.py:117} INFO - [2023-01-15T09:11:04.697+0000] {dag.py:3328} INFO - Setting next_dagrun for example_sla_dag to 2023-01-15T09:08:00+00:00, run_after=2023-01-15T09:10:00+00:00
[2023-01-15T09:11:04.735+0000] {processor.py:178} INFO - Processing /home/airflow/.local/lib/python3.7/site-packages/airflow/example_dags/example_sla_dag.py took 0.284 seconds
[2023-01-15T09:32:51.689+0000] {processor.py:156} INFO - Started process (PID=24766) to work on /home/airflow/.local/lib/python3.7/site-packages/airflow/example_dags/example_sla_dag.py
[2023-01-15T09:32:51.690+0000] {processor.py:758} INFO - Processing file /home/airflow/.local/lib/python3.7/site-packages/airflow/example_dags/example_sla_dag.py for tasks to queue
[2023-01-15T09:32:51.691+0000] {logging_mixin.py:117} INFO - [2023-01-15T09:32:51.691+0000] {dagbag.py:525} INFO - Filling up the DagBag from /home/airflow/.local/lib/python3.7/site-packages/airflow/example_dags/example_sla_dag.py
[2023-01-15T09:32:51.713+0000] {processor.py:768} INFO - DAG(s) dict_keys(['example_sla_dag']) retrieved from /home/airflow/.local/lib/python3.7/site-packages/airflow/example_dags/example_sla_dag.py
[2023-01-15T09:32:51.764+0000] {logging_mixin.py:117} INFO - [2023-01-15T09:32:51.763+0000] {dag.py:2573} INFO - Sync 1 DAGs
[2023-01-15T09:32:51.793+0000] {logging_mixin.py:117} INFO - [2023-01-15T09:32:51.793+0000] {dag.py:3328} INFO - Setting next_dagrun for example_sla_dag to 2023-01-15T09:30:00+00:00, run_after=2023-01-15T09:32:00+00:00
[2023-01-15T09:32:51.810+0000] {processor.py:178} INFO - Processing /home/airflow/.local/lib/python3.7/site-packages/airflow/example_dags/example_sla_dag.py took 0.125 seconds
[2023-01-15T09:33:54.596+0000] {processor.py:156} INFO - Started process (PID=24829) to work on /home/airflow/.local/lib/python3.7/site-packages/airflow/example_dags/example_sla_dag.py
[2023-01-15T09:33:54.597+0000] {processor.py:758} INFO - Processing file /home/airflow/.local/lib/python3.7/site-packages/airflow/example_dags/example_sla_dag.py for tasks to queue
[2023-01-15T09:33:54.598+0000] {logging_mixin.py:117} INFO - [2023-01-15T09:33:54.598+0000] {dagbag.py:525} INFO - Filling up the DagBag from /home/airflow/.local/lib/python3.7/site-packages/airflow/example_dags/example_sla_dag.py
[2023-01-15T09:33:54.613+0000] {processor.py:768} INFO - DAG(s) dict_keys(['example_sla_dag']) retrieved from /home/airflow/.local/lib/python3.7/site-packages/airflow/example_dags/example_sla_dag.py
[2023-01-15T09:33:54.640+0000] {logging_mixin.py:117} INFO - [2023-01-15T09:33:54.639+0000] {dag.py:2573} INFO - Sync 1 DAGs
[2023-01-15T09:33:54.655+0000] {logging_mixin.py:117} INFO - [2023-01-15T09:33:54.655+0000] {dag.py:3328} INFO - Setting next_dagrun for example_sla_dag to 2023-01-15T09:30:00+00:00, run_after=2023-01-15T09:32:00+00:00
[2023-01-15T09:33:54.665+0000] {processor.py:178} INFO - Processing /home/airflow/.local/lib/python3.7/site-packages/airflow/example_dags/example_sla_dag.py took 0.072 seconds
[2023-01-15T09:43:28.005+0000] {processor.py:156} INFO - Started process (PID=24892) to work on /home/airflow/.local/lib/python3.7/site-packages/airflow/example_dags/example_sla_dag.py
[2023-01-15T09:43:28.008+0000] {processor.py:758} INFO - Processing file /home/airflow/.local/lib/python3.7/site-packages/airflow/example_dags/example_sla_dag.py for tasks to queue
[2023-01-15T09:43:28.010+0000] {logging_mixin.py:117} INFO - [2023-01-15T09:43:28.010+0000] {dagbag.py:525} INFO - Filling up the DagBag from /home/airflow/.local/lib/python3.7/site-packages/airflow/example_dags/example_sla_dag.py
[2023-01-15T09:43:28.083+0000] {processor.py:768} INFO - DAG(s) dict_keys(['example_sla_dag']) retrieved from /home/airflow/.local/lib/python3.7/site-packages/airflow/example_dags/example_sla_dag.py
[2023-01-15T09:43:28.182+0000] {logging_mixin.py:117} INFO - [2023-01-15T09:43:28.182+0000] {dag.py:2573} INFO - Sync 1 DAGs
[2023-01-15T09:43:28.233+0000] {logging_mixin.py:117} INFO - [2023-01-15T09:43:28.233+0000] {dag.py:3328} INFO - Setting next_dagrun for example_sla_dag to 2023-01-15T09:40:00+00:00, run_after=2023-01-15T09:42:00+00:00
[2023-01-15T09:43:28.268+0000] {processor.py:178} INFO - Processing /home/airflow/.local/lib/python3.7/site-packages/airflow/example_dags/example_sla_dag.py took 0.272 seconds
[2023-01-15T11:04:07.603+0000] {processor.py:156} INFO - Started process (PID=24954) to work on /home/airflow/.local/lib/python3.7/site-packages/airflow/example_dags/example_sla_dag.py
[2023-01-15T11:04:07.605+0000] {processor.py:758} INFO - Processing file /home/airflow/.local/lib/python3.7/site-packages/airflow/example_dags/example_sla_dag.py for tasks to queue
[2023-01-15T11:04:07.607+0000] {logging_mixin.py:117} INFO - [2023-01-15T11:04:07.607+0000] {dagbag.py:525} INFO - Filling up the DagBag from /home/airflow/.local/lib/python3.7/site-packages/airflow/example_dags/example_sla_dag.py
[2023-01-15T11:04:07.639+0000] {processor.py:768} INFO - DAG(s) dict_keys(['example_sla_dag']) retrieved from /home/airflow/.local/lib/python3.7/site-packages/airflow/example_dags/example_sla_dag.py
[2023-01-15T11:04:07.724+0000] {logging_mixin.py:117} INFO - [2023-01-15T11:04:07.724+0000] {dag.py:2573} INFO - Sync 1 DAGs
[2023-01-15T11:04:07.759+0000] {logging_mixin.py:117} INFO - [2023-01-15T11:04:07.758+0000] {dag.py:3328} INFO - Setting next_dagrun for example_sla_dag to 2023-01-15T11:02:00+00:00, run_after=2023-01-15T11:04:00+00:00
[2023-01-15T11:04:07.788+0000] {processor.py:178} INFO - Processing /home/airflow/.local/lib/python3.7/site-packages/airflow/example_dags/example_sla_dag.py took 0.187 seconds
[2023-01-15T12:04:14.624+0000] {processor.py:156} INFO - Started process (PID=25009) to work on /home/airflow/.local/lib/python3.7/site-packages/airflow/example_dags/example_sla_dag.py
[2023-01-15T12:04:14.626+0000] {processor.py:758} INFO - Processing file /home/airflow/.local/lib/python3.7/site-packages/airflow/example_dags/example_sla_dag.py for tasks to queue
[2023-01-15T12:04:14.627+0000] {logging_mixin.py:117} INFO - [2023-01-15T12:04:14.627+0000] {dagbag.py:525} INFO - Filling up the DagBag from /home/airflow/.local/lib/python3.7/site-packages/airflow/example_dags/example_sla_dag.py
[2023-01-15T12:04:14.647+0000] {processor.py:768} INFO - DAG(s) dict_keys(['example_sla_dag']) retrieved from /home/airflow/.local/lib/python3.7/site-packages/airflow/example_dags/example_sla_dag.py
[2023-01-15T12:04:14.712+0000] {logging_mixin.py:117} INFO - [2023-01-15T12:04:14.712+0000] {dag.py:2573} INFO - Sync 1 DAGs
[2023-01-15T12:04:14.744+0000] {logging_mixin.py:117} INFO - [2023-01-15T12:04:14.744+0000] {dag.py:3328} INFO - Setting next_dagrun for example_sla_dag to 2023-01-15T12:02:00+00:00, run_after=2023-01-15T12:04:00+00:00
[2023-01-15T12:04:14.794+0000] {processor.py:178} INFO - Processing /home/airflow/.local/lib/python3.7/site-packages/airflow/example_dags/example_sla_dag.py took 0.173 seconds
[2023-01-15T12:42:36.199+0000] {processor.py:156} INFO - Started process (PID=25072) to work on /home/airflow/.local/lib/python3.7/site-packages/airflow/example_dags/example_sla_dag.py
[2023-01-15T12:42:36.201+0000] {processor.py:758} INFO - Processing file /home/airflow/.local/lib/python3.7/site-packages/airflow/example_dags/example_sla_dag.py for tasks to queue
[2023-01-15T12:42:36.202+0000] {logging_mixin.py:117} INFO - [2023-01-15T12:42:36.202+0000] {dagbag.py:525} INFO - Filling up the DagBag from /home/airflow/.local/lib/python3.7/site-packages/airflow/example_dags/example_sla_dag.py
[2023-01-15T12:42:36.233+0000] {processor.py:768} INFO - DAG(s) dict_keys(['example_sla_dag']) retrieved from /home/airflow/.local/lib/python3.7/site-packages/airflow/example_dags/example_sla_dag.py
[2023-01-15T12:42:36.283+0000] {logging_mixin.py:117} INFO - [2023-01-15T12:42:36.282+0000] {dag.py:2573} INFO - Sync 1 DAGs
[2023-01-15T12:42:36.318+0000] {logging_mixin.py:117} INFO - [2023-01-15T12:42:36.317+0000] {dag.py:3328} INFO - Setting next_dagrun for example_sla_dag to 2023-01-15T12:40:00+00:00, run_after=2023-01-15T12:42:00+00:00
[2023-01-15T12:42:36.339+0000] {processor.py:178} INFO - Processing /home/airflow/.local/lib/python3.7/site-packages/airflow/example_dags/example_sla_dag.py took 0.144 seconds
[2023-01-15T13:21:54.562+0000] {processor.py:156} INFO - Started process (PID=25135) to work on /home/airflow/.local/lib/python3.7/site-packages/airflow/example_dags/example_sla_dag.py
[2023-01-15T13:21:54.564+0000] {processor.py:758} INFO - Processing file /home/airflow/.local/lib/python3.7/site-packages/airflow/example_dags/example_sla_dag.py for tasks to queue
[2023-01-15T13:21:54.564+0000] {logging_mixin.py:117} INFO - [2023-01-15T13:21:54.564+0000] {dagbag.py:525} INFO - Filling up the DagBag from /home/airflow/.local/lib/python3.7/site-packages/airflow/example_dags/example_sla_dag.py
[2023-01-15T13:21:54.579+0000] {processor.py:768} INFO - DAG(s) dict_keys(['example_sla_dag']) retrieved from /home/airflow/.local/lib/python3.7/site-packages/airflow/example_dags/example_sla_dag.py
[2023-01-15T13:21:54.604+0000] {logging_mixin.py:117} INFO - [2023-01-15T13:21:54.604+0000] {dag.py:2573} INFO - Sync 1 DAGs
[2023-01-15T13:21:54.619+0000] {logging_mixin.py:117} INFO - [2023-01-15T13:21:54.619+0000] {dag.py:3328} INFO - Setting next_dagrun for example_sla_dag to 2023-01-15T13:18:00+00:00, run_after=2023-01-15T13:20:00+00:00
[2023-01-15T13:21:54.628+0000] {processor.py:178} INFO - Processing /home/airflow/.local/lib/python3.7/site-packages/airflow/example_dags/example_sla_dag.py took 0.068 seconds
[2023-01-15T13:38:27.176+0000] {processor.py:156} INFO - Started process (PID=25189) to work on /home/airflow/.local/lib/python3.7/site-packages/airflow/example_dags/example_sla_dag.py
[2023-01-15T13:38:27.181+0000] {processor.py:758} INFO - Processing file /home/airflow/.local/lib/python3.7/site-packages/airflow/example_dags/example_sla_dag.py for tasks to queue
[2023-01-15T13:38:27.183+0000] {logging_mixin.py:117} INFO - [2023-01-15T13:38:27.183+0000] {dagbag.py:525} INFO - Filling up the DagBag from /home/airflow/.local/lib/python3.7/site-packages/airflow/example_dags/example_sla_dag.py
[2023-01-15T13:38:27.256+0000] {processor.py:768} INFO - DAG(s) dict_keys(['example_sla_dag']) retrieved from /home/airflow/.local/lib/python3.7/site-packages/airflow/example_dags/example_sla_dag.py
[2023-01-15T13:38:27.331+0000] {logging_mixin.py:117} INFO - [2023-01-15T13:38:27.331+0000] {dag.py:2573} INFO - Sync 1 DAGs
[2023-01-15T13:38:27.370+0000] {logging_mixin.py:117} INFO - [2023-01-15T13:38:27.370+0000] {dag.py:3328} INFO - Setting next_dagrun for example_sla_dag to 2023-01-15T13:36:00+00:00, run_after=2023-01-15T13:38:00+00:00
[2023-01-15T13:38:27.405+0000] {processor.py:178} INFO - Processing /home/airflow/.local/lib/python3.7/site-packages/airflow/example_dags/example_sla_dag.py took 0.236 seconds
[2023-01-15T13:38:57.996+0000] {processor.py:156} INFO - Started process (PID=25252) to work on /home/airflow/.local/lib/python3.7/site-packages/airflow/example_dags/example_sla_dag.py
[2023-01-15T13:38:57.997+0000] {processor.py:758} INFO - Processing file /home/airflow/.local/lib/python3.7/site-packages/airflow/example_dags/example_sla_dag.py for tasks to queue
[2023-01-15T13:38:57.998+0000] {logging_mixin.py:117} INFO - [2023-01-15T13:38:57.998+0000] {dagbag.py:525} INFO - Filling up the DagBag from /home/airflow/.local/lib/python3.7/site-packages/airflow/example_dags/example_sla_dag.py
[2023-01-15T13:38:58.014+0000] {processor.py:768} INFO - DAG(s) dict_keys(['example_sla_dag']) retrieved from /home/airflow/.local/lib/python3.7/site-packages/airflow/example_dags/example_sla_dag.py
[2023-01-15T13:38:58.040+0000] {logging_mixin.py:117} INFO - [2023-01-15T13:38:58.040+0000] {dag.py:2573} INFO - Sync 1 DAGs
[2023-01-15T13:38:58.056+0000] {logging_mixin.py:117} INFO - [2023-01-15T13:38:58.056+0000] {dag.py:3328} INFO - Setting next_dagrun for example_sla_dag to 2023-01-15T13:36:00+00:00, run_after=2023-01-15T13:38:00+00:00
[2023-01-15T13:38:58.066+0000] {processor.py:178} INFO - Processing /home/airflow/.local/lib/python3.7/site-packages/airflow/example_dags/example_sla_dag.py took 0.073 seconds
[2023-01-15T13:39:28.443+0000] {processor.py:156} INFO - Started process (PID=25315) to work on /home/airflow/.local/lib/python3.7/site-packages/airflow/example_dags/example_sla_dag.py
[2023-01-15T13:39:28.444+0000] {processor.py:758} INFO - Processing file /home/airflow/.local/lib/python3.7/site-packages/airflow/example_dags/example_sla_dag.py for tasks to queue
[2023-01-15T13:39:28.445+0000] {logging_mixin.py:117} INFO - [2023-01-15T13:39:28.445+0000] {dagbag.py:525} INFO - Filling up the DagBag from /home/airflow/.local/lib/python3.7/site-packages/airflow/example_dags/example_sla_dag.py
[2023-01-15T13:39:28.461+0000] {processor.py:768} INFO - DAG(s) dict_keys(['example_sla_dag']) retrieved from /home/airflow/.local/lib/python3.7/site-packages/airflow/example_dags/example_sla_dag.py
[2023-01-15T13:39:28.487+0000] {logging_mixin.py:117} INFO - [2023-01-15T13:39:28.487+0000] {dag.py:2573} INFO - Sync 1 DAGs
[2023-01-15T13:39:28.502+0000] {logging_mixin.py:117} INFO - [2023-01-15T13:39:28.502+0000] {dag.py:3328} INFO - Setting next_dagrun for example_sla_dag to 2023-01-15T13:36:00+00:00, run_after=2023-01-15T13:38:00+00:00
[2023-01-15T13:39:28.512+0000] {processor.py:178} INFO - Processing /home/airflow/.local/lib/python3.7/site-packages/airflow/example_dags/example_sla_dag.py took 0.072 seconds
[2023-01-15T13:39:58.753+0000] {processor.py:156} INFO - Started process (PID=25377) to work on /home/airflow/.local/lib/python3.7/site-packages/airflow/example_dags/example_sla_dag.py
[2023-01-15T13:39:58.755+0000] {processor.py:758} INFO - Processing file /home/airflow/.local/lib/python3.7/site-packages/airflow/example_dags/example_sla_dag.py for tasks to queue
[2023-01-15T13:39:58.760+0000] {logging_mixin.py:117} INFO - [2023-01-15T13:39:58.760+0000] {dagbag.py:525} INFO - Filling up the DagBag from /home/airflow/.local/lib/python3.7/site-packages/airflow/example_dags/example_sla_dag.py
[2023-01-15T13:39:58.781+0000] {processor.py:768} INFO - DAG(s) dict_keys(['example_sla_dag']) retrieved from /home/airflow/.local/lib/python3.7/site-packages/airflow/example_dags/example_sla_dag.py
[2023-01-15T13:39:58.814+0000] {logging_mixin.py:117} INFO - [2023-01-15T13:39:58.814+0000] {dag.py:2573} INFO - Sync 1 DAGs
[2023-01-15T13:39:58.836+0000] {logging_mixin.py:117} INFO - [2023-01-15T13:39:58.836+0000] {dag.py:3328} INFO - Setting next_dagrun for example_sla_dag to 2023-01-15T13:36:00+00:00, run_after=2023-01-15T13:38:00+00:00
[2023-01-15T13:39:58.850+0000] {processor.py:178} INFO - Processing /home/airflow/.local/lib/python3.7/site-packages/airflow/example_dags/example_sla_dag.py took 0.101 seconds
[2023-01-15T13:40:29.355+0000] {processor.py:156} INFO - Started process (PID=25441) to work on /home/airflow/.local/lib/python3.7/site-packages/airflow/example_dags/example_sla_dag.py
[2023-01-15T13:40:29.357+0000] {processor.py:758} INFO - Processing file /home/airflow/.local/lib/python3.7/site-packages/airflow/example_dags/example_sla_dag.py for tasks to queue
[2023-01-15T13:40:29.357+0000] {logging_mixin.py:117} INFO - [2023-01-15T13:40:29.357+0000] {dagbag.py:525} INFO - Filling up the DagBag from /home/airflow/.local/lib/python3.7/site-packages/airflow/example_dags/example_sla_dag.py
[2023-01-15T13:40:29.372+0000] {processor.py:768} INFO - DAG(s) dict_keys(['example_sla_dag']) retrieved from /home/airflow/.local/lib/python3.7/site-packages/airflow/example_dags/example_sla_dag.py
[2023-01-15T13:40:29.397+0000] {logging_mixin.py:117} INFO - [2023-01-15T13:40:29.397+0000] {dag.py:2573} INFO - Sync 1 DAGs
[2023-01-15T13:40:29.412+0000] {logging_mixin.py:117} INFO - [2023-01-15T13:40:29.411+0000] {dag.py:3328} INFO - Setting next_dagrun for example_sla_dag to 2023-01-15T13:38:00+00:00, run_after=2023-01-15T13:40:00+00:00
[2023-01-15T13:40:29.421+0000] {processor.py:178} INFO - Processing /home/airflow/.local/lib/python3.7/site-packages/airflow/example_dags/example_sla_dag.py took 0.068 seconds
[2023-01-15T13:40:59.805+0000] {processor.py:156} INFO - Started process (PID=25504) to work on /home/airflow/.local/lib/python3.7/site-packages/airflow/example_dags/example_sla_dag.py
[2023-01-15T13:40:59.806+0000] {processor.py:758} INFO - Processing file /home/airflow/.local/lib/python3.7/site-packages/airflow/example_dags/example_sla_dag.py for tasks to queue
[2023-01-15T13:40:59.807+0000] {logging_mixin.py:117} INFO - [2023-01-15T13:40:59.807+0000] {dagbag.py:525} INFO - Filling up the DagBag from /home/airflow/.local/lib/python3.7/site-packages/airflow/example_dags/example_sla_dag.py
[2023-01-15T13:40:59.822+0000] {processor.py:768} INFO - DAG(s) dict_keys(['example_sla_dag']) retrieved from /home/airflow/.local/lib/python3.7/site-packages/airflow/example_dags/example_sla_dag.py
[2023-01-15T13:40:59.848+0000] {logging_mixin.py:117} INFO - [2023-01-15T13:40:59.847+0000] {dag.py:2573} INFO - Sync 1 DAGs
[2023-01-15T13:40:59.862+0000] {logging_mixin.py:117} INFO - [2023-01-15T13:40:59.862+0000] {dag.py:3328} INFO - Setting next_dagrun for example_sla_dag to 2023-01-15T13:38:00+00:00, run_after=2023-01-15T13:40:00+00:00
[2023-01-15T13:40:59.873+0000] {processor.py:178} INFO - Processing /home/airflow/.local/lib/python3.7/site-packages/airflow/example_dags/example_sla_dag.py took 0.071 seconds
[2023-01-15T13:41:30.028+0000] {processor.py:156} INFO - Started process (PID=25557) to work on /home/airflow/.local/lib/python3.7/site-packages/airflow/example_dags/example_sla_dag.py
[2023-01-15T13:41:30.029+0000] {processor.py:758} INFO - Processing file /home/airflow/.local/lib/python3.7/site-packages/airflow/example_dags/example_sla_dag.py for tasks to queue
[2023-01-15T13:41:30.030+0000] {logging_mixin.py:117} INFO - [2023-01-15T13:41:30.029+0000] {dagbag.py:525} INFO - Filling up the DagBag from /home/airflow/.local/lib/python3.7/site-packages/airflow/example_dags/example_sla_dag.py
[2023-01-15T13:41:30.043+0000] {processor.py:768} INFO - DAG(s) dict_keys(['example_sla_dag']) retrieved from /home/airflow/.local/lib/python3.7/site-packages/airflow/example_dags/example_sla_dag.py
[2023-01-15T13:41:30.072+0000] {logging_mixin.py:117} INFO - [2023-01-15T13:41:30.072+0000] {dag.py:2573} INFO - Sync 1 DAGs
[2023-01-15T13:41:30.088+0000] {logging_mixin.py:117} INFO - [2023-01-15T13:41:30.088+0000] {dag.py:3328} INFO - Setting next_dagrun for example_sla_dag to 2023-01-15T13:38:00+00:00, run_after=2023-01-15T13:40:00+00:00
[2023-01-15T13:41:30.100+0000] {processor.py:178} INFO - Processing /home/airflow/.local/lib/python3.7/site-packages/airflow/example_dags/example_sla_dag.py took 0.075 seconds
[2023-01-15T13:42:00.438+0000] {processor.py:156} INFO - Started process (PID=25621) to work on /home/airflow/.local/lib/python3.7/site-packages/airflow/example_dags/example_sla_dag.py
[2023-01-15T13:42:00.439+0000] {processor.py:758} INFO - Processing file /home/airflow/.local/lib/python3.7/site-packages/airflow/example_dags/example_sla_dag.py for tasks to queue
[2023-01-15T13:42:00.440+0000] {logging_mixin.py:117} INFO - [2023-01-15T13:42:00.440+0000] {dagbag.py:525} INFO - Filling up the DagBag from /home/airflow/.local/lib/python3.7/site-packages/airflow/example_dags/example_sla_dag.py
[2023-01-15T13:42:00.454+0000] {processor.py:768} INFO - DAG(s) dict_keys(['example_sla_dag']) retrieved from /home/airflow/.local/lib/python3.7/site-packages/airflow/example_dags/example_sla_dag.py
[2023-01-15T13:42:00.479+0000] {logging_mixin.py:117} INFO - [2023-01-15T13:42:00.479+0000] {dag.py:2573} INFO - Sync 1 DAGs
[2023-01-15T13:42:00.494+0000] {logging_mixin.py:117} INFO - [2023-01-15T13:42:00.494+0000] {dag.py:3328} INFO - Setting next_dagrun for example_sla_dag to 2023-01-15T13:40:00+00:00, run_after=2023-01-15T13:42:00+00:00
[2023-01-15T13:42:00.503+0000] {processor.py:178} INFO - Processing /home/airflow/.local/lib/python3.7/site-packages/airflow/example_dags/example_sla_dag.py took 0.068 seconds
[2023-01-15T13:58:04.356+0000] {processor.py:156} INFO - Started process (PID=25685) to work on /home/airflow/.local/lib/python3.7/site-packages/airflow/example_dags/example_sla_dag.py
[2023-01-15T13:58:04.359+0000] {processor.py:758} INFO - Processing file /home/airflow/.local/lib/python3.7/site-packages/airflow/example_dags/example_sla_dag.py for tasks to queue
[2023-01-15T13:58:04.360+0000] {logging_mixin.py:117} INFO - [2023-01-15T13:58:04.360+0000] {dagbag.py:525} INFO - Filling up the DagBag from /home/airflow/.local/lib/python3.7/site-packages/airflow/example_dags/example_sla_dag.py
[2023-01-15T13:58:04.383+0000] {processor.py:768} INFO - DAG(s) dict_keys(['example_sla_dag']) retrieved from /home/airflow/.local/lib/python3.7/site-packages/airflow/example_dags/example_sla_dag.py
[2023-01-15T13:58:04.422+0000] {logging_mixin.py:117} INFO - [2023-01-15T13:58:04.421+0000] {dag.py:2573} INFO - Sync 1 DAGs
[2023-01-15T13:58:04.441+0000] {logging_mixin.py:117} INFO - [2023-01-15T13:58:04.441+0000] {dag.py:3328} INFO - Setting next_dagrun for example_sla_dag to 2023-01-15T13:56:00+00:00, run_after=2023-01-15T13:58:00+00:00
[2023-01-15T13:58:04.474+0000] {processor.py:178} INFO - Processing /home/airflow/.local/lib/python3.7/site-packages/airflow/example_dags/example_sla_dag.py took 0.120 seconds
[2023-01-15T14:09:06.818+0000] {processor.py:156} INFO - Started process (PID=25748) to work on /home/airflow/.local/lib/python3.7/site-packages/airflow/example_dags/example_sla_dag.py
[2023-01-15T14:09:06.819+0000] {processor.py:758} INFO - Processing file /home/airflow/.local/lib/python3.7/site-packages/airflow/example_dags/example_sla_dag.py for tasks to queue
[2023-01-15T14:09:06.820+0000] {logging_mixin.py:117} INFO - [2023-01-15T14:09:06.820+0000] {dagbag.py:525} INFO - Filling up the DagBag from /home/airflow/.local/lib/python3.7/site-packages/airflow/example_dags/example_sla_dag.py
[2023-01-15T14:09:06.850+0000] {processor.py:768} INFO - DAG(s) dict_keys(['example_sla_dag']) retrieved from /home/airflow/.local/lib/python3.7/site-packages/airflow/example_dags/example_sla_dag.py
[2023-01-15T14:09:06.897+0000] {logging_mixin.py:117} INFO - [2023-01-15T14:09:06.897+0000] {dag.py:2573} INFO - Sync 1 DAGs
[2023-01-15T14:09:06.936+0000] {logging_mixin.py:117} INFO - [2023-01-15T14:09:06.936+0000] {dag.py:3328} INFO - Setting next_dagrun for example_sla_dag to 2023-01-15T14:06:00+00:00, run_after=2023-01-15T14:08:00+00:00
[2023-01-15T14:09:06.955+0000] {processor.py:178} INFO - Processing /home/airflow/.local/lib/python3.7/site-packages/airflow/example_dags/example_sla_dag.py took 0.141 seconds
[2023-01-15T14:09:37.788+0000] {processor.py:156} INFO - Started process (PID=25811) to work on /home/airflow/.local/lib/python3.7/site-packages/airflow/example_dags/example_sla_dag.py
[2023-01-15T14:09:37.789+0000] {processor.py:758} INFO - Processing file /home/airflow/.local/lib/python3.7/site-packages/airflow/example_dags/example_sla_dag.py for tasks to queue
[2023-01-15T14:09:37.790+0000] {logging_mixin.py:117} INFO - [2023-01-15T14:09:37.790+0000] {dagbag.py:525} INFO - Filling up the DagBag from /home/airflow/.local/lib/python3.7/site-packages/airflow/example_dags/example_sla_dag.py
[2023-01-15T14:09:37.809+0000] {processor.py:768} INFO - DAG(s) dict_keys(['example_sla_dag']) retrieved from /home/airflow/.local/lib/python3.7/site-packages/airflow/example_dags/example_sla_dag.py
[2023-01-15T14:09:37.838+0000] {logging_mixin.py:117} INFO - [2023-01-15T14:09:37.838+0000] {dag.py:2573} INFO - Sync 1 DAGs
[2023-01-15T14:09:37.856+0000] {logging_mixin.py:117} INFO - [2023-01-15T14:09:37.856+0000] {dag.py:3328} INFO - Setting next_dagrun for example_sla_dag to 2023-01-15T14:06:00+00:00, run_after=2023-01-15T14:08:00+00:00
[2023-01-15T14:09:37.868+0000] {processor.py:178} INFO - Processing /home/airflow/.local/lib/python3.7/site-packages/airflow/example_dags/example_sla_dag.py took 0.083 seconds
[2023-01-15T14:59:11.303+0000] {processor.py:156} INFO - Started process (PID=25866) to work on /home/airflow/.local/lib/python3.7/site-packages/airflow/example_dags/example_sla_dag.py
[2023-01-15T14:59:11.314+0000] {processor.py:758} INFO - Processing file /home/airflow/.local/lib/python3.7/site-packages/airflow/example_dags/example_sla_dag.py for tasks to queue
[2023-01-15T14:59:11.315+0000] {logging_mixin.py:117} INFO - [2023-01-15T14:59:11.315+0000] {dagbag.py:525} INFO - Filling up the DagBag from /home/airflow/.local/lib/python3.7/site-packages/airflow/example_dags/example_sla_dag.py
[2023-01-15T14:59:11.366+0000] {processor.py:768} INFO - DAG(s) dict_keys(['example_sla_dag']) retrieved from /home/airflow/.local/lib/python3.7/site-packages/airflow/example_dags/example_sla_dag.py
[2023-01-15T14:59:11.441+0000] {logging_mixin.py:117} INFO - [2023-01-15T14:59:11.441+0000] {dag.py:2573} INFO - Sync 1 DAGs
[2023-01-15T14:59:11.473+0000] {logging_mixin.py:117} INFO - [2023-01-15T14:59:11.473+0000] {dag.py:3328} INFO - Setting next_dagrun for example_sla_dag to 2023-01-15T14:56:00+00:00, run_after=2023-01-15T14:58:00+00:00
[2023-01-15T14:59:11.506+0000] {processor.py:178} INFO - Processing /home/airflow/.local/lib/python3.7/site-packages/airflow/example_dags/example_sla_dag.py took 0.208 seconds
[2023-01-15T16:21:34.476+0000] {processor.py:156} INFO - Started process (PID=25929) to work on /home/airflow/.local/lib/python3.7/site-packages/airflow/example_dags/example_sla_dag.py
[2023-01-15T16:21:34.477+0000] {processor.py:758} INFO - Processing file /home/airflow/.local/lib/python3.7/site-packages/airflow/example_dags/example_sla_dag.py for tasks to queue
[2023-01-15T16:21:34.478+0000] {logging_mixin.py:117} INFO - [2023-01-15T16:21:34.478+0000] {dagbag.py:525} INFO - Filling up the DagBag from /home/airflow/.local/lib/python3.7/site-packages/airflow/example_dags/example_sla_dag.py
[2023-01-15T16:21:34.497+0000] {processor.py:768} INFO - DAG(s) dict_keys(['example_sla_dag']) retrieved from /home/airflow/.local/lib/python3.7/site-packages/airflow/example_dags/example_sla_dag.py
[2023-01-15T16:21:34.536+0000] {logging_mixin.py:117} INFO - [2023-01-15T16:21:34.536+0000] {dag.py:2573} INFO - Sync 1 DAGs
[2023-01-15T16:21:34.557+0000] {logging_mixin.py:117} INFO - [2023-01-15T16:21:34.557+0000] {dag.py:3328} INFO - Setting next_dagrun for example_sla_dag to 2023-01-15T16:18:00+00:00, run_after=2023-01-15T16:20:00+00:00
[2023-01-15T16:21:34.572+0000] {processor.py:178} INFO - Processing /home/airflow/.local/lib/python3.7/site-packages/airflow/example_dags/example_sla_dag.py took 0.100 seconds
[2023-01-15T17:27:02.166+0000] {processor.py:156} INFO - Started process (PID=25992) to work on /home/airflow/.local/lib/python3.7/site-packages/airflow/example_dags/example_sla_dag.py
[2023-01-15T17:27:02.170+0000] {processor.py:758} INFO - Processing file /home/airflow/.local/lib/python3.7/site-packages/airflow/example_dags/example_sla_dag.py for tasks to queue
[2023-01-15T17:27:02.170+0000] {logging_mixin.py:117} INFO - [2023-01-15T17:27:02.170+0000] {dagbag.py:525} INFO - Filling up the DagBag from /home/airflow/.local/lib/python3.7/site-packages/airflow/example_dags/example_sla_dag.py
[2023-01-15T17:27:02.196+0000] {processor.py:768} INFO - DAG(s) dict_keys(['example_sla_dag']) retrieved from /home/airflow/.local/lib/python3.7/site-packages/airflow/example_dags/example_sla_dag.py
[2023-01-15T17:27:02.241+0000] {logging_mixin.py:117} INFO - [2023-01-15T17:27:02.241+0000] {dag.py:2573} INFO - Sync 1 DAGs
[2023-01-15T17:27:02.270+0000] {logging_mixin.py:117} INFO - [2023-01-15T17:27:02.270+0000] {dag.py:3328} INFO - Setting next_dagrun for example_sla_dag to 2023-01-15T17:24:00+00:00, run_after=2023-01-15T17:26:00+00:00
[2023-01-15T17:27:02.298+0000] {processor.py:178} INFO - Processing /home/airflow/.local/lib/python3.7/site-packages/airflow/example_dags/example_sla_dag.py took 0.136 seconds
[2023-01-15T18:23:34.599+0000] {processor.py:156} INFO - Started process (PID=26055) to work on /home/airflow/.local/lib/python3.7/site-packages/airflow/example_dags/example_sla_dag.py
[2023-01-15T18:23:34.603+0000] {processor.py:758} INFO - Processing file /home/airflow/.local/lib/python3.7/site-packages/airflow/example_dags/example_sla_dag.py for tasks to queue
[2023-01-15T18:23:34.606+0000] {logging_mixin.py:117} INFO - [2023-01-15T18:23:34.606+0000] {dagbag.py:525} INFO - Filling up the DagBag from /home/airflow/.local/lib/python3.7/site-packages/airflow/example_dags/example_sla_dag.py
[2023-01-15T18:23:34.656+0000] {processor.py:768} INFO - DAG(s) dict_keys(['example_sla_dag']) retrieved from /home/airflow/.local/lib/python3.7/site-packages/airflow/example_dags/example_sla_dag.py
[2023-01-15T18:23:34.800+0000] {logging_mixin.py:117} INFO - [2023-01-15T18:23:34.800+0000] {dag.py:2573} INFO - Sync 1 DAGs
[2023-01-15T18:23:34.852+0000] {logging_mixin.py:117} INFO - [2023-01-15T18:23:34.851+0000] {dag.py:3328} INFO - Setting next_dagrun for example_sla_dag to 2023-01-15T18:20:00+00:00, run_after=2023-01-15T18:22:00+00:00
[2023-01-15T18:23:34.884+0000] {processor.py:178} INFO - Processing /home/airflow/.local/lib/python3.7/site-packages/airflow/example_dags/example_sla_dag.py took 0.290 seconds
[2023-01-15T19:46:52.528+0000] {processor.py:156} INFO - Started process (PID=26109) to work on /home/airflow/.local/lib/python3.7/site-packages/airflow/example_dags/example_sla_dag.py
[2023-01-15T19:46:52.533+0000] {processor.py:758} INFO - Processing file /home/airflow/.local/lib/python3.7/site-packages/airflow/example_dags/example_sla_dag.py for tasks to queue
[2023-01-15T19:46:52.535+0000] {logging_mixin.py:117} INFO - [2023-01-15T19:46:52.535+0000] {dagbag.py:525} INFO - Filling up the DagBag from /home/airflow/.local/lib/python3.7/site-packages/airflow/example_dags/example_sla_dag.py
[2023-01-15T19:46:52.589+0000] {processor.py:768} INFO - DAG(s) dict_keys(['example_sla_dag']) retrieved from /home/airflow/.local/lib/python3.7/site-packages/airflow/example_dags/example_sla_dag.py
[2023-01-15T19:46:52.660+0000] {logging_mixin.py:117} INFO - [2023-01-15T19:46:52.660+0000] {dag.py:2573} INFO - Sync 1 DAGs
[2023-01-15T19:46:52.698+0000] {logging_mixin.py:117} INFO - [2023-01-15T19:46:52.698+0000] {dag.py:3328} INFO - Setting next_dagrun for example_sla_dag to 2023-01-15T19:44:00+00:00, run_after=2023-01-15T19:46:00+00:00
[2023-01-15T19:46:52.736+0000] {processor.py:178} INFO - Processing /home/airflow/.local/lib/python3.7/site-packages/airflow/example_dags/example_sla_dag.py took 0.214 seconds
[2023-01-15T20:53:27.162+0000] {processor.py:156} INFO - Started process (PID=26171) to work on /home/airflow/.local/lib/python3.7/site-packages/airflow/example_dags/example_sla_dag.py
[2023-01-15T20:53:27.164+0000] {processor.py:758} INFO - Processing file /home/airflow/.local/lib/python3.7/site-packages/airflow/example_dags/example_sla_dag.py for tasks to queue
[2023-01-15T20:53:27.166+0000] {logging_mixin.py:117} INFO - [2023-01-15T20:53:27.166+0000] {dagbag.py:525} INFO - Filling up the DagBag from /home/airflow/.local/lib/python3.7/site-packages/airflow/example_dags/example_sla_dag.py
[2023-01-15T20:53:27.216+0000] {processor.py:768} INFO - DAG(s) dict_keys(['example_sla_dag']) retrieved from /home/airflow/.local/lib/python3.7/site-packages/airflow/example_dags/example_sla_dag.py
[2023-01-15T20:53:27.271+0000] {logging_mixin.py:117} INFO - [2023-01-15T20:53:27.270+0000] {dag.py:2573} INFO - Sync 1 DAGs
[2023-01-15T20:53:27.295+0000] {logging_mixin.py:117} INFO - [2023-01-15T20:53:27.295+0000] {dag.py:3328} INFO - Setting next_dagrun for example_sla_dag to 2023-01-15T20:50:00+00:00, run_after=2023-01-15T20:52:00+00:00
[2023-01-15T20:53:27.316+0000] {processor.py:178} INFO - Processing /home/airflow/.local/lib/python3.7/site-packages/airflow/example_dags/example_sla_dag.py took 0.158 seconds
[2023-01-15T21:52:31.441+0000] {processor.py:156} INFO - Started process (PID=26234) to work on /home/airflow/.local/lib/python3.7/site-packages/airflow/example_dags/example_sla_dag.py
[2023-01-15T21:52:31.443+0000] {processor.py:758} INFO - Processing file /home/airflow/.local/lib/python3.7/site-packages/airflow/example_dags/example_sla_dag.py for tasks to queue
[2023-01-15T21:52:31.444+0000] {logging_mixin.py:117} INFO - [2023-01-15T21:52:31.444+0000] {dagbag.py:525} INFO - Filling up the DagBag from /home/airflow/.local/lib/python3.7/site-packages/airflow/example_dags/example_sla_dag.py
[2023-01-15T21:52:31.487+0000] {processor.py:768} INFO - DAG(s) dict_keys(['example_sla_dag']) retrieved from /home/airflow/.local/lib/python3.7/site-packages/airflow/example_dags/example_sla_dag.py
[2023-01-15T21:52:31.565+0000] {logging_mixin.py:117} INFO - [2023-01-15T21:52:31.565+0000] {dag.py:2573} INFO - Sync 1 DAGs
[2023-01-15T21:52:31.590+0000] {logging_mixin.py:117} INFO - [2023-01-15T21:52:31.590+0000] {dag.py:3328} INFO - Setting next_dagrun for example_sla_dag to 2023-01-15T21:50:00+00:00, run_after=2023-01-15T21:52:00+00:00
[2023-01-15T21:52:31.608+0000] {processor.py:178} INFO - Processing /home/airflow/.local/lib/python3.7/site-packages/airflow/example_dags/example_sla_dag.py took 0.171 seconds
[2023-01-15T23:15:48.489+0000] {processor.py:156} INFO - Started process (PID=26288) to work on /home/airflow/.local/lib/python3.7/site-packages/airflow/example_dags/example_sla_dag.py
[2023-01-15T23:15:48.490+0000] {processor.py:758} INFO - Processing file /home/airflow/.local/lib/python3.7/site-packages/airflow/example_dags/example_sla_dag.py for tasks to queue
[2023-01-15T23:15:48.491+0000] {logging_mixin.py:117} INFO - [2023-01-15T23:15:48.491+0000] {dagbag.py:525} INFO - Filling up the DagBag from /home/airflow/.local/lib/python3.7/site-packages/airflow/example_dags/example_sla_dag.py
[2023-01-15T23:15:48.507+0000] {processor.py:768} INFO - DAG(s) dict_keys(['example_sla_dag']) retrieved from /home/airflow/.local/lib/python3.7/site-packages/airflow/example_dags/example_sla_dag.py
[2023-01-15T23:15:48.533+0000] {logging_mixin.py:117} INFO - [2023-01-15T23:15:48.533+0000] {dag.py:2573} INFO - Sync 1 DAGs
[2023-01-15T23:15:48.548+0000] {logging_mixin.py:117} INFO - [2023-01-15T23:15:48.548+0000] {dag.py:3328} INFO - Setting next_dagrun for example_sla_dag to 2023-01-15T23:12:00+00:00, run_after=2023-01-15T23:14:00+00:00
[2023-01-15T23:15:48.558+0000] {processor.py:178} INFO - Processing /home/airflow/.local/lib/python3.7/site-packages/airflow/example_dags/example_sla_dag.py took 0.071 seconds
