[2023-01-15T00:38:58.986+0000] {processor.py:156} INFO - Started process (PID=24107) to work on /home/airflow/.local/lib/python3.7/site-packages/airflow/example_dags/example_branch_datetime_operator.py
[2023-01-15T00:38:58.988+0000] {processor.py:758} INFO - Processing file /home/airflow/.local/lib/python3.7/site-packages/airflow/example_dags/example_branch_datetime_operator.py for tasks to queue
[2023-01-15T00:38:58.989+0000] {logging_mixin.py:117} INFO - [2023-01-15T00:38:58.989+0000] {dagbag.py:525} INFO - Filling up the DagBag from /home/airflow/.local/lib/python3.7/site-packages/airflow/example_dags/example_branch_datetime_operator.py
[2023-01-15T00:38:59.008+0000] {processor.py:768} INFO - DAG(s) dict_keys(['example_branch_datetime_operator_2', 'example_branch_datetime_operator_3', 'example_branch_datetime_operator']) retrieved from /home/airflow/.local/lib/python3.7/site-packages/airflow/example_dags/example_branch_datetime_operator.py
[2023-01-15T00:38:59.080+0000] {logging_mixin.py:117} INFO - [2023-01-15T00:38:59.080+0000] {dag.py:2573} INFO - Sync 3 DAGs
[2023-01-15T00:38:59.116+0000] {logging_mixin.py:117} INFO - [2023-01-15T00:38:59.116+0000] {dag.py:3328} INFO - Setting next_dagrun for example_branch_datetime_operator to 2023-01-14T00:00:00+00:00, run_after=2023-01-15T00:00:00+00:00
[2023-01-15T00:38:59.122+0000] {logging_mixin.py:117} INFO - [2023-01-15T00:38:59.122+0000] {dag.py:3328} INFO - Setting next_dagrun for example_branch_datetime_operator_2 to 2023-01-14T00:00:00+00:00, run_after=2023-01-15T00:00:00+00:00
[2023-01-15T00:38:59.124+0000] {logging_mixin.py:117} INFO - [2023-01-15T00:38:59.124+0000] {dag.py:3328} INFO - Setting next_dagrun for example_branch_datetime_operator_3 to 2023-01-14T00:00:00+00:00, run_after=2023-01-15T00:00:00+00:00
[2023-01-15T00:38:59.142+0000] {processor.py:178} INFO - Processing /home/airflow/.local/lib/python3.7/site-packages/airflow/example_dags/example_branch_datetime_operator.py took 0.160 seconds
[2023-01-15T01:44:17.153+0000] {processor.py:156} INFO - Started process (PID=24170) to work on /home/airflow/.local/lib/python3.7/site-packages/airflow/example_dags/example_branch_datetime_operator.py
[2023-01-15T01:44:17.156+0000] {processor.py:758} INFO - Processing file /home/airflow/.local/lib/python3.7/site-packages/airflow/example_dags/example_branch_datetime_operator.py for tasks to queue
[2023-01-15T01:44:17.157+0000] {logging_mixin.py:117} INFO - [2023-01-15T01:44:17.157+0000] {dagbag.py:525} INFO - Filling up the DagBag from /home/airflow/.local/lib/python3.7/site-packages/airflow/example_dags/example_branch_datetime_operator.py
[2023-01-15T01:44:17.181+0000] {processor.py:768} INFO - DAG(s) dict_keys(['example_branch_datetime_operator_2', 'example_branch_datetime_operator', 'example_branch_datetime_operator_3']) retrieved from /home/airflow/.local/lib/python3.7/site-packages/airflow/example_dags/example_branch_datetime_operator.py
[2023-01-15T01:44:17.235+0000] {logging_mixin.py:117} INFO - [2023-01-15T01:44:17.235+0000] {dag.py:2573} INFO - Sync 3 DAGs
[2023-01-15T01:44:17.263+0000] {logging_mixin.py:117} INFO - [2023-01-15T01:44:17.263+0000] {dag.py:3328} INFO - Setting next_dagrun for example_branch_datetime_operator to 2023-01-14T00:00:00+00:00, run_after=2023-01-15T00:00:00+00:00
[2023-01-15T01:44:17.278+0000] {logging_mixin.py:117} INFO - [2023-01-15T01:44:17.278+0000] {dag.py:3328} INFO - Setting next_dagrun for example_branch_datetime_operator_2 to 2023-01-14T00:00:00+00:00, run_after=2023-01-15T00:00:00+00:00
[2023-01-15T01:44:17.282+0000] {logging_mixin.py:117} INFO - [2023-01-15T01:44:17.281+0000] {dag.py:3328} INFO - Setting next_dagrun for example_branch_datetime_operator_3 to 2023-01-14T00:00:00+00:00, run_after=2023-01-15T00:00:00+00:00
[2023-01-15T01:44:17.304+0000] {processor.py:178} INFO - Processing /home/airflow/.local/lib/python3.7/site-packages/airflow/example_dags/example_branch_datetime_operator.py took 0.154 seconds
[2023-01-15T02:15:45.901+0000] {processor.py:156} INFO - Started process (PID=24224) to work on /home/airflow/.local/lib/python3.7/site-packages/airflow/example_dags/example_branch_datetime_operator.py
[2023-01-15T02:15:45.902+0000] {processor.py:758} INFO - Processing file /home/airflow/.local/lib/python3.7/site-packages/airflow/example_dags/example_branch_datetime_operator.py for tasks to queue
[2023-01-15T02:15:45.903+0000] {logging_mixin.py:117} INFO - [2023-01-15T02:15:45.903+0000] {dagbag.py:525} INFO - Filling up the DagBag from /home/airflow/.local/lib/python3.7/site-packages/airflow/example_dags/example_branch_datetime_operator.py
[2023-01-15T02:15:45.915+0000] {processor.py:768} INFO - DAG(s) dict_keys(['example_branch_datetime_operator', 'example_branch_datetime_operator_3', 'example_branch_datetime_operator_2']) retrieved from /home/airflow/.local/lib/python3.7/site-packages/airflow/example_dags/example_branch_datetime_operator.py
[2023-01-15T02:15:45.948+0000] {logging_mixin.py:117} INFO - [2023-01-15T02:15:45.948+0000] {dag.py:2573} INFO - Sync 3 DAGs
[2023-01-15T02:15:45.963+0000] {logging_mixin.py:117} INFO - [2023-01-15T02:15:45.963+0000] {dag.py:3328} INFO - Setting next_dagrun for example_branch_datetime_operator to 2023-01-14T00:00:00+00:00, run_after=2023-01-15T00:00:00+00:00
[2023-01-15T02:15:45.967+0000] {logging_mixin.py:117} INFO - [2023-01-15T02:15:45.967+0000] {dag.py:3328} INFO - Setting next_dagrun for example_branch_datetime_operator_2 to 2023-01-14T00:00:00+00:00, run_after=2023-01-15T00:00:00+00:00
[2023-01-15T02:15:45.969+0000] {logging_mixin.py:117} INFO - [2023-01-15T02:15:45.969+0000] {dag.py:3328} INFO - Setting next_dagrun for example_branch_datetime_operator_3 to 2023-01-14T00:00:00+00:00, run_after=2023-01-15T00:00:00+00:00
[2023-01-15T02:15:45.979+0000] {processor.py:178} INFO - Processing /home/airflow/.local/lib/python3.7/site-packages/airflow/example_dags/example_branch_datetime_operator.py took 0.080 seconds
[2023-01-15T02:16:16.601+0000] {processor.py:156} INFO - Started process (PID=24287) to work on /home/airflow/.local/lib/python3.7/site-packages/airflow/example_dags/example_branch_datetime_operator.py
[2023-01-15T02:16:16.602+0000] {processor.py:758} INFO - Processing file /home/airflow/.local/lib/python3.7/site-packages/airflow/example_dags/example_branch_datetime_operator.py for tasks to queue
[2023-01-15T02:16:16.603+0000] {logging_mixin.py:117} INFO - [2023-01-15T02:16:16.603+0000] {dagbag.py:525} INFO - Filling up the DagBag from /home/airflow/.local/lib/python3.7/site-packages/airflow/example_dags/example_branch_datetime_operator.py
[2023-01-15T02:16:16.614+0000] {processor.py:768} INFO - DAG(s) dict_keys(['example_branch_datetime_operator_2', 'example_branch_datetime_operator_3', 'example_branch_datetime_operator']) retrieved from /home/airflow/.local/lib/python3.7/site-packages/airflow/example_dags/example_branch_datetime_operator.py
[2023-01-15T02:16:16.643+0000] {logging_mixin.py:117} INFO - [2023-01-15T02:16:16.643+0000] {dag.py:2573} INFO - Sync 3 DAGs
[2023-01-15T02:16:16.657+0000] {logging_mixin.py:117} INFO - [2023-01-15T02:16:16.657+0000] {dag.py:3328} INFO - Setting next_dagrun for example_branch_datetime_operator to 2023-01-14T00:00:00+00:00, run_after=2023-01-15T00:00:00+00:00
[2023-01-15T02:16:16.660+0000] {logging_mixin.py:117} INFO - [2023-01-15T02:16:16.660+0000] {dag.py:3328} INFO - Setting next_dagrun for example_branch_datetime_operator_2 to 2023-01-14T00:00:00+00:00, run_after=2023-01-15T00:00:00+00:00
[2023-01-15T02:16:16.662+0000] {logging_mixin.py:117} INFO - [2023-01-15T02:16:16.662+0000] {dag.py:3328} INFO - Setting next_dagrun for example_branch_datetime_operator_3 to 2023-01-14T00:00:00+00:00, run_after=2023-01-15T00:00:00+00:00
[2023-01-15T02:16:16.674+0000] {processor.py:178} INFO - Processing /home/airflow/.local/lib/python3.7/site-packages/airflow/example_dags/example_branch_datetime_operator.py took 0.076 seconds
[2023-01-15T02:49:43.300+0000] {processor.py:156} INFO - Started process (PID=24350) to work on /home/airflow/.local/lib/python3.7/site-packages/airflow/example_dags/example_branch_datetime_operator.py
[2023-01-15T02:49:43.304+0000] {processor.py:758} INFO - Processing file /home/airflow/.local/lib/python3.7/site-packages/airflow/example_dags/example_branch_datetime_operator.py for tasks to queue
[2023-01-15T02:49:43.306+0000] {logging_mixin.py:117} INFO - [2023-01-15T02:49:43.305+0000] {dagbag.py:525} INFO - Filling up the DagBag from /home/airflow/.local/lib/python3.7/site-packages/airflow/example_dags/example_branch_datetime_operator.py
[2023-01-15T02:49:43.329+0000] {processor.py:768} INFO - DAG(s) dict_keys(['example_branch_datetime_operator', 'example_branch_datetime_operator_2', 'example_branch_datetime_operator_3']) retrieved from /home/airflow/.local/lib/python3.7/site-packages/airflow/example_dags/example_branch_datetime_operator.py
[2023-01-15T02:49:43.416+0000] {logging_mixin.py:117} INFO - [2023-01-15T02:49:43.416+0000] {dag.py:2573} INFO - Sync 3 DAGs
[2023-01-15T02:49:43.445+0000] {logging_mixin.py:117} INFO - [2023-01-15T02:49:43.445+0000] {dag.py:3328} INFO - Setting next_dagrun for example_branch_datetime_operator to 2023-01-14T00:00:00+00:00, run_after=2023-01-15T00:00:00+00:00
[2023-01-15T02:49:43.452+0000] {logging_mixin.py:117} INFO - [2023-01-15T02:49:43.451+0000] {dag.py:3328} INFO - Setting next_dagrun for example_branch_datetime_operator_2 to 2023-01-14T00:00:00+00:00, run_after=2023-01-15T00:00:00+00:00
[2023-01-15T02:49:43.454+0000] {logging_mixin.py:117} INFO - [2023-01-15T02:49:43.454+0000] {dag.py:3328} INFO - Setting next_dagrun for example_branch_datetime_operator_3 to 2023-01-14T00:00:00+00:00, run_after=2023-01-15T00:00:00+00:00
[2023-01-15T02:49:43.469+0000] {processor.py:178} INFO - Processing /home/airflow/.local/lib/python3.7/site-packages/airflow/example_dags/example_branch_datetime_operator.py took 0.172 seconds
[2023-01-15T04:11:01.751+0000] {processor.py:156} INFO - Started process (PID=24413) to work on /home/airflow/.local/lib/python3.7/site-packages/airflow/example_dags/example_branch_datetime_operator.py
[2023-01-15T04:11:01.752+0000] {processor.py:758} INFO - Processing file /home/airflow/.local/lib/python3.7/site-packages/airflow/example_dags/example_branch_datetime_operator.py for tasks to queue
[2023-01-15T04:11:01.753+0000] {logging_mixin.py:117} INFO - [2023-01-15T04:11:01.753+0000] {dagbag.py:525} INFO - Filling up the DagBag from /home/airflow/.local/lib/python3.7/site-packages/airflow/example_dags/example_branch_datetime_operator.py
[2023-01-15T04:11:01.776+0000] {processor.py:768} INFO - DAG(s) dict_keys(['example_branch_datetime_operator_2', 'example_branch_datetime_operator_3', 'example_branch_datetime_operator']) retrieved from /home/airflow/.local/lib/python3.7/site-packages/airflow/example_dags/example_branch_datetime_operator.py
[2023-01-15T04:11:01.853+0000] {logging_mixin.py:117} INFO - [2023-01-15T04:11:01.853+0000] {dag.py:2573} INFO - Sync 3 DAGs
[2023-01-15T04:11:01.884+0000] {logging_mixin.py:117} INFO - [2023-01-15T04:11:01.884+0000] {dag.py:3328} INFO - Setting next_dagrun for example_branch_datetime_operator to 2023-01-14T00:00:00+00:00, run_after=2023-01-15T00:00:00+00:00
[2023-01-15T04:11:01.892+0000] {logging_mixin.py:117} INFO - [2023-01-15T04:11:01.892+0000] {dag.py:3328} INFO - Setting next_dagrun for example_branch_datetime_operator_2 to 2023-01-14T00:00:00+00:00, run_after=2023-01-15T00:00:00+00:00
[2023-01-15T04:11:01.894+0000] {logging_mixin.py:117} INFO - [2023-01-15T04:11:01.894+0000] {dag.py:3328} INFO - Setting next_dagrun for example_branch_datetime_operator_3 to 2023-01-14T00:00:00+00:00, run_after=2023-01-15T00:00:00+00:00
[2023-01-15T04:11:01.915+0000] {processor.py:178} INFO - Processing /home/airflow/.local/lib/python3.7/site-packages/airflow/example_dags/example_branch_datetime_operator.py took 0.168 seconds
[2023-01-15T05:08:50.114+0000] {processor.py:156} INFO - Started process (PID=24477) to work on /home/airflow/.local/lib/python3.7/site-packages/airflow/example_dags/example_branch_datetime_operator.py
[2023-01-15T05:08:50.117+0000] {processor.py:758} INFO - Processing file /home/airflow/.local/lib/python3.7/site-packages/airflow/example_dags/example_branch_datetime_operator.py for tasks to queue
[2023-01-15T05:08:50.118+0000] {logging_mixin.py:117} INFO - [2023-01-15T05:08:50.118+0000] {dagbag.py:525} INFO - Filling up the DagBag from /home/airflow/.local/lib/python3.7/site-packages/airflow/example_dags/example_branch_datetime_operator.py
[2023-01-15T05:08:50.145+0000] {processor.py:768} INFO - DAG(s) dict_keys(['example_branch_datetime_operator_2', 'example_branch_datetime_operator_3', 'example_branch_datetime_operator']) retrieved from /home/airflow/.local/lib/python3.7/site-packages/airflow/example_dags/example_branch_datetime_operator.py
[2023-01-15T05:08:50.203+0000] {logging_mixin.py:117} INFO - [2023-01-15T05:08:50.203+0000] {dag.py:2573} INFO - Sync 3 DAGs
[2023-01-15T05:08:50.224+0000] {logging_mixin.py:117} INFO - [2023-01-15T05:08:50.224+0000] {dag.py:3328} INFO - Setting next_dagrun for example_branch_datetime_operator to 2023-01-14T00:00:00+00:00, run_after=2023-01-15T00:00:00+00:00
[2023-01-15T05:08:50.230+0000] {logging_mixin.py:117} INFO - [2023-01-15T05:08:50.230+0000] {dag.py:3328} INFO - Setting next_dagrun for example_branch_datetime_operator_2 to 2023-01-14T00:00:00+00:00, run_after=2023-01-15T00:00:00+00:00
[2023-01-15T05:08:50.234+0000] {logging_mixin.py:117} INFO - [2023-01-15T05:08:50.233+0000] {dag.py:3328} INFO - Setting next_dagrun for example_branch_datetime_operator_3 to 2023-01-14T00:00:00+00:00, run_after=2023-01-15T00:00:00+00:00
[2023-01-15T05:08:50.249+0000] {processor.py:178} INFO - Processing /home/airflow/.local/lib/python3.7/site-packages/airflow/example_dags/example_branch_datetime_operator.py took 0.138 seconds
[2023-01-15T06:14:18.353+0000] {processor.py:156} INFO - Started process (PID=24531) to work on /home/airflow/.local/lib/python3.7/site-packages/airflow/example_dags/example_branch_datetime_operator.py
[2023-01-15T06:14:18.356+0000] {processor.py:758} INFO - Processing file /home/airflow/.local/lib/python3.7/site-packages/airflow/example_dags/example_branch_datetime_operator.py for tasks to queue
[2023-01-15T06:14:18.357+0000] {logging_mixin.py:117} INFO - [2023-01-15T06:14:18.357+0000] {dagbag.py:525} INFO - Filling up the DagBag from /home/airflow/.local/lib/python3.7/site-packages/airflow/example_dags/example_branch_datetime_operator.py
[2023-01-15T06:14:18.384+0000] {processor.py:768} INFO - DAG(s) dict_keys(['example_branch_datetime_operator_2', 'example_branch_datetime_operator_3', 'example_branch_datetime_operator']) retrieved from /home/airflow/.local/lib/python3.7/site-packages/airflow/example_dags/example_branch_datetime_operator.py
[2023-01-15T06:14:18.426+0000] {logging_mixin.py:117} INFO - [2023-01-15T06:14:18.426+0000] {dag.py:2573} INFO - Sync 3 DAGs
[2023-01-15T06:14:18.445+0000] {logging_mixin.py:117} INFO - [2023-01-15T06:14:18.445+0000] {dag.py:3328} INFO - Setting next_dagrun for example_branch_datetime_operator to 2023-01-14T00:00:00+00:00, run_after=2023-01-15T00:00:00+00:00
[2023-01-15T06:14:18.451+0000] {logging_mixin.py:117} INFO - [2023-01-15T06:14:18.451+0000] {dag.py:3328} INFO - Setting next_dagrun for example_branch_datetime_operator_2 to 2023-01-14T00:00:00+00:00, run_after=2023-01-15T00:00:00+00:00
[2023-01-15T06:14:18.454+0000] {logging_mixin.py:117} INFO - [2023-01-15T06:14:18.454+0000] {dag.py:3328} INFO - Setting next_dagrun for example_branch_datetime_operator_3 to 2023-01-14T00:00:00+00:00, run_after=2023-01-15T00:00:00+00:00
[2023-01-15T06:14:18.469+0000] {processor.py:178} INFO - Processing /home/airflow/.local/lib/python3.7/site-packages/airflow/example_dags/example_branch_datetime_operator.py took 0.121 seconds
[2023-01-15T06:57:24.133+0000] {processor.py:156} INFO - Started process (PID=24594) to work on /home/airflow/.local/lib/python3.7/site-packages/airflow/example_dags/example_branch_datetime_operator.py
[2023-01-15T06:57:24.135+0000] {processor.py:758} INFO - Processing file /home/airflow/.local/lib/python3.7/site-packages/airflow/example_dags/example_branch_datetime_operator.py for tasks to queue
[2023-01-15T06:57:24.139+0000] {logging_mixin.py:117} INFO - [2023-01-15T06:57:24.139+0000] {dagbag.py:525} INFO - Filling up the DagBag from /home/airflow/.local/lib/python3.7/site-packages/airflow/example_dags/example_branch_datetime_operator.py
[2023-01-15T06:57:24.184+0000] {processor.py:768} INFO - DAG(s) dict_keys(['example_branch_datetime_operator_2', 'example_branch_datetime_operator', 'example_branch_datetime_operator_3']) retrieved from /home/airflow/.local/lib/python3.7/site-packages/airflow/example_dags/example_branch_datetime_operator.py
[2023-01-15T06:57:24.248+0000] {logging_mixin.py:117} INFO - [2023-01-15T06:57:24.248+0000] {dag.py:2573} INFO - Sync 3 DAGs
[2023-01-15T06:57:24.271+0000] {logging_mixin.py:117} INFO - [2023-01-15T06:57:24.271+0000] {dag.py:3328} INFO - Setting next_dagrun for example_branch_datetime_operator to 2023-01-14T00:00:00+00:00, run_after=2023-01-15T00:00:00+00:00
[2023-01-15T06:57:24.275+0000] {logging_mixin.py:117} INFO - [2023-01-15T06:57:24.275+0000] {dag.py:3328} INFO - Setting next_dagrun for example_branch_datetime_operator_2 to 2023-01-14T00:00:00+00:00, run_after=2023-01-15T00:00:00+00:00
[2023-01-15T06:57:24.278+0000] {logging_mixin.py:117} INFO - [2023-01-15T06:57:24.278+0000] {dag.py:3328} INFO - Setting next_dagrun for example_branch_datetime_operator_3 to 2023-01-14T00:00:00+00:00, run_after=2023-01-15T00:00:00+00:00
[2023-01-15T06:57:24.292+0000] {processor.py:178} INFO - Processing /home/airflow/.local/lib/python3.7/site-packages/airflow/example_dags/example_branch_datetime_operator.py took 0.166 seconds
[2023-01-15T08:03:15.732+0000] {processor.py:156} INFO - Started process (PID=24657) to work on /home/airflow/.local/lib/python3.7/site-packages/airflow/example_dags/example_branch_datetime_operator.py
[2023-01-15T08:03:15.736+0000] {processor.py:758} INFO - Processing file /home/airflow/.local/lib/python3.7/site-packages/airflow/example_dags/example_branch_datetime_operator.py for tasks to queue
[2023-01-15T08:03:15.737+0000] {logging_mixin.py:117} INFO - [2023-01-15T08:03:15.737+0000] {dagbag.py:525} INFO - Filling up the DagBag from /home/airflow/.local/lib/python3.7/site-packages/airflow/example_dags/example_branch_datetime_operator.py
[2023-01-15T08:03:15.754+0000] {processor.py:768} INFO - DAG(s) dict_keys(['example_branch_datetime_operator_2', 'example_branch_datetime_operator', 'example_branch_datetime_operator_3']) retrieved from /home/airflow/.local/lib/python3.7/site-packages/airflow/example_dags/example_branch_datetime_operator.py
[2023-01-15T08:03:15.874+0000] {logging_mixin.py:117} INFO - [2023-01-15T08:03:15.874+0000] {dag.py:2573} INFO - Sync 3 DAGs
[2023-01-15T08:03:15.925+0000] {logging_mixin.py:117} INFO - [2023-01-15T08:03:15.925+0000] {dag.py:3328} INFO - Setting next_dagrun for example_branch_datetime_operator to 2023-01-14T00:00:00+00:00, run_after=2023-01-15T00:00:00+00:00
[2023-01-15T08:03:15.932+0000] {logging_mixin.py:117} INFO - [2023-01-15T08:03:15.931+0000] {dag.py:3328} INFO - Setting next_dagrun for example_branch_datetime_operator_2 to 2023-01-14T00:00:00+00:00, run_after=2023-01-15T00:00:00+00:00
[2023-01-15T08:03:15.936+0000] {logging_mixin.py:117} INFO - [2023-01-15T08:03:15.936+0000] {dag.py:3328} INFO - Setting next_dagrun for example_branch_datetime_operator_3 to 2023-01-14T00:00:00+00:00, run_after=2023-01-15T00:00:00+00:00
[2023-01-15T08:03:15.957+0000] {processor.py:178} INFO - Processing /home/airflow/.local/lib/python3.7/site-packages/airflow/example_dags/example_branch_datetime_operator.py took 0.229 seconds
[2023-01-15T09:11:05.873+0000] {processor.py:156} INFO - Started process (PID=24721) to work on /home/airflow/.local/lib/python3.7/site-packages/airflow/example_dags/example_branch_datetime_operator.py
[2023-01-15T09:11:05.876+0000] {processor.py:758} INFO - Processing file /home/airflow/.local/lib/python3.7/site-packages/airflow/example_dags/example_branch_datetime_operator.py for tasks to queue
[2023-01-15T09:11:05.878+0000] {logging_mixin.py:117} INFO - [2023-01-15T09:11:05.878+0000] {dagbag.py:525} INFO - Filling up the DagBag from /home/airflow/.local/lib/python3.7/site-packages/airflow/example_dags/example_branch_datetime_operator.py
[2023-01-15T09:11:05.901+0000] {processor.py:768} INFO - DAG(s) dict_keys(['example_branch_datetime_operator_3', 'example_branch_datetime_operator', 'example_branch_datetime_operator_2']) retrieved from /home/airflow/.local/lib/python3.7/site-packages/airflow/example_dags/example_branch_datetime_operator.py
[2023-01-15T09:11:05.969+0000] {logging_mixin.py:117} INFO - [2023-01-15T09:11:05.969+0000] {dag.py:2573} INFO - Sync 3 DAGs
[2023-01-15T09:11:05.992+0000] {logging_mixin.py:117} INFO - [2023-01-15T09:11:05.992+0000] {dag.py:3328} INFO - Setting next_dagrun for example_branch_datetime_operator to 2023-01-14T00:00:00+00:00, run_after=2023-01-15T00:00:00+00:00
[2023-01-15T09:11:06.001+0000] {logging_mixin.py:117} INFO - [2023-01-15T09:11:06.000+0000] {dag.py:3328} INFO - Setting next_dagrun for example_branch_datetime_operator_2 to 2023-01-14T00:00:00+00:00, run_after=2023-01-15T00:00:00+00:00
[2023-01-15T09:11:06.004+0000] {logging_mixin.py:117} INFO - [2023-01-15T09:11:06.004+0000] {dag.py:3328} INFO - Setting next_dagrun for example_branch_datetime_operator_3 to 2023-01-14T00:00:00+00:00, run_after=2023-01-15T00:00:00+00:00
[2023-01-15T09:11:06.021+0000] {processor.py:178} INFO - Processing /home/airflow/.local/lib/python3.7/site-packages/airflow/example_dags/example_branch_datetime_operator.py took 0.150 seconds
[2023-01-15T09:32:52.941+0000] {processor.py:156} INFO - Started process (PID=24775) to work on /home/airflow/.local/lib/python3.7/site-packages/airflow/example_dags/example_branch_datetime_operator.py
[2023-01-15T09:32:52.946+0000] {processor.py:758} INFO - Processing file /home/airflow/.local/lib/python3.7/site-packages/airflow/example_dags/example_branch_datetime_operator.py for tasks to queue
[2023-01-15T09:32:52.950+0000] {logging_mixin.py:117} INFO - [2023-01-15T09:32:52.950+0000] {dagbag.py:525} INFO - Filling up the DagBag from /home/airflow/.local/lib/python3.7/site-packages/airflow/example_dags/example_branch_datetime_operator.py
[2023-01-15T09:32:52.986+0000] {processor.py:768} INFO - DAG(s) dict_keys(['example_branch_datetime_operator_2', 'example_branch_datetime_operator_3', 'example_branch_datetime_operator']) retrieved from /home/airflow/.local/lib/python3.7/site-packages/airflow/example_dags/example_branch_datetime_operator.py
[2023-01-15T09:32:53.041+0000] {logging_mixin.py:117} INFO - [2023-01-15T09:32:53.041+0000] {dag.py:2573} INFO - Sync 3 DAGs
[2023-01-15T09:32:53.067+0000] {logging_mixin.py:117} INFO - [2023-01-15T09:32:53.067+0000] {dag.py:3328} INFO - Setting next_dagrun for example_branch_datetime_operator to 2023-01-14T00:00:00+00:00, run_after=2023-01-15T00:00:00+00:00
[2023-01-15T09:32:53.074+0000] {logging_mixin.py:117} INFO - [2023-01-15T09:32:53.074+0000] {dag.py:3328} INFO - Setting next_dagrun for example_branch_datetime_operator_2 to 2023-01-14T00:00:00+00:00, run_after=2023-01-15T00:00:00+00:00
[2023-01-15T09:32:53.079+0000] {logging_mixin.py:117} INFO - [2023-01-15T09:32:53.079+0000] {dag.py:3328} INFO - Setting next_dagrun for example_branch_datetime_operator_3 to 2023-01-14T00:00:00+00:00, run_after=2023-01-15T00:00:00+00:00
[2023-01-15T09:32:53.095+0000] {processor.py:178} INFO - Processing /home/airflow/.local/lib/python3.7/site-packages/airflow/example_dags/example_branch_datetime_operator.py took 0.157 seconds
[2023-01-15T09:33:55.088+0000] {processor.py:156} INFO - Started process (PID=24838) to work on /home/airflow/.local/lib/python3.7/site-packages/airflow/example_dags/example_branch_datetime_operator.py
[2023-01-15T09:33:55.090+0000] {processor.py:758} INFO - Processing file /home/airflow/.local/lib/python3.7/site-packages/airflow/example_dags/example_branch_datetime_operator.py for tasks to queue
[2023-01-15T09:33:55.091+0000] {logging_mixin.py:117} INFO - [2023-01-15T09:33:55.091+0000] {dagbag.py:525} INFO - Filling up the DagBag from /home/airflow/.local/lib/python3.7/site-packages/airflow/example_dags/example_branch_datetime_operator.py
[2023-01-15T09:33:55.107+0000] {processor.py:768} INFO - DAG(s) dict_keys(['example_branch_datetime_operator_3', 'example_branch_datetime_operator', 'example_branch_datetime_operator_2']) retrieved from /home/airflow/.local/lib/python3.7/site-packages/airflow/example_dags/example_branch_datetime_operator.py
[2023-01-15T09:33:55.147+0000] {logging_mixin.py:117} INFO - [2023-01-15T09:33:55.147+0000] {dag.py:2573} INFO - Sync 3 DAGs
[2023-01-15T09:33:55.163+0000] {logging_mixin.py:117} INFO - [2023-01-15T09:33:55.163+0000] {dag.py:3328} INFO - Setting next_dagrun for example_branch_datetime_operator to 2023-01-14T00:00:00+00:00, run_after=2023-01-15T00:00:00+00:00
[2023-01-15T09:33:55.168+0000] {logging_mixin.py:117} INFO - [2023-01-15T09:33:55.168+0000] {dag.py:3328} INFO - Setting next_dagrun for example_branch_datetime_operator_2 to 2023-01-14T00:00:00+00:00, run_after=2023-01-15T00:00:00+00:00
[2023-01-15T09:33:55.170+0000] {logging_mixin.py:117} INFO - [2023-01-15T09:33:55.170+0000] {dag.py:3328} INFO - Setting next_dagrun for example_branch_datetime_operator_3 to 2023-01-14T00:00:00+00:00, run_after=2023-01-15T00:00:00+00:00
[2023-01-15T09:33:55.181+0000] {processor.py:178} INFO - Processing /home/airflow/.local/lib/python3.7/site-packages/airflow/example_dags/example_branch_datetime_operator.py took 0.097 seconds
[2023-01-15T09:43:29.139+0000] {processor.py:156} INFO - Started process (PID=24901) to work on /home/airflow/.local/lib/python3.7/site-packages/airflow/example_dags/example_branch_datetime_operator.py
[2023-01-15T09:43:29.143+0000] {processor.py:758} INFO - Processing file /home/airflow/.local/lib/python3.7/site-packages/airflow/example_dags/example_branch_datetime_operator.py for tasks to queue
[2023-01-15T09:43:29.146+0000] {logging_mixin.py:117} INFO - [2023-01-15T09:43:29.146+0000] {dagbag.py:525} INFO - Filling up the DagBag from /home/airflow/.local/lib/python3.7/site-packages/airflow/example_dags/example_branch_datetime_operator.py
[2023-01-15T09:43:29.182+0000] {processor.py:768} INFO - DAG(s) dict_keys(['example_branch_datetime_operator_3', 'example_branch_datetime_operator_2', 'example_branch_datetime_operator']) retrieved from /home/airflow/.local/lib/python3.7/site-packages/airflow/example_dags/example_branch_datetime_operator.py
[2023-01-15T09:43:29.276+0000] {logging_mixin.py:117} INFO - [2023-01-15T09:43:29.275+0000] {dag.py:2573} INFO - Sync 3 DAGs
[2023-01-15T09:43:29.306+0000] {logging_mixin.py:117} INFO - [2023-01-15T09:43:29.306+0000] {dag.py:3328} INFO - Setting next_dagrun for example_branch_datetime_operator to 2023-01-14T00:00:00+00:00, run_after=2023-01-15T00:00:00+00:00
[2023-01-15T09:43:29.314+0000] {logging_mixin.py:117} INFO - [2023-01-15T09:43:29.313+0000] {dag.py:3328} INFO - Setting next_dagrun for example_branch_datetime_operator_2 to 2023-01-14T00:00:00+00:00, run_after=2023-01-15T00:00:00+00:00
[2023-01-15T09:43:29.317+0000] {logging_mixin.py:117} INFO - [2023-01-15T09:43:29.317+0000] {dag.py:3328} INFO - Setting next_dagrun for example_branch_datetime_operator_3 to 2023-01-14T00:00:00+00:00, run_after=2023-01-15T00:00:00+00:00
[2023-01-15T09:43:29.338+0000] {processor.py:178} INFO - Processing /home/airflow/.local/lib/python3.7/site-packages/airflow/example_dags/example_branch_datetime_operator.py took 0.207 seconds
[2023-01-15T11:04:08.806+0000] {processor.py:156} INFO - Started process (PID=24963) to work on /home/airflow/.local/lib/python3.7/site-packages/airflow/example_dags/example_branch_datetime_operator.py
[2023-01-15T11:04:08.811+0000] {processor.py:758} INFO - Processing file /home/airflow/.local/lib/python3.7/site-packages/airflow/example_dags/example_branch_datetime_operator.py for tasks to queue
[2023-01-15T11:04:08.813+0000] {logging_mixin.py:117} INFO - [2023-01-15T11:04:08.813+0000] {dagbag.py:525} INFO - Filling up the DagBag from /home/airflow/.local/lib/python3.7/site-packages/airflow/example_dags/example_branch_datetime_operator.py
[2023-01-15T11:04:08.839+0000] {processor.py:768} INFO - DAG(s) dict_keys(['example_branch_datetime_operator', 'example_branch_datetime_operator_2', 'example_branch_datetime_operator_3']) retrieved from /home/airflow/.local/lib/python3.7/site-packages/airflow/example_dags/example_branch_datetime_operator.py
[2023-01-15T11:04:08.907+0000] {logging_mixin.py:117} INFO - [2023-01-15T11:04:08.907+0000] {dag.py:2573} INFO - Sync 3 DAGs
[2023-01-15T11:04:08.939+0000] {logging_mixin.py:117} INFO - [2023-01-15T11:04:08.939+0000] {dag.py:3328} INFO - Setting next_dagrun for example_branch_datetime_operator to 2023-01-14T00:00:00+00:00, run_after=2023-01-15T00:00:00+00:00
[2023-01-15T11:04:08.948+0000] {logging_mixin.py:117} INFO - [2023-01-15T11:04:08.948+0000] {dag.py:3328} INFO - Setting next_dagrun for example_branch_datetime_operator_2 to 2023-01-14T00:00:00+00:00, run_after=2023-01-15T00:00:00+00:00
[2023-01-15T11:04:08.951+0000] {logging_mixin.py:117} INFO - [2023-01-15T11:04:08.951+0000] {dag.py:3328} INFO - Setting next_dagrun for example_branch_datetime_operator_3 to 2023-01-14T00:00:00+00:00, run_after=2023-01-15T00:00:00+00:00
[2023-01-15T11:04:08.969+0000] {processor.py:178} INFO - Processing /home/airflow/.local/lib/python3.7/site-packages/airflow/example_dags/example_branch_datetime_operator.py took 0.168 seconds
[2023-01-15T12:04:15.587+0000] {processor.py:156} INFO - Started process (PID=25018) to work on /home/airflow/.local/lib/python3.7/site-packages/airflow/example_dags/example_branch_datetime_operator.py
[2023-01-15T12:04:15.589+0000] {processor.py:758} INFO - Processing file /home/airflow/.local/lib/python3.7/site-packages/airflow/example_dags/example_branch_datetime_operator.py for tasks to queue
[2023-01-15T12:04:15.589+0000] {logging_mixin.py:117} INFO - [2023-01-15T12:04:15.589+0000] {dagbag.py:525} INFO - Filling up the DagBag from /home/airflow/.local/lib/python3.7/site-packages/airflow/example_dags/example_branch_datetime_operator.py
[2023-01-15T12:04:15.614+0000] {processor.py:768} INFO - DAG(s) dict_keys(['example_branch_datetime_operator_2', 'example_branch_datetime_operator_3', 'example_branch_datetime_operator']) retrieved from /home/airflow/.local/lib/python3.7/site-packages/airflow/example_dags/example_branch_datetime_operator.py
[2023-01-15T12:04:15.690+0000] {logging_mixin.py:117} INFO - [2023-01-15T12:04:15.690+0000] {dag.py:2573} INFO - Sync 3 DAGs
[2023-01-15T12:04:15.723+0000] {logging_mixin.py:117} INFO - [2023-01-15T12:04:15.723+0000] {dag.py:3328} INFO - Setting next_dagrun for example_branch_datetime_operator to 2023-01-14T00:00:00+00:00, run_after=2023-01-15T00:00:00+00:00
[2023-01-15T12:04:15.729+0000] {logging_mixin.py:117} INFO - [2023-01-15T12:04:15.729+0000] {dag.py:3328} INFO - Setting next_dagrun for example_branch_datetime_operator_2 to 2023-01-14T00:00:00+00:00, run_after=2023-01-15T00:00:00+00:00
[2023-01-15T12:04:15.735+0000] {logging_mixin.py:117} INFO - [2023-01-15T12:04:15.735+0000] {dag.py:3328} INFO - Setting next_dagrun for example_branch_datetime_operator_3 to 2023-01-14T00:00:00+00:00, run_after=2023-01-15T00:00:00+00:00
[2023-01-15T12:04:15.763+0000] {processor.py:178} INFO - Processing /home/airflow/.local/lib/python3.7/site-packages/airflow/example_dags/example_branch_datetime_operator.py took 0.181 seconds
[2023-01-15T12:42:37.427+0000] {processor.py:156} INFO - Started process (PID=25081) to work on /home/airflow/.local/lib/python3.7/site-packages/airflow/example_dags/example_branch_datetime_operator.py
[2023-01-15T12:42:37.430+0000] {processor.py:758} INFO - Processing file /home/airflow/.local/lib/python3.7/site-packages/airflow/example_dags/example_branch_datetime_operator.py for tasks to queue
[2023-01-15T12:42:37.434+0000] {logging_mixin.py:117} INFO - [2023-01-15T12:42:37.434+0000] {dagbag.py:525} INFO - Filling up the DagBag from /home/airflow/.local/lib/python3.7/site-packages/airflow/example_dags/example_branch_datetime_operator.py
[2023-01-15T12:42:37.456+0000] {processor.py:768} INFO - DAG(s) dict_keys(['example_branch_datetime_operator_3', 'example_branch_datetime_operator', 'example_branch_datetime_operator_2']) retrieved from /home/airflow/.local/lib/python3.7/site-packages/airflow/example_dags/example_branch_datetime_operator.py
[2023-01-15T12:42:37.531+0000] {logging_mixin.py:117} INFO - [2023-01-15T12:42:37.531+0000] {dag.py:2573} INFO - Sync 3 DAGs
[2023-01-15T12:42:37.575+0000] {logging_mixin.py:117} INFO - [2023-01-15T12:42:37.575+0000] {dag.py:3328} INFO - Setting next_dagrun for example_branch_datetime_operator to 2023-01-14T00:00:00+00:00, run_after=2023-01-15T00:00:00+00:00
[2023-01-15T12:42:37.582+0000] {logging_mixin.py:117} INFO - [2023-01-15T12:42:37.581+0000] {dag.py:3328} INFO - Setting next_dagrun for example_branch_datetime_operator_2 to 2023-01-14T00:00:00+00:00, run_after=2023-01-15T00:00:00+00:00
[2023-01-15T12:42:37.587+0000] {logging_mixin.py:117} INFO - [2023-01-15T12:42:37.587+0000] {dag.py:3328} INFO - Setting next_dagrun for example_branch_datetime_operator_3 to 2023-01-14T00:00:00+00:00, run_after=2023-01-15T00:00:00+00:00
[2023-01-15T12:42:37.603+0000] {processor.py:178} INFO - Processing /home/airflow/.local/lib/python3.7/site-packages/airflow/example_dags/example_branch_datetime_operator.py took 0.179 seconds
[2023-01-15T13:21:55.036+0000] {processor.py:156} INFO - Started process (PID=25144) to work on /home/airflow/.local/lib/python3.7/site-packages/airflow/example_dags/example_branch_datetime_operator.py
[2023-01-15T13:21:55.036+0000] {processor.py:758} INFO - Processing file /home/airflow/.local/lib/python3.7/site-packages/airflow/example_dags/example_branch_datetime_operator.py for tasks to queue
[2023-01-15T13:21:55.037+0000] {logging_mixin.py:117} INFO - [2023-01-15T13:21:55.037+0000] {dagbag.py:525} INFO - Filling up the DagBag from /home/airflow/.local/lib/python3.7/site-packages/airflow/example_dags/example_branch_datetime_operator.py
[2023-01-15T13:21:55.048+0000] {processor.py:768} INFO - DAG(s) dict_keys(['example_branch_datetime_operator', 'example_branch_datetime_operator_2', 'example_branch_datetime_operator_3']) retrieved from /home/airflow/.local/lib/python3.7/site-packages/airflow/example_dags/example_branch_datetime_operator.py
[2023-01-15T13:21:55.079+0000] {logging_mixin.py:117} INFO - [2023-01-15T13:21:55.079+0000] {dag.py:2573} INFO - Sync 3 DAGs
[2023-01-15T13:21:55.095+0000] {logging_mixin.py:117} INFO - [2023-01-15T13:21:55.094+0000] {dag.py:3328} INFO - Setting next_dagrun for example_branch_datetime_operator to 2023-01-14T00:00:00+00:00, run_after=2023-01-15T00:00:00+00:00
[2023-01-15T13:21:55.097+0000] {logging_mixin.py:117} INFO - [2023-01-15T13:21:55.097+0000] {dag.py:3328} INFO - Setting next_dagrun for example_branch_datetime_operator_2 to 2023-01-14T00:00:00+00:00, run_after=2023-01-15T00:00:00+00:00
[2023-01-15T13:21:55.099+0000] {logging_mixin.py:117} INFO - [2023-01-15T13:21:55.099+0000] {dag.py:3328} INFO - Setting next_dagrun for example_branch_datetime_operator_3 to 2023-01-14T00:00:00+00:00, run_after=2023-01-15T00:00:00+00:00
[2023-01-15T13:21:55.109+0000] {processor.py:178} INFO - Processing /home/airflow/.local/lib/python3.7/site-packages/airflow/example_dags/example_branch_datetime_operator.py took 0.076 seconds
[2023-01-15T13:38:28.405+0000] {processor.py:156} INFO - Started process (PID=25207) to work on /home/airflow/.local/lib/python3.7/site-packages/airflow/example_dags/example_branch_datetime_operator.py
[2023-01-15T13:38:28.407+0000] {processor.py:758} INFO - Processing file /home/airflow/.local/lib/python3.7/site-packages/airflow/example_dags/example_branch_datetime_operator.py for tasks to queue
[2023-01-15T13:38:28.408+0000] {logging_mixin.py:117} INFO - [2023-01-15T13:38:28.408+0000] {dagbag.py:525} INFO - Filling up the DagBag from /home/airflow/.local/lib/python3.7/site-packages/airflow/example_dags/example_branch_datetime_operator.py
[2023-01-15T13:38:28.437+0000] {processor.py:768} INFO - DAG(s) dict_keys(['example_branch_datetime_operator_2', 'example_branch_datetime_operator_3', 'example_branch_datetime_operator']) retrieved from /home/airflow/.local/lib/python3.7/site-packages/airflow/example_dags/example_branch_datetime_operator.py
[2023-01-15T13:38:28.528+0000] {logging_mixin.py:117} INFO - [2023-01-15T13:38:28.527+0000] {dag.py:2573} INFO - Sync 3 DAGs
[2023-01-15T13:38:28.578+0000] {logging_mixin.py:117} INFO - [2023-01-15T13:38:28.578+0000] {dag.py:3328} INFO - Setting next_dagrun for example_branch_datetime_operator to 2023-01-14T00:00:00+00:00, run_after=2023-01-15T00:00:00+00:00
[2023-01-15T13:38:28.594+0000] {logging_mixin.py:117} INFO - [2023-01-15T13:38:28.594+0000] {dag.py:3328} INFO - Setting next_dagrun for example_branch_datetime_operator_2 to 2023-01-14T00:00:00+00:00, run_after=2023-01-15T00:00:00+00:00
[2023-01-15T13:38:28.599+0000] {logging_mixin.py:117} INFO - [2023-01-15T13:38:28.598+0000] {dag.py:3328} INFO - Setting next_dagrun for example_branch_datetime_operator_3 to 2023-01-14T00:00:00+00:00, run_after=2023-01-15T00:00:00+00:00
[2023-01-15T13:38:28.630+0000] {processor.py:178} INFO - Processing /home/airflow/.local/lib/python3.7/site-packages/airflow/example_dags/example_branch_datetime_operator.py took 0.230 seconds
[2023-01-15T13:38:59.638+0000] {processor.py:156} INFO - Started process (PID=25261) to work on /home/airflow/.local/lib/python3.7/site-packages/airflow/example_dags/example_branch_datetime_operator.py
[2023-01-15T13:38:59.640+0000] {processor.py:758} INFO - Processing file /home/airflow/.local/lib/python3.7/site-packages/airflow/example_dags/example_branch_datetime_operator.py for tasks to queue
[2023-01-15T13:38:59.641+0000] {logging_mixin.py:117} INFO - [2023-01-15T13:38:59.641+0000] {dagbag.py:525} INFO - Filling up the DagBag from /home/airflow/.local/lib/python3.7/site-packages/airflow/example_dags/example_branch_datetime_operator.py
[2023-01-15T13:38:59.659+0000] {processor.py:768} INFO - DAG(s) dict_keys(['example_branch_datetime_operator_2', 'example_branch_datetime_operator', 'example_branch_datetime_operator_3']) retrieved from /home/airflow/.local/lib/python3.7/site-packages/airflow/example_dags/example_branch_datetime_operator.py
[2023-01-15T13:38:59.694+0000] {logging_mixin.py:117} INFO - [2023-01-15T13:38:59.694+0000] {dag.py:2573} INFO - Sync 3 DAGs
[2023-01-15T13:38:59.707+0000] {logging_mixin.py:117} INFO - [2023-01-15T13:38:59.707+0000] {dag.py:3328} INFO - Setting next_dagrun for example_branch_datetime_operator to 2023-01-14T00:00:00+00:00, run_after=2023-01-15T00:00:00+00:00
[2023-01-15T13:38:59.711+0000] {logging_mixin.py:117} INFO - [2023-01-15T13:38:59.710+0000] {dag.py:3328} INFO - Setting next_dagrun for example_branch_datetime_operator_2 to 2023-01-14T00:00:00+00:00, run_after=2023-01-15T00:00:00+00:00
[2023-01-15T13:38:59.712+0000] {logging_mixin.py:117} INFO - [2023-01-15T13:38:59.712+0000] {dag.py:3328} INFO - Setting next_dagrun for example_branch_datetime_operator_3 to 2023-01-14T00:00:00+00:00, run_after=2023-01-15T00:00:00+00:00
[2023-01-15T13:38:59.722+0000] {processor.py:178} INFO - Processing /home/airflow/.local/lib/python3.7/site-packages/airflow/example_dags/example_branch_datetime_operator.py took 0.087 seconds
[2023-01-15T13:39:29.975+0000] {processor.py:156} INFO - Started process (PID=25324) to work on /home/airflow/.local/lib/python3.7/site-packages/airflow/example_dags/example_branch_datetime_operator.py
[2023-01-15T13:39:29.978+0000] {processor.py:758} INFO - Processing file /home/airflow/.local/lib/python3.7/site-packages/airflow/example_dags/example_branch_datetime_operator.py for tasks to queue
[2023-01-15T13:39:29.979+0000] {logging_mixin.py:117} INFO - [2023-01-15T13:39:29.979+0000] {dagbag.py:525} INFO - Filling up the DagBag from /home/airflow/.local/lib/python3.7/site-packages/airflow/example_dags/example_branch_datetime_operator.py
[2023-01-15T13:39:29.999+0000] {processor.py:768} INFO - DAG(s) dict_keys(['example_branch_datetime_operator', 'example_branch_datetime_operator_2', 'example_branch_datetime_operator_3']) retrieved from /home/airflow/.local/lib/python3.7/site-packages/airflow/example_dags/example_branch_datetime_operator.py
[2023-01-15T13:39:30.033+0000] {logging_mixin.py:117} INFO - [2023-01-15T13:39:30.033+0000] {dag.py:2573} INFO - Sync 3 DAGs
[2023-01-15T13:39:30.049+0000] {logging_mixin.py:117} INFO - [2023-01-15T13:39:30.049+0000] {dag.py:3328} INFO - Setting next_dagrun for example_branch_datetime_operator to 2023-01-14T00:00:00+00:00, run_after=2023-01-15T00:00:00+00:00
[2023-01-15T13:39:30.052+0000] {logging_mixin.py:117} INFO - [2023-01-15T13:39:30.052+0000] {dag.py:3328} INFO - Setting next_dagrun for example_branch_datetime_operator_2 to 2023-01-14T00:00:00+00:00, run_after=2023-01-15T00:00:00+00:00
[2023-01-15T13:39:30.054+0000] {logging_mixin.py:117} INFO - [2023-01-15T13:39:30.054+0000] {dag.py:3328} INFO - Setting next_dagrun for example_branch_datetime_operator_3 to 2023-01-14T00:00:00+00:00, run_after=2023-01-15T00:00:00+00:00
[2023-01-15T13:39:30.063+0000] {processor.py:178} INFO - Processing /home/airflow/.local/lib/python3.7/site-packages/airflow/example_dags/example_branch_datetime_operator.py took 0.094 seconds
[2023-01-15T13:40:00.402+0000] {processor.py:156} INFO - Started process (PID=25387) to work on /home/airflow/.local/lib/python3.7/site-packages/airflow/example_dags/example_branch_datetime_operator.py
[2023-01-15T13:40:00.405+0000] {processor.py:758} INFO - Processing file /home/airflow/.local/lib/python3.7/site-packages/airflow/example_dags/example_branch_datetime_operator.py for tasks to queue
[2023-01-15T13:40:00.407+0000] {logging_mixin.py:117} INFO - [2023-01-15T13:40:00.406+0000] {dagbag.py:525} INFO - Filling up the DagBag from /home/airflow/.local/lib/python3.7/site-packages/airflow/example_dags/example_branch_datetime_operator.py
[2023-01-15T13:40:00.427+0000] {processor.py:768} INFO - DAG(s) dict_keys(['example_branch_datetime_operator_2', 'example_branch_datetime_operator_3', 'example_branch_datetime_operator']) retrieved from /home/airflow/.local/lib/python3.7/site-packages/airflow/example_dags/example_branch_datetime_operator.py
[2023-01-15T13:40:00.463+0000] {logging_mixin.py:117} INFO - [2023-01-15T13:40:00.463+0000] {dag.py:2573} INFO - Sync 3 DAGs
[2023-01-15T13:40:00.477+0000] {logging_mixin.py:117} INFO - [2023-01-15T13:40:00.477+0000] {dag.py:3328} INFO - Setting next_dagrun for example_branch_datetime_operator to 2023-01-14T00:00:00+00:00, run_after=2023-01-15T00:00:00+00:00
[2023-01-15T13:40:00.480+0000] {logging_mixin.py:117} INFO - [2023-01-15T13:40:00.480+0000] {dag.py:3328} INFO - Setting next_dagrun for example_branch_datetime_operator_2 to 2023-01-14T00:00:00+00:00, run_after=2023-01-15T00:00:00+00:00
[2023-01-15T13:40:00.482+0000] {logging_mixin.py:117} INFO - [2023-01-15T13:40:00.482+0000] {dag.py:3328} INFO - Setting next_dagrun for example_branch_datetime_operator_3 to 2023-01-14T00:00:00+00:00, run_after=2023-01-15T00:00:00+00:00
[2023-01-15T13:40:00.491+0000] {processor.py:178} INFO - Processing /home/airflow/.local/lib/python3.7/site-packages/airflow/example_dags/example_branch_datetime_operator.py took 0.095 seconds
[2023-01-15T13:40:30.835+0000] {processor.py:156} INFO - Started process (PID=25450) to work on /home/airflow/.local/lib/python3.7/site-packages/airflow/example_dags/example_branch_datetime_operator.py
[2023-01-15T13:40:30.838+0000] {processor.py:758} INFO - Processing file /home/airflow/.local/lib/python3.7/site-packages/airflow/example_dags/example_branch_datetime_operator.py for tasks to queue
[2023-01-15T13:40:30.839+0000] {logging_mixin.py:117} INFO - [2023-01-15T13:40:30.839+0000] {dagbag.py:525} INFO - Filling up the DagBag from /home/airflow/.local/lib/python3.7/site-packages/airflow/example_dags/example_branch_datetime_operator.py
[2023-01-15T13:40:30.854+0000] {processor.py:768} INFO - DAG(s) dict_keys(['example_branch_datetime_operator_3', 'example_branch_datetime_operator_2', 'example_branch_datetime_operator']) retrieved from /home/airflow/.local/lib/python3.7/site-packages/airflow/example_dags/example_branch_datetime_operator.py
[2023-01-15T13:40:30.899+0000] {logging_mixin.py:117} INFO - [2023-01-15T13:40:30.899+0000] {dag.py:2573} INFO - Sync 3 DAGs
[2023-01-15T13:40:30.919+0000] {logging_mixin.py:117} INFO - [2023-01-15T13:40:30.919+0000] {dag.py:3328} INFO - Setting next_dagrun for example_branch_datetime_operator to 2023-01-14T00:00:00+00:00, run_after=2023-01-15T00:00:00+00:00
[2023-01-15T13:40:30.925+0000] {logging_mixin.py:117} INFO - [2023-01-15T13:40:30.925+0000] {dag.py:3328} INFO - Setting next_dagrun for example_branch_datetime_operator_2 to 2023-01-14T00:00:00+00:00, run_after=2023-01-15T00:00:00+00:00
[2023-01-15T13:40:30.928+0000] {logging_mixin.py:117} INFO - [2023-01-15T13:40:30.928+0000] {dag.py:3328} INFO - Setting next_dagrun for example_branch_datetime_operator_3 to 2023-01-14T00:00:00+00:00, run_after=2023-01-15T00:00:00+00:00
[2023-01-15T13:40:30.940+0000] {processor.py:178} INFO - Processing /home/airflow/.local/lib/python3.7/site-packages/airflow/example_dags/example_branch_datetime_operator.py took 0.109 seconds
[2023-01-15T13:41:01.333+0000] {processor.py:156} INFO - Started process (PID=25513) to work on /home/airflow/.local/lib/python3.7/site-packages/airflow/example_dags/example_branch_datetime_operator.py
[2023-01-15T13:41:01.336+0000] {processor.py:758} INFO - Processing file /home/airflow/.local/lib/python3.7/site-packages/airflow/example_dags/example_branch_datetime_operator.py for tasks to queue
[2023-01-15T13:41:01.337+0000] {logging_mixin.py:117} INFO - [2023-01-15T13:41:01.337+0000] {dagbag.py:525} INFO - Filling up the DagBag from /home/airflow/.local/lib/python3.7/site-packages/airflow/example_dags/example_branch_datetime_operator.py
[2023-01-15T13:41:01.357+0000] {processor.py:768} INFO - DAG(s) dict_keys(['example_branch_datetime_operator', 'example_branch_datetime_operator_3', 'example_branch_datetime_operator_2']) retrieved from /home/airflow/.local/lib/python3.7/site-packages/airflow/example_dags/example_branch_datetime_operator.py
[2023-01-15T13:41:01.391+0000] {logging_mixin.py:117} INFO - [2023-01-15T13:41:01.391+0000] {dag.py:2573} INFO - Sync 3 DAGs
[2023-01-15T13:41:01.407+0000] {logging_mixin.py:117} INFO - [2023-01-15T13:41:01.407+0000] {dag.py:3328} INFO - Setting next_dagrun for example_branch_datetime_operator to 2023-01-14T00:00:00+00:00, run_after=2023-01-15T00:00:00+00:00
[2023-01-15T13:41:01.409+0000] {logging_mixin.py:117} INFO - [2023-01-15T13:41:01.409+0000] {dag.py:3328} INFO - Setting next_dagrun for example_branch_datetime_operator_2 to 2023-01-14T00:00:00+00:00, run_after=2023-01-15T00:00:00+00:00
[2023-01-15T13:41:01.411+0000] {logging_mixin.py:117} INFO - [2023-01-15T13:41:01.411+0000] {dag.py:3328} INFO - Setting next_dagrun for example_branch_datetime_operator_3 to 2023-01-14T00:00:00+00:00, run_after=2023-01-15T00:00:00+00:00
[2023-01-15T13:41:01.421+0000] {processor.py:178} INFO - Processing /home/airflow/.local/lib/python3.7/site-packages/airflow/example_dags/example_branch_datetime_operator.py took 0.095 seconds
[2023-01-15T13:41:31.650+0000] {processor.py:156} INFO - Started process (PID=25576) to work on /home/airflow/.local/lib/python3.7/site-packages/airflow/example_dags/example_branch_datetime_operator.py
[2023-01-15T13:41:31.653+0000] {processor.py:758} INFO - Processing file /home/airflow/.local/lib/python3.7/site-packages/airflow/example_dags/example_branch_datetime_operator.py for tasks to queue
[2023-01-15T13:41:31.655+0000] {logging_mixin.py:117} INFO - [2023-01-15T13:41:31.655+0000] {dagbag.py:525} INFO - Filling up the DagBag from /home/airflow/.local/lib/python3.7/site-packages/airflow/example_dags/example_branch_datetime_operator.py
[2023-01-15T13:41:31.671+0000] {processor.py:768} INFO - DAG(s) dict_keys(['example_branch_datetime_operator_3', 'example_branch_datetime_operator_2', 'example_branch_datetime_operator']) retrieved from /home/airflow/.local/lib/python3.7/site-packages/airflow/example_dags/example_branch_datetime_operator.py
[2023-01-15T13:41:31.710+0000] {logging_mixin.py:117} INFO - [2023-01-15T13:41:31.710+0000] {dag.py:2573} INFO - Sync 3 DAGs
[2023-01-15T13:41:31.734+0000] {logging_mixin.py:117} INFO - [2023-01-15T13:41:31.733+0000] {dag.py:3328} INFO - Setting next_dagrun for example_branch_datetime_operator to 2023-01-14T00:00:00+00:00, run_after=2023-01-15T00:00:00+00:00
[2023-01-15T13:41:31.738+0000] {logging_mixin.py:117} INFO - [2023-01-15T13:41:31.738+0000] {dag.py:3328} INFO - Setting next_dagrun for example_branch_datetime_operator_2 to 2023-01-14T00:00:00+00:00, run_after=2023-01-15T00:00:00+00:00
[2023-01-15T13:41:31.741+0000] {logging_mixin.py:117} INFO - [2023-01-15T13:41:31.741+0000] {dag.py:3328} INFO - Setting next_dagrun for example_branch_datetime_operator_3 to 2023-01-14T00:00:00+00:00, run_after=2023-01-15T00:00:00+00:00
[2023-01-15T13:41:31.751+0000] {processor.py:178} INFO - Processing /home/airflow/.local/lib/python3.7/site-packages/airflow/example_dags/example_branch_datetime_operator.py took 0.104 seconds
[2023-01-15T13:42:02.042+0000] {processor.py:156} INFO - Started process (PID=25631) to work on /home/airflow/.local/lib/python3.7/site-packages/airflow/example_dags/example_branch_datetime_operator.py
[2023-01-15T13:42:02.044+0000] {processor.py:758} INFO - Processing file /home/airflow/.local/lib/python3.7/site-packages/airflow/example_dags/example_branch_datetime_operator.py for tasks to queue
[2023-01-15T13:42:02.046+0000] {logging_mixin.py:117} INFO - [2023-01-15T13:42:02.045+0000] {dagbag.py:525} INFO - Filling up the DagBag from /home/airflow/.local/lib/python3.7/site-packages/airflow/example_dags/example_branch_datetime_operator.py
[2023-01-15T13:42:02.065+0000] {processor.py:768} INFO - DAG(s) dict_keys(['example_branch_datetime_operator_3', 'example_branch_datetime_operator_2', 'example_branch_datetime_operator']) retrieved from /home/airflow/.local/lib/python3.7/site-packages/airflow/example_dags/example_branch_datetime_operator.py
[2023-01-15T13:42:02.100+0000] {logging_mixin.py:117} INFO - [2023-01-15T13:42:02.100+0000] {dag.py:2573} INFO - Sync 3 DAGs
[2023-01-15T13:42:02.115+0000] {logging_mixin.py:117} INFO - [2023-01-15T13:42:02.115+0000] {dag.py:3328} INFO - Setting next_dagrun for example_branch_datetime_operator to 2023-01-14T00:00:00+00:00, run_after=2023-01-15T00:00:00+00:00
[2023-01-15T13:42:02.118+0000] {logging_mixin.py:117} INFO - [2023-01-15T13:42:02.118+0000] {dag.py:3328} INFO - Setting next_dagrun for example_branch_datetime_operator_2 to 2023-01-14T00:00:00+00:00, run_after=2023-01-15T00:00:00+00:00
[2023-01-15T13:42:02.119+0000] {logging_mixin.py:117} INFO - [2023-01-15T13:42:02.119+0000] {dag.py:3328} INFO - Setting next_dagrun for example_branch_datetime_operator_3 to 2023-01-14T00:00:00+00:00, run_after=2023-01-15T00:00:00+00:00
[2023-01-15T13:42:02.128+0000] {processor.py:178} INFO - Processing /home/airflow/.local/lib/python3.7/site-packages/airflow/example_dags/example_branch_datetime_operator.py took 0.092 seconds
[2023-01-15T13:58:05.357+0000] {processor.py:156} INFO - Started process (PID=25694) to work on /home/airflow/.local/lib/python3.7/site-packages/airflow/example_dags/example_branch_datetime_operator.py
[2023-01-15T13:58:05.361+0000] {processor.py:758} INFO - Processing file /home/airflow/.local/lib/python3.7/site-packages/airflow/example_dags/example_branch_datetime_operator.py for tasks to queue
[2023-01-15T13:58:05.362+0000] {logging_mixin.py:117} INFO - [2023-01-15T13:58:05.362+0000] {dagbag.py:525} INFO - Filling up the DagBag from /home/airflow/.local/lib/python3.7/site-packages/airflow/example_dags/example_branch_datetime_operator.py
[2023-01-15T13:58:05.380+0000] {processor.py:768} INFO - DAG(s) dict_keys(['example_branch_datetime_operator_3', 'example_branch_datetime_operator', 'example_branch_datetime_operator_2']) retrieved from /home/airflow/.local/lib/python3.7/site-packages/airflow/example_dags/example_branch_datetime_operator.py
[2023-01-15T13:58:05.432+0000] {logging_mixin.py:117} INFO - [2023-01-15T13:58:05.432+0000] {dag.py:2573} INFO - Sync 3 DAGs
[2023-01-15T13:58:05.465+0000] {logging_mixin.py:117} INFO - [2023-01-15T13:58:05.465+0000] {dag.py:3328} INFO - Setting next_dagrun for example_branch_datetime_operator to 2023-01-14T00:00:00+00:00, run_after=2023-01-15T00:00:00+00:00
[2023-01-15T13:58:05.471+0000] {logging_mixin.py:117} INFO - [2023-01-15T13:58:05.470+0000] {dag.py:3328} INFO - Setting next_dagrun for example_branch_datetime_operator_2 to 2023-01-14T00:00:00+00:00, run_after=2023-01-15T00:00:00+00:00
[2023-01-15T13:58:05.472+0000] {logging_mixin.py:117} INFO - [2023-01-15T13:58:05.472+0000] {dag.py:3328} INFO - Setting next_dagrun for example_branch_datetime_operator_3 to 2023-01-14T00:00:00+00:00, run_after=2023-01-15T00:00:00+00:00
[2023-01-15T13:58:05.487+0000] {processor.py:178} INFO - Processing /home/airflow/.local/lib/python3.7/site-packages/airflow/example_dags/example_branch_datetime_operator.py took 0.132 seconds
[2023-01-15T14:09:07.649+0000] {processor.py:156} INFO - Started process (PID=25757) to work on /home/airflow/.local/lib/python3.7/site-packages/airflow/example_dags/example_branch_datetime_operator.py
[2023-01-15T14:09:07.651+0000] {processor.py:758} INFO - Processing file /home/airflow/.local/lib/python3.7/site-packages/airflow/example_dags/example_branch_datetime_operator.py for tasks to queue
[2023-01-15T14:09:07.652+0000] {logging_mixin.py:117} INFO - [2023-01-15T14:09:07.651+0000] {dagbag.py:525} INFO - Filling up the DagBag from /home/airflow/.local/lib/python3.7/site-packages/airflow/example_dags/example_branch_datetime_operator.py
[2023-01-15T14:09:07.687+0000] {processor.py:768} INFO - DAG(s) dict_keys(['example_branch_datetime_operator_2', 'example_branch_datetime_operator_3', 'example_branch_datetime_operator']) retrieved from /home/airflow/.local/lib/python3.7/site-packages/airflow/example_dags/example_branch_datetime_operator.py
[2023-01-15T14:09:07.765+0000] {logging_mixin.py:117} INFO - [2023-01-15T14:09:07.765+0000] {dag.py:2573} INFO - Sync 3 DAGs
[2023-01-15T14:09:07.797+0000] {logging_mixin.py:117} INFO - [2023-01-15T14:09:07.797+0000] {dag.py:3328} INFO - Setting next_dagrun for example_branch_datetime_operator to 2023-01-14T00:00:00+00:00, run_after=2023-01-15T00:00:00+00:00
[2023-01-15T14:09:07.802+0000] {logging_mixin.py:117} INFO - [2023-01-15T14:09:07.802+0000] {dag.py:3328} INFO - Setting next_dagrun for example_branch_datetime_operator_2 to 2023-01-14T00:00:00+00:00, run_after=2023-01-15T00:00:00+00:00
[2023-01-15T14:09:07.804+0000] {logging_mixin.py:117} INFO - [2023-01-15T14:09:07.804+0000] {dag.py:3328} INFO - Setting next_dagrun for example_branch_datetime_operator_3 to 2023-01-14T00:00:00+00:00, run_after=2023-01-15T00:00:00+00:00
[2023-01-15T14:09:07.824+0000] {processor.py:178} INFO - Processing /home/airflow/.local/lib/python3.7/site-packages/airflow/example_dags/example_branch_datetime_operator.py took 0.183 seconds
[2023-01-15T14:09:38.275+0000] {processor.py:156} INFO - Started process (PID=25820) to work on /home/airflow/.local/lib/python3.7/site-packages/airflow/example_dags/example_branch_datetime_operator.py
[2023-01-15T14:09:38.276+0000] {processor.py:758} INFO - Processing file /home/airflow/.local/lib/python3.7/site-packages/airflow/example_dags/example_branch_datetime_operator.py for tasks to queue
[2023-01-15T14:09:38.277+0000] {logging_mixin.py:117} INFO - [2023-01-15T14:09:38.277+0000] {dagbag.py:525} INFO - Filling up the DagBag from /home/airflow/.local/lib/python3.7/site-packages/airflow/example_dags/example_branch_datetime_operator.py
[2023-01-15T14:09:38.289+0000] {processor.py:768} INFO - DAG(s) dict_keys(['example_branch_datetime_operator_2', 'example_branch_datetime_operator', 'example_branch_datetime_operator_3']) retrieved from /home/airflow/.local/lib/python3.7/site-packages/airflow/example_dags/example_branch_datetime_operator.py
[2023-01-15T14:09:38.323+0000] {logging_mixin.py:117} INFO - [2023-01-15T14:09:38.322+0000] {dag.py:2573} INFO - Sync 3 DAGs
[2023-01-15T14:09:38.340+0000] {logging_mixin.py:117} INFO - [2023-01-15T14:09:38.340+0000] {dag.py:3328} INFO - Setting next_dagrun for example_branch_datetime_operator to 2023-01-14T00:00:00+00:00, run_after=2023-01-15T00:00:00+00:00
[2023-01-15T14:09:38.343+0000] {logging_mixin.py:117} INFO - [2023-01-15T14:09:38.343+0000] {dag.py:3328} INFO - Setting next_dagrun for example_branch_datetime_operator_2 to 2023-01-14T00:00:00+00:00, run_after=2023-01-15T00:00:00+00:00
[2023-01-15T14:09:38.345+0000] {logging_mixin.py:117} INFO - [2023-01-15T14:09:38.345+0000] {dag.py:3328} INFO - Setting next_dagrun for example_branch_datetime_operator_3 to 2023-01-14T00:00:00+00:00, run_after=2023-01-15T00:00:00+00:00
[2023-01-15T14:09:38.357+0000] {processor.py:178} INFO - Processing /home/airflow/.local/lib/python3.7/site-packages/airflow/example_dags/example_branch_datetime_operator.py took 0.084 seconds
[2023-01-15T14:59:13.039+0000] {processor.py:156} INFO - Started process (PID=25884) to work on /home/airflow/.local/lib/python3.7/site-packages/airflow/example_dags/example_branch_datetime_operator.py
[2023-01-15T14:59:13.042+0000] {processor.py:758} INFO - Processing file /home/airflow/.local/lib/python3.7/site-packages/airflow/example_dags/example_branch_datetime_operator.py for tasks to queue
[2023-01-15T14:59:13.043+0000] {logging_mixin.py:117} INFO - [2023-01-15T14:59:13.043+0000] {dagbag.py:525} INFO - Filling up the DagBag from /home/airflow/.local/lib/python3.7/site-packages/airflow/example_dags/example_branch_datetime_operator.py
[2023-01-15T14:59:13.075+0000] {processor.py:768} INFO - DAG(s) dict_keys(['example_branch_datetime_operator_2', 'example_branch_datetime_operator_3', 'example_branch_datetime_operator']) retrieved from /home/airflow/.local/lib/python3.7/site-packages/airflow/example_dags/example_branch_datetime_operator.py
[2023-01-15T14:59:13.150+0000] {logging_mixin.py:117} INFO - [2023-01-15T14:59:13.150+0000] {dag.py:2573} INFO - Sync 3 DAGs
[2023-01-15T14:59:13.185+0000] {logging_mixin.py:117} INFO - [2023-01-15T14:59:13.185+0000] {dag.py:3328} INFO - Setting next_dagrun for example_branch_datetime_operator to 2023-01-14T00:00:00+00:00, run_after=2023-01-15T00:00:00+00:00
[2023-01-15T14:59:13.193+0000] {logging_mixin.py:117} INFO - [2023-01-15T14:59:13.193+0000] {dag.py:3328} INFO - Setting next_dagrun for example_branch_datetime_operator_2 to 2023-01-14T00:00:00+00:00, run_after=2023-01-15T00:00:00+00:00
[2023-01-15T14:59:13.196+0000] {logging_mixin.py:117} INFO - [2023-01-15T14:59:13.196+0000] {dag.py:3328} INFO - Setting next_dagrun for example_branch_datetime_operator_3 to 2023-01-14T00:00:00+00:00, run_after=2023-01-15T00:00:00+00:00
[2023-01-15T14:59:13.220+0000] {processor.py:178} INFO - Processing /home/airflow/.local/lib/python3.7/site-packages/airflow/example_dags/example_branch_datetime_operator.py took 0.184 seconds
[2023-01-15T16:21:35.346+0000] {processor.py:156} INFO - Started process (PID=25938) to work on /home/airflow/.local/lib/python3.7/site-packages/airflow/example_dags/example_branch_datetime_operator.py
[2023-01-15T16:21:35.348+0000] {processor.py:758} INFO - Processing file /home/airflow/.local/lib/python3.7/site-packages/airflow/example_dags/example_branch_datetime_operator.py for tasks to queue
[2023-01-15T16:21:35.349+0000] {logging_mixin.py:117} INFO - [2023-01-15T16:21:35.349+0000] {dagbag.py:525} INFO - Filling up the DagBag from /home/airflow/.local/lib/python3.7/site-packages/airflow/example_dags/example_branch_datetime_operator.py
[2023-01-15T16:21:35.370+0000] {processor.py:768} INFO - DAG(s) dict_keys(['example_branch_datetime_operator_3', 'example_branch_datetime_operator', 'example_branch_datetime_operator_2']) retrieved from /home/airflow/.local/lib/python3.7/site-packages/airflow/example_dags/example_branch_datetime_operator.py
[2023-01-15T16:21:35.411+0000] {logging_mixin.py:117} INFO - [2023-01-15T16:21:35.410+0000] {dag.py:2573} INFO - Sync 3 DAGs
[2023-01-15T16:21:35.431+0000] {logging_mixin.py:117} INFO - [2023-01-15T16:21:35.431+0000] {dag.py:3328} INFO - Setting next_dagrun for example_branch_datetime_operator to 2023-01-14T00:00:00+00:00, run_after=2023-01-15T00:00:00+00:00
[2023-01-15T16:21:35.436+0000] {logging_mixin.py:117} INFO - [2023-01-15T16:21:35.436+0000] {dag.py:3328} INFO - Setting next_dagrun for example_branch_datetime_operator_2 to 2023-01-14T00:00:00+00:00, run_after=2023-01-15T00:00:00+00:00
[2023-01-15T16:21:35.438+0000] {logging_mixin.py:117} INFO - [2023-01-15T16:21:35.438+0000] {dag.py:3328} INFO - Setting next_dagrun for example_branch_datetime_operator_3 to 2023-01-14T00:00:00+00:00, run_after=2023-01-15T00:00:00+00:00
[2023-01-15T16:21:35.451+0000] {processor.py:178} INFO - Processing /home/airflow/.local/lib/python3.7/site-packages/airflow/example_dags/example_branch_datetime_operator.py took 0.108 seconds
[2023-01-15T17:27:03.194+0000] {processor.py:156} INFO - Started process (PID=26001) to work on /home/airflow/.local/lib/python3.7/site-packages/airflow/example_dags/example_branch_datetime_operator.py
[2023-01-15T17:27:03.197+0000] {processor.py:758} INFO - Processing file /home/airflow/.local/lib/python3.7/site-packages/airflow/example_dags/example_branch_datetime_operator.py for tasks to queue
[2023-01-15T17:27:03.198+0000] {logging_mixin.py:117} INFO - [2023-01-15T17:27:03.198+0000] {dagbag.py:525} INFO - Filling up the DagBag from /home/airflow/.local/lib/python3.7/site-packages/airflow/example_dags/example_branch_datetime_operator.py
[2023-01-15T17:27:03.220+0000] {processor.py:768} INFO - DAG(s) dict_keys(['example_branch_datetime_operator_2', 'example_branch_datetime_operator', 'example_branch_datetime_operator_3']) retrieved from /home/airflow/.local/lib/python3.7/site-packages/airflow/example_dags/example_branch_datetime_operator.py
[2023-01-15T17:27:03.294+0000] {logging_mixin.py:117} INFO - [2023-01-15T17:27:03.294+0000] {dag.py:2573} INFO - Sync 3 DAGs
[2023-01-15T17:27:03.324+0000] {logging_mixin.py:117} INFO - [2023-01-15T17:27:03.324+0000] {dag.py:3328} INFO - Setting next_dagrun for example_branch_datetime_operator to 2023-01-14T00:00:00+00:00, run_after=2023-01-15T00:00:00+00:00
[2023-01-15T17:27:03.332+0000] {logging_mixin.py:117} INFO - [2023-01-15T17:27:03.332+0000] {dag.py:3328} INFO - Setting next_dagrun for example_branch_datetime_operator_2 to 2023-01-14T00:00:00+00:00, run_after=2023-01-15T00:00:00+00:00
[2023-01-15T17:27:03.334+0000] {logging_mixin.py:117} INFO - [2023-01-15T17:27:03.334+0000] {dag.py:3328} INFO - Setting next_dagrun for example_branch_datetime_operator_3 to 2023-01-14T00:00:00+00:00, run_after=2023-01-15T00:00:00+00:00
[2023-01-15T17:27:03.347+0000] {processor.py:178} INFO - Processing /home/airflow/.local/lib/python3.7/site-packages/airflow/example_dags/example_branch_datetime_operator.py took 0.156 seconds
[2023-01-15T18:23:36.028+0000] {processor.py:156} INFO - Started process (PID=26064) to work on /home/airflow/.local/lib/python3.7/site-packages/airflow/example_dags/example_branch_datetime_operator.py
[2023-01-15T18:23:36.030+0000] {processor.py:758} INFO - Processing file /home/airflow/.local/lib/python3.7/site-packages/airflow/example_dags/example_branch_datetime_operator.py for tasks to queue
[2023-01-15T18:23:36.031+0000] {logging_mixin.py:117} INFO - [2023-01-15T18:23:36.031+0000] {dagbag.py:525} INFO - Filling up the DagBag from /home/airflow/.local/lib/python3.7/site-packages/airflow/example_dags/example_branch_datetime_operator.py
[2023-01-15T18:23:36.054+0000] {processor.py:768} INFO - DAG(s) dict_keys(['example_branch_datetime_operator', 'example_branch_datetime_operator_3', 'example_branch_datetime_operator_2']) retrieved from /home/airflow/.local/lib/python3.7/site-packages/airflow/example_dags/example_branch_datetime_operator.py
[2023-01-15T18:23:36.095+0000] {logging_mixin.py:117} INFO - [2023-01-15T18:23:36.095+0000] {dag.py:2573} INFO - Sync 3 DAGs
[2023-01-15T18:23:36.115+0000] {logging_mixin.py:117} INFO - [2023-01-15T18:23:36.115+0000] {dag.py:3328} INFO - Setting next_dagrun for example_branch_datetime_operator to 2023-01-14T00:00:00+00:00, run_after=2023-01-15T00:00:00+00:00
[2023-01-15T18:23:36.119+0000] {logging_mixin.py:117} INFO - [2023-01-15T18:23:36.119+0000] {dag.py:3328} INFO - Setting next_dagrun for example_branch_datetime_operator_2 to 2023-01-14T00:00:00+00:00, run_after=2023-01-15T00:00:00+00:00
[2023-01-15T18:23:36.121+0000] {logging_mixin.py:117} INFO - [2023-01-15T18:23:36.121+0000] {dag.py:3328} INFO - Setting next_dagrun for example_branch_datetime_operator_3 to 2023-01-14T00:00:00+00:00, run_after=2023-01-15T00:00:00+00:00
[2023-01-15T18:23:36.138+0000] {processor.py:178} INFO - Processing /home/airflow/.local/lib/python3.7/site-packages/airflow/example_dags/example_branch_datetime_operator.py took 0.112 seconds
[2023-01-15T19:46:53.771+0000] {processor.py:156} INFO - Started process (PID=26118) to work on /home/airflow/.local/lib/python3.7/site-packages/airflow/example_dags/example_branch_datetime_operator.py
[2023-01-15T19:46:53.773+0000] {processor.py:758} INFO - Processing file /home/airflow/.local/lib/python3.7/site-packages/airflow/example_dags/example_branch_datetime_operator.py for tasks to queue
[2023-01-15T19:46:53.775+0000] {logging_mixin.py:117} INFO - [2023-01-15T19:46:53.775+0000] {dagbag.py:525} INFO - Filling up the DagBag from /home/airflow/.local/lib/python3.7/site-packages/airflow/example_dags/example_branch_datetime_operator.py
[2023-01-15T19:46:53.799+0000] {processor.py:768} INFO - DAG(s) dict_keys(['example_branch_datetime_operator_2', 'example_branch_datetime_operator_3', 'example_branch_datetime_operator']) retrieved from /home/airflow/.local/lib/python3.7/site-packages/airflow/example_dags/example_branch_datetime_operator.py
[2023-01-15T19:46:53.857+0000] {logging_mixin.py:117} INFO - [2023-01-15T19:46:53.857+0000] {dag.py:2573} INFO - Sync 3 DAGs
[2023-01-15T19:46:53.895+0000] {logging_mixin.py:117} INFO - [2023-01-15T19:46:53.895+0000] {dag.py:3328} INFO - Setting next_dagrun for example_branch_datetime_operator to 2023-01-14T00:00:00+00:00, run_after=2023-01-15T00:00:00+00:00
[2023-01-15T19:46:53.903+0000] {logging_mixin.py:117} INFO - [2023-01-15T19:46:53.902+0000] {dag.py:3328} INFO - Setting next_dagrun for example_branch_datetime_operator_2 to 2023-01-14T00:00:00+00:00, run_after=2023-01-15T00:00:00+00:00
[2023-01-15T19:46:53.905+0000] {logging_mixin.py:117} INFO - [2023-01-15T19:46:53.905+0000] {dag.py:3328} INFO - Setting next_dagrun for example_branch_datetime_operator_3 to 2023-01-14T00:00:00+00:00, run_after=2023-01-15T00:00:00+00:00
[2023-01-15T19:46:53.933+0000] {processor.py:178} INFO - Processing /home/airflow/.local/lib/python3.7/site-packages/airflow/example_dags/example_branch_datetime_operator.py took 0.165 seconds
[2023-01-15T20:53:28.048+0000] {processor.py:156} INFO - Started process (PID=26180) to work on /home/airflow/.local/lib/python3.7/site-packages/airflow/example_dags/example_branch_datetime_operator.py
[2023-01-15T20:53:28.050+0000] {processor.py:758} INFO - Processing file /home/airflow/.local/lib/python3.7/site-packages/airflow/example_dags/example_branch_datetime_operator.py for tasks to queue
[2023-01-15T20:53:28.051+0000] {logging_mixin.py:117} INFO - [2023-01-15T20:53:28.051+0000] {dagbag.py:525} INFO - Filling up the DagBag from /home/airflow/.local/lib/python3.7/site-packages/airflow/example_dags/example_branch_datetime_operator.py
[2023-01-15T20:53:28.077+0000] {processor.py:768} INFO - DAG(s) dict_keys(['example_branch_datetime_operator_2', 'example_branch_datetime_operator', 'example_branch_datetime_operator_3']) retrieved from /home/airflow/.local/lib/python3.7/site-packages/airflow/example_dags/example_branch_datetime_operator.py
[2023-01-15T20:53:28.217+0000] {logging_mixin.py:117} INFO - [2023-01-15T20:53:28.217+0000] {dag.py:2573} INFO - Sync 3 DAGs
[2023-01-15T20:53:28.265+0000] {logging_mixin.py:117} INFO - [2023-01-15T20:53:28.264+0000] {dag.py:3328} INFO - Setting next_dagrun for example_branch_datetime_operator to 2023-01-14T00:00:00+00:00, run_after=2023-01-15T00:00:00+00:00
[2023-01-15T20:53:28.274+0000] {logging_mixin.py:117} INFO - [2023-01-15T20:53:28.274+0000] {dag.py:3328} INFO - Setting next_dagrun for example_branch_datetime_operator_2 to 2023-01-14T00:00:00+00:00, run_after=2023-01-15T00:00:00+00:00
[2023-01-15T20:53:28.280+0000] {logging_mixin.py:117} INFO - [2023-01-15T20:53:28.280+0000] {dag.py:3328} INFO - Setting next_dagrun for example_branch_datetime_operator_3 to 2023-01-14T00:00:00+00:00, run_after=2023-01-15T00:00:00+00:00
[2023-01-15T20:53:28.324+0000] {processor.py:178} INFO - Processing /home/airflow/.local/lib/python3.7/site-packages/airflow/example_dags/example_branch_datetime_operator.py took 0.282 seconds
[2023-01-15T21:52:32.468+0000] {processor.py:156} INFO - Started process (PID=26243) to work on /home/airflow/.local/lib/python3.7/site-packages/airflow/example_dags/example_branch_datetime_operator.py
[2023-01-15T21:52:32.471+0000] {processor.py:758} INFO - Processing file /home/airflow/.local/lib/python3.7/site-packages/airflow/example_dags/example_branch_datetime_operator.py for tasks to queue
[2023-01-15T21:52:32.472+0000] {logging_mixin.py:117} INFO - [2023-01-15T21:52:32.472+0000] {dagbag.py:525} INFO - Filling up the DagBag from /home/airflow/.local/lib/python3.7/site-packages/airflow/example_dags/example_branch_datetime_operator.py
[2023-01-15T21:52:32.502+0000] {processor.py:768} INFO - DAG(s) dict_keys(['example_branch_datetime_operator_3', 'example_branch_datetime_operator_2', 'example_branch_datetime_operator']) retrieved from /home/airflow/.local/lib/python3.7/site-packages/airflow/example_dags/example_branch_datetime_operator.py
[2023-01-15T21:52:32.549+0000] {logging_mixin.py:117} INFO - [2023-01-15T21:52:32.549+0000] {dag.py:2573} INFO - Sync 3 DAGs
[2023-01-15T21:52:32.586+0000] {logging_mixin.py:117} INFO - [2023-01-15T21:52:32.586+0000] {dag.py:3328} INFO - Setting next_dagrun for example_branch_datetime_operator to 2023-01-14T00:00:00+00:00, run_after=2023-01-15T00:00:00+00:00
[2023-01-15T21:52:32.592+0000] {logging_mixin.py:117} INFO - [2023-01-15T21:52:32.591+0000] {dag.py:3328} INFO - Setting next_dagrun for example_branch_datetime_operator_2 to 2023-01-14T00:00:00+00:00, run_after=2023-01-15T00:00:00+00:00
[2023-01-15T21:52:32.594+0000] {logging_mixin.py:117} INFO - [2023-01-15T21:52:32.594+0000] {dag.py:3328} INFO - Setting next_dagrun for example_branch_datetime_operator_3 to 2023-01-14T00:00:00+00:00, run_after=2023-01-15T00:00:00+00:00
[2023-01-15T21:52:32.610+0000] {processor.py:178} INFO - Processing /home/airflow/.local/lib/python3.7/site-packages/airflow/example_dags/example_branch_datetime_operator.py took 0.144 seconds
[2023-01-15T23:15:50.033+0000] {processor.py:156} INFO - Started process (PID=26306) to work on /home/airflow/.local/lib/python3.7/site-packages/airflow/example_dags/example_branch_datetime_operator.py
[2023-01-15T23:15:50.034+0000] {processor.py:758} INFO - Processing file /home/airflow/.local/lib/python3.7/site-packages/airflow/example_dags/example_branch_datetime_operator.py for tasks to queue
[2023-01-15T23:15:50.037+0000] {logging_mixin.py:117} INFO - [2023-01-15T23:15:50.037+0000] {dagbag.py:525} INFO - Filling up the DagBag from /home/airflow/.local/lib/python3.7/site-packages/airflow/example_dags/example_branch_datetime_operator.py
[2023-01-15T23:15:50.065+0000] {processor.py:768} INFO - DAG(s) dict_keys(['example_branch_datetime_operator_2', 'example_branch_datetime_operator_3', 'example_branch_datetime_operator']) retrieved from /home/airflow/.local/lib/python3.7/site-packages/airflow/example_dags/example_branch_datetime_operator.py
[2023-01-15T23:15:50.138+0000] {logging_mixin.py:117} INFO - [2023-01-15T23:15:50.138+0000] {dag.py:2573} INFO - Sync 3 DAGs
[2023-01-15T23:15:50.172+0000] {logging_mixin.py:117} INFO - [2023-01-15T23:15:50.172+0000] {dag.py:3328} INFO - Setting next_dagrun for example_branch_datetime_operator to 2023-01-14T00:00:00+00:00, run_after=2023-01-15T00:00:00+00:00
[2023-01-15T23:15:50.181+0000] {logging_mixin.py:117} INFO - [2023-01-15T23:15:50.181+0000] {dag.py:3328} INFO - Setting next_dagrun for example_branch_datetime_operator_2 to 2023-01-14T00:00:00+00:00, run_after=2023-01-15T00:00:00+00:00
[2023-01-15T23:15:50.183+0000] {logging_mixin.py:117} INFO - [2023-01-15T23:15:50.183+0000] {dag.py:3328} INFO - Setting next_dagrun for example_branch_datetime_operator_3 to 2023-01-14T00:00:00+00:00, run_after=2023-01-15T00:00:00+00:00
[2023-01-15T23:15:50.208+0000] {processor.py:178} INFO - Processing /home/airflow/.local/lib/python3.7/site-packages/airflow/example_dags/example_branch_datetime_operator.py took 0.179 seconds
