[2023-01-15T00:38:58.239+0000] {processor.py:156} INFO - Started process (PID=24099) to work on /home/airflow/.local/lib/python3.7/site-packages/airflow/example_dags/example_trigger_controller_dag.py
[2023-01-15T00:38:58.241+0000] {processor.py:758} INFO - Processing file /home/airflow/.local/lib/python3.7/site-packages/airflow/example_dags/example_trigger_controller_dag.py for tasks to queue
[2023-01-15T00:38:58.242+0000] {logging_mixin.py:117} INFO - [2023-01-15T00:38:58.242+0000] {dagbag.py:525} INFO - Filling up the DagBag from /home/airflow/.local/lib/python3.7/site-packages/airflow/example_dags/example_trigger_controller_dag.py
[2023-01-15T00:38:58.258+0000] {processor.py:768} INFO - DAG(s) dict_keys(['example_trigger_controller_dag']) retrieved from /home/airflow/.local/lib/python3.7/site-packages/airflow/example_dags/example_trigger_controller_dag.py
[2023-01-15T00:38:58.315+0000] {logging_mixin.py:117} INFO - [2023-01-15T00:38:58.315+0000] {dag.py:2573} INFO - Sync 1 DAGs
[2023-01-15T00:38:58.334+0000] {logging_mixin.py:117} INFO - [2023-01-15T00:38:58.334+0000] {dag.py:3328} INFO - Setting next_dagrun for example_trigger_controller_dag to 2021-01-01T00:00:00+00:00, run_after=2021-01-01T00:00:00+00:00
[2023-01-15T00:38:58.355+0000] {processor.py:178} INFO - Processing /home/airflow/.local/lib/python3.7/site-packages/airflow/example_dags/example_trigger_controller_dag.py took 0.120 seconds
[2023-01-15T01:44:15.710+0000] {processor.py:156} INFO - Started process (PID=24162) to work on /home/airflow/.local/lib/python3.7/site-packages/airflow/example_dags/example_trigger_controller_dag.py
[2023-01-15T01:44:15.712+0000] {processor.py:758} INFO - Processing file /home/airflow/.local/lib/python3.7/site-packages/airflow/example_dags/example_trigger_controller_dag.py for tasks to queue
[2023-01-15T01:44:15.713+0000] {logging_mixin.py:117} INFO - [2023-01-15T01:44:15.713+0000] {dagbag.py:525} INFO - Filling up the DagBag from /home/airflow/.local/lib/python3.7/site-packages/airflow/example_dags/example_trigger_controller_dag.py
[2023-01-15T01:44:15.735+0000] {processor.py:768} INFO - DAG(s) dict_keys(['example_trigger_controller_dag']) retrieved from /home/airflow/.local/lib/python3.7/site-packages/airflow/example_dags/example_trigger_controller_dag.py
[2023-01-15T01:44:15.790+0000] {logging_mixin.py:117} INFO - [2023-01-15T01:44:15.790+0000] {dag.py:2573} INFO - Sync 1 DAGs
[2023-01-15T01:44:15.821+0000] {logging_mixin.py:117} INFO - [2023-01-15T01:44:15.821+0000] {dag.py:3328} INFO - Setting next_dagrun for example_trigger_controller_dag to 2021-01-01T00:00:00+00:00, run_after=2021-01-01T00:00:00+00:00
[2023-01-15T01:44:15.844+0000] {processor.py:178} INFO - Processing /home/airflow/.local/lib/python3.7/site-packages/airflow/example_dags/example_trigger_controller_dag.py took 0.138 seconds
[2023-01-15T02:15:45.434+0000] {processor.py:156} INFO - Started process (PID=24216) to work on /home/airflow/.local/lib/python3.7/site-packages/airflow/example_dags/example_trigger_controller_dag.py
[2023-01-15T02:15:45.435+0000] {processor.py:758} INFO - Processing file /home/airflow/.local/lib/python3.7/site-packages/airflow/example_dags/example_trigger_controller_dag.py for tasks to queue
[2023-01-15T02:15:45.435+0000] {logging_mixin.py:117} INFO - [2023-01-15T02:15:45.435+0000] {dagbag.py:525} INFO - Filling up the DagBag from /home/airflow/.local/lib/python3.7/site-packages/airflow/example_dags/example_trigger_controller_dag.py
[2023-01-15T02:15:45.444+0000] {processor.py:768} INFO - DAG(s) dict_keys(['example_trigger_controller_dag']) retrieved from /home/airflow/.local/lib/python3.7/site-packages/airflow/example_dags/example_trigger_controller_dag.py
[2023-01-15T02:15:45.471+0000] {logging_mixin.py:117} INFO - [2023-01-15T02:15:45.471+0000] {dag.py:2573} INFO - Sync 1 DAGs
[2023-01-15T02:15:45.485+0000] {logging_mixin.py:117} INFO - [2023-01-15T02:15:45.485+0000] {dag.py:3328} INFO - Setting next_dagrun for example_trigger_controller_dag to 2021-01-01T00:00:00+00:00, run_after=2021-01-01T00:00:00+00:00
[2023-01-15T02:15:45.496+0000] {processor.py:178} INFO - Processing /home/airflow/.local/lib/python3.7/site-packages/airflow/example_dags/example_trigger_controller_dag.py took 0.065 seconds
[2023-01-15T02:16:16.136+0000] {processor.py:156} INFO - Started process (PID=24279) to work on /home/airflow/.local/lib/python3.7/site-packages/airflow/example_dags/example_trigger_controller_dag.py
[2023-01-15T02:16:16.137+0000] {processor.py:758} INFO - Processing file /home/airflow/.local/lib/python3.7/site-packages/airflow/example_dags/example_trigger_controller_dag.py for tasks to queue
[2023-01-15T02:16:16.138+0000] {logging_mixin.py:117} INFO - [2023-01-15T02:16:16.138+0000] {dagbag.py:525} INFO - Filling up the DagBag from /home/airflow/.local/lib/python3.7/site-packages/airflow/example_dags/example_trigger_controller_dag.py
[2023-01-15T02:16:16.146+0000] {processor.py:768} INFO - DAG(s) dict_keys(['example_trigger_controller_dag']) retrieved from /home/airflow/.local/lib/python3.7/site-packages/airflow/example_dags/example_trigger_controller_dag.py
[2023-01-15T02:16:16.175+0000] {logging_mixin.py:117} INFO - [2023-01-15T02:16:16.175+0000] {dag.py:2573} INFO - Sync 1 DAGs
[2023-01-15T02:16:16.188+0000] {logging_mixin.py:117} INFO - [2023-01-15T02:16:16.188+0000] {dag.py:3328} INFO - Setting next_dagrun for example_trigger_controller_dag to 2021-01-01T00:00:00+00:00, run_after=2021-01-01T00:00:00+00:00
[2023-01-15T02:16:16.199+0000] {processor.py:178} INFO - Processing /home/airflow/.local/lib/python3.7/site-packages/airflow/example_dags/example_trigger_controller_dag.py took 0.065 seconds
[2023-01-15T02:49:42.558+0000] {processor.py:156} INFO - Started process (PID=24342) to work on /home/airflow/.local/lib/python3.7/site-packages/airflow/example_dags/example_trigger_controller_dag.py
[2023-01-15T02:49:42.563+0000] {processor.py:758} INFO - Processing file /home/airflow/.local/lib/python3.7/site-packages/airflow/example_dags/example_trigger_controller_dag.py for tasks to queue
[2023-01-15T02:49:42.564+0000] {logging_mixin.py:117} INFO - [2023-01-15T02:49:42.564+0000] {dagbag.py:525} INFO - Filling up the DagBag from /home/airflow/.local/lib/python3.7/site-packages/airflow/example_dags/example_trigger_controller_dag.py
[2023-01-15T02:49:42.577+0000] {processor.py:768} INFO - DAG(s) dict_keys(['example_trigger_controller_dag']) retrieved from /home/airflow/.local/lib/python3.7/site-packages/airflow/example_dags/example_trigger_controller_dag.py
[2023-01-15T02:49:42.645+0000] {logging_mixin.py:117} INFO - [2023-01-15T02:49:42.645+0000] {dag.py:2573} INFO - Sync 1 DAGs
[2023-01-15T02:49:42.668+0000] {logging_mixin.py:117} INFO - [2023-01-15T02:49:42.668+0000] {dag.py:3328} INFO - Setting next_dagrun for example_trigger_controller_dag to 2021-01-01T00:00:00+00:00, run_after=2021-01-01T00:00:00+00:00
[2023-01-15T02:49:42.687+0000] {processor.py:178} INFO - Processing /home/airflow/.local/lib/python3.7/site-packages/airflow/example_dags/example_trigger_controller_dag.py took 0.132 seconds
[2023-01-15T04:11:01.032+0000] {processor.py:156} INFO - Started process (PID=24405) to work on /home/airflow/.local/lib/python3.7/site-packages/airflow/example_dags/example_trigger_controller_dag.py
[2023-01-15T04:11:01.034+0000] {processor.py:758} INFO - Processing file /home/airflow/.local/lib/python3.7/site-packages/airflow/example_dags/example_trigger_controller_dag.py for tasks to queue
[2023-01-15T04:11:01.035+0000] {logging_mixin.py:117} INFO - [2023-01-15T04:11:01.035+0000] {dagbag.py:525} INFO - Filling up the DagBag from /home/airflow/.local/lib/python3.7/site-packages/airflow/example_dags/example_trigger_controller_dag.py
[2023-01-15T04:11:01.049+0000] {processor.py:768} INFO - DAG(s) dict_keys(['example_trigger_controller_dag']) retrieved from /home/airflow/.local/lib/python3.7/site-packages/airflow/example_dags/example_trigger_controller_dag.py
[2023-01-15T04:11:01.102+0000] {logging_mixin.py:117} INFO - [2023-01-15T04:11:01.102+0000] {dag.py:2573} INFO - Sync 1 DAGs
[2023-01-15T04:11:01.132+0000] {logging_mixin.py:117} INFO - [2023-01-15T04:11:01.132+0000] {dag.py:3328} INFO - Setting next_dagrun for example_trigger_controller_dag to 2021-01-01T00:00:00+00:00, run_after=2021-01-01T00:00:00+00:00
[2023-01-15T04:11:01.149+0000] {processor.py:178} INFO - Processing /home/airflow/.local/lib/python3.7/site-packages/airflow/example_dags/example_trigger_controller_dag.py took 0.123 seconds
[2023-01-15T05:08:49.092+0000] {processor.py:156} INFO - Started process (PID=24469) to work on /home/airflow/.local/lib/python3.7/site-packages/airflow/example_dags/example_trigger_controller_dag.py
[2023-01-15T05:08:49.093+0000] {processor.py:758} INFO - Processing file /home/airflow/.local/lib/python3.7/site-packages/airflow/example_dags/example_trigger_controller_dag.py for tasks to queue
[2023-01-15T05:08:49.094+0000] {logging_mixin.py:117} INFO - [2023-01-15T05:08:49.094+0000] {dagbag.py:525} INFO - Filling up the DagBag from /home/airflow/.local/lib/python3.7/site-packages/airflow/example_dags/example_trigger_controller_dag.py
[2023-01-15T05:08:49.122+0000] {processor.py:768} INFO - DAG(s) dict_keys(['example_trigger_controller_dag']) retrieved from /home/airflow/.local/lib/python3.7/site-packages/airflow/example_dags/example_trigger_controller_dag.py
[2023-01-15T05:08:49.193+0000] {logging_mixin.py:117} INFO - [2023-01-15T05:08:49.193+0000] {dag.py:2573} INFO - Sync 1 DAGs
[2023-01-15T05:08:49.228+0000] {logging_mixin.py:117} INFO - [2023-01-15T05:08:49.228+0000] {dag.py:3328} INFO - Setting next_dagrun for example_trigger_controller_dag to 2021-01-01T00:00:00+00:00, run_after=2021-01-01T00:00:00+00:00
[2023-01-15T05:08:49.260+0000] {processor.py:178} INFO - Processing /home/airflow/.local/lib/python3.7/site-packages/airflow/example_dags/example_trigger_controller_dag.py took 0.172 seconds
[2023-01-15T06:14:17.320+0000] {processor.py:156} INFO - Started process (PID=24523) to work on /home/airflow/.local/lib/python3.7/site-packages/airflow/example_dags/example_trigger_controller_dag.py
[2023-01-15T06:14:17.322+0000] {processor.py:758} INFO - Processing file /home/airflow/.local/lib/python3.7/site-packages/airflow/example_dags/example_trigger_controller_dag.py for tasks to queue
[2023-01-15T06:14:17.323+0000] {logging_mixin.py:117} INFO - [2023-01-15T06:14:17.323+0000] {dagbag.py:525} INFO - Filling up the DagBag from /home/airflow/.local/lib/python3.7/site-packages/airflow/example_dags/example_trigger_controller_dag.py
[2023-01-15T06:14:17.363+0000] {processor.py:768} INFO - DAG(s) dict_keys(['example_trigger_controller_dag']) retrieved from /home/airflow/.local/lib/python3.7/site-packages/airflow/example_dags/example_trigger_controller_dag.py
[2023-01-15T06:14:17.463+0000] {logging_mixin.py:117} INFO - [2023-01-15T06:14:17.462+0000] {dag.py:2573} INFO - Sync 1 DAGs
[2023-01-15T06:14:17.511+0000] {logging_mixin.py:117} INFO - [2023-01-15T06:14:17.511+0000] {dag.py:3328} INFO - Setting next_dagrun for example_trigger_controller_dag to 2021-01-01T00:00:00+00:00, run_after=2021-01-01T00:00:00+00:00
[2023-01-15T06:14:17.525+0000] {processor.py:178} INFO - Processing /home/airflow/.local/lib/python3.7/site-packages/airflow/example_dags/example_trigger_controller_dag.py took 0.209 seconds
[2023-01-15T06:57:23.402+0000] {processor.py:156} INFO - Started process (PID=24586) to work on /home/airflow/.local/lib/python3.7/site-packages/airflow/example_dags/example_trigger_controller_dag.py
[2023-01-15T06:57:23.404+0000] {processor.py:758} INFO - Processing file /home/airflow/.local/lib/python3.7/site-packages/airflow/example_dags/example_trigger_controller_dag.py for tasks to queue
[2023-01-15T06:57:23.407+0000] {logging_mixin.py:117} INFO - [2023-01-15T06:57:23.407+0000] {dagbag.py:525} INFO - Filling up the DagBag from /home/airflow/.local/lib/python3.7/site-packages/airflow/example_dags/example_trigger_controller_dag.py
[2023-01-15T06:57:23.425+0000] {processor.py:768} INFO - DAG(s) dict_keys(['example_trigger_controller_dag']) retrieved from /home/airflow/.local/lib/python3.7/site-packages/airflow/example_dags/example_trigger_controller_dag.py
[2023-01-15T06:57:23.475+0000] {logging_mixin.py:117} INFO - [2023-01-15T06:57:23.475+0000] {dag.py:2573} INFO - Sync 1 DAGs
[2023-01-15T06:57:23.511+0000] {logging_mixin.py:117} INFO - [2023-01-15T06:57:23.511+0000] {dag.py:3328} INFO - Setting next_dagrun for example_trigger_controller_dag to 2021-01-01T00:00:00+00:00, run_after=2021-01-01T00:00:00+00:00
[2023-01-15T06:57:23.532+0000] {processor.py:178} INFO - Processing /home/airflow/.local/lib/python3.7/site-packages/airflow/example_dags/example_trigger_controller_dag.py took 0.133 seconds
[2023-01-15T08:03:14.886+0000] {processor.py:156} INFO - Started process (PID=24649) to work on /home/airflow/.local/lib/python3.7/site-packages/airflow/example_dags/example_trigger_controller_dag.py
[2023-01-15T08:03:14.891+0000] {processor.py:758} INFO - Processing file /home/airflow/.local/lib/python3.7/site-packages/airflow/example_dags/example_trigger_controller_dag.py for tasks to queue
[2023-01-15T08:03:14.899+0000] {logging_mixin.py:117} INFO - [2023-01-15T08:03:14.898+0000] {dagbag.py:525} INFO - Filling up the DagBag from /home/airflow/.local/lib/python3.7/site-packages/airflow/example_dags/example_trigger_controller_dag.py
[2023-01-15T08:03:14.932+0000] {processor.py:768} INFO - DAG(s) dict_keys(['example_trigger_controller_dag']) retrieved from /home/airflow/.local/lib/python3.7/site-packages/airflow/example_dags/example_trigger_controller_dag.py
[2023-01-15T08:03:14.978+0000] {logging_mixin.py:117} INFO - [2023-01-15T08:03:14.978+0000] {dag.py:2573} INFO - Sync 1 DAGs
[2023-01-15T08:03:14.998+0000] {logging_mixin.py:117} INFO - [2023-01-15T08:03:14.998+0000] {dag.py:3328} INFO - Setting next_dagrun for example_trigger_controller_dag to 2021-01-01T00:00:00+00:00, run_after=2021-01-01T00:00:00+00:00
[2023-01-15T08:03:15.012+0000] {processor.py:178} INFO - Processing /home/airflow/.local/lib/python3.7/site-packages/airflow/example_dags/example_trigger_controller_dag.py took 0.130 seconds
[2023-01-15T09:11:04.722+0000] {processor.py:156} INFO - Started process (PID=24713) to work on /home/airflow/.local/lib/python3.7/site-packages/airflow/example_dags/example_trigger_controller_dag.py
[2023-01-15T09:11:04.727+0000] {processor.py:758} INFO - Processing file /home/airflow/.local/lib/python3.7/site-packages/airflow/example_dags/example_trigger_controller_dag.py for tasks to queue
[2023-01-15T09:11:04.728+0000] {logging_mixin.py:117} INFO - [2023-01-15T09:11:04.728+0000] {dagbag.py:525} INFO - Filling up the DagBag from /home/airflow/.local/lib/python3.7/site-packages/airflow/example_dags/example_trigger_controller_dag.py
[2023-01-15T09:11:04.748+0000] {processor.py:768} INFO - DAG(s) dict_keys(['example_trigger_controller_dag']) retrieved from /home/airflow/.local/lib/python3.7/site-packages/airflow/example_dags/example_trigger_controller_dag.py
[2023-01-15T09:11:04.885+0000] {logging_mixin.py:117} INFO - [2023-01-15T09:11:04.885+0000] {dag.py:2573} INFO - Sync 1 DAGs
[2023-01-15T09:11:04.959+0000] {logging_mixin.py:117} INFO - [2023-01-15T09:11:04.959+0000] {dag.py:3328} INFO - Setting next_dagrun for example_trigger_controller_dag to 2021-01-01T00:00:00+00:00, run_after=2021-01-01T00:00:00+00:00
[2023-01-15T09:11:04.992+0000] {processor.py:178} INFO - Processing /home/airflow/.local/lib/python3.7/site-packages/airflow/example_dags/example_trigger_controller_dag.py took 0.273 seconds
[2023-01-15T09:32:51.853+0000] {processor.py:156} INFO - Started process (PID=24767) to work on /home/airflow/.local/lib/python3.7/site-packages/airflow/example_dags/example_trigger_controller_dag.py
[2023-01-15T09:32:51.855+0000] {processor.py:758} INFO - Processing file /home/airflow/.local/lib/python3.7/site-packages/airflow/example_dags/example_trigger_controller_dag.py for tasks to queue
[2023-01-15T09:32:51.857+0000] {logging_mixin.py:117} INFO - [2023-01-15T09:32:51.856+0000] {dagbag.py:525} INFO - Filling up the DagBag from /home/airflow/.local/lib/python3.7/site-packages/airflow/example_dags/example_trigger_controller_dag.py
[2023-01-15T09:32:51.871+0000] {processor.py:768} INFO - DAG(s) dict_keys(['example_trigger_controller_dag']) retrieved from /home/airflow/.local/lib/python3.7/site-packages/airflow/example_dags/example_trigger_controller_dag.py
[2023-01-15T09:32:51.920+0000] {logging_mixin.py:117} INFO - [2023-01-15T09:32:51.920+0000] {dag.py:2573} INFO - Sync 1 DAGs
[2023-01-15T09:32:51.946+0000] {logging_mixin.py:117} INFO - [2023-01-15T09:32:51.946+0000] {dag.py:3328} INFO - Setting next_dagrun for example_trigger_controller_dag to 2021-01-01T00:00:00+00:00, run_after=2021-01-01T00:00:00+00:00
[2023-01-15T09:32:51.971+0000] {processor.py:178} INFO - Processing /home/airflow/.local/lib/python3.7/site-packages/airflow/example_dags/example_trigger_controller_dag.py took 0.123 seconds
[2023-01-15T09:33:54.598+0000] {processor.py:156} INFO - Started process (PID=24830) to work on /home/airflow/.local/lib/python3.7/site-packages/airflow/example_dags/example_trigger_controller_dag.py
[2023-01-15T09:33:54.599+0000] {processor.py:758} INFO - Processing file /home/airflow/.local/lib/python3.7/site-packages/airflow/example_dags/example_trigger_controller_dag.py for tasks to queue
[2023-01-15T09:33:54.600+0000] {logging_mixin.py:117} INFO - [2023-01-15T09:33:54.600+0000] {dagbag.py:525} INFO - Filling up the DagBag from /home/airflow/.local/lib/python3.7/site-packages/airflow/example_dags/example_trigger_controller_dag.py
[2023-01-15T09:33:54.608+0000] {processor.py:768} INFO - DAG(s) dict_keys(['example_trigger_controller_dag']) retrieved from /home/airflow/.local/lib/python3.7/site-packages/airflow/example_dags/example_trigger_controller_dag.py
[2023-01-15T09:33:54.636+0000] {logging_mixin.py:117} INFO - [2023-01-15T09:33:54.636+0000] {dag.py:2573} INFO - Sync 1 DAGs
[2023-01-15T09:33:54.650+0000] {logging_mixin.py:117} INFO - [2023-01-15T09:33:54.650+0000] {dag.py:3328} INFO - Setting next_dagrun for example_trigger_controller_dag to 2021-01-01T00:00:00+00:00, run_after=2021-01-01T00:00:00+00:00
[2023-01-15T09:33:54.660+0000] {processor.py:178} INFO - Processing /home/airflow/.local/lib/python3.7/site-packages/airflow/example_dags/example_trigger_controller_dag.py took 0.065 seconds
[2023-01-15T09:43:28.113+0000] {processor.py:156} INFO - Started process (PID=24893) to work on /home/airflow/.local/lib/python3.7/site-packages/airflow/example_dags/example_trigger_controller_dag.py
[2023-01-15T09:43:28.115+0000] {processor.py:758} INFO - Processing file /home/airflow/.local/lib/python3.7/site-packages/airflow/example_dags/example_trigger_controller_dag.py for tasks to queue
[2023-01-15T09:43:28.116+0000] {logging_mixin.py:117} INFO - [2023-01-15T09:43:28.116+0000] {dagbag.py:525} INFO - Filling up the DagBag from /home/airflow/.local/lib/python3.7/site-packages/airflow/example_dags/example_trigger_controller_dag.py
[2023-01-15T09:43:28.155+0000] {processor.py:768} INFO - DAG(s) dict_keys(['example_trigger_controller_dag']) retrieved from /home/airflow/.local/lib/python3.7/site-packages/airflow/example_dags/example_trigger_controller_dag.py
[2023-01-15T09:43:28.268+0000] {logging_mixin.py:117} INFO - [2023-01-15T09:43:28.267+0000] {dag.py:2573} INFO - Sync 1 DAGs
[2023-01-15T09:43:28.324+0000] {logging_mixin.py:117} INFO - [2023-01-15T09:43:28.324+0000] {dag.py:3328} INFO - Setting next_dagrun for example_trigger_controller_dag to 2021-01-01T00:00:00+00:00, run_after=2021-01-01T00:00:00+00:00
[2023-01-15T09:43:28.402+0000] {processor.py:178} INFO - Processing /home/airflow/.local/lib/python3.7/site-packages/airflow/example_dags/example_trigger_controller_dag.py took 0.291 seconds
[2023-01-15T11:04:07.854+0000] {processor.py:156} INFO - Started process (PID=24955) to work on /home/airflow/.local/lib/python3.7/site-packages/airflow/example_dags/example_trigger_controller_dag.py
[2023-01-15T11:04:07.859+0000] {processor.py:758} INFO - Processing file /home/airflow/.local/lib/python3.7/site-packages/airflow/example_dags/example_trigger_controller_dag.py for tasks to queue
[2023-01-15T11:04:07.861+0000] {logging_mixin.py:117} INFO - [2023-01-15T11:04:07.861+0000] {dagbag.py:525} INFO - Filling up the DagBag from /home/airflow/.local/lib/python3.7/site-packages/airflow/example_dags/example_trigger_controller_dag.py
[2023-01-15T11:04:07.884+0000] {processor.py:768} INFO - DAG(s) dict_keys(['example_trigger_controller_dag']) retrieved from /home/airflow/.local/lib/python3.7/site-packages/airflow/example_dags/example_trigger_controller_dag.py
[2023-01-15T11:04:07.945+0000] {logging_mixin.py:117} INFO - [2023-01-15T11:04:07.945+0000] {dag.py:2573} INFO - Sync 1 DAGs
[2023-01-15T11:04:07.975+0000] {logging_mixin.py:117} INFO - [2023-01-15T11:04:07.975+0000] {dag.py:3328} INFO - Setting next_dagrun for example_trigger_controller_dag to 2021-01-01T00:00:00+00:00, run_after=2021-01-01T00:00:00+00:00
[2023-01-15T11:04:07.994+0000] {processor.py:178} INFO - Processing /home/airflow/.local/lib/python3.7/site-packages/airflow/example_dags/example_trigger_controller_dag.py took 0.143 seconds
[2023-01-15T12:04:14.848+0000] {processor.py:156} INFO - Started process (PID=25010) to work on /home/airflow/.local/lib/python3.7/site-packages/airflow/example_dags/example_trigger_controller_dag.py
[2023-01-15T12:04:14.850+0000] {processor.py:758} INFO - Processing file /home/airflow/.local/lib/python3.7/site-packages/airflow/example_dags/example_trigger_controller_dag.py for tasks to queue
[2023-01-15T12:04:14.851+0000] {logging_mixin.py:117} INFO - [2023-01-15T12:04:14.851+0000] {dagbag.py:525} INFO - Filling up the DagBag from /home/airflow/.local/lib/python3.7/site-packages/airflow/example_dags/example_trigger_controller_dag.py
[2023-01-15T12:04:14.871+0000] {processor.py:768} INFO - DAG(s) dict_keys(['example_trigger_controller_dag']) retrieved from /home/airflow/.local/lib/python3.7/site-packages/airflow/example_dags/example_trigger_controller_dag.py
[2023-01-15T12:04:14.917+0000] {logging_mixin.py:117} INFO - [2023-01-15T12:04:14.917+0000] {dag.py:2573} INFO - Sync 1 DAGs
[2023-01-15T12:04:14.938+0000] {logging_mixin.py:117} INFO - [2023-01-15T12:04:14.938+0000] {dag.py:3328} INFO - Setting next_dagrun for example_trigger_controller_dag to 2021-01-01T00:00:00+00:00, run_after=2021-01-01T00:00:00+00:00
[2023-01-15T12:04:14.952+0000] {processor.py:178} INFO - Processing /home/airflow/.local/lib/python3.7/site-packages/airflow/example_dags/example_trigger_controller_dag.py took 0.109 seconds
[2023-01-15T12:42:36.375+0000] {processor.py:156} INFO - Started process (PID=25073) to work on /home/airflow/.local/lib/python3.7/site-packages/airflow/example_dags/example_trigger_controller_dag.py
[2023-01-15T12:42:36.377+0000] {processor.py:758} INFO - Processing file /home/airflow/.local/lib/python3.7/site-packages/airflow/example_dags/example_trigger_controller_dag.py for tasks to queue
[2023-01-15T12:42:36.379+0000] {logging_mixin.py:117} INFO - [2023-01-15T12:42:36.379+0000] {dagbag.py:525} INFO - Filling up the DagBag from /home/airflow/.local/lib/python3.7/site-packages/airflow/example_dags/example_trigger_controller_dag.py
[2023-01-15T12:42:36.394+0000] {processor.py:768} INFO - DAG(s) dict_keys(['example_trigger_controller_dag']) retrieved from /home/airflow/.local/lib/python3.7/site-packages/airflow/example_dags/example_trigger_controller_dag.py
[2023-01-15T12:42:36.446+0000] {logging_mixin.py:117} INFO - [2023-01-15T12:42:36.446+0000] {dag.py:2573} INFO - Sync 1 DAGs
[2023-01-15T12:42:36.489+0000] {logging_mixin.py:117} INFO - [2023-01-15T12:42:36.489+0000] {dag.py:3328} INFO - Setting next_dagrun for example_trigger_controller_dag to 2021-01-01T00:00:00+00:00, run_after=2021-01-01T00:00:00+00:00
[2023-01-15T12:42:36.529+0000] {processor.py:178} INFO - Processing /home/airflow/.local/lib/python3.7/site-packages/airflow/example_dags/example_trigger_controller_dag.py took 0.157 seconds
[2023-01-15T13:21:54.566+0000] {processor.py:156} INFO - Started process (PID=25136) to work on /home/airflow/.local/lib/python3.7/site-packages/airflow/example_dags/example_trigger_controller_dag.py
[2023-01-15T13:21:54.567+0000] {processor.py:758} INFO - Processing file /home/airflow/.local/lib/python3.7/site-packages/airflow/example_dags/example_trigger_controller_dag.py for tasks to queue
[2023-01-15T13:21:54.567+0000] {logging_mixin.py:117} INFO - [2023-01-15T13:21:54.567+0000] {dagbag.py:525} INFO - Filling up the DagBag from /home/airflow/.local/lib/python3.7/site-packages/airflow/example_dags/example_trigger_controller_dag.py
[2023-01-15T13:21:54.576+0000] {processor.py:768} INFO - DAG(s) dict_keys(['example_trigger_controller_dag']) retrieved from /home/airflow/.local/lib/python3.7/site-packages/airflow/example_dags/example_trigger_controller_dag.py
[2023-01-15T13:21:54.604+0000] {logging_mixin.py:117} INFO - [2023-01-15T13:21:54.604+0000] {dag.py:2573} INFO - Sync 1 DAGs
[2023-01-15T13:21:54.617+0000] {logging_mixin.py:117} INFO - [2023-01-15T13:21:54.617+0000] {dag.py:3328} INFO - Setting next_dagrun for example_trigger_controller_dag to 2021-01-01T00:00:00+00:00, run_after=2021-01-01T00:00:00+00:00
[2023-01-15T13:21:54.628+0000] {processor.py:178} INFO - Processing /home/airflow/.local/lib/python3.7/site-packages/airflow/example_dags/example_trigger_controller_dag.py took 0.065 seconds
[2023-01-15T13:38:27.176+0000] {processor.py:156} INFO - Started process (PID=25190) to work on /home/airflow/.local/lib/python3.7/site-packages/airflow/example_dags/example_trigger_controller_dag.py
[2023-01-15T13:38:27.182+0000] {processor.py:758} INFO - Processing file /home/airflow/.local/lib/python3.7/site-packages/airflow/example_dags/example_trigger_controller_dag.py for tasks to queue
[2023-01-15T13:38:27.184+0000] {logging_mixin.py:117} INFO - [2023-01-15T13:38:27.184+0000] {dagbag.py:525} INFO - Filling up the DagBag from /home/airflow/.local/lib/python3.7/site-packages/airflow/example_dags/example_trigger_controller_dag.py
[2023-01-15T13:38:27.225+0000] {processor.py:768} INFO - DAG(s) dict_keys(['example_trigger_controller_dag']) retrieved from /home/airflow/.local/lib/python3.7/site-packages/airflow/example_dags/example_trigger_controller_dag.py
[2023-01-15T13:38:27.346+0000] {logging_mixin.py:117} INFO - [2023-01-15T13:38:27.346+0000] {dag.py:2573} INFO - Sync 1 DAGs
[2023-01-15T13:38:27.392+0000] {logging_mixin.py:117} INFO - [2023-01-15T13:38:27.392+0000] {dag.py:3328} INFO - Setting next_dagrun for example_trigger_controller_dag to 2021-01-01T00:00:00+00:00, run_after=2021-01-01T00:00:00+00:00
[2023-01-15T13:38:27.415+0000] {processor.py:178} INFO - Processing /home/airflow/.local/lib/python3.7/site-packages/airflow/example_dags/example_trigger_controller_dag.py took 0.245 seconds
[2023-01-15T13:38:57.999+0000] {processor.py:156} INFO - Started process (PID=25253) to work on /home/airflow/.local/lib/python3.7/site-packages/airflow/example_dags/example_trigger_controller_dag.py
[2023-01-15T13:38:58.000+0000] {processor.py:758} INFO - Processing file /home/airflow/.local/lib/python3.7/site-packages/airflow/example_dags/example_trigger_controller_dag.py for tasks to queue
[2023-01-15T13:38:58.000+0000] {logging_mixin.py:117} INFO - [2023-01-15T13:38:58.000+0000] {dagbag.py:525} INFO - Filling up the DagBag from /home/airflow/.local/lib/python3.7/site-packages/airflow/example_dags/example_trigger_controller_dag.py
[2023-01-15T13:38:58.009+0000] {processor.py:768} INFO - DAG(s) dict_keys(['example_trigger_controller_dag']) retrieved from /home/airflow/.local/lib/python3.7/site-packages/airflow/example_dags/example_trigger_controller_dag.py
[2023-01-15T13:38:58.037+0000] {logging_mixin.py:117} INFO - [2023-01-15T13:38:58.037+0000] {dag.py:2573} INFO - Sync 1 DAGs
[2023-01-15T13:38:58.051+0000] {logging_mixin.py:117} INFO - [2023-01-15T13:38:58.050+0000] {dag.py:3328} INFO - Setting next_dagrun for example_trigger_controller_dag to 2021-01-01T00:00:00+00:00, run_after=2021-01-01T00:00:00+00:00
[2023-01-15T13:38:58.061+0000] {processor.py:178} INFO - Processing /home/airflow/.local/lib/python3.7/site-packages/airflow/example_dags/example_trigger_controller_dag.py took 0.065 seconds
[2023-01-15T13:39:28.535+0000] {processor.py:156} INFO - Started process (PID=25316) to work on /home/airflow/.local/lib/python3.7/site-packages/airflow/example_dags/example_trigger_controller_dag.py
[2023-01-15T13:39:28.536+0000] {processor.py:758} INFO - Processing file /home/airflow/.local/lib/python3.7/site-packages/airflow/example_dags/example_trigger_controller_dag.py for tasks to queue
[2023-01-15T13:39:28.537+0000] {logging_mixin.py:117} INFO - [2023-01-15T13:39:28.537+0000] {dagbag.py:525} INFO - Filling up the DagBag from /home/airflow/.local/lib/python3.7/site-packages/airflow/example_dags/example_trigger_controller_dag.py
[2023-01-15T13:39:28.545+0000] {processor.py:768} INFO - DAG(s) dict_keys(['example_trigger_controller_dag']) retrieved from /home/airflow/.local/lib/python3.7/site-packages/airflow/example_dags/example_trigger_controller_dag.py
[2023-01-15T13:39:28.573+0000] {logging_mixin.py:117} INFO - [2023-01-15T13:39:28.573+0000] {dag.py:2573} INFO - Sync 1 DAGs
[2023-01-15T13:39:28.589+0000] {logging_mixin.py:117} INFO - [2023-01-15T13:39:28.589+0000] {dag.py:3328} INFO - Setting next_dagrun for example_trigger_controller_dag to 2021-01-01T00:00:00+00:00, run_after=2021-01-01T00:00:00+00:00
[2023-01-15T13:39:28.600+0000] {processor.py:178} INFO - Processing /home/airflow/.local/lib/python3.7/site-packages/airflow/example_dags/example_trigger_controller_dag.py took 0.068 seconds
[2023-01-15T13:39:58.881+0000] {processor.py:156} INFO - Started process (PID=25379) to work on /home/airflow/.local/lib/python3.7/site-packages/airflow/example_dags/example_trigger_controller_dag.py
[2023-01-15T13:39:58.882+0000] {processor.py:758} INFO - Processing file /home/airflow/.local/lib/python3.7/site-packages/airflow/example_dags/example_trigger_controller_dag.py for tasks to queue
[2023-01-15T13:39:58.883+0000] {logging_mixin.py:117} INFO - [2023-01-15T13:39:58.883+0000] {dagbag.py:525} INFO - Filling up the DagBag from /home/airflow/.local/lib/python3.7/site-packages/airflow/example_dags/example_trigger_controller_dag.py
[2023-01-15T13:39:58.893+0000] {processor.py:768} INFO - DAG(s) dict_keys(['example_trigger_controller_dag']) retrieved from /home/airflow/.local/lib/python3.7/site-packages/airflow/example_dags/example_trigger_controller_dag.py
[2023-01-15T13:39:58.927+0000] {logging_mixin.py:117} INFO - [2023-01-15T13:39:58.927+0000] {dag.py:2573} INFO - Sync 1 DAGs
[2023-01-15T13:39:58.954+0000] {logging_mixin.py:117} INFO - [2023-01-15T13:39:58.954+0000] {dag.py:3328} INFO - Setting next_dagrun for example_trigger_controller_dag to 2021-01-01T00:00:00+00:00, run_after=2021-01-01T00:00:00+00:00
[2023-01-15T13:39:58.976+0000] {processor.py:178} INFO - Processing /home/airflow/.local/lib/python3.7/site-packages/airflow/example_dags/example_trigger_controller_dag.py took 0.098 seconds
[2023-01-15T13:40:29.358+0000] {processor.py:156} INFO - Started process (PID=25442) to work on /home/airflow/.local/lib/python3.7/site-packages/airflow/example_dags/example_trigger_controller_dag.py
[2023-01-15T13:40:29.360+0000] {processor.py:758} INFO - Processing file /home/airflow/.local/lib/python3.7/site-packages/airflow/example_dags/example_trigger_controller_dag.py for tasks to queue
[2023-01-15T13:40:29.360+0000] {logging_mixin.py:117} INFO - [2023-01-15T13:40:29.360+0000] {dagbag.py:525} INFO - Filling up the DagBag from /home/airflow/.local/lib/python3.7/site-packages/airflow/example_dags/example_trigger_controller_dag.py
[2023-01-15T13:40:29.368+0000] {processor.py:768} INFO - DAG(s) dict_keys(['example_trigger_controller_dag']) retrieved from /home/airflow/.local/lib/python3.7/site-packages/airflow/example_dags/example_trigger_controller_dag.py
[2023-01-15T13:40:29.396+0000] {logging_mixin.py:117} INFO - [2023-01-15T13:40:29.396+0000] {dag.py:2573} INFO - Sync 1 DAGs
[2023-01-15T13:40:29.410+0000] {logging_mixin.py:117} INFO - [2023-01-15T13:40:29.410+0000] {dag.py:3328} INFO - Setting next_dagrun for example_trigger_controller_dag to 2021-01-01T00:00:00+00:00, run_after=2021-01-01T00:00:00+00:00
[2023-01-15T13:40:29.420+0000] {processor.py:178} INFO - Processing /home/airflow/.local/lib/python3.7/site-packages/airflow/example_dags/example_trigger_controller_dag.py took 0.064 seconds
[2023-01-15T13:40:59.895+0000] {processor.py:156} INFO - Started process (PID=25505) to work on /home/airflow/.local/lib/python3.7/site-packages/airflow/example_dags/example_trigger_controller_dag.py
[2023-01-15T13:40:59.897+0000] {processor.py:758} INFO - Processing file /home/airflow/.local/lib/python3.7/site-packages/airflow/example_dags/example_trigger_controller_dag.py for tasks to queue
[2023-01-15T13:40:59.898+0000] {logging_mixin.py:117} INFO - [2023-01-15T13:40:59.898+0000] {dagbag.py:525} INFO - Filling up the DagBag from /home/airflow/.local/lib/python3.7/site-packages/airflow/example_dags/example_trigger_controller_dag.py
[2023-01-15T13:40:59.906+0000] {processor.py:768} INFO - DAG(s) dict_keys(['example_trigger_controller_dag']) retrieved from /home/airflow/.local/lib/python3.7/site-packages/airflow/example_dags/example_trigger_controller_dag.py
[2023-01-15T13:40:59.934+0000] {logging_mixin.py:117} INFO - [2023-01-15T13:40:59.934+0000] {dag.py:2573} INFO - Sync 1 DAGs
[2023-01-15T13:40:59.948+0000] {logging_mixin.py:117} INFO - [2023-01-15T13:40:59.948+0000] {dag.py:3328} INFO - Setting next_dagrun for example_trigger_controller_dag to 2021-01-01T00:00:00+00:00, run_after=2021-01-01T00:00:00+00:00
[2023-01-15T13:40:59.959+0000] {processor.py:178} INFO - Processing /home/airflow/.local/lib/python3.7/site-packages/airflow/example_dags/example_trigger_controller_dag.py took 0.066 seconds
[2023-01-15T13:41:30.129+0000] {processor.py:156} INFO - Started process (PID=25566) to work on /home/airflow/.local/lib/python3.7/site-packages/airflow/example_dags/example_trigger_controller_dag.py
[2023-01-15T13:41:30.130+0000] {processor.py:758} INFO - Processing file /home/airflow/.local/lib/python3.7/site-packages/airflow/example_dags/example_trigger_controller_dag.py for tasks to queue
[2023-01-15T13:41:30.130+0000] {logging_mixin.py:117} INFO - [2023-01-15T13:41:30.130+0000] {dagbag.py:525} INFO - Filling up the DagBag from /home/airflow/.local/lib/python3.7/site-packages/airflow/example_dags/example_trigger_controller_dag.py
[2023-01-15T13:41:30.139+0000] {processor.py:768} INFO - DAG(s) dict_keys(['example_trigger_controller_dag']) retrieved from /home/airflow/.local/lib/python3.7/site-packages/airflow/example_dags/example_trigger_controller_dag.py
[2023-01-15T13:41:30.168+0000] {logging_mixin.py:117} INFO - [2023-01-15T13:41:30.168+0000] {dag.py:2573} INFO - Sync 1 DAGs
[2023-01-15T13:41:30.183+0000] {logging_mixin.py:117} INFO - [2023-01-15T13:41:30.183+0000] {dag.py:3328} INFO - Setting next_dagrun for example_trigger_controller_dag to 2021-01-01T00:00:00+00:00, run_after=2021-01-01T00:00:00+00:00
[2023-01-15T13:41:30.195+0000] {processor.py:178} INFO - Processing /home/airflow/.local/lib/python3.7/site-packages/airflow/example_dags/example_trigger_controller_dag.py took 0.069 seconds
[2023-01-15T13:42:00.525+0000] {processor.py:156} INFO - Started process (PID=25622) to work on /home/airflow/.local/lib/python3.7/site-packages/airflow/example_dags/example_trigger_controller_dag.py
[2023-01-15T13:42:00.526+0000] {processor.py:758} INFO - Processing file /home/airflow/.local/lib/python3.7/site-packages/airflow/example_dags/example_trigger_controller_dag.py for tasks to queue
[2023-01-15T13:42:00.527+0000] {logging_mixin.py:117} INFO - [2023-01-15T13:42:00.527+0000] {dagbag.py:525} INFO - Filling up the DagBag from /home/airflow/.local/lib/python3.7/site-packages/airflow/example_dags/example_trigger_controller_dag.py
[2023-01-15T13:42:00.535+0000] {processor.py:768} INFO - DAG(s) dict_keys(['example_trigger_controller_dag']) retrieved from /home/airflow/.local/lib/python3.7/site-packages/airflow/example_dags/example_trigger_controller_dag.py
[2023-01-15T13:42:00.561+0000] {logging_mixin.py:117} INFO - [2023-01-15T13:42:00.561+0000] {dag.py:2573} INFO - Sync 1 DAGs
[2023-01-15T13:42:00.575+0000] {logging_mixin.py:117} INFO - [2023-01-15T13:42:00.575+0000] {dag.py:3328} INFO - Setting next_dagrun for example_trigger_controller_dag to 2021-01-01T00:00:00+00:00, run_after=2021-01-01T00:00:00+00:00
[2023-01-15T13:42:00.585+0000] {processor.py:178} INFO - Processing /home/airflow/.local/lib/python3.7/site-packages/airflow/example_dags/example_trigger_controller_dag.py took 0.062 seconds
[2023-01-15T13:58:04.527+0000] {processor.py:156} INFO - Started process (PID=25686) to work on /home/airflow/.local/lib/python3.7/site-packages/airflow/example_dags/example_trigger_controller_dag.py
[2023-01-15T13:58:04.528+0000] {processor.py:758} INFO - Processing file /home/airflow/.local/lib/python3.7/site-packages/airflow/example_dags/example_trigger_controller_dag.py for tasks to queue
[2023-01-15T13:58:04.529+0000] {logging_mixin.py:117} INFO - [2023-01-15T13:58:04.529+0000] {dagbag.py:525} INFO - Filling up the DagBag from /home/airflow/.local/lib/python3.7/site-packages/airflow/example_dags/example_trigger_controller_dag.py
[2023-01-15T13:58:04.548+0000] {processor.py:768} INFO - DAG(s) dict_keys(['example_trigger_controller_dag']) retrieved from /home/airflow/.local/lib/python3.7/site-packages/airflow/example_dags/example_trigger_controller_dag.py
[2023-01-15T13:58:04.604+0000] {logging_mixin.py:117} INFO - [2023-01-15T13:58:04.603+0000] {dag.py:2573} INFO - Sync 1 DAGs
[2023-01-15T13:58:04.626+0000] {logging_mixin.py:117} INFO - [2023-01-15T13:58:04.626+0000] {dag.py:3328} INFO - Setting next_dagrun for example_trigger_controller_dag to 2021-01-01T00:00:00+00:00, run_after=2021-01-01T00:00:00+00:00
[2023-01-15T13:58:04.643+0000] {processor.py:178} INFO - Processing /home/airflow/.local/lib/python3.7/site-packages/airflow/example_dags/example_trigger_controller_dag.py took 0.122 seconds
[2023-01-15T14:09:06.997+0000] {processor.py:156} INFO - Started process (PID=25749) to work on /home/airflow/.local/lib/python3.7/site-packages/airflow/example_dags/example_trigger_controller_dag.py
[2023-01-15T14:09:07.004+0000] {processor.py:758} INFO - Processing file /home/airflow/.local/lib/python3.7/site-packages/airflow/example_dags/example_trigger_controller_dag.py for tasks to queue
[2023-01-15T14:09:07.006+0000] {logging_mixin.py:117} INFO - [2023-01-15T14:09:07.005+0000] {dagbag.py:525} INFO - Filling up the DagBag from /home/airflow/.local/lib/python3.7/site-packages/airflow/example_dags/example_trigger_controller_dag.py
[2023-01-15T14:09:07.016+0000] {processor.py:768} INFO - DAG(s) dict_keys(['example_trigger_controller_dag']) retrieved from /home/airflow/.local/lib/python3.7/site-packages/airflow/example_dags/example_trigger_controller_dag.py
[2023-01-15T14:09:07.071+0000] {logging_mixin.py:117} INFO - [2023-01-15T14:09:07.071+0000] {dag.py:2573} INFO - Sync 1 DAGs
[2023-01-15T14:09:07.093+0000] {logging_mixin.py:117} INFO - [2023-01-15T14:09:07.093+0000] {dag.py:3328} INFO - Setting next_dagrun for example_trigger_controller_dag to 2021-01-01T00:00:00+00:00, run_after=2021-01-01T00:00:00+00:00
[2023-01-15T14:09:07.105+0000] {processor.py:178} INFO - Processing /home/airflow/.local/lib/python3.7/site-packages/airflow/example_dags/example_trigger_controller_dag.py took 0.111 seconds
[2023-01-15T14:09:37.892+0000] {processor.py:156} INFO - Started process (PID=25812) to work on /home/airflow/.local/lib/python3.7/site-packages/airflow/example_dags/example_trigger_controller_dag.py
[2023-01-15T14:09:37.893+0000] {processor.py:758} INFO - Processing file /home/airflow/.local/lib/python3.7/site-packages/airflow/example_dags/example_trigger_controller_dag.py for tasks to queue
[2023-01-15T14:09:37.894+0000] {logging_mixin.py:117} INFO - [2023-01-15T14:09:37.894+0000] {dagbag.py:525} INFO - Filling up the DagBag from /home/airflow/.local/lib/python3.7/site-packages/airflow/example_dags/example_trigger_controller_dag.py
[2023-01-15T14:09:37.903+0000] {processor.py:768} INFO - DAG(s) dict_keys(['example_trigger_controller_dag']) retrieved from /home/airflow/.local/lib/python3.7/site-packages/airflow/example_dags/example_trigger_controller_dag.py
[2023-01-15T14:09:37.931+0000] {logging_mixin.py:117} INFO - [2023-01-15T14:09:37.931+0000] {dag.py:2573} INFO - Sync 1 DAGs
[2023-01-15T14:09:37.947+0000] {logging_mixin.py:117} INFO - [2023-01-15T14:09:37.947+0000] {dag.py:3328} INFO - Setting next_dagrun for example_trigger_controller_dag to 2021-01-01T00:00:00+00:00, run_after=2021-01-01T00:00:00+00:00
[2023-01-15T14:09:37.957+0000] {processor.py:178} INFO - Processing /home/airflow/.local/lib/python3.7/site-packages/airflow/example_dags/example_trigger_controller_dag.py took 0.069 seconds
[2023-01-15T14:59:11.597+0000] {processor.py:156} INFO - Started process (PID=25867) to work on /home/airflow/.local/lib/python3.7/site-packages/airflow/example_dags/example_trigger_controller_dag.py
[2023-01-15T14:59:11.600+0000] {processor.py:758} INFO - Processing file /home/airflow/.local/lib/python3.7/site-packages/airflow/example_dags/example_trigger_controller_dag.py for tasks to queue
[2023-01-15T14:59:11.604+0000] {logging_mixin.py:117} INFO - [2023-01-15T14:59:11.604+0000] {dagbag.py:525} INFO - Filling up the DagBag from /home/airflow/.local/lib/python3.7/site-packages/airflow/example_dags/example_trigger_controller_dag.py
[2023-01-15T14:59:11.627+0000] {processor.py:768} INFO - DAG(s) dict_keys(['example_trigger_controller_dag']) retrieved from /home/airflow/.local/lib/python3.7/site-packages/airflow/example_dags/example_trigger_controller_dag.py
[2023-01-15T14:59:11.732+0000] {logging_mixin.py:117} INFO - [2023-01-15T14:59:11.731+0000] {dag.py:2573} INFO - Sync 1 DAGs
[2023-01-15T14:59:11.774+0000] {logging_mixin.py:117} INFO - [2023-01-15T14:59:11.774+0000] {dag.py:3328} INFO - Setting next_dagrun for example_trigger_controller_dag to 2021-01-01T00:00:00+00:00, run_after=2021-01-01T00:00:00+00:00
[2023-01-15T14:59:11.799+0000] {processor.py:178} INFO - Processing /home/airflow/.local/lib/python3.7/site-packages/airflow/example_dags/example_trigger_controller_dag.py took 0.214 seconds
[2023-01-15T16:21:34.610+0000] {processor.py:156} INFO - Started process (PID=25930) to work on /home/airflow/.local/lib/python3.7/site-packages/airflow/example_dags/example_trigger_controller_dag.py
[2023-01-15T16:21:34.612+0000] {processor.py:758} INFO - Processing file /home/airflow/.local/lib/python3.7/site-packages/airflow/example_dags/example_trigger_controller_dag.py for tasks to queue
[2023-01-15T16:21:34.612+0000] {logging_mixin.py:117} INFO - [2023-01-15T16:21:34.612+0000] {dagbag.py:525} INFO - Filling up the DagBag from /home/airflow/.local/lib/python3.7/site-packages/airflow/example_dags/example_trigger_controller_dag.py
[2023-01-15T16:21:34.631+0000] {processor.py:768} INFO - DAG(s) dict_keys(['example_trigger_controller_dag']) retrieved from /home/airflow/.local/lib/python3.7/site-packages/airflow/example_dags/example_trigger_controller_dag.py
[2023-01-15T16:21:34.672+0000] {logging_mixin.py:117} INFO - [2023-01-15T16:21:34.671+0000] {dag.py:2573} INFO - Sync 1 DAGs
[2023-01-15T16:21:34.691+0000] {logging_mixin.py:117} INFO - [2023-01-15T16:21:34.691+0000] {dag.py:3328} INFO - Setting next_dagrun for example_trigger_controller_dag to 2021-01-01T00:00:00+00:00, run_after=2021-01-01T00:00:00+00:00
[2023-01-15T16:21:34.711+0000] {processor.py:178} INFO - Processing /home/airflow/.local/lib/python3.7/site-packages/airflow/example_dags/example_trigger_controller_dag.py took 0.108 seconds
[2023-01-15T17:27:02.334+0000] {processor.py:156} INFO - Started process (PID=25993) to work on /home/airflow/.local/lib/python3.7/site-packages/airflow/example_dags/example_trigger_controller_dag.py
[2023-01-15T17:27:02.336+0000] {processor.py:758} INFO - Processing file /home/airflow/.local/lib/python3.7/site-packages/airflow/example_dags/example_trigger_controller_dag.py for tasks to queue
[2023-01-15T17:27:02.337+0000] {logging_mixin.py:117} INFO - [2023-01-15T17:27:02.337+0000] {dagbag.py:525} INFO - Filling up the DagBag from /home/airflow/.local/lib/python3.7/site-packages/airflow/example_dags/example_trigger_controller_dag.py
[2023-01-15T17:27:02.348+0000] {processor.py:768} INFO - DAG(s) dict_keys(['example_trigger_controller_dag']) retrieved from /home/airflow/.local/lib/python3.7/site-packages/airflow/example_dags/example_trigger_controller_dag.py
[2023-01-15T17:27:02.384+0000] {logging_mixin.py:117} INFO - [2023-01-15T17:27:02.384+0000] {dag.py:2573} INFO - Sync 1 DAGs
[2023-01-15T17:27:02.416+0000] {logging_mixin.py:117} INFO - [2023-01-15T17:27:02.416+0000] {dag.py:3328} INFO - Setting next_dagrun for example_trigger_controller_dag to 2021-01-01T00:00:00+00:00, run_after=2021-01-01T00:00:00+00:00
[2023-01-15T17:27:02.457+0000] {processor.py:178} INFO - Processing /home/airflow/.local/lib/python3.7/site-packages/airflow/example_dags/example_trigger_controller_dag.py took 0.125 seconds
[2023-01-15T18:23:34.933+0000] {processor.py:156} INFO - Started process (PID=26056) to work on /home/airflow/.local/lib/python3.7/site-packages/airflow/example_dags/example_trigger_controller_dag.py
[2023-01-15T18:23:34.936+0000] {processor.py:758} INFO - Processing file /home/airflow/.local/lib/python3.7/site-packages/airflow/example_dags/example_trigger_controller_dag.py for tasks to queue
[2023-01-15T18:23:34.938+0000] {logging_mixin.py:117} INFO - [2023-01-15T18:23:34.937+0000] {dagbag.py:525} INFO - Filling up the DagBag from /home/airflow/.local/lib/python3.7/site-packages/airflow/example_dags/example_trigger_controller_dag.py
[2023-01-15T18:23:34.962+0000] {processor.py:768} INFO - DAG(s) dict_keys(['example_trigger_controller_dag']) retrieved from /home/airflow/.local/lib/python3.7/site-packages/airflow/example_dags/example_trigger_controller_dag.py
[2023-01-15T18:23:35.038+0000] {logging_mixin.py:117} INFO - [2023-01-15T18:23:35.037+0000] {dag.py:2573} INFO - Sync 1 DAGs
[2023-01-15T18:23:35.064+0000] {logging_mixin.py:117} INFO - [2023-01-15T18:23:35.063+0000] {dag.py:3328} INFO - Setting next_dagrun for example_trigger_controller_dag to 2021-01-01T00:00:00+00:00, run_after=2021-01-01T00:00:00+00:00
[2023-01-15T18:23:35.094+0000] {processor.py:178} INFO - Processing /home/airflow/.local/lib/python3.7/site-packages/airflow/example_dags/example_trigger_controller_dag.py took 0.163 seconds
[2023-01-15T19:46:52.802+0000] {processor.py:156} INFO - Started process (PID=26110) to work on /home/airflow/.local/lib/python3.7/site-packages/airflow/example_dags/example_trigger_controller_dag.py
[2023-01-15T19:46:52.804+0000] {processor.py:758} INFO - Processing file /home/airflow/.local/lib/python3.7/site-packages/airflow/example_dags/example_trigger_controller_dag.py for tasks to queue
[2023-01-15T19:46:52.805+0000] {logging_mixin.py:117} INFO - [2023-01-15T19:46:52.805+0000] {dagbag.py:525} INFO - Filling up the DagBag from /home/airflow/.local/lib/python3.7/site-packages/airflow/example_dags/example_trigger_controller_dag.py
[2023-01-15T19:46:52.834+0000] {processor.py:768} INFO - DAG(s) dict_keys(['example_trigger_controller_dag']) retrieved from /home/airflow/.local/lib/python3.7/site-packages/airflow/example_dags/example_trigger_controller_dag.py
[2023-01-15T19:46:52.963+0000] {logging_mixin.py:117} INFO - [2023-01-15T19:46:52.963+0000] {dag.py:2573} INFO - Sync 1 DAGs
[2023-01-15T19:46:52.998+0000] {logging_mixin.py:117} INFO - [2023-01-15T19:46:52.998+0000] {dag.py:3328} INFO - Setting next_dagrun for example_trigger_controller_dag to 2021-01-01T00:00:00+00:00, run_after=2021-01-01T00:00:00+00:00
[2023-01-15T19:46:53.031+0000] {processor.py:178} INFO - Processing /home/airflow/.local/lib/python3.7/site-packages/airflow/example_dags/example_trigger_controller_dag.py took 0.239 seconds
[2023-01-15T20:53:27.162+0000] {processor.py:156} INFO - Started process (PID=26172) to work on /home/airflow/.local/lib/python3.7/site-packages/airflow/example_dags/example_trigger_controller_dag.py
[2023-01-15T20:53:27.164+0000] {processor.py:758} INFO - Processing file /home/airflow/.local/lib/python3.7/site-packages/airflow/example_dags/example_trigger_controller_dag.py for tasks to queue
[2023-01-15T20:53:27.165+0000] {logging_mixin.py:117} INFO - [2023-01-15T20:53:27.165+0000] {dagbag.py:525} INFO - Filling up the DagBag from /home/airflow/.local/lib/python3.7/site-packages/airflow/example_dags/example_trigger_controller_dag.py
[2023-01-15T20:53:27.208+0000] {processor.py:768} INFO - DAG(s) dict_keys(['example_trigger_controller_dag']) retrieved from /home/airflow/.local/lib/python3.7/site-packages/airflow/example_dags/example_trigger_controller_dag.py
[2023-01-15T20:53:27.263+0000] {logging_mixin.py:117} INFO - [2023-01-15T20:53:27.263+0000] {dag.py:2573} INFO - Sync 1 DAGs
[2023-01-15T20:53:27.291+0000] {logging_mixin.py:117} INFO - [2023-01-15T20:53:27.291+0000] {dag.py:3328} INFO - Setting next_dagrun for example_trigger_controller_dag to 2021-01-01T00:00:00+00:00, run_after=2021-01-01T00:00:00+00:00
[2023-01-15T20:53:27.306+0000] {processor.py:178} INFO - Processing /home/airflow/.local/lib/python3.7/site-packages/airflow/example_dags/example_trigger_controller_dag.py took 0.148 seconds
[2023-01-15T21:52:31.648+0000] {processor.py:156} INFO - Started process (PID=26235) to work on /home/airflow/.local/lib/python3.7/site-packages/airflow/example_dags/example_trigger_controller_dag.py
[2023-01-15T21:52:31.651+0000] {processor.py:758} INFO - Processing file /home/airflow/.local/lib/python3.7/site-packages/airflow/example_dags/example_trigger_controller_dag.py for tasks to queue
[2023-01-15T21:52:31.653+0000] {logging_mixin.py:117} INFO - [2023-01-15T21:52:31.652+0000] {dagbag.py:525} INFO - Filling up the DagBag from /home/airflow/.local/lib/python3.7/site-packages/airflow/example_dags/example_trigger_controller_dag.py
[2023-01-15T21:52:31.675+0000] {processor.py:768} INFO - DAG(s) dict_keys(['example_trigger_controller_dag']) retrieved from /home/airflow/.local/lib/python3.7/site-packages/airflow/example_dags/example_trigger_controller_dag.py
[2023-01-15T21:52:31.725+0000] {logging_mixin.py:117} INFO - [2023-01-15T21:52:31.725+0000] {dag.py:2573} INFO - Sync 1 DAGs
[2023-01-15T21:52:31.760+0000] {logging_mixin.py:117} INFO - [2023-01-15T21:52:31.760+0000] {dag.py:3328} INFO - Setting next_dagrun for example_trigger_controller_dag to 2021-01-01T00:00:00+00:00, run_after=2021-01-01T00:00:00+00:00
[2023-01-15T21:52:31.782+0000] {processor.py:178} INFO - Processing /home/airflow/.local/lib/python3.7/site-packages/airflow/example_dags/example_trigger_controller_dag.py took 0.137 seconds
[2023-01-15T23:15:48.581+0000] {processor.py:156} INFO - Started process (PID=26289) to work on /home/airflow/.local/lib/python3.7/site-packages/airflow/example_dags/example_trigger_controller_dag.py
[2023-01-15T23:15:48.582+0000] {processor.py:758} INFO - Processing file /home/airflow/.local/lib/python3.7/site-packages/airflow/example_dags/example_trigger_controller_dag.py for tasks to queue
[2023-01-15T23:15:48.583+0000] {logging_mixin.py:117} INFO - [2023-01-15T23:15:48.583+0000] {dagbag.py:525} INFO - Filling up the DagBag from /home/airflow/.local/lib/python3.7/site-packages/airflow/example_dags/example_trigger_controller_dag.py
[2023-01-15T23:15:48.591+0000] {processor.py:768} INFO - DAG(s) dict_keys(['example_trigger_controller_dag']) retrieved from /home/airflow/.local/lib/python3.7/site-packages/airflow/example_dags/example_trigger_controller_dag.py
[2023-01-15T23:15:48.619+0000] {logging_mixin.py:117} INFO - [2023-01-15T23:15:48.619+0000] {dag.py:2573} INFO - Sync 1 DAGs
[2023-01-15T23:15:48.634+0000] {logging_mixin.py:117} INFO - [2023-01-15T23:15:48.634+0000] {dag.py:3328} INFO - Setting next_dagrun for example_trigger_controller_dag to 2021-01-01T00:00:00+00:00, run_after=2021-01-01T00:00:00+00:00
[2023-01-15T23:15:48.650+0000] {processor.py:178} INFO - Processing /home/airflow/.local/lib/python3.7/site-packages/airflow/example_dags/example_trigger_controller_dag.py took 0.072 seconds
