[2023-01-15T00:38:59.605+0000] {processor.py:156} INFO - Started process (PID=24113) to work on /home/airflow/.local/lib/python3.7/site-packages/airflow/example_dags/example_external_task_marker_dag.py
[2023-01-15T00:38:59.607+0000] {processor.py:758} INFO - Processing file /home/airflow/.local/lib/python3.7/site-packages/airflow/example_dags/example_external_task_marker_dag.py for tasks to queue
[2023-01-15T00:38:59.610+0000] {logging_mixin.py:117} INFO - [2023-01-15T00:38:59.609+0000] {dagbag.py:525} INFO - Filling up the DagBag from /home/airflow/.local/lib/python3.7/site-packages/airflow/example_dags/example_external_task_marker_dag.py
[2023-01-15T00:38:59.632+0000] {processor.py:768} INFO - DAG(s) dict_keys(['example_external_task_marker_parent', 'example_external_task_marker_child']) retrieved from /home/airflow/.local/lib/python3.7/site-packages/airflow/example_dags/example_external_task_marker_dag.py
[2023-01-15T00:38:59.803+0000] {logging_mixin.py:117} INFO - [2023-01-15T00:38:59.803+0000] {dag.py:2573} INFO - Sync 2 DAGs
[2023-01-15T00:38:59.840+0000] {logging_mixin.py:117} INFO - [2023-01-15T00:38:59.840+0000] {dag.py:3328} INFO - Setting next_dagrun for example_external_task_marker_child to None, run_after=None
[2023-01-15T00:38:59.844+0000] {logging_mixin.py:117} INFO - [2023-01-15T00:38:59.844+0000] {dag.py:3328} INFO - Setting next_dagrun for example_external_task_marker_parent to None, run_after=None
[2023-01-15T00:38:59.884+0000] {processor.py:178} INFO - Processing /home/airflow/.local/lib/python3.7/site-packages/airflow/example_dags/example_external_task_marker_dag.py took 0.283 seconds
[2023-01-15T01:44:17.683+0000] {processor.py:156} INFO - Started process (PID=24176) to work on /home/airflow/.local/lib/python3.7/site-packages/airflow/example_dags/example_external_task_marker_dag.py
[2023-01-15T01:44:17.687+0000] {processor.py:758} INFO - Processing file /home/airflow/.local/lib/python3.7/site-packages/airflow/example_dags/example_external_task_marker_dag.py for tasks to queue
[2023-01-15T01:44:17.689+0000] {logging_mixin.py:117} INFO - [2023-01-15T01:44:17.689+0000] {dagbag.py:525} INFO - Filling up the DagBag from /home/airflow/.local/lib/python3.7/site-packages/airflow/example_dags/example_external_task_marker_dag.py
[2023-01-15T01:44:17.705+0000] {processor.py:768} INFO - DAG(s) dict_keys(['example_external_task_marker_child', 'example_external_task_marker_parent']) retrieved from /home/airflow/.local/lib/python3.7/site-packages/airflow/example_dags/example_external_task_marker_dag.py
[2023-01-15T01:44:17.888+0000] {logging_mixin.py:117} INFO - [2023-01-15T01:44:17.888+0000] {dag.py:2573} INFO - Sync 2 DAGs
[2023-01-15T01:44:17.907+0000] {logging_mixin.py:117} INFO - [2023-01-15T01:44:17.907+0000] {dag.py:3328} INFO - Setting next_dagrun for example_external_task_marker_child to None, run_after=None
[2023-01-15T01:44:17.910+0000] {logging_mixin.py:117} INFO - [2023-01-15T01:44:17.909+0000] {dag.py:3328} INFO - Setting next_dagrun for example_external_task_marker_parent to None, run_after=None
[2023-01-15T01:44:17.925+0000] {processor.py:178} INFO - Processing /home/airflow/.local/lib/python3.7/site-packages/airflow/example_dags/example_external_task_marker_dag.py took 0.246 seconds
[2023-01-15T02:15:46.321+0000] {processor.py:156} INFO - Started process (PID=24239) to work on /home/airflow/.local/lib/python3.7/site-packages/airflow/example_dags/example_external_task_marker_dag.py
[2023-01-15T02:15:46.325+0000] {processor.py:758} INFO - Processing file /home/airflow/.local/lib/python3.7/site-packages/airflow/example_dags/example_external_task_marker_dag.py for tasks to queue
[2023-01-15T02:15:46.326+0000] {logging_mixin.py:117} INFO - [2023-01-15T02:15:46.326+0000] {dagbag.py:525} INFO - Filling up the DagBag from /home/airflow/.local/lib/python3.7/site-packages/airflow/example_dags/example_external_task_marker_dag.py
[2023-01-15T02:15:46.337+0000] {processor.py:768} INFO - DAG(s) dict_keys(['example_external_task_marker_parent', 'example_external_task_marker_child']) retrieved from /home/airflow/.local/lib/python3.7/site-packages/airflow/example_dags/example_external_task_marker_dag.py
[2023-01-15T02:15:46.479+0000] {logging_mixin.py:117} INFO - [2023-01-15T02:15:46.479+0000] {dag.py:2573} INFO - Sync 2 DAGs
[2023-01-15T02:15:46.496+0000] {logging_mixin.py:117} INFO - [2023-01-15T02:15:46.496+0000] {dag.py:3328} INFO - Setting next_dagrun for example_external_task_marker_child to None, run_after=None
[2023-01-15T02:15:46.499+0000] {logging_mixin.py:117} INFO - [2023-01-15T02:15:46.499+0000] {dag.py:3328} INFO - Setting next_dagrun for example_external_task_marker_parent to None, run_after=None
[2023-01-15T02:15:46.510+0000] {processor.py:178} INFO - Processing /home/airflow/.local/lib/python3.7/site-packages/airflow/example_dags/example_external_task_marker_dag.py took 0.191 seconds
[2023-01-15T02:16:16.965+0000] {processor.py:156} INFO - Started process (PID=24293) to work on /home/airflow/.local/lib/python3.7/site-packages/airflow/example_dags/example_external_task_marker_dag.py
[2023-01-15T02:16:16.967+0000] {processor.py:758} INFO - Processing file /home/airflow/.local/lib/python3.7/site-packages/airflow/example_dags/example_external_task_marker_dag.py for tasks to queue
[2023-01-15T02:16:16.967+0000] {logging_mixin.py:117} INFO - [2023-01-15T02:16:16.967+0000] {dagbag.py:525} INFO - Filling up the DagBag from /home/airflow/.local/lib/python3.7/site-packages/airflow/example_dags/example_external_task_marker_dag.py
[2023-01-15T02:16:16.977+0000] {processor.py:768} INFO - DAG(s) dict_keys(['example_external_task_marker_parent', 'example_external_task_marker_child']) retrieved from /home/airflow/.local/lib/python3.7/site-packages/airflow/example_dags/example_external_task_marker_dag.py
[2023-01-15T02:16:17.067+0000] {logging_mixin.py:117} INFO - [2023-01-15T02:16:17.067+0000] {dag.py:2573} INFO - Sync 2 DAGs
[2023-01-15T02:16:17.080+0000] {logging_mixin.py:117} INFO - [2023-01-15T02:16:17.080+0000] {dag.py:3328} INFO - Setting next_dagrun for example_external_task_marker_child to None, run_after=None
[2023-01-15T02:16:17.082+0000] {logging_mixin.py:117} INFO - [2023-01-15T02:16:17.082+0000] {dag.py:3328} INFO - Setting next_dagrun for example_external_task_marker_parent to None, run_after=None
[2023-01-15T02:16:17.091+0000] {processor.py:178} INFO - Processing /home/airflow/.local/lib/python3.7/site-packages/airflow/example_dags/example_external_task_marker_dag.py took 0.128 seconds
[2023-01-15T02:49:43.900+0000] {processor.py:156} INFO - Started process (PID=24356) to work on /home/airflow/.local/lib/python3.7/site-packages/airflow/example_dags/example_external_task_marker_dag.py
[2023-01-15T02:49:43.904+0000] {processor.py:758} INFO - Processing file /home/airflow/.local/lib/python3.7/site-packages/airflow/example_dags/example_external_task_marker_dag.py for tasks to queue
[2023-01-15T02:49:43.907+0000] {logging_mixin.py:117} INFO - [2023-01-15T02:49:43.907+0000] {dagbag.py:525} INFO - Filling up the DagBag from /home/airflow/.local/lib/python3.7/site-packages/airflow/example_dags/example_external_task_marker_dag.py
[2023-01-15T02:49:43.927+0000] {processor.py:768} INFO - DAG(s) dict_keys(['example_external_task_marker_child', 'example_external_task_marker_parent']) retrieved from /home/airflow/.local/lib/python3.7/site-packages/airflow/example_dags/example_external_task_marker_dag.py
[2023-01-15T02:49:44.141+0000] {logging_mixin.py:117} INFO - [2023-01-15T02:49:44.141+0000] {dag.py:2573} INFO - Sync 2 DAGs
[2023-01-15T02:49:44.178+0000] {logging_mixin.py:117} INFO - [2023-01-15T02:49:44.178+0000] {dag.py:3328} INFO - Setting next_dagrun for example_external_task_marker_child to None, run_after=None
[2023-01-15T02:49:44.184+0000] {logging_mixin.py:117} INFO - [2023-01-15T02:49:44.184+0000] {dag.py:3328} INFO - Setting next_dagrun for example_external_task_marker_parent to None, run_after=None
[2023-01-15T02:49:44.204+0000] {processor.py:178} INFO - Processing /home/airflow/.local/lib/python3.7/site-packages/airflow/example_dags/example_external_task_marker_dag.py took 0.309 seconds
[2023-01-15T04:11:02.258+0000] {processor.py:156} INFO - Started process (PID=24419) to work on /home/airflow/.local/lib/python3.7/site-packages/airflow/example_dags/example_external_task_marker_dag.py
[2023-01-15T04:11:02.260+0000] {processor.py:758} INFO - Processing file /home/airflow/.local/lib/python3.7/site-packages/airflow/example_dags/example_external_task_marker_dag.py for tasks to queue
[2023-01-15T04:11:02.261+0000] {logging_mixin.py:117} INFO - [2023-01-15T04:11:02.261+0000] {dagbag.py:525} INFO - Filling up the DagBag from /home/airflow/.local/lib/python3.7/site-packages/airflow/example_dags/example_external_task_marker_dag.py
[2023-01-15T04:11:02.279+0000] {processor.py:768} INFO - DAG(s) dict_keys(['example_external_task_marker_child', 'example_external_task_marker_parent']) retrieved from /home/airflow/.local/lib/python3.7/site-packages/airflow/example_dags/example_external_task_marker_dag.py
[2023-01-15T04:11:02.415+0000] {logging_mixin.py:117} INFO - [2023-01-15T04:11:02.415+0000] {dag.py:2573} INFO - Sync 2 DAGs
[2023-01-15T04:11:02.438+0000] {logging_mixin.py:117} INFO - [2023-01-15T04:11:02.437+0000] {dag.py:3328} INFO - Setting next_dagrun for example_external_task_marker_child to None, run_after=None
[2023-01-15T04:11:02.441+0000] {logging_mixin.py:117} INFO - [2023-01-15T04:11:02.441+0000] {dag.py:3328} INFO - Setting next_dagrun for example_external_task_marker_parent to None, run_after=None
[2023-01-15T04:11:02.455+0000] {processor.py:178} INFO - Processing /home/airflow/.local/lib/python3.7/site-packages/airflow/example_dags/example_external_task_marker_dag.py took 0.202 seconds
[2023-01-15T05:08:50.716+0000] {processor.py:156} INFO - Started process (PID=24483) to work on /home/airflow/.local/lib/python3.7/site-packages/airflow/example_dags/example_external_task_marker_dag.py
[2023-01-15T05:08:50.718+0000] {processor.py:758} INFO - Processing file /home/airflow/.local/lib/python3.7/site-packages/airflow/example_dags/example_external_task_marker_dag.py for tasks to queue
[2023-01-15T05:08:50.719+0000] {logging_mixin.py:117} INFO - [2023-01-15T05:08:50.719+0000] {dagbag.py:525} INFO - Filling up the DagBag from /home/airflow/.local/lib/python3.7/site-packages/airflow/example_dags/example_external_task_marker_dag.py
[2023-01-15T05:08:50.741+0000] {processor.py:768} INFO - DAG(s) dict_keys(['example_external_task_marker_parent', 'example_external_task_marker_child']) retrieved from /home/airflow/.local/lib/python3.7/site-packages/airflow/example_dags/example_external_task_marker_dag.py
[2023-01-15T05:08:50.967+0000] {logging_mixin.py:117} INFO - [2023-01-15T05:08:50.967+0000] {dag.py:2573} INFO - Sync 2 DAGs
[2023-01-15T05:08:50.996+0000] {logging_mixin.py:117} INFO - [2023-01-15T05:08:50.995+0000] {dag.py:3328} INFO - Setting next_dagrun for example_external_task_marker_child to None, run_after=None
[2023-01-15T05:08:51.000+0000] {logging_mixin.py:117} INFO - [2023-01-15T05:08:51.000+0000] {dag.py:3328} INFO - Setting next_dagrun for example_external_task_marker_parent to None, run_after=None
[2023-01-15T05:08:51.029+0000] {processor.py:178} INFO - Processing /home/airflow/.local/lib/python3.7/site-packages/airflow/example_dags/example_external_task_marker_dag.py took 0.315 seconds
[2023-01-15T06:14:18.963+0000] {processor.py:156} INFO - Started process (PID=24545) to work on /home/airflow/.local/lib/python3.7/site-packages/airflow/example_dags/example_external_task_marker_dag.py
[2023-01-15T06:14:18.964+0000] {processor.py:758} INFO - Processing file /home/airflow/.local/lib/python3.7/site-packages/airflow/example_dags/example_external_task_marker_dag.py for tasks to queue
[2023-01-15T06:14:18.965+0000] {logging_mixin.py:117} INFO - [2023-01-15T06:14:18.965+0000] {dagbag.py:525} INFO - Filling up the DagBag from /home/airflow/.local/lib/python3.7/site-packages/airflow/example_dags/example_external_task_marker_dag.py
[2023-01-15T06:14:18.979+0000] {processor.py:768} INFO - DAG(s) dict_keys(['example_external_task_marker_parent', 'example_external_task_marker_child']) retrieved from /home/airflow/.local/lib/python3.7/site-packages/airflow/example_dags/example_external_task_marker_dag.py
[2023-01-15T06:14:19.177+0000] {logging_mixin.py:117} INFO - [2023-01-15T06:14:19.176+0000] {dag.py:2573} INFO - Sync 2 DAGs
[2023-01-15T06:14:19.217+0000] {logging_mixin.py:117} INFO - [2023-01-15T06:14:19.217+0000] {dag.py:3328} INFO - Setting next_dagrun for example_external_task_marker_child to None, run_after=None
[2023-01-15T06:14:19.223+0000] {logging_mixin.py:117} INFO - [2023-01-15T06:14:19.223+0000] {dag.py:3328} INFO - Setting next_dagrun for example_external_task_marker_parent to None, run_after=None
[2023-01-15T06:14:19.255+0000] {processor.py:178} INFO - Processing /home/airflow/.local/lib/python3.7/site-packages/airflow/example_dags/example_external_task_marker_dag.py took 0.295 seconds
[2023-01-15T06:57:24.823+0000] {processor.py:156} INFO - Started process (PID=24600) to work on /home/airflow/.local/lib/python3.7/site-packages/airflow/example_dags/example_external_task_marker_dag.py
[2023-01-15T06:57:24.825+0000] {processor.py:758} INFO - Processing file /home/airflow/.local/lib/python3.7/site-packages/airflow/example_dags/example_external_task_marker_dag.py for tasks to queue
[2023-01-15T06:57:24.826+0000] {logging_mixin.py:117} INFO - [2023-01-15T06:57:24.826+0000] {dagbag.py:525} INFO - Filling up the DagBag from /home/airflow/.local/lib/python3.7/site-packages/airflow/example_dags/example_external_task_marker_dag.py
[2023-01-15T06:57:24.848+0000] {processor.py:768} INFO - DAG(s) dict_keys(['example_external_task_marker_child', 'example_external_task_marker_parent']) retrieved from /home/airflow/.local/lib/python3.7/site-packages/airflow/example_dags/example_external_task_marker_dag.py
[2023-01-15T06:57:25.093+0000] {logging_mixin.py:117} INFO - [2023-01-15T06:57:25.093+0000] {dag.py:2573} INFO - Sync 2 DAGs
[2023-01-15T06:57:25.151+0000] {logging_mixin.py:117} INFO - [2023-01-15T06:57:25.151+0000] {dag.py:3328} INFO - Setting next_dagrun for example_external_task_marker_child to None, run_after=None
[2023-01-15T06:57:25.157+0000] {logging_mixin.py:117} INFO - [2023-01-15T06:57:25.157+0000] {dag.py:3328} INFO - Setting next_dagrun for example_external_task_marker_parent to None, run_after=None
[2023-01-15T06:57:25.174+0000] {processor.py:178} INFO - Processing /home/airflow/.local/lib/python3.7/site-packages/airflow/example_dags/example_external_task_marker_dag.py took 0.357 seconds
[2023-01-15T08:03:16.405+0000] {processor.py:156} INFO - Started process (PID=24663) to work on /home/airflow/.local/lib/python3.7/site-packages/airflow/example_dags/example_external_task_marker_dag.py
[2023-01-15T08:03:16.407+0000] {processor.py:758} INFO - Processing file /home/airflow/.local/lib/python3.7/site-packages/airflow/example_dags/example_external_task_marker_dag.py for tasks to queue
[2023-01-15T08:03:16.408+0000] {logging_mixin.py:117} INFO - [2023-01-15T08:03:16.408+0000] {dagbag.py:525} INFO - Filling up the DagBag from /home/airflow/.local/lib/python3.7/site-packages/airflow/example_dags/example_external_task_marker_dag.py
[2023-01-15T08:03:16.431+0000] {processor.py:768} INFO - DAG(s) dict_keys(['example_external_task_marker_parent', 'example_external_task_marker_child']) retrieved from /home/airflow/.local/lib/python3.7/site-packages/airflow/example_dags/example_external_task_marker_dag.py
[2023-01-15T08:03:16.622+0000] {logging_mixin.py:117} INFO - [2023-01-15T08:03:16.622+0000] {dag.py:2573} INFO - Sync 2 DAGs
[2023-01-15T08:03:16.661+0000] {logging_mixin.py:117} INFO - [2023-01-15T08:03:16.661+0000] {dag.py:3328} INFO - Setting next_dagrun for example_external_task_marker_child to None, run_after=None
[2023-01-15T08:03:16.665+0000] {logging_mixin.py:117} INFO - [2023-01-15T08:03:16.665+0000] {dag.py:3328} INFO - Setting next_dagrun for example_external_task_marker_parent to None, run_after=None
[2023-01-15T08:03:16.683+0000] {processor.py:178} INFO - Processing /home/airflow/.local/lib/python3.7/site-packages/airflow/example_dags/example_external_task_marker_dag.py took 0.284 seconds
[2023-01-15T09:11:06.485+0000] {processor.py:156} INFO - Started process (PID=24727) to work on /home/airflow/.local/lib/python3.7/site-packages/airflow/example_dags/example_external_task_marker_dag.py
[2023-01-15T09:11:06.489+0000] {processor.py:758} INFO - Processing file /home/airflow/.local/lib/python3.7/site-packages/airflow/example_dags/example_external_task_marker_dag.py for tasks to queue
[2023-01-15T09:11:06.490+0000] {logging_mixin.py:117} INFO - [2023-01-15T09:11:06.490+0000] {dagbag.py:525} INFO - Filling up the DagBag from /home/airflow/.local/lib/python3.7/site-packages/airflow/example_dags/example_external_task_marker_dag.py
[2023-01-15T09:11:06.511+0000] {processor.py:768} INFO - DAG(s) dict_keys(['example_external_task_marker_parent', 'example_external_task_marker_child']) retrieved from /home/airflow/.local/lib/python3.7/site-packages/airflow/example_dags/example_external_task_marker_dag.py
[2023-01-15T09:11:06.718+0000] {logging_mixin.py:117} INFO - [2023-01-15T09:11:06.717+0000] {dag.py:2573} INFO - Sync 2 DAGs
[2023-01-15T09:11:06.743+0000] {logging_mixin.py:117} INFO - [2023-01-15T09:11:06.743+0000] {dag.py:3328} INFO - Setting next_dagrun for example_external_task_marker_child to None, run_after=None
[2023-01-15T09:11:06.754+0000] {logging_mixin.py:117} INFO - [2023-01-15T09:11:06.754+0000] {dag.py:3328} INFO - Setting next_dagrun for example_external_task_marker_parent to None, run_after=None
[2023-01-15T09:11:06.776+0000] {processor.py:178} INFO - Processing /home/airflow/.local/lib/python3.7/site-packages/airflow/example_dags/example_external_task_marker_dag.py took 0.294 seconds
[2023-01-15T09:32:53.640+0000] {processor.py:156} INFO - Started process (PID=24781) to work on /home/airflow/.local/lib/python3.7/site-packages/airflow/example_dags/example_external_task_marker_dag.py
[2023-01-15T09:32:53.644+0000] {processor.py:758} INFO - Processing file /home/airflow/.local/lib/python3.7/site-packages/airflow/example_dags/example_external_task_marker_dag.py for tasks to queue
[2023-01-15T09:32:53.647+0000] {logging_mixin.py:117} INFO - [2023-01-15T09:32:53.647+0000] {dagbag.py:525} INFO - Filling up the DagBag from /home/airflow/.local/lib/python3.7/site-packages/airflow/example_dags/example_external_task_marker_dag.py
[2023-01-15T09:32:53.670+0000] {processor.py:768} INFO - DAG(s) dict_keys(['example_external_task_marker_parent', 'example_external_task_marker_child']) retrieved from /home/airflow/.local/lib/python3.7/site-packages/airflow/example_dags/example_external_task_marker_dag.py
[2023-01-15T09:32:53.885+0000] {logging_mixin.py:117} INFO - [2023-01-15T09:32:53.885+0000] {dag.py:2573} INFO - Sync 2 DAGs
[2023-01-15T09:32:53.910+0000] {logging_mixin.py:117} INFO - [2023-01-15T09:32:53.910+0000] {dag.py:3328} INFO - Setting next_dagrun for example_external_task_marker_child to None, run_after=None
[2023-01-15T09:32:53.914+0000] {logging_mixin.py:117} INFO - [2023-01-15T09:32:53.914+0000] {dag.py:3328} INFO - Setting next_dagrun for example_external_task_marker_parent to None, run_after=None
[2023-01-15T09:32:53.951+0000] {processor.py:178} INFO - Processing /home/airflow/.local/lib/python3.7/site-packages/airflow/example_dags/example_external_task_marker_dag.py took 0.314 seconds
[2023-01-15T09:33:55.417+0000] {processor.py:156} INFO - Started process (PID=24844) to work on /home/airflow/.local/lib/python3.7/site-packages/airflow/example_dags/example_external_task_marker_dag.py
[2023-01-15T09:33:55.419+0000] {processor.py:758} INFO - Processing file /home/airflow/.local/lib/python3.7/site-packages/airflow/example_dags/example_external_task_marker_dag.py for tasks to queue
[2023-01-15T09:33:55.419+0000] {logging_mixin.py:117} INFO - [2023-01-15T09:33:55.419+0000] {dagbag.py:525} INFO - Filling up the DagBag from /home/airflow/.local/lib/python3.7/site-packages/airflow/example_dags/example_external_task_marker_dag.py
[2023-01-15T09:33:55.431+0000] {processor.py:768} INFO - DAG(s) dict_keys(['example_external_task_marker_parent', 'example_external_task_marker_child']) retrieved from /home/airflow/.local/lib/python3.7/site-packages/airflow/example_dags/example_external_task_marker_dag.py
[2023-01-15T09:33:55.543+0000] {logging_mixin.py:117} INFO - [2023-01-15T09:33:55.543+0000] {dag.py:2573} INFO - Sync 2 DAGs
[2023-01-15T09:33:55.559+0000] {logging_mixin.py:117} INFO - [2023-01-15T09:33:55.559+0000] {dag.py:3328} INFO - Setting next_dagrun for example_external_task_marker_child to None, run_after=None
[2023-01-15T09:33:55.562+0000] {logging_mixin.py:117} INFO - [2023-01-15T09:33:55.562+0000] {dag.py:3328} INFO - Setting next_dagrun for example_external_task_marker_parent to None, run_after=None
[2023-01-15T09:33:55.574+0000] {processor.py:178} INFO - Processing /home/airflow/.local/lib/python3.7/site-packages/airflow/example_dags/example_external_task_marker_dag.py took 0.160 seconds
[2023-01-15T09:43:29.970+0000] {processor.py:156} INFO - Started process (PID=24907) to work on /home/airflow/.local/lib/python3.7/site-packages/airflow/example_dags/example_external_task_marker_dag.py
[2023-01-15T09:43:29.972+0000] {processor.py:758} INFO - Processing file /home/airflow/.local/lib/python3.7/site-packages/airflow/example_dags/example_external_task_marker_dag.py for tasks to queue
[2023-01-15T09:43:29.973+0000] {logging_mixin.py:117} INFO - [2023-01-15T09:43:29.973+0000] {dagbag.py:525} INFO - Filling up the DagBag from /home/airflow/.local/lib/python3.7/site-packages/airflow/example_dags/example_external_task_marker_dag.py
[2023-01-15T09:43:29.993+0000] {processor.py:768} INFO - DAG(s) dict_keys(['example_external_task_marker_parent', 'example_external_task_marker_child']) retrieved from /home/airflow/.local/lib/python3.7/site-packages/airflow/example_dags/example_external_task_marker_dag.py
[2023-01-15T09:43:30.193+0000] {logging_mixin.py:117} INFO - [2023-01-15T09:43:30.193+0000] {dag.py:2573} INFO - Sync 2 DAGs
[2023-01-15T09:43:30.223+0000] {logging_mixin.py:117} INFO - [2023-01-15T09:43:30.223+0000] {dag.py:3328} INFO - Setting next_dagrun for example_external_task_marker_child to None, run_after=None
[2023-01-15T09:43:30.227+0000] {logging_mixin.py:117} INFO - [2023-01-15T09:43:30.227+0000] {dag.py:3328} INFO - Setting next_dagrun for example_external_task_marker_parent to None, run_after=None
[2023-01-15T09:43:30.244+0000] {processor.py:178} INFO - Processing /home/airflow/.local/lib/python3.7/site-packages/airflow/example_dags/example_external_task_marker_dag.py took 0.278 seconds
[2023-01-15T11:04:09.358+0000] {processor.py:156} INFO - Started process (PID=24969) to work on /home/airflow/.local/lib/python3.7/site-packages/airflow/example_dags/example_external_task_marker_dag.py
[2023-01-15T11:04:09.360+0000] {processor.py:758} INFO - Processing file /home/airflow/.local/lib/python3.7/site-packages/airflow/example_dags/example_external_task_marker_dag.py for tasks to queue
[2023-01-15T11:04:09.360+0000] {logging_mixin.py:117} INFO - [2023-01-15T11:04:09.360+0000] {dagbag.py:525} INFO - Filling up the DagBag from /home/airflow/.local/lib/python3.7/site-packages/airflow/example_dags/example_external_task_marker_dag.py
[2023-01-15T11:04:09.373+0000] {processor.py:768} INFO - DAG(s) dict_keys(['example_external_task_marker_child', 'example_external_task_marker_parent']) retrieved from /home/airflow/.local/lib/python3.7/site-packages/airflow/example_dags/example_external_task_marker_dag.py
[2023-01-15T11:04:09.502+0000] {logging_mixin.py:117} INFO - [2023-01-15T11:04:09.502+0000] {dag.py:2573} INFO - Sync 2 DAGs
[2023-01-15T11:04:09.539+0000] {logging_mixin.py:117} INFO - [2023-01-15T11:04:09.539+0000] {dag.py:3328} INFO - Setting next_dagrun for example_external_task_marker_child to None, run_after=None
[2023-01-15T11:04:09.548+0000] {logging_mixin.py:117} INFO - [2023-01-15T11:04:09.548+0000] {dag.py:3328} INFO - Setting next_dagrun for example_external_task_marker_parent to None, run_after=None
[2023-01-15T11:04:09.577+0000] {processor.py:178} INFO - Processing /home/airflow/.local/lib/python3.7/site-packages/airflow/example_dags/example_external_task_marker_dag.py took 0.220 seconds
[2023-01-15T12:04:16.291+0000] {processor.py:156} INFO - Started process (PID=25024) to work on /home/airflow/.local/lib/python3.7/site-packages/airflow/example_dags/example_external_task_marker_dag.py
[2023-01-15T12:04:16.295+0000] {processor.py:758} INFO - Processing file /home/airflow/.local/lib/python3.7/site-packages/airflow/example_dags/example_external_task_marker_dag.py for tasks to queue
[2023-01-15T12:04:16.296+0000] {logging_mixin.py:117} INFO - [2023-01-15T12:04:16.296+0000] {dagbag.py:525} INFO - Filling up the DagBag from /home/airflow/.local/lib/python3.7/site-packages/airflow/example_dags/example_external_task_marker_dag.py
[2023-01-15T12:04:16.312+0000] {processor.py:768} INFO - DAG(s) dict_keys(['example_external_task_marker_parent', 'example_external_task_marker_child']) retrieved from /home/airflow/.local/lib/python3.7/site-packages/airflow/example_dags/example_external_task_marker_dag.py
[2023-01-15T12:04:16.478+0000] {logging_mixin.py:117} INFO - [2023-01-15T12:04:16.478+0000] {dag.py:2573} INFO - Sync 2 DAGs
[2023-01-15T12:04:16.508+0000] {logging_mixin.py:117} INFO - [2023-01-15T12:04:16.508+0000] {dag.py:3328} INFO - Setting next_dagrun for example_external_task_marker_child to None, run_after=None
[2023-01-15T12:04:16.513+0000] {logging_mixin.py:117} INFO - [2023-01-15T12:04:16.513+0000] {dag.py:3328} INFO - Setting next_dagrun for example_external_task_marker_parent to None, run_after=None
[2023-01-15T12:04:16.532+0000] {processor.py:178} INFO - Processing /home/airflow/.local/lib/python3.7/site-packages/airflow/example_dags/example_external_task_marker_dag.py took 0.244 seconds
[2023-01-15T12:42:38.063+0000] {processor.py:156} INFO - Started process (PID=25087) to work on /home/airflow/.local/lib/python3.7/site-packages/airflow/example_dags/example_external_task_marker_dag.py
[2023-01-15T12:42:38.064+0000] {processor.py:758} INFO - Processing file /home/airflow/.local/lib/python3.7/site-packages/airflow/example_dags/example_external_task_marker_dag.py for tasks to queue
[2023-01-15T12:42:38.065+0000] {logging_mixin.py:117} INFO - [2023-01-15T12:42:38.065+0000] {dagbag.py:525} INFO - Filling up the DagBag from /home/airflow/.local/lib/python3.7/site-packages/airflow/example_dags/example_external_task_marker_dag.py
[2023-01-15T12:42:38.085+0000] {processor.py:768} INFO - DAG(s) dict_keys(['example_external_task_marker_parent', 'example_external_task_marker_child']) retrieved from /home/airflow/.local/lib/python3.7/site-packages/airflow/example_dags/example_external_task_marker_dag.py
[2023-01-15T12:42:38.278+0000] {logging_mixin.py:117} INFO - [2023-01-15T12:42:38.278+0000] {dag.py:2573} INFO - Sync 2 DAGs
[2023-01-15T12:42:38.299+0000] {logging_mixin.py:117} INFO - [2023-01-15T12:42:38.299+0000] {dag.py:3328} INFO - Setting next_dagrun for example_external_task_marker_child to None, run_after=None
[2023-01-15T12:42:38.304+0000] {logging_mixin.py:117} INFO - [2023-01-15T12:42:38.304+0000] {dag.py:3328} INFO - Setting next_dagrun for example_external_task_marker_parent to None, run_after=None
[2023-01-15T12:42:38.320+0000] {processor.py:178} INFO - Processing /home/airflow/.local/lib/python3.7/site-packages/airflow/example_dags/example_external_task_marker_dag.py took 0.260 seconds
[2023-01-15T13:21:55.410+0000] {processor.py:156} INFO - Started process (PID=25150) to work on /home/airflow/.local/lib/python3.7/site-packages/airflow/example_dags/example_external_task_marker_dag.py
[2023-01-15T13:21:55.411+0000] {processor.py:758} INFO - Processing file /home/airflow/.local/lib/python3.7/site-packages/airflow/example_dags/example_external_task_marker_dag.py for tasks to queue
[2023-01-15T13:21:55.412+0000] {logging_mixin.py:117} INFO - [2023-01-15T13:21:55.412+0000] {dagbag.py:525} INFO - Filling up the DagBag from /home/airflow/.local/lib/python3.7/site-packages/airflow/example_dags/example_external_task_marker_dag.py
[2023-01-15T13:21:55.423+0000] {processor.py:768} INFO - DAG(s) dict_keys(['example_external_task_marker_child', 'example_external_task_marker_parent']) retrieved from /home/airflow/.local/lib/python3.7/site-packages/airflow/example_dags/example_external_task_marker_dag.py
[2023-01-15T13:21:55.520+0000] {logging_mixin.py:117} INFO - [2023-01-15T13:21:55.520+0000] {dag.py:2573} INFO - Sync 2 DAGs
[2023-01-15T13:21:55.534+0000] {logging_mixin.py:117} INFO - [2023-01-15T13:21:55.534+0000] {dag.py:3328} INFO - Setting next_dagrun for example_external_task_marker_child to None, run_after=None
[2023-01-15T13:21:55.537+0000] {logging_mixin.py:117} INFO - [2023-01-15T13:21:55.537+0000] {dag.py:3328} INFO - Setting next_dagrun for example_external_task_marker_parent to None, run_after=None
[2023-01-15T13:21:55.547+0000] {processor.py:178} INFO - Processing /home/airflow/.local/lib/python3.7/site-packages/airflow/example_dags/example_external_task_marker_dag.py took 0.140 seconds
[2023-01-15T13:38:29.037+0000] {processor.py:156} INFO - Started process (PID=25213) to work on /home/airflow/.local/lib/python3.7/site-packages/airflow/example_dags/example_external_task_marker_dag.py
[2023-01-15T13:38:29.040+0000] {processor.py:758} INFO - Processing file /home/airflow/.local/lib/python3.7/site-packages/airflow/example_dags/example_external_task_marker_dag.py for tasks to queue
[2023-01-15T13:38:29.042+0000] {logging_mixin.py:117} INFO - [2023-01-15T13:38:29.042+0000] {dagbag.py:525} INFO - Filling up the DagBag from /home/airflow/.local/lib/python3.7/site-packages/airflow/example_dags/example_external_task_marker_dag.py
[2023-01-15T13:38:29.071+0000] {processor.py:768} INFO - DAG(s) dict_keys(['example_external_task_marker_parent', 'example_external_task_marker_child']) retrieved from /home/airflow/.local/lib/python3.7/site-packages/airflow/example_dags/example_external_task_marker_dag.py
[2023-01-15T13:38:29.219+0000] {logging_mixin.py:117} INFO - [2023-01-15T13:38:29.218+0000] {dag.py:2573} INFO - Sync 2 DAGs
[2023-01-15T13:38:29.236+0000] {logging_mixin.py:117} INFO - [2023-01-15T13:38:29.236+0000] {dag.py:3328} INFO - Setting next_dagrun for example_external_task_marker_child to None, run_after=None
[2023-01-15T13:38:29.239+0000] {logging_mixin.py:117} INFO - [2023-01-15T13:38:29.239+0000] {dag.py:3328} INFO - Setting next_dagrun for example_external_task_marker_parent to None, run_after=None
[2023-01-15T13:38:29.255+0000] {processor.py:178} INFO - Processing /home/airflow/.local/lib/python3.7/site-packages/airflow/example_dags/example_external_task_marker_dag.py took 0.222 seconds
[2023-01-15T13:39:00.024+0000] {processor.py:156} INFO - Started process (PID=25267) to work on /home/airflow/.local/lib/python3.7/site-packages/airflow/example_dags/example_external_task_marker_dag.py
[2023-01-15T13:39:00.025+0000] {processor.py:758} INFO - Processing file /home/airflow/.local/lib/python3.7/site-packages/airflow/example_dags/example_external_task_marker_dag.py for tasks to queue
[2023-01-15T13:39:00.026+0000] {logging_mixin.py:117} INFO - [2023-01-15T13:39:00.026+0000] {dagbag.py:525} INFO - Filling up the DagBag from /home/airflow/.local/lib/python3.7/site-packages/airflow/example_dags/example_external_task_marker_dag.py
[2023-01-15T13:39:00.036+0000] {processor.py:768} INFO - DAG(s) dict_keys(['example_external_task_marker_parent', 'example_external_task_marker_child']) retrieved from /home/airflow/.local/lib/python3.7/site-packages/airflow/example_dags/example_external_task_marker_dag.py
[2023-01-15T13:39:00.137+0000] {logging_mixin.py:117} INFO - [2023-01-15T13:39:00.137+0000] {dag.py:2573} INFO - Sync 2 DAGs
[2023-01-15T13:39:00.157+0000] {logging_mixin.py:117} INFO - [2023-01-15T13:39:00.157+0000] {dag.py:3328} INFO - Setting next_dagrun for example_external_task_marker_child to None, run_after=None
[2023-01-15T13:39:00.161+0000] {logging_mixin.py:117} INFO - [2023-01-15T13:39:00.161+0000] {dag.py:3328} INFO - Setting next_dagrun for example_external_task_marker_parent to None, run_after=None
[2023-01-15T13:39:00.172+0000] {processor.py:178} INFO - Processing /home/airflow/.local/lib/python3.7/site-packages/airflow/example_dags/example_external_task_marker_dag.py took 0.151 seconds
[2023-01-15T13:39:30.359+0000] {processor.py:156} INFO - Started process (PID=25330) to work on /home/airflow/.local/lib/python3.7/site-packages/airflow/example_dags/example_external_task_marker_dag.py
[2023-01-15T13:39:30.361+0000] {processor.py:758} INFO - Processing file /home/airflow/.local/lib/python3.7/site-packages/airflow/example_dags/example_external_task_marker_dag.py for tasks to queue
[2023-01-15T13:39:30.361+0000] {logging_mixin.py:117} INFO - [2023-01-15T13:39:30.361+0000] {dagbag.py:525} INFO - Filling up the DagBag from /home/airflow/.local/lib/python3.7/site-packages/airflow/example_dags/example_external_task_marker_dag.py
[2023-01-15T13:39:30.372+0000] {processor.py:768} INFO - DAG(s) dict_keys(['example_external_task_marker_child', 'example_external_task_marker_parent']) retrieved from /home/airflow/.local/lib/python3.7/site-packages/airflow/example_dags/example_external_task_marker_dag.py
[2023-01-15T13:39:30.468+0000] {logging_mixin.py:117} INFO - [2023-01-15T13:39:30.468+0000] {dag.py:2573} INFO - Sync 2 DAGs
[2023-01-15T13:39:30.482+0000] {logging_mixin.py:117} INFO - [2023-01-15T13:39:30.482+0000] {dag.py:3328} INFO - Setting next_dagrun for example_external_task_marker_child to None, run_after=None
[2023-01-15T13:39:30.485+0000] {logging_mixin.py:117} INFO - [2023-01-15T13:39:30.484+0000] {dag.py:3328} INFO - Setting next_dagrun for example_external_task_marker_parent to None, run_after=None
[2023-01-15T13:39:30.494+0000] {processor.py:178} INFO - Processing /home/airflow/.local/lib/python3.7/site-packages/airflow/example_dags/example_external_task_marker_dag.py took 0.138 seconds
[2023-01-15T13:40:00.795+0000] {processor.py:156} INFO - Started process (PID=25393) to work on /home/airflow/.local/lib/python3.7/site-packages/airflow/example_dags/example_external_task_marker_dag.py
[2023-01-15T13:40:00.796+0000] {processor.py:758} INFO - Processing file /home/airflow/.local/lib/python3.7/site-packages/airflow/example_dags/example_external_task_marker_dag.py for tasks to queue
[2023-01-15T13:40:00.797+0000] {logging_mixin.py:117} INFO - [2023-01-15T13:40:00.797+0000] {dagbag.py:525} INFO - Filling up the DagBag from /home/airflow/.local/lib/python3.7/site-packages/airflow/example_dags/example_external_task_marker_dag.py
[2023-01-15T13:40:00.807+0000] {processor.py:768} INFO - DAG(s) dict_keys(['example_external_task_marker_parent', 'example_external_task_marker_child']) retrieved from /home/airflow/.local/lib/python3.7/site-packages/airflow/example_dags/example_external_task_marker_dag.py
[2023-01-15T13:40:00.903+0000] {logging_mixin.py:117} INFO - [2023-01-15T13:40:00.903+0000] {dag.py:2573} INFO - Sync 2 DAGs
[2023-01-15T13:40:00.917+0000] {logging_mixin.py:117} INFO - [2023-01-15T13:40:00.917+0000] {dag.py:3328} INFO - Setting next_dagrun for example_external_task_marker_child to None, run_after=None
[2023-01-15T13:40:00.920+0000] {logging_mixin.py:117} INFO - [2023-01-15T13:40:00.919+0000] {dag.py:3328} INFO - Setting next_dagrun for example_external_task_marker_parent to None, run_after=None
[2023-01-15T13:40:00.929+0000] {processor.py:178} INFO - Processing /home/airflow/.local/lib/python3.7/site-packages/airflow/example_dags/example_external_task_marker_dag.py took 0.138 seconds
[2023-01-15T13:40:31.318+0000] {processor.py:156} INFO - Started process (PID=25456) to work on /home/airflow/.local/lib/python3.7/site-packages/airflow/example_dags/example_external_task_marker_dag.py
[2023-01-15T13:40:31.319+0000] {processor.py:758} INFO - Processing file /home/airflow/.local/lib/python3.7/site-packages/airflow/example_dags/example_external_task_marker_dag.py for tasks to queue
[2023-01-15T13:40:31.320+0000] {logging_mixin.py:117} INFO - [2023-01-15T13:40:31.320+0000] {dagbag.py:525} INFO - Filling up the DagBag from /home/airflow/.local/lib/python3.7/site-packages/airflow/example_dags/example_external_task_marker_dag.py
[2023-01-15T13:40:31.332+0000] {processor.py:768} INFO - DAG(s) dict_keys(['example_external_task_marker_child', 'example_external_task_marker_parent']) retrieved from /home/airflow/.local/lib/python3.7/site-packages/airflow/example_dags/example_external_task_marker_dag.py
[2023-01-15T13:40:31.466+0000] {logging_mixin.py:117} INFO - [2023-01-15T13:40:31.466+0000] {dag.py:2573} INFO - Sync 2 DAGs
[2023-01-15T13:40:31.483+0000] {logging_mixin.py:117} INFO - [2023-01-15T13:40:31.483+0000] {dag.py:3328} INFO - Setting next_dagrun for example_external_task_marker_child to None, run_after=None
[2023-01-15T13:40:31.486+0000] {logging_mixin.py:117} INFO - [2023-01-15T13:40:31.486+0000] {dag.py:3328} INFO - Setting next_dagrun for example_external_task_marker_parent to None, run_after=None
[2023-01-15T13:40:31.500+0000] {processor.py:178} INFO - Processing /home/airflow/.local/lib/python3.7/site-packages/airflow/example_dags/example_external_task_marker_dag.py took 0.185 seconds
[2023-01-15T13:41:01.728+0000] {processor.py:156} INFO - Started process (PID=25519) to work on /home/airflow/.local/lib/python3.7/site-packages/airflow/example_dags/example_external_task_marker_dag.py
[2023-01-15T13:41:01.729+0000] {processor.py:758} INFO - Processing file /home/airflow/.local/lib/python3.7/site-packages/airflow/example_dags/example_external_task_marker_dag.py for tasks to queue
[2023-01-15T13:41:01.730+0000] {logging_mixin.py:117} INFO - [2023-01-15T13:41:01.730+0000] {dagbag.py:525} INFO - Filling up the DagBag from /home/airflow/.local/lib/python3.7/site-packages/airflow/example_dags/example_external_task_marker_dag.py
[2023-01-15T13:41:01.741+0000] {processor.py:768} INFO - DAG(s) dict_keys(['example_external_task_marker_parent', 'example_external_task_marker_child']) retrieved from /home/airflow/.local/lib/python3.7/site-packages/airflow/example_dags/example_external_task_marker_dag.py
[2023-01-15T13:41:01.842+0000] {logging_mixin.py:117} INFO - [2023-01-15T13:41:01.842+0000] {dag.py:2573} INFO - Sync 2 DAGs
[2023-01-15T13:41:01.856+0000] {logging_mixin.py:117} INFO - [2023-01-15T13:41:01.856+0000] {dag.py:3328} INFO - Setting next_dagrun for example_external_task_marker_child to None, run_after=None
[2023-01-15T13:41:01.859+0000] {logging_mixin.py:117} INFO - [2023-01-15T13:41:01.859+0000] {dag.py:3328} INFO - Setting next_dagrun for example_external_task_marker_parent to None, run_after=None
[2023-01-15T13:41:01.868+0000] {processor.py:178} INFO - Processing /home/airflow/.local/lib/python3.7/site-packages/airflow/example_dags/example_external_task_marker_dag.py took 0.143 seconds
[2023-01-15T13:41:32.142+0000] {processor.py:156} INFO - Started process (PID=25583) to work on /home/airflow/.local/lib/python3.7/site-packages/airflow/example_dags/example_external_task_marker_dag.py
[2023-01-15T13:41:32.143+0000] {processor.py:758} INFO - Processing file /home/airflow/.local/lib/python3.7/site-packages/airflow/example_dags/example_external_task_marker_dag.py for tasks to queue
[2023-01-15T13:41:32.144+0000] {logging_mixin.py:117} INFO - [2023-01-15T13:41:32.144+0000] {dagbag.py:525} INFO - Filling up the DagBag from /home/airflow/.local/lib/python3.7/site-packages/airflow/example_dags/example_external_task_marker_dag.py
[2023-01-15T13:41:32.155+0000] {processor.py:768} INFO - DAG(s) dict_keys(['example_external_task_marker_parent', 'example_external_task_marker_child']) retrieved from /home/airflow/.local/lib/python3.7/site-packages/airflow/example_dags/example_external_task_marker_dag.py
[2023-01-15T13:41:32.265+0000] {logging_mixin.py:117} INFO - [2023-01-15T13:41:32.265+0000] {dag.py:2573} INFO - Sync 2 DAGs
[2023-01-15T13:41:32.279+0000] {logging_mixin.py:117} INFO - [2023-01-15T13:41:32.279+0000] {dag.py:3328} INFO - Setting next_dagrun for example_external_task_marker_child to None, run_after=None
[2023-01-15T13:41:32.281+0000] {logging_mixin.py:117} INFO - [2023-01-15T13:41:32.281+0000] {dag.py:3328} INFO - Setting next_dagrun for example_external_task_marker_parent to None, run_after=None
[2023-01-15T13:41:32.290+0000] {processor.py:178} INFO - Processing /home/airflow/.local/lib/python3.7/site-packages/airflow/example_dags/example_external_task_marker_dag.py took 0.151 seconds
[2023-01-15T13:42:02.452+0000] {processor.py:156} INFO - Started process (PID=25646) to work on /home/airflow/.local/lib/python3.7/site-packages/airflow/example_dags/example_external_task_marker_dag.py
[2023-01-15T13:42:02.454+0000] {processor.py:758} INFO - Processing file /home/airflow/.local/lib/python3.7/site-packages/airflow/example_dags/example_external_task_marker_dag.py for tasks to queue
[2023-01-15T13:42:02.454+0000] {logging_mixin.py:117} INFO - [2023-01-15T13:42:02.454+0000] {dagbag.py:525} INFO - Filling up the DagBag from /home/airflow/.local/lib/python3.7/site-packages/airflow/example_dags/example_external_task_marker_dag.py
[2023-01-15T13:42:02.466+0000] {processor.py:768} INFO - DAG(s) dict_keys(['example_external_task_marker_parent', 'example_external_task_marker_child']) retrieved from /home/airflow/.local/lib/python3.7/site-packages/airflow/example_dags/example_external_task_marker_dag.py
[2023-01-15T13:42:02.568+0000] {logging_mixin.py:117} INFO - [2023-01-15T13:42:02.568+0000] {dag.py:2573} INFO - Sync 2 DAGs
[2023-01-15T13:42:02.583+0000] {logging_mixin.py:117} INFO - [2023-01-15T13:42:02.583+0000] {dag.py:3328} INFO - Setting next_dagrun for example_external_task_marker_child to None, run_after=None
[2023-01-15T13:42:02.586+0000] {logging_mixin.py:117} INFO - [2023-01-15T13:42:02.586+0000] {dag.py:3328} INFO - Setting next_dagrun for example_external_task_marker_parent to None, run_after=None
[2023-01-15T13:42:02.596+0000] {processor.py:178} INFO - Processing /home/airflow/.local/lib/python3.7/site-packages/airflow/example_dags/example_external_task_marker_dag.py took 0.146 seconds
[2023-01-15T13:58:05.844+0000] {processor.py:156} INFO - Started process (PID=25700) to work on /home/airflow/.local/lib/python3.7/site-packages/airflow/example_dags/example_external_task_marker_dag.py
[2023-01-15T13:58:05.848+0000] {processor.py:758} INFO - Processing file /home/airflow/.local/lib/python3.7/site-packages/airflow/example_dags/example_external_task_marker_dag.py for tasks to queue
[2023-01-15T13:58:05.849+0000] {logging_mixin.py:117} INFO - [2023-01-15T13:58:05.849+0000] {dagbag.py:525} INFO - Filling up the DagBag from /home/airflow/.local/lib/python3.7/site-packages/airflow/example_dags/example_external_task_marker_dag.py
[2023-01-15T13:58:05.865+0000] {processor.py:768} INFO - DAG(s) dict_keys(['example_external_task_marker_parent', 'example_external_task_marker_child']) retrieved from /home/airflow/.local/lib/python3.7/site-packages/airflow/example_dags/example_external_task_marker_dag.py
[2023-01-15T13:58:06.027+0000] {logging_mixin.py:117} INFO - [2023-01-15T13:58:06.027+0000] {dag.py:2573} INFO - Sync 2 DAGs
[2023-01-15T13:58:06.045+0000] {logging_mixin.py:117} INFO - [2023-01-15T13:58:06.045+0000] {dag.py:3328} INFO - Setting next_dagrun for example_external_task_marker_child to None, run_after=None
[2023-01-15T13:58:06.048+0000] {logging_mixin.py:117} INFO - [2023-01-15T13:58:06.048+0000] {dag.py:3328} INFO - Setting next_dagrun for example_external_task_marker_parent to None, run_after=None
[2023-01-15T13:58:06.065+0000] {processor.py:178} INFO - Processing /home/airflow/.local/lib/python3.7/site-packages/airflow/example_dags/example_external_task_marker_dag.py took 0.224 seconds
[2023-01-15T14:09:08.207+0000] {processor.py:156} INFO - Started process (PID=25763) to work on /home/airflow/.local/lib/python3.7/site-packages/airflow/example_dags/example_external_task_marker_dag.py
[2023-01-15T14:09:08.209+0000] {processor.py:758} INFO - Processing file /home/airflow/.local/lib/python3.7/site-packages/airflow/example_dags/example_external_task_marker_dag.py for tasks to queue
[2023-01-15T14:09:08.210+0000] {logging_mixin.py:117} INFO - [2023-01-15T14:09:08.210+0000] {dagbag.py:525} INFO - Filling up the DagBag from /home/airflow/.local/lib/python3.7/site-packages/airflow/example_dags/example_external_task_marker_dag.py
[2023-01-15T14:09:08.228+0000] {processor.py:768} INFO - DAG(s) dict_keys(['example_external_task_marker_child', 'example_external_task_marker_parent']) retrieved from /home/airflow/.local/lib/python3.7/site-packages/airflow/example_dags/example_external_task_marker_dag.py
[2023-01-15T14:09:08.391+0000] {logging_mixin.py:117} INFO - [2023-01-15T14:09:08.391+0000] {dag.py:2573} INFO - Sync 2 DAGs
[2023-01-15T14:09:08.408+0000] {logging_mixin.py:117} INFO - [2023-01-15T14:09:08.408+0000] {dag.py:3328} INFO - Setting next_dagrun for example_external_task_marker_child to None, run_after=None
[2023-01-15T14:09:08.411+0000] {logging_mixin.py:117} INFO - [2023-01-15T14:09:08.411+0000] {dag.py:3328} INFO - Setting next_dagrun for example_external_task_marker_parent to None, run_after=None
[2023-01-15T14:09:08.437+0000] {processor.py:178} INFO - Processing /home/airflow/.local/lib/python3.7/site-packages/airflow/example_dags/example_external_task_marker_dag.py took 0.234 seconds
[2023-01-15T14:09:38.580+0000] {processor.py:156} INFO - Started process (PID=25826) to work on /home/airflow/.local/lib/python3.7/site-packages/airflow/example_dags/example_external_task_marker_dag.py
[2023-01-15T14:09:38.581+0000] {processor.py:758} INFO - Processing file /home/airflow/.local/lib/python3.7/site-packages/airflow/example_dags/example_external_task_marker_dag.py for tasks to queue
[2023-01-15T14:09:38.582+0000] {logging_mixin.py:117} INFO - [2023-01-15T14:09:38.582+0000] {dagbag.py:525} INFO - Filling up the DagBag from /home/airflow/.local/lib/python3.7/site-packages/airflow/example_dags/example_external_task_marker_dag.py
[2023-01-15T14:09:38.592+0000] {processor.py:768} INFO - DAG(s) dict_keys(['example_external_task_marker_parent', 'example_external_task_marker_child']) retrieved from /home/airflow/.local/lib/python3.7/site-packages/airflow/example_dags/example_external_task_marker_dag.py
[2023-01-15T14:09:38.688+0000] {logging_mixin.py:117} INFO - [2023-01-15T14:09:38.688+0000] {dag.py:2573} INFO - Sync 2 DAGs
[2023-01-15T14:09:38.706+0000] {logging_mixin.py:117} INFO - [2023-01-15T14:09:38.706+0000] {dag.py:3328} INFO - Setting next_dagrun for example_external_task_marker_child to None, run_after=None
[2023-01-15T14:09:38.709+0000] {logging_mixin.py:117} INFO - [2023-01-15T14:09:38.709+0000] {dag.py:3328} INFO - Setting next_dagrun for example_external_task_marker_parent to None, run_after=None
[2023-01-15T14:09:38.718+0000] {processor.py:178} INFO - Processing /home/airflow/.local/lib/python3.7/site-packages/airflow/example_dags/example_external_task_marker_dag.py took 0.141 seconds
[2023-01-15T14:59:13.787+0000] {processor.py:156} INFO - Started process (PID=25890) to work on /home/airflow/.local/lib/python3.7/site-packages/airflow/example_dags/example_external_task_marker_dag.py
[2023-01-15T14:59:13.791+0000] {processor.py:758} INFO - Processing file /home/airflow/.local/lib/python3.7/site-packages/airflow/example_dags/example_external_task_marker_dag.py for tasks to queue
[2023-01-15T14:59:13.792+0000] {logging_mixin.py:117} INFO - [2023-01-15T14:59:13.792+0000] {dagbag.py:525} INFO - Filling up the DagBag from /home/airflow/.local/lib/python3.7/site-packages/airflow/example_dags/example_external_task_marker_dag.py
[2023-01-15T14:59:13.811+0000] {processor.py:768} INFO - DAG(s) dict_keys(['example_external_task_marker_child', 'example_external_task_marker_parent']) retrieved from /home/airflow/.local/lib/python3.7/site-packages/airflow/example_dags/example_external_task_marker_dag.py
[2023-01-15T14:59:14.072+0000] {logging_mixin.py:117} INFO - [2023-01-15T14:59:14.072+0000] {dag.py:2573} INFO - Sync 2 DAGs
[2023-01-15T14:59:14.101+0000] {logging_mixin.py:117} INFO - [2023-01-15T14:59:14.101+0000] {dag.py:3328} INFO - Setting next_dagrun for example_external_task_marker_child to None, run_after=None
[2023-01-15T14:59:14.106+0000] {logging_mixin.py:117} INFO - [2023-01-15T14:59:14.106+0000] {dag.py:3328} INFO - Setting next_dagrun for example_external_task_marker_parent to None, run_after=None
[2023-01-15T14:59:14.127+0000] {processor.py:178} INFO - Processing /home/airflow/.local/lib/python3.7/site-packages/airflow/example_dags/example_external_task_marker_dag.py took 0.342 seconds
[2023-01-15T16:21:35.894+0000] {processor.py:156} INFO - Started process (PID=25944) to work on /home/airflow/.local/lib/python3.7/site-packages/airflow/example_dags/example_external_task_marker_dag.py
[2023-01-15T16:21:35.897+0000] {processor.py:758} INFO - Processing file /home/airflow/.local/lib/python3.7/site-packages/airflow/example_dags/example_external_task_marker_dag.py for tasks to queue
[2023-01-15T16:21:35.898+0000] {logging_mixin.py:117} INFO - [2023-01-15T16:21:35.898+0000] {dagbag.py:525} INFO - Filling up the DagBag from /home/airflow/.local/lib/python3.7/site-packages/airflow/example_dags/example_external_task_marker_dag.py
[2023-01-15T16:21:35.917+0000] {processor.py:768} INFO - DAG(s) dict_keys(['example_external_task_marker_child', 'example_external_task_marker_parent']) retrieved from /home/airflow/.local/lib/python3.7/site-packages/airflow/example_dags/example_external_task_marker_dag.py
[2023-01-15T16:21:36.117+0000] {logging_mixin.py:117} INFO - [2023-01-15T16:21:36.117+0000] {dag.py:2573} INFO - Sync 2 DAGs
[2023-01-15T16:21:36.136+0000] {logging_mixin.py:117} INFO - [2023-01-15T16:21:36.136+0000] {dag.py:3328} INFO - Setting next_dagrun for example_external_task_marker_child to None, run_after=None
[2023-01-15T16:21:36.140+0000] {logging_mixin.py:117} INFO - [2023-01-15T16:21:36.140+0000] {dag.py:3328} INFO - Setting next_dagrun for example_external_task_marker_parent to None, run_after=None
[2023-01-15T16:21:36.159+0000] {processor.py:178} INFO - Processing /home/airflow/.local/lib/python3.7/site-packages/airflow/example_dags/example_external_task_marker_dag.py took 0.269 seconds
[2023-01-15T17:27:03.794+0000] {processor.py:156} INFO - Started process (PID=26007) to work on /home/airflow/.local/lib/python3.7/site-packages/airflow/example_dags/example_external_task_marker_dag.py
[2023-01-15T17:27:03.796+0000] {processor.py:758} INFO - Processing file /home/airflow/.local/lib/python3.7/site-packages/airflow/example_dags/example_external_task_marker_dag.py for tasks to queue
[2023-01-15T17:27:03.797+0000] {logging_mixin.py:117} INFO - [2023-01-15T17:27:03.797+0000] {dagbag.py:525} INFO - Filling up the DagBag from /home/airflow/.local/lib/python3.7/site-packages/airflow/example_dags/example_external_task_marker_dag.py
[2023-01-15T17:27:03.815+0000] {processor.py:768} INFO - DAG(s) dict_keys(['example_external_task_marker_child', 'example_external_task_marker_parent']) retrieved from /home/airflow/.local/lib/python3.7/site-packages/airflow/example_dags/example_external_task_marker_dag.py
[2023-01-15T17:27:03.966+0000] {logging_mixin.py:117} INFO - [2023-01-15T17:27:03.966+0000] {dag.py:2573} INFO - Sync 2 DAGs
[2023-01-15T17:27:03.990+0000] {logging_mixin.py:117} INFO - [2023-01-15T17:27:03.990+0000] {dag.py:3328} INFO - Setting next_dagrun for example_external_task_marker_child to None, run_after=None
[2023-01-15T17:27:03.994+0000] {logging_mixin.py:117} INFO - [2023-01-15T17:27:03.994+0000] {dag.py:3328} INFO - Setting next_dagrun for example_external_task_marker_parent to None, run_after=None
[2023-01-15T17:27:04.018+0000] {processor.py:178} INFO - Processing /home/airflow/.local/lib/python3.7/site-packages/airflow/example_dags/example_external_task_marker_dag.py took 0.228 seconds
[2023-01-15T18:23:36.695+0000] {processor.py:156} INFO - Started process (PID=26070) to work on /home/airflow/.local/lib/python3.7/site-packages/airflow/example_dags/example_external_task_marker_dag.py
[2023-01-15T18:23:36.697+0000] {processor.py:758} INFO - Processing file /home/airflow/.local/lib/python3.7/site-packages/airflow/example_dags/example_external_task_marker_dag.py for tasks to queue
[2023-01-15T18:23:36.698+0000] {logging_mixin.py:117} INFO - [2023-01-15T18:23:36.698+0000] {dagbag.py:525} INFO - Filling up the DagBag from /home/airflow/.local/lib/python3.7/site-packages/airflow/example_dags/example_external_task_marker_dag.py
[2023-01-15T18:23:36.716+0000] {processor.py:768} INFO - DAG(s) dict_keys(['example_external_task_marker_child', 'example_external_task_marker_parent']) retrieved from /home/airflow/.local/lib/python3.7/site-packages/airflow/example_dags/example_external_task_marker_dag.py
[2023-01-15T18:23:36.904+0000] {logging_mixin.py:117} INFO - [2023-01-15T18:23:36.904+0000] {dag.py:2573} INFO - Sync 2 DAGs
[2023-01-15T18:23:36.921+0000] {logging_mixin.py:117} INFO - [2023-01-15T18:23:36.921+0000] {dag.py:3328} INFO - Setting next_dagrun for example_external_task_marker_child to None, run_after=None
[2023-01-15T18:23:36.925+0000] {logging_mixin.py:117} INFO - [2023-01-15T18:23:36.924+0000] {dag.py:3328} INFO - Setting next_dagrun for example_external_task_marker_parent to None, run_after=None
[2023-01-15T18:23:36.935+0000] {processor.py:178} INFO - Processing /home/airflow/.local/lib/python3.7/site-packages/airflow/example_dags/example_external_task_marker_dag.py took 0.246 seconds
[2023-01-15T19:46:54.457+0000] {processor.py:156} INFO - Started process (PID=26124) to work on /home/airflow/.local/lib/python3.7/site-packages/airflow/example_dags/example_external_task_marker_dag.py
[2023-01-15T19:46:54.462+0000] {processor.py:758} INFO - Processing file /home/airflow/.local/lib/python3.7/site-packages/airflow/example_dags/example_external_task_marker_dag.py for tasks to queue
[2023-01-15T19:46:54.463+0000] {logging_mixin.py:117} INFO - [2023-01-15T19:46:54.463+0000] {dagbag.py:525} INFO - Filling up the DagBag from /home/airflow/.local/lib/python3.7/site-packages/airflow/example_dags/example_external_task_marker_dag.py
[2023-01-15T19:46:54.484+0000] {processor.py:768} INFO - DAG(s) dict_keys(['example_external_task_marker_parent', 'example_external_task_marker_child']) retrieved from /home/airflow/.local/lib/python3.7/site-packages/airflow/example_dags/example_external_task_marker_dag.py
[2023-01-15T19:46:54.750+0000] {logging_mixin.py:117} INFO - [2023-01-15T19:46:54.750+0000] {dag.py:2573} INFO - Sync 2 DAGs
[2023-01-15T19:46:54.781+0000] {logging_mixin.py:117} INFO - [2023-01-15T19:46:54.781+0000] {dag.py:3328} INFO - Setting next_dagrun for example_external_task_marker_child to None, run_after=None
[2023-01-15T19:46:54.785+0000] {logging_mixin.py:117} INFO - [2023-01-15T19:46:54.785+0000] {dag.py:3328} INFO - Setting next_dagrun for example_external_task_marker_parent to None, run_after=None
[2023-01-15T19:46:54.817+0000] {processor.py:178} INFO - Processing /home/airflow/.local/lib/python3.7/site-packages/airflow/example_dags/example_external_task_marker_dag.py took 0.364 seconds
[2023-01-15T20:53:29.468+0000] {processor.py:156} INFO - Started process (PID=26186) to work on /home/airflow/.local/lib/python3.7/site-packages/airflow/example_dags/example_external_task_marker_dag.py
[2023-01-15T20:53:29.474+0000] {processor.py:758} INFO - Processing file /home/airflow/.local/lib/python3.7/site-packages/airflow/example_dags/example_external_task_marker_dag.py for tasks to queue
[2023-01-15T20:53:29.476+0000] {logging_mixin.py:117} INFO - [2023-01-15T20:53:29.475+0000] {dagbag.py:525} INFO - Filling up the DagBag from /home/airflow/.local/lib/python3.7/site-packages/airflow/example_dags/example_external_task_marker_dag.py
[2023-01-15T20:53:29.520+0000] {processor.py:768} INFO - DAG(s) dict_keys(['example_external_task_marker_parent', 'example_external_task_marker_child']) retrieved from /home/airflow/.local/lib/python3.7/site-packages/airflow/example_dags/example_external_task_marker_dag.py
[2023-01-15T20:53:29.713+0000] {logging_mixin.py:117} INFO - [2023-01-15T20:53:29.713+0000] {dag.py:2573} INFO - Sync 2 DAGs
[2023-01-15T20:53:29.741+0000] {logging_mixin.py:117} INFO - [2023-01-15T20:53:29.741+0000] {dag.py:3328} INFO - Setting next_dagrun for example_external_task_marker_child to None, run_after=None
[2023-01-15T20:53:29.751+0000] {logging_mixin.py:117} INFO - [2023-01-15T20:53:29.751+0000] {dag.py:3328} INFO - Setting next_dagrun for example_external_task_marker_parent to None, run_after=None
[2023-01-15T20:53:29.768+0000] {processor.py:178} INFO - Processing /home/airflow/.local/lib/python3.7/site-packages/airflow/example_dags/example_external_task_marker_dag.py took 0.304 seconds
[2023-01-15T21:52:33.022+0000] {processor.py:156} INFO - Started process (PID=26249) to work on /home/airflow/.local/lib/python3.7/site-packages/airflow/example_dags/example_external_task_marker_dag.py
[2023-01-15T21:52:33.027+0000] {processor.py:758} INFO - Processing file /home/airflow/.local/lib/python3.7/site-packages/airflow/example_dags/example_external_task_marker_dag.py for tasks to queue
[2023-01-15T21:52:33.028+0000] {logging_mixin.py:117} INFO - [2023-01-15T21:52:33.028+0000] {dagbag.py:525} INFO - Filling up the DagBag from /home/airflow/.local/lib/python3.7/site-packages/airflow/example_dags/example_external_task_marker_dag.py
[2023-01-15T21:52:33.044+0000] {processor.py:768} INFO - DAG(s) dict_keys(['example_external_task_marker_child', 'example_external_task_marker_parent']) retrieved from /home/airflow/.local/lib/python3.7/site-packages/airflow/example_dags/example_external_task_marker_dag.py
[2023-01-15T21:52:33.211+0000] {logging_mixin.py:117} INFO - [2023-01-15T21:52:33.211+0000] {dag.py:2573} INFO - Sync 2 DAGs
[2023-01-15T21:52:33.226+0000] {logging_mixin.py:117} INFO - [2023-01-15T21:52:33.226+0000] {dag.py:3328} INFO - Setting next_dagrun for example_external_task_marker_child to None, run_after=None
[2023-01-15T21:52:33.229+0000] {logging_mixin.py:117} INFO - [2023-01-15T21:52:33.229+0000] {dag.py:3328} INFO - Setting next_dagrun for example_external_task_marker_parent to None, run_after=None
[2023-01-15T21:52:33.257+0000] {processor.py:178} INFO - Processing /home/airflow/.local/lib/python3.7/site-packages/airflow/example_dags/example_external_task_marker_dag.py took 0.239 seconds
[2023-01-15T23:15:50.848+0000] {processor.py:156} INFO - Started process (PID=26312) to work on /home/airflow/.local/lib/python3.7/site-packages/airflow/example_dags/example_external_task_marker_dag.py
[2023-01-15T23:15:50.857+0000] {processor.py:758} INFO - Processing file /home/airflow/.local/lib/python3.7/site-packages/airflow/example_dags/example_external_task_marker_dag.py for tasks to queue
[2023-01-15T23:15:50.859+0000] {logging_mixin.py:117} INFO - [2023-01-15T23:15:50.859+0000] {dagbag.py:525} INFO - Filling up the DagBag from /home/airflow/.local/lib/python3.7/site-packages/airflow/example_dags/example_external_task_marker_dag.py
[2023-01-15T23:15:50.904+0000] {processor.py:768} INFO - DAG(s) dict_keys(['example_external_task_marker_parent', 'example_external_task_marker_child']) retrieved from /home/airflow/.local/lib/python3.7/site-packages/airflow/example_dags/example_external_task_marker_dag.py
[2023-01-15T23:15:51.154+0000] {logging_mixin.py:117} INFO - [2023-01-15T23:15:51.154+0000] {dag.py:2573} INFO - Sync 2 DAGs
[2023-01-15T23:15:51.201+0000] {logging_mixin.py:117} INFO - [2023-01-15T23:15:51.201+0000] {dag.py:3328} INFO - Setting next_dagrun for example_external_task_marker_child to None, run_after=None
[2023-01-15T23:15:51.209+0000] {logging_mixin.py:117} INFO - [2023-01-15T23:15:51.209+0000] {dag.py:3328} INFO - Setting next_dagrun for example_external_task_marker_parent to None, run_after=None
[2023-01-15T23:15:51.280+0000] {processor.py:178} INFO - Processing /home/airflow/.local/lib/python3.7/site-packages/airflow/example_dags/example_external_task_marker_dag.py took 0.437 seconds
