[2023-01-15T00:38:56.728+0000] {processor.py:156} INFO - Started process (PID=24088) to work on /home/airflow/.local/lib/python3.7/site-packages/airflow/example_dags/example_time_delta_sensor_async.py
[2023-01-15T00:38:56.730+0000] {processor.py:758} INFO - Processing file /home/airflow/.local/lib/python3.7/site-packages/airflow/example_dags/example_time_delta_sensor_async.py for tasks to queue
[2023-01-15T00:38:56.731+0000] {logging_mixin.py:117} INFO - [2023-01-15T00:38:56.731+0000] {dagbag.py:525} INFO - Filling up the DagBag from /home/airflow/.local/lib/python3.7/site-packages/airflow/example_dags/example_time_delta_sensor_async.py
[2023-01-15T00:38:56.806+0000] {processor.py:768} INFO - DAG(s) dict_keys(['example_time_delta_sensor_async']) retrieved from /home/airflow/.local/lib/python3.7/site-packages/airflow/example_dags/example_time_delta_sensor_async.py
[2023-01-15T00:38:57.135+0000] {logging_mixin.py:117} INFO - [2023-01-15T00:38:57.135+0000] {dag.py:2573} INFO - Sync 1 DAGs
[2023-01-15T00:38:57.181+0000] {logging_mixin.py:117} INFO - [2023-01-15T00:38:57.181+0000] {dag.py:3328} INFO - Setting next_dagrun for example_time_delta_sensor_async to None, run_after=None
[2023-01-15T00:38:57.214+0000] {processor.py:178} INFO - Processing /home/airflow/.local/lib/python3.7/site-packages/airflow/example_dags/example_time_delta_sensor_async.py took 0.510 seconds
[2023-01-15T01:44:13.984+0000] {processor.py:156} INFO - Started process (PID=24151) to work on /home/airflow/.local/lib/python3.7/site-packages/airflow/example_dags/example_time_delta_sensor_async.py
[2023-01-15T01:44:13.988+0000] {processor.py:758} INFO - Processing file /home/airflow/.local/lib/python3.7/site-packages/airflow/example_dags/example_time_delta_sensor_async.py for tasks to queue
[2023-01-15T01:44:13.989+0000] {logging_mixin.py:117} INFO - [2023-01-15T01:44:13.989+0000] {dagbag.py:525} INFO - Filling up the DagBag from /home/airflow/.local/lib/python3.7/site-packages/airflow/example_dags/example_time_delta_sensor_async.py
[2023-01-15T01:44:14.052+0000] {processor.py:768} INFO - DAG(s) dict_keys(['example_time_delta_sensor_async']) retrieved from /home/airflow/.local/lib/python3.7/site-packages/airflow/example_dags/example_time_delta_sensor_async.py
[2023-01-15T01:44:14.362+0000] {logging_mixin.py:117} INFO - [2023-01-15T01:44:14.362+0000] {dag.py:2573} INFO - Sync 1 DAGs
[2023-01-15T01:44:14.398+0000] {logging_mixin.py:117} INFO - [2023-01-15T01:44:14.397+0000] {dag.py:3328} INFO - Setting next_dagrun for example_time_delta_sensor_async to None, run_after=None
[2023-01-15T01:44:14.459+0000] {processor.py:178} INFO - Processing /home/airflow/.local/lib/python3.7/site-packages/airflow/example_dags/example_time_delta_sensor_async.py took 0.480 seconds
[2023-01-15T02:15:44.753+0000] {processor.py:156} INFO - Started process (PID=24205) to work on /home/airflow/.local/lib/python3.7/site-packages/airflow/example_dags/example_time_delta_sensor_async.py
[2023-01-15T02:15:44.754+0000] {processor.py:758} INFO - Processing file /home/airflow/.local/lib/python3.7/site-packages/airflow/example_dags/example_time_delta_sensor_async.py for tasks to queue
[2023-01-15T02:15:44.756+0000] {logging_mixin.py:117} INFO - [2023-01-15T02:15:44.756+0000] {dagbag.py:525} INFO - Filling up the DagBag from /home/airflow/.local/lib/python3.7/site-packages/airflow/example_dags/example_time_delta_sensor_async.py
[2023-01-15T02:15:44.775+0000] {processor.py:768} INFO - DAG(s) dict_keys(['example_time_delta_sensor_async']) retrieved from /home/airflow/.local/lib/python3.7/site-packages/airflow/example_dags/example_time_delta_sensor_async.py
[2023-01-15T02:15:44.903+0000] {logging_mixin.py:117} INFO - [2023-01-15T02:15:44.903+0000] {dag.py:2573} INFO - Sync 1 DAGs
[2023-01-15T02:15:44.918+0000] {logging_mixin.py:117} INFO - [2023-01-15T02:15:44.918+0000] {dag.py:3328} INFO - Setting next_dagrun for example_time_delta_sensor_async to None, run_after=None
[2023-01-15T02:15:44.929+0000] {processor.py:178} INFO - Processing /home/airflow/.local/lib/python3.7/site-packages/airflow/example_dags/example_time_delta_sensor_async.py took 0.184 seconds
[2023-01-15T02:16:15.395+0000] {processor.py:156} INFO - Started process (PID=24268) to work on /home/airflow/.local/lib/python3.7/site-packages/airflow/example_dags/example_time_delta_sensor_async.py
[2023-01-15T02:16:15.397+0000] {processor.py:758} INFO - Processing file /home/airflow/.local/lib/python3.7/site-packages/airflow/example_dags/example_time_delta_sensor_async.py for tasks to queue
[2023-01-15T02:16:15.399+0000] {logging_mixin.py:117} INFO - [2023-01-15T02:16:15.399+0000] {dagbag.py:525} INFO - Filling up the DagBag from /home/airflow/.local/lib/python3.7/site-packages/airflow/example_dags/example_time_delta_sensor_async.py
[2023-01-15T02:16:15.415+0000] {processor.py:768} INFO - DAG(s) dict_keys(['example_time_delta_sensor_async']) retrieved from /home/airflow/.local/lib/python3.7/site-packages/airflow/example_dags/example_time_delta_sensor_async.py
[2023-01-15T02:16:15.556+0000] {logging_mixin.py:117} INFO - [2023-01-15T02:16:15.556+0000] {dag.py:2573} INFO - Sync 1 DAGs
[2023-01-15T02:16:15.575+0000] {logging_mixin.py:117} INFO - [2023-01-15T02:16:15.575+0000] {dag.py:3328} INFO - Setting next_dagrun for example_time_delta_sensor_async to None, run_after=None
[2023-01-15T02:16:15.589+0000] {processor.py:178} INFO - Processing /home/airflow/.local/lib/python3.7/site-packages/airflow/example_dags/example_time_delta_sensor_async.py took 0.198 seconds
[2023-01-15T02:49:40.660+0000] {processor.py:156} INFO - Started process (PID=24331) to work on /home/airflow/.local/lib/python3.7/site-packages/airflow/example_dags/example_time_delta_sensor_async.py
[2023-01-15T02:49:40.661+0000] {processor.py:758} INFO - Processing file /home/airflow/.local/lib/python3.7/site-packages/airflow/example_dags/example_time_delta_sensor_async.py for tasks to queue
[2023-01-15T02:49:40.662+0000] {logging_mixin.py:117} INFO - [2023-01-15T02:49:40.662+0000] {dagbag.py:525} INFO - Filling up the DagBag from /home/airflow/.local/lib/python3.7/site-packages/airflow/example_dags/example_time_delta_sensor_async.py
[2023-01-15T02:49:40.683+0000] {processor.py:768} INFO - DAG(s) dict_keys(['example_time_delta_sensor_async']) retrieved from /home/airflow/.local/lib/python3.7/site-packages/airflow/example_dags/example_time_delta_sensor_async.py
[2023-01-15T02:49:40.813+0000] {logging_mixin.py:117} INFO - [2023-01-15T02:49:40.813+0000] {dag.py:2573} INFO - Sync 1 DAGs
[2023-01-15T02:49:40.828+0000] {logging_mixin.py:117} INFO - [2023-01-15T02:49:40.828+0000] {dag.py:3328} INFO - Setting next_dagrun for example_time_delta_sensor_async to None, run_after=None
[2023-01-15T02:49:40.839+0000] {processor.py:178} INFO - Processing /home/airflow/.local/lib/python3.7/site-packages/airflow/example_dags/example_time_delta_sensor_async.py took 0.183 seconds
[2023-01-15T04:10:59.514+0000] {processor.py:156} INFO - Started process (PID=24394) to work on /home/airflow/.local/lib/python3.7/site-packages/airflow/example_dags/example_time_delta_sensor_async.py
[2023-01-15T04:10:59.517+0000] {processor.py:758} INFO - Processing file /home/airflow/.local/lib/python3.7/site-packages/airflow/example_dags/example_time_delta_sensor_async.py for tasks to queue
[2023-01-15T04:10:59.519+0000] {logging_mixin.py:117} INFO - [2023-01-15T04:10:59.519+0000] {dagbag.py:525} INFO - Filling up the DagBag from /home/airflow/.local/lib/python3.7/site-packages/airflow/example_dags/example_time_delta_sensor_async.py
[2023-01-15T04:10:59.602+0000] {processor.py:768} INFO - DAG(s) dict_keys(['example_time_delta_sensor_async']) retrieved from /home/airflow/.local/lib/python3.7/site-packages/airflow/example_dags/example_time_delta_sensor_async.py
[2023-01-15T04:10:59.931+0000] {logging_mixin.py:117} INFO - [2023-01-15T04:10:59.931+0000] {dag.py:2573} INFO - Sync 1 DAGs
[2023-01-15T04:10:59.970+0000] {logging_mixin.py:117} INFO - [2023-01-15T04:10:59.970+0000] {dag.py:3328} INFO - Setting next_dagrun for example_time_delta_sensor_async to None, run_after=None
[2023-01-15T04:11:00.004+0000] {processor.py:178} INFO - Processing /home/airflow/.local/lib/python3.7/site-packages/airflow/example_dags/example_time_delta_sensor_async.py took 0.504 seconds
[2023-01-15T05:08:47.346+0000] {processor.py:156} INFO - Started process (PID=24448) to work on /home/airflow/.local/lib/python3.7/site-packages/airflow/example_dags/example_time_delta_sensor_async.py
[2023-01-15T05:08:47.348+0000] {processor.py:758} INFO - Processing file /home/airflow/.local/lib/python3.7/site-packages/airflow/example_dags/example_time_delta_sensor_async.py for tasks to queue
[2023-01-15T05:08:47.359+0000] {logging_mixin.py:117} INFO - [2023-01-15T05:08:47.358+0000] {dagbag.py:525} INFO - Filling up the DagBag from /home/airflow/.local/lib/python3.7/site-packages/airflow/example_dags/example_time_delta_sensor_async.py
[2023-01-15T05:08:47.433+0000] {processor.py:768} INFO - DAG(s) dict_keys(['example_time_delta_sensor_async']) retrieved from /home/airflow/.local/lib/python3.7/site-packages/airflow/example_dags/example_time_delta_sensor_async.py
[2023-01-15T05:08:47.776+0000] {logging_mixin.py:117} INFO - [2023-01-15T05:08:47.776+0000] {dag.py:2573} INFO - Sync 1 DAGs
[2023-01-15T05:08:47.806+0000] {logging_mixin.py:117} INFO - [2023-01-15T05:08:47.805+0000] {dag.py:3328} INFO - Setting next_dagrun for example_time_delta_sensor_async to None, run_after=None
[2023-01-15T05:08:47.828+0000] {processor.py:178} INFO - Processing /home/airflow/.local/lib/python3.7/site-packages/airflow/example_dags/example_time_delta_sensor_async.py took 0.488 seconds
[2023-01-15T06:14:15.482+0000] {processor.py:156} INFO - Started process (PID=24512) to work on /home/airflow/.local/lib/python3.7/site-packages/airflow/example_dags/example_time_delta_sensor_async.py
[2023-01-15T06:14:15.483+0000] {processor.py:758} INFO - Processing file /home/airflow/.local/lib/python3.7/site-packages/airflow/example_dags/example_time_delta_sensor_async.py for tasks to queue
[2023-01-15T06:14:15.492+0000] {logging_mixin.py:117} INFO - [2023-01-15T06:14:15.491+0000] {dagbag.py:525} INFO - Filling up the DagBag from /home/airflow/.local/lib/python3.7/site-packages/airflow/example_dags/example_time_delta_sensor_async.py
[2023-01-15T06:14:15.577+0000] {processor.py:768} INFO - DAG(s) dict_keys(['example_time_delta_sensor_async']) retrieved from /home/airflow/.local/lib/python3.7/site-packages/airflow/example_dags/example_time_delta_sensor_async.py
[2023-01-15T06:14:15.876+0000] {logging_mixin.py:117} INFO - [2023-01-15T06:14:15.875+0000] {dag.py:2573} INFO - Sync 1 DAGs
[2023-01-15T06:14:15.913+0000] {logging_mixin.py:117} INFO - [2023-01-15T06:14:15.913+0000] {dag.py:3328} INFO - Setting next_dagrun for example_time_delta_sensor_async to None, run_after=None
[2023-01-15T06:14:15.950+0000] {processor.py:178} INFO - Processing /home/airflow/.local/lib/python3.7/site-packages/airflow/example_dags/example_time_delta_sensor_async.py took 0.485 seconds
[2023-01-15T06:57:21.795+0000] {processor.py:156} INFO - Started process (PID=24575) to work on /home/airflow/.local/lib/python3.7/site-packages/airflow/example_dags/example_time_delta_sensor_async.py
[2023-01-15T06:57:21.796+0000] {processor.py:758} INFO - Processing file /home/airflow/.local/lib/python3.7/site-packages/airflow/example_dags/example_time_delta_sensor_async.py for tasks to queue
[2023-01-15T06:57:21.797+0000] {logging_mixin.py:117} INFO - [2023-01-15T06:57:21.797+0000] {dagbag.py:525} INFO - Filling up the DagBag from /home/airflow/.local/lib/python3.7/site-packages/airflow/example_dags/example_time_delta_sensor_async.py
[2023-01-15T06:57:21.814+0000] {processor.py:768} INFO - DAG(s) dict_keys(['example_time_delta_sensor_async']) retrieved from /home/airflow/.local/lib/python3.7/site-packages/airflow/example_dags/example_time_delta_sensor_async.py
[2023-01-15T06:57:22.238+0000] {logging_mixin.py:117} INFO - [2023-01-15T06:57:22.237+0000] {dag.py:2573} INFO - Sync 1 DAGs
[2023-01-15T06:57:22.275+0000] {logging_mixin.py:117} INFO - [2023-01-15T06:57:22.275+0000] {dag.py:3328} INFO - Setting next_dagrun for example_time_delta_sensor_async to None, run_after=None
[2023-01-15T06:57:22.309+0000] {processor.py:178} INFO - Processing /home/airflow/.local/lib/python3.7/site-packages/airflow/example_dags/example_time_delta_sensor_async.py took 0.519 seconds
[2023-01-15T08:03:13.377+0000] {processor.py:156} INFO - Started process (PID=24638) to work on /home/airflow/.local/lib/python3.7/site-packages/airflow/example_dags/example_time_delta_sensor_async.py
[2023-01-15T08:03:13.381+0000] {processor.py:758} INFO - Processing file /home/airflow/.local/lib/python3.7/site-packages/airflow/example_dags/example_time_delta_sensor_async.py for tasks to queue
[2023-01-15T08:03:13.385+0000] {logging_mixin.py:117} INFO - [2023-01-15T08:03:13.385+0000] {dagbag.py:525} INFO - Filling up the DagBag from /home/airflow/.local/lib/python3.7/site-packages/airflow/example_dags/example_time_delta_sensor_async.py
[2023-01-15T08:03:13.438+0000] {processor.py:768} INFO - DAG(s) dict_keys(['example_time_delta_sensor_async']) retrieved from /home/airflow/.local/lib/python3.7/site-packages/airflow/example_dags/example_time_delta_sensor_async.py
[2023-01-15T08:03:13.790+0000] {logging_mixin.py:117} INFO - [2023-01-15T08:03:13.789+0000] {dag.py:2573} INFO - Sync 1 DAGs
[2023-01-15T08:03:13.822+0000] {logging_mixin.py:117} INFO - [2023-01-15T08:03:13.822+0000] {dag.py:3328} INFO - Setting next_dagrun for example_time_delta_sensor_async to None, run_after=None
[2023-01-15T08:03:13.851+0000] {processor.py:178} INFO - Processing /home/airflow/.local/lib/python3.7/site-packages/airflow/example_dags/example_time_delta_sensor_async.py took 0.496 seconds
[2023-01-15T09:11:02.649+0000] {processor.py:156} INFO - Started process (PID=24692) to work on /home/airflow/.local/lib/python3.7/site-packages/airflow/example_dags/example_time_delta_sensor_async.py
[2023-01-15T09:11:02.653+0000] {processor.py:758} INFO - Processing file /home/airflow/.local/lib/python3.7/site-packages/airflow/example_dags/example_time_delta_sensor_async.py for tasks to queue
[2023-01-15T09:11:02.655+0000] {logging_mixin.py:117} INFO - [2023-01-15T09:11:02.655+0000] {dagbag.py:525} INFO - Filling up the DagBag from /home/airflow/.local/lib/python3.7/site-packages/airflow/example_dags/example_time_delta_sensor_async.py
[2023-01-15T09:11:02.711+0000] {processor.py:768} INFO - DAG(s) dict_keys(['example_time_delta_sensor_async']) retrieved from /home/airflow/.local/lib/python3.7/site-packages/airflow/example_dags/example_time_delta_sensor_async.py
[2023-01-15T09:11:02.952+0000] {logging_mixin.py:117} INFO - [2023-01-15T09:11:02.951+0000] {dag.py:2573} INFO - Sync 1 DAGs
[2023-01-15T09:11:02.995+0000] {logging_mixin.py:117} INFO - [2023-01-15T09:11:02.985+0000] {dag.py:3328} INFO - Setting next_dagrun for example_time_delta_sensor_async to None, run_after=None
[2023-01-15T09:11:03.040+0000] {processor.py:178} INFO - Processing /home/airflow/.local/lib/python3.7/site-packages/airflow/example_dags/example_time_delta_sensor_async.py took 0.402 seconds
[2023-01-15T09:32:50.555+0000] {processor.py:156} INFO - Started process (PID=24756) to work on /home/airflow/.local/lib/python3.7/site-packages/airflow/example_dags/example_time_delta_sensor_async.py
[2023-01-15T09:32:50.559+0000] {processor.py:758} INFO - Processing file /home/airflow/.local/lib/python3.7/site-packages/airflow/example_dags/example_time_delta_sensor_async.py for tasks to queue
[2023-01-15T09:32:50.561+0000] {logging_mixin.py:117} INFO - [2023-01-15T09:32:50.561+0000] {dagbag.py:525} INFO - Filling up the DagBag from /home/airflow/.local/lib/python3.7/site-packages/airflow/example_dags/example_time_delta_sensor_async.py
[2023-01-15T09:32:50.597+0000] {processor.py:768} INFO - DAG(s) dict_keys(['example_time_delta_sensor_async']) retrieved from /home/airflow/.local/lib/python3.7/site-packages/airflow/example_dags/example_time_delta_sensor_async.py
[2023-01-15T09:32:50.894+0000] {logging_mixin.py:117} INFO - [2023-01-15T09:32:50.894+0000] {dag.py:2573} INFO - Sync 1 DAGs
[2023-01-15T09:32:50.950+0000] {logging_mixin.py:117} INFO - [2023-01-15T09:32:50.950+0000] {dag.py:3328} INFO - Setting next_dagrun for example_time_delta_sensor_async to None, run_after=None
[2023-01-15T09:32:50.998+0000] {processor.py:178} INFO - Processing /home/airflow/.local/lib/python3.7/site-packages/airflow/example_dags/example_time_delta_sensor_async.py took 0.447 seconds
[2023-01-15T09:33:53.902+0000] {processor.py:156} INFO - Started process (PID=24819) to work on /home/airflow/.local/lib/python3.7/site-packages/airflow/example_dags/example_time_delta_sensor_async.py
[2023-01-15T09:33:53.905+0000] {processor.py:758} INFO - Processing file /home/airflow/.local/lib/python3.7/site-packages/airflow/example_dags/example_time_delta_sensor_async.py for tasks to queue
[2023-01-15T09:33:53.906+0000] {logging_mixin.py:117} INFO - [2023-01-15T09:33:53.906+0000] {dagbag.py:525} INFO - Filling up the DagBag from /home/airflow/.local/lib/python3.7/site-packages/airflow/example_dags/example_time_delta_sensor_async.py
[2023-01-15T09:33:53.940+0000] {processor.py:768} INFO - DAG(s) dict_keys(['example_time_delta_sensor_async']) retrieved from /home/airflow/.local/lib/python3.7/site-packages/airflow/example_dags/example_time_delta_sensor_async.py
[2023-01-15T09:33:54.076+0000] {logging_mixin.py:117} INFO - [2023-01-15T09:33:54.076+0000] {dag.py:2573} INFO - Sync 1 DAGs
[2023-01-15T09:33:54.092+0000] {logging_mixin.py:117} INFO - [2023-01-15T09:33:54.092+0000] {dag.py:3328} INFO - Setting next_dagrun for example_time_delta_sensor_async to None, run_after=None
[2023-01-15T09:33:54.103+0000] {processor.py:178} INFO - Processing /home/airflow/.local/lib/python3.7/site-packages/airflow/example_dags/example_time_delta_sensor_async.py took 0.208 seconds
[2023-01-15T09:43:26.000+0000] {processor.py:156} INFO - Started process (PID=24882) to work on /home/airflow/.local/lib/python3.7/site-packages/airflow/example_dags/example_time_delta_sensor_async.py
[2023-01-15T09:43:26.001+0000] {processor.py:758} INFO - Processing file /home/airflow/.local/lib/python3.7/site-packages/airflow/example_dags/example_time_delta_sensor_async.py for tasks to queue
[2023-01-15T09:43:26.002+0000] {logging_mixin.py:117} INFO - [2023-01-15T09:43:26.002+0000] {dagbag.py:525} INFO - Filling up the DagBag from /home/airflow/.local/lib/python3.7/site-packages/airflow/example_dags/example_time_delta_sensor_async.py
[2023-01-15T09:43:26.018+0000] {processor.py:768} INFO - DAG(s) dict_keys(['example_time_delta_sensor_async']) retrieved from /home/airflow/.local/lib/python3.7/site-packages/airflow/example_dags/example_time_delta_sensor_async.py
[2023-01-15T09:43:26.366+0000] {logging_mixin.py:117} INFO - [2023-01-15T09:43:26.366+0000] {dag.py:2573} INFO - Sync 1 DAGs
[2023-01-15T09:43:26.408+0000] {logging_mixin.py:117} INFO - [2023-01-15T09:43:26.407+0000] {dag.py:3328} INFO - Setting next_dagrun for example_time_delta_sensor_async to None, run_after=None
[2023-01-15T09:43:26.436+0000] {processor.py:178} INFO - Processing /home/airflow/.local/lib/python3.7/site-packages/airflow/example_dags/example_time_delta_sensor_async.py took 0.440 seconds
[2023-01-15T11:04:06.157+0000] {processor.py:156} INFO - Started process (PID=24936) to work on /home/airflow/.local/lib/python3.7/site-packages/airflow/example_dags/example_time_delta_sensor_async.py
[2023-01-15T11:04:06.160+0000] {processor.py:758} INFO - Processing file /home/airflow/.local/lib/python3.7/site-packages/airflow/example_dags/example_time_delta_sensor_async.py for tasks to queue
[2023-01-15T11:04:06.163+0000] {logging_mixin.py:117} INFO - [2023-01-15T11:04:06.162+0000] {dagbag.py:525} INFO - Filling up the DagBag from /home/airflow/.local/lib/python3.7/site-packages/airflow/example_dags/example_time_delta_sensor_async.py
[2023-01-15T11:04:06.235+0000] {processor.py:768} INFO - DAG(s) dict_keys(['example_time_delta_sensor_async']) retrieved from /home/airflow/.local/lib/python3.7/site-packages/airflow/example_dags/example_time_delta_sensor_async.py
[2023-01-15T11:04:06.578+0000] {logging_mixin.py:117} INFO - [2023-01-15T11:04:06.578+0000] {dag.py:2573} INFO - Sync 1 DAGs
[2023-01-15T11:04:06.609+0000] {logging_mixin.py:117} INFO - [2023-01-15T11:04:06.609+0000] {dag.py:3328} INFO - Setting next_dagrun for example_time_delta_sensor_async to None, run_after=None
[2023-01-15T11:04:06.655+0000] {processor.py:178} INFO - Processing /home/airflow/.local/lib/python3.7/site-packages/airflow/example_dags/example_time_delta_sensor_async.py took 0.511 seconds
[2023-01-15T12:04:13.229+0000] {processor.py:156} INFO - Started process (PID=24999) to work on /home/airflow/.local/lib/python3.7/site-packages/airflow/example_dags/example_time_delta_sensor_async.py
[2023-01-15T12:04:13.232+0000] {processor.py:758} INFO - Processing file /home/airflow/.local/lib/python3.7/site-packages/airflow/example_dags/example_time_delta_sensor_async.py for tasks to queue
[2023-01-15T12:04:13.234+0000] {logging_mixin.py:117} INFO - [2023-01-15T12:04:13.234+0000] {dagbag.py:525} INFO - Filling up the DagBag from /home/airflow/.local/lib/python3.7/site-packages/airflow/example_dags/example_time_delta_sensor_async.py
[2023-01-15T12:04:13.266+0000] {processor.py:768} INFO - DAG(s) dict_keys(['example_time_delta_sensor_async']) retrieved from /home/airflow/.local/lib/python3.7/site-packages/airflow/example_dags/example_time_delta_sensor_async.py
[2023-01-15T12:04:13.626+0000] {logging_mixin.py:117} INFO - [2023-01-15T12:04:13.626+0000] {dag.py:2573} INFO - Sync 1 DAGs
[2023-01-15T12:04:13.681+0000] {logging_mixin.py:117} INFO - [2023-01-15T12:04:13.680+0000] {dag.py:3328} INFO - Setting next_dagrun for example_time_delta_sensor_async to None, run_after=None
[2023-01-15T12:04:13.741+0000] {processor.py:178} INFO - Processing /home/airflow/.local/lib/python3.7/site-packages/airflow/example_dags/example_time_delta_sensor_async.py took 0.519 seconds
[2023-01-15T12:42:34.849+0000] {processor.py:156} INFO - Started process (PID=25062) to work on /home/airflow/.local/lib/python3.7/site-packages/airflow/example_dags/example_time_delta_sensor_async.py
[2023-01-15T12:42:34.856+0000] {processor.py:758} INFO - Processing file /home/airflow/.local/lib/python3.7/site-packages/airflow/example_dags/example_time_delta_sensor_async.py for tasks to queue
[2023-01-15T12:42:34.859+0000] {logging_mixin.py:117} INFO - [2023-01-15T12:42:34.859+0000] {dagbag.py:525} INFO - Filling up the DagBag from /home/airflow/.local/lib/python3.7/site-packages/airflow/example_dags/example_time_delta_sensor_async.py
[2023-01-15T12:42:34.938+0000] {processor.py:768} INFO - DAG(s) dict_keys(['example_time_delta_sensor_async']) retrieved from /home/airflow/.local/lib/python3.7/site-packages/airflow/example_dags/example_time_delta_sensor_async.py
[2023-01-15T12:42:35.295+0000] {logging_mixin.py:117} INFO - [2023-01-15T12:42:35.295+0000] {dag.py:2573} INFO - Sync 1 DAGs
[2023-01-15T12:42:35.328+0000] {logging_mixin.py:117} INFO - [2023-01-15T12:42:35.327+0000] {dag.py:3328} INFO - Setting next_dagrun for example_time_delta_sensor_async to None, run_after=None
[2023-01-15T12:42:35.360+0000] {processor.py:178} INFO - Processing /home/airflow/.local/lib/python3.7/site-packages/airflow/example_dags/example_time_delta_sensor_async.py took 0.524 seconds
[2023-01-15T13:21:53.894+0000] {processor.py:156} INFO - Started process (PID=25125) to work on /home/airflow/.local/lib/python3.7/site-packages/airflow/example_dags/example_time_delta_sensor_async.py
[2023-01-15T13:21:53.896+0000] {processor.py:758} INFO - Processing file /home/airflow/.local/lib/python3.7/site-packages/airflow/example_dags/example_time_delta_sensor_async.py for tasks to queue
[2023-01-15T13:21:53.897+0000] {logging_mixin.py:117} INFO - [2023-01-15T13:21:53.897+0000] {dagbag.py:525} INFO - Filling up the DagBag from /home/airflow/.local/lib/python3.7/site-packages/airflow/example_dags/example_time_delta_sensor_async.py
[2023-01-15T13:21:53.915+0000] {processor.py:768} INFO - DAG(s) dict_keys(['example_time_delta_sensor_async']) retrieved from /home/airflow/.local/lib/python3.7/site-packages/airflow/example_dags/example_time_delta_sensor_async.py
[2023-01-15T13:21:54.048+0000] {logging_mixin.py:117} INFO - [2023-01-15T13:21:54.048+0000] {dag.py:2573} INFO - Sync 1 DAGs
[2023-01-15T13:21:54.064+0000] {logging_mixin.py:117} INFO - [2023-01-15T13:21:54.064+0000] {dag.py:3328} INFO - Setting next_dagrun for example_time_delta_sensor_async to None, run_after=None
[2023-01-15T13:21:54.076+0000] {processor.py:178} INFO - Processing /home/airflow/.local/lib/python3.7/site-packages/airflow/example_dags/example_time_delta_sensor_async.py took 0.187 seconds
[2023-01-15T13:38:26.257+0000] {processor.py:156} INFO - Started process (PID=25179) to work on /home/airflow/.local/lib/python3.7/site-packages/airflow/example_dags/example_time_delta_sensor_async.py
[2023-01-15T13:38:26.261+0000] {processor.py:758} INFO - Processing file /home/airflow/.local/lib/python3.7/site-packages/airflow/example_dags/example_time_delta_sensor_async.py for tasks to queue
[2023-01-15T13:38:26.262+0000] {logging_mixin.py:117} INFO - [2023-01-15T13:38:26.262+0000] {dagbag.py:525} INFO - Filling up the DagBag from /home/airflow/.local/lib/python3.7/site-packages/airflow/example_dags/example_time_delta_sensor_async.py
[2023-01-15T13:38:26.290+0000] {processor.py:768} INFO - DAG(s) dict_keys(['example_time_delta_sensor_async']) retrieved from /home/airflow/.local/lib/python3.7/site-packages/airflow/example_dags/example_time_delta_sensor_async.py
[2023-01-15T13:38:26.427+0000] {logging_mixin.py:117} INFO - [2023-01-15T13:38:26.427+0000] {dag.py:2573} INFO - Sync 1 DAGs
[2023-01-15T13:38:26.440+0000] {logging_mixin.py:117} INFO - [2023-01-15T13:38:26.440+0000] {dag.py:3328} INFO - Setting next_dagrun for example_time_delta_sensor_async to None, run_after=None
[2023-01-15T13:38:26.451+0000] {processor.py:178} INFO - Processing /home/airflow/.local/lib/python3.7/site-packages/airflow/example_dags/example_time_delta_sensor_async.py took 0.198 seconds
[2023-01-15T13:38:57.289+0000] {processor.py:156} INFO - Started process (PID=25242) to work on /home/airflow/.local/lib/python3.7/site-packages/airflow/example_dags/example_time_delta_sensor_async.py
[2023-01-15T13:38:57.292+0000] {processor.py:758} INFO - Processing file /home/airflow/.local/lib/python3.7/site-packages/airflow/example_dags/example_time_delta_sensor_async.py for tasks to queue
[2023-01-15T13:38:57.294+0000] {logging_mixin.py:117} INFO - [2023-01-15T13:38:57.294+0000] {dagbag.py:525} INFO - Filling up the DagBag from /home/airflow/.local/lib/python3.7/site-packages/airflow/example_dags/example_time_delta_sensor_async.py
[2023-01-15T13:38:57.313+0000] {processor.py:768} INFO - DAG(s) dict_keys(['example_time_delta_sensor_async']) retrieved from /home/airflow/.local/lib/python3.7/site-packages/airflow/example_dags/example_time_delta_sensor_async.py
[2023-01-15T13:38:57.445+0000] {logging_mixin.py:117} INFO - [2023-01-15T13:38:57.445+0000] {dag.py:2573} INFO - Sync 1 DAGs
[2023-01-15T13:38:57.460+0000] {logging_mixin.py:117} INFO - [2023-01-15T13:38:57.460+0000] {dag.py:3328} INFO - Setting next_dagrun for example_time_delta_sensor_async to None, run_after=None
[2023-01-15T13:38:57.471+0000] {processor.py:178} INFO - Processing /home/airflow/.local/lib/python3.7/site-packages/airflow/example_dags/example_time_delta_sensor_async.py took 0.196 seconds
[2023-01-15T13:39:27.929+0000] {processor.py:156} INFO - Started process (PID=25305) to work on /home/airflow/.local/lib/python3.7/site-packages/airflow/example_dags/example_time_delta_sensor_async.py
[2023-01-15T13:39:27.933+0000] {processor.py:758} INFO - Processing file /home/airflow/.local/lib/python3.7/site-packages/airflow/example_dags/example_time_delta_sensor_async.py for tasks to queue
[2023-01-15T13:39:27.935+0000] {logging_mixin.py:117} INFO - [2023-01-15T13:39:27.935+0000] {dagbag.py:525} INFO - Filling up the DagBag from /home/airflow/.local/lib/python3.7/site-packages/airflow/example_dags/example_time_delta_sensor_async.py
[2023-01-15T13:39:27.952+0000] {processor.py:768} INFO - DAG(s) dict_keys(['example_time_delta_sensor_async']) retrieved from /home/airflow/.local/lib/python3.7/site-packages/airflow/example_dags/example_time_delta_sensor_async.py
[2023-01-15T13:39:28.081+0000] {logging_mixin.py:117} INFO - [2023-01-15T13:39:28.081+0000] {dag.py:2573} INFO - Sync 1 DAGs
[2023-01-15T13:39:28.096+0000] {logging_mixin.py:117} INFO - [2023-01-15T13:39:28.096+0000] {dag.py:3328} INFO - Setting next_dagrun for example_time_delta_sensor_async to None, run_after=None
[2023-01-15T13:39:28.106+0000] {processor.py:178} INFO - Processing /home/airflow/.local/lib/python3.7/site-packages/airflow/example_dags/example_time_delta_sensor_async.py took 0.182 seconds
[2023-01-15T13:39:58.175+0000] {processor.py:156} INFO - Started process (PID=25368) to work on /home/airflow/.local/lib/python3.7/site-packages/airflow/example_dags/example_time_delta_sensor_async.py
[2023-01-15T13:39:58.177+0000] {processor.py:758} INFO - Processing file /home/airflow/.local/lib/python3.7/site-packages/airflow/example_dags/example_time_delta_sensor_async.py for tasks to queue
[2023-01-15T13:39:58.178+0000] {logging_mixin.py:117} INFO - [2023-01-15T13:39:58.178+0000] {dagbag.py:525} INFO - Filling up the DagBag from /home/airflow/.local/lib/python3.7/site-packages/airflow/example_dags/example_time_delta_sensor_async.py
[2023-01-15T13:39:58.194+0000] {processor.py:768} INFO - DAG(s) dict_keys(['example_time_delta_sensor_async']) retrieved from /home/airflow/.local/lib/python3.7/site-packages/airflow/example_dags/example_time_delta_sensor_async.py
[2023-01-15T13:39:58.325+0000] {logging_mixin.py:117} INFO - [2023-01-15T13:39:58.325+0000] {dag.py:2573} INFO - Sync 1 DAGs
[2023-01-15T13:39:58.340+0000] {logging_mixin.py:117} INFO - [2023-01-15T13:39:58.340+0000] {dag.py:3328} INFO - Setting next_dagrun for example_time_delta_sensor_async to None, run_after=None
[2023-01-15T13:39:58.351+0000] {processor.py:178} INFO - Processing /home/airflow/.local/lib/python3.7/site-packages/airflow/example_dags/example_time_delta_sensor_async.py took 0.183 seconds
[2023-01-15T13:40:28.698+0000] {processor.py:156} INFO - Started process (PID=25431) to work on /home/airflow/.local/lib/python3.7/site-packages/airflow/example_dags/example_time_delta_sensor_async.py
[2023-01-15T13:40:28.700+0000] {processor.py:758} INFO - Processing file /home/airflow/.local/lib/python3.7/site-packages/airflow/example_dags/example_time_delta_sensor_async.py for tasks to queue
[2023-01-15T13:40:28.702+0000] {logging_mixin.py:117} INFO - [2023-01-15T13:40:28.701+0000] {dagbag.py:525} INFO - Filling up the DagBag from /home/airflow/.local/lib/python3.7/site-packages/airflow/example_dags/example_time_delta_sensor_async.py
[2023-01-15T13:40:28.721+0000] {processor.py:768} INFO - DAG(s) dict_keys(['example_time_delta_sensor_async']) retrieved from /home/airflow/.local/lib/python3.7/site-packages/airflow/example_dags/example_time_delta_sensor_async.py
[2023-01-15T13:40:28.849+0000] {logging_mixin.py:117} INFO - [2023-01-15T13:40:28.849+0000] {dag.py:2573} INFO - Sync 1 DAGs
[2023-01-15T13:40:28.863+0000] {logging_mixin.py:117} INFO - [2023-01-15T13:40:28.863+0000] {dag.py:3328} INFO - Setting next_dagrun for example_time_delta_sensor_async to None, run_after=None
[2023-01-15T13:40:28.874+0000] {processor.py:178} INFO - Processing /home/airflow/.local/lib/python3.7/site-packages/airflow/example_dags/example_time_delta_sensor_async.py took 0.186 seconds
[2023-01-15T13:40:59.288+0000] {processor.py:156} INFO - Started process (PID=25494) to work on /home/airflow/.local/lib/python3.7/site-packages/airflow/example_dags/example_time_delta_sensor_async.py
[2023-01-15T13:40:59.290+0000] {processor.py:758} INFO - Processing file /home/airflow/.local/lib/python3.7/site-packages/airflow/example_dags/example_time_delta_sensor_async.py for tasks to queue
[2023-01-15T13:40:59.291+0000] {logging_mixin.py:117} INFO - [2023-01-15T13:40:59.291+0000] {dagbag.py:525} INFO - Filling up the DagBag from /home/airflow/.local/lib/python3.7/site-packages/airflow/example_dags/example_time_delta_sensor_async.py
[2023-01-15T13:40:59.306+0000] {processor.py:768} INFO - DAG(s) dict_keys(['example_time_delta_sensor_async']) retrieved from /home/airflow/.local/lib/python3.7/site-packages/airflow/example_dags/example_time_delta_sensor_async.py
[2023-01-15T13:40:59.435+0000] {logging_mixin.py:117} INFO - [2023-01-15T13:40:59.434+0000] {dag.py:2573} INFO - Sync 1 DAGs
[2023-01-15T13:40:59.454+0000] {logging_mixin.py:117} INFO - [2023-01-15T13:40:59.454+0000] {dag.py:3328} INFO - Setting next_dagrun for example_time_delta_sensor_async to None, run_after=None
[2023-01-15T13:40:59.473+0000] {processor.py:178} INFO - Processing /home/airflow/.local/lib/python3.7/site-packages/airflow/example_dags/example_time_delta_sensor_async.py took 0.189 seconds
[2023-01-15T13:41:29.536+0000] {processor.py:156} INFO - Started process (PID=25548) to work on /home/airflow/.local/lib/python3.7/site-packages/airflow/example_dags/example_time_delta_sensor_async.py
[2023-01-15T13:41:29.538+0000] {processor.py:758} INFO - Processing file /home/airflow/.local/lib/python3.7/site-packages/airflow/example_dags/example_time_delta_sensor_async.py for tasks to queue
[2023-01-15T13:41:29.539+0000] {logging_mixin.py:117} INFO - [2023-01-15T13:41:29.539+0000] {dagbag.py:525} INFO - Filling up the DagBag from /home/airflow/.local/lib/python3.7/site-packages/airflow/example_dags/example_time_delta_sensor_async.py
[2023-01-15T13:41:29.556+0000] {processor.py:768} INFO - DAG(s) dict_keys(['example_time_delta_sensor_async']) retrieved from /home/airflow/.local/lib/python3.7/site-packages/airflow/example_dags/example_time_delta_sensor_async.py
[2023-01-15T13:41:29.672+0000] {logging_mixin.py:117} INFO - [2023-01-15T13:41:29.672+0000] {dag.py:2573} INFO - Sync 1 DAGs
[2023-01-15T13:41:29.686+0000] {logging_mixin.py:117} INFO - [2023-01-15T13:41:29.686+0000] {dag.py:3328} INFO - Setting next_dagrun for example_time_delta_sensor_async to None, run_after=None
[2023-01-15T13:41:29.697+0000] {processor.py:178} INFO - Processing /home/airflow/.local/lib/python3.7/site-packages/airflow/example_dags/example_time_delta_sensor_async.py took 0.165 seconds
[2023-01-15T13:41:59.964+0000] {processor.py:156} INFO - Started process (PID=25612) to work on /home/airflow/.local/lib/python3.7/site-packages/airflow/example_dags/example_time_delta_sensor_async.py
[2023-01-15T13:41:59.967+0000] {processor.py:758} INFO - Processing file /home/airflow/.local/lib/python3.7/site-packages/airflow/example_dags/example_time_delta_sensor_async.py for tasks to queue
[2023-01-15T13:41:59.968+0000] {logging_mixin.py:117} INFO - [2023-01-15T13:41:59.968+0000] {dagbag.py:525} INFO - Filling up the DagBag from /home/airflow/.local/lib/python3.7/site-packages/airflow/example_dags/example_time_delta_sensor_async.py
[2023-01-15T13:41:59.983+0000] {processor.py:768} INFO - DAG(s) dict_keys(['example_time_delta_sensor_async']) retrieved from /home/airflow/.local/lib/python3.7/site-packages/airflow/example_dags/example_time_delta_sensor_async.py
[2023-01-15T13:42:00.084+0000] {logging_mixin.py:117} INFO - [2023-01-15T13:42:00.084+0000] {dag.py:2573} INFO - Sync 1 DAGs
[2023-01-15T13:42:00.098+0000] {logging_mixin.py:117} INFO - [2023-01-15T13:42:00.097+0000] {dag.py:3328} INFO - Setting next_dagrun for example_time_delta_sensor_async to None, run_after=None
[2023-01-15T13:42:00.108+0000] {processor.py:178} INFO - Processing /home/airflow/.local/lib/python3.7/site-packages/airflow/example_dags/example_time_delta_sensor_async.py took 0.148 seconds
[2023-01-15T13:58:03.232+0000] {processor.py:156} INFO - Started process (PID=25675) to work on /home/airflow/.local/lib/python3.7/site-packages/airflow/example_dags/example_time_delta_sensor_async.py
[2023-01-15T13:58:03.237+0000] {processor.py:758} INFO - Processing file /home/airflow/.local/lib/python3.7/site-packages/airflow/example_dags/example_time_delta_sensor_async.py for tasks to queue
[2023-01-15T13:58:03.242+0000] {logging_mixin.py:117} INFO - [2023-01-15T13:58:03.242+0000] {dagbag.py:525} INFO - Filling up the DagBag from /home/airflow/.local/lib/python3.7/site-packages/airflow/example_dags/example_time_delta_sensor_async.py
[2023-01-15T13:58:03.305+0000] {processor.py:768} INFO - DAG(s) dict_keys(['example_time_delta_sensor_async']) retrieved from /home/airflow/.local/lib/python3.7/site-packages/airflow/example_dags/example_time_delta_sensor_async.py
[2023-01-15T13:58:03.563+0000] {logging_mixin.py:117} INFO - [2023-01-15T13:58:03.563+0000] {dag.py:2573} INFO - Sync 1 DAGs
[2023-01-15T13:58:03.599+0000] {logging_mixin.py:117} INFO - [2023-01-15T13:58:03.599+0000] {dag.py:3328} INFO - Setting next_dagrun for example_time_delta_sensor_async to None, run_after=None
[2023-01-15T13:58:03.626+0000] {processor.py:178} INFO - Processing /home/airflow/.local/lib/python3.7/site-packages/airflow/example_dags/example_time_delta_sensor_async.py took 0.412 seconds
[2023-01-15T14:09:05.503+0000] {processor.py:156} INFO - Started process (PID=25738) to work on /home/airflow/.local/lib/python3.7/site-packages/airflow/example_dags/example_time_delta_sensor_async.py
[2023-01-15T14:09:05.505+0000] {processor.py:758} INFO - Processing file /home/airflow/.local/lib/python3.7/site-packages/airflow/example_dags/example_time_delta_sensor_async.py for tasks to queue
[2023-01-15T14:09:05.506+0000] {logging_mixin.py:117} INFO - [2023-01-15T14:09:05.506+0000] {dagbag.py:525} INFO - Filling up the DagBag from /home/airflow/.local/lib/python3.7/site-packages/airflow/example_dags/example_time_delta_sensor_async.py
[2023-01-15T14:09:05.521+0000] {processor.py:768} INFO - DAG(s) dict_keys(['example_time_delta_sensor_async']) retrieved from /home/airflow/.local/lib/python3.7/site-packages/airflow/example_dags/example_time_delta_sensor_async.py
[2023-01-15T14:09:05.854+0000] {logging_mixin.py:117} INFO - [2023-01-15T14:09:05.854+0000] {dag.py:2573} INFO - Sync 1 DAGs
[2023-01-15T14:09:05.896+0000] {logging_mixin.py:117} INFO - [2023-01-15T14:09:05.895+0000] {dag.py:3328} INFO - Setting next_dagrun for example_time_delta_sensor_async to None, run_after=None
[2023-01-15T14:09:05.929+0000] {processor.py:178} INFO - Processing /home/airflow/.local/lib/python3.7/site-packages/airflow/example_dags/example_time_delta_sensor_async.py took 0.429 seconds
[2023-01-15T14:09:36.285+0000] {processor.py:156} INFO - Started process (PID=25792) to work on /home/airflow/.local/lib/python3.7/site-packages/airflow/example_dags/example_time_delta_sensor_async.py
[2023-01-15T14:09:36.288+0000] {processor.py:758} INFO - Processing file /home/airflow/.local/lib/python3.7/site-packages/airflow/example_dags/example_time_delta_sensor_async.py for tasks to queue
[2023-01-15T14:09:36.289+0000] {logging_mixin.py:117} INFO - [2023-01-15T14:09:36.289+0000] {dagbag.py:525} INFO - Filling up the DagBag from /home/airflow/.local/lib/python3.7/site-packages/airflow/example_dags/example_time_delta_sensor_async.py
[2023-01-15T14:09:36.311+0000] {processor.py:768} INFO - DAG(s) dict_keys(['example_time_delta_sensor_async']) retrieved from /home/airflow/.local/lib/python3.7/site-packages/airflow/example_dags/example_time_delta_sensor_async.py
[2023-01-15T14:09:36.426+0000] {logging_mixin.py:117} INFO - [2023-01-15T14:09:36.426+0000] {dag.py:2573} INFO - Sync 1 DAGs
[2023-01-15T14:09:36.440+0000] {logging_mixin.py:117} INFO - [2023-01-15T14:09:36.440+0000] {dag.py:3328} INFO - Setting next_dagrun for example_time_delta_sensor_async to None, run_after=None
[2023-01-15T14:09:36.450+0000] {processor.py:178} INFO - Processing /home/airflow/.local/lib/python3.7/site-packages/airflow/example_dags/example_time_delta_sensor_async.py took 0.173 seconds
[2023-01-15T14:59:09.276+0000] {processor.py:156} INFO - Started process (PID=25856) to work on /home/airflow/.local/lib/python3.7/site-packages/airflow/example_dags/example_time_delta_sensor_async.py
[2023-01-15T14:59:09.284+0000] {processor.py:758} INFO - Processing file /home/airflow/.local/lib/python3.7/site-packages/airflow/example_dags/example_time_delta_sensor_async.py for tasks to queue
[2023-01-15T14:59:09.285+0000] {logging_mixin.py:117} INFO - [2023-01-15T14:59:09.285+0000] {dagbag.py:525} INFO - Filling up the DagBag from /home/airflow/.local/lib/python3.7/site-packages/airflow/example_dags/example_time_delta_sensor_async.py
[2023-01-15T14:59:09.355+0000] {processor.py:768} INFO - DAG(s) dict_keys(['example_time_delta_sensor_async']) retrieved from /home/airflow/.local/lib/python3.7/site-packages/airflow/example_dags/example_time_delta_sensor_async.py
[2023-01-15T14:59:09.742+0000] {logging_mixin.py:117} INFO - [2023-01-15T14:59:09.742+0000] {dag.py:2573} INFO - Sync 1 DAGs
[2023-01-15T14:59:09.780+0000] {logging_mixin.py:117} INFO - [2023-01-15T14:59:09.780+0000] {dag.py:3328} INFO - Setting next_dagrun for example_time_delta_sensor_async to None, run_after=None
[2023-01-15T14:59:09.825+0000] {processor.py:178} INFO - Processing /home/airflow/.local/lib/python3.7/site-packages/airflow/example_dags/example_time_delta_sensor_async.py took 0.556 seconds
[2023-01-15T16:21:33.192+0000] {processor.py:156} INFO - Started process (PID=25919) to work on /home/airflow/.local/lib/python3.7/site-packages/airflow/example_dags/example_time_delta_sensor_async.py
[2023-01-15T16:21:33.194+0000] {processor.py:758} INFO - Processing file /home/airflow/.local/lib/python3.7/site-packages/airflow/example_dags/example_time_delta_sensor_async.py for tasks to queue
[2023-01-15T16:21:33.196+0000] {logging_mixin.py:117} INFO - [2023-01-15T16:21:33.195+0000] {dagbag.py:525} INFO - Filling up the DagBag from /home/airflow/.local/lib/python3.7/site-packages/airflow/example_dags/example_time_delta_sensor_async.py
[2023-01-15T16:21:33.290+0000] {processor.py:768} INFO - DAG(s) dict_keys(['example_time_delta_sensor_async']) retrieved from /home/airflow/.local/lib/python3.7/site-packages/airflow/example_dags/example_time_delta_sensor_async.py
[2023-01-15T16:21:33.579+0000] {logging_mixin.py:117} INFO - [2023-01-15T16:21:33.579+0000] {dag.py:2573} INFO - Sync 1 DAGs
[2023-01-15T16:21:33.618+0000] {logging_mixin.py:117} INFO - [2023-01-15T16:21:33.617+0000] {dag.py:3328} INFO - Setting next_dagrun for example_time_delta_sensor_async to None, run_after=None
[2023-01-15T16:21:33.649+0000] {processor.py:178} INFO - Processing /home/airflow/.local/lib/python3.7/site-packages/airflow/example_dags/example_time_delta_sensor_async.py took 0.470 seconds
[2023-01-15T17:27:00.921+0000] {processor.py:156} INFO - Started process (PID=25982) to work on /home/airflow/.local/lib/python3.7/site-packages/airflow/example_dags/example_time_delta_sensor_async.py
[2023-01-15T17:27:00.923+0000] {processor.py:758} INFO - Processing file /home/airflow/.local/lib/python3.7/site-packages/airflow/example_dags/example_time_delta_sensor_async.py for tasks to queue
[2023-01-15T17:27:00.924+0000] {logging_mixin.py:117} INFO - [2023-01-15T17:27:00.923+0000] {dagbag.py:525} INFO - Filling up the DagBag from /home/airflow/.local/lib/python3.7/site-packages/airflow/example_dags/example_time_delta_sensor_async.py
[2023-01-15T17:27:00.939+0000] {processor.py:768} INFO - DAG(s) dict_keys(['example_time_delta_sensor_async']) retrieved from /home/airflow/.local/lib/python3.7/site-packages/airflow/example_dags/example_time_delta_sensor_async.py
[2023-01-15T17:27:01.247+0000] {logging_mixin.py:117} INFO - [2023-01-15T17:27:01.247+0000] {dag.py:2573} INFO - Sync 1 DAGs
[2023-01-15T17:27:01.292+0000] {logging_mixin.py:117} INFO - [2023-01-15T17:27:01.292+0000] {dag.py:3328} INFO - Setting next_dagrun for example_time_delta_sensor_async to None, run_after=None
[2023-01-15T17:27:01.333+0000] {processor.py:178} INFO - Processing /home/airflow/.local/lib/python3.7/site-packages/airflow/example_dags/example_time_delta_sensor_async.py took 0.416 seconds
[2023-01-15T18:23:32.491+0000] {processor.py:156} INFO - Started process (PID=26036) to work on /home/airflow/.local/lib/python3.7/site-packages/airflow/example_dags/example_time_delta_sensor_async.py
[2023-01-15T18:23:32.493+0000] {processor.py:758} INFO - Processing file /home/airflow/.local/lib/python3.7/site-packages/airflow/example_dags/example_time_delta_sensor_async.py for tasks to queue
[2023-01-15T18:23:32.495+0000] {logging_mixin.py:117} INFO - [2023-01-15T18:23:32.494+0000] {dagbag.py:525} INFO - Filling up the DagBag from /home/airflow/.local/lib/python3.7/site-packages/airflow/example_dags/example_time_delta_sensor_async.py
[2023-01-15T18:23:32.519+0000] {processor.py:768} INFO - DAG(s) dict_keys(['example_time_delta_sensor_async']) retrieved from /home/airflow/.local/lib/python3.7/site-packages/airflow/example_dags/example_time_delta_sensor_async.py
[2023-01-15T18:23:32.929+0000] {logging_mixin.py:117} INFO - [2023-01-15T18:23:32.929+0000] {dag.py:2573} INFO - Sync 1 DAGs
[2023-01-15T18:23:32.973+0000] {logging_mixin.py:117} INFO - [2023-01-15T18:23:32.973+0000] {dag.py:3328} INFO - Setting next_dagrun for example_time_delta_sensor_async to None, run_after=None
[2023-01-15T18:23:33.004+0000] {processor.py:178} INFO - Processing /home/airflow/.local/lib/python3.7/site-packages/airflow/example_dags/example_time_delta_sensor_async.py took 0.520 seconds
[2023-01-15T19:46:51.534+0000] {processor.py:156} INFO - Started process (PID=26099) to work on /home/airflow/.local/lib/python3.7/site-packages/airflow/example_dags/example_time_delta_sensor_async.py
[2023-01-15T19:46:51.535+0000] {processor.py:758} INFO - Processing file /home/airflow/.local/lib/python3.7/site-packages/airflow/example_dags/example_time_delta_sensor_async.py for tasks to queue
[2023-01-15T19:46:51.536+0000] {logging_mixin.py:117} INFO - [2023-01-15T19:46:51.536+0000] {dagbag.py:525} INFO - Filling up the DagBag from /home/airflow/.local/lib/python3.7/site-packages/airflow/example_dags/example_time_delta_sensor_async.py
[2023-01-15T19:46:51.551+0000] {processor.py:768} INFO - DAG(s) dict_keys(['example_time_delta_sensor_async']) retrieved from /home/airflow/.local/lib/python3.7/site-packages/airflow/example_dags/example_time_delta_sensor_async.py
[2023-01-15T19:46:51.691+0000] {logging_mixin.py:117} INFO - [2023-01-15T19:46:51.691+0000] {dag.py:2573} INFO - Sync 1 DAGs
[2023-01-15T19:46:51.705+0000] {logging_mixin.py:117} INFO - [2023-01-15T19:46:51.705+0000] {dag.py:3328} INFO - Setting next_dagrun for example_time_delta_sensor_async to None, run_after=None
[2023-01-15T19:46:51.715+0000] {processor.py:178} INFO - Processing /home/airflow/.local/lib/python3.7/site-packages/airflow/example_dags/example_time_delta_sensor_async.py took 0.185 seconds
[2023-01-15T20:53:25.738+0000] {processor.py:156} INFO - Started process (PID=26161) to work on /home/airflow/.local/lib/python3.7/site-packages/airflow/example_dags/example_time_delta_sensor_async.py
[2023-01-15T20:53:25.740+0000] {processor.py:758} INFO - Processing file /home/airflow/.local/lib/python3.7/site-packages/airflow/example_dags/example_time_delta_sensor_async.py for tasks to queue
[2023-01-15T20:53:25.741+0000] {logging_mixin.py:117} INFO - [2023-01-15T20:53:25.741+0000] {dagbag.py:525} INFO - Filling up the DagBag from /home/airflow/.local/lib/python3.7/site-packages/airflow/example_dags/example_time_delta_sensor_async.py
[2023-01-15T20:53:25.765+0000] {processor.py:768} INFO - DAG(s) dict_keys(['example_time_delta_sensor_async']) retrieved from /home/airflow/.local/lib/python3.7/site-packages/airflow/example_dags/example_time_delta_sensor_async.py
[2023-01-15T20:53:25.875+0000] {logging_mixin.py:117} INFO - [2023-01-15T20:53:25.875+0000] {dag.py:2573} INFO - Sync 1 DAGs
[2023-01-15T20:53:25.890+0000] {logging_mixin.py:117} INFO - [2023-01-15T20:53:25.890+0000] {dag.py:3328} INFO - Setting next_dagrun for example_time_delta_sensor_async to None, run_after=None
[2023-01-15T20:53:25.901+0000] {processor.py:178} INFO - Processing /home/airflow/.local/lib/python3.7/site-packages/airflow/example_dags/example_time_delta_sensor_async.py took 0.166 seconds
[2023-01-15T21:52:29.967+0000] {processor.py:156} INFO - Started process (PID=26224) to work on /home/airflow/.local/lib/python3.7/site-packages/airflow/example_dags/example_time_delta_sensor_async.py
[2023-01-15T21:52:29.974+0000] {processor.py:758} INFO - Processing file /home/airflow/.local/lib/python3.7/site-packages/airflow/example_dags/example_time_delta_sensor_async.py for tasks to queue
[2023-01-15T21:52:29.975+0000] {logging_mixin.py:117} INFO - [2023-01-15T21:52:29.975+0000] {dagbag.py:525} INFO - Filling up the DagBag from /home/airflow/.local/lib/python3.7/site-packages/airflow/example_dags/example_time_delta_sensor_async.py
[2023-01-15T21:52:30.031+0000] {processor.py:768} INFO - DAG(s) dict_keys(['example_time_delta_sensor_async']) retrieved from /home/airflow/.local/lib/python3.7/site-packages/airflow/example_dags/example_time_delta_sensor_async.py
[2023-01-15T21:52:30.333+0000] {logging_mixin.py:117} INFO - [2023-01-15T21:52:30.333+0000] {dag.py:2573} INFO - Sync 1 DAGs
[2023-01-15T21:52:30.541+0000] {logging_mixin.py:117} INFO - [2023-01-15T21:52:30.541+0000] {dag.py:3328} INFO - Setting next_dagrun for example_time_delta_sensor_async to None, run_after=None
[2023-01-15T21:52:30.592+0000] {processor.py:178} INFO - Processing /home/airflow/.local/lib/python3.7/site-packages/airflow/example_dags/example_time_delta_sensor_async.py took 0.632 seconds
[2023-01-15T23:15:47.946+0000] {processor.py:156} INFO - Started process (PID=26278) to work on /home/airflow/.local/lib/python3.7/site-packages/airflow/example_dags/example_time_delta_sensor_async.py
[2023-01-15T23:15:47.947+0000] {processor.py:758} INFO - Processing file /home/airflow/.local/lib/python3.7/site-packages/airflow/example_dags/example_time_delta_sensor_async.py for tasks to queue
[2023-01-15T23:15:47.948+0000] {logging_mixin.py:117} INFO - [2023-01-15T23:15:47.948+0000] {dagbag.py:525} INFO - Filling up the DagBag from /home/airflow/.local/lib/python3.7/site-packages/airflow/example_dags/example_time_delta_sensor_async.py
[2023-01-15T23:15:47.967+0000] {processor.py:768} INFO - DAG(s) dict_keys(['example_time_delta_sensor_async']) retrieved from /home/airflow/.local/lib/python3.7/site-packages/airflow/example_dags/example_time_delta_sensor_async.py
[2023-01-15T23:15:48.098+0000] {logging_mixin.py:117} INFO - [2023-01-15T23:15:48.097+0000] {dag.py:2573} INFO - Sync 1 DAGs
[2023-01-15T23:15:48.112+0000] {logging_mixin.py:117} INFO - [2023-01-15T23:15:48.112+0000] {dag.py:3328} INFO - Setting next_dagrun for example_time_delta_sensor_async to None, run_after=None
[2023-01-15T23:15:48.123+0000] {processor.py:178} INFO - Processing /home/airflow/.local/lib/python3.7/site-packages/airflow/example_dags/example_time_delta_sensor_async.py took 0.182 seconds
