[2023-01-15T00:38:57.791+0000] {processor.py:156} INFO - Started process (PID=24096) to work on /home/airflow/.local/lib/python3.7/site-packages/airflow/example_dags/example_branch_operator.py
[2023-01-15T00:38:57.793+0000] {processor.py:758} INFO - Processing file /home/airflow/.local/lib/python3.7/site-packages/airflow/example_dags/example_branch_operator.py for tasks to queue
[2023-01-15T00:38:57.794+0000] {logging_mixin.py:117} INFO - [2023-01-15T00:38:57.794+0000] {dagbag.py:525} INFO - Filling up the DagBag from /home/airflow/.local/lib/python3.7/site-packages/airflow/example_dags/example_branch_operator.py
[2023-01-15T00:38:57.818+0000] {processor.py:768} INFO - DAG(s) dict_keys(['example_branch_operator']) retrieved from /home/airflow/.local/lib/python3.7/site-packages/airflow/example_dags/example_branch_operator.py
[2023-01-15T00:38:57.892+0000] {logging_mixin.py:117} INFO - [2023-01-15T00:38:57.891+0000] {dag.py:2573} INFO - Sync 1 DAGs
[2023-01-15T00:38:57.912+0000] {logging_mixin.py:117} INFO - [2023-01-15T00:38:57.912+0000] {dag.py:3328} INFO - Setting next_dagrun for example_branch_operator to 2023-01-14T00:00:00+00:00, run_after=2023-01-15T00:00:00+00:00
[2023-01-15T00:38:57.950+0000] {processor.py:178} INFO - Processing /home/airflow/.local/lib/python3.7/site-packages/airflow/example_dags/example_branch_operator.py took 0.167 seconds
[2023-01-15T01:44:15.191+0000] {processor.py:156} INFO - Started process (PID=24159) to work on /home/airflow/.local/lib/python3.7/site-packages/airflow/example_dags/example_branch_operator.py
[2023-01-15T01:44:15.193+0000] {processor.py:758} INFO - Processing file /home/airflow/.local/lib/python3.7/site-packages/airflow/example_dags/example_branch_operator.py for tasks to queue
[2023-01-15T01:44:15.194+0000] {logging_mixin.py:117} INFO - [2023-01-15T01:44:15.194+0000] {dagbag.py:525} INFO - Filling up the DagBag from /home/airflow/.local/lib/python3.7/site-packages/airflow/example_dags/example_branch_operator.py
[2023-01-15T01:44:15.242+0000] {processor.py:768} INFO - DAG(s) dict_keys(['example_branch_operator']) retrieved from /home/airflow/.local/lib/python3.7/site-packages/airflow/example_dags/example_branch_operator.py
[2023-01-15T01:44:15.348+0000] {logging_mixin.py:117} INFO - [2023-01-15T01:44:15.348+0000] {dag.py:2573} INFO - Sync 1 DAGs
[2023-01-15T01:44:15.393+0000] {logging_mixin.py:117} INFO - [2023-01-15T01:44:15.392+0000] {dag.py:3328} INFO - Setting next_dagrun for example_branch_operator to 2023-01-14T00:00:00+00:00, run_after=2023-01-15T00:00:00+00:00
[2023-01-15T01:44:15.431+0000] {processor.py:178} INFO - Processing /home/airflow/.local/lib/python3.7/site-packages/airflow/example_dags/example_branch_operator.py took 0.243 seconds
[2023-01-15T02:15:45.180+0000] {processor.py:156} INFO - Started process (PID=24213) to work on /home/airflow/.local/lib/python3.7/site-packages/airflow/example_dags/example_branch_operator.py
[2023-01-15T02:15:45.182+0000] {processor.py:758} INFO - Processing file /home/airflow/.local/lib/python3.7/site-packages/airflow/example_dags/example_branch_operator.py for tasks to queue
[2023-01-15T02:15:45.182+0000] {logging_mixin.py:117} INFO - [2023-01-15T02:15:45.182+0000] {dagbag.py:525} INFO - Filling up the DagBag from /home/airflow/.local/lib/python3.7/site-packages/airflow/example_dags/example_branch_operator.py
[2023-01-15T02:15:45.195+0000] {processor.py:768} INFO - DAG(s) dict_keys(['example_branch_operator']) retrieved from /home/airflow/.local/lib/python3.7/site-packages/airflow/example_dags/example_branch_operator.py
[2023-01-15T02:15:45.223+0000] {logging_mixin.py:117} INFO - [2023-01-15T02:15:45.222+0000] {dag.py:2573} INFO - Sync 1 DAGs
[2023-01-15T02:15:45.238+0000] {logging_mixin.py:117} INFO - [2023-01-15T02:15:45.238+0000] {dag.py:3328} INFO - Setting next_dagrun for example_branch_operator to 2023-01-14T00:00:00+00:00, run_after=2023-01-15T00:00:00+00:00
[2023-01-15T02:15:45.249+0000] {processor.py:178} INFO - Processing /home/airflow/.local/lib/python3.7/site-packages/airflow/example_dags/example_branch_operator.py took 0.071 seconds
[2023-01-15T02:16:15.882+0000] {processor.py:156} INFO - Started process (PID=24276) to work on /home/airflow/.local/lib/python3.7/site-packages/airflow/example_dags/example_branch_operator.py
[2023-01-15T02:16:15.883+0000] {processor.py:758} INFO - Processing file /home/airflow/.local/lib/python3.7/site-packages/airflow/example_dags/example_branch_operator.py for tasks to queue
[2023-01-15T02:16:15.884+0000] {logging_mixin.py:117} INFO - [2023-01-15T02:16:15.884+0000] {dagbag.py:525} INFO - Filling up the DagBag from /home/airflow/.local/lib/python3.7/site-packages/airflow/example_dags/example_branch_operator.py
[2023-01-15T02:16:15.896+0000] {processor.py:768} INFO - DAG(s) dict_keys(['example_branch_operator']) retrieved from /home/airflow/.local/lib/python3.7/site-packages/airflow/example_dags/example_branch_operator.py
[2023-01-15T02:16:15.924+0000] {logging_mixin.py:117} INFO - [2023-01-15T02:16:15.924+0000] {dag.py:2573} INFO - Sync 1 DAGs
[2023-01-15T02:16:15.939+0000] {logging_mixin.py:117} INFO - [2023-01-15T02:16:15.938+0000] {dag.py:3328} INFO - Setting next_dagrun for example_branch_operator to 2023-01-14T00:00:00+00:00, run_after=2023-01-15T00:00:00+00:00
[2023-01-15T02:16:15.949+0000] {processor.py:178} INFO - Processing /home/airflow/.local/lib/python3.7/site-packages/airflow/example_dags/example_branch_operator.py took 0.070 seconds
[2023-01-15T02:49:42.165+0000] {processor.py:156} INFO - Started process (PID=24339) to work on /home/airflow/.local/lib/python3.7/site-packages/airflow/example_dags/example_branch_operator.py
[2023-01-15T02:49:42.168+0000] {processor.py:758} INFO - Processing file /home/airflow/.local/lib/python3.7/site-packages/airflow/example_dags/example_branch_operator.py for tasks to queue
[2023-01-15T02:49:42.172+0000] {logging_mixin.py:117} INFO - [2023-01-15T02:49:42.172+0000] {dagbag.py:525} INFO - Filling up the DagBag from /home/airflow/.local/lib/python3.7/site-packages/airflow/example_dags/example_branch_operator.py
[2023-01-15T02:49:42.218+0000] {processor.py:768} INFO - DAG(s) dict_keys(['example_branch_operator']) retrieved from /home/airflow/.local/lib/python3.7/site-packages/airflow/example_dags/example_branch_operator.py
[2023-01-15T02:49:42.286+0000] {logging_mixin.py:117} INFO - [2023-01-15T02:49:42.286+0000] {dag.py:2573} INFO - Sync 1 DAGs
[2023-01-15T02:49:42.322+0000] {logging_mixin.py:117} INFO - [2023-01-15T02:49:42.322+0000] {dag.py:3328} INFO - Setting next_dagrun for example_branch_operator to 2023-01-14T00:00:00+00:00, run_after=2023-01-15T00:00:00+00:00
[2023-01-15T02:49:42.354+0000] {processor.py:178} INFO - Processing /home/airflow/.local/lib/python3.7/site-packages/airflow/example_dags/example_branch_operator.py took 0.193 seconds
[2023-01-15T04:11:00.683+0000] {processor.py:156} INFO - Started process (PID=24402) to work on /home/airflow/.local/lib/python3.7/site-packages/airflow/example_dags/example_branch_operator.py
[2023-01-15T04:11:00.685+0000] {processor.py:758} INFO - Processing file /home/airflow/.local/lib/python3.7/site-packages/airflow/example_dags/example_branch_operator.py for tasks to queue
[2023-01-15T04:11:00.687+0000] {logging_mixin.py:117} INFO - [2023-01-15T04:11:00.687+0000] {dagbag.py:525} INFO - Filling up the DagBag from /home/airflow/.local/lib/python3.7/site-packages/airflow/example_dags/example_branch_operator.py
[2023-01-15T04:11:00.712+0000] {processor.py:768} INFO - DAG(s) dict_keys(['example_branch_operator']) retrieved from /home/airflow/.local/lib/python3.7/site-packages/airflow/example_dags/example_branch_operator.py
[2023-01-15T04:11:00.774+0000] {logging_mixin.py:117} INFO - [2023-01-15T04:11:00.774+0000] {dag.py:2573} INFO - Sync 1 DAGs
[2023-01-15T04:11:00.797+0000] {logging_mixin.py:117} INFO - [2023-01-15T04:11:00.797+0000] {dag.py:3328} INFO - Setting next_dagrun for example_branch_operator to 2023-01-14T00:00:00+00:00, run_after=2023-01-15T00:00:00+00:00
[2023-01-15T04:11:00.818+0000] {processor.py:178} INFO - Processing /home/airflow/.local/lib/python3.7/site-packages/airflow/example_dags/example_branch_operator.py took 0.138 seconds
[2023-01-15T05:08:48.679+0000] {processor.py:156} INFO - Started process (PID=24466) to work on /home/airflow/.local/lib/python3.7/site-packages/airflow/example_dags/example_branch_operator.py
[2023-01-15T05:08:48.681+0000] {processor.py:758} INFO - Processing file /home/airflow/.local/lib/python3.7/site-packages/airflow/example_dags/example_branch_operator.py for tasks to queue
[2023-01-15T05:08:48.683+0000] {logging_mixin.py:117} INFO - [2023-01-15T05:08:48.682+0000] {dagbag.py:525} INFO - Filling up the DagBag from /home/airflow/.local/lib/python3.7/site-packages/airflow/example_dags/example_branch_operator.py
[2023-01-15T05:08:48.713+0000] {processor.py:768} INFO - DAG(s) dict_keys(['example_branch_operator']) retrieved from /home/airflow/.local/lib/python3.7/site-packages/airflow/example_dags/example_branch_operator.py
[2023-01-15T05:08:48.790+0000] {logging_mixin.py:117} INFO - [2023-01-15T05:08:48.790+0000] {dag.py:2573} INFO - Sync 1 DAGs
[2023-01-15T05:08:48.811+0000] {logging_mixin.py:117} INFO - [2023-01-15T05:08:48.811+0000] {dag.py:3328} INFO - Setting next_dagrun for example_branch_operator to 2023-01-14T00:00:00+00:00, run_after=2023-01-15T00:00:00+00:00
[2023-01-15T05:08:48.823+0000] {processor.py:178} INFO - Processing /home/airflow/.local/lib/python3.7/site-packages/airflow/example_dags/example_branch_operator.py took 0.149 seconds
[2023-01-15T06:14:16.530+0000] {processor.py:156} INFO - Started process (PID=24520) to work on /home/airflow/.local/lib/python3.7/site-packages/airflow/example_dags/example_branch_operator.py
[2023-01-15T06:14:16.539+0000] {processor.py:758} INFO - Processing file /home/airflow/.local/lib/python3.7/site-packages/airflow/example_dags/example_branch_operator.py for tasks to queue
[2023-01-15T06:14:16.541+0000] {logging_mixin.py:117} INFO - [2023-01-15T06:14:16.541+0000] {dagbag.py:525} INFO - Filling up the DagBag from /home/airflow/.local/lib/python3.7/site-packages/airflow/example_dags/example_branch_operator.py
[2023-01-15T06:14:16.575+0000] {processor.py:768} INFO - DAG(s) dict_keys(['example_branch_operator']) retrieved from /home/airflow/.local/lib/python3.7/site-packages/airflow/example_dags/example_branch_operator.py
[2023-01-15T06:14:16.639+0000] {logging_mixin.py:117} INFO - [2023-01-15T06:14:16.638+0000] {dag.py:2573} INFO - Sync 1 DAGs
[2023-01-15T06:14:16.656+0000] {logging_mixin.py:117} INFO - [2023-01-15T06:14:16.656+0000] {dag.py:3328} INFO - Setting next_dagrun for example_branch_operator to 2023-01-14T00:00:00+00:00, run_after=2023-01-15T00:00:00+00:00
[2023-01-15T06:14:16.670+0000] {processor.py:178} INFO - Processing /home/airflow/.local/lib/python3.7/site-packages/airflow/example_dags/example_branch_operator.py took 0.143 seconds
[2023-01-15T06:57:22.949+0000] {processor.py:156} INFO - Started process (PID=24583) to work on /home/airflow/.local/lib/python3.7/site-packages/airflow/example_dags/example_branch_operator.py
[2023-01-15T06:57:22.952+0000] {processor.py:758} INFO - Processing file /home/airflow/.local/lib/python3.7/site-packages/airflow/example_dags/example_branch_operator.py for tasks to queue
[2023-01-15T06:57:22.954+0000] {logging_mixin.py:117} INFO - [2023-01-15T06:57:22.954+0000] {dagbag.py:525} INFO - Filling up the DagBag from /home/airflow/.local/lib/python3.7/site-packages/airflow/example_dags/example_branch_operator.py
[2023-01-15T06:57:22.992+0000] {processor.py:768} INFO - DAG(s) dict_keys(['example_branch_operator']) retrieved from /home/airflow/.local/lib/python3.7/site-packages/airflow/example_dags/example_branch_operator.py
[2023-01-15T06:57:23.060+0000] {logging_mixin.py:117} INFO - [2023-01-15T06:57:23.059+0000] {dag.py:2573} INFO - Sync 1 DAGs
[2023-01-15T06:57:23.093+0000] {logging_mixin.py:117} INFO - [2023-01-15T06:57:23.093+0000] {dag.py:3328} INFO - Setting next_dagrun for example_branch_operator to 2023-01-14T00:00:00+00:00, run_after=2023-01-15T00:00:00+00:00
[2023-01-15T06:57:23.137+0000] {processor.py:178} INFO - Processing /home/airflow/.local/lib/python3.7/site-packages/airflow/example_dags/example_branch_operator.py took 0.194 seconds
[2023-01-15T08:03:14.434+0000] {processor.py:156} INFO - Started process (PID=24646) to work on /home/airflow/.local/lib/python3.7/site-packages/airflow/example_dags/example_branch_operator.py
[2023-01-15T08:03:14.436+0000] {processor.py:758} INFO - Processing file /home/airflow/.local/lib/python3.7/site-packages/airflow/example_dags/example_branch_operator.py for tasks to queue
[2023-01-15T08:03:14.438+0000] {logging_mixin.py:117} INFO - [2023-01-15T08:03:14.438+0000] {dagbag.py:525} INFO - Filling up the DagBag from /home/airflow/.local/lib/python3.7/site-packages/airflow/example_dags/example_branch_operator.py
[2023-01-15T08:03:14.458+0000] {processor.py:768} INFO - DAG(s) dict_keys(['example_branch_operator']) retrieved from /home/airflow/.local/lib/python3.7/site-packages/airflow/example_dags/example_branch_operator.py
[2023-01-15T08:03:14.502+0000] {logging_mixin.py:117} INFO - [2023-01-15T08:03:14.502+0000] {dag.py:2573} INFO - Sync 1 DAGs
[2023-01-15T08:03:14.537+0000] {logging_mixin.py:117} INFO - [2023-01-15T08:03:14.537+0000] {dag.py:3328} INFO - Setting next_dagrun for example_branch_operator to 2023-01-14T00:00:00+00:00, run_after=2023-01-15T00:00:00+00:00
[2023-01-15T08:03:14.572+0000] {processor.py:178} INFO - Processing /home/airflow/.local/lib/python3.7/site-packages/airflow/example_dags/example_branch_operator.py took 0.143 seconds
[2023-01-15T09:11:04.040+0000] {processor.py:156} INFO - Started process (PID=24710) to work on /home/airflow/.local/lib/python3.7/site-packages/airflow/example_dags/example_branch_operator.py
[2023-01-15T09:11:04.047+0000] {processor.py:758} INFO - Processing file /home/airflow/.local/lib/python3.7/site-packages/airflow/example_dags/example_branch_operator.py for tasks to queue
[2023-01-15T09:11:04.048+0000] {logging_mixin.py:117} INFO - [2023-01-15T09:11:04.048+0000] {dagbag.py:525} INFO - Filling up the DagBag from /home/airflow/.local/lib/python3.7/site-packages/airflow/example_dags/example_branch_operator.py
[2023-01-15T09:11:04.086+0000] {processor.py:768} INFO - DAG(s) dict_keys(['example_branch_operator']) retrieved from /home/airflow/.local/lib/python3.7/site-packages/airflow/example_dags/example_branch_operator.py
[2023-01-15T09:11:04.293+0000] {logging_mixin.py:117} INFO - [2023-01-15T09:11:04.293+0000] {dag.py:2573} INFO - Sync 1 DAGs
[2023-01-15T09:11:04.346+0000] {logging_mixin.py:117} INFO - [2023-01-15T09:11:04.346+0000] {dag.py:3328} INFO - Setting next_dagrun for example_branch_operator to 2023-01-14T00:00:00+00:00, run_after=2023-01-15T00:00:00+00:00
[2023-01-15T09:11:04.402+0000] {processor.py:178} INFO - Processing /home/airflow/.local/lib/python3.7/site-packages/airflow/example_dags/example_branch_operator.py took 0.370 seconds
[2023-01-15T09:32:51.530+0000] {processor.py:156} INFO - Started process (PID=24764) to work on /home/airflow/.local/lib/python3.7/site-packages/airflow/example_dags/example_branch_operator.py
[2023-01-15T09:32:51.531+0000] {processor.py:758} INFO - Processing file /home/airflow/.local/lib/python3.7/site-packages/airflow/example_dags/example_branch_operator.py for tasks to queue
[2023-01-15T09:32:51.532+0000] {logging_mixin.py:117} INFO - [2023-01-15T09:32:51.532+0000] {dagbag.py:525} INFO - Filling up the DagBag from /home/airflow/.local/lib/python3.7/site-packages/airflow/example_dags/example_branch_operator.py
[2023-01-15T09:32:51.556+0000] {processor.py:768} INFO - DAG(s) dict_keys(['example_branch_operator']) retrieved from /home/airflow/.local/lib/python3.7/site-packages/airflow/example_dags/example_branch_operator.py
[2023-01-15T09:32:51.605+0000] {logging_mixin.py:117} INFO - [2023-01-15T09:32:51.605+0000] {dag.py:2573} INFO - Sync 1 DAGs
[2023-01-15T09:32:51.627+0000] {logging_mixin.py:117} INFO - [2023-01-15T09:32:51.627+0000] {dag.py:3328} INFO - Setting next_dagrun for example_branch_operator to 2023-01-14T00:00:00+00:00, run_after=2023-01-15T00:00:00+00:00
[2023-01-15T09:32:51.644+0000] {processor.py:178} INFO - Processing /home/airflow/.local/lib/python3.7/site-packages/airflow/example_dags/example_branch_operator.py took 0.117 seconds
[2023-01-15T09:33:54.344+0000] {processor.py:156} INFO - Started process (PID=24827) to work on /home/airflow/.local/lib/python3.7/site-packages/airflow/example_dags/example_branch_operator.py
[2023-01-15T09:33:54.346+0000] {processor.py:758} INFO - Processing file /home/airflow/.local/lib/python3.7/site-packages/airflow/example_dags/example_branch_operator.py for tasks to queue
[2023-01-15T09:33:54.346+0000] {logging_mixin.py:117} INFO - [2023-01-15T09:33:54.346+0000] {dagbag.py:525} INFO - Filling up the DagBag from /home/airflow/.local/lib/python3.7/site-packages/airflow/example_dags/example_branch_operator.py
[2023-01-15T09:33:54.359+0000] {processor.py:768} INFO - DAG(s) dict_keys(['example_branch_operator']) retrieved from /home/airflow/.local/lib/python3.7/site-packages/airflow/example_dags/example_branch_operator.py
[2023-01-15T09:33:54.387+0000] {logging_mixin.py:117} INFO - [2023-01-15T09:33:54.387+0000] {dag.py:2573} INFO - Sync 1 DAGs
[2023-01-15T09:33:54.401+0000] {logging_mixin.py:117} INFO - [2023-01-15T09:33:54.401+0000] {dag.py:3328} INFO - Setting next_dagrun for example_branch_operator to 2023-01-14T00:00:00+00:00, run_after=2023-01-15T00:00:00+00:00
[2023-01-15T09:33:54.413+0000] {processor.py:178} INFO - Processing /home/airflow/.local/lib/python3.7/site-packages/airflow/example_dags/example_branch_operator.py took 0.071 seconds
[2023-01-15T09:43:27.763+0000] {processor.py:156} INFO - Started process (PID=24890) to work on /home/airflow/.local/lib/python3.7/site-packages/airflow/example_dags/example_branch_operator.py
[2023-01-15T09:43:27.767+0000] {processor.py:758} INFO - Processing file /home/airflow/.local/lib/python3.7/site-packages/airflow/example_dags/example_branch_operator.py for tasks to queue
[2023-01-15T09:43:27.770+0000] {logging_mixin.py:117} INFO - [2023-01-15T09:43:27.770+0000] {dagbag.py:525} INFO - Filling up the DagBag from /home/airflow/.local/lib/python3.7/site-packages/airflow/example_dags/example_branch_operator.py
[2023-01-15T09:43:27.814+0000] {processor.py:768} INFO - DAG(s) dict_keys(['example_branch_operator']) retrieved from /home/airflow/.local/lib/python3.7/site-packages/airflow/example_dags/example_branch_operator.py
[2023-01-15T09:43:27.891+0000] {logging_mixin.py:117} INFO - [2023-01-15T09:43:27.891+0000] {dag.py:2573} INFO - Sync 1 DAGs
[2023-01-15T09:43:27.928+0000] {logging_mixin.py:117} INFO - [2023-01-15T09:43:27.928+0000] {dag.py:3328} INFO - Setting next_dagrun for example_branch_operator to 2023-01-14T00:00:00+00:00, run_after=2023-01-15T00:00:00+00:00
[2023-01-15T09:43:27.955+0000] {processor.py:178} INFO - Processing /home/airflow/.local/lib/python3.7/site-packages/airflow/example_dags/example_branch_operator.py took 0.196 seconds
[2023-01-15T11:04:07.328+0000] {processor.py:156} INFO - Started process (PID=24952) to work on /home/airflow/.local/lib/python3.7/site-packages/airflow/example_dags/example_branch_operator.py
[2023-01-15T11:04:07.330+0000] {processor.py:758} INFO - Processing file /home/airflow/.local/lib/python3.7/site-packages/airflow/example_dags/example_branch_operator.py for tasks to queue
[2023-01-15T11:04:07.331+0000] {logging_mixin.py:117} INFO - [2023-01-15T11:04:07.331+0000] {dagbag.py:525} INFO - Filling up the DagBag from /home/airflow/.local/lib/python3.7/site-packages/airflow/example_dags/example_branch_operator.py
[2023-01-15T11:04:07.371+0000] {processor.py:768} INFO - DAG(s) dict_keys(['example_branch_operator']) retrieved from /home/airflow/.local/lib/python3.7/site-packages/airflow/example_dags/example_branch_operator.py
[2023-01-15T11:04:07.471+0000] {logging_mixin.py:117} INFO - [2023-01-15T11:04:07.471+0000] {dag.py:2573} INFO - Sync 1 DAGs
[2023-01-15T11:04:07.523+0000] {logging_mixin.py:117} INFO - [2023-01-15T11:04:07.523+0000] {dag.py:3328} INFO - Setting next_dagrun for example_branch_operator to 2023-01-14T00:00:00+00:00, run_after=2023-01-15T00:00:00+00:00
[2023-01-15T11:04:07.542+0000] {processor.py:178} INFO - Processing /home/airflow/.local/lib/python3.7/site-packages/airflow/example_dags/example_branch_operator.py took 0.217 seconds
[2023-01-15T12:04:14.483+0000] {processor.py:156} INFO - Started process (PID=25007) to work on /home/airflow/.local/lib/python3.7/site-packages/airflow/example_dags/example_branch_operator.py
[2023-01-15T12:04:14.484+0000] {processor.py:758} INFO - Processing file /home/airflow/.local/lib/python3.7/site-packages/airflow/example_dags/example_branch_operator.py for tasks to queue
[2023-01-15T12:04:14.485+0000] {logging_mixin.py:117} INFO - [2023-01-15T12:04:14.485+0000] {dagbag.py:525} INFO - Filling up the DagBag from /home/airflow/.local/lib/python3.7/site-packages/airflow/example_dags/example_branch_operator.py
[2023-01-15T12:04:14.503+0000] {processor.py:768} INFO - DAG(s) dict_keys(['example_branch_operator']) retrieved from /home/airflow/.local/lib/python3.7/site-packages/airflow/example_dags/example_branch_operator.py
[2023-01-15T12:04:14.549+0000] {logging_mixin.py:117} INFO - [2023-01-15T12:04:14.549+0000] {dag.py:2573} INFO - Sync 1 DAGs
[2023-01-15T12:04:14.568+0000] {logging_mixin.py:117} INFO - [2023-01-15T12:04:14.568+0000] {dag.py:3328} INFO - Setting next_dagrun for example_branch_operator to 2023-01-14T00:00:00+00:00, run_after=2023-01-15T00:00:00+00:00
[2023-01-15T12:04:14.583+0000] {processor.py:178} INFO - Processing /home/airflow/.local/lib/python3.7/site-packages/airflow/example_dags/example_branch_operator.py took 0.103 seconds
[2023-01-15T12:42:35.982+0000] {processor.py:156} INFO - Started process (PID=25070) to work on /home/airflow/.local/lib/python3.7/site-packages/airflow/example_dags/example_branch_operator.py
[2023-01-15T12:42:35.984+0000] {processor.py:758} INFO - Processing file /home/airflow/.local/lib/python3.7/site-packages/airflow/example_dags/example_branch_operator.py for tasks to queue
[2023-01-15T12:42:35.985+0000] {logging_mixin.py:117} INFO - [2023-01-15T12:42:35.985+0000] {dagbag.py:525} INFO - Filling up the DagBag from /home/airflow/.local/lib/python3.7/site-packages/airflow/example_dags/example_branch_operator.py
[2023-01-15T12:42:36.005+0000] {processor.py:768} INFO - DAG(s) dict_keys(['example_branch_operator']) retrieved from /home/airflow/.local/lib/python3.7/site-packages/airflow/example_dags/example_branch_operator.py
[2023-01-15T12:42:36.081+0000] {logging_mixin.py:117} INFO - [2023-01-15T12:42:36.081+0000] {dag.py:2573} INFO - Sync 1 DAGs
[2023-01-15T12:42:36.129+0000] {logging_mixin.py:117} INFO - [2023-01-15T12:42:36.129+0000] {dag.py:3328} INFO - Setting next_dagrun for example_branch_operator to 2023-01-14T00:00:00+00:00, run_after=2023-01-15T00:00:00+00:00
[2023-01-15T12:42:36.160+0000] {processor.py:178} INFO - Processing /home/airflow/.local/lib/python3.7/site-packages/airflow/example_dags/example_branch_operator.py took 0.182 seconds
[2023-01-15T13:21:54.316+0000] {processor.py:156} INFO - Started process (PID=25133) to work on /home/airflow/.local/lib/python3.7/site-packages/airflow/example_dags/example_branch_operator.py
[2023-01-15T13:21:54.317+0000] {processor.py:758} INFO - Processing file /home/airflow/.local/lib/python3.7/site-packages/airflow/example_dags/example_branch_operator.py for tasks to queue
[2023-01-15T13:21:54.318+0000] {logging_mixin.py:117} INFO - [2023-01-15T13:21:54.318+0000] {dagbag.py:525} INFO - Filling up the DagBag from /home/airflow/.local/lib/python3.7/site-packages/airflow/example_dags/example_branch_operator.py
[2023-01-15T13:21:54.330+0000] {processor.py:768} INFO - DAG(s) dict_keys(['example_branch_operator']) retrieved from /home/airflow/.local/lib/python3.7/site-packages/airflow/example_dags/example_branch_operator.py
[2023-01-15T13:21:54.358+0000] {logging_mixin.py:117} INFO - [2023-01-15T13:21:54.358+0000] {dag.py:2573} INFO - Sync 1 DAGs
[2023-01-15T13:21:54.372+0000] {logging_mixin.py:117} INFO - [2023-01-15T13:21:54.372+0000] {dag.py:3328} INFO - Setting next_dagrun for example_branch_operator to 2023-01-14T00:00:00+00:00, run_after=2023-01-15T00:00:00+00:00
[2023-01-15T13:21:54.383+0000] {processor.py:178} INFO - Processing /home/airflow/.local/lib/python3.7/site-packages/airflow/example_dags/example_branch_operator.py took 0.070 seconds
[2023-01-15T13:38:26.689+0000] {processor.py:156} INFO - Started process (PID=25187) to work on /home/airflow/.local/lib/python3.7/site-packages/airflow/example_dags/example_branch_operator.py
[2023-01-15T13:38:26.691+0000] {processor.py:758} INFO - Processing file /home/airflow/.local/lib/python3.7/site-packages/airflow/example_dags/example_branch_operator.py for tasks to queue
[2023-01-15T13:38:26.691+0000] {logging_mixin.py:117} INFO - [2023-01-15T13:38:26.691+0000] {dagbag.py:525} INFO - Filling up the DagBag from /home/airflow/.local/lib/python3.7/site-packages/airflow/example_dags/example_branch_operator.py
[2023-01-15T13:38:26.704+0000] {processor.py:768} INFO - DAG(s) dict_keys(['example_branch_operator']) retrieved from /home/airflow/.local/lib/python3.7/site-packages/airflow/example_dags/example_branch_operator.py
[2023-01-15T13:38:26.731+0000] {logging_mixin.py:117} INFO - [2023-01-15T13:38:26.731+0000] {dag.py:2573} INFO - Sync 1 DAGs
[2023-01-15T13:38:26.745+0000] {logging_mixin.py:117} INFO - [2023-01-15T13:38:26.745+0000] {dag.py:3328} INFO - Setting next_dagrun for example_branch_operator to 2023-01-14T00:00:00+00:00, run_after=2023-01-15T00:00:00+00:00
[2023-01-15T13:38:26.756+0000] {processor.py:178} INFO - Processing /home/airflow/.local/lib/python3.7/site-packages/airflow/example_dags/example_branch_operator.py took 0.069 seconds
[2023-01-15T13:38:57.734+0000] {processor.py:156} INFO - Started process (PID=25250) to work on /home/airflow/.local/lib/python3.7/site-packages/airflow/example_dags/example_branch_operator.py
[2023-01-15T13:38:57.736+0000] {processor.py:758} INFO - Processing file /home/airflow/.local/lib/python3.7/site-packages/airflow/example_dags/example_branch_operator.py for tasks to queue
[2023-01-15T13:38:57.737+0000] {logging_mixin.py:117} INFO - [2023-01-15T13:38:57.736+0000] {dagbag.py:525} INFO - Filling up the DagBag from /home/airflow/.local/lib/python3.7/site-packages/airflow/example_dags/example_branch_operator.py
[2023-01-15T13:38:57.749+0000] {processor.py:768} INFO - DAG(s) dict_keys(['example_branch_operator']) retrieved from /home/airflow/.local/lib/python3.7/site-packages/airflow/example_dags/example_branch_operator.py
[2023-01-15T13:38:57.776+0000] {logging_mixin.py:117} INFO - [2023-01-15T13:38:57.776+0000] {dag.py:2573} INFO - Sync 1 DAGs
[2023-01-15T13:38:57.791+0000] {logging_mixin.py:117} INFO - [2023-01-15T13:38:57.791+0000] {dag.py:3328} INFO - Setting next_dagrun for example_branch_operator to 2023-01-14T00:00:00+00:00, run_after=2023-01-15T00:00:00+00:00
[2023-01-15T13:38:57.804+0000] {processor.py:178} INFO - Processing /home/airflow/.local/lib/python3.7/site-packages/airflow/example_dags/example_branch_operator.py took 0.072 seconds
[2023-01-15T13:39:28.342+0000] {processor.py:156} INFO - Started process (PID=25313) to work on /home/airflow/.local/lib/python3.7/site-packages/airflow/example_dags/example_branch_operator.py
[2023-01-15T13:39:28.343+0000] {processor.py:758} INFO - Processing file /home/airflow/.local/lib/python3.7/site-packages/airflow/example_dags/example_branch_operator.py for tasks to queue
[2023-01-15T13:39:28.344+0000] {logging_mixin.py:117} INFO - [2023-01-15T13:39:28.344+0000] {dagbag.py:525} INFO - Filling up the DagBag from /home/airflow/.local/lib/python3.7/site-packages/airflow/example_dags/example_branch_operator.py
[2023-01-15T13:39:28.356+0000] {processor.py:768} INFO - DAG(s) dict_keys(['example_branch_operator']) retrieved from /home/airflow/.local/lib/python3.7/site-packages/airflow/example_dags/example_branch_operator.py
[2023-01-15T13:39:28.384+0000] {logging_mixin.py:117} INFO - [2023-01-15T13:39:28.384+0000] {dag.py:2573} INFO - Sync 1 DAGs
[2023-01-15T13:39:28.399+0000] {logging_mixin.py:117} INFO - [2023-01-15T13:39:28.399+0000] {dag.py:3328} INFO - Setting next_dagrun for example_branch_operator to 2023-01-14T00:00:00+00:00, run_after=2023-01-15T00:00:00+00:00
[2023-01-15T13:39:28.409+0000] {processor.py:178} INFO - Processing /home/airflow/.local/lib/python3.7/site-packages/airflow/example_dags/example_branch_operator.py took 0.070 seconds
[2023-01-15T13:39:58.639+0000] {processor.py:156} INFO - Started process (PID=25376) to work on /home/airflow/.local/lib/python3.7/site-packages/airflow/example_dags/example_branch_operator.py
[2023-01-15T13:39:58.641+0000] {processor.py:758} INFO - Processing file /home/airflow/.local/lib/python3.7/site-packages/airflow/example_dags/example_branch_operator.py for tasks to queue
[2023-01-15T13:39:58.647+0000] {logging_mixin.py:117} INFO - [2023-01-15T13:39:58.647+0000] {dagbag.py:525} INFO - Filling up the DagBag from /home/airflow/.local/lib/python3.7/site-packages/airflow/example_dags/example_branch_operator.py
[2023-01-15T13:39:58.666+0000] {processor.py:768} INFO - DAG(s) dict_keys(['example_branch_operator']) retrieved from /home/airflow/.local/lib/python3.7/site-packages/airflow/example_dags/example_branch_operator.py
[2023-01-15T13:39:58.715+0000] {logging_mixin.py:117} INFO - [2023-01-15T13:39:58.715+0000] {dag.py:2573} INFO - Sync 1 DAGs
[2023-01-15T13:39:58.740+0000] {logging_mixin.py:117} INFO - [2023-01-15T13:39:58.740+0000] {dag.py:3328} INFO - Setting next_dagrun for example_branch_operator to 2023-01-14T00:00:00+00:00, run_after=2023-01-15T00:00:00+00:00
[2023-01-15T13:39:58.755+0000] {processor.py:178} INFO - Processing /home/airflow/.local/lib/python3.7/site-packages/airflow/example_dags/example_branch_operator.py took 0.119 seconds
[2023-01-15T13:40:29.109+0000] {processor.py:156} INFO - Started process (PID=25439) to work on /home/airflow/.local/lib/python3.7/site-packages/airflow/example_dags/example_branch_operator.py
[2023-01-15T13:40:29.110+0000] {processor.py:758} INFO - Processing file /home/airflow/.local/lib/python3.7/site-packages/airflow/example_dags/example_branch_operator.py for tasks to queue
[2023-01-15T13:40:29.111+0000] {logging_mixin.py:117} INFO - [2023-01-15T13:40:29.111+0000] {dagbag.py:525} INFO - Filling up the DagBag from /home/airflow/.local/lib/python3.7/site-packages/airflow/example_dags/example_branch_operator.py
[2023-01-15T13:40:29.123+0000] {processor.py:768} INFO - DAG(s) dict_keys(['example_branch_operator']) retrieved from /home/airflow/.local/lib/python3.7/site-packages/airflow/example_dags/example_branch_operator.py
[2023-01-15T13:40:29.151+0000] {logging_mixin.py:117} INFO - [2023-01-15T13:40:29.151+0000] {dag.py:2573} INFO - Sync 1 DAGs
[2023-01-15T13:40:29.165+0000] {logging_mixin.py:117} INFO - [2023-01-15T13:40:29.165+0000] {dag.py:3328} INFO - Setting next_dagrun for example_branch_operator to 2023-01-14T00:00:00+00:00, run_after=2023-01-15T00:00:00+00:00
[2023-01-15T13:40:29.175+0000] {processor.py:178} INFO - Processing /home/airflow/.local/lib/python3.7/site-packages/airflow/example_dags/example_branch_operator.py took 0.069 seconds
[2023-01-15T13:40:59.705+0000] {processor.py:156} INFO - Started process (PID=25502) to work on /home/airflow/.local/lib/python3.7/site-packages/airflow/example_dags/example_branch_operator.py
[2023-01-15T13:40:59.706+0000] {processor.py:758} INFO - Processing file /home/airflow/.local/lib/python3.7/site-packages/airflow/example_dags/example_branch_operator.py for tasks to queue
[2023-01-15T13:40:59.707+0000] {logging_mixin.py:117} INFO - [2023-01-15T13:40:59.707+0000] {dagbag.py:525} INFO - Filling up the DagBag from /home/airflow/.local/lib/python3.7/site-packages/airflow/example_dags/example_branch_operator.py
[2023-01-15T13:40:59.719+0000] {processor.py:768} INFO - DAG(s) dict_keys(['example_branch_operator']) retrieved from /home/airflow/.local/lib/python3.7/site-packages/airflow/example_dags/example_branch_operator.py
[2023-01-15T13:40:59.746+0000] {logging_mixin.py:117} INFO - [2023-01-15T13:40:59.746+0000] {dag.py:2573} INFO - Sync 1 DAGs
[2023-01-15T13:40:59.761+0000] {logging_mixin.py:117} INFO - [2023-01-15T13:40:59.761+0000] {dag.py:3328} INFO - Setting next_dagrun for example_branch_operator to 2023-01-14T00:00:00+00:00, run_after=2023-01-15T00:00:00+00:00
[2023-01-15T13:40:59.773+0000] {processor.py:178} INFO - Processing /home/airflow/.local/lib/python3.7/site-packages/airflow/example_dags/example_branch_operator.py took 0.070 seconds
[2023-01-15T13:41:29.936+0000] {processor.py:156} INFO - Started process (PID=25556) to work on /home/airflow/.local/lib/python3.7/site-packages/airflow/example_dags/example_branch_operator.py
[2023-01-15T13:41:29.937+0000] {processor.py:758} INFO - Processing file /home/airflow/.local/lib/python3.7/site-packages/airflow/example_dags/example_branch_operator.py for tasks to queue
[2023-01-15T13:41:29.938+0000] {logging_mixin.py:117} INFO - [2023-01-15T13:41:29.938+0000] {dagbag.py:525} INFO - Filling up the DagBag from /home/airflow/.local/lib/python3.7/site-packages/airflow/example_dags/example_branch_operator.py
[2023-01-15T13:41:29.950+0000] {processor.py:768} INFO - DAG(s) dict_keys(['example_branch_operator']) retrieved from /home/airflow/.local/lib/python3.7/site-packages/airflow/example_dags/example_branch_operator.py
[2023-01-15T13:41:29.977+0000] {logging_mixin.py:117} INFO - [2023-01-15T13:41:29.977+0000] {dag.py:2573} INFO - Sync 1 DAGs
[2023-01-15T13:41:29.992+0000] {logging_mixin.py:117} INFO - [2023-01-15T13:41:29.992+0000] {dag.py:3328} INFO - Setting next_dagrun for example_branch_operator to 2023-01-14T00:00:00+00:00, run_after=2023-01-15T00:00:00+00:00
[2023-01-15T13:41:30.003+0000] {processor.py:178} INFO - Processing /home/airflow/.local/lib/python3.7/site-packages/airflow/example_dags/example_branch_operator.py took 0.070 seconds
[2023-01-15T13:42:00.350+0000] {processor.py:156} INFO - Started process (PID=25620) to work on /home/airflow/.local/lib/python3.7/site-packages/airflow/example_dags/example_branch_operator.py
[2023-01-15T13:42:00.351+0000] {processor.py:758} INFO - Processing file /home/airflow/.local/lib/python3.7/site-packages/airflow/example_dags/example_branch_operator.py for tasks to queue
[2023-01-15T13:42:00.352+0000] {logging_mixin.py:117} INFO - [2023-01-15T13:42:00.352+0000] {dagbag.py:525} INFO - Filling up the DagBag from /home/airflow/.local/lib/python3.7/site-packages/airflow/example_dags/example_branch_operator.py
[2023-01-15T13:42:00.364+0000] {processor.py:768} INFO - DAG(s) dict_keys(['example_branch_operator']) retrieved from /home/airflow/.local/lib/python3.7/site-packages/airflow/example_dags/example_branch_operator.py
[2023-01-15T13:42:00.392+0000] {logging_mixin.py:117} INFO - [2023-01-15T13:42:00.392+0000] {dag.py:2573} INFO - Sync 1 DAGs
[2023-01-15T13:42:00.406+0000] {logging_mixin.py:117} INFO - [2023-01-15T13:42:00.406+0000] {dag.py:3328} INFO - Setting next_dagrun for example_branch_operator to 2023-01-14T00:00:00+00:00, run_after=2023-01-15T00:00:00+00:00
[2023-01-15T13:42:00.416+0000] {processor.py:178} INFO - Processing /home/airflow/.local/lib/python3.7/site-packages/airflow/example_dags/example_branch_operator.py took 0.069 seconds
[2023-01-15T13:58:04.199+0000] {processor.py:156} INFO - Started process (PID=25683) to work on /home/airflow/.local/lib/python3.7/site-packages/airflow/example_dags/example_branch_operator.py
[2023-01-15T13:58:04.201+0000] {processor.py:758} INFO - Processing file /home/airflow/.local/lib/python3.7/site-packages/airflow/example_dags/example_branch_operator.py for tasks to queue
[2023-01-15T13:58:04.202+0000] {logging_mixin.py:117} INFO - [2023-01-15T13:58:04.202+0000] {dagbag.py:525} INFO - Filling up the DagBag from /home/airflow/.local/lib/python3.7/site-packages/airflow/example_dags/example_branch_operator.py
[2023-01-15T13:58:04.220+0000] {processor.py:768} INFO - DAG(s) dict_keys(['example_branch_operator']) retrieved from /home/airflow/.local/lib/python3.7/site-packages/airflow/example_dags/example_branch_operator.py
[2023-01-15T13:58:04.259+0000] {logging_mixin.py:117} INFO - [2023-01-15T13:58:04.259+0000] {dag.py:2573} INFO - Sync 1 DAGs
[2023-01-15T13:58:04.279+0000] {logging_mixin.py:117} INFO - [2023-01-15T13:58:04.279+0000] {dag.py:3328} INFO - Setting next_dagrun for example_branch_operator to 2023-01-14T00:00:00+00:00, run_after=2023-01-15T00:00:00+00:00
[2023-01-15T13:58:04.311+0000] {processor.py:178} INFO - Processing /home/airflow/.local/lib/python3.7/site-packages/airflow/example_dags/example_branch_operator.py took 0.116 seconds
[2023-01-15T14:09:06.655+0000] {processor.py:156} INFO - Started process (PID=25746) to work on /home/airflow/.local/lib/python3.7/site-packages/airflow/example_dags/example_branch_operator.py
[2023-01-15T14:09:06.660+0000] {processor.py:758} INFO - Processing file /home/airflow/.local/lib/python3.7/site-packages/airflow/example_dags/example_branch_operator.py for tasks to queue
[2023-01-15T14:09:06.662+0000] {logging_mixin.py:117} INFO - [2023-01-15T14:09:06.662+0000] {dagbag.py:525} INFO - Filling up the DagBag from /home/airflow/.local/lib/python3.7/site-packages/airflow/example_dags/example_branch_operator.py
[2023-01-15T14:09:06.693+0000] {processor.py:768} INFO - DAG(s) dict_keys(['example_branch_operator']) retrieved from /home/airflow/.local/lib/python3.7/site-packages/airflow/example_dags/example_branch_operator.py
[2023-01-15T14:09:06.741+0000] {logging_mixin.py:117} INFO - [2023-01-15T14:09:06.741+0000] {dag.py:2573} INFO - Sync 1 DAGs
[2023-01-15T14:09:06.760+0000] {logging_mixin.py:117} INFO - [2023-01-15T14:09:06.760+0000] {dag.py:3328} INFO - Setting next_dagrun for example_branch_operator to 2023-01-14T00:00:00+00:00, run_after=2023-01-15T00:00:00+00:00
[2023-01-15T14:09:06.776+0000] {processor.py:178} INFO - Processing /home/airflow/.local/lib/python3.7/site-packages/airflow/example_dags/example_branch_operator.py took 0.137 seconds
[2023-01-15T14:09:37.668+0000] {processor.py:156} INFO - Started process (PID=25809) to work on /home/airflow/.local/lib/python3.7/site-packages/airflow/example_dags/example_branch_operator.py
[2023-01-15T14:09:37.669+0000] {processor.py:758} INFO - Processing file /home/airflow/.local/lib/python3.7/site-packages/airflow/example_dags/example_branch_operator.py for tasks to queue
[2023-01-15T14:09:37.670+0000] {logging_mixin.py:117} INFO - [2023-01-15T14:09:37.669+0000] {dagbag.py:525} INFO - Filling up the DagBag from /home/airflow/.local/lib/python3.7/site-packages/airflow/example_dags/example_branch_operator.py
[2023-01-15T14:09:37.682+0000] {processor.py:768} INFO - DAG(s) dict_keys(['example_branch_operator']) retrieved from /home/airflow/.local/lib/python3.7/site-packages/airflow/example_dags/example_branch_operator.py
[2023-01-15T14:09:37.711+0000] {logging_mixin.py:117} INFO - [2023-01-15T14:09:37.711+0000] {dag.py:2573} INFO - Sync 1 DAGs
[2023-01-15T14:09:37.727+0000] {logging_mixin.py:117} INFO - [2023-01-15T14:09:37.727+0000] {dag.py:3328} INFO - Setting next_dagrun for example_branch_operator to 2023-01-14T00:00:00+00:00, run_after=2023-01-15T00:00:00+00:00
[2023-01-15T14:09:37.737+0000] {processor.py:178} INFO - Processing /home/airflow/.local/lib/python3.7/site-packages/airflow/example_dags/example_branch_operator.py took 0.072 seconds
[2023-01-15T14:59:10.847+0000] {processor.py:156} INFO - Started process (PID=25864) to work on /home/airflow/.local/lib/python3.7/site-packages/airflow/example_dags/example_branch_operator.py
[2023-01-15T14:59:10.850+0000] {processor.py:758} INFO - Processing file /home/airflow/.local/lib/python3.7/site-packages/airflow/example_dags/example_branch_operator.py for tasks to queue
[2023-01-15T14:59:10.851+0000] {logging_mixin.py:117} INFO - [2023-01-15T14:59:10.851+0000] {dagbag.py:525} INFO - Filling up the DagBag from /home/airflow/.local/lib/python3.7/site-packages/airflow/example_dags/example_branch_operator.py
[2023-01-15T14:59:10.902+0000] {processor.py:768} INFO - DAG(s) dict_keys(['example_branch_operator']) retrieved from /home/airflow/.local/lib/python3.7/site-packages/airflow/example_dags/example_branch_operator.py
[2023-01-15T14:59:11.039+0000] {logging_mixin.py:117} INFO - [2023-01-15T14:59:11.039+0000] {dag.py:2573} INFO - Sync 1 DAGs
[2023-01-15T14:59:11.072+0000] {logging_mixin.py:117} INFO - [2023-01-15T14:59:11.072+0000] {dag.py:3328} INFO - Setting next_dagrun for example_branch_operator to 2023-01-14T00:00:00+00:00, run_after=2023-01-15T00:00:00+00:00
[2023-01-15T14:59:11.097+0000] {processor.py:178} INFO - Processing /home/airflow/.local/lib/python3.7/site-packages/airflow/example_dags/example_branch_operator.py took 0.254 seconds
[2023-01-15T16:21:34.275+0000] {processor.py:156} INFO - Started process (PID=25927) to work on /home/airflow/.local/lib/python3.7/site-packages/airflow/example_dags/example_branch_operator.py
[2023-01-15T16:21:34.280+0000] {processor.py:758} INFO - Processing file /home/airflow/.local/lib/python3.7/site-packages/airflow/example_dags/example_branch_operator.py for tasks to queue
[2023-01-15T16:21:34.281+0000] {logging_mixin.py:117} INFO - [2023-01-15T16:21:34.281+0000] {dagbag.py:525} INFO - Filling up the DagBag from /home/airflow/.local/lib/python3.7/site-packages/airflow/example_dags/example_branch_operator.py
[2023-01-15T16:21:34.297+0000] {processor.py:768} INFO - DAG(s) dict_keys(['example_branch_operator']) retrieved from /home/airflow/.local/lib/python3.7/site-packages/airflow/example_dags/example_branch_operator.py
[2023-01-15T16:21:34.349+0000] {logging_mixin.py:117} INFO - [2023-01-15T16:21:34.349+0000] {dag.py:2573} INFO - Sync 1 DAGs
[2023-01-15T16:21:34.383+0000] {logging_mixin.py:117} INFO - [2023-01-15T16:21:34.383+0000] {dag.py:3328} INFO - Setting next_dagrun for example_branch_operator to 2023-01-14T00:00:00+00:00, run_after=2023-01-15T00:00:00+00:00
[2023-01-15T16:21:34.410+0000] {processor.py:178} INFO - Processing /home/airflow/.local/lib/python3.7/site-packages/airflow/example_dags/example_branch_operator.py took 0.138 seconds
[2023-01-15T17:27:01.966+0000] {processor.py:156} INFO - Started process (PID=25990) to work on /home/airflow/.local/lib/python3.7/site-packages/airflow/example_dags/example_branch_operator.py
[2023-01-15T17:27:01.968+0000] {processor.py:758} INFO - Processing file /home/airflow/.local/lib/python3.7/site-packages/airflow/example_dags/example_branch_operator.py for tasks to queue
[2023-01-15T17:27:01.970+0000] {logging_mixin.py:117} INFO - [2023-01-15T17:27:01.969+0000] {dagbag.py:525} INFO - Filling up the DagBag from /home/airflow/.local/lib/python3.7/site-packages/airflow/example_dags/example_branch_operator.py
[2023-01-15T17:27:02.006+0000] {processor.py:768} INFO - DAG(s) dict_keys(['example_branch_operator']) retrieved from /home/airflow/.local/lib/python3.7/site-packages/airflow/example_dags/example_branch_operator.py
[2023-01-15T17:27:02.071+0000] {logging_mixin.py:117} INFO - [2023-01-15T17:27:02.071+0000] {dag.py:2573} INFO - Sync 1 DAGs
[2023-01-15T17:27:02.098+0000] {logging_mixin.py:117} INFO - [2023-01-15T17:27:02.098+0000] {dag.py:3328} INFO - Setting next_dagrun for example_branch_operator to 2023-01-14T00:00:00+00:00, run_after=2023-01-15T00:00:00+00:00
[2023-01-15T17:27:02.123+0000] {processor.py:178} INFO - Processing /home/airflow/.local/lib/python3.7/site-packages/airflow/example_dags/example_branch_operator.py took 0.162 seconds
[2023-01-15T18:23:34.211+0000] {processor.py:156} INFO - Started process (PID=26053) to work on /home/airflow/.local/lib/python3.7/site-packages/airflow/example_dags/example_branch_operator.py
[2023-01-15T18:23:34.215+0000] {processor.py:758} INFO - Processing file /home/airflow/.local/lib/python3.7/site-packages/airflow/example_dags/example_branch_operator.py for tasks to queue
[2023-01-15T18:23:34.219+0000] {logging_mixin.py:117} INFO - [2023-01-15T18:23:34.219+0000] {dagbag.py:525} INFO - Filling up the DagBag from /home/airflow/.local/lib/python3.7/site-packages/airflow/example_dags/example_branch_operator.py
[2023-01-15T18:23:34.273+0000] {processor.py:768} INFO - DAG(s) dict_keys(['example_branch_operator']) retrieved from /home/airflow/.local/lib/python3.7/site-packages/airflow/example_dags/example_branch_operator.py
[2023-01-15T18:23:34.351+0000] {logging_mixin.py:117} INFO - [2023-01-15T18:23:34.351+0000] {dag.py:2573} INFO - Sync 1 DAGs
[2023-01-15T18:23:34.394+0000] {logging_mixin.py:117} INFO - [2023-01-15T18:23:34.394+0000] {dag.py:3328} INFO - Setting next_dagrun for example_branch_operator to 2023-01-14T00:00:00+00:00, run_after=2023-01-15T00:00:00+00:00
[2023-01-15T18:23:34.443+0000] {processor.py:178} INFO - Processing /home/airflow/.local/lib/python3.7/site-packages/airflow/example_dags/example_branch_operator.py took 0.236 seconds
[2023-01-15T19:46:52.190+0000] {processor.py:156} INFO - Started process (PID=26107) to work on /home/airflow/.local/lib/python3.7/site-packages/airflow/example_dags/example_branch_operator.py
[2023-01-15T19:46:52.193+0000] {processor.py:758} INFO - Processing file /home/airflow/.local/lib/python3.7/site-packages/airflow/example_dags/example_branch_operator.py for tasks to queue
[2023-01-15T19:46:52.195+0000] {logging_mixin.py:117} INFO - [2023-01-15T19:46:52.195+0000] {dagbag.py:525} INFO - Filling up the DagBag from /home/airflow/.local/lib/python3.7/site-packages/airflow/example_dags/example_branch_operator.py
[2023-01-15T19:46:52.248+0000] {processor.py:768} INFO - DAG(s) dict_keys(['example_branch_operator']) retrieved from /home/airflow/.local/lib/python3.7/site-packages/airflow/example_dags/example_branch_operator.py
[2023-01-15T19:46:52.348+0000] {logging_mixin.py:117} INFO - [2023-01-15T19:46:52.348+0000] {dag.py:2573} INFO - Sync 1 DAGs
[2023-01-15T19:46:52.389+0000] {logging_mixin.py:117} INFO - [2023-01-15T19:46:52.388+0000] {dag.py:3328} INFO - Setting next_dagrun for example_branch_operator to 2023-01-14T00:00:00+00:00, run_after=2023-01-15T00:00:00+00:00
[2023-01-15T19:46:52.420+0000] {processor.py:178} INFO - Processing /home/airflow/.local/lib/python3.7/site-packages/airflow/example_dags/example_branch_operator.py took 0.243 seconds
[2023-01-15T20:53:26.545+0000] {processor.py:156} INFO - Started process (PID=26169) to work on /home/airflow/.local/lib/python3.7/site-packages/airflow/example_dags/example_branch_operator.py
[2023-01-15T20:53:26.547+0000] {processor.py:758} INFO - Processing file /home/airflow/.local/lib/python3.7/site-packages/airflow/example_dags/example_branch_operator.py for tasks to queue
[2023-01-15T20:53:26.548+0000] {logging_mixin.py:117} INFO - [2023-01-15T20:53:26.548+0000] {dagbag.py:525} INFO - Filling up the DagBag from /home/airflow/.local/lib/python3.7/site-packages/airflow/example_dags/example_branch_operator.py
[2023-01-15T20:53:26.576+0000] {processor.py:768} INFO - DAG(s) dict_keys(['example_branch_operator']) retrieved from /home/airflow/.local/lib/python3.7/site-packages/airflow/example_dags/example_branch_operator.py
[2023-01-15T20:53:26.633+0000] {logging_mixin.py:117} INFO - [2023-01-15T20:53:26.633+0000] {dag.py:2573} INFO - Sync 1 DAGs
[2023-01-15T20:53:26.672+0000] {logging_mixin.py:117} INFO - [2023-01-15T20:53:26.672+0000] {dag.py:3328} INFO - Setting next_dagrun for example_branch_operator to 2023-01-14T00:00:00+00:00, run_after=2023-01-15T00:00:00+00:00
[2023-01-15T20:53:26.718+0000] {processor.py:178} INFO - Processing /home/airflow/.local/lib/python3.7/site-packages/airflow/example_dags/example_branch_operator.py took 0.177 seconds
[2023-01-15T21:52:31.237+0000] {processor.py:156} INFO - Started process (PID=26232) to work on /home/airflow/.local/lib/python3.7/site-packages/airflow/example_dags/example_branch_operator.py
[2023-01-15T21:52:31.239+0000] {processor.py:758} INFO - Processing file /home/airflow/.local/lib/python3.7/site-packages/airflow/example_dags/example_branch_operator.py for tasks to queue
[2023-01-15T21:52:31.244+0000] {logging_mixin.py:117} INFO - [2023-01-15T21:52:31.244+0000] {dagbag.py:525} INFO - Filling up the DagBag from /home/airflow/.local/lib/python3.7/site-packages/airflow/example_dags/example_branch_operator.py
[2023-01-15T21:52:31.267+0000] {processor.py:768} INFO - DAG(s) dict_keys(['example_branch_operator']) retrieved from /home/airflow/.local/lib/python3.7/site-packages/airflow/example_dags/example_branch_operator.py
[2023-01-15T21:52:31.342+0000] {logging_mixin.py:117} INFO - [2023-01-15T21:52:31.342+0000] {dag.py:2573} INFO - Sync 1 DAGs
[2023-01-15T21:52:31.371+0000] {logging_mixin.py:117} INFO - [2023-01-15T21:52:31.371+0000] {dag.py:3328} INFO - Setting next_dagrun for example_branch_operator to 2023-01-14T00:00:00+00:00, run_after=2023-01-15T00:00:00+00:00
[2023-01-15T21:52:31.399+0000] {processor.py:178} INFO - Processing /home/airflow/.local/lib/python3.7/site-packages/airflow/example_dags/example_branch_operator.py took 0.165 seconds
[2023-01-15T23:15:48.385+0000] {processor.py:156} INFO - Started process (PID=26286) to work on /home/airflow/.local/lib/python3.7/site-packages/airflow/example_dags/example_branch_operator.py
[2023-01-15T23:15:48.386+0000] {processor.py:758} INFO - Processing file /home/airflow/.local/lib/python3.7/site-packages/airflow/example_dags/example_branch_operator.py for tasks to queue
[2023-01-15T23:15:48.387+0000] {logging_mixin.py:117} INFO - [2023-01-15T23:15:48.387+0000] {dagbag.py:525} INFO - Filling up the DagBag from /home/airflow/.local/lib/python3.7/site-packages/airflow/example_dags/example_branch_operator.py
[2023-01-15T23:15:48.399+0000] {processor.py:768} INFO - DAG(s) dict_keys(['example_branch_operator']) retrieved from /home/airflow/.local/lib/python3.7/site-packages/airflow/example_dags/example_branch_operator.py
[2023-01-15T23:15:48.427+0000] {logging_mixin.py:117} INFO - [2023-01-15T23:15:48.427+0000] {dag.py:2573} INFO - Sync 1 DAGs
[2023-01-15T23:15:48.441+0000] {logging_mixin.py:117} INFO - [2023-01-15T23:15:48.441+0000] {dag.py:3328} INFO - Setting next_dagrun for example_branch_operator to 2023-01-14T00:00:00+00:00, run_after=2023-01-15T00:00:00+00:00
[2023-01-15T23:15:48.452+0000] {processor.py:178} INFO - Processing /home/airflow/.local/lib/python3.7/site-packages/airflow/example_dags/example_branch_operator.py took 0.069 seconds
