[2023-01-15T00:38:59.499+0000] {processor.py:156} INFO - Started process (PID=24112) to work on /home/airflow/.local/lib/python3.7/site-packages/airflow/example_dags/example_xcom.py
[2023-01-15T00:38:59.510+0000] {processor.py:758} INFO - Processing file /home/airflow/.local/lib/python3.7/site-packages/airflow/example_dags/example_xcom.py for tasks to queue
[2023-01-15T00:38:59.513+0000] {logging_mixin.py:117} INFO - [2023-01-15T00:38:59.513+0000] {dagbag.py:525} INFO - Filling up the DagBag from /home/airflow/.local/lib/python3.7/site-packages/airflow/example_dags/example_xcom.py
[2023-01-15T00:38:59.577+0000] {processor.py:768} INFO - DAG(s) dict_keys(['example_xcom']) retrieved from /home/airflow/.local/lib/python3.7/site-packages/airflow/example_dags/example_xcom.py
[2023-01-15T00:38:59.640+0000] {logging_mixin.py:117} INFO - [2023-01-15T00:38:59.640+0000] {dag.py:2573} INFO - Sync 1 DAGs
[2023-01-15T00:38:59.663+0000] {logging_mixin.py:117} INFO - [2023-01-15T00:38:59.663+0000] {dag.py:3328} INFO - Setting next_dagrun for example_xcom to 2021-01-01T00:00:00+00:00, run_after=2021-01-01T00:00:00+00:00
[2023-01-15T00:38:59.684+0000] {processor.py:178} INFO - Processing /home/airflow/.local/lib/python3.7/site-packages/airflow/example_dags/example_xcom.py took 0.196 seconds
[2023-01-15T01:44:17.574+0000] {processor.py:156} INFO - Started process (PID=24175) to work on /home/airflow/.local/lib/python3.7/site-packages/airflow/example_dags/example_xcom.py
[2023-01-15T01:44:17.577+0000] {processor.py:758} INFO - Processing file /home/airflow/.local/lib/python3.7/site-packages/airflow/example_dags/example_xcom.py for tasks to queue
[2023-01-15T01:44:17.578+0000] {logging_mixin.py:117} INFO - [2023-01-15T01:44:17.578+0000] {dagbag.py:525} INFO - Filling up the DagBag from /home/airflow/.local/lib/python3.7/site-packages/airflow/example_dags/example_xcom.py
[2023-01-15T01:44:17.607+0000] {processor.py:768} INFO - DAG(s) dict_keys(['example_xcom']) retrieved from /home/airflow/.local/lib/python3.7/site-packages/airflow/example_dags/example_xcom.py
[2023-01-15T01:44:17.653+0000] {logging_mixin.py:117} INFO - [2023-01-15T01:44:17.653+0000] {dag.py:2573} INFO - Sync 1 DAGs
[2023-01-15T01:44:17.675+0000] {logging_mixin.py:117} INFO - [2023-01-15T01:44:17.674+0000] {dag.py:3328} INFO - Setting next_dagrun for example_xcom to 2021-01-01T00:00:00+00:00, run_after=2021-01-01T00:00:00+00:00
[2023-01-15T01:44:17.693+0000] {processor.py:178} INFO - Processing /home/airflow/.local/lib/python3.7/site-packages/airflow/example_dags/example_xcom.py took 0.123 seconds
[2023-01-15T02:15:46.315+0000] {processor.py:156} INFO - Started process (PID=24238) to work on /home/airflow/.local/lib/python3.7/site-packages/airflow/example_dags/example_xcom.py
[2023-01-15T02:15:46.316+0000] {processor.py:758} INFO - Processing file /home/airflow/.local/lib/python3.7/site-packages/airflow/example_dags/example_xcom.py for tasks to queue
[2023-01-15T02:15:46.317+0000] {logging_mixin.py:117} INFO - [2023-01-15T02:15:46.317+0000] {dagbag.py:525} INFO - Filling up the DagBag from /home/airflow/.local/lib/python3.7/site-packages/airflow/example_dags/example_xcom.py
[2023-01-15T02:15:46.337+0000] {processor.py:768} INFO - DAG(s) dict_keys(['example_xcom']) retrieved from /home/airflow/.local/lib/python3.7/site-packages/airflow/example_dags/example_xcom.py
[2023-01-15T02:15:46.383+0000] {logging_mixin.py:117} INFO - [2023-01-15T02:15:46.383+0000] {dag.py:2573} INFO - Sync 1 DAGs
[2023-01-15T02:15:46.412+0000] {logging_mixin.py:117} INFO - [2023-01-15T02:15:46.412+0000] {dag.py:3328} INFO - Setting next_dagrun for example_xcom to 2021-01-01T00:00:00+00:00, run_after=2021-01-01T00:00:00+00:00
[2023-01-15T02:15:46.430+0000] {processor.py:178} INFO - Processing /home/airflow/.local/lib/python3.7/site-packages/airflow/example_dags/example_xcom.py took 0.118 seconds
[2023-01-15T02:16:16.877+0000] {processor.py:156} INFO - Started process (PID=24292) to work on /home/airflow/.local/lib/python3.7/site-packages/airflow/example_dags/example_xcom.py
[2023-01-15T02:16:16.879+0000] {processor.py:758} INFO - Processing file /home/airflow/.local/lib/python3.7/site-packages/airflow/example_dags/example_xcom.py for tasks to queue
[2023-01-15T02:16:16.880+0000] {logging_mixin.py:117} INFO - [2023-01-15T02:16:16.880+0000] {dagbag.py:525} INFO - Filling up the DagBag from /home/airflow/.local/lib/python3.7/site-packages/airflow/example_dags/example_xcom.py
[2023-01-15T02:16:16.893+0000] {processor.py:768} INFO - DAG(s) dict_keys(['example_xcom']) retrieved from /home/airflow/.local/lib/python3.7/site-packages/airflow/example_dags/example_xcom.py
[2023-01-15T02:16:16.919+0000] {logging_mixin.py:117} INFO - [2023-01-15T02:16:16.919+0000] {dag.py:2573} INFO - Sync 1 DAGs
[2023-01-15T02:16:16.932+0000] {logging_mixin.py:117} INFO - [2023-01-15T02:16:16.932+0000] {dag.py:3328} INFO - Setting next_dagrun for example_xcom to 2021-01-01T00:00:00+00:00, run_after=2021-01-01T00:00:00+00:00
[2023-01-15T02:16:16.943+0000] {processor.py:178} INFO - Processing /home/airflow/.local/lib/python3.7/site-packages/airflow/example_dags/example_xcom.py took 0.068 seconds
[2023-01-15T02:49:43.778+0000] {processor.py:156} INFO - Started process (PID=24355) to work on /home/airflow/.local/lib/python3.7/site-packages/airflow/example_dags/example_xcom.py
[2023-01-15T02:49:43.780+0000] {processor.py:758} INFO - Processing file /home/airflow/.local/lib/python3.7/site-packages/airflow/example_dags/example_xcom.py for tasks to queue
[2023-01-15T02:49:43.781+0000] {logging_mixin.py:117} INFO - [2023-01-15T02:49:43.780+0000] {dagbag.py:525} INFO - Filling up the DagBag from /home/airflow/.local/lib/python3.7/site-packages/airflow/example_dags/example_xcom.py
[2023-01-15T02:49:43.803+0000] {processor.py:768} INFO - DAG(s) dict_keys(['example_xcom']) retrieved from /home/airflow/.local/lib/python3.7/site-packages/airflow/example_dags/example_xcom.py
[2023-01-15T02:49:43.903+0000] {logging_mixin.py:117} INFO - [2023-01-15T02:49:43.903+0000] {dag.py:2573} INFO - Sync 1 DAGs
[2023-01-15T02:49:43.935+0000] {logging_mixin.py:117} INFO - [2023-01-15T02:49:43.935+0000] {dag.py:3328} INFO - Setting next_dagrun for example_xcom to 2021-01-01T00:00:00+00:00, run_after=2021-01-01T00:00:00+00:00
[2023-01-15T02:49:43.963+0000] {processor.py:178} INFO - Processing /home/airflow/.local/lib/python3.7/site-packages/airflow/example_dags/example_xcom.py took 0.188 seconds
[2023-01-15T04:11:02.154+0000] {processor.py:156} INFO - Started process (PID=24418) to work on /home/airflow/.local/lib/python3.7/site-packages/airflow/example_dags/example_xcom.py
[2023-01-15T04:11:02.156+0000] {processor.py:758} INFO - Processing file /home/airflow/.local/lib/python3.7/site-packages/airflow/example_dags/example_xcom.py for tasks to queue
[2023-01-15T04:11:02.158+0000] {logging_mixin.py:117} INFO - [2023-01-15T04:11:02.158+0000] {dagbag.py:525} INFO - Filling up the DagBag from /home/airflow/.local/lib/python3.7/site-packages/airflow/example_dags/example_xcom.py
[2023-01-15T04:11:02.183+0000] {processor.py:768} INFO - DAG(s) dict_keys(['example_xcom']) retrieved from /home/airflow/.local/lib/python3.7/site-packages/airflow/example_dags/example_xcom.py
[2023-01-15T04:11:02.219+0000] {logging_mixin.py:117} INFO - [2023-01-15T04:11:02.219+0000] {dag.py:2573} INFO - Sync 1 DAGs
[2023-01-15T04:11:02.245+0000] {logging_mixin.py:117} INFO - [2023-01-15T04:11:02.245+0000] {dag.py:3328} INFO - Setting next_dagrun for example_xcom to 2021-01-01T00:00:00+00:00, run_after=2021-01-01T00:00:00+00:00
[2023-01-15T04:11:02.264+0000] {processor.py:178} INFO - Processing /home/airflow/.local/lib/python3.7/site-packages/airflow/example_dags/example_xcom.py took 0.114 seconds
[2023-01-15T05:08:50.667+0000] {processor.py:156} INFO - Started process (PID=24482) to work on /home/airflow/.local/lib/python3.7/site-packages/airflow/example_dags/example_xcom.py
[2023-01-15T05:08:50.670+0000] {processor.py:758} INFO - Processing file /home/airflow/.local/lib/python3.7/site-packages/airflow/example_dags/example_xcom.py for tasks to queue
[2023-01-15T05:08:50.675+0000] {logging_mixin.py:117} INFO - [2023-01-15T05:08:50.675+0000] {dagbag.py:525} INFO - Filling up the DagBag from /home/airflow/.local/lib/python3.7/site-packages/airflow/example_dags/example_xcom.py
[2023-01-15T05:08:50.727+0000] {processor.py:768} INFO - DAG(s) dict_keys(['example_xcom']) retrieved from /home/airflow/.local/lib/python3.7/site-packages/airflow/example_dags/example_xcom.py
[2023-01-15T05:08:50.829+0000] {logging_mixin.py:117} INFO - [2023-01-15T05:08:50.829+0000] {dag.py:2573} INFO - Sync 1 DAGs
[2023-01-15T05:08:50.856+0000] {logging_mixin.py:117} INFO - [2023-01-15T05:08:50.856+0000] {dag.py:3328} INFO - Setting next_dagrun for example_xcom to 2021-01-01T00:00:00+00:00, run_after=2021-01-01T00:00:00+00:00
[2023-01-15T05:08:50.878+0000] {processor.py:178} INFO - Processing /home/airflow/.local/lib/python3.7/site-packages/airflow/example_dags/example_xcom.py took 0.223 seconds
[2023-01-15T06:14:18.937+0000] {processor.py:156} INFO - Started process (PID=24543) to work on /home/airflow/.local/lib/python3.7/site-packages/airflow/example_dags/example_xcom.py
[2023-01-15T06:14:18.938+0000] {processor.py:758} INFO - Processing file /home/airflow/.local/lib/python3.7/site-packages/airflow/example_dags/example_xcom.py for tasks to queue
[2023-01-15T06:14:18.939+0000] {logging_mixin.py:117} INFO - [2023-01-15T06:14:18.939+0000] {dagbag.py:525} INFO - Filling up the DagBag from /home/airflow/.local/lib/python3.7/site-packages/airflow/example_dags/example_xcom.py
[2023-01-15T06:14:18.956+0000] {processor.py:768} INFO - DAG(s) dict_keys(['example_xcom']) retrieved from /home/airflow/.local/lib/python3.7/site-packages/airflow/example_dags/example_xcom.py
[2023-01-15T06:14:19.027+0000] {logging_mixin.py:117} INFO - [2023-01-15T06:14:19.027+0000] {dag.py:2573} INFO - Sync 1 DAGs
[2023-01-15T06:14:19.065+0000] {logging_mixin.py:117} INFO - [2023-01-15T06:14:19.065+0000] {dag.py:3328} INFO - Setting next_dagrun for example_xcom to 2021-01-01T00:00:00+00:00, run_after=2021-01-01T00:00:00+00:00
[2023-01-15T06:14:19.088+0000] {processor.py:178} INFO - Processing /home/airflow/.local/lib/python3.7/site-packages/airflow/example_dags/example_xcom.py took 0.154 seconds
[2023-01-15T06:57:24.808+0000] {processor.py:156} INFO - Started process (PID=24599) to work on /home/airflow/.local/lib/python3.7/site-packages/airflow/example_dags/example_xcom.py
[2023-01-15T06:57:24.810+0000] {processor.py:758} INFO - Processing file /home/airflow/.local/lib/python3.7/site-packages/airflow/example_dags/example_xcom.py for tasks to queue
[2023-01-15T06:57:24.811+0000] {logging_mixin.py:117} INFO - [2023-01-15T06:57:24.811+0000] {dagbag.py:525} INFO - Filling up the DagBag from /home/airflow/.local/lib/python3.7/site-packages/airflow/example_dags/example_xcom.py
[2023-01-15T06:57:24.843+0000] {processor.py:768} INFO - DAG(s) dict_keys(['example_xcom']) retrieved from /home/airflow/.local/lib/python3.7/site-packages/airflow/example_dags/example_xcom.py
[2023-01-15T06:57:24.904+0000] {logging_mixin.py:117} INFO - [2023-01-15T06:57:24.904+0000] {dag.py:2573} INFO - Sync 1 DAGs
[2023-01-15T06:57:24.924+0000] {logging_mixin.py:117} INFO - [2023-01-15T06:57:24.924+0000] {dag.py:3328} INFO - Setting next_dagrun for example_xcom to 2021-01-01T00:00:00+00:00, run_after=2021-01-01T00:00:00+00:00
[2023-01-15T06:57:24.949+0000] {processor.py:178} INFO - Processing /home/airflow/.local/lib/python3.7/site-packages/airflow/example_dags/example_xcom.py took 0.149 seconds
[2023-01-15T08:03:16.329+0000] {processor.py:156} INFO - Started process (PID=24662) to work on /home/airflow/.local/lib/python3.7/site-packages/airflow/example_dags/example_xcom.py
[2023-01-15T08:03:16.331+0000] {processor.py:758} INFO - Processing file /home/airflow/.local/lib/python3.7/site-packages/airflow/example_dags/example_xcom.py for tasks to queue
[2023-01-15T08:03:16.333+0000] {logging_mixin.py:117} INFO - [2023-01-15T08:03:16.333+0000] {dagbag.py:525} INFO - Filling up the DagBag from /home/airflow/.local/lib/python3.7/site-packages/airflow/example_dags/example_xcom.py
[2023-01-15T08:03:16.371+0000] {processor.py:768} INFO - DAG(s) dict_keys(['example_xcom']) retrieved from /home/airflow/.local/lib/python3.7/site-packages/airflow/example_dags/example_xcom.py
[2023-01-15T08:03:16.435+0000] {logging_mixin.py:117} INFO - [2023-01-15T08:03:16.435+0000] {dag.py:2573} INFO - Sync 1 DAGs
[2023-01-15T08:03:16.463+0000] {logging_mixin.py:117} INFO - [2023-01-15T08:03:16.463+0000] {dag.py:3328} INFO - Setting next_dagrun for example_xcom to 2021-01-01T00:00:00+00:00, run_after=2021-01-01T00:00:00+00:00
[2023-01-15T08:03:16.485+0000] {processor.py:178} INFO - Processing /home/airflow/.local/lib/python3.7/site-packages/airflow/example_dags/example_xcom.py took 0.159 seconds
[2023-01-15T09:11:06.355+0000] {processor.py:156} INFO - Started process (PID=24726) to work on /home/airflow/.local/lib/python3.7/site-packages/airflow/example_dags/example_xcom.py
[2023-01-15T09:11:06.363+0000] {processor.py:758} INFO - Processing file /home/airflow/.local/lib/python3.7/site-packages/airflow/example_dags/example_xcom.py for tasks to queue
[2023-01-15T09:11:06.364+0000] {logging_mixin.py:117} INFO - [2023-01-15T09:11:06.364+0000] {dagbag.py:525} INFO - Filling up the DagBag from /home/airflow/.local/lib/python3.7/site-packages/airflow/example_dags/example_xcom.py
[2023-01-15T09:11:06.407+0000] {processor.py:768} INFO - DAG(s) dict_keys(['example_xcom']) retrieved from /home/airflow/.local/lib/python3.7/site-packages/airflow/example_dags/example_xcom.py
[2023-01-15T09:11:06.514+0000] {logging_mixin.py:117} INFO - [2023-01-15T09:11:06.514+0000] {dag.py:2573} INFO - Sync 1 DAGs
[2023-01-15T09:11:06.554+0000] {logging_mixin.py:117} INFO - [2023-01-15T09:11:06.554+0000] {dag.py:3328} INFO - Setting next_dagrun for example_xcom to 2021-01-01T00:00:00+00:00, run_after=2021-01-01T00:00:00+00:00
[2023-01-15T09:11:06.588+0000] {processor.py:178} INFO - Processing /home/airflow/.local/lib/python3.7/site-packages/airflow/example_dags/example_xcom.py took 0.251 seconds
[2023-01-15T09:32:53.500+0000] {processor.py:156} INFO - Started process (PID=24780) to work on /home/airflow/.local/lib/python3.7/site-packages/airflow/example_dags/example_xcom.py
[2023-01-15T09:32:53.501+0000] {processor.py:758} INFO - Processing file /home/airflow/.local/lib/python3.7/site-packages/airflow/example_dags/example_xcom.py for tasks to queue
[2023-01-15T09:32:53.502+0000] {logging_mixin.py:117} INFO - [2023-01-15T09:32:53.502+0000] {dagbag.py:525} INFO - Filling up the DagBag from /home/airflow/.local/lib/python3.7/site-packages/airflow/example_dags/example_xcom.py
[2023-01-15T09:32:53.530+0000] {processor.py:768} INFO - DAG(s) dict_keys(['example_xcom']) retrieved from /home/airflow/.local/lib/python3.7/site-packages/airflow/example_dags/example_xcom.py
[2023-01-15T09:32:53.576+0000] {logging_mixin.py:117} INFO - [2023-01-15T09:32:53.576+0000] {dag.py:2573} INFO - Sync 1 DAGs
[2023-01-15T09:32:53.607+0000] {logging_mixin.py:117} INFO - [2023-01-15T09:32:53.607+0000] {dag.py:3328} INFO - Setting next_dagrun for example_xcom to 2021-01-01T00:00:00+00:00, run_after=2021-01-01T00:00:00+00:00
[2023-01-15T09:32:53.633+0000] {processor.py:178} INFO - Processing /home/airflow/.local/lib/python3.7/site-packages/airflow/example_dags/example_xcom.py took 0.137 seconds
[2023-01-15T09:33:55.407+0000] {processor.py:156} INFO - Started process (PID=24843) to work on /home/airflow/.local/lib/python3.7/site-packages/airflow/example_dags/example_xcom.py
[2023-01-15T09:33:55.409+0000] {processor.py:758} INFO - Processing file /home/airflow/.local/lib/python3.7/site-packages/airflow/example_dags/example_xcom.py for tasks to queue
[2023-01-15T09:33:55.410+0000] {logging_mixin.py:117} INFO - [2023-01-15T09:33:55.410+0000] {dagbag.py:525} INFO - Filling up the DagBag from /home/airflow/.local/lib/python3.7/site-packages/airflow/example_dags/example_xcom.py
[2023-01-15T09:33:55.428+0000] {processor.py:768} INFO - DAG(s) dict_keys(['example_xcom']) retrieved from /home/airflow/.local/lib/python3.7/site-packages/airflow/example_dags/example_xcom.py
[2023-01-15T09:33:55.457+0000] {logging_mixin.py:117} INFO - [2023-01-15T09:33:55.457+0000] {dag.py:2573} INFO - Sync 1 DAGs
[2023-01-15T09:33:55.476+0000] {logging_mixin.py:117} INFO - [2023-01-15T09:33:55.476+0000] {dag.py:3328} INFO - Setting next_dagrun for example_xcom to 2021-01-01T00:00:00+00:00, run_after=2021-01-01T00:00:00+00:00
[2023-01-15T09:33:55.493+0000] {processor.py:178} INFO - Processing /home/airflow/.local/lib/python3.7/site-packages/airflow/example_dags/example_xcom.py took 0.088 seconds
[2023-01-15T09:43:29.814+0000] {processor.py:156} INFO - Started process (PID=24906) to work on /home/airflow/.local/lib/python3.7/site-packages/airflow/example_dags/example_xcom.py
[2023-01-15T09:43:29.816+0000] {processor.py:758} INFO - Processing file /home/airflow/.local/lib/python3.7/site-packages/airflow/example_dags/example_xcom.py for tasks to queue
[2023-01-15T09:43:29.817+0000] {logging_mixin.py:117} INFO - [2023-01-15T09:43:29.817+0000] {dagbag.py:525} INFO - Filling up the DagBag from /home/airflow/.local/lib/python3.7/site-packages/airflow/example_dags/example_xcom.py
[2023-01-15T09:43:29.841+0000] {processor.py:768} INFO - DAG(s) dict_keys(['example_xcom']) retrieved from /home/airflow/.local/lib/python3.7/site-packages/airflow/example_dags/example_xcom.py
[2023-01-15T09:43:29.877+0000] {logging_mixin.py:117} INFO - [2023-01-15T09:43:29.877+0000] {dag.py:2573} INFO - Sync 1 DAGs
[2023-01-15T09:43:29.906+0000] {logging_mixin.py:117} INFO - [2023-01-15T09:43:29.905+0000] {dag.py:3328} INFO - Setting next_dagrun for example_xcom to 2021-01-01T00:00:00+00:00, run_after=2021-01-01T00:00:00+00:00
[2023-01-15T09:43:29.928+0000] {processor.py:178} INFO - Processing /home/airflow/.local/lib/python3.7/site-packages/airflow/example_dags/example_xcom.py took 0.119 seconds
[2023-01-15T11:04:09.211+0000] {processor.py:156} INFO - Started process (PID=24968) to work on /home/airflow/.local/lib/python3.7/site-packages/airflow/example_dags/example_xcom.py
[2023-01-15T11:04:09.213+0000] {processor.py:758} INFO - Processing file /home/airflow/.local/lib/python3.7/site-packages/airflow/example_dags/example_xcom.py for tasks to queue
[2023-01-15T11:04:09.220+0000] {logging_mixin.py:117} INFO - [2023-01-15T11:04:09.219+0000] {dagbag.py:525} INFO - Filling up the DagBag from /home/airflow/.local/lib/python3.7/site-packages/airflow/example_dags/example_xcom.py
[2023-01-15T11:04:09.243+0000] {processor.py:768} INFO - DAG(s) dict_keys(['example_xcom']) retrieved from /home/airflow/.local/lib/python3.7/site-packages/airflow/example_dags/example_xcom.py
[2023-01-15T11:04:09.279+0000] {logging_mixin.py:117} INFO - [2023-01-15T11:04:09.279+0000] {dag.py:2573} INFO - Sync 1 DAGs
[2023-01-15T11:04:09.296+0000] {logging_mixin.py:117} INFO - [2023-01-15T11:04:09.296+0000] {dag.py:3328} INFO - Setting next_dagrun for example_xcom to 2021-01-01T00:00:00+00:00, run_after=2021-01-01T00:00:00+00:00
[2023-01-15T11:04:09.309+0000] {processor.py:178} INFO - Processing /home/airflow/.local/lib/python3.7/site-packages/airflow/example_dags/example_xcom.py took 0.101 seconds
[2023-01-15T12:04:16.127+0000] {processor.py:156} INFO - Started process (PID=25023) to work on /home/airflow/.local/lib/python3.7/site-packages/airflow/example_dags/example_xcom.py
[2023-01-15T12:04:16.143+0000] {processor.py:758} INFO - Processing file /home/airflow/.local/lib/python3.7/site-packages/airflow/example_dags/example_xcom.py for tasks to queue
[2023-01-15T12:04:16.152+0000] {logging_mixin.py:117} INFO - [2023-01-15T12:04:16.151+0000] {dagbag.py:525} INFO - Filling up the DagBag from /home/airflow/.local/lib/python3.7/site-packages/airflow/example_dags/example_xcom.py
[2023-01-15T12:04:16.210+0000] {processor.py:768} INFO - DAG(s) dict_keys(['example_xcom']) retrieved from /home/airflow/.local/lib/python3.7/site-packages/airflow/example_dags/example_xcom.py
[2023-01-15T12:04:16.263+0000] {logging_mixin.py:117} INFO - [2023-01-15T12:04:16.263+0000] {dag.py:2573} INFO - Sync 1 DAGs
[2023-01-15T12:04:16.285+0000] {logging_mixin.py:117} INFO - [2023-01-15T12:04:16.285+0000] {dag.py:3328} INFO - Setting next_dagrun for example_xcom to 2021-01-01T00:00:00+00:00, run_after=2021-01-01T00:00:00+00:00
[2023-01-15T12:04:16.302+0000] {processor.py:178} INFO - Processing /home/airflow/.local/lib/python3.7/site-packages/airflow/example_dags/example_xcom.py took 0.188 seconds
[2023-01-15T12:42:37.922+0000] {processor.py:156} INFO - Started process (PID=25086) to work on /home/airflow/.local/lib/python3.7/site-packages/airflow/example_dags/example_xcom.py
[2023-01-15T12:42:37.926+0000] {processor.py:758} INFO - Processing file /home/airflow/.local/lib/python3.7/site-packages/airflow/example_dags/example_xcom.py for tasks to queue
[2023-01-15T12:42:37.928+0000] {logging_mixin.py:117} INFO - [2023-01-15T12:42:37.927+0000] {dagbag.py:525} INFO - Filling up the DagBag from /home/airflow/.local/lib/python3.7/site-packages/airflow/example_dags/example_xcom.py
[2023-01-15T12:42:37.958+0000] {processor.py:768} INFO - DAG(s) dict_keys(['example_xcom']) retrieved from /home/airflow/.local/lib/python3.7/site-packages/airflow/example_dags/example_xcom.py
[2023-01-15T12:42:38.042+0000] {logging_mixin.py:117} INFO - [2023-01-15T12:42:38.042+0000] {dag.py:2573} INFO - Sync 1 DAGs
[2023-01-15T12:42:38.075+0000] {logging_mixin.py:117} INFO - [2023-01-15T12:42:38.075+0000] {dag.py:3328} INFO - Setting next_dagrun for example_xcom to 2021-01-01T00:00:00+00:00, run_after=2021-01-01T00:00:00+00:00
[2023-01-15T12:42:38.092+0000] {processor.py:178} INFO - Processing /home/airflow/.local/lib/python3.7/site-packages/airflow/example_dags/example_xcom.py took 0.174 seconds
[2023-01-15T13:21:55.314+0000] {processor.py:156} INFO - Started process (PID=25149) to work on /home/airflow/.local/lib/python3.7/site-packages/airflow/example_dags/example_xcom.py
[2023-01-15T13:21:55.315+0000] {processor.py:758} INFO - Processing file /home/airflow/.local/lib/python3.7/site-packages/airflow/example_dags/example_xcom.py for tasks to queue
[2023-01-15T13:21:55.316+0000] {logging_mixin.py:117} INFO - [2023-01-15T13:21:55.316+0000] {dagbag.py:525} INFO - Filling up the DagBag from /home/airflow/.local/lib/python3.7/site-packages/airflow/example_dags/example_xcom.py
[2023-01-15T13:21:55.333+0000] {processor.py:768} INFO - DAG(s) dict_keys(['example_xcom']) retrieved from /home/airflow/.local/lib/python3.7/site-packages/airflow/example_dags/example_xcom.py
[2023-01-15T13:21:55.364+0000] {logging_mixin.py:117} INFO - [2023-01-15T13:21:55.364+0000] {dag.py:2573} INFO - Sync 1 DAGs
[2023-01-15T13:21:55.377+0000] {logging_mixin.py:117} INFO - [2023-01-15T13:21:55.377+0000] {dag.py:3328} INFO - Setting next_dagrun for example_xcom to 2021-01-01T00:00:00+00:00, run_after=2021-01-01T00:00:00+00:00
[2023-01-15T13:21:55.387+0000] {processor.py:178} INFO - Processing /home/airflow/.local/lib/python3.7/site-packages/airflow/example_dags/example_xcom.py took 0.076 seconds
[2023-01-15T13:38:28.925+0000] {processor.py:156} INFO - Started process (PID=25212) to work on /home/airflow/.local/lib/python3.7/site-packages/airflow/example_dags/example_xcom.py
[2023-01-15T13:38:28.927+0000] {processor.py:758} INFO - Processing file /home/airflow/.local/lib/python3.7/site-packages/airflow/example_dags/example_xcom.py for tasks to queue
[2023-01-15T13:38:28.928+0000] {logging_mixin.py:117} INFO - [2023-01-15T13:38:28.928+0000] {dagbag.py:525} INFO - Filling up the DagBag from /home/airflow/.local/lib/python3.7/site-packages/airflow/example_dags/example_xcom.py
[2023-01-15T13:38:28.952+0000] {processor.py:768} INFO - DAG(s) dict_keys(['example_xcom']) retrieved from /home/airflow/.local/lib/python3.7/site-packages/airflow/example_dags/example_xcom.py
[2023-01-15T13:38:29.009+0000] {logging_mixin.py:117} INFO - [2023-01-15T13:38:29.008+0000] {dag.py:2573} INFO - Sync 1 DAGs
[2023-01-15T13:38:29.027+0000] {logging_mixin.py:117} INFO - [2023-01-15T13:38:29.027+0000] {dag.py:3328} INFO - Setting next_dagrun for example_xcom to 2021-01-01T00:00:00+00:00, run_after=2021-01-01T00:00:00+00:00
[2023-01-15T13:38:29.057+0000] {processor.py:178} INFO - Processing /home/airflow/.local/lib/python3.7/site-packages/airflow/example_dags/example_xcom.py took 0.136 seconds
[2023-01-15T13:38:59.936+0000] {processor.py:156} INFO - Started process (PID=25266) to work on /home/airflow/.local/lib/python3.7/site-packages/airflow/example_dags/example_xcom.py
[2023-01-15T13:38:59.937+0000] {processor.py:758} INFO - Processing file /home/airflow/.local/lib/python3.7/site-packages/airflow/example_dags/example_xcom.py for tasks to queue
[2023-01-15T13:38:59.938+0000] {logging_mixin.py:117} INFO - [2023-01-15T13:38:59.938+0000] {dagbag.py:525} INFO - Filling up the DagBag from /home/airflow/.local/lib/python3.7/site-packages/airflow/example_dags/example_xcom.py
[2023-01-15T13:38:59.951+0000] {processor.py:768} INFO - DAG(s) dict_keys(['example_xcom']) retrieved from /home/airflow/.local/lib/python3.7/site-packages/airflow/example_dags/example_xcom.py
[2023-01-15T13:38:59.978+0000] {logging_mixin.py:117} INFO - [2023-01-15T13:38:59.977+0000] {dag.py:2573} INFO - Sync 1 DAGs
[2023-01-15T13:38:59.991+0000] {logging_mixin.py:117} INFO - [2023-01-15T13:38:59.991+0000] {dag.py:3328} INFO - Setting next_dagrun for example_xcom to 2021-01-01T00:00:00+00:00, run_after=2021-01-01T00:00:00+00:00
[2023-01-15T13:39:00.001+0000] {processor.py:178} INFO - Processing /home/airflow/.local/lib/python3.7/site-packages/airflow/example_dags/example_xcom.py took 0.068 seconds
[2023-01-15T13:39:30.272+0000] {processor.py:156} INFO - Started process (PID=25329) to work on /home/airflow/.local/lib/python3.7/site-packages/airflow/example_dags/example_xcom.py
[2023-01-15T13:39:30.273+0000] {processor.py:758} INFO - Processing file /home/airflow/.local/lib/python3.7/site-packages/airflow/example_dags/example_xcom.py for tasks to queue
[2023-01-15T13:39:30.273+0000] {logging_mixin.py:117} INFO - [2023-01-15T13:39:30.273+0000] {dagbag.py:525} INFO - Filling up the DagBag from /home/airflow/.local/lib/python3.7/site-packages/airflow/example_dags/example_xcom.py
[2023-01-15T13:39:30.287+0000] {processor.py:768} INFO - DAG(s) dict_keys(['example_xcom']) retrieved from /home/airflow/.local/lib/python3.7/site-packages/airflow/example_dags/example_xcom.py
[2023-01-15T13:39:30.313+0000] {logging_mixin.py:117} INFO - [2023-01-15T13:39:30.313+0000] {dag.py:2573} INFO - Sync 1 DAGs
[2023-01-15T13:39:30.327+0000] {logging_mixin.py:117} INFO - [2023-01-15T13:39:30.326+0000] {dag.py:3328} INFO - Setting next_dagrun for example_xcom to 2021-01-01T00:00:00+00:00, run_after=2021-01-01T00:00:00+00:00
[2023-01-15T13:39:30.336+0000] {processor.py:178} INFO - Processing /home/airflow/.local/lib/python3.7/site-packages/airflow/example_dags/example_xcom.py took 0.068 seconds
[2023-01-15T13:40:00.707+0000] {processor.py:156} INFO - Started process (PID=25392) to work on /home/airflow/.local/lib/python3.7/site-packages/airflow/example_dags/example_xcom.py
[2023-01-15T13:40:00.708+0000] {processor.py:758} INFO - Processing file /home/airflow/.local/lib/python3.7/site-packages/airflow/example_dags/example_xcom.py for tasks to queue
[2023-01-15T13:40:00.709+0000] {logging_mixin.py:117} INFO - [2023-01-15T13:40:00.709+0000] {dagbag.py:525} INFO - Filling up the DagBag from /home/airflow/.local/lib/python3.7/site-packages/airflow/example_dags/example_xcom.py
[2023-01-15T13:40:00.722+0000] {processor.py:768} INFO - DAG(s) dict_keys(['example_xcom']) retrieved from /home/airflow/.local/lib/python3.7/site-packages/airflow/example_dags/example_xcom.py
[2023-01-15T13:40:00.749+0000] {logging_mixin.py:117} INFO - [2023-01-15T13:40:00.749+0000] {dag.py:2573} INFO - Sync 1 DAGs
[2023-01-15T13:40:00.762+0000] {logging_mixin.py:117} INFO - [2023-01-15T13:40:00.762+0000] {dag.py:3328} INFO - Setting next_dagrun for example_xcom to 2021-01-01T00:00:00+00:00, run_after=2021-01-01T00:00:00+00:00
[2023-01-15T13:40:00.772+0000] {processor.py:178} INFO - Processing /home/airflow/.local/lib/python3.7/site-packages/airflow/example_dags/example_xcom.py took 0.068 seconds
[2023-01-15T13:40:31.213+0000] {processor.py:156} INFO - Started process (PID=25455) to work on /home/airflow/.local/lib/python3.7/site-packages/airflow/example_dags/example_xcom.py
[2023-01-15T13:40:31.215+0000] {processor.py:758} INFO - Processing file /home/airflow/.local/lib/python3.7/site-packages/airflow/example_dags/example_xcom.py for tasks to queue
[2023-01-15T13:40:31.215+0000] {logging_mixin.py:117} INFO - [2023-01-15T13:40:31.215+0000] {dagbag.py:525} INFO - Filling up the DagBag from /home/airflow/.local/lib/python3.7/site-packages/airflow/example_dags/example_xcom.py
[2023-01-15T13:40:31.232+0000] {processor.py:768} INFO - DAG(s) dict_keys(['example_xcom']) retrieved from /home/airflow/.local/lib/python3.7/site-packages/airflow/example_dags/example_xcom.py
[2023-01-15T13:40:31.265+0000] {logging_mixin.py:117} INFO - [2023-01-15T13:40:31.265+0000] {dag.py:2573} INFO - Sync 1 DAGs
[2023-01-15T13:40:31.281+0000] {logging_mixin.py:117} INFO - [2023-01-15T13:40:31.281+0000] {dag.py:3328} INFO - Setting next_dagrun for example_xcom to 2021-01-01T00:00:00+00:00, run_after=2021-01-01T00:00:00+00:00
[2023-01-15T13:40:31.292+0000] {processor.py:178} INFO - Processing /home/airflow/.local/lib/python3.7/site-packages/airflow/example_dags/example_xcom.py took 0.083 seconds
[2023-01-15T13:41:01.640+0000] {processor.py:156} INFO - Started process (PID=25518) to work on /home/airflow/.local/lib/python3.7/site-packages/airflow/example_dags/example_xcom.py
[2023-01-15T13:41:01.641+0000] {processor.py:758} INFO - Processing file /home/airflow/.local/lib/python3.7/site-packages/airflow/example_dags/example_xcom.py for tasks to queue
[2023-01-15T13:41:01.642+0000] {logging_mixin.py:117} INFO - [2023-01-15T13:41:01.642+0000] {dagbag.py:525} INFO - Filling up the DagBag from /home/airflow/.local/lib/python3.7/site-packages/airflow/example_dags/example_xcom.py
[2023-01-15T13:41:01.656+0000] {processor.py:768} INFO - DAG(s) dict_keys(['example_xcom']) retrieved from /home/airflow/.local/lib/python3.7/site-packages/airflow/example_dags/example_xcom.py
[2023-01-15T13:41:01.682+0000] {logging_mixin.py:117} INFO - [2023-01-15T13:41:01.682+0000] {dag.py:2573} INFO - Sync 1 DAGs
[2023-01-15T13:41:01.696+0000] {logging_mixin.py:117} INFO - [2023-01-15T13:41:01.696+0000] {dag.py:3328} INFO - Setting next_dagrun for example_xcom to 2021-01-01T00:00:00+00:00, run_after=2021-01-01T00:00:00+00:00
[2023-01-15T13:41:01.706+0000] {processor.py:178} INFO - Processing /home/airflow/.local/lib/python3.7/site-packages/airflow/example_dags/example_xcom.py took 0.068 seconds
[2023-01-15T13:41:31.967+0000] {processor.py:156} INFO - Started process (PID=25581) to work on /home/airflow/.local/lib/python3.7/site-packages/airflow/example_dags/example_xcom.py
[2023-01-15T13:41:31.968+0000] {processor.py:758} INFO - Processing file /home/airflow/.local/lib/python3.7/site-packages/airflow/example_dags/example_xcom.py for tasks to queue
[2023-01-15T13:41:31.968+0000] {logging_mixin.py:117} INFO - [2023-01-15T13:41:31.968+0000] {dagbag.py:525} INFO - Filling up the DagBag from /home/airflow/.local/lib/python3.7/site-packages/airflow/example_dags/example_xcom.py
[2023-01-15T13:41:31.982+0000] {processor.py:768} INFO - DAG(s) dict_keys(['example_xcom']) retrieved from /home/airflow/.local/lib/python3.7/site-packages/airflow/example_dags/example_xcom.py
[2023-01-15T13:41:32.010+0000] {logging_mixin.py:117} INFO - [2023-01-15T13:41:32.009+0000] {dag.py:2573} INFO - Sync 1 DAGs
[2023-01-15T13:41:32.024+0000] {logging_mixin.py:117} INFO - [2023-01-15T13:41:32.023+0000] {dag.py:3328} INFO - Setting next_dagrun for example_xcom to 2021-01-01T00:00:00+00:00, run_after=2021-01-01T00:00:00+00:00
[2023-01-15T13:41:32.034+0000] {processor.py:178} INFO - Processing /home/airflow/.local/lib/python3.7/site-packages/airflow/example_dags/example_xcom.py took 0.070 seconds
[2023-01-15T13:42:02.357+0000] {processor.py:156} INFO - Started process (PID=25643) to work on /home/airflow/.local/lib/python3.7/site-packages/airflow/example_dags/example_xcom.py
[2023-01-15T13:42:02.359+0000] {processor.py:758} INFO - Processing file /home/airflow/.local/lib/python3.7/site-packages/airflow/example_dags/example_xcom.py for tasks to queue
[2023-01-15T13:42:02.360+0000] {logging_mixin.py:117} INFO - [2023-01-15T13:42:02.360+0000] {dagbag.py:525} INFO - Filling up the DagBag from /home/airflow/.local/lib/python3.7/site-packages/airflow/example_dags/example_xcom.py
[2023-01-15T13:42:02.375+0000] {processor.py:768} INFO - DAG(s) dict_keys(['example_xcom']) retrieved from /home/airflow/.local/lib/python3.7/site-packages/airflow/example_dags/example_xcom.py
[2023-01-15T13:42:02.405+0000] {logging_mixin.py:117} INFO - [2023-01-15T13:42:02.405+0000] {dag.py:2573} INFO - Sync 1 DAGs
[2023-01-15T13:42:02.419+0000] {logging_mixin.py:117} INFO - [2023-01-15T13:42:02.419+0000] {dag.py:3328} INFO - Setting next_dagrun for example_xcom to 2021-01-01T00:00:00+00:00, run_after=2021-01-01T00:00:00+00:00
[2023-01-15T13:42:02.429+0000] {processor.py:178} INFO - Processing /home/airflow/.local/lib/python3.7/site-packages/airflow/example_dags/example_xcom.py took 0.074 seconds
[2023-01-15T13:58:05.769+0000] {processor.py:156} INFO - Started process (PID=25699) to work on /home/airflow/.local/lib/python3.7/site-packages/airflow/example_dags/example_xcom.py
[2023-01-15T13:58:05.771+0000] {processor.py:758} INFO - Processing file /home/airflow/.local/lib/python3.7/site-packages/airflow/example_dags/example_xcom.py for tasks to queue
[2023-01-15T13:58:05.773+0000] {logging_mixin.py:117} INFO - [2023-01-15T13:58:05.773+0000] {dagbag.py:525} INFO - Filling up the DagBag from /home/airflow/.local/lib/python3.7/site-packages/airflow/example_dags/example_xcom.py
[2023-01-15T13:58:05.801+0000] {processor.py:768} INFO - DAG(s) dict_keys(['example_xcom']) retrieved from /home/airflow/.local/lib/python3.7/site-packages/airflow/example_dags/example_xcom.py
[2023-01-15T13:58:05.854+0000] {logging_mixin.py:117} INFO - [2023-01-15T13:58:05.854+0000] {dag.py:2573} INFO - Sync 1 DAGs
[2023-01-15T13:58:05.875+0000] {logging_mixin.py:117} INFO - [2023-01-15T13:58:05.874+0000] {dag.py:3328} INFO - Setting next_dagrun for example_xcom to 2021-01-01T00:00:00+00:00, run_after=2021-01-01T00:00:00+00:00
[2023-01-15T13:58:05.891+0000] {processor.py:178} INFO - Processing /home/airflow/.local/lib/python3.7/site-packages/airflow/example_dags/example_xcom.py took 0.125 seconds
[2023-01-15T14:09:08.047+0000] {processor.py:156} INFO - Started process (PID=25762) to work on /home/airflow/.local/lib/python3.7/site-packages/airflow/example_dags/example_xcom.py
[2023-01-15T14:09:08.049+0000] {processor.py:758} INFO - Processing file /home/airflow/.local/lib/python3.7/site-packages/airflow/example_dags/example_xcom.py for tasks to queue
[2023-01-15T14:09:08.050+0000] {logging_mixin.py:117} INFO - [2023-01-15T14:09:08.050+0000] {dagbag.py:525} INFO - Filling up the DagBag from /home/airflow/.local/lib/python3.7/site-packages/airflow/example_dags/example_xcom.py
[2023-01-15T14:09:08.082+0000] {processor.py:768} INFO - DAG(s) dict_keys(['example_xcom']) retrieved from /home/airflow/.local/lib/python3.7/site-packages/airflow/example_dags/example_xcom.py
[2023-01-15T14:09:08.142+0000] {logging_mixin.py:117} INFO - [2023-01-15T14:09:08.142+0000] {dag.py:2573} INFO - Sync 1 DAGs
[2023-01-15T14:09:08.174+0000] {logging_mixin.py:117} INFO - [2023-01-15T14:09:08.174+0000] {dag.py:3328} INFO - Setting next_dagrun for example_xcom to 2021-01-01T00:00:00+00:00, run_after=2021-01-01T00:00:00+00:00
[2023-01-15T14:09:08.198+0000] {processor.py:178} INFO - Processing /home/airflow/.local/lib/python3.7/site-packages/airflow/example_dags/example_xcom.py took 0.153 seconds
[2023-01-15T14:09:38.523+0000] {processor.py:156} INFO - Started process (PID=25825) to work on /home/airflow/.local/lib/python3.7/site-packages/airflow/example_dags/example_xcom.py
[2023-01-15T14:09:38.525+0000] {processor.py:758} INFO - Processing file /home/airflow/.local/lib/python3.7/site-packages/airflow/example_dags/example_xcom.py for tasks to queue
[2023-01-15T14:09:38.526+0000] {logging_mixin.py:117} INFO - [2023-01-15T14:09:38.525+0000] {dagbag.py:525} INFO - Filling up the DagBag from /home/airflow/.local/lib/python3.7/site-packages/airflow/example_dags/example_xcom.py
[2023-01-15T14:09:38.540+0000] {processor.py:768} INFO - DAG(s) dict_keys(['example_xcom']) retrieved from /home/airflow/.local/lib/python3.7/site-packages/airflow/example_dags/example_xcom.py
[2023-01-15T14:09:38.570+0000] {logging_mixin.py:117} INFO - [2023-01-15T14:09:38.570+0000] {dag.py:2573} INFO - Sync 1 DAGs
[2023-01-15T14:09:38.585+0000] {logging_mixin.py:117} INFO - [2023-01-15T14:09:38.585+0000] {dag.py:3328} INFO - Setting next_dagrun for example_xcom to 2021-01-01T00:00:00+00:00, run_after=2021-01-01T00:00:00+00:00
[2023-01-15T14:09:38.596+0000] {processor.py:178} INFO - Processing /home/airflow/.local/lib/python3.7/site-packages/airflow/example_dags/example_xcom.py took 0.075 seconds
[2023-01-15T14:59:13.729+0000] {processor.py:156} INFO - Started process (PID=25889) to work on /home/airflow/.local/lib/python3.7/site-packages/airflow/example_dags/example_xcom.py
[2023-01-15T14:59:13.732+0000] {processor.py:758} INFO - Processing file /home/airflow/.local/lib/python3.7/site-packages/airflow/example_dags/example_xcom.py for tasks to queue
[2023-01-15T14:59:13.734+0000] {logging_mixin.py:117} INFO - [2023-01-15T14:59:13.734+0000] {dagbag.py:525} INFO - Filling up the DagBag from /home/airflow/.local/lib/python3.7/site-packages/airflow/example_dags/example_xcom.py
[2023-01-15T14:59:13.770+0000] {processor.py:768} INFO - DAG(s) dict_keys(['example_xcom']) retrieved from /home/airflow/.local/lib/python3.7/site-packages/airflow/example_dags/example_xcom.py
[2023-01-15T14:59:13.833+0000] {logging_mixin.py:117} INFO - [2023-01-15T14:59:13.833+0000] {dag.py:2573} INFO - Sync 1 DAGs
[2023-01-15T14:59:13.859+0000] {logging_mixin.py:117} INFO - [2023-01-15T14:59:13.859+0000] {dag.py:3328} INFO - Setting next_dagrun for example_xcom to 2021-01-01T00:00:00+00:00, run_after=2021-01-01T00:00:00+00:00
[2023-01-15T14:59:13.889+0000] {processor.py:178} INFO - Processing /home/airflow/.local/lib/python3.7/site-packages/airflow/example_dags/example_xcom.py took 0.169 seconds
[2023-01-15T16:21:35.723+0000] {processor.py:156} INFO - Started process (PID=25943) to work on /home/airflow/.local/lib/python3.7/site-packages/airflow/example_dags/example_xcom.py
[2023-01-15T16:21:35.726+0000] {processor.py:758} INFO - Processing file /home/airflow/.local/lib/python3.7/site-packages/airflow/example_dags/example_xcom.py for tasks to queue
[2023-01-15T16:21:35.727+0000] {logging_mixin.py:117} INFO - [2023-01-15T16:21:35.727+0000] {dagbag.py:525} INFO - Filling up the DagBag from /home/airflow/.local/lib/python3.7/site-packages/airflow/example_dags/example_xcom.py
[2023-01-15T16:21:35.794+0000] {processor.py:768} INFO - DAG(s) dict_keys(['example_xcom']) retrieved from /home/airflow/.local/lib/python3.7/site-packages/airflow/example_dags/example_xcom.py
[2023-01-15T16:21:35.864+0000] {logging_mixin.py:117} INFO - [2023-01-15T16:21:35.864+0000] {dag.py:2573} INFO - Sync 1 DAGs
[2023-01-15T16:21:35.888+0000] {logging_mixin.py:117} INFO - [2023-01-15T16:21:35.888+0000] {dag.py:3328} INFO - Setting next_dagrun for example_xcom to 2021-01-01T00:00:00+00:00, run_after=2021-01-01T00:00:00+00:00
[2023-01-15T16:21:35.909+0000] {processor.py:178} INFO - Processing /home/airflow/.local/lib/python3.7/site-packages/airflow/example_dags/example_xcom.py took 0.191 seconds
[2023-01-15T17:27:03.685+0000] {processor.py:156} INFO - Started process (PID=26006) to work on /home/airflow/.local/lib/python3.7/site-packages/airflow/example_dags/example_xcom.py
[2023-01-15T17:27:03.688+0000] {processor.py:758} INFO - Processing file /home/airflow/.local/lib/python3.7/site-packages/airflow/example_dags/example_xcom.py for tasks to queue
[2023-01-15T17:27:03.689+0000] {logging_mixin.py:117} INFO - [2023-01-15T17:27:03.689+0000] {dagbag.py:525} INFO - Filling up the DagBag from /home/airflow/.local/lib/python3.7/site-packages/airflow/example_dags/example_xcom.py
[2023-01-15T17:27:03.705+0000] {processor.py:768} INFO - DAG(s) dict_keys(['example_xcom']) retrieved from /home/airflow/.local/lib/python3.7/site-packages/airflow/example_dags/example_xcom.py
[2023-01-15T17:27:03.741+0000] {logging_mixin.py:117} INFO - [2023-01-15T17:27:03.741+0000] {dag.py:2573} INFO - Sync 1 DAGs
[2023-01-15T17:27:03.762+0000] {logging_mixin.py:117} INFO - [2023-01-15T17:27:03.762+0000] {dag.py:3328} INFO - Setting next_dagrun for example_xcom to 2021-01-01T00:00:00+00:00, run_after=2021-01-01T00:00:00+00:00
[2023-01-15T17:27:03.780+0000] {processor.py:178} INFO - Processing /home/airflow/.local/lib/python3.7/site-packages/airflow/example_dags/example_xcom.py took 0.099 seconds
[2023-01-15T18:23:36.556+0000] {processor.py:156} INFO - Started process (PID=26069) to work on /home/airflow/.local/lib/python3.7/site-packages/airflow/example_dags/example_xcom.py
[2023-01-15T18:23:36.559+0000] {processor.py:758} INFO - Processing file /home/airflow/.local/lib/python3.7/site-packages/airflow/example_dags/example_xcom.py for tasks to queue
[2023-01-15T18:23:36.562+0000] {logging_mixin.py:117} INFO - [2023-01-15T18:23:36.562+0000] {dagbag.py:525} INFO - Filling up the DagBag from /home/airflow/.local/lib/python3.7/site-packages/airflow/example_dags/example_xcom.py
[2023-01-15T18:23:36.586+0000] {processor.py:768} INFO - DAG(s) dict_keys(['example_xcom']) retrieved from /home/airflow/.local/lib/python3.7/site-packages/airflow/example_dags/example_xcom.py
[2023-01-15T18:23:36.650+0000] {logging_mixin.py:117} INFO - [2023-01-15T18:23:36.650+0000] {dag.py:2573} INFO - Sync 1 DAGs
[2023-01-15T18:23:36.676+0000] {logging_mixin.py:117} INFO - [2023-01-15T18:23:36.675+0000] {dag.py:3328} INFO - Setting next_dagrun for example_xcom to 2021-01-01T00:00:00+00:00, run_after=2021-01-01T00:00:00+00:00
[2023-01-15T18:23:36.691+0000] {processor.py:178} INFO - Processing /home/airflow/.local/lib/python3.7/site-packages/airflow/example_dags/example_xcom.py took 0.139 seconds
[2023-01-15T19:46:54.272+0000] {processor.py:156} INFO - Started process (PID=26123) to work on /home/airflow/.local/lib/python3.7/site-packages/airflow/example_dags/example_xcom.py
[2023-01-15T19:46:54.274+0000] {processor.py:758} INFO - Processing file /home/airflow/.local/lib/python3.7/site-packages/airflow/example_dags/example_xcom.py for tasks to queue
[2023-01-15T19:46:54.275+0000] {logging_mixin.py:117} INFO - [2023-01-15T19:46:54.275+0000] {dagbag.py:525} INFO - Filling up the DagBag from /home/airflow/.local/lib/python3.7/site-packages/airflow/example_dags/example_xcom.py
[2023-01-15T19:46:54.297+0000] {processor.py:768} INFO - DAG(s) dict_keys(['example_xcom']) retrieved from /home/airflow/.local/lib/python3.7/site-packages/airflow/example_dags/example_xcom.py
[2023-01-15T19:46:54.355+0000] {logging_mixin.py:117} INFO - [2023-01-15T19:46:54.355+0000] {dag.py:2573} INFO - Sync 1 DAGs
[2023-01-15T19:46:54.388+0000] {logging_mixin.py:117} INFO - [2023-01-15T19:46:54.387+0000] {dag.py:3328} INFO - Setting next_dagrun for example_xcom to 2021-01-01T00:00:00+00:00, run_after=2021-01-01T00:00:00+00:00
[2023-01-15T19:46:54.438+0000] {processor.py:178} INFO - Processing /home/airflow/.local/lib/python3.7/site-packages/airflow/example_dags/example_xcom.py took 0.173 seconds
[2023-01-15T20:53:29.194+0000] {processor.py:156} INFO - Started process (PID=26185) to work on /home/airflow/.local/lib/python3.7/site-packages/airflow/example_dags/example_xcom.py
[2023-01-15T20:53:29.199+0000] {processor.py:758} INFO - Processing file /home/airflow/.local/lib/python3.7/site-packages/airflow/example_dags/example_xcom.py for tasks to queue
[2023-01-15T20:53:29.202+0000] {logging_mixin.py:117} INFO - [2023-01-15T20:53:29.202+0000] {dagbag.py:525} INFO - Filling up the DagBag from /home/airflow/.local/lib/python3.7/site-packages/airflow/example_dags/example_xcom.py
[2023-01-15T20:53:29.279+0000] {processor.py:768} INFO - DAG(s) dict_keys(['example_xcom']) retrieved from /home/airflow/.local/lib/python3.7/site-packages/airflow/example_dags/example_xcom.py
[2023-01-15T20:53:29.418+0000] {logging_mixin.py:117} INFO - [2023-01-15T20:53:29.418+0000] {dag.py:2573} INFO - Sync 1 DAGs
[2023-01-15T20:53:29.462+0000] {logging_mixin.py:117} INFO - [2023-01-15T20:53:29.462+0000] {dag.py:3328} INFO - Setting next_dagrun for example_xcom to 2021-01-01T00:00:00+00:00, run_after=2021-01-01T00:00:00+00:00
[2023-01-15T20:53:29.482+0000] {processor.py:178} INFO - Processing /home/airflow/.local/lib/python3.7/site-packages/airflow/example_dags/example_xcom.py took 0.304 seconds
[2023-01-15T21:52:32.925+0000] {processor.py:156} INFO - Started process (PID=26248) to work on /home/airflow/.local/lib/python3.7/site-packages/airflow/example_dags/example_xcom.py
[2023-01-15T21:52:32.927+0000] {processor.py:758} INFO - Processing file /home/airflow/.local/lib/python3.7/site-packages/airflow/example_dags/example_xcom.py for tasks to queue
[2023-01-15T21:52:32.928+0000] {logging_mixin.py:117} INFO - [2023-01-15T21:52:32.928+0000] {dagbag.py:525} INFO - Filling up the DagBag from /home/airflow/.local/lib/python3.7/site-packages/airflow/example_dags/example_xcom.py
[2023-01-15T21:52:32.959+0000] {processor.py:768} INFO - DAG(s) dict_keys(['example_xcom']) retrieved from /home/airflow/.local/lib/python3.7/site-packages/airflow/example_dags/example_xcom.py
[2023-01-15T21:52:33.014+0000] {logging_mixin.py:117} INFO - [2023-01-15T21:52:33.014+0000] {dag.py:2573} INFO - Sync 1 DAGs
[2023-01-15T21:52:33.035+0000] {logging_mixin.py:117} INFO - [2023-01-15T21:52:33.035+0000] {dag.py:3328} INFO - Setting next_dagrun for example_xcom to 2021-01-01T00:00:00+00:00, run_after=2021-01-01T00:00:00+00:00
[2023-01-15T21:52:33.050+0000] {processor.py:178} INFO - Processing /home/airflow/.local/lib/python3.7/site-packages/airflow/example_dags/example_xcom.py took 0.129 seconds
[2023-01-15T23:15:50.657+0000] {processor.py:156} INFO - Started process (PID=26311) to work on /home/airflow/.local/lib/python3.7/site-packages/airflow/example_dags/example_xcom.py
[2023-01-15T23:15:50.661+0000] {processor.py:758} INFO - Processing file /home/airflow/.local/lib/python3.7/site-packages/airflow/example_dags/example_xcom.py for tasks to queue
[2023-01-15T23:15:50.663+0000] {logging_mixin.py:117} INFO - [2023-01-15T23:15:50.663+0000] {dagbag.py:525} INFO - Filling up the DagBag from /home/airflow/.local/lib/python3.7/site-packages/airflow/example_dags/example_xcom.py
[2023-01-15T23:15:50.685+0000] {processor.py:768} INFO - DAG(s) dict_keys(['example_xcom']) retrieved from /home/airflow/.local/lib/python3.7/site-packages/airflow/example_dags/example_xcom.py
[2023-01-15T23:15:50.731+0000] {logging_mixin.py:117} INFO - [2023-01-15T23:15:50.731+0000] {dag.py:2573} INFO - Sync 1 DAGs
[2023-01-15T23:15:50.756+0000] {logging_mixin.py:117} INFO - [2023-01-15T23:15:50.756+0000] {dag.py:3328} INFO - Setting next_dagrun for example_xcom to 2021-01-01T00:00:00+00:00, run_after=2021-01-01T00:00:00+00:00
[2023-01-15T23:15:50.783+0000] {processor.py:178} INFO - Processing /home/airflow/.local/lib/python3.7/site-packages/airflow/example_dags/example_xcom.py took 0.130 seconds
