[2023-01-15T00:38:59.179+0000] {processor.py:156} INFO - Started process (PID=24109) to work on /home/airflow/.local/lib/python3.7/site-packages/airflow/example_dags/example_short_circuit_operator.py
[2023-01-15T00:38:59.183+0000] {processor.py:758} INFO - Processing file /home/airflow/.local/lib/python3.7/site-packages/airflow/example_dags/example_short_circuit_operator.py for tasks to queue
[2023-01-15T00:38:59.184+0000] {logging_mixin.py:117} INFO - [2023-01-15T00:38:59.184+0000] {dagbag.py:525} INFO - Filling up the DagBag from /home/airflow/.local/lib/python3.7/site-packages/airflow/example_dags/example_short_circuit_operator.py
[2023-01-15T00:38:59.205+0000] {processor.py:768} INFO - DAG(s) dict_keys(['example_short_circuit_operator']) retrieved from /home/airflow/.local/lib/python3.7/site-packages/airflow/example_dags/example_short_circuit_operator.py
[2023-01-15T00:38:59.285+0000] {logging_mixin.py:117} INFO - [2023-01-15T00:38:59.285+0000] {dag.py:2573} INFO - Sync 1 DAGs
[2023-01-15T00:38:59.311+0000] {logging_mixin.py:117} INFO - [2023-01-15T00:38:59.311+0000] {dag.py:3328} INFO - Setting next_dagrun for example_short_circuit_operator to 2023-01-14T00:38:59.311269+00:00, run_after=2023-01-15T00:38:59.311269+00:00
[2023-01-15T00:38:59.329+0000] {processor.py:178} INFO - Processing /home/airflow/.local/lib/python3.7/site-packages/airflow/example_dags/example_short_circuit_operator.py took 0.154 seconds
[2023-01-15T01:44:17.345+0000] {processor.py:156} INFO - Started process (PID=24172) to work on /home/airflow/.local/lib/python3.7/site-packages/airflow/example_dags/example_short_circuit_operator.py
[2023-01-15T01:44:17.349+0000] {processor.py:758} INFO - Processing file /home/airflow/.local/lib/python3.7/site-packages/airflow/example_dags/example_short_circuit_operator.py for tasks to queue
[2023-01-15T01:44:17.350+0000] {logging_mixin.py:117} INFO - [2023-01-15T01:44:17.350+0000] {dagbag.py:525} INFO - Filling up the DagBag from /home/airflow/.local/lib/python3.7/site-packages/airflow/example_dags/example_short_circuit_operator.py
[2023-01-15T01:44:17.366+0000] {processor.py:768} INFO - DAG(s) dict_keys(['example_short_circuit_operator']) retrieved from /home/airflow/.local/lib/python3.7/site-packages/airflow/example_dags/example_short_circuit_operator.py
[2023-01-15T01:44:17.438+0000] {logging_mixin.py:117} INFO - [2023-01-15T01:44:17.438+0000] {dag.py:2573} INFO - Sync 1 DAGs
[2023-01-15T01:44:17.472+0000] {logging_mixin.py:117} INFO - [2023-01-15T01:44:17.472+0000] {dag.py:3328} INFO - Setting next_dagrun for example_short_circuit_operator to 2023-01-14T01:44:17.471675+00:00, run_after=2023-01-15T01:44:17.471675+00:00
[2023-01-15T01:44:17.492+0000] {processor.py:178} INFO - Processing /home/airflow/.local/lib/python3.7/site-packages/airflow/example_dags/example_short_circuit_operator.py took 0.151 seconds
[2023-01-15T02:15:46.102+0000] {processor.py:156} INFO - Started process (PID=24235) to work on /home/airflow/.local/lib/python3.7/site-packages/airflow/example_dags/example_short_circuit_operator.py
[2023-01-15T02:15:46.104+0000] {processor.py:758} INFO - Processing file /home/airflow/.local/lib/python3.7/site-packages/airflow/example_dags/example_short_circuit_operator.py for tasks to queue
[2023-01-15T02:15:46.105+0000] {logging_mixin.py:117} INFO - [2023-01-15T02:15:46.105+0000] {dagbag.py:525} INFO - Filling up the DagBag from /home/airflow/.local/lib/python3.7/site-packages/airflow/example_dags/example_short_circuit_operator.py
[2023-01-15T02:15:46.118+0000] {processor.py:768} INFO - DAG(s) dict_keys(['example_short_circuit_operator']) retrieved from /home/airflow/.local/lib/python3.7/site-packages/airflow/example_dags/example_short_circuit_operator.py
[2023-01-15T02:15:46.149+0000] {logging_mixin.py:117} INFO - [2023-01-15T02:15:46.149+0000] {dag.py:2573} INFO - Sync 1 DAGs
[2023-01-15T02:15:46.166+0000] {logging_mixin.py:117} INFO - [2023-01-15T02:15:46.166+0000] {dag.py:3328} INFO - Setting next_dagrun for example_short_circuit_operator to 2023-01-14T02:15:46.166288+00:00, run_after=2023-01-15T02:15:46.166288+00:00
[2023-01-15T02:15:46.180+0000] {processor.py:178} INFO - Processing /home/airflow/.local/lib/python3.7/site-packages/airflow/example_dags/example_short_circuit_operator.py took 0.082 seconds
[2023-01-15T02:16:16.701+0000] {processor.py:156} INFO - Started process (PID=24289) to work on /home/airflow/.local/lib/python3.7/site-packages/airflow/example_dags/example_short_circuit_operator.py
[2023-01-15T02:16:16.702+0000] {processor.py:758} INFO - Processing file /home/airflow/.local/lib/python3.7/site-packages/airflow/example_dags/example_short_circuit_operator.py for tasks to queue
[2023-01-15T02:16:16.702+0000] {logging_mixin.py:117} INFO - [2023-01-15T02:16:16.702+0000] {dagbag.py:525} INFO - Filling up the DagBag from /home/airflow/.local/lib/python3.7/site-packages/airflow/example_dags/example_short_circuit_operator.py
[2023-01-15T02:16:16.712+0000] {processor.py:768} INFO - DAG(s) dict_keys(['example_short_circuit_operator']) retrieved from /home/airflow/.local/lib/python3.7/site-packages/airflow/example_dags/example_short_circuit_operator.py
[2023-01-15T02:16:16.739+0000] {logging_mixin.py:117} INFO - [2023-01-15T02:16:16.738+0000] {dag.py:2573} INFO - Sync 1 DAGs
[2023-01-15T02:16:16.751+0000] {logging_mixin.py:117} INFO - [2023-01-15T02:16:16.751+0000] {dag.py:3328} INFO - Setting next_dagrun for example_short_circuit_operator to 2023-01-14T02:16:16.751499+00:00, run_after=2023-01-15T02:16:16.751499+00:00
[2023-01-15T02:16:16.762+0000] {processor.py:178} INFO - Processing /home/airflow/.local/lib/python3.7/site-packages/airflow/example_dags/example_short_circuit_operator.py took 0.064 seconds
[2023-01-15T02:49:43.530+0000] {processor.py:156} INFO - Started process (PID=24352) to work on /home/airflow/.local/lib/python3.7/site-packages/airflow/example_dags/example_short_circuit_operator.py
[2023-01-15T02:49:43.534+0000] {processor.py:758} INFO - Processing file /home/airflow/.local/lib/python3.7/site-packages/airflow/example_dags/example_short_circuit_operator.py for tasks to queue
[2023-01-15T02:49:43.535+0000] {logging_mixin.py:117} INFO - [2023-01-15T02:49:43.535+0000] {dagbag.py:525} INFO - Filling up the DagBag from /home/airflow/.local/lib/python3.7/site-packages/airflow/example_dags/example_short_circuit_operator.py
[2023-01-15T02:49:43.589+0000] {processor.py:768} INFO - DAG(s) dict_keys(['example_short_circuit_operator']) retrieved from /home/airflow/.local/lib/python3.7/site-packages/airflow/example_dags/example_short_circuit_operator.py
[2023-01-15T02:49:43.639+0000] {logging_mixin.py:117} INFO - [2023-01-15T02:49:43.639+0000] {dag.py:2573} INFO - Sync 1 DAGs
[2023-01-15T02:49:43.670+0000] {logging_mixin.py:117} INFO - [2023-01-15T02:49:43.670+0000] {dag.py:3328} INFO - Setting next_dagrun for example_short_circuit_operator to 2023-01-14T02:49:43.669925+00:00, run_after=2023-01-15T02:49:43.669925+00:00
[2023-01-15T02:49:43.697+0000] {processor.py:178} INFO - Processing /home/airflow/.local/lib/python3.7/site-packages/airflow/example_dags/example_short_circuit_operator.py took 0.172 seconds
[2023-01-15T04:11:01.949+0000] {processor.py:156} INFO - Started process (PID=24415) to work on /home/airflow/.local/lib/python3.7/site-packages/airflow/example_dags/example_short_circuit_operator.py
[2023-01-15T04:11:01.951+0000] {processor.py:758} INFO - Processing file /home/airflow/.local/lib/python3.7/site-packages/airflow/example_dags/example_short_circuit_operator.py for tasks to queue
[2023-01-15T04:11:01.953+0000] {logging_mixin.py:117} INFO - [2023-01-15T04:11:01.953+0000] {dagbag.py:525} INFO - Filling up the DagBag from /home/airflow/.local/lib/python3.7/site-packages/airflow/example_dags/example_short_circuit_operator.py
[2023-01-15T04:11:01.967+0000] {processor.py:768} INFO - DAG(s) dict_keys(['example_short_circuit_operator']) retrieved from /home/airflow/.local/lib/python3.7/site-packages/airflow/example_dags/example_short_circuit_operator.py
[2023-01-15T04:11:02.016+0000] {logging_mixin.py:117} INFO - [2023-01-15T04:11:02.016+0000] {dag.py:2573} INFO - Sync 1 DAGs
[2023-01-15T04:11:02.048+0000] {logging_mixin.py:117} INFO - [2023-01-15T04:11:02.048+0000] {dag.py:3328} INFO - Setting next_dagrun for example_short_circuit_operator to 2023-01-14T04:11:02.048650+00:00, run_after=2023-01-15T04:11:02.048650+00:00
[2023-01-15T04:11:02.071+0000] {processor.py:178} INFO - Processing /home/airflow/.local/lib/python3.7/site-packages/airflow/example_dags/example_short_circuit_operator.py took 0.125 seconds
[2023-01-15T05:08:50.313+0000] {processor.py:156} INFO - Started process (PID=24479) to work on /home/airflow/.local/lib/python3.7/site-packages/airflow/example_dags/example_short_circuit_operator.py
[2023-01-15T05:08:50.315+0000] {processor.py:758} INFO - Processing file /home/airflow/.local/lib/python3.7/site-packages/airflow/example_dags/example_short_circuit_operator.py for tasks to queue
[2023-01-15T05:08:50.316+0000] {logging_mixin.py:117} INFO - [2023-01-15T05:08:50.316+0000] {dagbag.py:525} INFO - Filling up the DagBag from /home/airflow/.local/lib/python3.7/site-packages/airflow/example_dags/example_short_circuit_operator.py
[2023-01-15T05:08:50.329+0000] {processor.py:768} INFO - DAG(s) dict_keys(['example_short_circuit_operator']) retrieved from /home/airflow/.local/lib/python3.7/site-packages/airflow/example_dags/example_short_circuit_operator.py
[2023-01-15T05:08:50.371+0000] {logging_mixin.py:117} INFO - [2023-01-15T05:08:50.370+0000] {dag.py:2573} INFO - Sync 1 DAGs
[2023-01-15T05:08:50.396+0000] {logging_mixin.py:117} INFO - [2023-01-15T05:08:50.396+0000] {dag.py:3328} INFO - Setting next_dagrun for example_short_circuit_operator to 2023-01-14T05:08:50.396139+00:00, run_after=2023-01-15T05:08:50.396139+00:00
[2023-01-15T05:08:50.410+0000] {processor.py:178} INFO - Processing /home/airflow/.local/lib/python3.7/site-packages/airflow/example_dags/example_short_circuit_operator.py took 0.099 seconds
[2023-01-15T06:14:18.548+0000] {processor.py:156} INFO - Started process (PID=24533) to work on /home/airflow/.local/lib/python3.7/site-packages/airflow/example_dags/example_short_circuit_operator.py
[2023-01-15T06:14:18.563+0000] {processor.py:758} INFO - Processing file /home/airflow/.local/lib/python3.7/site-packages/airflow/example_dags/example_short_circuit_operator.py for tasks to queue
[2023-01-15T06:14:18.566+0000] {logging_mixin.py:117} INFO - [2023-01-15T06:14:18.565+0000] {dagbag.py:525} INFO - Filling up the DagBag from /home/airflow/.local/lib/python3.7/site-packages/airflow/example_dags/example_short_circuit_operator.py
[2023-01-15T06:14:18.608+0000] {processor.py:768} INFO - DAG(s) dict_keys(['example_short_circuit_operator']) retrieved from /home/airflow/.local/lib/python3.7/site-packages/airflow/example_dags/example_short_circuit_operator.py
[2023-01-15T06:14:18.675+0000] {logging_mixin.py:117} INFO - [2023-01-15T06:14:18.675+0000] {dag.py:2573} INFO - Sync 1 DAGs
[2023-01-15T06:14:18.720+0000] {logging_mixin.py:117} INFO - [2023-01-15T06:14:18.719+0000] {dag.py:3328} INFO - Setting next_dagrun for example_short_circuit_operator to 2023-01-14T06:14:18.719498+00:00, run_after=2023-01-15T06:14:18.719498+00:00
[2023-01-15T06:14:18.743+0000] {processor.py:178} INFO - Processing /home/airflow/.local/lib/python3.7/site-packages/airflow/example_dags/example_short_circuit_operator.py took 0.202 seconds
[2023-01-15T06:57:24.362+0000] {processor.py:156} INFO - Started process (PID=24596) to work on /home/airflow/.local/lib/python3.7/site-packages/airflow/example_dags/example_short_circuit_operator.py
[2023-01-15T06:57:24.364+0000] {processor.py:758} INFO - Processing file /home/airflow/.local/lib/python3.7/site-packages/airflow/example_dags/example_short_circuit_operator.py for tasks to queue
[2023-01-15T06:57:24.366+0000] {logging_mixin.py:117} INFO - [2023-01-15T06:57:24.366+0000] {dagbag.py:525} INFO - Filling up the DagBag from /home/airflow/.local/lib/python3.7/site-packages/airflow/example_dags/example_short_circuit_operator.py
[2023-01-15T06:57:24.398+0000] {processor.py:768} INFO - DAG(s) dict_keys(['example_short_circuit_operator']) retrieved from /home/airflow/.local/lib/python3.7/site-packages/airflow/example_dags/example_short_circuit_operator.py
[2023-01-15T06:57:24.489+0000] {logging_mixin.py:117} INFO - [2023-01-15T06:57:24.489+0000] {dag.py:2573} INFO - Sync 1 DAGs
[2023-01-15T06:57:24.534+0000] {logging_mixin.py:117} INFO - [2023-01-15T06:57:24.534+0000] {dag.py:3328} INFO - Setting next_dagrun for example_short_circuit_operator to 2023-01-14T06:57:24.534041+00:00, run_after=2023-01-15T06:57:24.534041+00:00
[2023-01-15T06:57:24.567+0000] {processor.py:178} INFO - Processing /home/airflow/.local/lib/python3.7/site-packages/airflow/example_dags/example_short_circuit_operator.py took 0.214 seconds
[2023-01-15T08:03:16.000+0000] {processor.py:156} INFO - Started process (PID=24659) to work on /home/airflow/.local/lib/python3.7/site-packages/airflow/example_dags/example_short_circuit_operator.py
[2023-01-15T08:03:16.001+0000] {processor.py:758} INFO - Processing file /home/airflow/.local/lib/python3.7/site-packages/airflow/example_dags/example_short_circuit_operator.py for tasks to queue
[2023-01-15T08:03:16.003+0000] {logging_mixin.py:117} INFO - [2023-01-15T08:03:16.002+0000] {dagbag.py:525} INFO - Filling up the DagBag from /home/airflow/.local/lib/python3.7/site-packages/airflow/example_dags/example_short_circuit_operator.py
[2023-01-15T08:03:16.041+0000] {processor.py:768} INFO - DAG(s) dict_keys(['example_short_circuit_operator']) retrieved from /home/airflow/.local/lib/python3.7/site-packages/airflow/example_dags/example_short_circuit_operator.py
[2023-01-15T08:03:16.107+0000] {logging_mixin.py:117} INFO - [2023-01-15T08:03:16.107+0000] {dag.py:2573} INFO - Sync 1 DAGs
[2023-01-15T08:03:16.145+0000] {logging_mixin.py:117} INFO - [2023-01-15T08:03:16.145+0000] {dag.py:3328} INFO - Setting next_dagrun for example_short_circuit_operator to 2023-01-14T08:03:16.145198+00:00, run_after=2023-01-15T08:03:16.145198+00:00
[2023-01-15T08:03:16.174+0000] {processor.py:178} INFO - Processing /home/airflow/.local/lib/python3.7/site-packages/airflow/example_dags/example_short_circuit_operator.py took 0.178 seconds
[2023-01-15T09:11:06.057+0000] {processor.py:156} INFO - Started process (PID=24723) to work on /home/airflow/.local/lib/python3.7/site-packages/airflow/example_dags/example_short_circuit_operator.py
[2023-01-15T09:11:06.059+0000] {processor.py:758} INFO - Processing file /home/airflow/.local/lib/python3.7/site-packages/airflow/example_dags/example_short_circuit_operator.py for tasks to queue
[2023-01-15T09:11:06.060+0000] {logging_mixin.py:117} INFO - [2023-01-15T09:11:06.060+0000] {dagbag.py:525} INFO - Filling up the DagBag from /home/airflow/.local/lib/python3.7/site-packages/airflow/example_dags/example_short_circuit_operator.py
[2023-01-15T09:11:06.082+0000] {processor.py:768} INFO - DAG(s) dict_keys(['example_short_circuit_operator']) retrieved from /home/airflow/.local/lib/python3.7/site-packages/airflow/example_dags/example_short_circuit_operator.py
[2023-01-15T09:11:06.181+0000] {logging_mixin.py:117} INFO - [2023-01-15T09:11:06.181+0000] {dag.py:2573} INFO - Sync 1 DAGs
[2023-01-15T09:11:06.233+0000] {logging_mixin.py:117} INFO - [2023-01-15T09:11:06.233+0000] {dag.py:3328} INFO - Setting next_dagrun for example_short_circuit_operator to 2023-01-14T09:11:06.232432+00:00, run_after=2023-01-15T09:11:06.232432+00:00
[2023-01-15T09:11:06.254+0000] {processor.py:178} INFO - Processing /home/airflow/.local/lib/python3.7/site-packages/airflow/example_dags/example_short_circuit_operator.py took 0.201 seconds
[2023-01-15T09:32:53.278+0000] {processor.py:156} INFO - Started process (PID=24777) to work on /home/airflow/.local/lib/python3.7/site-packages/airflow/example_dags/example_short_circuit_operator.py
[2023-01-15T09:32:53.281+0000] {processor.py:758} INFO - Processing file /home/airflow/.local/lib/python3.7/site-packages/airflow/example_dags/example_short_circuit_operator.py for tasks to queue
[2023-01-15T09:32:53.282+0000] {logging_mixin.py:117} INFO - [2023-01-15T09:32:53.282+0000] {dagbag.py:525} INFO - Filling up the DagBag from /home/airflow/.local/lib/python3.7/site-packages/airflow/example_dags/example_short_circuit_operator.py
[2023-01-15T09:32:53.303+0000] {processor.py:768} INFO - DAG(s) dict_keys(['example_short_circuit_operator']) retrieved from /home/airflow/.local/lib/python3.7/site-packages/airflow/example_dags/example_short_circuit_operator.py
[2023-01-15T09:32:53.349+0000] {logging_mixin.py:117} INFO - [2023-01-15T09:32:53.349+0000] {dag.py:2573} INFO - Sync 1 DAGs
[2023-01-15T09:32:53.394+0000] {logging_mixin.py:117} INFO - [2023-01-15T09:32:53.394+0000] {dag.py:3328} INFO - Setting next_dagrun for example_short_circuit_operator to 2023-01-14T09:32:53.394571+00:00, run_after=2023-01-15T09:32:53.394571+00:00
[2023-01-15T09:32:53.412+0000] {processor.py:178} INFO - Processing /home/airflow/.local/lib/python3.7/site-packages/airflow/example_dags/example_short_circuit_operator.py took 0.138 seconds
[2023-01-15T09:33:55.202+0000] {processor.py:156} INFO - Started process (PID=24840) to work on /home/airflow/.local/lib/python3.7/site-packages/airflow/example_dags/example_short_circuit_operator.py
[2023-01-15T09:33:55.204+0000] {processor.py:758} INFO - Processing file /home/airflow/.local/lib/python3.7/site-packages/airflow/example_dags/example_short_circuit_operator.py for tasks to queue
[2023-01-15T09:33:55.204+0000] {logging_mixin.py:117} INFO - [2023-01-15T09:33:55.204+0000] {dagbag.py:525} INFO - Filling up the DagBag from /home/airflow/.local/lib/python3.7/site-packages/airflow/example_dags/example_short_circuit_operator.py
[2023-01-15T09:33:55.215+0000] {processor.py:768} INFO - DAG(s) dict_keys(['example_short_circuit_operator']) retrieved from /home/airflow/.local/lib/python3.7/site-packages/airflow/example_dags/example_short_circuit_operator.py
[2023-01-15T09:33:55.245+0000] {logging_mixin.py:117} INFO - [2023-01-15T09:33:55.244+0000] {dag.py:2573} INFO - Sync 1 DAGs
[2023-01-15T09:33:55.259+0000] {logging_mixin.py:117} INFO - [2023-01-15T09:33:55.259+0000] {dag.py:3328} INFO - Setting next_dagrun for example_short_circuit_operator to 2023-01-14T09:33:55.259001+00:00, run_after=2023-01-15T09:33:55.259001+00:00
[2023-01-15T09:33:55.271+0000] {processor.py:178} INFO - Processing /home/airflow/.local/lib/python3.7/site-packages/airflow/example_dags/example_short_circuit_operator.py took 0.072 seconds
[2023-01-15T09:43:29.632+0000] {processor.py:156} INFO - Started process (PID=24903) to work on /home/airflow/.local/lib/python3.7/site-packages/airflow/example_dags/example_short_circuit_operator.py
[2023-01-15T09:43:29.634+0000] {processor.py:758} INFO - Processing file /home/airflow/.local/lib/python3.7/site-packages/airflow/example_dags/example_short_circuit_operator.py for tasks to queue
[2023-01-15T09:43:29.637+0000] {logging_mixin.py:117} INFO - [2023-01-15T09:43:29.637+0000] {dagbag.py:525} INFO - Filling up the DagBag from /home/airflow/.local/lib/python3.7/site-packages/airflow/example_dags/example_short_circuit_operator.py
[2023-01-15T09:43:29.656+0000] {processor.py:768} INFO - DAG(s) dict_keys(['example_short_circuit_operator']) retrieved from /home/airflow/.local/lib/python3.7/site-packages/airflow/example_dags/example_short_circuit_operator.py
[2023-01-15T09:43:29.703+0000] {logging_mixin.py:117} INFO - [2023-01-15T09:43:29.703+0000] {dag.py:2573} INFO - Sync 1 DAGs
[2023-01-15T09:43:29.740+0000] {logging_mixin.py:117} INFO - [2023-01-15T09:43:29.740+0000] {dag.py:3328} INFO - Setting next_dagrun for example_short_circuit_operator to 2023-01-14T09:43:29.740068+00:00, run_after=2023-01-15T09:43:29.740068+00:00
[2023-01-15T09:43:29.759+0000] {processor.py:178} INFO - Processing /home/airflow/.local/lib/python3.7/site-packages/airflow/example_dags/example_short_circuit_operator.py took 0.130 seconds
[2023-01-15T11:04:09.027+0000] {processor.py:156} INFO - Started process (PID=24965) to work on /home/airflow/.local/lib/python3.7/site-packages/airflow/example_dags/example_short_circuit_operator.py
[2023-01-15T11:04:09.031+0000] {processor.py:758} INFO - Processing file /home/airflow/.local/lib/python3.7/site-packages/airflow/example_dags/example_short_circuit_operator.py for tasks to queue
[2023-01-15T11:04:09.032+0000] {logging_mixin.py:117} INFO - [2023-01-15T11:04:09.032+0000] {dagbag.py:525} INFO - Filling up the DagBag from /home/airflow/.local/lib/python3.7/site-packages/airflow/example_dags/example_short_circuit_operator.py
[2023-01-15T11:04:09.054+0000] {processor.py:768} INFO - DAG(s) dict_keys(['example_short_circuit_operator']) retrieved from /home/airflow/.local/lib/python3.7/site-packages/airflow/example_dags/example_short_circuit_operator.py
[2023-01-15T11:04:09.110+0000] {logging_mixin.py:117} INFO - [2023-01-15T11:04:09.110+0000] {dag.py:2573} INFO - Sync 1 DAGs
[2023-01-15T11:04:09.135+0000] {logging_mixin.py:117} INFO - [2023-01-15T11:04:09.135+0000] {dag.py:3328} INFO - Setting next_dagrun for example_short_circuit_operator to 2023-01-14T11:04:09.135311+00:00, run_after=2023-01-15T11:04:09.135311+00:00
[2023-01-15T11:04:09.151+0000] {processor.py:178} INFO - Processing /home/airflow/.local/lib/python3.7/site-packages/airflow/example_dags/example_short_circuit_operator.py took 0.130 seconds
[2023-01-15T12:04:15.810+0000] {processor.py:156} INFO - Started process (PID=25020) to work on /home/airflow/.local/lib/python3.7/site-packages/airflow/example_dags/example_short_circuit_operator.py
[2023-01-15T12:04:15.814+0000] {processor.py:758} INFO - Processing file /home/airflow/.local/lib/python3.7/site-packages/airflow/example_dags/example_short_circuit_operator.py for tasks to queue
[2023-01-15T12:04:15.815+0000] {logging_mixin.py:117} INFO - [2023-01-15T12:04:15.815+0000] {dagbag.py:525} INFO - Filling up the DagBag from /home/airflow/.local/lib/python3.7/site-packages/airflow/example_dags/example_short_circuit_operator.py
[2023-01-15T12:04:15.869+0000] {processor.py:768} INFO - DAG(s) dict_keys(['example_short_circuit_operator']) retrieved from /home/airflow/.local/lib/python3.7/site-packages/airflow/example_dags/example_short_circuit_operator.py
[2023-01-15T12:04:15.934+0000] {logging_mixin.py:117} INFO - [2023-01-15T12:04:15.934+0000] {dag.py:2573} INFO - Sync 1 DAGs
[2023-01-15T12:04:15.963+0000] {logging_mixin.py:117} INFO - [2023-01-15T12:04:15.963+0000] {dag.py:3328} INFO - Setting next_dagrun for example_short_circuit_operator to 2023-01-14T12:04:15.963413+00:00, run_after=2023-01-15T12:04:15.963413+00:00
[2023-01-15T12:04:15.993+0000] {processor.py:178} INFO - Processing /home/airflow/.local/lib/python3.7/site-packages/airflow/example_dags/example_short_circuit_operator.py took 0.187 seconds
[2023-01-15T12:42:37.649+0000] {processor.py:156} INFO - Started process (PID=25083) to work on /home/airflow/.local/lib/python3.7/site-packages/airflow/example_dags/example_short_circuit_operator.py
[2023-01-15T12:42:37.652+0000] {processor.py:758} INFO - Processing file /home/airflow/.local/lib/python3.7/site-packages/airflow/example_dags/example_short_circuit_operator.py for tasks to queue
[2023-01-15T12:42:37.653+0000] {logging_mixin.py:117} INFO - [2023-01-15T12:42:37.653+0000] {dagbag.py:525} INFO - Filling up the DagBag from /home/airflow/.local/lib/python3.7/site-packages/airflow/example_dags/example_short_circuit_operator.py
[2023-01-15T12:42:37.671+0000] {processor.py:768} INFO - DAG(s) dict_keys(['example_short_circuit_operator']) retrieved from /home/airflow/.local/lib/python3.7/site-packages/airflow/example_dags/example_short_circuit_operator.py
[2023-01-15T12:42:37.734+0000] {logging_mixin.py:117} INFO - [2023-01-15T12:42:37.734+0000] {dag.py:2573} INFO - Sync 1 DAGs
[2023-01-15T12:42:37.767+0000] {logging_mixin.py:117} INFO - [2023-01-15T12:42:37.767+0000] {dag.py:3328} INFO - Setting next_dagrun for example_short_circuit_operator to 2023-01-14T12:42:37.767343+00:00, run_after=2023-01-15T12:42:37.767343+00:00
[2023-01-15T12:42:37.795+0000] {processor.py:178} INFO - Processing /home/airflow/.local/lib/python3.7/site-packages/airflow/example_dags/example_short_circuit_operator.py took 0.151 seconds
[2023-01-15T13:21:55.136+0000] {processor.py:156} INFO - Started process (PID=25146) to work on /home/airflow/.local/lib/python3.7/site-packages/airflow/example_dags/example_short_circuit_operator.py
[2023-01-15T13:21:55.137+0000] {processor.py:758} INFO - Processing file /home/airflow/.local/lib/python3.7/site-packages/airflow/example_dags/example_short_circuit_operator.py for tasks to queue
[2023-01-15T13:21:55.138+0000] {logging_mixin.py:117} INFO - [2023-01-15T13:21:55.138+0000] {dagbag.py:525} INFO - Filling up the DagBag from /home/airflow/.local/lib/python3.7/site-packages/airflow/example_dags/example_short_circuit_operator.py
[2023-01-15T13:21:55.149+0000] {processor.py:768} INFO - DAG(s) dict_keys(['example_short_circuit_operator']) retrieved from /home/airflow/.local/lib/python3.7/site-packages/airflow/example_dags/example_short_circuit_operator.py
[2023-01-15T13:21:55.176+0000] {logging_mixin.py:117} INFO - [2023-01-15T13:21:55.176+0000] {dag.py:2573} INFO - Sync 1 DAGs
[2023-01-15T13:21:55.189+0000] {logging_mixin.py:117} INFO - [2023-01-15T13:21:55.189+0000] {dag.py:3328} INFO - Setting next_dagrun for example_short_circuit_operator to 2023-01-14T13:21:55.189196+00:00, run_after=2023-01-15T13:21:55.189196+00:00
[2023-01-15T13:21:55.199+0000] {processor.py:178} INFO - Processing /home/airflow/.local/lib/python3.7/site-packages/airflow/example_dags/example_short_circuit_operator.py took 0.066 seconds
[2023-01-15T13:38:28.697+0000] {processor.py:156} INFO - Started process (PID=25209) to work on /home/airflow/.local/lib/python3.7/site-packages/airflow/example_dags/example_short_circuit_operator.py
[2023-01-15T13:38:28.699+0000] {processor.py:758} INFO - Processing file /home/airflow/.local/lib/python3.7/site-packages/airflow/example_dags/example_short_circuit_operator.py for tasks to queue
[2023-01-15T13:38:28.700+0000] {logging_mixin.py:117} INFO - [2023-01-15T13:38:28.700+0000] {dagbag.py:525} INFO - Filling up the DagBag from /home/airflow/.local/lib/python3.7/site-packages/airflow/example_dags/example_short_circuit_operator.py
[2023-01-15T13:38:28.730+0000] {processor.py:768} INFO - DAG(s) dict_keys(['example_short_circuit_operator']) retrieved from /home/airflow/.local/lib/python3.7/site-packages/airflow/example_dags/example_short_circuit_operator.py
[2023-01-15T13:38:28.783+0000] {logging_mixin.py:117} INFO - [2023-01-15T13:38:28.783+0000] {dag.py:2573} INFO - Sync 1 DAGs
[2023-01-15T13:38:28.805+0000] {logging_mixin.py:117} INFO - [2023-01-15T13:38:28.805+0000] {dag.py:3328} INFO - Setting next_dagrun for example_short_circuit_operator to 2023-01-14T13:38:28.805641+00:00, run_after=2023-01-15T13:38:28.805641+00:00
[2023-01-15T13:38:28.832+0000] {processor.py:178} INFO - Processing /home/airflow/.local/lib/python3.7/site-packages/airflow/example_dags/example_short_circuit_operator.py took 0.142 seconds
[2023-01-15T13:38:59.741+0000] {processor.py:156} INFO - Started process (PID=25263) to work on /home/airflow/.local/lib/python3.7/site-packages/airflow/example_dags/example_short_circuit_operator.py
[2023-01-15T13:38:59.742+0000] {processor.py:758} INFO - Processing file /home/airflow/.local/lib/python3.7/site-packages/airflow/example_dags/example_short_circuit_operator.py for tasks to queue
[2023-01-15T13:38:59.743+0000] {logging_mixin.py:117} INFO - [2023-01-15T13:38:59.743+0000] {dagbag.py:525} INFO - Filling up the DagBag from /home/airflow/.local/lib/python3.7/site-packages/airflow/example_dags/example_short_circuit_operator.py
[2023-01-15T13:38:59.754+0000] {processor.py:768} INFO - DAG(s) dict_keys(['example_short_circuit_operator']) retrieved from /home/airflow/.local/lib/python3.7/site-packages/airflow/example_dags/example_short_circuit_operator.py
[2023-01-15T13:38:59.784+0000] {logging_mixin.py:117} INFO - [2023-01-15T13:38:59.784+0000] {dag.py:2573} INFO - Sync 1 DAGs
[2023-01-15T13:38:59.804+0000] {logging_mixin.py:117} INFO - [2023-01-15T13:38:59.804+0000] {dag.py:3328} INFO - Setting next_dagrun for example_short_circuit_operator to 2023-01-14T13:38:59.804240+00:00, run_after=2023-01-15T13:38:59.804240+00:00
[2023-01-15T13:38:59.815+0000] {processor.py:178} INFO - Processing /home/airflow/.local/lib/python3.7/site-packages/airflow/example_dags/example_short_circuit_operator.py took 0.077 seconds
[2023-01-15T13:39:30.082+0000] {processor.py:156} INFO - Started process (PID=25326) to work on /home/airflow/.local/lib/python3.7/site-packages/airflow/example_dags/example_short_circuit_operator.py
[2023-01-15T13:39:30.083+0000] {processor.py:758} INFO - Processing file /home/airflow/.local/lib/python3.7/site-packages/airflow/example_dags/example_short_circuit_operator.py for tasks to queue
[2023-01-15T13:39:30.084+0000] {logging_mixin.py:117} INFO - [2023-01-15T13:39:30.084+0000] {dagbag.py:525} INFO - Filling up the DagBag from /home/airflow/.local/lib/python3.7/site-packages/airflow/example_dags/example_short_circuit_operator.py
[2023-01-15T13:39:30.095+0000] {processor.py:768} INFO - DAG(s) dict_keys(['example_short_circuit_operator']) retrieved from /home/airflow/.local/lib/python3.7/site-packages/airflow/example_dags/example_short_circuit_operator.py
[2023-01-15T13:39:30.124+0000] {logging_mixin.py:117} INFO - [2023-01-15T13:39:30.124+0000] {dag.py:2573} INFO - Sync 1 DAGs
[2023-01-15T13:39:30.143+0000] {logging_mixin.py:117} INFO - [2023-01-15T13:39:30.143+0000] {dag.py:3328} INFO - Setting next_dagrun for example_short_circuit_operator to 2023-01-14T13:39:30.143177+00:00, run_after=2023-01-15T13:39:30.143177+00:00
[2023-01-15T13:39:30.154+0000] {processor.py:178} INFO - Processing /home/airflow/.local/lib/python3.7/site-packages/airflow/example_dags/example_short_circuit_operator.py took 0.074 seconds
[2023-01-15T13:40:00.510+0000] {processor.py:156} INFO - Started process (PID=25389) to work on /home/airflow/.local/lib/python3.7/site-packages/airflow/example_dags/example_short_circuit_operator.py
[2023-01-15T13:40:00.511+0000] {processor.py:758} INFO - Processing file /home/airflow/.local/lib/python3.7/site-packages/airflow/example_dags/example_short_circuit_operator.py for tasks to queue
[2023-01-15T13:40:00.511+0000] {logging_mixin.py:117} INFO - [2023-01-15T13:40:00.511+0000] {dagbag.py:525} INFO - Filling up the DagBag from /home/airflow/.local/lib/python3.7/site-packages/airflow/example_dags/example_short_circuit_operator.py
[2023-01-15T13:40:00.522+0000] {processor.py:768} INFO - DAG(s) dict_keys(['example_short_circuit_operator']) retrieved from /home/airflow/.local/lib/python3.7/site-packages/airflow/example_dags/example_short_circuit_operator.py
[2023-01-15T13:40:00.550+0000] {logging_mixin.py:117} INFO - [2023-01-15T13:40:00.549+0000] {dag.py:2573} INFO - Sync 1 DAGs
[2023-01-15T13:40:00.566+0000] {logging_mixin.py:117} INFO - [2023-01-15T13:40:00.566+0000] {dag.py:3328} INFO - Setting next_dagrun for example_short_circuit_operator to 2023-01-14T13:40:00.566010+00:00, run_after=2023-01-15T13:40:00.566010+00:00
[2023-01-15T13:40:00.576+0000] {processor.py:178} INFO - Processing /home/airflow/.local/lib/python3.7/site-packages/airflow/example_dags/example_short_circuit_operator.py took 0.069 seconds
[2023-01-15T13:40:30.968+0000] {processor.py:156} INFO - Started process (PID=25452) to work on /home/airflow/.local/lib/python3.7/site-packages/airflow/example_dags/example_short_circuit_operator.py
[2023-01-15T13:40:30.970+0000] {processor.py:758} INFO - Processing file /home/airflow/.local/lib/python3.7/site-packages/airflow/example_dags/example_short_circuit_operator.py for tasks to queue
[2023-01-15T13:40:30.971+0000] {logging_mixin.py:117} INFO - [2023-01-15T13:40:30.971+0000] {dagbag.py:525} INFO - Filling up the DagBag from /home/airflow/.local/lib/python3.7/site-packages/airflow/example_dags/example_short_circuit_operator.py
[2023-01-15T13:40:30.983+0000] {processor.py:768} INFO - DAG(s) dict_keys(['example_short_circuit_operator']) retrieved from /home/airflow/.local/lib/python3.7/site-packages/airflow/example_dags/example_short_circuit_operator.py
[2023-01-15T13:40:31.022+0000] {logging_mixin.py:117} INFO - [2023-01-15T13:40:31.021+0000] {dag.py:2573} INFO - Sync 1 DAGs
[2023-01-15T13:40:31.038+0000] {logging_mixin.py:117} INFO - [2023-01-15T13:40:31.038+0000] {dag.py:3328} INFO - Setting next_dagrun for example_short_circuit_operator to 2023-01-14T13:40:31.037808+00:00, run_after=2023-01-15T13:40:31.037808+00:00
[2023-01-15T13:40:31.051+0000] {processor.py:178} INFO - Processing /home/airflow/.local/lib/python3.7/site-packages/airflow/example_dags/example_short_circuit_operator.py took 0.086 seconds
[2023-01-15T13:41:01.443+0000] {processor.py:156} INFO - Started process (PID=25515) to work on /home/airflow/.local/lib/python3.7/site-packages/airflow/example_dags/example_short_circuit_operator.py
[2023-01-15T13:41:01.445+0000] {processor.py:758} INFO - Processing file /home/airflow/.local/lib/python3.7/site-packages/airflow/example_dags/example_short_circuit_operator.py for tasks to queue
[2023-01-15T13:41:01.445+0000] {logging_mixin.py:117} INFO - [2023-01-15T13:41:01.445+0000] {dagbag.py:525} INFO - Filling up the DagBag from /home/airflow/.local/lib/python3.7/site-packages/airflow/example_dags/example_short_circuit_operator.py
[2023-01-15T13:41:01.457+0000] {processor.py:768} INFO - DAG(s) dict_keys(['example_short_circuit_operator']) retrieved from /home/airflow/.local/lib/python3.7/site-packages/airflow/example_dags/example_short_circuit_operator.py
[2023-01-15T13:41:01.489+0000] {logging_mixin.py:117} INFO - [2023-01-15T13:41:01.488+0000] {dag.py:2573} INFO - Sync 1 DAGs
[2023-01-15T13:41:01.508+0000] {logging_mixin.py:117} INFO - [2023-01-15T13:41:01.507+0000] {dag.py:3328} INFO - Setting next_dagrun for example_short_circuit_operator to 2023-01-14T13:41:01.507764+00:00, run_after=2023-01-15T13:41:01.507764+00:00
[2023-01-15T13:41:01.520+0000] {processor.py:178} INFO - Processing /home/airflow/.local/lib/python3.7/site-packages/airflow/example_dags/example_short_circuit_operator.py took 0.079 seconds
[2023-01-15T13:41:31.771+0000] {processor.py:156} INFO - Started process (PID=25578) to work on /home/airflow/.local/lib/python3.7/site-packages/airflow/example_dags/example_short_circuit_operator.py
[2023-01-15T13:41:31.772+0000] {processor.py:758} INFO - Processing file /home/airflow/.local/lib/python3.7/site-packages/airflow/example_dags/example_short_circuit_operator.py for tasks to queue
[2023-01-15T13:41:31.773+0000] {logging_mixin.py:117} INFO - [2023-01-15T13:41:31.773+0000] {dagbag.py:525} INFO - Filling up the DagBag from /home/airflow/.local/lib/python3.7/site-packages/airflow/example_dags/example_short_circuit_operator.py
[2023-01-15T13:41:31.785+0000] {processor.py:768} INFO - DAG(s) dict_keys(['example_short_circuit_operator']) retrieved from /home/airflow/.local/lib/python3.7/site-packages/airflow/example_dags/example_short_circuit_operator.py
[2023-01-15T13:41:31.815+0000] {logging_mixin.py:117} INFO - [2023-01-15T13:41:31.815+0000] {dag.py:2573} INFO - Sync 1 DAGs
[2023-01-15T13:41:31.833+0000] {logging_mixin.py:117} INFO - [2023-01-15T13:41:31.832+0000] {dag.py:3328} INFO - Setting next_dagrun for example_short_circuit_operator to 2023-01-14T13:41:31.832735+00:00, run_after=2023-01-15T13:41:31.832735+00:00
[2023-01-15T13:41:31.844+0000] {processor.py:178} INFO - Processing /home/airflow/.local/lib/python3.7/site-packages/airflow/example_dags/example_short_circuit_operator.py took 0.075 seconds
[2023-01-15T13:42:02.149+0000] {processor.py:156} INFO - Started process (PID=25633) to work on /home/airflow/.local/lib/python3.7/site-packages/airflow/example_dags/example_short_circuit_operator.py
[2023-01-15T13:42:02.150+0000] {processor.py:758} INFO - Processing file /home/airflow/.local/lib/python3.7/site-packages/airflow/example_dags/example_short_circuit_operator.py for tasks to queue
[2023-01-15T13:42:02.151+0000] {logging_mixin.py:117} INFO - [2023-01-15T13:42:02.151+0000] {dagbag.py:525} INFO - Filling up the DagBag from /home/airflow/.local/lib/python3.7/site-packages/airflow/example_dags/example_short_circuit_operator.py
[2023-01-15T13:42:02.162+0000] {processor.py:768} INFO - DAG(s) dict_keys(['example_short_circuit_operator']) retrieved from /home/airflow/.local/lib/python3.7/site-packages/airflow/example_dags/example_short_circuit_operator.py
[2023-01-15T13:42:02.191+0000] {logging_mixin.py:117} INFO - [2023-01-15T13:42:02.191+0000] {dag.py:2573} INFO - Sync 1 DAGs
[2023-01-15T13:42:02.211+0000] {logging_mixin.py:117} INFO - [2023-01-15T13:42:02.211+0000] {dag.py:3328} INFO - Setting next_dagrun for example_short_circuit_operator to 2023-01-14T13:42:02.211507+00:00, run_after=2023-01-15T13:42:02.211507+00:00
[2023-01-15T13:42:02.230+0000] {processor.py:178} INFO - Processing /home/airflow/.local/lib/python3.7/site-packages/airflow/example_dags/example_short_circuit_operator.py took 0.083 seconds
[2023-01-15T13:58:05.537+0000] {processor.py:156} INFO - Started process (PID=25696) to work on /home/airflow/.local/lib/python3.7/site-packages/airflow/example_dags/example_short_circuit_operator.py
[2023-01-15T13:58:05.538+0000] {processor.py:758} INFO - Processing file /home/airflow/.local/lib/python3.7/site-packages/airflow/example_dags/example_short_circuit_operator.py for tasks to queue
[2023-01-15T13:58:05.540+0000] {logging_mixin.py:117} INFO - [2023-01-15T13:58:05.540+0000] {dagbag.py:525} INFO - Filling up the DagBag from /home/airflow/.local/lib/python3.7/site-packages/airflow/example_dags/example_short_circuit_operator.py
[2023-01-15T13:58:05.555+0000] {processor.py:768} INFO - DAG(s) dict_keys(['example_short_circuit_operator']) retrieved from /home/airflow/.local/lib/python3.7/site-packages/airflow/example_dags/example_short_circuit_operator.py
[2023-01-15T13:58:05.602+0000] {logging_mixin.py:117} INFO - [2023-01-15T13:58:05.602+0000] {dag.py:2573} INFO - Sync 1 DAGs
[2023-01-15T13:58:05.623+0000] {logging_mixin.py:117} INFO - [2023-01-15T13:58:05.623+0000] {dag.py:3328} INFO - Setting next_dagrun for example_short_circuit_operator to 2023-01-14T13:58:05.623204+00:00, run_after=2023-01-15T13:58:05.623204+00:00
[2023-01-15T13:58:05.637+0000] {processor.py:178} INFO - Processing /home/airflow/.local/lib/python3.7/site-packages/airflow/example_dags/example_short_circuit_operator.py took 0.106 seconds
[2023-01-15T14:09:07.871+0000] {processor.py:156} INFO - Started process (PID=25759) to work on /home/airflow/.local/lib/python3.7/site-packages/airflow/example_dags/example_short_circuit_operator.py
[2023-01-15T14:09:07.872+0000] {processor.py:758} INFO - Processing file /home/airflow/.local/lib/python3.7/site-packages/airflow/example_dags/example_short_circuit_operator.py for tasks to queue
[2023-01-15T14:09:07.873+0000] {logging_mixin.py:117} INFO - [2023-01-15T14:09:07.873+0000] {dagbag.py:525} INFO - Filling up the DagBag from /home/airflow/.local/lib/python3.7/site-packages/airflow/example_dags/example_short_circuit_operator.py
[2023-01-15T14:09:07.892+0000] {processor.py:768} INFO - DAG(s) dict_keys(['example_short_circuit_operator']) retrieved from /home/airflow/.local/lib/python3.7/site-packages/airflow/example_dags/example_short_circuit_operator.py
[2023-01-15T14:09:07.944+0000] {logging_mixin.py:117} INFO - [2023-01-15T14:09:07.944+0000] {dag.py:2573} INFO - Sync 1 DAGs
[2023-01-15T14:09:07.964+0000] {logging_mixin.py:117} INFO - [2023-01-15T14:09:07.964+0000] {dag.py:3328} INFO - Setting next_dagrun for example_short_circuit_operator to 2023-01-14T14:09:07.964547+00:00, run_after=2023-01-15T14:09:07.964547+00:00
[2023-01-15T14:09:07.981+0000] {processor.py:178} INFO - Processing /home/airflow/.local/lib/python3.7/site-packages/airflow/example_dags/example_short_circuit_operator.py took 0.113 seconds
[2023-01-15T14:09:38.387+0000] {processor.py:156} INFO - Started process (PID=25822) to work on /home/airflow/.local/lib/python3.7/site-packages/airflow/example_dags/example_short_circuit_operator.py
[2023-01-15T14:09:38.389+0000] {processor.py:758} INFO - Processing file /home/airflow/.local/lib/python3.7/site-packages/airflow/example_dags/example_short_circuit_operator.py for tasks to queue
[2023-01-15T14:09:38.390+0000] {logging_mixin.py:117} INFO - [2023-01-15T14:09:38.390+0000] {dagbag.py:525} INFO - Filling up the DagBag from /home/airflow/.local/lib/python3.7/site-packages/airflow/example_dags/example_short_circuit_operator.py
[2023-01-15T14:09:38.401+0000] {processor.py:768} INFO - DAG(s) dict_keys(['example_short_circuit_operator']) retrieved from /home/airflow/.local/lib/python3.7/site-packages/airflow/example_dags/example_short_circuit_operator.py
[2023-01-15T14:09:38.431+0000] {logging_mixin.py:117} INFO - [2023-01-15T14:09:38.431+0000] {dag.py:2573} INFO - Sync 1 DAGs
[2023-01-15T14:09:38.446+0000] {logging_mixin.py:117} INFO - [2023-01-15T14:09:38.446+0000] {dag.py:3328} INFO - Setting next_dagrun for example_short_circuit_operator to 2023-01-14T14:09:38.446445+00:00, run_after=2023-01-15T14:09:38.446445+00:00
[2023-01-15T14:09:38.457+0000] {processor.py:178} INFO - Processing /home/airflow/.local/lib/python3.7/site-packages/airflow/example_dags/example_short_circuit_operator.py took 0.072 seconds
[2023-01-15T14:59:13.326+0000] {processor.py:156} INFO - Started process (PID=25886) to work on /home/airflow/.local/lib/python3.7/site-packages/airflow/example_dags/example_short_circuit_operator.py
[2023-01-15T14:59:13.328+0000] {processor.py:758} INFO - Processing file /home/airflow/.local/lib/python3.7/site-packages/airflow/example_dags/example_short_circuit_operator.py for tasks to queue
[2023-01-15T14:59:13.330+0000] {logging_mixin.py:117} INFO - [2023-01-15T14:59:13.330+0000] {dagbag.py:525} INFO - Filling up the DagBag from /home/airflow/.local/lib/python3.7/site-packages/airflow/example_dags/example_short_circuit_operator.py
[2023-01-15T14:59:13.353+0000] {processor.py:768} INFO - DAG(s) dict_keys(['example_short_circuit_operator']) retrieved from /home/airflow/.local/lib/python3.7/site-packages/airflow/example_dags/example_short_circuit_operator.py
[2023-01-15T14:59:13.441+0000] {logging_mixin.py:117} INFO - [2023-01-15T14:59:13.441+0000] {dag.py:2573} INFO - Sync 1 DAGs
[2023-01-15T14:59:13.468+0000] {logging_mixin.py:117} INFO - [2023-01-15T14:59:13.468+0000] {dag.py:3328} INFO - Setting next_dagrun for example_short_circuit_operator to 2023-01-14T14:59:13.467997+00:00, run_after=2023-01-15T14:59:13.467997+00:00
[2023-01-15T14:59:13.490+0000] {processor.py:178} INFO - Processing /home/airflow/.local/lib/python3.7/site-packages/airflow/example_dags/example_short_circuit_operator.py took 0.166 seconds
[2023-01-15T16:21:35.499+0000] {processor.py:156} INFO - Started process (PID=25940) to work on /home/airflow/.local/lib/python3.7/site-packages/airflow/example_dags/example_short_circuit_operator.py
[2023-01-15T16:21:35.504+0000] {processor.py:758} INFO - Processing file /home/airflow/.local/lib/python3.7/site-packages/airflow/example_dags/example_short_circuit_operator.py for tasks to queue
[2023-01-15T16:21:35.505+0000] {logging_mixin.py:117} INFO - [2023-01-15T16:21:35.505+0000] {dagbag.py:525} INFO - Filling up the DagBag from /home/airflow/.local/lib/python3.7/site-packages/airflow/example_dags/example_short_circuit_operator.py
[2023-01-15T16:21:35.528+0000] {processor.py:768} INFO - DAG(s) dict_keys(['example_short_circuit_operator']) retrieved from /home/airflow/.local/lib/python3.7/site-packages/airflow/example_dags/example_short_circuit_operator.py
[2023-01-15T16:21:35.584+0000] {logging_mixin.py:117} INFO - [2023-01-15T16:21:35.584+0000] {dag.py:2573} INFO - Sync 1 DAGs
[2023-01-15T16:21:35.606+0000] {logging_mixin.py:117} INFO - [2023-01-15T16:21:35.606+0000] {dag.py:3328} INFO - Setting next_dagrun for example_short_circuit_operator to 2023-01-14T16:21:35.606537+00:00, run_after=2023-01-15T16:21:35.606537+00:00
[2023-01-15T16:21:35.619+0000] {processor.py:178} INFO - Processing /home/airflow/.local/lib/python3.7/site-packages/airflow/example_dags/example_short_circuit_operator.py took 0.128 seconds
[2023-01-15T17:27:03.388+0000] {processor.py:156} INFO - Started process (PID=26003) to work on /home/airflow/.local/lib/python3.7/site-packages/airflow/example_dags/example_short_circuit_operator.py
[2023-01-15T17:27:03.390+0000] {processor.py:758} INFO - Processing file /home/airflow/.local/lib/python3.7/site-packages/airflow/example_dags/example_short_circuit_operator.py for tasks to queue
[2023-01-15T17:27:03.391+0000] {logging_mixin.py:117} INFO - [2023-01-15T17:27:03.391+0000] {dagbag.py:525} INFO - Filling up the DagBag from /home/airflow/.local/lib/python3.7/site-packages/airflow/example_dags/example_short_circuit_operator.py
[2023-01-15T17:27:03.430+0000] {processor.py:768} INFO - DAG(s) dict_keys(['example_short_circuit_operator']) retrieved from /home/airflow/.local/lib/python3.7/site-packages/airflow/example_dags/example_short_circuit_operator.py
[2023-01-15T17:27:03.489+0000] {logging_mixin.py:117} INFO - [2023-01-15T17:27:03.489+0000] {dag.py:2573} INFO - Sync 1 DAGs
[2023-01-15T17:27:03.531+0000] {logging_mixin.py:117} INFO - [2023-01-15T17:27:03.531+0000] {dag.py:3328} INFO - Setting next_dagrun for example_short_circuit_operator to 2023-01-14T17:27:03.531037+00:00, run_after=2023-01-15T17:27:03.531037+00:00
[2023-01-15T17:27:03.571+0000] {processor.py:178} INFO - Processing /home/airflow/.local/lib/python3.7/site-packages/airflow/example_dags/example_short_circuit_operator.py took 0.186 seconds
[2023-01-15T18:23:36.183+0000] {processor.py:156} INFO - Started process (PID=26066) to work on /home/airflow/.local/lib/python3.7/site-packages/airflow/example_dags/example_short_circuit_operator.py
[2023-01-15T18:23:36.186+0000] {processor.py:758} INFO - Processing file /home/airflow/.local/lib/python3.7/site-packages/airflow/example_dags/example_short_circuit_operator.py for tasks to queue
[2023-01-15T18:23:36.188+0000] {logging_mixin.py:117} INFO - [2023-01-15T18:23:36.187+0000] {dagbag.py:525} INFO - Filling up the DagBag from /home/airflow/.local/lib/python3.7/site-packages/airflow/example_dags/example_short_circuit_operator.py
[2023-01-15T18:23:36.216+0000] {processor.py:768} INFO - DAG(s) dict_keys(['example_short_circuit_operator']) retrieved from /home/airflow/.local/lib/python3.7/site-packages/airflow/example_dags/example_short_circuit_operator.py
[2023-01-15T18:23:36.270+0000] {logging_mixin.py:117} INFO - [2023-01-15T18:23:36.270+0000] {dag.py:2573} INFO - Sync 1 DAGs
[2023-01-15T18:23:36.317+0000] {logging_mixin.py:117} INFO - [2023-01-15T18:23:36.317+0000] {dag.py:3328} INFO - Setting next_dagrun for example_short_circuit_operator to 2023-01-14T18:23:36.316544+00:00, run_after=2023-01-15T18:23:36.316544+00:00
[2023-01-15T18:23:36.340+0000] {processor.py:178} INFO - Processing /home/airflow/.local/lib/python3.7/site-packages/airflow/example_dags/example_short_circuit_operator.py took 0.162 seconds
[2023-01-15T19:46:53.985+0000] {processor.py:156} INFO - Started process (PID=26120) to work on /home/airflow/.local/lib/python3.7/site-packages/airflow/example_dags/example_short_circuit_operator.py
[2023-01-15T19:46:53.989+0000] {processor.py:758} INFO - Processing file /home/airflow/.local/lib/python3.7/site-packages/airflow/example_dags/example_short_circuit_operator.py for tasks to queue
[2023-01-15T19:46:53.990+0000] {logging_mixin.py:117} INFO - [2023-01-15T19:46:53.990+0000] {dagbag.py:525} INFO - Filling up the DagBag from /home/airflow/.local/lib/python3.7/site-packages/airflow/example_dags/example_short_circuit_operator.py
[2023-01-15T19:46:54.017+0000] {processor.py:768} INFO - DAG(s) dict_keys(['example_short_circuit_operator']) retrieved from /home/airflow/.local/lib/python3.7/site-packages/airflow/example_dags/example_short_circuit_operator.py
[2023-01-15T19:46:54.089+0000] {logging_mixin.py:117} INFO - [2023-01-15T19:46:54.089+0000] {dag.py:2573} INFO - Sync 1 DAGs
[2023-01-15T19:46:54.120+0000] {logging_mixin.py:117} INFO - [2023-01-15T19:46:54.120+0000] {dag.py:3328} INFO - Setting next_dagrun for example_short_circuit_operator to 2023-01-14T19:46:54.120075+00:00, run_after=2023-01-15T19:46:54.120075+00:00
[2023-01-15T19:46:54.166+0000] {processor.py:178} INFO - Processing /home/airflow/.local/lib/python3.7/site-packages/airflow/example_dags/example_short_circuit_operator.py took 0.186 seconds
[2023-01-15T20:53:28.570+0000] {processor.py:156} INFO - Started process (PID=26182) to work on /home/airflow/.local/lib/python3.7/site-packages/airflow/example_dags/example_short_circuit_operator.py
[2023-01-15T20:53:28.585+0000] {processor.py:758} INFO - Processing file /home/airflow/.local/lib/python3.7/site-packages/airflow/example_dags/example_short_circuit_operator.py for tasks to queue
[2023-01-15T20:53:28.624+0000] {logging_mixin.py:117} INFO - [2023-01-15T20:53:28.623+0000] {dagbag.py:525} INFO - Filling up the DagBag from /home/airflow/.local/lib/python3.7/site-packages/airflow/example_dags/example_short_circuit_operator.py
[2023-01-15T20:53:28.780+0000] {processor.py:768} INFO - DAG(s) dict_keys(['example_short_circuit_operator']) retrieved from /home/airflow/.local/lib/python3.7/site-packages/airflow/example_dags/example_short_circuit_operator.py
[2023-01-15T20:53:28.889+0000] {logging_mixin.py:117} INFO - [2023-01-15T20:53:28.888+0000] {dag.py:2573} INFO - Sync 1 DAGs
[2023-01-15T20:53:28.939+0000] {logging_mixin.py:117} INFO - [2023-01-15T20:53:28.939+0000] {dag.py:3328} INFO - Setting next_dagrun for example_short_circuit_operator to 2023-01-14T20:53:28.938919+00:00, run_after=2023-01-15T20:53:28.938919+00:00
[2023-01-15T20:53:28.976+0000] {processor.py:178} INFO - Processing /home/airflow/.local/lib/python3.7/site-packages/airflow/example_dags/example_short_circuit_operator.py took 0.420 seconds
[2023-01-15T21:52:32.641+0000] {processor.py:156} INFO - Started process (PID=26245) to work on /home/airflow/.local/lib/python3.7/site-packages/airflow/example_dags/example_short_circuit_operator.py
[2023-01-15T21:52:32.642+0000] {processor.py:758} INFO - Processing file /home/airflow/.local/lib/python3.7/site-packages/airflow/example_dags/example_short_circuit_operator.py for tasks to queue
[2023-01-15T21:52:32.644+0000] {logging_mixin.py:117} INFO - [2023-01-15T21:52:32.644+0000] {dagbag.py:525} INFO - Filling up the DagBag from /home/airflow/.local/lib/python3.7/site-packages/airflow/example_dags/example_short_circuit_operator.py
[2023-01-15T21:52:32.660+0000] {processor.py:768} INFO - DAG(s) dict_keys(['example_short_circuit_operator']) retrieved from /home/airflow/.local/lib/python3.7/site-packages/airflow/example_dags/example_short_circuit_operator.py
[2023-01-15T21:52:32.752+0000] {logging_mixin.py:117} INFO - [2023-01-15T21:52:32.752+0000] {dag.py:2573} INFO - Sync 1 DAGs
[2023-01-15T21:52:32.779+0000] {logging_mixin.py:117} INFO - [2023-01-15T21:52:32.778+0000] {dag.py:3328} INFO - Setting next_dagrun for example_short_circuit_operator to 2023-01-14T21:52:32.778754+00:00, run_after=2023-01-15T21:52:32.778754+00:00
[2023-01-15T21:52:32.795+0000] {processor.py:178} INFO - Processing /home/airflow/.local/lib/python3.7/site-packages/airflow/example_dags/example_short_circuit_operator.py took 0.159 seconds
[2023-01-15T23:15:50.268+0000] {processor.py:156} INFO - Started process (PID=26308) to work on /home/airflow/.local/lib/python3.7/site-packages/airflow/example_dags/example_short_circuit_operator.py
[2023-01-15T23:15:50.275+0000] {processor.py:758} INFO - Processing file /home/airflow/.local/lib/python3.7/site-packages/airflow/example_dags/example_short_circuit_operator.py for tasks to queue
[2023-01-15T23:15:50.276+0000] {logging_mixin.py:117} INFO - [2023-01-15T23:15:50.275+0000] {dagbag.py:525} INFO - Filling up the DagBag from /home/airflow/.local/lib/python3.7/site-packages/airflow/example_dags/example_short_circuit_operator.py
[2023-01-15T23:15:50.302+0000] {processor.py:768} INFO - DAG(s) dict_keys(['example_short_circuit_operator']) retrieved from /home/airflow/.local/lib/python3.7/site-packages/airflow/example_dags/example_short_circuit_operator.py
[2023-01-15T23:15:50.380+0000] {logging_mixin.py:117} INFO - [2023-01-15T23:15:50.380+0000] {dag.py:2573} INFO - Sync 1 DAGs
[2023-01-15T23:15:50.407+0000] {logging_mixin.py:117} INFO - [2023-01-15T23:15:50.407+0000] {dag.py:3328} INFO - Setting next_dagrun for example_short_circuit_operator to 2023-01-14T23:15:50.406884+00:00, run_after=2023-01-15T23:15:50.406884+00:00
[2023-01-15T23:15:50.426+0000] {processor.py:178} INFO - Processing /home/airflow/.local/lib/python3.7/site-packages/airflow/example_dags/example_short_circuit_operator.py took 0.163 seconds
