[2023-01-15T00:39:00.592+0000] {processor.py:156} INFO - Started process (PID=24121) to work on /home/airflow/.local/lib/python3.7/site-packages/airflow/example_dags/example_kubernetes_executor.py
[2023-01-15T00:39:00.594+0000] {processor.py:758} INFO - Processing file /home/airflow/.local/lib/python3.7/site-packages/airflow/example_dags/example_kubernetes_executor.py for tasks to queue
[2023-01-15T00:39:00.598+0000] {logging_mixin.py:117} INFO - [2023-01-15T00:39:00.597+0000] {dagbag.py:525} INFO - Filling up the DagBag from /home/airflow/.local/lib/python3.7/site-packages/airflow/example_dags/example_kubernetes_executor.py
[2023-01-15T00:39:00.681+0000] {processor.py:768} INFO - DAG(s) dict_keys(['example_kubernetes_executor']) retrieved from /home/airflow/.local/lib/python3.7/site-packages/airflow/example_dags/example_kubernetes_executor.py
[2023-01-15T00:39:00.742+0000] {logging_mixin.py:117} INFO - [2023-01-15T00:39:00.742+0000] {dag.py:2573} INFO - Sync 1 DAGs
[2023-01-15T00:39:00.784+0000] {logging_mixin.py:117} INFO - [2023-01-15T00:39:00.784+0000] {dag.py:3328} INFO - Setting next_dagrun for example_kubernetes_executor to None, run_after=None
[2023-01-15T00:39:00.813+0000] {processor.py:178} INFO - Processing /home/airflow/.local/lib/python3.7/site-packages/airflow/example_dags/example_kubernetes_executor.py took 0.237 seconds
[2023-01-15T01:44:18.302+0000] {processor.py:156} INFO - Started process (PID=24184) to work on /home/airflow/.local/lib/python3.7/site-packages/airflow/example_dags/example_kubernetes_executor.py
[2023-01-15T01:44:18.304+0000] {processor.py:758} INFO - Processing file /home/airflow/.local/lib/python3.7/site-packages/airflow/example_dags/example_kubernetes_executor.py for tasks to queue
[2023-01-15T01:44:18.305+0000] {logging_mixin.py:117} INFO - [2023-01-15T01:44:18.305+0000] {dagbag.py:525} INFO - Filling up the DagBag from /home/airflow/.local/lib/python3.7/site-packages/airflow/example_dags/example_kubernetes_executor.py
[2023-01-15T01:44:18.329+0000] {processor.py:768} INFO - DAG(s) dict_keys(['example_kubernetes_executor']) retrieved from /home/airflow/.local/lib/python3.7/site-packages/airflow/example_dags/example_kubernetes_executor.py
[2023-01-15T01:44:18.358+0000] {logging_mixin.py:117} INFO - [2023-01-15T01:44:18.358+0000] {dag.py:2573} INFO - Sync 1 DAGs
[2023-01-15T01:44:18.377+0000] {logging_mixin.py:117} INFO - [2023-01-15T01:44:18.376+0000] {dag.py:3328} INFO - Setting next_dagrun for example_kubernetes_executor to None, run_after=None
[2023-01-15T01:44:18.414+0000] {processor.py:178} INFO - Processing /home/airflow/.local/lib/python3.7/site-packages/airflow/example_dags/example_kubernetes_executor.py took 0.115 seconds
[2023-01-15T02:15:46.952+0000] {processor.py:156} INFO - Started process (PID=24247) to work on /home/airflow/.local/lib/python3.7/site-packages/airflow/example_dags/example_kubernetes_executor.py
[2023-01-15T02:15:46.954+0000] {processor.py:758} INFO - Processing file /home/airflow/.local/lib/python3.7/site-packages/airflow/example_dags/example_kubernetes_executor.py for tasks to queue
[2023-01-15T02:15:46.955+0000] {logging_mixin.py:117} INFO - [2023-01-15T02:15:46.955+0000] {dagbag.py:525} INFO - Filling up the DagBag from /home/airflow/.local/lib/python3.7/site-packages/airflow/example_dags/example_kubernetes_executor.py
[2023-01-15T02:15:46.976+0000] {processor.py:768} INFO - DAG(s) dict_keys(['example_kubernetes_executor']) retrieved from /home/airflow/.local/lib/python3.7/site-packages/airflow/example_dags/example_kubernetes_executor.py
[2023-01-15T02:15:47.005+0000] {logging_mixin.py:117} INFO - [2023-01-15T02:15:47.005+0000] {dag.py:2573} INFO - Sync 1 DAGs
[2023-01-15T02:15:47.021+0000] {logging_mixin.py:117} INFO - [2023-01-15T02:15:47.020+0000] {dag.py:3328} INFO - Setting next_dagrun for example_kubernetes_executor to None, run_after=None
[2023-01-15T02:15:47.033+0000] {processor.py:178} INFO - Processing /home/airflow/.local/lib/python3.7/site-packages/airflow/example_dags/example_kubernetes_executor.py took 0.083 seconds
[2023-01-15T02:16:17.531+0000] {processor.py:156} INFO - Started process (PID=24301) to work on /home/airflow/.local/lib/python3.7/site-packages/airflow/example_dags/example_kubernetes_executor.py
[2023-01-15T02:16:17.533+0000] {processor.py:758} INFO - Processing file /home/airflow/.local/lib/python3.7/site-packages/airflow/example_dags/example_kubernetes_executor.py for tasks to queue
[2023-01-15T02:16:17.533+0000] {logging_mixin.py:117} INFO - [2023-01-15T02:16:17.533+0000] {dagbag.py:525} INFO - Filling up the DagBag from /home/airflow/.local/lib/python3.7/site-packages/airflow/example_dags/example_kubernetes_executor.py
[2023-01-15T02:16:17.552+0000] {processor.py:768} INFO - DAG(s) dict_keys(['example_kubernetes_executor']) retrieved from /home/airflow/.local/lib/python3.7/site-packages/airflow/example_dags/example_kubernetes_executor.py
[2023-01-15T02:16:17.579+0000] {logging_mixin.py:117} INFO - [2023-01-15T02:16:17.579+0000] {dag.py:2573} INFO - Sync 1 DAGs
[2023-01-15T02:16:17.592+0000] {logging_mixin.py:117} INFO - [2023-01-15T02:16:17.592+0000] {dag.py:3328} INFO - Setting next_dagrun for example_kubernetes_executor to None, run_after=None
[2023-01-15T02:16:17.603+0000] {processor.py:178} INFO - Processing /home/airflow/.local/lib/python3.7/site-packages/airflow/example_dags/example_kubernetes_executor.py took 0.075 seconds
[2023-01-15T02:49:44.834+0000] {processor.py:156} INFO - Started process (PID=24364) to work on /home/airflow/.local/lib/python3.7/site-packages/airflow/example_dags/example_kubernetes_executor.py
[2023-01-15T02:49:44.836+0000] {processor.py:758} INFO - Processing file /home/airflow/.local/lib/python3.7/site-packages/airflow/example_dags/example_kubernetes_executor.py for tasks to queue
[2023-01-15T02:49:44.837+0000] {logging_mixin.py:117} INFO - [2023-01-15T02:49:44.837+0000] {dagbag.py:525} INFO - Filling up the DagBag from /home/airflow/.local/lib/python3.7/site-packages/airflow/example_dags/example_kubernetes_executor.py
[2023-01-15T02:49:44.862+0000] {processor.py:768} INFO - DAG(s) dict_keys(['example_kubernetes_executor']) retrieved from /home/airflow/.local/lib/python3.7/site-packages/airflow/example_dags/example_kubernetes_executor.py
[2023-01-15T02:49:44.904+0000] {logging_mixin.py:117} INFO - [2023-01-15T02:49:44.904+0000] {dag.py:2573} INFO - Sync 1 DAGs
[2023-01-15T02:49:44.934+0000] {logging_mixin.py:117} INFO - [2023-01-15T02:49:44.934+0000] {dag.py:3328} INFO - Setting next_dagrun for example_kubernetes_executor to None, run_after=None
[2023-01-15T02:49:44.971+0000] {processor.py:178} INFO - Processing /home/airflow/.local/lib/python3.7/site-packages/airflow/example_dags/example_kubernetes_executor.py took 0.139 seconds
[2023-01-15T04:11:02.896+0000] {processor.py:156} INFO - Started process (PID=24427) to work on /home/airflow/.local/lib/python3.7/site-packages/airflow/example_dags/example_kubernetes_executor.py
[2023-01-15T04:11:02.900+0000] {processor.py:758} INFO - Processing file /home/airflow/.local/lib/python3.7/site-packages/airflow/example_dags/example_kubernetes_executor.py for tasks to queue
[2023-01-15T04:11:02.902+0000] {logging_mixin.py:117} INFO - [2023-01-15T04:11:02.901+0000] {dagbag.py:525} INFO - Filling up the DagBag from /home/airflow/.local/lib/python3.7/site-packages/airflow/example_dags/example_kubernetes_executor.py
[2023-01-15T04:11:02.936+0000] {processor.py:768} INFO - DAG(s) dict_keys(['example_kubernetes_executor']) retrieved from /home/airflow/.local/lib/python3.7/site-packages/airflow/example_dags/example_kubernetes_executor.py
[2023-01-15T04:11:02.988+0000] {logging_mixin.py:117} INFO - [2023-01-15T04:11:02.988+0000] {dag.py:2573} INFO - Sync 1 DAGs
[2023-01-15T04:11:03.011+0000] {logging_mixin.py:117} INFO - [2023-01-15T04:11:03.011+0000] {dag.py:3328} INFO - Setting next_dagrun for example_kubernetes_executor to None, run_after=None
[2023-01-15T04:11:03.030+0000] {processor.py:178} INFO - Processing /home/airflow/.local/lib/python3.7/site-packages/airflow/example_dags/example_kubernetes_executor.py took 0.136 seconds
[2023-01-15T05:08:52.155+0000] {processor.py:156} INFO - Started process (PID=24491) to work on /home/airflow/.local/lib/python3.7/site-packages/airflow/example_dags/example_kubernetes_executor.py
[2023-01-15T05:08:52.159+0000] {processor.py:758} INFO - Processing file /home/airflow/.local/lib/python3.7/site-packages/airflow/example_dags/example_kubernetes_executor.py for tasks to queue
[2023-01-15T05:08:52.160+0000] {logging_mixin.py:117} INFO - [2023-01-15T05:08:52.160+0000] {dagbag.py:525} INFO - Filling up the DagBag from /home/airflow/.local/lib/python3.7/site-packages/airflow/example_dags/example_kubernetes_executor.py
[2023-01-15T05:08:52.193+0000] {processor.py:768} INFO - DAG(s) dict_keys(['example_kubernetes_executor']) retrieved from /home/airflow/.local/lib/python3.7/site-packages/airflow/example_dags/example_kubernetes_executor.py
[2023-01-15T05:08:52.256+0000] {logging_mixin.py:117} INFO - [2023-01-15T05:08:52.256+0000] {dag.py:2573} INFO - Sync 1 DAGs
[2023-01-15T05:08:52.297+0000] {logging_mixin.py:117} INFO - [2023-01-15T05:08:52.297+0000] {dag.py:3328} INFO - Setting next_dagrun for example_kubernetes_executor to None, run_after=None
[2023-01-15T05:08:52.370+0000] {processor.py:178} INFO - Processing /home/airflow/.local/lib/python3.7/site-packages/airflow/example_dags/example_kubernetes_executor.py took 0.218 seconds
[2023-01-15T06:14:19.914+0000] {processor.py:156} INFO - Started process (PID=24554) to work on /home/airflow/.local/lib/python3.7/site-packages/airflow/example_dags/example_kubernetes_executor.py
[2023-01-15T06:14:19.915+0000] {processor.py:758} INFO - Processing file /home/airflow/.local/lib/python3.7/site-packages/airflow/example_dags/example_kubernetes_executor.py for tasks to queue
[2023-01-15T06:14:19.916+0000] {logging_mixin.py:117} INFO - [2023-01-15T06:14:19.916+0000] {dagbag.py:525} INFO - Filling up the DagBag from /home/airflow/.local/lib/python3.7/site-packages/airflow/example_dags/example_kubernetes_executor.py
[2023-01-15T06:14:19.960+0000] {processor.py:768} INFO - DAG(s) dict_keys(['example_kubernetes_executor']) retrieved from /home/airflow/.local/lib/python3.7/site-packages/airflow/example_dags/example_kubernetes_executor.py
[2023-01-15T06:14:19.995+0000] {logging_mixin.py:117} INFO - [2023-01-15T06:14:19.995+0000] {dag.py:2573} INFO - Sync 1 DAGs
[2023-01-15T06:14:20.011+0000] {logging_mixin.py:117} INFO - [2023-01-15T06:14:20.011+0000] {dag.py:3328} INFO - Setting next_dagrun for example_kubernetes_executor to None, run_after=None
[2023-01-15T06:14:20.026+0000] {processor.py:178} INFO - Processing /home/airflow/.local/lib/python3.7/site-packages/airflow/example_dags/example_kubernetes_executor.py took 0.126 seconds
[2023-01-15T06:57:25.715+0000] {processor.py:156} INFO - Started process (PID=24608) to work on /home/airflow/.local/lib/python3.7/site-packages/airflow/example_dags/example_kubernetes_executor.py
[2023-01-15T06:57:25.719+0000] {processor.py:758} INFO - Processing file /home/airflow/.local/lib/python3.7/site-packages/airflow/example_dags/example_kubernetes_executor.py for tasks to queue
[2023-01-15T06:57:25.719+0000] {logging_mixin.py:117} INFO - [2023-01-15T06:57:25.719+0000] {dagbag.py:525} INFO - Filling up the DagBag from /home/airflow/.local/lib/python3.7/site-packages/airflow/example_dags/example_kubernetes_executor.py
[2023-01-15T06:57:25.755+0000] {processor.py:768} INFO - DAG(s) dict_keys(['example_kubernetes_executor']) retrieved from /home/airflow/.local/lib/python3.7/site-packages/airflow/example_dags/example_kubernetes_executor.py
[2023-01-15T06:57:25.804+0000] {logging_mixin.py:117} INFO - [2023-01-15T06:57:25.804+0000] {dag.py:2573} INFO - Sync 1 DAGs
[2023-01-15T06:57:25.829+0000] {logging_mixin.py:117} INFO - [2023-01-15T06:57:25.829+0000] {dag.py:3328} INFO - Setting next_dagrun for example_kubernetes_executor to None, run_after=None
[2023-01-15T06:57:25.841+0000] {processor.py:178} INFO - Processing /home/airflow/.local/lib/python3.7/site-packages/airflow/example_dags/example_kubernetes_executor.py took 0.129 seconds
[2023-01-15T08:03:17.611+0000] {processor.py:156} INFO - Started process (PID=24671) to work on /home/airflow/.local/lib/python3.7/site-packages/airflow/example_dags/example_kubernetes_executor.py
[2023-01-15T08:03:17.613+0000] {processor.py:758} INFO - Processing file /home/airflow/.local/lib/python3.7/site-packages/airflow/example_dags/example_kubernetes_executor.py for tasks to queue
[2023-01-15T08:03:17.614+0000] {logging_mixin.py:117} INFO - [2023-01-15T08:03:17.614+0000] {dagbag.py:525} INFO - Filling up the DagBag from /home/airflow/.local/lib/python3.7/site-packages/airflow/example_dags/example_kubernetes_executor.py
[2023-01-15T08:03:17.645+0000] {processor.py:768} INFO - DAG(s) dict_keys(['example_kubernetes_executor']) retrieved from /home/airflow/.local/lib/python3.7/site-packages/airflow/example_dags/example_kubernetes_executor.py
[2023-01-15T08:03:17.696+0000] {logging_mixin.py:117} INFO - [2023-01-15T08:03:17.696+0000] {dag.py:2573} INFO - Sync 1 DAGs
[2023-01-15T08:03:17.729+0000] {logging_mixin.py:117} INFO - [2023-01-15T08:03:17.729+0000] {dag.py:3328} INFO - Setting next_dagrun for example_kubernetes_executor to None, run_after=None
[2023-01-15T08:03:17.751+0000] {processor.py:178} INFO - Processing /home/airflow/.local/lib/python3.7/site-packages/airflow/example_dags/example_kubernetes_executor.py took 0.142 seconds
[2023-01-15T09:11:07.430+0000] {processor.py:156} INFO - Started process (PID=24735) to work on /home/airflow/.local/lib/python3.7/site-packages/airflow/example_dags/example_kubernetes_executor.py
[2023-01-15T09:11:07.432+0000] {processor.py:758} INFO - Processing file /home/airflow/.local/lib/python3.7/site-packages/airflow/example_dags/example_kubernetes_executor.py for tasks to queue
[2023-01-15T09:11:07.434+0000] {logging_mixin.py:117} INFO - [2023-01-15T09:11:07.433+0000] {dagbag.py:525} INFO - Filling up the DagBag from /home/airflow/.local/lib/python3.7/site-packages/airflow/example_dags/example_kubernetes_executor.py
[2023-01-15T09:11:07.474+0000] {processor.py:768} INFO - DAG(s) dict_keys(['example_kubernetes_executor']) retrieved from /home/airflow/.local/lib/python3.7/site-packages/airflow/example_dags/example_kubernetes_executor.py
[2023-01-15T09:11:07.532+0000] {logging_mixin.py:117} INFO - [2023-01-15T09:11:07.531+0000] {dag.py:2573} INFO - Sync 1 DAGs
[2023-01-15T09:11:07.557+0000] {logging_mixin.py:117} INFO - [2023-01-15T09:11:07.557+0000] {dag.py:3328} INFO - Setting next_dagrun for example_kubernetes_executor to None, run_after=None
[2023-01-15T09:11:07.582+0000] {processor.py:178} INFO - Processing /home/airflow/.local/lib/python3.7/site-packages/airflow/example_dags/example_kubernetes_executor.py took 0.156 seconds
[2023-01-15T09:32:54.528+0000] {processor.py:156} INFO - Started process (PID=24796) to work on /home/airflow/.local/lib/python3.7/site-packages/airflow/example_dags/example_kubernetes_executor.py
[2023-01-15T09:32:54.531+0000] {processor.py:758} INFO - Processing file /home/airflow/.local/lib/python3.7/site-packages/airflow/example_dags/example_kubernetes_executor.py for tasks to queue
[2023-01-15T09:32:54.532+0000] {logging_mixin.py:117} INFO - [2023-01-15T09:32:54.532+0000] {dagbag.py:525} INFO - Filling up the DagBag from /home/airflow/.local/lib/python3.7/site-packages/airflow/example_dags/example_kubernetes_executor.py
[2023-01-15T09:32:54.575+0000] {processor.py:768} INFO - DAG(s) dict_keys(['example_kubernetes_executor']) retrieved from /home/airflow/.local/lib/python3.7/site-packages/airflow/example_dags/example_kubernetes_executor.py
[2023-01-15T09:32:54.632+0000] {logging_mixin.py:117} INFO - [2023-01-15T09:32:54.631+0000] {dag.py:2573} INFO - Sync 1 DAGs
[2023-01-15T09:32:54.660+0000] {logging_mixin.py:117} INFO - [2023-01-15T09:32:54.659+0000] {dag.py:3328} INFO - Setting next_dagrun for example_kubernetes_executor to None, run_after=None
[2023-01-15T09:32:54.688+0000] {processor.py:178} INFO - Processing /home/airflow/.local/lib/python3.7/site-packages/airflow/example_dags/example_kubernetes_executor.py took 0.163 seconds
[2023-01-15T09:33:55.962+0000] {processor.py:156} INFO - Started process (PID=24852) to work on /home/airflow/.local/lib/python3.7/site-packages/airflow/example_dags/example_kubernetes_executor.py
[2023-01-15T09:33:55.965+0000] {processor.py:758} INFO - Processing file /home/airflow/.local/lib/python3.7/site-packages/airflow/example_dags/example_kubernetes_executor.py for tasks to queue
[2023-01-15T09:33:55.965+0000] {logging_mixin.py:117} INFO - [2023-01-15T09:33:55.965+0000] {dagbag.py:525} INFO - Filling up the DagBag from /home/airflow/.local/lib/python3.7/site-packages/airflow/example_dags/example_kubernetes_executor.py
[2023-01-15T09:33:55.988+0000] {processor.py:768} INFO - DAG(s) dict_keys(['example_kubernetes_executor']) retrieved from /home/airflow/.local/lib/python3.7/site-packages/airflow/example_dags/example_kubernetes_executor.py
[2023-01-15T09:33:56.018+0000] {logging_mixin.py:117} INFO - [2023-01-15T09:33:56.018+0000] {dag.py:2573} INFO - Sync 1 DAGs
[2023-01-15T09:33:56.034+0000] {logging_mixin.py:117} INFO - [2023-01-15T09:33:56.034+0000] {dag.py:3328} INFO - Setting next_dagrun for example_kubernetes_executor to None, run_after=None
[2023-01-15T09:33:56.046+0000] {processor.py:178} INFO - Processing /home/airflow/.local/lib/python3.7/site-packages/airflow/example_dags/example_kubernetes_executor.py took 0.088 seconds
[2023-01-15T09:43:30.758+0000] {processor.py:156} INFO - Started process (PID=24915) to work on /home/airflow/.local/lib/python3.7/site-packages/airflow/example_dags/example_kubernetes_executor.py
[2023-01-15T09:43:30.760+0000] {processor.py:758} INFO - Processing file /home/airflow/.local/lib/python3.7/site-packages/airflow/example_dags/example_kubernetes_executor.py for tasks to queue
[2023-01-15T09:43:30.762+0000] {logging_mixin.py:117} INFO - [2023-01-15T09:43:30.762+0000] {dagbag.py:525} INFO - Filling up the DagBag from /home/airflow/.local/lib/python3.7/site-packages/airflow/example_dags/example_kubernetes_executor.py
[2023-01-15T09:43:30.808+0000] {processor.py:768} INFO - DAG(s) dict_keys(['example_kubernetes_executor']) retrieved from /home/airflow/.local/lib/python3.7/site-packages/airflow/example_dags/example_kubernetes_executor.py
[2023-01-15T09:43:30.877+0000] {logging_mixin.py:117} INFO - [2023-01-15T09:43:30.877+0000] {dag.py:2573} INFO - Sync 1 DAGs
[2023-01-15T09:43:30.912+0000] {logging_mixin.py:117} INFO - [2023-01-15T09:43:30.912+0000] {dag.py:3328} INFO - Setting next_dagrun for example_kubernetes_executor to None, run_after=None
[2023-01-15T09:43:30.927+0000] {processor.py:178} INFO - Processing /home/airflow/.local/lib/python3.7/site-packages/airflow/example_dags/example_kubernetes_executor.py took 0.172 seconds
[2023-01-15T11:04:10.273+0000] {processor.py:156} INFO - Started process (PID=24977) to work on /home/airflow/.local/lib/python3.7/site-packages/airflow/example_dags/example_kubernetes_executor.py
[2023-01-15T11:04:10.275+0000] {processor.py:758} INFO - Processing file /home/airflow/.local/lib/python3.7/site-packages/airflow/example_dags/example_kubernetes_executor.py for tasks to queue
[2023-01-15T11:04:10.278+0000] {logging_mixin.py:117} INFO - [2023-01-15T11:04:10.277+0000] {dagbag.py:525} INFO - Filling up the DagBag from /home/airflow/.local/lib/python3.7/site-packages/airflow/example_dags/example_kubernetes_executor.py
[2023-01-15T11:04:10.319+0000] {processor.py:768} INFO - DAG(s) dict_keys(['example_kubernetes_executor']) retrieved from /home/airflow/.local/lib/python3.7/site-packages/airflow/example_dags/example_kubernetes_executor.py
[2023-01-15T11:04:10.368+0000] {logging_mixin.py:117} INFO - [2023-01-15T11:04:10.368+0000] {dag.py:2573} INFO - Sync 1 DAGs
[2023-01-15T11:04:10.405+0000] {logging_mixin.py:117} INFO - [2023-01-15T11:04:10.405+0000] {dag.py:3328} INFO - Setting next_dagrun for example_kubernetes_executor to None, run_after=None
[2023-01-15T11:04:10.429+0000] {processor.py:178} INFO - Processing /home/airflow/.local/lib/python3.7/site-packages/airflow/example_dags/example_kubernetes_executor.py took 0.161 seconds
[2023-01-15T12:04:17.131+0000] {processor.py:156} INFO - Started process (PID=25032) to work on /home/airflow/.local/lib/python3.7/site-packages/airflow/example_dags/example_kubernetes_executor.py
[2023-01-15T12:04:17.237+0000] {processor.py:758} INFO - Processing file /home/airflow/.local/lib/python3.7/site-packages/airflow/example_dags/example_kubernetes_executor.py for tasks to queue
[2023-01-15T12:04:17.238+0000] {logging_mixin.py:117} INFO - [2023-01-15T12:04:17.238+0000] {dagbag.py:525} INFO - Filling up the DagBag from /home/airflow/.local/lib/python3.7/site-packages/airflow/example_dags/example_kubernetes_executor.py
[2023-01-15T12:04:17.264+0000] {processor.py:768} INFO - DAG(s) dict_keys(['example_kubernetes_executor']) retrieved from /home/airflow/.local/lib/python3.7/site-packages/airflow/example_dags/example_kubernetes_executor.py
[2023-01-15T12:04:17.308+0000] {logging_mixin.py:117} INFO - [2023-01-15T12:04:17.308+0000] {dag.py:2573} INFO - Sync 1 DAGs
[2023-01-15T12:04:17.329+0000] {logging_mixin.py:117} INFO - [2023-01-15T12:04:17.328+0000] {dag.py:3328} INFO - Setting next_dagrun for example_kubernetes_executor to None, run_after=None
[2023-01-15T12:04:17.348+0000] {processor.py:178} INFO - Processing /home/airflow/.local/lib/python3.7/site-packages/airflow/example_dags/example_kubernetes_executor.py took 0.343 seconds
[2023-01-15T12:42:38.900+0000] {processor.py:156} INFO - Started process (PID=25095) to work on /home/airflow/.local/lib/python3.7/site-packages/airflow/example_dags/example_kubernetes_executor.py
[2023-01-15T12:42:38.904+0000] {processor.py:758} INFO - Processing file /home/airflow/.local/lib/python3.7/site-packages/airflow/example_dags/example_kubernetes_executor.py for tasks to queue
[2023-01-15T12:42:38.908+0000] {logging_mixin.py:117} INFO - [2023-01-15T12:42:38.908+0000] {dagbag.py:525} INFO - Filling up the DagBag from /home/airflow/.local/lib/python3.7/site-packages/airflow/example_dags/example_kubernetes_executor.py
[2023-01-15T12:42:38.952+0000] {processor.py:768} INFO - DAG(s) dict_keys(['example_kubernetes_executor']) retrieved from /home/airflow/.local/lib/python3.7/site-packages/airflow/example_dags/example_kubernetes_executor.py
[2023-01-15T12:42:39.031+0000] {logging_mixin.py:117} INFO - [2023-01-15T12:42:39.031+0000] {dag.py:2573} INFO - Sync 1 DAGs
[2023-01-15T12:42:39.057+0000] {logging_mixin.py:117} INFO - [2023-01-15T12:42:39.057+0000] {dag.py:3328} INFO - Setting next_dagrun for example_kubernetes_executor to None, run_after=None
[2023-01-15T12:42:39.080+0000] {processor.py:178} INFO - Processing /home/airflow/.local/lib/python3.7/site-packages/airflow/example_dags/example_kubernetes_executor.py took 0.183 seconds
[2023-01-15T13:21:55.789+0000] {processor.py:156} INFO - Started process (PID=25158) to work on /home/airflow/.local/lib/python3.7/site-packages/airflow/example_dags/example_kubernetes_executor.py
[2023-01-15T13:21:55.790+0000] {processor.py:758} INFO - Processing file /home/airflow/.local/lib/python3.7/site-packages/airflow/example_dags/example_kubernetes_executor.py for tasks to queue
[2023-01-15T13:21:55.791+0000] {logging_mixin.py:117} INFO - [2023-01-15T13:21:55.791+0000] {dagbag.py:525} INFO - Filling up the DagBag from /home/airflow/.local/lib/python3.7/site-packages/airflow/example_dags/example_kubernetes_executor.py
[2023-01-15T13:21:55.809+0000] {processor.py:768} INFO - DAG(s) dict_keys(['example_kubernetes_executor']) retrieved from /home/airflow/.local/lib/python3.7/site-packages/airflow/example_dags/example_kubernetes_executor.py
[2023-01-15T13:21:55.838+0000] {logging_mixin.py:117} INFO - [2023-01-15T13:21:55.838+0000] {dag.py:2573} INFO - Sync 1 DAGs
[2023-01-15T13:21:55.853+0000] {logging_mixin.py:117} INFO - [2023-01-15T13:21:55.853+0000] {dag.py:3328} INFO - Setting next_dagrun for example_kubernetes_executor to None, run_after=None
[2023-01-15T13:21:55.863+0000] {processor.py:178} INFO - Processing /home/airflow/.local/lib/python3.7/site-packages/airflow/example_dags/example_kubernetes_executor.py took 0.077 seconds
[2023-01-15T13:38:29.761+0000] {processor.py:156} INFO - Started process (PID=25221) to work on /home/airflow/.local/lib/python3.7/site-packages/airflow/example_dags/example_kubernetes_executor.py
[2023-01-15T13:38:29.765+0000] {processor.py:758} INFO - Processing file /home/airflow/.local/lib/python3.7/site-packages/airflow/example_dags/example_kubernetes_executor.py for tasks to queue
[2023-01-15T13:38:29.766+0000] {logging_mixin.py:117} INFO - [2023-01-15T13:38:29.766+0000] {dagbag.py:525} INFO - Filling up the DagBag from /home/airflow/.local/lib/python3.7/site-packages/airflow/example_dags/example_kubernetes_executor.py
[2023-01-15T13:38:29.789+0000] {processor.py:768} INFO - DAG(s) dict_keys(['example_kubernetes_executor']) retrieved from /home/airflow/.local/lib/python3.7/site-packages/airflow/example_dags/example_kubernetes_executor.py
[2023-01-15T13:38:29.819+0000] {logging_mixin.py:117} INFO - [2023-01-15T13:38:29.819+0000] {dag.py:2573} INFO - Sync 1 DAGs
[2023-01-15T13:38:29.836+0000] {logging_mixin.py:117} INFO - [2023-01-15T13:38:29.836+0000] {dag.py:3328} INFO - Setting next_dagrun for example_kubernetes_executor to None, run_after=None
[2023-01-15T13:38:29.848+0000] {processor.py:178} INFO - Processing /home/airflow/.local/lib/python3.7/site-packages/airflow/example_dags/example_kubernetes_executor.py took 0.090 seconds
[2023-01-15T13:39:00.443+0000] {processor.py:156} INFO - Started process (PID=25284) to work on /home/airflow/.local/lib/python3.7/site-packages/airflow/example_dags/example_kubernetes_executor.py
[2023-01-15T13:39:00.444+0000] {processor.py:758} INFO - Processing file /home/airflow/.local/lib/python3.7/site-packages/airflow/example_dags/example_kubernetes_executor.py for tasks to queue
[2023-01-15T13:39:00.445+0000] {logging_mixin.py:117} INFO - [2023-01-15T13:39:00.445+0000] {dagbag.py:525} INFO - Filling up the DagBag from /home/airflow/.local/lib/python3.7/site-packages/airflow/example_dags/example_kubernetes_executor.py
[2023-01-15T13:39:00.466+0000] {processor.py:768} INFO - DAG(s) dict_keys(['example_kubernetes_executor']) retrieved from /home/airflow/.local/lib/python3.7/site-packages/airflow/example_dags/example_kubernetes_executor.py
[2023-01-15T13:39:00.509+0000] {logging_mixin.py:117} INFO - [2023-01-15T13:39:00.508+0000] {dag.py:2573} INFO - Sync 1 DAGs
[2023-01-15T13:39:00.526+0000] {logging_mixin.py:117} INFO - [2023-01-15T13:39:00.526+0000] {dag.py:3328} INFO - Setting next_dagrun for example_kubernetes_executor to None, run_after=None
[2023-01-15T13:39:00.540+0000] {processor.py:178} INFO - Processing /home/airflow/.local/lib/python3.7/site-packages/airflow/example_dags/example_kubernetes_executor.py took 0.099 seconds
[2023-01-15T13:39:30.738+0000] {processor.py:156} INFO - Started process (PID=25338) to work on /home/airflow/.local/lib/python3.7/site-packages/airflow/example_dags/example_kubernetes_executor.py
[2023-01-15T13:39:30.739+0000] {processor.py:758} INFO - Processing file /home/airflow/.local/lib/python3.7/site-packages/airflow/example_dags/example_kubernetes_executor.py for tasks to queue
[2023-01-15T13:39:30.740+0000] {logging_mixin.py:117} INFO - [2023-01-15T13:39:30.740+0000] {dagbag.py:525} INFO - Filling up the DagBag from /home/airflow/.local/lib/python3.7/site-packages/airflow/example_dags/example_kubernetes_executor.py
[2023-01-15T13:39:30.758+0000] {processor.py:768} INFO - DAG(s) dict_keys(['example_kubernetes_executor']) retrieved from /home/airflow/.local/lib/python3.7/site-packages/airflow/example_dags/example_kubernetes_executor.py
[2023-01-15T13:39:30.787+0000] {logging_mixin.py:117} INFO - [2023-01-15T13:39:30.787+0000] {dag.py:2573} INFO - Sync 1 DAGs
[2023-01-15T13:39:30.802+0000] {logging_mixin.py:117} INFO - [2023-01-15T13:39:30.802+0000] {dag.py:3328} INFO - Setting next_dagrun for example_kubernetes_executor to None, run_after=None
[2023-01-15T13:39:30.812+0000] {processor.py:178} INFO - Processing /home/airflow/.local/lib/python3.7/site-packages/airflow/example_dags/example_kubernetes_executor.py took 0.077 seconds
[2023-01-15T13:40:01.177+0000] {processor.py:156} INFO - Started process (PID=25401) to work on /home/airflow/.local/lib/python3.7/site-packages/airflow/example_dags/example_kubernetes_executor.py
[2023-01-15T13:40:01.179+0000] {processor.py:758} INFO - Processing file /home/airflow/.local/lib/python3.7/site-packages/airflow/example_dags/example_kubernetes_executor.py for tasks to queue
[2023-01-15T13:40:01.180+0000] {logging_mixin.py:117} INFO - [2023-01-15T13:40:01.180+0000] {dagbag.py:525} INFO - Filling up the DagBag from /home/airflow/.local/lib/python3.7/site-packages/airflow/example_dags/example_kubernetes_executor.py
[2023-01-15T13:40:01.200+0000] {processor.py:768} INFO - DAG(s) dict_keys(['example_kubernetes_executor']) retrieved from /home/airflow/.local/lib/python3.7/site-packages/airflow/example_dags/example_kubernetes_executor.py
[2023-01-15T13:40:01.231+0000] {logging_mixin.py:117} INFO - [2023-01-15T13:40:01.231+0000] {dag.py:2573} INFO - Sync 1 DAGs
[2023-01-15T13:40:01.248+0000] {logging_mixin.py:117} INFO - [2023-01-15T13:40:01.247+0000] {dag.py:3328} INFO - Setting next_dagrun for example_kubernetes_executor to None, run_after=None
[2023-01-15T13:40:01.258+0000] {processor.py:178} INFO - Processing /home/airflow/.local/lib/python3.7/site-packages/airflow/example_dags/example_kubernetes_executor.py took 0.083 seconds
[2023-01-15T13:40:31.854+0000] {processor.py:156} INFO - Started process (PID=25464) to work on /home/airflow/.local/lib/python3.7/site-packages/airflow/example_dags/example_kubernetes_executor.py
[2023-01-15T13:40:31.856+0000] {processor.py:758} INFO - Processing file /home/airflow/.local/lib/python3.7/site-packages/airflow/example_dags/example_kubernetes_executor.py for tasks to queue
[2023-01-15T13:40:31.857+0000] {logging_mixin.py:117} INFO - [2023-01-15T13:40:31.857+0000] {dagbag.py:525} INFO - Filling up the DagBag from /home/airflow/.local/lib/python3.7/site-packages/airflow/example_dags/example_kubernetes_executor.py
[2023-01-15T13:40:31.877+0000] {processor.py:768} INFO - DAG(s) dict_keys(['example_kubernetes_executor']) retrieved from /home/airflow/.local/lib/python3.7/site-packages/airflow/example_dags/example_kubernetes_executor.py
[2023-01-15T13:40:31.905+0000] {logging_mixin.py:117} INFO - [2023-01-15T13:40:31.905+0000] {dag.py:2573} INFO - Sync 1 DAGs
[2023-01-15T13:40:31.919+0000] {logging_mixin.py:117} INFO - [2023-01-15T13:40:31.919+0000] {dag.py:3328} INFO - Setting next_dagrun for example_kubernetes_executor to None, run_after=None
[2023-01-15T13:40:31.931+0000] {processor.py:178} INFO - Processing /home/airflow/.local/lib/python3.7/site-packages/airflow/example_dags/example_kubernetes_executor.py took 0.080 seconds
[2023-01-15T13:41:02.108+0000] {processor.py:156} INFO - Started process (PID=25527) to work on /home/airflow/.local/lib/python3.7/site-packages/airflow/example_dags/example_kubernetes_executor.py
[2023-01-15T13:41:02.110+0000] {processor.py:758} INFO - Processing file /home/airflow/.local/lib/python3.7/site-packages/airflow/example_dags/example_kubernetes_executor.py for tasks to queue
[2023-01-15T13:41:02.110+0000] {logging_mixin.py:117} INFO - [2023-01-15T13:41:02.110+0000] {dagbag.py:525} INFO - Filling up the DagBag from /home/airflow/.local/lib/python3.7/site-packages/airflow/example_dags/example_kubernetes_executor.py
[2023-01-15T13:41:02.129+0000] {processor.py:768} INFO - DAG(s) dict_keys(['example_kubernetes_executor']) retrieved from /home/airflow/.local/lib/python3.7/site-packages/airflow/example_dags/example_kubernetes_executor.py
[2023-01-15T13:41:02.157+0000] {logging_mixin.py:117} INFO - [2023-01-15T13:41:02.157+0000] {dag.py:2573} INFO - Sync 1 DAGs
[2023-01-15T13:41:02.174+0000] {logging_mixin.py:117} INFO - [2023-01-15T13:41:02.174+0000] {dag.py:3328} INFO - Setting next_dagrun for example_kubernetes_executor to None, run_after=None
[2023-01-15T13:41:02.185+0000] {processor.py:178} INFO - Processing /home/airflow/.local/lib/python3.7/site-packages/airflow/example_dags/example_kubernetes_executor.py took 0.079 seconds
[2023-01-15T13:41:32.508+0000] {processor.py:156} INFO - Started process (PID=25590) to work on /home/airflow/.local/lib/python3.7/site-packages/airflow/example_dags/example_kubernetes_executor.py
[2023-01-15T13:41:32.509+0000] {processor.py:758} INFO - Processing file /home/airflow/.local/lib/python3.7/site-packages/airflow/example_dags/example_kubernetes_executor.py for tasks to queue
[2023-01-15T13:41:32.510+0000] {logging_mixin.py:117} INFO - [2023-01-15T13:41:32.510+0000] {dagbag.py:525} INFO - Filling up the DagBag from /home/airflow/.local/lib/python3.7/site-packages/airflow/example_dags/example_kubernetes_executor.py
[2023-01-15T13:41:32.533+0000] {processor.py:768} INFO - DAG(s) dict_keys(['example_kubernetes_executor']) retrieved from /home/airflow/.local/lib/python3.7/site-packages/airflow/example_dags/example_kubernetes_executor.py
[2023-01-15T13:41:32.563+0000] {logging_mixin.py:117} INFO - [2023-01-15T13:41:32.563+0000] {dag.py:2573} INFO - Sync 1 DAGs
[2023-01-15T13:41:32.578+0000] {logging_mixin.py:117} INFO - [2023-01-15T13:41:32.578+0000] {dag.py:3328} INFO - Setting next_dagrun for example_kubernetes_executor to None, run_after=None
[2023-01-15T13:41:32.588+0000] {processor.py:178} INFO - Processing /home/airflow/.local/lib/python3.7/site-packages/airflow/example_dags/example_kubernetes_executor.py took 0.084 seconds
[2023-01-15T13:42:02.866+0000] {processor.py:156} INFO - Started process (PID=25654) to work on /home/airflow/.local/lib/python3.7/site-packages/airflow/example_dags/example_kubernetes_executor.py
[2023-01-15T13:42:02.867+0000] {processor.py:758} INFO - Processing file /home/airflow/.local/lib/python3.7/site-packages/airflow/example_dags/example_kubernetes_executor.py for tasks to queue
[2023-01-15T13:42:02.868+0000] {logging_mixin.py:117} INFO - [2023-01-15T13:42:02.868+0000] {dagbag.py:525} INFO - Filling up the DagBag from /home/airflow/.local/lib/python3.7/site-packages/airflow/example_dags/example_kubernetes_executor.py
[2023-01-15T13:42:02.895+0000] {processor.py:768} INFO - DAG(s) dict_keys(['example_kubernetes_executor']) retrieved from /home/airflow/.local/lib/python3.7/site-packages/airflow/example_dags/example_kubernetes_executor.py
[2023-01-15T13:42:02.932+0000] {logging_mixin.py:117} INFO - [2023-01-15T13:42:02.932+0000] {dag.py:2573} INFO - Sync 1 DAGs
[2023-01-15T13:42:02.949+0000] {logging_mixin.py:117} INFO - [2023-01-15T13:42:02.949+0000] {dag.py:3328} INFO - Setting next_dagrun for example_kubernetes_executor to None, run_after=None
[2023-01-15T13:42:02.964+0000] {processor.py:178} INFO - Processing /home/airflow/.local/lib/python3.7/site-packages/airflow/example_dags/example_kubernetes_executor.py took 0.101 seconds
[2023-01-15T13:58:07.644+0000] {processor.py:156} INFO - Started process (PID=25708) to work on /home/airflow/.local/lib/python3.7/site-packages/airflow/example_dags/example_kubernetes_executor.py
[2023-01-15T13:58:07.645+0000] {processor.py:758} INFO - Processing file /home/airflow/.local/lib/python3.7/site-packages/airflow/example_dags/example_kubernetes_executor.py for tasks to queue
[2023-01-15T13:58:07.646+0000] {logging_mixin.py:117} INFO - [2023-01-15T13:58:07.646+0000] {dagbag.py:525} INFO - Filling up the DagBag from /home/airflow/.local/lib/python3.7/site-packages/airflow/example_dags/example_kubernetes_executor.py
[2023-01-15T13:58:07.737+0000] {processor.py:768} INFO - DAG(s) dict_keys(['example_kubernetes_executor']) retrieved from /home/airflow/.local/lib/python3.7/site-packages/airflow/example_dags/example_kubernetes_executor.py
[2023-01-15T13:58:07.851+0000] {logging_mixin.py:117} INFO - [2023-01-15T13:58:07.851+0000] {dag.py:2573} INFO - Sync 1 DAGs
[2023-01-15T13:58:07.889+0000] {logging_mixin.py:117} INFO - [2023-01-15T13:58:07.888+0000] {dag.py:3328} INFO - Setting next_dagrun for example_kubernetes_executor to None, run_after=None
[2023-01-15T13:58:07.918+0000] {processor.py:178} INFO - Processing /home/airflow/.local/lib/python3.7/site-packages/airflow/example_dags/example_kubernetes_executor.py took 0.281 seconds
[2023-01-15T14:09:08.843+0000] {processor.py:156} INFO - Started process (PID=25771) to work on /home/airflow/.local/lib/python3.7/site-packages/airflow/example_dags/example_kubernetes_executor.py
[2023-01-15T14:09:08.847+0000] {processor.py:758} INFO - Processing file /home/airflow/.local/lib/python3.7/site-packages/airflow/example_dags/example_kubernetes_executor.py for tasks to queue
[2023-01-15T14:09:08.848+0000] {logging_mixin.py:117} INFO - [2023-01-15T14:09:08.848+0000] {dagbag.py:525} INFO - Filling up the DagBag from /home/airflow/.local/lib/python3.7/site-packages/airflow/example_dags/example_kubernetes_executor.py
[2023-01-15T14:09:08.878+0000] {processor.py:768} INFO - DAG(s) dict_keys(['example_kubernetes_executor']) retrieved from /home/airflow/.local/lib/python3.7/site-packages/airflow/example_dags/example_kubernetes_executor.py
[2023-01-15T14:09:08.916+0000] {logging_mixin.py:117} INFO - [2023-01-15T14:09:08.916+0000] {dag.py:2573} INFO - Sync 1 DAGs
[2023-01-15T14:09:08.935+0000] {logging_mixin.py:117} INFO - [2023-01-15T14:09:08.934+0000] {dag.py:3328} INFO - Setting next_dagrun for example_kubernetes_executor to None, run_after=None
[2023-01-15T14:09:08.946+0000] {processor.py:178} INFO - Processing /home/airflow/.local/lib/python3.7/site-packages/airflow/example_dags/example_kubernetes_executor.py took 0.106 seconds
[2023-01-15T14:09:39.010+0000] {processor.py:156} INFO - Started process (PID=25834) to work on /home/airflow/.local/lib/python3.7/site-packages/airflow/example_dags/example_kubernetes_executor.py
[2023-01-15T14:09:39.011+0000] {processor.py:758} INFO - Processing file /home/airflow/.local/lib/python3.7/site-packages/airflow/example_dags/example_kubernetes_executor.py for tasks to queue
[2023-01-15T14:09:39.012+0000] {logging_mixin.py:117} INFO - [2023-01-15T14:09:39.012+0000] {dagbag.py:525} INFO - Filling up the DagBag from /home/airflow/.local/lib/python3.7/site-packages/airflow/example_dags/example_kubernetes_executor.py
[2023-01-15T14:09:39.033+0000] {processor.py:768} INFO - DAG(s) dict_keys(['example_kubernetes_executor']) retrieved from /home/airflow/.local/lib/python3.7/site-packages/airflow/example_dags/example_kubernetes_executor.py
[2023-01-15T14:09:39.063+0000] {logging_mixin.py:117} INFO - [2023-01-15T14:09:39.063+0000] {dag.py:2573} INFO - Sync 1 DAGs
[2023-01-15T14:09:39.077+0000] {logging_mixin.py:117} INFO - [2023-01-15T14:09:39.077+0000] {dag.py:3328} INFO - Setting next_dagrun for example_kubernetes_executor to None, run_after=None
[2023-01-15T14:09:39.089+0000] {processor.py:178} INFO - Processing /home/airflow/.local/lib/python3.7/site-packages/airflow/example_dags/example_kubernetes_executor.py took 0.082 seconds
[2023-01-15T14:59:14.883+0000] {processor.py:156} INFO - Started process (PID=25898) to work on /home/airflow/.local/lib/python3.7/site-packages/airflow/example_dags/example_kubernetes_executor.py
[2023-01-15T14:59:14.885+0000] {processor.py:758} INFO - Processing file /home/airflow/.local/lib/python3.7/site-packages/airflow/example_dags/example_kubernetes_executor.py for tasks to queue
[2023-01-15T14:59:14.886+0000] {logging_mixin.py:117} INFO - [2023-01-15T14:59:14.886+0000] {dagbag.py:525} INFO - Filling up the DagBag from /home/airflow/.local/lib/python3.7/site-packages/airflow/example_dags/example_kubernetes_executor.py
[2023-01-15T14:59:14.919+0000] {processor.py:768} INFO - DAG(s) dict_keys(['example_kubernetes_executor']) retrieved from /home/airflow/.local/lib/python3.7/site-packages/airflow/example_dags/example_kubernetes_executor.py
[2023-01-15T14:59:14.956+0000] {logging_mixin.py:117} INFO - [2023-01-15T14:59:14.956+0000] {dag.py:2573} INFO - Sync 1 DAGs
[2023-01-15T14:59:14.975+0000] {logging_mixin.py:117} INFO - [2023-01-15T14:59:14.974+0000] {dag.py:3328} INFO - Setting next_dagrun for example_kubernetes_executor to None, run_after=None
[2023-01-15T14:59:14.990+0000] {processor.py:178} INFO - Processing /home/airflow/.local/lib/python3.7/site-packages/airflow/example_dags/example_kubernetes_executor.py took 0.111 seconds
[2023-01-15T16:21:36.823+0000] {processor.py:156} INFO - Started process (PID=25952) to work on /home/airflow/.local/lib/python3.7/site-packages/airflow/example_dags/example_kubernetes_executor.py
[2023-01-15T16:21:36.831+0000] {processor.py:758} INFO - Processing file /home/airflow/.local/lib/python3.7/site-packages/airflow/example_dags/example_kubernetes_executor.py for tasks to queue
[2023-01-15T16:21:36.834+0000] {logging_mixin.py:117} INFO - [2023-01-15T16:21:36.834+0000] {dagbag.py:525} INFO - Filling up the DagBag from /home/airflow/.local/lib/python3.7/site-packages/airflow/example_dags/example_kubernetes_executor.py
[2023-01-15T16:21:36.891+0000] {processor.py:768} INFO - DAG(s) dict_keys(['example_kubernetes_executor']) retrieved from /home/airflow/.local/lib/python3.7/site-packages/airflow/example_dags/example_kubernetes_executor.py
[2023-01-15T16:21:36.951+0000] {logging_mixin.py:117} INFO - [2023-01-15T16:21:36.950+0000] {dag.py:2573} INFO - Sync 1 DAGs
[2023-01-15T16:21:37.007+0000] {logging_mixin.py:117} INFO - [2023-01-15T16:21:37.007+0000] {dag.py:3328} INFO - Setting next_dagrun for example_kubernetes_executor to None, run_after=None
[2023-01-15T16:21:37.029+0000] {processor.py:178} INFO - Processing /home/airflow/.local/lib/python3.7/site-packages/airflow/example_dags/example_kubernetes_executor.py took 0.215 seconds
[2023-01-15T17:27:04.785+0000] {processor.py:156} INFO - Started process (PID=26015) to work on /home/airflow/.local/lib/python3.7/site-packages/airflow/example_dags/example_kubernetes_executor.py
[2023-01-15T17:27:04.787+0000] {processor.py:758} INFO - Processing file /home/airflow/.local/lib/python3.7/site-packages/airflow/example_dags/example_kubernetes_executor.py for tasks to queue
[2023-01-15T17:27:04.789+0000] {logging_mixin.py:117} INFO - [2023-01-15T17:27:04.789+0000] {dagbag.py:525} INFO - Filling up the DagBag from /home/airflow/.local/lib/python3.7/site-packages/airflow/example_dags/example_kubernetes_executor.py
[2023-01-15T17:27:04.843+0000] {processor.py:768} INFO - DAG(s) dict_keys(['example_kubernetes_executor']) retrieved from /home/airflow/.local/lib/python3.7/site-packages/airflow/example_dags/example_kubernetes_executor.py
[2023-01-15T17:27:04.898+0000] {logging_mixin.py:117} INFO - [2023-01-15T17:27:04.898+0000] {dag.py:2573} INFO - Sync 1 DAGs
[2023-01-15T17:27:04.923+0000] {logging_mixin.py:117} INFO - [2023-01-15T17:27:04.923+0000] {dag.py:3328} INFO - Setting next_dagrun for example_kubernetes_executor to None, run_after=None
[2023-01-15T17:27:04.943+0000] {processor.py:178} INFO - Processing /home/airflow/.local/lib/python3.7/site-packages/airflow/example_dags/example_kubernetes_executor.py took 0.171 seconds
[2023-01-15T18:23:37.387+0000] {processor.py:156} INFO - Started process (PID=26078) to work on /home/airflow/.local/lib/python3.7/site-packages/airflow/example_dags/example_kubernetes_executor.py
[2023-01-15T18:23:37.390+0000] {processor.py:758} INFO - Processing file /home/airflow/.local/lib/python3.7/site-packages/airflow/example_dags/example_kubernetes_executor.py for tasks to queue
[2023-01-15T18:23:37.391+0000] {logging_mixin.py:117} INFO - [2023-01-15T18:23:37.391+0000] {dagbag.py:525} INFO - Filling up the DagBag from /home/airflow/.local/lib/python3.7/site-packages/airflow/example_dags/example_kubernetes_executor.py
[2023-01-15T18:23:37.429+0000] {processor.py:768} INFO - DAG(s) dict_keys(['example_kubernetes_executor']) retrieved from /home/airflow/.local/lib/python3.7/site-packages/airflow/example_dags/example_kubernetes_executor.py
[2023-01-15T18:23:37.483+0000] {logging_mixin.py:117} INFO - [2023-01-15T18:23:37.481+0000] {dag.py:2573} INFO - Sync 1 DAGs
[2023-01-15T18:23:37.512+0000] {logging_mixin.py:117} INFO - [2023-01-15T18:23:37.512+0000] {dag.py:3328} INFO - Setting next_dagrun for example_kubernetes_executor to None, run_after=None
[2023-01-15T18:23:37.529+0000] {processor.py:178} INFO - Processing /home/airflow/.local/lib/python3.7/site-packages/airflow/example_dags/example_kubernetes_executor.py took 0.145 seconds
[2023-01-15T19:46:55.504+0000] {processor.py:156} INFO - Started process (PID=26132) to work on /home/airflow/.local/lib/python3.7/site-packages/airflow/example_dags/example_kubernetes_executor.py
[2023-01-15T19:46:55.507+0000] {processor.py:758} INFO - Processing file /home/airflow/.local/lib/python3.7/site-packages/airflow/example_dags/example_kubernetes_executor.py for tasks to queue
[2023-01-15T19:46:55.509+0000] {logging_mixin.py:117} INFO - [2023-01-15T19:46:55.509+0000] {dagbag.py:525} INFO - Filling up the DagBag from /home/airflow/.local/lib/python3.7/site-packages/airflow/example_dags/example_kubernetes_executor.py
[2023-01-15T19:46:55.539+0000] {processor.py:768} INFO - DAG(s) dict_keys(['example_kubernetes_executor']) retrieved from /home/airflow/.local/lib/python3.7/site-packages/airflow/example_dags/example_kubernetes_executor.py
[2023-01-15T19:46:55.581+0000] {logging_mixin.py:117} INFO - [2023-01-15T19:46:55.581+0000] {dag.py:2573} INFO - Sync 1 DAGs
[2023-01-15T19:46:55.605+0000] {logging_mixin.py:117} INFO - [2023-01-15T19:46:55.605+0000] {dag.py:3328} INFO - Setting next_dagrun for example_kubernetes_executor to None, run_after=None
[2023-01-15T19:46:55.636+0000] {processor.py:178} INFO - Processing /home/airflow/.local/lib/python3.7/site-packages/airflow/example_dags/example_kubernetes_executor.py took 0.135 seconds
[2023-01-15T20:53:30.260+0000] {processor.py:156} INFO - Started process (PID=26194) to work on /home/airflow/.local/lib/python3.7/site-packages/airflow/example_dags/example_kubernetes_executor.py
[2023-01-15T20:53:30.265+0000] {processor.py:758} INFO - Processing file /home/airflow/.local/lib/python3.7/site-packages/airflow/example_dags/example_kubernetes_executor.py for tasks to queue
[2023-01-15T20:53:30.266+0000] {logging_mixin.py:117} INFO - [2023-01-15T20:53:30.266+0000] {dagbag.py:525} INFO - Filling up the DagBag from /home/airflow/.local/lib/python3.7/site-packages/airflow/example_dags/example_kubernetes_executor.py
[2023-01-15T20:53:30.301+0000] {processor.py:768} INFO - DAG(s) dict_keys(['example_kubernetes_executor']) retrieved from /home/airflow/.local/lib/python3.7/site-packages/airflow/example_dags/example_kubernetes_executor.py
[2023-01-15T20:53:30.348+0000] {logging_mixin.py:117} INFO - [2023-01-15T20:53:30.348+0000] {dag.py:2573} INFO - Sync 1 DAGs
[2023-01-15T20:53:30.373+0000] {logging_mixin.py:117} INFO - [2023-01-15T20:53:30.373+0000] {dag.py:3328} INFO - Setting next_dagrun for example_kubernetes_executor to None, run_after=None
[2023-01-15T20:53:30.402+0000] {processor.py:178} INFO - Processing /home/airflow/.local/lib/python3.7/site-packages/airflow/example_dags/example_kubernetes_executor.py took 0.144 seconds
[2023-01-15T21:52:33.641+0000] {processor.py:156} INFO - Started process (PID=26257) to work on /home/airflow/.local/lib/python3.7/site-packages/airflow/example_dags/example_kubernetes_executor.py
[2023-01-15T21:52:33.643+0000] {processor.py:758} INFO - Processing file /home/airflow/.local/lib/python3.7/site-packages/airflow/example_dags/example_kubernetes_executor.py for tasks to queue
[2023-01-15T21:52:33.644+0000] {logging_mixin.py:117} INFO - [2023-01-15T21:52:33.644+0000] {dagbag.py:525} INFO - Filling up the DagBag from /home/airflow/.local/lib/python3.7/site-packages/airflow/example_dags/example_kubernetes_executor.py
[2023-01-15T21:52:33.679+0000] {processor.py:768} INFO - DAG(s) dict_keys(['example_kubernetes_executor']) retrieved from /home/airflow/.local/lib/python3.7/site-packages/airflow/example_dags/example_kubernetes_executor.py
[2023-01-15T21:52:33.718+0000] {logging_mixin.py:117} INFO - [2023-01-15T21:52:33.718+0000] {dag.py:2573} INFO - Sync 1 DAGs
[2023-01-15T21:52:33.737+0000] {logging_mixin.py:117} INFO - [2023-01-15T21:52:33.737+0000] {dag.py:3328} INFO - Setting next_dagrun for example_kubernetes_executor to None, run_after=None
[2023-01-15T21:52:33.757+0000] {processor.py:178} INFO - Processing /home/airflow/.local/lib/python3.7/site-packages/airflow/example_dags/example_kubernetes_executor.py took 0.118 seconds
[2023-01-15T23:15:51.909+0000] {processor.py:156} INFO - Started process (PID=26320) to work on /home/airflow/.local/lib/python3.7/site-packages/airflow/example_dags/example_kubernetes_executor.py
[2023-01-15T23:15:51.910+0000] {processor.py:758} INFO - Processing file /home/airflow/.local/lib/python3.7/site-packages/airflow/example_dags/example_kubernetes_executor.py for tasks to queue
[2023-01-15T23:15:51.912+0000] {logging_mixin.py:117} INFO - [2023-01-15T23:15:51.912+0000] {dagbag.py:525} INFO - Filling up the DagBag from /home/airflow/.local/lib/python3.7/site-packages/airflow/example_dags/example_kubernetes_executor.py
[2023-01-15T23:15:51.964+0000] {processor.py:768} INFO - DAG(s) dict_keys(['example_kubernetes_executor']) retrieved from /home/airflow/.local/lib/python3.7/site-packages/airflow/example_dags/example_kubernetes_executor.py
[2023-01-15T23:15:52.015+0000] {logging_mixin.py:117} INFO - [2023-01-15T23:15:52.015+0000] {dag.py:2573} INFO - Sync 1 DAGs
[2023-01-15T23:15:52.041+0000] {logging_mixin.py:117} INFO - [2023-01-15T23:15:52.041+0000] {dag.py:3328} INFO - Setting next_dagrun for example_kubernetes_executor to None, run_after=None
[2023-01-15T23:15:52.065+0000] {processor.py:178} INFO - Processing /home/airflow/.local/lib/python3.7/site-packages/airflow/example_dags/example_kubernetes_executor.py took 0.159 seconds
