[2023-01-15T00:38:59.285+0000] {processor.py:156} INFO - Started process (PID=24110) to work on /home/airflow/.local/lib/python3.7/site-packages/airflow/example_dags/example_local_kubernetes_executor.py
[2023-01-15T00:38:59.289+0000] {processor.py:758} INFO - Processing file /home/airflow/.local/lib/python3.7/site-packages/airflow/example_dags/example_local_kubernetes_executor.py for tasks to queue
[2023-01-15T00:38:59.290+0000] {logging_mixin.py:117} INFO - [2023-01-15T00:38:59.290+0000] {dagbag.py:525} INFO - Filling up the DagBag from /home/airflow/.local/lib/python3.7/site-packages/airflow/example_dags/example_local_kubernetes_executor.py
[2023-01-15T00:38:59.325+0000] {processor.py:768} INFO - DAG(s) dict_keys(['example_local_kubernetes_executor']) retrieved from /home/airflow/.local/lib/python3.7/site-packages/airflow/example_dags/example_local_kubernetes_executor.py
[2023-01-15T00:38:59.373+0000] {logging_mixin.py:117} INFO - [2023-01-15T00:38:59.373+0000] {dag.py:2573} INFO - Sync 1 DAGs
[2023-01-15T00:38:59.395+0000] {logging_mixin.py:117} INFO - [2023-01-15T00:38:59.395+0000] {dag.py:3328} INFO - Setting next_dagrun for example_local_kubernetes_executor to None, run_after=None
[2023-01-15T00:38:59.412+0000] {processor.py:178} INFO - Processing /home/airflow/.local/lib/python3.7/site-packages/airflow/example_dags/example_local_kubernetes_executor.py took 0.129 seconds
[2023-01-15T01:44:17.405+0000] {processor.py:156} INFO - Started process (PID=24173) to work on /home/airflow/.local/lib/python3.7/site-packages/airflow/example_dags/example_local_kubernetes_executor.py
[2023-01-15T01:44:17.411+0000] {processor.py:758} INFO - Processing file /home/airflow/.local/lib/python3.7/site-packages/airflow/example_dags/example_local_kubernetes_executor.py for tasks to queue
[2023-01-15T01:44:17.412+0000] {logging_mixin.py:117} INFO - [2023-01-15T01:44:17.412+0000] {dagbag.py:525} INFO - Filling up the DagBag from /home/airflow/.local/lib/python3.7/site-packages/airflow/example_dags/example_local_kubernetes_executor.py
[2023-01-15T01:44:17.434+0000] {processor.py:768} INFO - DAG(s) dict_keys(['example_local_kubernetes_executor']) retrieved from /home/airflow/.local/lib/python3.7/site-packages/airflow/example_dags/example_local_kubernetes_executor.py
[2023-01-15T01:44:17.485+0000] {logging_mixin.py:117} INFO - [2023-01-15T01:44:17.484+0000] {dag.py:2573} INFO - Sync 1 DAGs
[2023-01-15T01:44:17.513+0000] {logging_mixin.py:117} INFO - [2023-01-15T01:44:17.513+0000] {dag.py:3328} INFO - Setting next_dagrun for example_local_kubernetes_executor to None, run_after=None
[2023-01-15T01:44:17.539+0000] {processor.py:178} INFO - Processing /home/airflow/.local/lib/python3.7/site-packages/airflow/example_dags/example_local_kubernetes_executor.py took 0.142 seconds
[2023-01-15T02:15:46.107+0000] {processor.py:156} INFO - Started process (PID=24236) to work on /home/airflow/.local/lib/python3.7/site-packages/airflow/example_dags/example_local_kubernetes_executor.py
[2023-01-15T02:15:46.109+0000] {processor.py:758} INFO - Processing file /home/airflow/.local/lib/python3.7/site-packages/airflow/example_dags/example_local_kubernetes_executor.py for tasks to queue
[2023-01-15T02:15:46.109+0000] {logging_mixin.py:117} INFO - [2023-01-15T02:15:46.109+0000] {dagbag.py:525} INFO - Filling up the DagBag from /home/airflow/.local/lib/python3.7/site-packages/airflow/example_dags/example_local_kubernetes_executor.py
[2023-01-15T02:15:46.126+0000] {processor.py:768} INFO - DAG(s) dict_keys(['example_local_kubernetes_executor']) retrieved from /home/airflow/.local/lib/python3.7/site-packages/airflow/example_dags/example_local_kubernetes_executor.py
[2023-01-15T02:15:46.154+0000] {logging_mixin.py:117} INFO - [2023-01-15T02:15:46.154+0000] {dag.py:2573} INFO - Sync 1 DAGs
[2023-01-15T02:15:46.171+0000] {logging_mixin.py:117} INFO - [2023-01-15T02:15:46.171+0000] {dag.py:3328} INFO - Setting next_dagrun for example_local_kubernetes_executor to None, run_after=None
[2023-01-15T02:15:46.182+0000] {processor.py:178} INFO - Processing /home/airflow/.local/lib/python3.7/site-packages/airflow/example_dags/example_local_kubernetes_executor.py took 0.078 seconds
[2023-01-15T02:16:16.785+0000] {processor.py:156} INFO - Started process (PID=24290) to work on /home/airflow/.local/lib/python3.7/site-packages/airflow/example_dags/example_local_kubernetes_executor.py
[2023-01-15T02:16:16.786+0000] {processor.py:758} INFO - Processing file /home/airflow/.local/lib/python3.7/site-packages/airflow/example_dags/example_local_kubernetes_executor.py for tasks to queue
[2023-01-15T02:16:16.787+0000] {logging_mixin.py:117} INFO - [2023-01-15T02:16:16.787+0000] {dagbag.py:525} INFO - Filling up the DagBag from /home/airflow/.local/lib/python3.7/site-packages/airflow/example_dags/example_local_kubernetes_executor.py
[2023-01-15T02:16:16.802+0000] {processor.py:768} INFO - DAG(s) dict_keys(['example_local_kubernetes_executor']) retrieved from /home/airflow/.local/lib/python3.7/site-packages/airflow/example_dags/example_local_kubernetes_executor.py
[2023-01-15T02:16:16.827+0000] {logging_mixin.py:117} INFO - [2023-01-15T02:16:16.827+0000] {dag.py:2573} INFO - Sync 1 DAGs
[2023-01-15T02:16:16.840+0000] {logging_mixin.py:117} INFO - [2023-01-15T02:16:16.840+0000] {dag.py:3328} INFO - Setting next_dagrun for example_local_kubernetes_executor to None, run_after=None
[2023-01-15T02:16:16.850+0000] {processor.py:178} INFO - Processing /home/airflow/.local/lib/python3.7/site-packages/airflow/example_dags/example_local_kubernetes_executor.py took 0.068 seconds
[2023-01-15T02:49:43.623+0000] {processor.py:156} INFO - Started process (PID=24353) to work on /home/airflow/.local/lib/python3.7/site-packages/airflow/example_dags/example_local_kubernetes_executor.py
[2023-01-15T02:49:43.625+0000] {processor.py:758} INFO - Processing file /home/airflow/.local/lib/python3.7/site-packages/airflow/example_dags/example_local_kubernetes_executor.py for tasks to queue
[2023-01-15T02:49:43.626+0000] {logging_mixin.py:117} INFO - [2023-01-15T02:49:43.626+0000] {dagbag.py:525} INFO - Filling up the DagBag from /home/airflow/.local/lib/python3.7/site-packages/airflow/example_dags/example_local_kubernetes_executor.py
[2023-01-15T02:49:43.651+0000] {processor.py:768} INFO - DAG(s) dict_keys(['example_local_kubernetes_executor']) retrieved from /home/airflow/.local/lib/python3.7/site-packages/airflow/example_dags/example_local_kubernetes_executor.py
[2023-01-15T02:49:43.704+0000] {logging_mixin.py:117} INFO - [2023-01-15T02:49:43.704+0000] {dag.py:2573} INFO - Sync 1 DAGs
[2023-01-15T02:49:43.727+0000] {logging_mixin.py:117} INFO - [2023-01-15T02:49:43.727+0000] {dag.py:3328} INFO - Setting next_dagrun for example_local_kubernetes_executor to None, run_after=None
[2023-01-15T02:49:43.741+0000] {processor.py:178} INFO - Processing /home/airflow/.local/lib/python3.7/site-packages/airflow/example_dags/example_local_kubernetes_executor.py took 0.122 seconds
[2023-01-15T04:11:02.006+0000] {processor.py:156} INFO - Started process (PID=24416) to work on /home/airflow/.local/lib/python3.7/site-packages/airflow/example_dags/example_local_kubernetes_executor.py
[2023-01-15T04:11:02.015+0000] {processor.py:758} INFO - Processing file /home/airflow/.local/lib/python3.7/site-packages/airflow/example_dags/example_local_kubernetes_executor.py for tasks to queue
[2023-01-15T04:11:02.016+0000] {logging_mixin.py:117} INFO - [2023-01-15T04:11:02.016+0000] {dagbag.py:525} INFO - Filling up the DagBag from /home/airflow/.local/lib/python3.7/site-packages/airflow/example_dags/example_local_kubernetes_executor.py
[2023-01-15T04:11:02.039+0000] {processor.py:768} INFO - DAG(s) dict_keys(['example_local_kubernetes_executor']) retrieved from /home/airflow/.local/lib/python3.7/site-packages/airflow/example_dags/example_local_kubernetes_executor.py
[2023-01-15T04:11:02.075+0000] {logging_mixin.py:117} INFO - [2023-01-15T04:11:02.075+0000] {dag.py:2573} INFO - Sync 1 DAGs
[2023-01-15T04:11:02.092+0000] {logging_mixin.py:117} INFO - [2023-01-15T04:11:02.092+0000] {dag.py:3328} INFO - Setting next_dagrun for example_local_kubernetes_executor to None, run_after=None
[2023-01-15T04:11:02.109+0000] {processor.py:178} INFO - Processing /home/airflow/.local/lib/python3.7/site-packages/airflow/example_dags/example_local_kubernetes_executor.py took 0.106 seconds
[2023-01-15T05:08:50.445+0000] {processor.py:156} INFO - Started process (PID=24480) to work on /home/airflow/.local/lib/python3.7/site-packages/airflow/example_dags/example_local_kubernetes_executor.py
[2023-01-15T05:08:50.447+0000] {processor.py:758} INFO - Processing file /home/airflow/.local/lib/python3.7/site-packages/airflow/example_dags/example_local_kubernetes_executor.py for tasks to queue
[2023-01-15T05:08:50.449+0000] {logging_mixin.py:117} INFO - [2023-01-15T05:08:50.448+0000] {dagbag.py:525} INFO - Filling up the DagBag from /home/airflow/.local/lib/python3.7/site-packages/airflow/example_dags/example_local_kubernetes_executor.py
[2023-01-15T05:08:50.494+0000] {processor.py:768} INFO - DAG(s) dict_keys(['example_local_kubernetes_executor']) retrieved from /home/airflow/.local/lib/python3.7/site-packages/airflow/example_dags/example_local_kubernetes_executor.py
[2023-01-15T05:08:50.552+0000] {logging_mixin.py:117} INFO - [2023-01-15T05:08:50.552+0000] {dag.py:2573} INFO - Sync 1 DAGs
[2023-01-15T05:08:50.586+0000] {logging_mixin.py:117} INFO - [2023-01-15T05:08:50.586+0000] {dag.py:3328} INFO - Setting next_dagrun for example_local_kubernetes_executor to None, run_after=None
[2023-01-15T05:08:50.609+0000] {processor.py:178} INFO - Processing /home/airflow/.local/lib/python3.7/site-packages/airflow/example_dags/example_local_kubernetes_executor.py took 0.169 seconds
[2023-01-15T06:14:18.789+0000] {processor.py:156} INFO - Started process (PID=24541) to work on /home/airflow/.local/lib/python3.7/site-packages/airflow/example_dags/example_local_kubernetes_executor.py
[2023-01-15T06:14:18.790+0000] {processor.py:758} INFO - Processing file /home/airflow/.local/lib/python3.7/site-packages/airflow/example_dags/example_local_kubernetes_executor.py for tasks to queue
[2023-01-15T06:14:18.791+0000] {logging_mixin.py:117} INFO - [2023-01-15T06:14:18.791+0000] {dagbag.py:525} INFO - Filling up the DagBag from /home/airflow/.local/lib/python3.7/site-packages/airflow/example_dags/example_local_kubernetes_executor.py
[2023-01-15T06:14:18.818+0000] {processor.py:768} INFO - DAG(s) dict_keys(['example_local_kubernetes_executor']) retrieved from /home/airflow/.local/lib/python3.7/site-packages/airflow/example_dags/example_local_kubernetes_executor.py
[2023-01-15T06:14:18.849+0000] {logging_mixin.py:117} INFO - [2023-01-15T06:14:18.849+0000] {dag.py:2573} INFO - Sync 1 DAGs
[2023-01-15T06:14:18.872+0000] {logging_mixin.py:117} INFO - [2023-01-15T06:14:18.872+0000] {dag.py:3328} INFO - Setting next_dagrun for example_local_kubernetes_executor to None, run_after=None
[2023-01-15T06:14:18.886+0000] {processor.py:178} INFO - Processing /home/airflow/.local/lib/python3.7/site-packages/airflow/example_dags/example_local_kubernetes_executor.py took 0.101 seconds
[2023-01-15T06:57:24.421+0000] {processor.py:156} INFO - Started process (PID=24597) to work on /home/airflow/.local/lib/python3.7/site-packages/airflow/example_dags/example_local_kubernetes_executor.py
[2023-01-15T06:57:24.423+0000] {processor.py:758} INFO - Processing file /home/airflow/.local/lib/python3.7/site-packages/airflow/example_dags/example_local_kubernetes_executor.py for tasks to queue
[2023-01-15T06:57:24.424+0000] {logging_mixin.py:117} INFO - [2023-01-15T06:57:24.424+0000] {dagbag.py:525} INFO - Filling up the DagBag from /home/airflow/.local/lib/python3.7/site-packages/airflow/example_dags/example_local_kubernetes_executor.py
[2023-01-15T06:57:24.460+0000] {processor.py:768} INFO - DAG(s) dict_keys(['example_local_kubernetes_executor']) retrieved from /home/airflow/.local/lib/python3.7/site-packages/airflow/example_dags/example_local_kubernetes_executor.py
[2023-01-15T06:57:24.517+0000] {logging_mixin.py:117} INFO - [2023-01-15T06:57:24.517+0000] {dag.py:2573} INFO - Sync 1 DAGs
[2023-01-15T06:57:24.547+0000] {logging_mixin.py:117} INFO - [2023-01-15T06:57:24.547+0000] {dag.py:3328} INFO - Setting next_dagrun for example_local_kubernetes_executor to None, run_after=None
[2023-01-15T06:57:24.580+0000] {processor.py:178} INFO - Processing /home/airflow/.local/lib/python3.7/site-packages/airflow/example_dags/example_local_kubernetes_executor.py took 0.164 seconds
[2023-01-15T08:03:16.084+0000] {processor.py:156} INFO - Started process (PID=24660) to work on /home/airflow/.local/lib/python3.7/site-packages/airflow/example_dags/example_local_kubernetes_executor.py
[2023-01-15T08:03:16.086+0000] {processor.py:758} INFO - Processing file /home/airflow/.local/lib/python3.7/site-packages/airflow/example_dags/example_local_kubernetes_executor.py for tasks to queue
[2023-01-15T08:03:16.089+0000] {logging_mixin.py:117} INFO - [2023-01-15T08:03:16.089+0000] {dagbag.py:525} INFO - Filling up the DagBag from /home/airflow/.local/lib/python3.7/site-packages/airflow/example_dags/example_local_kubernetes_executor.py
[2023-01-15T08:03:16.147+0000] {processor.py:768} INFO - DAG(s) dict_keys(['example_local_kubernetes_executor']) retrieved from /home/airflow/.local/lib/python3.7/site-packages/airflow/example_dags/example_local_kubernetes_executor.py
[2023-01-15T08:03:16.206+0000] {logging_mixin.py:117} INFO - [2023-01-15T08:03:16.206+0000] {dag.py:2573} INFO - Sync 1 DAGs
[2023-01-15T08:03:16.241+0000] {logging_mixin.py:117} INFO - [2023-01-15T08:03:16.241+0000] {dag.py:3328} INFO - Setting next_dagrun for example_local_kubernetes_executor to None, run_after=None
[2023-01-15T08:03:16.276+0000] {processor.py:178} INFO - Processing /home/airflow/.local/lib/python3.7/site-packages/airflow/example_dags/example_local_kubernetes_executor.py took 0.198 seconds
[2023-01-15T09:11:06.109+0000] {processor.py:156} INFO - Started process (PID=24724) to work on /home/airflow/.local/lib/python3.7/site-packages/airflow/example_dags/example_local_kubernetes_executor.py
[2023-01-15T09:11:06.112+0000] {processor.py:758} INFO - Processing file /home/airflow/.local/lib/python3.7/site-packages/airflow/example_dags/example_local_kubernetes_executor.py for tasks to queue
[2023-01-15T09:11:06.116+0000] {logging_mixin.py:117} INFO - [2023-01-15T09:11:06.116+0000] {dagbag.py:525} INFO - Filling up the DagBag from /home/airflow/.local/lib/python3.7/site-packages/airflow/example_dags/example_local_kubernetes_executor.py
[2023-01-15T09:11:06.160+0000] {processor.py:768} INFO - DAG(s) dict_keys(['example_local_kubernetes_executor']) retrieved from /home/airflow/.local/lib/python3.7/site-packages/airflow/example_dags/example_local_kubernetes_executor.py
[2023-01-15T09:11:06.213+0000] {logging_mixin.py:117} INFO - [2023-01-15T09:11:06.212+0000] {dag.py:2573} INFO - Sync 1 DAGs
[2023-01-15T09:11:06.270+0000] {logging_mixin.py:117} INFO - [2023-01-15T09:11:06.270+0000] {dag.py:3328} INFO - Setting next_dagrun for example_local_kubernetes_executor to None, run_after=None
[2023-01-15T09:11:06.292+0000] {processor.py:178} INFO - Processing /home/airflow/.local/lib/python3.7/site-packages/airflow/example_dags/example_local_kubernetes_executor.py took 0.190 seconds
[2023-01-15T09:32:53.287+0000] {processor.py:156} INFO - Started process (PID=24778) to work on /home/airflow/.local/lib/python3.7/site-packages/airflow/example_dags/example_local_kubernetes_executor.py
[2023-01-15T09:32:53.290+0000] {processor.py:758} INFO - Processing file /home/airflow/.local/lib/python3.7/site-packages/airflow/example_dags/example_local_kubernetes_executor.py for tasks to queue
[2023-01-15T09:32:53.291+0000] {logging_mixin.py:117} INFO - [2023-01-15T09:32:53.291+0000] {dagbag.py:525} INFO - Filling up the DagBag from /home/airflow/.local/lib/python3.7/site-packages/airflow/example_dags/example_local_kubernetes_executor.py
[2023-01-15T09:32:53.314+0000] {processor.py:768} INFO - DAG(s) dict_keys(['example_local_kubernetes_executor']) retrieved from /home/airflow/.local/lib/python3.7/site-packages/airflow/example_dags/example_local_kubernetes_executor.py
[2023-01-15T09:32:53.384+0000] {logging_mixin.py:117} INFO - [2023-01-15T09:32:53.384+0000] {dag.py:2573} INFO - Sync 1 DAGs
[2023-01-15T09:32:53.410+0000] {logging_mixin.py:117} INFO - [2023-01-15T09:32:53.410+0000] {dag.py:3328} INFO - Setting next_dagrun for example_local_kubernetes_executor to None, run_after=None
[2023-01-15T09:32:53.451+0000] {processor.py:178} INFO - Processing /home/airflow/.local/lib/python3.7/site-packages/airflow/example_dags/example_local_kubernetes_executor.py took 0.167 seconds
[2023-01-15T09:33:55.295+0000] {processor.py:156} INFO - Started process (PID=24841) to work on /home/airflow/.local/lib/python3.7/site-packages/airflow/example_dags/example_local_kubernetes_executor.py
[2023-01-15T09:33:55.296+0000] {processor.py:758} INFO - Processing file /home/airflow/.local/lib/python3.7/site-packages/airflow/example_dags/example_local_kubernetes_executor.py for tasks to queue
[2023-01-15T09:33:55.297+0000] {logging_mixin.py:117} INFO - [2023-01-15T09:33:55.297+0000] {dagbag.py:525} INFO - Filling up the DagBag from /home/airflow/.local/lib/python3.7/site-packages/airflow/example_dags/example_local_kubernetes_executor.py
[2023-01-15T09:33:55.314+0000] {processor.py:768} INFO - DAG(s) dict_keys(['example_local_kubernetes_executor']) retrieved from /home/airflow/.local/lib/python3.7/site-packages/airflow/example_dags/example_local_kubernetes_executor.py
[2023-01-15T09:33:55.349+0000] {logging_mixin.py:117} INFO - [2023-01-15T09:33:55.349+0000] {dag.py:2573} INFO - Sync 1 DAGs
[2023-01-15T09:33:55.365+0000] {logging_mixin.py:117} INFO - [2023-01-15T09:33:55.365+0000] {dag.py:3328} INFO - Setting next_dagrun for example_local_kubernetes_executor to None, run_after=None
[2023-01-15T09:33:55.377+0000] {processor.py:178} INFO - Processing /home/airflow/.local/lib/python3.7/site-packages/airflow/example_dags/example_local_kubernetes_executor.py took 0.086 seconds
[2023-01-15T09:43:29.641+0000] {processor.py:156} INFO - Started process (PID=24904) to work on /home/airflow/.local/lib/python3.7/site-packages/airflow/example_dags/example_local_kubernetes_executor.py
[2023-01-15T09:43:29.643+0000] {processor.py:758} INFO - Processing file /home/airflow/.local/lib/python3.7/site-packages/airflow/example_dags/example_local_kubernetes_executor.py for tasks to queue
[2023-01-15T09:43:29.643+0000] {logging_mixin.py:117} INFO - [2023-01-15T09:43:29.643+0000] {dagbag.py:525} INFO - Filling up the DagBag from /home/airflow/.local/lib/python3.7/site-packages/airflow/example_dags/example_local_kubernetes_executor.py
[2023-01-15T09:43:29.673+0000] {processor.py:768} INFO - DAG(s) dict_keys(['example_local_kubernetes_executor']) retrieved from /home/airflow/.local/lib/python3.7/site-packages/airflow/example_dags/example_local_kubernetes_executor.py
[2023-01-15T09:43:29.723+0000] {logging_mixin.py:117} INFO - [2023-01-15T09:43:29.722+0000] {dag.py:2573} INFO - Sync 1 DAGs
[2023-01-15T09:43:29.759+0000] {logging_mixin.py:117} INFO - [2023-01-15T09:43:29.759+0000] {dag.py:3328} INFO - Setting next_dagrun for example_local_kubernetes_executor to None, run_after=None
[2023-01-15T09:43:29.780+0000] {processor.py:178} INFO - Processing /home/airflow/.local/lib/python3.7/site-packages/airflow/example_dags/example_local_kubernetes_executor.py took 0.143 seconds
[2023-01-15T11:04:09.034+0000] {processor.py:156} INFO - Started process (PID=24966) to work on /home/airflow/.local/lib/python3.7/site-packages/airflow/example_dags/example_local_kubernetes_executor.py
[2023-01-15T11:04:09.037+0000] {processor.py:758} INFO - Processing file /home/airflow/.local/lib/python3.7/site-packages/airflow/example_dags/example_local_kubernetes_executor.py for tasks to queue
[2023-01-15T11:04:09.038+0000] {logging_mixin.py:117} INFO - [2023-01-15T11:04:09.038+0000] {dagbag.py:525} INFO - Filling up the DagBag from /home/airflow/.local/lib/python3.7/site-packages/airflow/example_dags/example_local_kubernetes_executor.py
[2023-01-15T11:04:09.070+0000] {processor.py:768} INFO - DAG(s) dict_keys(['example_local_kubernetes_executor']) retrieved from /home/airflow/.local/lib/python3.7/site-packages/airflow/example_dags/example_local_kubernetes_executor.py
[2023-01-15T11:04:09.120+0000] {logging_mixin.py:117} INFO - [2023-01-15T11:04:09.120+0000] {dag.py:2573} INFO - Sync 1 DAGs
[2023-01-15T11:04:09.139+0000] {logging_mixin.py:117} INFO - [2023-01-15T11:04:09.139+0000] {dag.py:3328} INFO - Setting next_dagrun for example_local_kubernetes_executor to None, run_after=None
[2023-01-15T11:04:09.158+0000] {processor.py:178} INFO - Processing /home/airflow/.local/lib/python3.7/site-packages/airflow/example_dags/example_local_kubernetes_executor.py took 0.127 seconds
[2023-01-15T12:04:15.913+0000] {processor.py:156} INFO - Started process (PID=25021) to work on /home/airflow/.local/lib/python3.7/site-packages/airflow/example_dags/example_local_kubernetes_executor.py
[2023-01-15T12:04:15.916+0000] {processor.py:758} INFO - Processing file /home/airflow/.local/lib/python3.7/site-packages/airflow/example_dags/example_local_kubernetes_executor.py for tasks to queue
[2023-01-15T12:04:15.917+0000] {logging_mixin.py:117} INFO - [2023-01-15T12:04:15.917+0000] {dagbag.py:525} INFO - Filling up the DagBag from /home/airflow/.local/lib/python3.7/site-packages/airflow/example_dags/example_local_kubernetes_executor.py
[2023-01-15T12:04:15.956+0000] {processor.py:768} INFO - DAG(s) dict_keys(['example_local_kubernetes_executor']) retrieved from /home/airflow/.local/lib/python3.7/site-packages/airflow/example_dags/example_local_kubernetes_executor.py
[2023-01-15T12:04:16.018+0000] {logging_mixin.py:117} INFO - [2023-01-15T12:04:16.018+0000] {dag.py:2573} INFO - Sync 1 DAGs
[2023-01-15T12:04:16.045+0000] {logging_mixin.py:117} INFO - [2023-01-15T12:04:16.045+0000] {dag.py:3328} INFO - Setting next_dagrun for example_local_kubernetes_executor to None, run_after=None
[2023-01-15T12:04:16.069+0000] {processor.py:178} INFO - Processing /home/airflow/.local/lib/python3.7/site-packages/airflow/example_dags/example_local_kubernetes_executor.py took 0.159 seconds
[2023-01-15T12:42:37.732+0000] {processor.py:156} INFO - Started process (PID=25084) to work on /home/airflow/.local/lib/python3.7/site-packages/airflow/example_dags/example_local_kubernetes_executor.py
[2023-01-15T12:42:37.733+0000] {processor.py:758} INFO - Processing file /home/airflow/.local/lib/python3.7/site-packages/airflow/example_dags/example_local_kubernetes_executor.py for tasks to queue
[2023-01-15T12:42:37.735+0000] {logging_mixin.py:117} INFO - [2023-01-15T12:42:37.734+0000] {dagbag.py:525} INFO - Filling up the DagBag from /home/airflow/.local/lib/python3.7/site-packages/airflow/example_dags/example_local_kubernetes_executor.py
[2023-01-15T12:42:37.755+0000] {processor.py:768} INFO - DAG(s) dict_keys(['example_local_kubernetes_executor']) retrieved from /home/airflow/.local/lib/python3.7/site-packages/airflow/example_dags/example_local_kubernetes_executor.py
[2023-01-15T12:42:37.812+0000] {logging_mixin.py:117} INFO - [2023-01-15T12:42:37.811+0000] {dag.py:2573} INFO - Sync 1 DAGs
[2023-01-15T12:42:37.837+0000] {logging_mixin.py:117} INFO - [2023-01-15T12:42:37.837+0000] {dag.py:3328} INFO - Setting next_dagrun for example_local_kubernetes_executor to None, run_after=None
[2023-01-15T12:42:37.862+0000] {processor.py:178} INFO - Processing /home/airflow/.local/lib/python3.7/site-packages/airflow/example_dags/example_local_kubernetes_executor.py took 0.135 seconds
[2023-01-15T13:21:55.222+0000] {processor.py:156} INFO - Started process (PID=25147) to work on /home/airflow/.local/lib/python3.7/site-packages/airflow/example_dags/example_local_kubernetes_executor.py
[2023-01-15T13:21:55.223+0000] {processor.py:758} INFO - Processing file /home/airflow/.local/lib/python3.7/site-packages/airflow/example_dags/example_local_kubernetes_executor.py for tasks to queue
[2023-01-15T13:21:55.224+0000] {logging_mixin.py:117} INFO - [2023-01-15T13:21:55.224+0000] {dagbag.py:525} INFO - Filling up the DagBag from /home/airflow/.local/lib/python3.7/site-packages/airflow/example_dags/example_local_kubernetes_executor.py
[2023-01-15T13:21:55.240+0000] {processor.py:768} INFO - DAG(s) dict_keys(['example_local_kubernetes_executor']) retrieved from /home/airflow/.local/lib/python3.7/site-packages/airflow/example_dags/example_local_kubernetes_executor.py
[2023-01-15T13:21:55.267+0000] {logging_mixin.py:117} INFO - [2023-01-15T13:21:55.267+0000] {dag.py:2573} INFO - Sync 1 DAGs
[2023-01-15T13:21:55.280+0000] {logging_mixin.py:117} INFO - [2023-01-15T13:21:55.280+0000] {dag.py:3328} INFO - Setting next_dagrun for example_local_kubernetes_executor to None, run_after=None
[2023-01-15T13:21:55.291+0000] {processor.py:178} INFO - Processing /home/airflow/.local/lib/python3.7/site-packages/airflow/example_dags/example_local_kubernetes_executor.py took 0.071 seconds
[2023-01-15T13:38:28.758+0000] {processor.py:156} INFO - Started process (PID=25210) to work on /home/airflow/.local/lib/python3.7/site-packages/airflow/example_dags/example_local_kubernetes_executor.py
[2023-01-15T13:38:28.760+0000] {processor.py:758} INFO - Processing file /home/airflow/.local/lib/python3.7/site-packages/airflow/example_dags/example_local_kubernetes_executor.py for tasks to queue
[2023-01-15T13:38:28.763+0000] {logging_mixin.py:117} INFO - [2023-01-15T13:38:28.762+0000] {dagbag.py:525} INFO - Filling up the DagBag from /home/airflow/.local/lib/python3.7/site-packages/airflow/example_dags/example_local_kubernetes_executor.py
[2023-01-15T13:38:28.787+0000] {processor.py:768} INFO - DAG(s) dict_keys(['example_local_kubernetes_executor']) retrieved from /home/airflow/.local/lib/python3.7/site-packages/airflow/example_dags/example_local_kubernetes_executor.py
[2023-01-15T13:38:28.830+0000] {logging_mixin.py:117} INFO - [2023-01-15T13:38:28.830+0000] {dag.py:2573} INFO - Sync 1 DAGs
[2023-01-15T13:38:28.852+0000] {logging_mixin.py:117} INFO - [2023-01-15T13:38:28.852+0000] {dag.py:3328} INFO - Setting next_dagrun for example_local_kubernetes_executor to None, run_after=None
[2023-01-15T13:38:28.869+0000] {processor.py:178} INFO - Processing /home/airflow/.local/lib/python3.7/site-packages/airflow/example_dags/example_local_kubernetes_executor.py took 0.115 seconds
[2023-01-15T13:38:59.840+0000] {processor.py:156} INFO - Started process (PID=25264) to work on /home/airflow/.local/lib/python3.7/site-packages/airflow/example_dags/example_local_kubernetes_executor.py
[2023-01-15T13:38:59.842+0000] {processor.py:758} INFO - Processing file /home/airflow/.local/lib/python3.7/site-packages/airflow/example_dags/example_local_kubernetes_executor.py for tasks to queue
[2023-01-15T13:38:59.842+0000] {logging_mixin.py:117} INFO - [2023-01-15T13:38:59.842+0000] {dagbag.py:525} INFO - Filling up the DagBag from /home/airflow/.local/lib/python3.7/site-packages/airflow/example_dags/example_local_kubernetes_executor.py
[2023-01-15T13:38:59.859+0000] {processor.py:768} INFO - DAG(s) dict_keys(['example_local_kubernetes_executor']) retrieved from /home/airflow/.local/lib/python3.7/site-packages/airflow/example_dags/example_local_kubernetes_executor.py
[2023-01-15T13:38:59.887+0000] {logging_mixin.py:117} INFO - [2023-01-15T13:38:59.887+0000] {dag.py:2573} INFO - Sync 1 DAGs
[2023-01-15T13:38:59.902+0000] {logging_mixin.py:117} INFO - [2023-01-15T13:38:59.902+0000] {dag.py:3328} INFO - Setting next_dagrun for example_local_kubernetes_executor to None, run_after=None
[2023-01-15T13:38:59.913+0000] {processor.py:178} INFO - Processing /home/airflow/.local/lib/python3.7/site-packages/airflow/example_dags/example_local_kubernetes_executor.py took 0.076 seconds
[2023-01-15T13:39:30.178+0000] {processor.py:156} INFO - Started process (PID=25327) to work on /home/airflow/.local/lib/python3.7/site-packages/airflow/example_dags/example_local_kubernetes_executor.py
[2023-01-15T13:39:30.179+0000] {processor.py:758} INFO - Processing file /home/airflow/.local/lib/python3.7/site-packages/airflow/example_dags/example_local_kubernetes_executor.py for tasks to queue
[2023-01-15T13:39:30.180+0000] {logging_mixin.py:117} INFO - [2023-01-15T13:39:30.180+0000] {dagbag.py:525} INFO - Filling up the DagBag from /home/airflow/.local/lib/python3.7/site-packages/airflow/example_dags/example_local_kubernetes_executor.py
[2023-01-15T13:39:30.196+0000] {processor.py:768} INFO - DAG(s) dict_keys(['example_local_kubernetes_executor']) retrieved from /home/airflow/.local/lib/python3.7/site-packages/airflow/example_dags/example_local_kubernetes_executor.py
[2023-01-15T13:39:30.223+0000] {logging_mixin.py:117} INFO - [2023-01-15T13:39:30.223+0000] {dag.py:2573} INFO - Sync 1 DAGs
[2023-01-15T13:39:30.237+0000] {logging_mixin.py:117} INFO - [2023-01-15T13:39:30.237+0000] {dag.py:3328} INFO - Setting next_dagrun for example_local_kubernetes_executor to None, run_after=None
[2023-01-15T13:39:30.247+0000] {processor.py:178} INFO - Processing /home/airflow/.local/lib/python3.7/site-packages/airflow/example_dags/example_local_kubernetes_executor.py took 0.073 seconds
[2023-01-15T13:40:00.599+0000] {processor.py:156} INFO - Started process (PID=25390) to work on /home/airflow/.local/lib/python3.7/site-packages/airflow/example_dags/example_local_kubernetes_executor.py
[2023-01-15T13:40:00.600+0000] {processor.py:758} INFO - Processing file /home/airflow/.local/lib/python3.7/site-packages/airflow/example_dags/example_local_kubernetes_executor.py for tasks to queue
[2023-01-15T13:40:00.601+0000] {logging_mixin.py:117} INFO - [2023-01-15T13:40:00.601+0000] {dagbag.py:525} INFO - Filling up the DagBag from /home/airflow/.local/lib/python3.7/site-packages/airflow/example_dags/example_local_kubernetes_executor.py
[2023-01-15T13:40:00.621+0000] {processor.py:768} INFO - DAG(s) dict_keys(['example_local_kubernetes_executor']) retrieved from /home/airflow/.local/lib/python3.7/site-packages/airflow/example_dags/example_local_kubernetes_executor.py
[2023-01-15T13:40:00.657+0000] {logging_mixin.py:117} INFO - [2023-01-15T13:40:00.657+0000] {dag.py:2573} INFO - Sync 1 DAGs
[2023-01-15T13:40:00.671+0000] {logging_mixin.py:117} INFO - [2023-01-15T13:40:00.671+0000] {dag.py:3328} INFO - Setting next_dagrun for example_local_kubernetes_executor to None, run_after=None
[2023-01-15T13:40:00.682+0000] {processor.py:178} INFO - Processing /home/airflow/.local/lib/python3.7/site-packages/airflow/example_dags/example_local_kubernetes_executor.py took 0.086 seconds
[2023-01-15T13:40:31.081+0000] {processor.py:156} INFO - Started process (PID=25453) to work on /home/airflow/.local/lib/python3.7/site-packages/airflow/example_dags/example_local_kubernetes_executor.py
[2023-01-15T13:40:31.083+0000] {processor.py:758} INFO - Processing file /home/airflow/.local/lib/python3.7/site-packages/airflow/example_dags/example_local_kubernetes_executor.py for tasks to queue
[2023-01-15T13:40:31.083+0000] {logging_mixin.py:117} INFO - [2023-01-15T13:40:31.083+0000] {dagbag.py:525} INFO - Filling up the DagBag from /home/airflow/.local/lib/python3.7/site-packages/airflow/example_dags/example_local_kubernetes_executor.py
[2023-01-15T13:40:31.107+0000] {processor.py:768} INFO - DAG(s) dict_keys(['example_local_kubernetes_executor']) retrieved from /home/airflow/.local/lib/python3.7/site-packages/airflow/example_dags/example_local_kubernetes_executor.py
[2023-01-15T13:40:31.146+0000] {logging_mixin.py:117} INFO - [2023-01-15T13:40:31.146+0000] {dag.py:2573} INFO - Sync 1 DAGs
[2023-01-15T13:40:31.168+0000] {logging_mixin.py:117} INFO - [2023-01-15T13:40:31.168+0000] {dag.py:3328} INFO - Setting next_dagrun for example_local_kubernetes_executor to None, run_after=None
[2023-01-15T13:40:31.184+0000] {processor.py:178} INFO - Processing /home/airflow/.local/lib/python3.7/site-packages/airflow/example_dags/example_local_kubernetes_executor.py took 0.106 seconds
[2023-01-15T13:41:01.544+0000] {processor.py:156} INFO - Started process (PID=25516) to work on /home/airflow/.local/lib/python3.7/site-packages/airflow/example_dags/example_local_kubernetes_executor.py
[2023-01-15T13:41:01.546+0000] {processor.py:758} INFO - Processing file /home/airflow/.local/lib/python3.7/site-packages/airflow/example_dags/example_local_kubernetes_executor.py for tasks to queue
[2023-01-15T13:41:01.546+0000] {logging_mixin.py:117} INFO - [2023-01-15T13:41:01.546+0000] {dagbag.py:525} INFO - Filling up the DagBag from /home/airflow/.local/lib/python3.7/site-packages/airflow/example_dags/example_local_kubernetes_executor.py
[2023-01-15T13:41:01.564+0000] {processor.py:768} INFO - DAG(s) dict_keys(['example_local_kubernetes_executor']) retrieved from /home/airflow/.local/lib/python3.7/site-packages/airflow/example_dags/example_local_kubernetes_executor.py
[2023-01-15T13:41:01.592+0000] {logging_mixin.py:117} INFO - [2023-01-15T13:41:01.592+0000] {dag.py:2573} INFO - Sync 1 DAGs
[2023-01-15T13:41:01.606+0000] {logging_mixin.py:117} INFO - [2023-01-15T13:41:01.606+0000] {dag.py:3328} INFO - Setting next_dagrun for example_local_kubernetes_executor to None, run_after=None
[2023-01-15T13:41:01.617+0000] {processor.py:178} INFO - Processing /home/airflow/.local/lib/python3.7/site-packages/airflow/example_dags/example_local_kubernetes_executor.py took 0.075 seconds
[2023-01-15T13:41:31.869+0000] {processor.py:156} INFO - Started process (PID=25579) to work on /home/airflow/.local/lib/python3.7/site-packages/airflow/example_dags/example_local_kubernetes_executor.py
[2023-01-15T13:41:31.870+0000] {processor.py:758} INFO - Processing file /home/airflow/.local/lib/python3.7/site-packages/airflow/example_dags/example_local_kubernetes_executor.py for tasks to queue
[2023-01-15T13:41:31.871+0000] {logging_mixin.py:117} INFO - [2023-01-15T13:41:31.871+0000] {dagbag.py:525} INFO - Filling up the DagBag from /home/airflow/.local/lib/python3.7/site-packages/airflow/example_dags/example_local_kubernetes_executor.py
[2023-01-15T13:41:31.889+0000] {processor.py:768} INFO - DAG(s) dict_keys(['example_local_kubernetes_executor']) retrieved from /home/airflow/.local/lib/python3.7/site-packages/airflow/example_dags/example_local_kubernetes_executor.py
[2023-01-15T13:41:31.917+0000] {logging_mixin.py:117} INFO - [2023-01-15T13:41:31.916+0000] {dag.py:2573} INFO - Sync 1 DAGs
[2023-01-15T13:41:31.932+0000] {logging_mixin.py:117} INFO - [2023-01-15T13:41:31.932+0000] {dag.py:3328} INFO - Setting next_dagrun for example_local_kubernetes_executor to None, run_after=None
[2023-01-15T13:41:31.943+0000] {processor.py:178} INFO - Processing /home/airflow/.local/lib/python3.7/site-packages/airflow/example_dags/example_local_kubernetes_executor.py took 0.077 seconds
[2023-01-15T13:42:02.256+0000] {processor.py:156} INFO - Started process (PID=25641) to work on /home/airflow/.local/lib/python3.7/site-packages/airflow/example_dags/example_local_kubernetes_executor.py
[2023-01-15T13:42:02.257+0000] {processor.py:758} INFO - Processing file /home/airflow/.local/lib/python3.7/site-packages/airflow/example_dags/example_local_kubernetes_executor.py for tasks to queue
[2023-01-15T13:42:02.258+0000] {logging_mixin.py:117} INFO - [2023-01-15T13:42:02.258+0000] {dagbag.py:525} INFO - Filling up the DagBag from /home/airflow/.local/lib/python3.7/site-packages/airflow/example_dags/example_local_kubernetes_executor.py
[2023-01-15T13:42:02.276+0000] {processor.py:768} INFO - DAG(s) dict_keys(['example_local_kubernetes_executor']) retrieved from /home/airflow/.local/lib/python3.7/site-packages/airflow/example_dags/example_local_kubernetes_executor.py
[2023-01-15T13:42:02.304+0000] {logging_mixin.py:117} INFO - [2023-01-15T13:42:02.304+0000] {dag.py:2573} INFO - Sync 1 DAGs
[2023-01-15T13:42:02.318+0000] {logging_mixin.py:117} INFO - [2023-01-15T13:42:02.318+0000] {dag.py:3328} INFO - Setting next_dagrun for example_local_kubernetes_executor to None, run_after=None
[2023-01-15T13:42:02.330+0000] {processor.py:178} INFO - Processing /home/airflow/.local/lib/python3.7/site-packages/airflow/example_dags/example_local_kubernetes_executor.py took 0.077 seconds
[2023-01-15T13:58:05.601+0000] {processor.py:156} INFO - Started process (PID=25697) to work on /home/airflow/.local/lib/python3.7/site-packages/airflow/example_dags/example_local_kubernetes_executor.py
[2023-01-15T13:58:05.603+0000] {processor.py:758} INFO - Processing file /home/airflow/.local/lib/python3.7/site-packages/airflow/example_dags/example_local_kubernetes_executor.py for tasks to queue
[2023-01-15T13:58:05.606+0000] {logging_mixin.py:117} INFO - [2023-01-15T13:58:05.605+0000] {dagbag.py:525} INFO - Filling up the DagBag from /home/airflow/.local/lib/python3.7/site-packages/airflow/example_dags/example_local_kubernetes_executor.py
[2023-01-15T13:58:05.634+0000] {processor.py:768} INFO - DAG(s) dict_keys(['example_local_kubernetes_executor']) retrieved from /home/airflow/.local/lib/python3.7/site-packages/airflow/example_dags/example_local_kubernetes_executor.py
[2023-01-15T13:58:05.687+0000] {logging_mixin.py:117} INFO - [2023-01-15T13:58:05.686+0000] {dag.py:2573} INFO - Sync 1 DAGs
[2023-01-15T13:58:05.708+0000] {logging_mixin.py:117} INFO - [2023-01-15T13:58:05.708+0000] {dag.py:3328} INFO - Setting next_dagrun for example_local_kubernetes_executor to None, run_after=None
[2023-01-15T13:58:05.724+0000] {processor.py:178} INFO - Processing /home/airflow/.local/lib/python3.7/site-packages/airflow/example_dags/example_local_kubernetes_executor.py took 0.127 seconds
[2023-01-15T14:09:07.890+0000] {processor.py:156} INFO - Started process (PID=25760) to work on /home/airflow/.local/lib/python3.7/site-packages/airflow/example_dags/example_local_kubernetes_executor.py
[2023-01-15T14:09:07.892+0000] {processor.py:758} INFO - Processing file /home/airflow/.local/lib/python3.7/site-packages/airflow/example_dags/example_local_kubernetes_executor.py for tasks to queue
[2023-01-15T14:09:07.893+0000] {logging_mixin.py:117} INFO - [2023-01-15T14:09:07.893+0000] {dagbag.py:525} INFO - Filling up the DagBag from /home/airflow/.local/lib/python3.7/site-packages/airflow/example_dags/example_local_kubernetes_executor.py
[2023-01-15T14:09:07.923+0000] {processor.py:768} INFO - DAG(s) dict_keys(['example_local_kubernetes_executor']) retrieved from /home/airflow/.local/lib/python3.7/site-packages/airflow/example_dags/example_local_kubernetes_executor.py
[2023-01-15T14:09:07.955+0000] {logging_mixin.py:117} INFO - [2023-01-15T14:09:07.955+0000] {dag.py:2573} INFO - Sync 1 DAGs
[2023-01-15T14:09:07.972+0000] {logging_mixin.py:117} INFO - [2023-01-15T14:09:07.972+0000] {dag.py:3328} INFO - Setting next_dagrun for example_local_kubernetes_executor to None, run_after=None
[2023-01-15T14:09:07.998+0000] {processor.py:178} INFO - Processing /home/airflow/.local/lib/python3.7/site-packages/airflow/example_dags/example_local_kubernetes_executor.py took 0.110 seconds
[2023-01-15T14:09:38.431+0000] {processor.py:156} INFO - Started process (PID=25823) to work on /home/airflow/.local/lib/python3.7/site-packages/airflow/example_dags/example_local_kubernetes_executor.py
[2023-01-15T14:09:38.432+0000] {processor.py:758} INFO - Processing file /home/airflow/.local/lib/python3.7/site-packages/airflow/example_dags/example_local_kubernetes_executor.py for tasks to queue
[2023-01-15T14:09:38.433+0000] {logging_mixin.py:117} INFO - [2023-01-15T14:09:38.433+0000] {dagbag.py:525} INFO - Filling up the DagBag from /home/airflow/.local/lib/python3.7/site-packages/airflow/example_dags/example_local_kubernetes_executor.py
[2023-01-15T14:09:38.449+0000] {processor.py:768} INFO - DAG(s) dict_keys(['example_local_kubernetes_executor']) retrieved from /home/airflow/.local/lib/python3.7/site-packages/airflow/example_dags/example_local_kubernetes_executor.py
[2023-01-15T14:09:38.476+0000] {logging_mixin.py:117} INFO - [2023-01-15T14:09:38.476+0000] {dag.py:2573} INFO - Sync 1 DAGs
[2023-01-15T14:09:38.490+0000] {logging_mixin.py:117} INFO - [2023-01-15T14:09:38.490+0000] {dag.py:3328} INFO - Setting next_dagrun for example_local_kubernetes_executor to None, run_after=None
[2023-01-15T14:09:38.500+0000] {processor.py:178} INFO - Processing /home/airflow/.local/lib/python3.7/site-packages/airflow/example_dags/example_local_kubernetes_executor.py took 0.072 seconds
[2023-01-15T14:59:13.490+0000] {processor.py:156} INFO - Started process (PID=25887) to work on /home/airflow/.local/lib/python3.7/site-packages/airflow/example_dags/example_local_kubernetes_executor.py
[2023-01-15T14:59:13.496+0000] {processor.py:758} INFO - Processing file /home/airflow/.local/lib/python3.7/site-packages/airflow/example_dags/example_local_kubernetes_executor.py for tasks to queue
[2023-01-15T14:59:13.503+0000] {logging_mixin.py:117} INFO - [2023-01-15T14:59:13.503+0000] {dagbag.py:525} INFO - Filling up the DagBag from /home/airflow/.local/lib/python3.7/site-packages/airflow/example_dags/example_local_kubernetes_executor.py
[2023-01-15T14:59:13.545+0000] {processor.py:768} INFO - DAG(s) dict_keys(['example_local_kubernetes_executor']) retrieved from /home/airflow/.local/lib/python3.7/site-packages/airflow/example_dags/example_local_kubernetes_executor.py
[2023-01-15T14:59:13.596+0000] {logging_mixin.py:117} INFO - [2023-01-15T14:59:13.596+0000] {dag.py:2573} INFO - Sync 1 DAGs
[2023-01-15T14:59:13.637+0000] {logging_mixin.py:117} INFO - [2023-01-15T14:59:13.637+0000] {dag.py:3328} INFO - Setting next_dagrun for example_local_kubernetes_executor to None, run_after=None
[2023-01-15T14:59:13.673+0000] {processor.py:178} INFO - Processing /home/airflow/.local/lib/python3.7/site-packages/airflow/example_dags/example_local_kubernetes_executor.py took 0.188 seconds
[2023-01-15T16:21:35.583+0000] {processor.py:156} INFO - Started process (PID=25941) to work on /home/airflow/.local/lib/python3.7/site-packages/airflow/example_dags/example_local_kubernetes_executor.py
[2023-01-15T16:21:35.585+0000] {processor.py:758} INFO - Processing file /home/airflow/.local/lib/python3.7/site-packages/airflow/example_dags/example_local_kubernetes_executor.py for tasks to queue
[2023-01-15T16:21:35.586+0000] {logging_mixin.py:117} INFO - [2023-01-15T16:21:35.586+0000] {dagbag.py:525} INFO - Filling up the DagBag from /home/airflow/.local/lib/python3.7/site-packages/airflow/example_dags/example_local_kubernetes_executor.py
[2023-01-15T16:21:35.603+0000] {processor.py:768} INFO - DAG(s) dict_keys(['example_local_kubernetes_executor']) retrieved from /home/airflow/.local/lib/python3.7/site-packages/airflow/example_dags/example_local_kubernetes_executor.py
[2023-01-15T16:21:35.645+0000] {logging_mixin.py:117} INFO - [2023-01-15T16:21:35.645+0000] {dag.py:2573} INFO - Sync 1 DAGs
[2023-01-15T16:21:35.668+0000] {logging_mixin.py:117} INFO - [2023-01-15T16:21:35.668+0000] {dag.py:3328} INFO - Setting next_dagrun for example_local_kubernetes_executor to None, run_after=None
[2023-01-15T16:21:35.683+0000] {processor.py:178} INFO - Processing /home/airflow/.local/lib/python3.7/site-packages/airflow/example_dags/example_local_kubernetes_executor.py took 0.105 seconds
[2023-01-15T17:27:03.461+0000] {processor.py:156} INFO - Started process (PID=26004) to work on /home/airflow/.local/lib/python3.7/site-packages/airflow/example_dags/example_local_kubernetes_executor.py
[2023-01-15T17:27:03.462+0000] {processor.py:758} INFO - Processing file /home/airflow/.local/lib/python3.7/site-packages/airflow/example_dags/example_local_kubernetes_executor.py for tasks to queue
[2023-01-15T17:27:03.466+0000] {logging_mixin.py:117} INFO - [2023-01-15T17:27:03.466+0000] {dagbag.py:525} INFO - Filling up the DagBag from /home/airflow/.local/lib/python3.7/site-packages/airflow/example_dags/example_local_kubernetes_executor.py
[2023-01-15T17:27:03.506+0000] {processor.py:768} INFO - DAG(s) dict_keys(['example_local_kubernetes_executor']) retrieved from /home/airflow/.local/lib/python3.7/site-packages/airflow/example_dags/example_local_kubernetes_executor.py
[2023-01-15T17:27:03.587+0000] {logging_mixin.py:117} INFO - [2023-01-15T17:27:03.587+0000] {dag.py:2573} INFO - Sync 1 DAGs
[2023-01-15T17:27:03.619+0000] {logging_mixin.py:117} INFO - [2023-01-15T17:27:03.619+0000] {dag.py:3328} INFO - Setting next_dagrun for example_local_kubernetes_executor to None, run_after=None
[2023-01-15T17:27:03.640+0000] {processor.py:178} INFO - Processing /home/airflow/.local/lib/python3.7/site-packages/airflow/example_dags/example_local_kubernetes_executor.py took 0.183 seconds
[2023-01-15T18:23:36.392+0000] {processor.py:156} INFO - Started process (PID=26067) to work on /home/airflow/.local/lib/python3.7/site-packages/airflow/example_dags/example_local_kubernetes_executor.py
[2023-01-15T18:23:36.394+0000] {processor.py:758} INFO - Processing file /home/airflow/.local/lib/python3.7/site-packages/airflow/example_dags/example_local_kubernetes_executor.py for tasks to queue
[2023-01-15T18:23:36.397+0000] {logging_mixin.py:117} INFO - [2023-01-15T18:23:36.397+0000] {dagbag.py:525} INFO - Filling up the DagBag from /home/airflow/.local/lib/python3.7/site-packages/airflow/example_dags/example_local_kubernetes_executor.py
[2023-01-15T18:23:36.427+0000] {processor.py:768} INFO - DAG(s) dict_keys(['example_local_kubernetes_executor']) retrieved from /home/airflow/.local/lib/python3.7/site-packages/airflow/example_dags/example_local_kubernetes_executor.py
[2023-01-15T18:23:36.469+0000] {logging_mixin.py:117} INFO - [2023-01-15T18:23:36.469+0000] {dag.py:2573} INFO - Sync 1 DAGs
[2023-01-15T18:23:36.486+0000] {logging_mixin.py:117} INFO - [2023-01-15T18:23:36.486+0000] {dag.py:3328} INFO - Setting next_dagrun for example_local_kubernetes_executor to None, run_after=None
[2023-01-15T18:23:36.500+0000] {processor.py:178} INFO - Processing /home/airflow/.local/lib/python3.7/site-packages/airflow/example_dags/example_local_kubernetes_executor.py took 0.111 seconds
[2023-01-15T19:46:54.011+0000] {processor.py:156} INFO - Started process (PID=26121) to work on /home/airflow/.local/lib/python3.7/site-packages/airflow/example_dags/example_local_kubernetes_executor.py
[2023-01-15T19:46:54.013+0000] {processor.py:758} INFO - Processing file /home/airflow/.local/lib/python3.7/site-packages/airflow/example_dags/example_local_kubernetes_executor.py for tasks to queue
[2023-01-15T19:46:54.014+0000] {logging_mixin.py:117} INFO - [2023-01-15T19:46:54.014+0000] {dagbag.py:525} INFO - Filling up the DagBag from /home/airflow/.local/lib/python3.7/site-packages/airflow/example_dags/example_local_kubernetes_executor.py
[2023-01-15T19:46:54.052+0000] {processor.py:768} INFO - DAG(s) dict_keys(['example_local_kubernetes_executor']) retrieved from /home/airflow/.local/lib/python3.7/site-packages/airflow/example_dags/example_local_kubernetes_executor.py
[2023-01-15T19:46:54.120+0000] {logging_mixin.py:117} INFO - [2023-01-15T19:46:54.119+0000] {dag.py:2573} INFO - Sync 1 DAGs
[2023-01-15T19:46:54.188+0000] {logging_mixin.py:117} INFO - [2023-01-15T19:46:54.188+0000] {dag.py:3328} INFO - Setting next_dagrun for example_local_kubernetes_executor to None, run_after=None
[2023-01-15T19:46:54.221+0000] {processor.py:178} INFO - Processing /home/airflow/.local/lib/python3.7/site-packages/airflow/example_dags/example_local_kubernetes_executor.py took 0.218 seconds
[2023-01-15T20:53:28.839+0000] {processor.py:156} INFO - Started process (PID=26183) to work on /home/airflow/.local/lib/python3.7/site-packages/airflow/example_dags/example_local_kubernetes_executor.py
[2023-01-15T20:53:28.849+0000] {processor.py:758} INFO - Processing file /home/airflow/.local/lib/python3.7/site-packages/airflow/example_dags/example_local_kubernetes_executor.py for tasks to queue
[2023-01-15T20:53:28.855+0000] {logging_mixin.py:117} INFO - [2023-01-15T20:53:28.855+0000] {dagbag.py:525} INFO - Filling up the DagBag from /home/airflow/.local/lib/python3.7/site-packages/airflow/example_dags/example_local_kubernetes_executor.py
[2023-01-15T20:53:28.922+0000] {processor.py:768} INFO - DAG(s) dict_keys(['example_local_kubernetes_executor']) retrieved from /home/airflow/.local/lib/python3.7/site-packages/airflow/example_dags/example_local_kubernetes_executor.py
[2023-01-15T20:53:29.028+0000] {logging_mixin.py:117} INFO - [2023-01-15T20:53:29.028+0000] {dag.py:2573} INFO - Sync 1 DAGs
[2023-01-15T20:53:29.084+0000] {logging_mixin.py:117} INFO - [2023-01-15T20:53:29.084+0000] {dag.py:3328} INFO - Setting next_dagrun for example_local_kubernetes_executor to None, run_after=None
[2023-01-15T20:53:29.105+0000] {processor.py:178} INFO - Processing /home/airflow/.local/lib/python3.7/site-packages/airflow/example_dags/example_local_kubernetes_executor.py took 0.271 seconds
[2023-01-15T21:52:32.760+0000] {processor.py:156} INFO - Started process (PID=26246) to work on /home/airflow/.local/lib/python3.7/site-packages/airflow/example_dags/example_local_kubernetes_executor.py
[2023-01-15T21:52:32.763+0000] {processor.py:758} INFO - Processing file /home/airflow/.local/lib/python3.7/site-packages/airflow/example_dags/example_local_kubernetes_executor.py for tasks to queue
[2023-01-15T21:52:32.764+0000] {logging_mixin.py:117} INFO - [2023-01-15T21:52:32.764+0000] {dagbag.py:525} INFO - Filling up the DagBag from /home/airflow/.local/lib/python3.7/site-packages/airflow/example_dags/example_local_kubernetes_executor.py
[2023-01-15T21:52:32.792+0000] {processor.py:768} INFO - DAG(s) dict_keys(['example_local_kubernetes_executor']) retrieved from /home/airflow/.local/lib/python3.7/site-packages/airflow/example_dags/example_local_kubernetes_executor.py
[2023-01-15T21:52:32.838+0000] {logging_mixin.py:117} INFO - [2023-01-15T21:52:32.838+0000] {dag.py:2573} INFO - Sync 1 DAGs
[2023-01-15T21:52:32.862+0000] {logging_mixin.py:117} INFO - [2023-01-15T21:52:32.862+0000] {dag.py:3328} INFO - Setting next_dagrun for example_local_kubernetes_executor to None, run_after=None
[2023-01-15T21:52:32.878+0000] {processor.py:178} INFO - Processing /home/airflow/.local/lib/python3.7/site-packages/airflow/example_dags/example_local_kubernetes_executor.py took 0.122 seconds
[2023-01-15T23:15:50.366+0000] {processor.py:156} INFO - Started process (PID=26309) to work on /home/airflow/.local/lib/python3.7/site-packages/airflow/example_dags/example_local_kubernetes_executor.py
[2023-01-15T23:15:50.368+0000] {processor.py:758} INFO - Processing file /home/airflow/.local/lib/python3.7/site-packages/airflow/example_dags/example_local_kubernetes_executor.py for tasks to queue
[2023-01-15T23:15:50.369+0000] {logging_mixin.py:117} INFO - [2023-01-15T23:15:50.368+0000] {dagbag.py:525} INFO - Filling up the DagBag from /home/airflow/.local/lib/python3.7/site-packages/airflow/example_dags/example_local_kubernetes_executor.py
[2023-01-15T23:15:50.418+0000] {processor.py:768} INFO - DAG(s) dict_keys(['example_local_kubernetes_executor']) retrieved from /home/airflow/.local/lib/python3.7/site-packages/airflow/example_dags/example_local_kubernetes_executor.py
[2023-01-15T23:15:50.519+0000] {logging_mixin.py:117} INFO - [2023-01-15T23:15:50.519+0000] {dag.py:2573} INFO - Sync 1 DAGs
[2023-01-15T23:15:50.557+0000] {logging_mixin.py:117} INFO - [2023-01-15T23:15:50.557+0000] {dag.py:3328} INFO - Setting next_dagrun for example_local_kubernetes_executor to None, run_after=None
[2023-01-15T23:15:50.603+0000] {processor.py:178} INFO - Processing /home/airflow/.local/lib/python3.7/site-packages/airflow/example_dags/example_local_kubernetes_executor.py took 0.240 seconds
