[2023-01-15T00:38:58.850+0000] {processor.py:156} INFO - Started process (PID=24106) to work on /home/airflow/.local/lib/python3.7/site-packages/airflow/example_dags/example_branch_python_dop_operator_3.py
[2023-01-15T00:38:58.852+0000] {processor.py:758} INFO - Processing file /home/airflow/.local/lib/python3.7/site-packages/airflow/example_dags/example_branch_python_dop_operator_3.py for tasks to queue
[2023-01-15T00:38:58.855+0000] {logging_mixin.py:117} INFO - [2023-01-15T00:38:58.855+0000] {dagbag.py:525} INFO - Filling up the DagBag from /home/airflow/.local/lib/python3.7/site-packages/airflow/example_dags/example_branch_python_dop_operator_3.py
[2023-01-15T00:38:58.885+0000] {processor.py:768} INFO - DAG(s) dict_keys(['example_branch_dop_operator_v3']) retrieved from /home/airflow/.local/lib/python3.7/site-packages/airflow/example_dags/example_branch_python_dop_operator_3.py
[2023-01-15T00:38:58.967+0000] {logging_mixin.py:117} INFO - [2023-01-15T00:38:58.967+0000] {dag.py:2573} INFO - Sync 1 DAGs
[2023-01-15T00:38:58.992+0000] {logging_mixin.py:117} INFO - [2023-01-15T00:38:58.992+0000] {dag.py:3328} INFO - Setting next_dagrun for example_branch_dop_operator_v3 to 2023-01-15T00:37:00+00:00, run_after=2023-01-15T00:38:00+00:00
[2023-01-15T00:38:59.012+0000] {processor.py:178} INFO - Processing /home/airflow/.local/lib/python3.7/site-packages/airflow/example_dags/example_branch_python_dop_operator_3.py took 0.165 seconds
[2023-01-15T01:44:16.830+0000] {processor.py:156} INFO - Started process (PID=24169) to work on /home/airflow/.local/lib/python3.7/site-packages/airflow/example_dags/example_branch_python_dop_operator_3.py
[2023-01-15T01:44:16.835+0000] {processor.py:758} INFO - Processing file /home/airflow/.local/lib/python3.7/site-packages/airflow/example_dags/example_branch_python_dop_operator_3.py for tasks to queue
[2023-01-15T01:44:16.836+0000] {logging_mixin.py:117} INFO - [2023-01-15T01:44:16.836+0000] {dagbag.py:525} INFO - Filling up the DagBag from /home/airflow/.local/lib/python3.7/site-packages/airflow/example_dags/example_branch_python_dop_operator_3.py
[2023-01-15T01:44:16.917+0000] {processor.py:768} INFO - DAG(s) dict_keys(['example_branch_dop_operator_v3']) retrieved from /home/airflow/.local/lib/python3.7/site-packages/airflow/example_dags/example_branch_python_dop_operator_3.py
[2023-01-15T01:44:17.020+0000] {logging_mixin.py:117} INFO - [2023-01-15T01:44:17.020+0000] {dag.py:2573} INFO - Sync 1 DAGs
[2023-01-15T01:44:17.071+0000] {logging_mixin.py:117} INFO - [2023-01-15T01:44:17.071+0000] {dag.py:3328} INFO - Setting next_dagrun for example_branch_dop_operator_v3 to 2023-01-15T01:43:00+00:00, run_after=2023-01-15T01:44:00+00:00
[2023-01-15T01:44:17.110+0000] {processor.py:178} INFO - Processing /home/airflow/.local/lib/python3.7/site-packages/airflow/example_dags/example_branch_python_dop_operator_3.py took 0.286 seconds
[2023-01-15T02:15:45.895+0000] {processor.py:156} INFO - Started process (PID=24223) to work on /home/airflow/.local/lib/python3.7/site-packages/airflow/example_dags/example_branch_python_dop_operator_3.py
[2023-01-15T02:15:45.896+0000] {processor.py:758} INFO - Processing file /home/airflow/.local/lib/python3.7/site-packages/airflow/example_dags/example_branch_python_dop_operator_3.py for tasks to queue
[2023-01-15T02:15:45.896+0000] {logging_mixin.py:117} INFO - [2023-01-15T02:15:45.896+0000] {dagbag.py:525} INFO - Filling up the DagBag from /home/airflow/.local/lib/python3.7/site-packages/airflow/example_dags/example_branch_python_dop_operator_3.py
[2023-01-15T02:15:45.912+0000] {processor.py:768} INFO - DAG(s) dict_keys(['example_branch_dop_operator_v3']) retrieved from /home/airflow/.local/lib/python3.7/site-packages/airflow/example_dags/example_branch_python_dop_operator_3.py
[2023-01-15T02:15:45.944+0000] {logging_mixin.py:117} INFO - [2023-01-15T02:15:45.944+0000] {dag.py:2573} INFO - Sync 1 DAGs
[2023-01-15T02:15:45.961+0000] {logging_mixin.py:117} INFO - [2023-01-15T02:15:45.961+0000] {dag.py:3328} INFO - Setting next_dagrun for example_branch_dop_operator_v3 to 2023-01-15T02:14:00+00:00, run_after=2023-01-15T02:15:00+00:00
[2023-01-15T02:15:45.976+0000] {processor.py:178} INFO - Processing /home/airflow/.local/lib/python3.7/site-packages/airflow/example_dags/example_branch_python_dop_operator_3.py took 0.084 seconds
[2023-01-15T02:16:16.597+0000] {processor.py:156} INFO - Started process (PID=24286) to work on /home/airflow/.local/lib/python3.7/site-packages/airflow/example_dags/example_branch_python_dop_operator_3.py
[2023-01-15T02:16:16.598+0000] {processor.py:758} INFO - Processing file /home/airflow/.local/lib/python3.7/site-packages/airflow/example_dags/example_branch_python_dop_operator_3.py for tasks to queue
[2023-01-15T02:16:16.599+0000] {logging_mixin.py:117} INFO - [2023-01-15T02:16:16.599+0000] {dagbag.py:525} INFO - Filling up the DagBag from /home/airflow/.local/lib/python3.7/site-packages/airflow/example_dags/example_branch_python_dop_operator_3.py
[2023-01-15T02:16:16.613+0000] {processor.py:768} INFO - DAG(s) dict_keys(['example_branch_dop_operator_v3']) retrieved from /home/airflow/.local/lib/python3.7/site-packages/airflow/example_dags/example_branch_python_dop_operator_3.py
[2023-01-15T02:16:16.640+0000] {logging_mixin.py:117} INFO - [2023-01-15T02:16:16.640+0000] {dag.py:2573} INFO - Sync 1 DAGs
[2023-01-15T02:16:16.655+0000] {logging_mixin.py:117} INFO - [2023-01-15T02:16:16.655+0000] {dag.py:3328} INFO - Setting next_dagrun for example_branch_dop_operator_v3 to 2023-01-15T02:15:00+00:00, run_after=2023-01-15T02:16:00+00:00
[2023-01-15T02:16:16.667+0000] {processor.py:178} INFO - Processing /home/airflow/.local/lib/python3.7/site-packages/airflow/example_dags/example_branch_python_dop_operator_3.py took 0.074 seconds
[2023-01-15T02:49:43.165+0000] {processor.py:156} INFO - Started process (PID=24349) to work on /home/airflow/.local/lib/python3.7/site-packages/airflow/example_dags/example_branch_python_dop_operator_3.py
[2023-01-15T02:49:43.169+0000] {processor.py:758} INFO - Processing file /home/airflow/.local/lib/python3.7/site-packages/airflow/example_dags/example_branch_python_dop_operator_3.py for tasks to queue
[2023-01-15T02:49:43.171+0000] {logging_mixin.py:117} INFO - [2023-01-15T02:49:43.171+0000] {dagbag.py:525} INFO - Filling up the DagBag from /home/airflow/.local/lib/python3.7/site-packages/airflow/example_dags/example_branch_python_dop_operator_3.py
[2023-01-15T02:49:43.224+0000] {processor.py:768} INFO - DAG(s) dict_keys(['example_branch_dop_operator_v3']) retrieved from /home/airflow/.local/lib/python3.7/site-packages/airflow/example_dags/example_branch_python_dop_operator_3.py
[2023-01-15T02:49:43.299+0000] {logging_mixin.py:117} INFO - [2023-01-15T02:49:43.299+0000] {dag.py:2573} INFO - Sync 1 DAGs
[2023-01-15T02:49:43.336+0000] {logging_mixin.py:117} INFO - [2023-01-15T02:49:43.335+0000] {dag.py:3328} INFO - Setting next_dagrun for example_branch_dop_operator_v3 to 2023-01-15T02:48:00+00:00, run_after=2023-01-15T02:49:00+00:00
[2023-01-15T02:49:43.371+0000] {processor.py:178} INFO - Processing /home/airflow/.local/lib/python3.7/site-packages/airflow/example_dags/example_branch_python_dop_operator_3.py took 0.212 seconds
[2023-01-15T04:11:01.651+0000] {processor.py:156} INFO - Started process (PID=24412) to work on /home/airflow/.local/lib/python3.7/site-packages/airflow/example_dags/example_branch_python_dop_operator_3.py
[2023-01-15T04:11:01.653+0000] {processor.py:758} INFO - Processing file /home/airflow/.local/lib/python3.7/site-packages/airflow/example_dags/example_branch_python_dop_operator_3.py for tasks to queue
[2023-01-15T04:11:01.654+0000] {logging_mixin.py:117} INFO - [2023-01-15T04:11:01.654+0000] {dagbag.py:525} INFO - Filling up the DagBag from /home/airflow/.local/lib/python3.7/site-packages/airflow/example_dags/example_branch_python_dop_operator_3.py
[2023-01-15T04:11:01.684+0000] {processor.py:768} INFO - DAG(s) dict_keys(['example_branch_dop_operator_v3']) retrieved from /home/airflow/.local/lib/python3.7/site-packages/airflow/example_dags/example_branch_python_dop_operator_3.py
[2023-01-15T04:11:01.744+0000] {logging_mixin.py:117} INFO - [2023-01-15T04:11:01.744+0000] {dag.py:2573} INFO - Sync 1 DAGs
[2023-01-15T04:11:01.778+0000] {logging_mixin.py:117} INFO - [2023-01-15T04:11:01.778+0000] {dag.py:3328} INFO - Setting next_dagrun for example_branch_dop_operator_v3 to 2023-01-15T04:10:00+00:00, run_after=2023-01-15T04:11:00+00:00
[2023-01-15T04:11:01.804+0000] {processor.py:178} INFO - Processing /home/airflow/.local/lib/python3.7/site-packages/airflow/example_dags/example_branch_python_dop_operator_3.py took 0.155 seconds
[2023-01-15T05:08:49.865+0000] {processor.py:156} INFO - Started process (PID=24476) to work on /home/airflow/.local/lib/python3.7/site-packages/airflow/example_dags/example_branch_python_dop_operator_3.py
[2023-01-15T05:08:49.868+0000] {processor.py:758} INFO - Processing file /home/airflow/.local/lib/python3.7/site-packages/airflow/example_dags/example_branch_python_dop_operator_3.py for tasks to queue
[2023-01-15T05:08:49.870+0000] {logging_mixin.py:117} INFO - [2023-01-15T05:08:49.870+0000] {dagbag.py:525} INFO - Filling up the DagBag from /home/airflow/.local/lib/python3.7/site-packages/airflow/example_dags/example_branch_python_dop_operator_3.py
[2023-01-15T05:08:49.945+0000] {processor.py:768} INFO - DAG(s) dict_keys(['example_branch_dop_operator_v3']) retrieved from /home/airflow/.local/lib/python3.7/site-packages/airflow/example_dags/example_branch_python_dop_operator_3.py
[2023-01-15T05:08:50.022+0000] {logging_mixin.py:117} INFO - [2023-01-15T05:08:50.022+0000] {dag.py:2573} INFO - Sync 1 DAGs
[2023-01-15T05:08:50.061+0000] {logging_mixin.py:117} INFO - [2023-01-15T05:08:50.060+0000] {dag.py:3328} INFO - Setting next_dagrun for example_branch_dop_operator_v3 to 2023-01-15T05:07:00+00:00, run_after=2023-01-15T05:08:00+00:00
[2023-01-15T05:08:50.091+0000] {processor.py:178} INFO - Processing /home/airflow/.local/lib/python3.7/site-packages/airflow/example_dags/example_branch_python_dop_operator_3.py took 0.231 seconds
[2023-01-15T06:14:18.080+0000] {processor.py:156} INFO - Started process (PID=24530) to work on /home/airflow/.local/lib/python3.7/site-packages/airflow/example_dags/example_branch_python_dop_operator_3.py
[2023-01-15T06:14:18.082+0000] {processor.py:758} INFO - Processing file /home/airflow/.local/lib/python3.7/site-packages/airflow/example_dags/example_branch_python_dop_operator_3.py for tasks to queue
[2023-01-15T06:14:18.083+0000] {logging_mixin.py:117} INFO - [2023-01-15T06:14:18.083+0000] {dagbag.py:525} INFO - Filling up the DagBag from /home/airflow/.local/lib/python3.7/site-packages/airflow/example_dags/example_branch_python_dop_operator_3.py
[2023-01-15T06:14:18.135+0000] {processor.py:768} INFO - DAG(s) dict_keys(['example_branch_dop_operator_v3']) retrieved from /home/airflow/.local/lib/python3.7/site-packages/airflow/example_dags/example_branch_python_dop_operator_3.py
[2023-01-15T06:14:18.248+0000] {logging_mixin.py:117} INFO - [2023-01-15T06:14:18.247+0000] {dag.py:2573} INFO - Sync 1 DAGs
[2023-01-15T06:14:18.281+0000] {logging_mixin.py:117} INFO - [2023-01-15T06:14:18.281+0000] {dag.py:3328} INFO - Setting next_dagrun for example_branch_dop_operator_v3 to 2023-01-15T06:13:00+00:00, run_after=2023-01-15T06:14:00+00:00
[2023-01-15T06:14:18.302+0000] {processor.py:178} INFO - Processing /home/airflow/.local/lib/python3.7/site-packages/airflow/example_dags/example_branch_python_dop_operator_3.py took 0.227 seconds
[2023-01-15T06:57:23.969+0000] {processor.py:156} INFO - Started process (PID=24593) to work on /home/airflow/.local/lib/python3.7/site-packages/airflow/example_dags/example_branch_python_dop_operator_3.py
[2023-01-15T06:57:23.971+0000] {processor.py:758} INFO - Processing file /home/airflow/.local/lib/python3.7/site-packages/airflow/example_dags/example_branch_python_dop_operator_3.py for tasks to queue
[2023-01-15T06:57:23.974+0000] {logging_mixin.py:117} INFO - [2023-01-15T06:57:23.974+0000] {dagbag.py:525} INFO - Filling up the DagBag from /home/airflow/.local/lib/python3.7/site-packages/airflow/example_dags/example_branch_python_dop_operator_3.py
[2023-01-15T06:57:24.012+0000] {processor.py:768} INFO - DAG(s) dict_keys(['example_branch_dop_operator_v3']) retrieved from /home/airflow/.local/lib/python3.7/site-packages/airflow/example_dags/example_branch_python_dop_operator_3.py
[2023-01-15T06:57:24.094+0000] {logging_mixin.py:117} INFO - [2023-01-15T06:57:24.094+0000] {dag.py:2573} INFO - Sync 1 DAGs
[2023-01-15T06:57:24.128+0000] {logging_mixin.py:117} INFO - [2023-01-15T06:57:24.128+0000] {dag.py:3328} INFO - Setting next_dagrun for example_branch_dop_operator_v3 to 2023-01-15T06:56:00+00:00, run_after=2023-01-15T06:57:00+00:00
[2023-01-15T06:57:24.165+0000] {processor.py:178} INFO - Processing /home/airflow/.local/lib/python3.7/site-packages/airflow/example_dags/example_branch_python_dop_operator_3.py took 0.200 seconds
[2023-01-15T08:03:15.600+0000] {processor.py:156} INFO - Started process (PID=24656) to work on /home/airflow/.local/lib/python3.7/site-packages/airflow/example_dags/example_branch_python_dop_operator_3.py
[2023-01-15T08:03:15.601+0000] {processor.py:758} INFO - Processing file /home/airflow/.local/lib/python3.7/site-packages/airflow/example_dags/example_branch_python_dop_operator_3.py for tasks to queue
[2023-01-15T08:03:15.602+0000] {logging_mixin.py:117} INFO - [2023-01-15T08:03:15.602+0000] {dagbag.py:525} INFO - Filling up the DagBag from /home/airflow/.local/lib/python3.7/site-packages/airflow/example_dags/example_branch_python_dop_operator_3.py
[2023-01-15T08:03:15.623+0000] {processor.py:768} INFO - DAG(s) dict_keys(['example_branch_dop_operator_v3']) retrieved from /home/airflow/.local/lib/python3.7/site-packages/airflow/example_dags/example_branch_python_dop_operator_3.py
[2023-01-15T08:03:15.673+0000] {logging_mixin.py:117} INFO - [2023-01-15T08:03:15.673+0000] {dag.py:2573} INFO - Sync 1 DAGs
[2023-01-15T08:03:15.705+0000] {logging_mixin.py:117} INFO - [2023-01-15T08:03:15.704+0000] {dag.py:3328} INFO - Setting next_dagrun for example_branch_dop_operator_v3 to 2023-01-15T08:02:00+00:00, run_after=2023-01-15T08:03:00+00:00
[2023-01-15T08:03:15.721+0000] {processor.py:178} INFO - Processing /home/airflow/.local/lib/python3.7/site-packages/airflow/example_dags/example_branch_python_dop_operator_3.py took 0.125 seconds
[2023-01-15T09:11:05.679+0000] {processor.py:156} INFO - Started process (PID=24720) to work on /home/airflow/.local/lib/python3.7/site-packages/airflow/example_dags/example_branch_python_dop_operator_3.py
[2023-01-15T09:11:05.685+0000] {processor.py:758} INFO - Processing file /home/airflow/.local/lib/python3.7/site-packages/airflow/example_dags/example_branch_python_dop_operator_3.py for tasks to queue
[2023-01-15T09:11:05.687+0000] {logging_mixin.py:117} INFO - [2023-01-15T09:11:05.687+0000] {dagbag.py:525} INFO - Filling up the DagBag from /home/airflow/.local/lib/python3.7/site-packages/airflow/example_dags/example_branch_python_dop_operator_3.py
[2023-01-15T09:11:05.726+0000] {processor.py:768} INFO - DAG(s) dict_keys(['example_branch_dop_operator_v3']) retrieved from /home/airflow/.local/lib/python3.7/site-packages/airflow/example_dags/example_branch_python_dop_operator_3.py
[2023-01-15T09:11:05.812+0000] {logging_mixin.py:117} INFO - [2023-01-15T09:11:05.812+0000] {dag.py:2573} INFO - Sync 1 DAGs
[2023-01-15T09:11:05.842+0000] {logging_mixin.py:117} INFO - [2023-01-15T09:11:05.842+0000] {dag.py:3328} INFO - Setting next_dagrun for example_branch_dop_operator_v3 to 2023-01-15T09:10:00+00:00, run_after=2023-01-15T09:11:00+00:00
[2023-01-15T09:11:05.859+0000] {processor.py:178} INFO - Processing /home/airflow/.local/lib/python3.7/site-packages/airflow/example_dags/example_branch_python_dop_operator_3.py took 0.183 seconds
[2023-01-15T09:32:52.917+0000] {processor.py:156} INFO - Started process (PID=24774) to work on /home/airflow/.local/lib/python3.7/site-packages/airflow/example_dags/example_branch_python_dop_operator_3.py
[2023-01-15T09:32:52.921+0000] {processor.py:758} INFO - Processing file /home/airflow/.local/lib/python3.7/site-packages/airflow/example_dags/example_branch_python_dop_operator_3.py for tasks to queue
[2023-01-15T09:32:52.927+0000] {logging_mixin.py:117} INFO - [2023-01-15T09:32:52.924+0000] {dagbag.py:525} INFO - Filling up the DagBag from /home/airflow/.local/lib/python3.7/site-packages/airflow/example_dags/example_branch_python_dop_operator_3.py
[2023-01-15T09:32:52.965+0000] {processor.py:768} INFO - DAG(s) dict_keys(['example_branch_dop_operator_v3']) retrieved from /home/airflow/.local/lib/python3.7/site-packages/airflow/example_dags/example_branch_python_dop_operator_3.py
[2023-01-15T09:32:53.020+0000] {logging_mixin.py:117} INFO - [2023-01-15T09:32:53.020+0000] {dag.py:2573} INFO - Sync 1 DAGs
[2023-01-15T09:32:53.057+0000] {logging_mixin.py:117} INFO - [2023-01-15T09:32:53.056+0000] {dag.py:3328} INFO - Setting next_dagrun for example_branch_dop_operator_v3 to 2023-01-15T09:31:00+00:00, run_after=2023-01-15T09:32:00+00:00
[2023-01-15T09:32:53.086+0000] {processor.py:178} INFO - Processing /home/airflow/.local/lib/python3.7/site-packages/airflow/example_dags/example_branch_python_dop_operator_3.py took 0.173 seconds
[2023-01-15T09:33:54.975+0000] {processor.py:156} INFO - Started process (PID=24837) to work on /home/airflow/.local/lib/python3.7/site-packages/airflow/example_dags/example_branch_python_dop_operator_3.py
[2023-01-15T09:33:54.977+0000] {processor.py:758} INFO - Processing file /home/airflow/.local/lib/python3.7/site-packages/airflow/example_dags/example_branch_python_dop_operator_3.py for tasks to queue
[2023-01-15T09:33:54.977+0000] {logging_mixin.py:117} INFO - [2023-01-15T09:33:54.977+0000] {dagbag.py:525} INFO - Filling up the DagBag from /home/airflow/.local/lib/python3.7/site-packages/airflow/example_dags/example_branch_python_dop_operator_3.py
[2023-01-15T09:33:54.993+0000] {processor.py:768} INFO - DAG(s) dict_keys(['example_branch_dop_operator_v3']) retrieved from /home/airflow/.local/lib/python3.7/site-packages/airflow/example_dags/example_branch_python_dop_operator_3.py
[2023-01-15T09:33:55.020+0000] {logging_mixin.py:117} INFO - [2023-01-15T09:33:55.020+0000] {dag.py:2573} INFO - Sync 1 DAGs
[2023-01-15T09:33:55.037+0000] {logging_mixin.py:117} INFO - [2023-01-15T09:33:55.037+0000] {dag.py:3328} INFO - Setting next_dagrun for example_branch_dop_operator_v3 to 2023-01-15T09:32:00+00:00, run_after=2023-01-15T09:33:00+00:00
[2023-01-15T09:33:55.048+0000] {processor.py:178} INFO - Processing /home/airflow/.local/lib/python3.7/site-packages/airflow/example_dags/example_branch_python_dop_operator_3.py took 0.075 seconds
[2023-01-15T09:43:29.082+0000] {processor.py:156} INFO - Started process (PID=24900) to work on /home/airflow/.local/lib/python3.7/site-packages/airflow/example_dags/example_branch_python_dop_operator_3.py
[2023-01-15T09:43:29.088+0000] {processor.py:758} INFO - Processing file /home/airflow/.local/lib/python3.7/site-packages/airflow/example_dags/example_branch_python_dop_operator_3.py for tasks to queue
[2023-01-15T09:43:29.091+0000] {logging_mixin.py:117} INFO - [2023-01-15T09:43:29.090+0000] {dagbag.py:525} INFO - Filling up the DagBag from /home/airflow/.local/lib/python3.7/site-packages/airflow/example_dags/example_branch_python_dop_operator_3.py
[2023-01-15T09:43:29.134+0000] {processor.py:768} INFO - DAG(s) dict_keys(['example_branch_dop_operator_v3']) retrieved from /home/airflow/.local/lib/python3.7/site-packages/airflow/example_dags/example_branch_python_dop_operator_3.py
[2023-01-15T09:43:29.237+0000] {logging_mixin.py:117} INFO - [2023-01-15T09:43:29.236+0000] {dag.py:2573} INFO - Sync 1 DAGs
[2023-01-15T09:43:29.292+0000] {logging_mixin.py:117} INFO - [2023-01-15T09:43:29.292+0000] {dag.py:3328} INFO - Setting next_dagrun for example_branch_dop_operator_v3 to 2023-01-15T09:42:00+00:00, run_after=2023-01-15T09:43:00+00:00
[2023-01-15T09:43:29.324+0000] {processor.py:178} INFO - Processing /home/airflow/.local/lib/python3.7/site-packages/airflow/example_dags/example_branch_python_dop_operator_3.py took 0.246 seconds
[2023-01-15T11:04:08.669+0000] {processor.py:156} INFO - Started process (PID=24962) to work on /home/airflow/.local/lib/python3.7/site-packages/airflow/example_dags/example_branch_python_dop_operator_3.py
[2023-01-15T11:04:08.672+0000] {processor.py:758} INFO - Processing file /home/airflow/.local/lib/python3.7/site-packages/airflow/example_dags/example_branch_python_dop_operator_3.py for tasks to queue
[2023-01-15T11:04:08.674+0000] {logging_mixin.py:117} INFO - [2023-01-15T11:04:08.674+0000] {dagbag.py:525} INFO - Filling up the DagBag from /home/airflow/.local/lib/python3.7/site-packages/airflow/example_dags/example_branch_python_dop_operator_3.py
[2023-01-15T11:04:08.699+0000] {processor.py:768} INFO - DAG(s) dict_keys(['example_branch_dop_operator_v3']) retrieved from /home/airflow/.local/lib/python3.7/site-packages/airflow/example_dags/example_branch_python_dop_operator_3.py
[2023-01-15T11:04:08.740+0000] {logging_mixin.py:117} INFO - [2023-01-15T11:04:08.740+0000] {dag.py:2573} INFO - Sync 1 DAGs
[2023-01-15T11:04:08.772+0000] {logging_mixin.py:117} INFO - [2023-01-15T11:04:08.772+0000] {dag.py:3328} INFO - Setting next_dagrun for example_branch_dop_operator_v3 to 2023-01-15T11:03:00+00:00, run_after=2023-01-15T11:04:00+00:00
[2023-01-15T11:04:08.802+0000] {processor.py:178} INFO - Processing /home/airflow/.local/lib/python3.7/site-packages/airflow/example_dags/example_branch_python_dop_operator_3.py took 0.137 seconds
[2023-01-15T12:04:15.428+0000] {processor.py:156} INFO - Started process (PID=25017) to work on /home/airflow/.local/lib/python3.7/site-packages/airflow/example_dags/example_branch_python_dop_operator_3.py
[2023-01-15T12:04:15.430+0000] {processor.py:758} INFO - Processing file /home/airflow/.local/lib/python3.7/site-packages/airflow/example_dags/example_branch_python_dop_operator_3.py for tasks to queue
[2023-01-15T12:04:15.431+0000] {logging_mixin.py:117} INFO - [2023-01-15T12:04:15.431+0000] {dagbag.py:525} INFO - Filling up the DagBag from /home/airflow/.local/lib/python3.7/site-packages/airflow/example_dags/example_branch_python_dop_operator_3.py
[2023-01-15T12:04:15.458+0000] {processor.py:768} INFO - DAG(s) dict_keys(['example_branch_dop_operator_v3']) retrieved from /home/airflow/.local/lib/python3.7/site-packages/airflow/example_dags/example_branch_python_dop_operator_3.py
[2023-01-15T12:04:15.533+0000] {logging_mixin.py:117} INFO - [2023-01-15T12:04:15.533+0000] {dag.py:2573} INFO - Sync 1 DAGs
[2023-01-15T12:04:15.586+0000] {logging_mixin.py:117} INFO - [2023-01-15T12:04:15.586+0000] {dag.py:3328} INFO - Setting next_dagrun for example_branch_dop_operator_v3 to 2023-01-15T12:03:00+00:00, run_after=2023-01-15T12:04:00+00:00
[2023-01-15T12:04:15.609+0000] {processor.py:178} INFO - Processing /home/airflow/.local/lib/python3.7/site-packages/airflow/example_dags/example_branch_python_dop_operator_3.py took 0.185 seconds
[2023-01-15T12:42:37.185+0000] {processor.py:156} INFO - Started process (PID=25080) to work on /home/airflow/.local/lib/python3.7/site-packages/airflow/example_dags/example_branch_python_dop_operator_3.py
[2023-01-15T12:42:37.190+0000] {processor.py:758} INFO - Processing file /home/airflow/.local/lib/python3.7/site-packages/airflow/example_dags/example_branch_python_dop_operator_3.py for tasks to queue
[2023-01-15T12:42:37.192+0000] {logging_mixin.py:117} INFO - [2023-01-15T12:42:37.192+0000] {dagbag.py:525} INFO - Filling up the DagBag from /home/airflow/.local/lib/python3.7/site-packages/airflow/example_dags/example_branch_python_dop_operator_3.py
[2023-01-15T12:42:37.235+0000] {processor.py:768} INFO - DAG(s) dict_keys(['example_branch_dop_operator_v3']) retrieved from /home/airflow/.local/lib/python3.7/site-packages/airflow/example_dags/example_branch_python_dop_operator_3.py
[2023-01-15T12:42:37.340+0000] {logging_mixin.py:117} INFO - [2023-01-15T12:42:37.340+0000] {dag.py:2573} INFO - Sync 1 DAGs
[2023-01-15T12:42:37.378+0000] {logging_mixin.py:117} INFO - [2023-01-15T12:42:37.378+0000] {dag.py:3328} INFO - Setting next_dagrun for example_branch_dop_operator_v3 to 2023-01-15T12:41:00+00:00, run_after=2023-01-15T12:42:00+00:00
[2023-01-15T12:42:37.394+0000] {processor.py:178} INFO - Processing /home/airflow/.local/lib/python3.7/site-packages/airflow/example_dags/example_branch_python_dop_operator_3.py took 0.217 seconds
[2023-01-15T13:21:55.033+0000] {processor.py:156} INFO - Started process (PID=25143) to work on /home/airflow/.local/lib/python3.7/site-packages/airflow/example_dags/example_branch_python_dop_operator_3.py
[2023-01-15T13:21:55.034+0000] {processor.py:758} INFO - Processing file /home/airflow/.local/lib/python3.7/site-packages/airflow/example_dags/example_branch_python_dop_operator_3.py for tasks to queue
[2023-01-15T13:21:55.035+0000] {logging_mixin.py:117} INFO - [2023-01-15T13:21:55.035+0000] {dagbag.py:525} INFO - Filling up the DagBag from /home/airflow/.local/lib/python3.7/site-packages/airflow/example_dags/example_branch_python_dop_operator_3.py
[2023-01-15T13:21:55.050+0000] {processor.py:768} INFO - DAG(s) dict_keys(['example_branch_dop_operator_v3']) retrieved from /home/airflow/.local/lib/python3.7/site-packages/airflow/example_dags/example_branch_python_dop_operator_3.py
[2023-01-15T13:21:55.075+0000] {logging_mixin.py:117} INFO - [2023-01-15T13:21:55.075+0000] {dag.py:2573} INFO - Sync 1 DAGs
[2023-01-15T13:21:55.092+0000] {logging_mixin.py:117} INFO - [2023-01-15T13:21:55.092+0000] {dag.py:3328} INFO - Setting next_dagrun for example_branch_dop_operator_v3 to 2023-01-15T13:20:00+00:00, run_after=2023-01-15T13:21:00+00:00
[2023-01-15T13:21:55.103+0000] {processor.py:178} INFO - Processing /home/airflow/.local/lib/python3.7/site-packages/airflow/example_dags/example_branch_python_dop_operator_3.py took 0.074 seconds
[2023-01-15T13:38:28.215+0000] {processor.py:156} INFO - Started process (PID=25206) to work on /home/airflow/.local/lib/python3.7/site-packages/airflow/example_dags/example_branch_python_dop_operator_3.py
[2023-01-15T13:38:28.217+0000] {processor.py:758} INFO - Processing file /home/airflow/.local/lib/python3.7/site-packages/airflow/example_dags/example_branch_python_dop_operator_3.py for tasks to queue
[2023-01-15T13:38:28.218+0000] {logging_mixin.py:117} INFO - [2023-01-15T13:38:28.218+0000] {dagbag.py:525} INFO - Filling up the DagBag from /home/airflow/.local/lib/python3.7/site-packages/airflow/example_dags/example_branch_python_dop_operator_3.py
[2023-01-15T13:38:28.258+0000] {processor.py:768} INFO - DAG(s) dict_keys(['example_branch_dop_operator_v3']) retrieved from /home/airflow/.local/lib/python3.7/site-packages/airflow/example_dags/example_branch_python_dop_operator_3.py
[2023-01-15T13:38:28.322+0000] {logging_mixin.py:117} INFO - [2023-01-15T13:38:28.322+0000] {dag.py:2573} INFO - Sync 1 DAGs
[2023-01-15T13:38:28.343+0000] {logging_mixin.py:117} INFO - [2023-01-15T13:38:28.343+0000] {dag.py:3328} INFO - Setting next_dagrun for example_branch_dop_operator_v3 to 2023-01-15T13:37:00+00:00, run_after=2023-01-15T13:38:00+00:00
[2023-01-15T13:38:28.363+0000] {processor.py:178} INFO - Processing /home/airflow/.local/lib/python3.7/site-packages/airflow/example_dags/example_branch_python_dop_operator_3.py took 0.152 seconds
[2023-01-15T13:38:58.431+0000] {processor.py:156} INFO - Started process (PID=25259) to work on /home/airflow/.local/lib/python3.7/site-packages/airflow/example_dags/example_branch_python_dop_operator_3.py
[2023-01-15T13:38:58.433+0000] {processor.py:758} INFO - Processing file /home/airflow/.local/lib/python3.7/site-packages/airflow/example_dags/example_branch_python_dop_operator_3.py for tasks to queue
[2023-01-15T13:38:58.433+0000] {logging_mixin.py:117} INFO - [2023-01-15T13:38:58.433+0000] {dagbag.py:525} INFO - Filling up the DagBag from /home/airflow/.local/lib/python3.7/site-packages/airflow/example_dags/example_branch_python_dop_operator_3.py
[2023-01-15T13:38:58.448+0000] {processor.py:768} INFO - DAG(s) dict_keys(['example_branch_dop_operator_v3']) retrieved from /home/airflow/.local/lib/python3.7/site-packages/airflow/example_dags/example_branch_python_dop_operator_3.py
[2023-01-15T13:38:58.473+0000] {logging_mixin.py:117} INFO - [2023-01-15T13:38:58.473+0000] {dag.py:2573} INFO - Sync 1 DAGs
[2023-01-15T13:38:58.489+0000] {logging_mixin.py:117} INFO - [2023-01-15T13:38:58.489+0000] {dag.py:3328} INFO - Setting next_dagrun for example_branch_dop_operator_v3 to 2023-01-15T13:37:00+00:00, run_after=2023-01-15T13:38:00+00:00
[2023-01-15T13:38:58.499+0000] {processor.py:178} INFO - Processing /home/airflow/.local/lib/python3.7/site-packages/airflow/example_dags/example_branch_python_dop_operator_3.py took 0.071 seconds
[2023-01-15T13:39:28.880+0000] {processor.py:156} INFO - Started process (PID=25323) to work on /home/airflow/.local/lib/python3.7/site-packages/airflow/example_dags/example_branch_python_dop_operator_3.py
[2023-01-15T13:39:28.881+0000] {processor.py:758} INFO - Processing file /home/airflow/.local/lib/python3.7/site-packages/airflow/example_dags/example_branch_python_dop_operator_3.py for tasks to queue
[2023-01-15T13:39:28.882+0000] {logging_mixin.py:117} INFO - [2023-01-15T13:39:28.882+0000] {dagbag.py:525} INFO - Filling up the DagBag from /home/airflow/.local/lib/python3.7/site-packages/airflow/example_dags/example_branch_python_dop_operator_3.py
[2023-01-15T13:39:28.898+0000] {processor.py:768} INFO - DAG(s) dict_keys(['example_branch_dop_operator_v3']) retrieved from /home/airflow/.local/lib/python3.7/site-packages/airflow/example_dags/example_branch_python_dop_operator_3.py
[2023-01-15T13:39:28.925+0000] {logging_mixin.py:117} INFO - [2023-01-15T13:39:28.925+0000] {dag.py:2573} INFO - Sync 1 DAGs
[2023-01-15T13:39:28.941+0000] {logging_mixin.py:117} INFO - [2023-01-15T13:39:28.941+0000] {dag.py:3328} INFO - Setting next_dagrun for example_branch_dop_operator_v3 to 2023-01-15T13:38:00+00:00, run_after=2023-01-15T13:39:00+00:00
[2023-01-15T13:39:28.951+0000] {processor.py:178} INFO - Processing /home/airflow/.local/lib/python3.7/site-packages/airflow/example_dags/example_branch_python_dop_operator_3.py took 0.073 seconds
[2023-01-15T13:39:59.317+0000] {processor.py:156} INFO - Started process (PID=25386) to work on /home/airflow/.local/lib/python3.7/site-packages/airflow/example_dags/example_branch_python_dop_operator_3.py
[2023-01-15T13:39:59.319+0000] {processor.py:758} INFO - Processing file /home/airflow/.local/lib/python3.7/site-packages/airflow/example_dags/example_branch_python_dop_operator_3.py for tasks to queue
[2023-01-15T13:39:59.319+0000] {logging_mixin.py:117} INFO - [2023-01-15T13:39:59.319+0000] {dagbag.py:525} INFO - Filling up the DagBag from /home/airflow/.local/lib/python3.7/site-packages/airflow/example_dags/example_branch_python_dop_operator_3.py
[2023-01-15T13:39:59.337+0000] {processor.py:768} INFO - DAG(s) dict_keys(['example_branch_dop_operator_v3']) retrieved from /home/airflow/.local/lib/python3.7/site-packages/airflow/example_dags/example_branch_python_dop_operator_3.py
[2023-01-15T13:39:59.366+0000] {logging_mixin.py:117} INFO - [2023-01-15T13:39:59.366+0000] {dag.py:2573} INFO - Sync 1 DAGs
[2023-01-15T13:39:59.384+0000] {logging_mixin.py:117} INFO - [2023-01-15T13:39:59.384+0000] {dag.py:3328} INFO - Setting next_dagrun for example_branch_dop_operator_v3 to 2023-01-15T13:38:00+00:00, run_after=2023-01-15T13:39:00+00:00
[2023-01-15T13:39:59.397+0000] {processor.py:178} INFO - Processing /home/airflow/.local/lib/python3.7/site-packages/airflow/example_dags/example_branch_python_dop_operator_3.py took 0.082 seconds
[2023-01-15T13:40:29.821+0000] {processor.py:156} INFO - Started process (PID=25449) to work on /home/airflow/.local/lib/python3.7/site-packages/airflow/example_dags/example_branch_python_dop_operator_3.py
[2023-01-15T13:40:29.823+0000] {processor.py:758} INFO - Processing file /home/airflow/.local/lib/python3.7/site-packages/airflow/example_dags/example_branch_python_dop_operator_3.py for tasks to queue
[2023-01-15T13:40:29.824+0000] {logging_mixin.py:117} INFO - [2023-01-15T13:40:29.824+0000] {dagbag.py:525} INFO - Filling up the DagBag from /home/airflow/.local/lib/python3.7/site-packages/airflow/example_dags/example_branch_python_dop_operator_3.py
[2023-01-15T13:40:29.838+0000] {processor.py:768} INFO - DAG(s) dict_keys(['example_branch_dop_operator_v3']) retrieved from /home/airflow/.local/lib/python3.7/site-packages/airflow/example_dags/example_branch_python_dop_operator_3.py
[2023-01-15T13:40:29.865+0000] {logging_mixin.py:117} INFO - [2023-01-15T13:40:29.865+0000] {dag.py:2573} INFO - Sync 1 DAGs
[2023-01-15T13:40:29.880+0000] {logging_mixin.py:117} INFO - [2023-01-15T13:40:29.880+0000] {dag.py:3328} INFO - Setting next_dagrun for example_branch_dop_operator_v3 to 2023-01-15T13:39:00+00:00, run_after=2023-01-15T13:40:00+00:00
[2023-01-15T13:40:29.890+0000] {processor.py:178} INFO - Processing /home/airflow/.local/lib/python3.7/site-packages/airflow/example_dags/example_branch_python_dop_operator_3.py took 0.071 seconds
[2023-01-15T13:41:00.251+0000] {processor.py:156} INFO - Started process (PID=25512) to work on /home/airflow/.local/lib/python3.7/site-packages/airflow/example_dags/example_branch_python_dop_operator_3.py
[2023-01-15T13:41:00.252+0000] {processor.py:758} INFO - Processing file /home/airflow/.local/lib/python3.7/site-packages/airflow/example_dags/example_branch_python_dop_operator_3.py for tasks to queue
[2023-01-15T13:41:00.253+0000] {logging_mixin.py:117} INFO - [2023-01-15T13:41:00.253+0000] {dagbag.py:525} INFO - Filling up the DagBag from /home/airflow/.local/lib/python3.7/site-packages/airflow/example_dags/example_branch_python_dop_operator_3.py
[2023-01-15T13:41:00.269+0000] {processor.py:768} INFO - DAG(s) dict_keys(['example_branch_dop_operator_v3']) retrieved from /home/airflow/.local/lib/python3.7/site-packages/airflow/example_dags/example_branch_python_dop_operator_3.py
[2023-01-15T13:41:00.295+0000] {logging_mixin.py:117} INFO - [2023-01-15T13:41:00.295+0000] {dag.py:2573} INFO - Sync 1 DAGs
[2023-01-15T13:41:00.311+0000] {logging_mixin.py:117} INFO - [2023-01-15T13:41:00.310+0000] {dag.py:3328} INFO - Setting next_dagrun for example_branch_dop_operator_v3 to 2023-01-15T13:40:00+00:00, run_after=2023-01-15T13:41:00+00:00
[2023-01-15T13:41:00.321+0000] {processor.py:178} INFO - Processing /home/airflow/.local/lib/python3.7/site-packages/airflow/example_dags/example_branch_python_dop_operator_3.py took 0.073 seconds
[2023-01-15T13:41:30.539+0000] {processor.py:156} INFO - Started process (PID=25575) to work on /home/airflow/.local/lib/python3.7/site-packages/airflow/example_dags/example_branch_python_dop_operator_3.py
[2023-01-15T13:41:30.541+0000] {processor.py:758} INFO - Processing file /home/airflow/.local/lib/python3.7/site-packages/airflow/example_dags/example_branch_python_dop_operator_3.py for tasks to queue
[2023-01-15T13:41:30.542+0000] {logging_mixin.py:117} INFO - [2023-01-15T13:41:30.542+0000] {dagbag.py:525} INFO - Filling up the DagBag from /home/airflow/.local/lib/python3.7/site-packages/airflow/example_dags/example_branch_python_dop_operator_3.py
[2023-01-15T13:41:30.558+0000] {processor.py:768} INFO - DAG(s) dict_keys(['example_branch_dop_operator_v3']) retrieved from /home/airflow/.local/lib/python3.7/site-packages/airflow/example_dags/example_branch_python_dop_operator_3.py
[2023-01-15T13:41:30.585+0000] {logging_mixin.py:117} INFO - [2023-01-15T13:41:30.585+0000] {dag.py:2573} INFO - Sync 1 DAGs
[2023-01-15T13:41:30.603+0000] {logging_mixin.py:117} INFO - [2023-01-15T13:41:30.603+0000] {dag.py:3328} INFO - Setting next_dagrun for example_branch_dop_operator_v3 to 2023-01-15T13:40:00+00:00, run_after=2023-01-15T13:41:00+00:00
[2023-01-15T13:41:30.615+0000] {processor.py:178} INFO - Processing /home/airflow/.local/lib/python3.7/site-packages/airflow/example_dags/example_branch_python_dop_operator_3.py took 0.078 seconds
[2023-01-15T13:42:00.957+0000] {processor.py:156} INFO - Started process (PID=25630) to work on /home/airflow/.local/lib/python3.7/site-packages/airflow/example_dags/example_branch_python_dop_operator_3.py
[2023-01-15T13:42:00.958+0000] {processor.py:758} INFO - Processing file /home/airflow/.local/lib/python3.7/site-packages/airflow/example_dags/example_branch_python_dop_operator_3.py for tasks to queue
[2023-01-15T13:42:00.958+0000] {logging_mixin.py:117} INFO - [2023-01-15T13:42:00.958+0000] {dagbag.py:525} INFO - Filling up the DagBag from /home/airflow/.local/lib/python3.7/site-packages/airflow/example_dags/example_branch_python_dop_operator_3.py
[2023-01-15T13:42:00.975+0000] {processor.py:768} INFO - DAG(s) dict_keys(['example_branch_dop_operator_v3']) retrieved from /home/airflow/.local/lib/python3.7/site-packages/airflow/example_dags/example_branch_python_dop_operator_3.py
[2023-01-15T13:42:01.001+0000] {logging_mixin.py:117} INFO - [2023-01-15T13:42:01.001+0000] {dag.py:2573} INFO - Sync 1 DAGs
[2023-01-15T13:42:01.016+0000] {logging_mixin.py:117} INFO - [2023-01-15T13:42:01.016+0000] {dag.py:3328} INFO - Setting next_dagrun for example_branch_dop_operator_v3 to 2023-01-15T13:41:00+00:00, run_after=2023-01-15T13:42:00+00:00
[2023-01-15T13:42:01.026+0000] {processor.py:178} INFO - Processing /home/airflow/.local/lib/python3.7/site-packages/airflow/example_dags/example_branch_python_dop_operator_3.py took 0.072 seconds
[2023-01-15T13:58:05.263+0000] {processor.py:156} INFO - Started process (PID=25693) to work on /home/airflow/.local/lib/python3.7/site-packages/airflow/example_dags/example_branch_python_dop_operator_3.py
[2023-01-15T13:58:05.265+0000] {processor.py:758} INFO - Processing file /home/airflow/.local/lib/python3.7/site-packages/airflow/example_dags/example_branch_python_dop_operator_3.py for tasks to queue
[2023-01-15T13:58:05.266+0000] {logging_mixin.py:117} INFO - [2023-01-15T13:58:05.266+0000] {dagbag.py:525} INFO - Filling up the DagBag from /home/airflow/.local/lib/python3.7/site-packages/airflow/example_dags/example_branch_python_dop_operator_3.py
[2023-01-15T13:58:05.285+0000] {processor.py:768} INFO - DAG(s) dict_keys(['example_branch_dop_operator_v3']) retrieved from /home/airflow/.local/lib/python3.7/site-packages/airflow/example_dags/example_branch_python_dop_operator_3.py
[2023-01-15T13:58:05.320+0000] {logging_mixin.py:117} INFO - [2023-01-15T13:58:05.320+0000] {dag.py:2573} INFO - Sync 1 DAGs
[2023-01-15T13:58:05.349+0000] {logging_mixin.py:117} INFO - [2023-01-15T13:58:05.349+0000] {dag.py:3328} INFO - Setting next_dagrun for example_branch_dop_operator_v3 to 2023-01-15T13:57:00+00:00, run_after=2023-01-15T13:58:00+00:00
[2023-01-15T13:58:05.372+0000] {processor.py:178} INFO - Processing /home/airflow/.local/lib/python3.7/site-packages/airflow/example_dags/example_branch_python_dop_operator_3.py took 0.114 seconds
[2023-01-15T14:09:07.482+0000] {processor.py:156} INFO - Started process (PID=25756) to work on /home/airflow/.local/lib/python3.7/site-packages/airflow/example_dags/example_branch_python_dop_operator_3.py
[2023-01-15T14:09:07.485+0000] {processor.py:758} INFO - Processing file /home/airflow/.local/lib/python3.7/site-packages/airflow/example_dags/example_branch_python_dop_operator_3.py for tasks to queue
[2023-01-15T14:09:07.487+0000] {logging_mixin.py:117} INFO - [2023-01-15T14:09:07.487+0000] {dagbag.py:525} INFO - Filling up the DagBag from /home/airflow/.local/lib/python3.7/site-packages/airflow/example_dags/example_branch_python_dop_operator_3.py
[2023-01-15T14:09:07.518+0000] {processor.py:768} INFO - DAG(s) dict_keys(['example_branch_dop_operator_v3']) retrieved from /home/airflow/.local/lib/python3.7/site-packages/airflow/example_dags/example_branch_python_dop_operator_3.py
[2023-01-15T14:09:07.567+0000] {logging_mixin.py:117} INFO - [2023-01-15T14:09:07.566+0000] {dag.py:2573} INFO - Sync 1 DAGs
[2023-01-15T14:09:07.592+0000] {logging_mixin.py:117} INFO - [2023-01-15T14:09:07.591+0000] {dag.py:3328} INFO - Setting next_dagrun for example_branch_dop_operator_v3 to 2023-01-15T14:08:00+00:00, run_after=2023-01-15T14:09:00+00:00
[2023-01-15T14:09:07.609+0000] {processor.py:178} INFO - Processing /home/airflow/.local/lib/python3.7/site-packages/airflow/example_dags/example_branch_python_dop_operator_3.py took 0.130 seconds
[2023-01-15T14:09:38.226+0000] {processor.py:156} INFO - Started process (PID=25819) to work on /home/airflow/.local/lib/python3.7/site-packages/airflow/example_dags/example_branch_python_dop_operator_3.py
[2023-01-15T14:09:38.227+0000] {processor.py:758} INFO - Processing file /home/airflow/.local/lib/python3.7/site-packages/airflow/example_dags/example_branch_python_dop_operator_3.py for tasks to queue
[2023-01-15T14:09:38.228+0000] {logging_mixin.py:117} INFO - [2023-01-15T14:09:38.228+0000] {dagbag.py:525} INFO - Filling up the DagBag from /home/airflow/.local/lib/python3.7/site-packages/airflow/example_dags/example_branch_python_dop_operator_3.py
[2023-01-15T14:09:38.244+0000] {processor.py:768} INFO - DAG(s) dict_keys(['example_branch_dop_operator_v3']) retrieved from /home/airflow/.local/lib/python3.7/site-packages/airflow/example_dags/example_branch_python_dop_operator_3.py
[2023-01-15T14:09:38.273+0000] {logging_mixin.py:117} INFO - [2023-01-15T14:09:38.272+0000] {dag.py:2573} INFO - Sync 1 DAGs
[2023-01-15T14:09:38.290+0000] {logging_mixin.py:117} INFO - [2023-01-15T14:09:38.289+0000] {dag.py:3328} INFO - Setting next_dagrun for example_branch_dop_operator_v3 to 2023-01-15T14:08:00+00:00, run_after=2023-01-15T14:09:00+00:00
[2023-01-15T14:09:38.300+0000] {processor.py:178} INFO - Processing /home/airflow/.local/lib/python3.7/site-packages/airflow/example_dags/example_branch_python_dop_operator_3.py took 0.077 seconds
[2023-01-15T14:59:13.027+0000] {processor.py:156} INFO - Started process (PID=25881) to work on /home/airflow/.local/lib/python3.7/site-packages/airflow/example_dags/example_branch_python_dop_operator_3.py
[2023-01-15T14:59:13.031+0000] {processor.py:758} INFO - Processing file /home/airflow/.local/lib/python3.7/site-packages/airflow/example_dags/example_branch_python_dop_operator_3.py for tasks to queue
[2023-01-15T14:59:13.032+0000] {logging_mixin.py:117} INFO - [2023-01-15T14:59:13.032+0000] {dagbag.py:525} INFO - Filling up the DagBag from /home/airflow/.local/lib/python3.7/site-packages/airflow/example_dags/example_branch_python_dop_operator_3.py
[2023-01-15T14:59:13.071+0000] {processor.py:768} INFO - DAG(s) dict_keys(['example_branch_dop_operator_v3']) retrieved from /home/airflow/.local/lib/python3.7/site-packages/airflow/example_dags/example_branch_python_dop_operator_3.py
[2023-01-15T14:59:13.190+0000] {logging_mixin.py:117} INFO - [2023-01-15T14:59:13.190+0000] {dag.py:2573} INFO - Sync 1 DAGs
[2023-01-15T14:59:13.236+0000] {logging_mixin.py:117} INFO - [2023-01-15T14:59:13.236+0000] {dag.py:3328} INFO - Setting next_dagrun for example_branch_dop_operator_v3 to 2023-01-15T14:58:00+00:00, run_after=2023-01-15T14:59:00+00:00
[2023-01-15T14:59:13.271+0000] {processor.py:178} INFO - Processing /home/airflow/.local/lib/python3.7/site-packages/airflow/example_dags/example_branch_python_dop_operator_3.py took 0.248 seconds
[2023-01-15T16:21:35.239+0000] {processor.py:156} INFO - Started process (PID=25937) to work on /home/airflow/.local/lib/python3.7/site-packages/airflow/example_dags/example_branch_python_dop_operator_3.py
[2023-01-15T16:21:35.241+0000] {processor.py:758} INFO - Processing file /home/airflow/.local/lib/python3.7/site-packages/airflow/example_dags/example_branch_python_dop_operator_3.py for tasks to queue
[2023-01-15T16:21:35.242+0000] {logging_mixin.py:117} INFO - [2023-01-15T16:21:35.242+0000] {dagbag.py:525} INFO - Filling up the DagBag from /home/airflow/.local/lib/python3.7/site-packages/airflow/example_dags/example_branch_python_dop_operator_3.py
[2023-01-15T16:21:35.279+0000] {processor.py:768} INFO - DAG(s) dict_keys(['example_branch_dop_operator_v3']) retrieved from /home/airflow/.local/lib/python3.7/site-packages/airflow/example_dags/example_branch_python_dop_operator_3.py
[2023-01-15T16:21:35.340+0000] {logging_mixin.py:117} INFO - [2023-01-15T16:21:35.340+0000] {dag.py:2573} INFO - Sync 1 DAGs
[2023-01-15T16:21:35.365+0000] {logging_mixin.py:117} INFO - [2023-01-15T16:21:35.365+0000] {dag.py:3328} INFO - Setting next_dagrun for example_branch_dop_operator_v3 to 2023-01-15T16:20:00+00:00, run_after=2023-01-15T16:21:00+00:00
[2023-01-15T16:21:35.382+0000] {processor.py:178} INFO - Processing /home/airflow/.local/lib/python3.7/site-packages/airflow/example_dags/example_branch_python_dop_operator_3.py took 0.149 seconds
[2023-01-15T17:27:03.088+0000] {processor.py:156} INFO - Started process (PID=26000) to work on /home/airflow/.local/lib/python3.7/site-packages/airflow/example_dags/example_branch_python_dop_operator_3.py
[2023-01-15T17:27:03.093+0000] {processor.py:758} INFO - Processing file /home/airflow/.local/lib/python3.7/site-packages/airflow/example_dags/example_branch_python_dop_operator_3.py for tasks to queue
[2023-01-15T17:27:03.094+0000] {logging_mixin.py:117} INFO - [2023-01-15T17:27:03.094+0000] {dagbag.py:525} INFO - Filling up the DagBag from /home/airflow/.local/lib/python3.7/site-packages/airflow/example_dags/example_branch_python_dop_operator_3.py
[2023-01-15T17:27:03.135+0000] {processor.py:768} INFO - DAG(s) dict_keys(['example_branch_dop_operator_v3']) retrieved from /home/airflow/.local/lib/python3.7/site-packages/airflow/example_dags/example_branch_python_dop_operator_3.py
[2023-01-15T17:27:03.179+0000] {logging_mixin.py:117} INFO - [2023-01-15T17:27:03.179+0000] {dag.py:2573} INFO - Sync 1 DAGs
[2023-01-15T17:27:03.200+0000] {logging_mixin.py:117} INFO - [2023-01-15T17:27:03.200+0000] {dag.py:3328} INFO - Setting next_dagrun for example_branch_dop_operator_v3 to 2023-01-15T17:26:00+00:00, run_after=2023-01-15T17:27:00+00:00
[2023-01-15T17:27:03.214+0000] {processor.py:178} INFO - Processing /home/airflow/.local/lib/python3.7/site-packages/airflow/example_dags/example_branch_python_dop_operator_3.py took 0.130 seconds
[2023-01-15T18:23:35.819+0000] {processor.py:156} INFO - Started process (PID=26063) to work on /home/airflow/.local/lib/python3.7/site-packages/airflow/example_dags/example_branch_python_dop_operator_3.py
[2023-01-15T18:23:35.824+0000] {processor.py:758} INFO - Processing file /home/airflow/.local/lib/python3.7/site-packages/airflow/example_dags/example_branch_python_dop_operator_3.py for tasks to queue
[2023-01-15T18:23:35.826+0000] {logging_mixin.py:117} INFO - [2023-01-15T18:23:35.826+0000] {dagbag.py:525} INFO - Filling up the DagBag from /home/airflow/.local/lib/python3.7/site-packages/airflow/example_dags/example_branch_python_dop_operator_3.py
[2023-01-15T18:23:35.858+0000] {processor.py:768} INFO - DAG(s) dict_keys(['example_branch_dop_operator_v3']) retrieved from /home/airflow/.local/lib/python3.7/site-packages/airflow/example_dags/example_branch_python_dop_operator_3.py
[2023-01-15T18:23:35.921+0000] {logging_mixin.py:117} INFO - [2023-01-15T18:23:35.921+0000] {dag.py:2573} INFO - Sync 1 DAGs
[2023-01-15T18:23:35.952+0000] {logging_mixin.py:117} INFO - [2023-01-15T18:23:35.952+0000] {dag.py:3328} INFO - Setting next_dagrun for example_branch_dop_operator_v3 to 2023-01-15T18:22:00+00:00, run_after=2023-01-15T18:23:00+00:00
[2023-01-15T18:23:35.984+0000] {processor.py:178} INFO - Processing /home/airflow/.local/lib/python3.7/site-packages/airflow/example_dags/example_branch_python_dop_operator_3.py took 0.169 seconds
[2023-01-15T19:46:53.589+0000] {processor.py:156} INFO - Started process (PID=26117) to work on /home/airflow/.local/lib/python3.7/site-packages/airflow/example_dags/example_branch_python_dop_operator_3.py
[2023-01-15T19:46:53.591+0000] {processor.py:758} INFO - Processing file /home/airflow/.local/lib/python3.7/site-packages/airflow/example_dags/example_branch_python_dop_operator_3.py for tasks to queue
[2023-01-15T19:46:53.592+0000] {logging_mixin.py:117} INFO - [2023-01-15T19:46:53.592+0000] {dagbag.py:525} INFO - Filling up the DagBag from /home/airflow/.local/lib/python3.7/site-packages/airflow/example_dags/example_branch_python_dop_operator_3.py
[2023-01-15T19:46:53.617+0000] {processor.py:768} INFO - DAG(s) dict_keys(['example_branch_dop_operator_v3']) retrieved from /home/airflow/.local/lib/python3.7/site-packages/airflow/example_dags/example_branch_python_dop_operator_3.py
[2023-01-15T19:46:53.695+0000] {logging_mixin.py:117} INFO - [2023-01-15T19:46:53.695+0000] {dag.py:2573} INFO - Sync 1 DAGs
[2023-01-15T19:46:53.727+0000] {logging_mixin.py:117} INFO - [2023-01-15T19:46:53.727+0000] {dag.py:3328} INFO - Setting next_dagrun for example_branch_dop_operator_v3 to 2023-01-15T19:45:00+00:00, run_after=2023-01-15T19:46:00+00:00
[2023-01-15T19:46:53.747+0000] {processor.py:178} INFO - Processing /home/airflow/.local/lib/python3.7/site-packages/airflow/example_dags/example_branch_python_dop_operator_3.py took 0.161 seconds
[2023-01-15T20:53:27.840+0000] {processor.py:156} INFO - Started process (PID=26179) to work on /home/airflow/.local/lib/python3.7/site-packages/airflow/example_dags/example_branch_python_dop_operator_3.py
[2023-01-15T20:53:27.842+0000] {processor.py:758} INFO - Processing file /home/airflow/.local/lib/python3.7/site-packages/airflow/example_dags/example_branch_python_dop_operator_3.py for tasks to queue
[2023-01-15T20:53:27.842+0000] {logging_mixin.py:117} INFO - [2023-01-15T20:53:27.842+0000] {dagbag.py:525} INFO - Filling up the DagBag from /home/airflow/.local/lib/python3.7/site-packages/airflow/example_dags/example_branch_python_dop_operator_3.py
[2023-01-15T20:53:27.864+0000] {processor.py:768} INFO - DAG(s) dict_keys(['example_branch_dop_operator_v3']) retrieved from /home/airflow/.local/lib/python3.7/site-packages/airflow/example_dags/example_branch_python_dop_operator_3.py
[2023-01-15T20:53:27.920+0000] {logging_mixin.py:117} INFO - [2023-01-15T20:53:27.919+0000] {dag.py:2573} INFO - Sync 1 DAGs
[2023-01-15T20:53:27.950+0000] {logging_mixin.py:117} INFO - [2023-01-15T20:53:27.950+0000] {dag.py:3328} INFO - Setting next_dagrun for example_branch_dop_operator_v3 to 2023-01-15T20:52:00+00:00, run_after=2023-01-15T20:53:00+00:00
[2023-01-15T20:53:27.980+0000] {processor.py:178} INFO - Processing /home/airflow/.local/lib/python3.7/site-packages/airflow/example_dags/example_branch_python_dop_operator_3.py took 0.143 seconds
[2023-01-15T21:52:32.347+0000] {processor.py:156} INFO - Started process (PID=26242) to work on /home/airflow/.local/lib/python3.7/site-packages/airflow/example_dags/example_branch_python_dop_operator_3.py
[2023-01-15T21:52:32.352+0000] {processor.py:758} INFO - Processing file /home/airflow/.local/lib/python3.7/site-packages/airflow/example_dags/example_branch_python_dop_operator_3.py for tasks to queue
[2023-01-15T21:52:32.352+0000] {logging_mixin.py:117} INFO - [2023-01-15T21:52:32.352+0000] {dagbag.py:525} INFO - Filling up the DagBag from /home/airflow/.local/lib/python3.7/site-packages/airflow/example_dags/example_branch_python_dop_operator_3.py
[2023-01-15T21:52:32.382+0000] {processor.py:768} INFO - DAG(s) dict_keys(['example_branch_dop_operator_v3']) retrieved from /home/airflow/.local/lib/python3.7/site-packages/airflow/example_dags/example_branch_python_dop_operator_3.py
[2023-01-15T21:52:32.437+0000] {logging_mixin.py:117} INFO - [2023-01-15T21:52:32.436+0000] {dag.py:2573} INFO - Sync 1 DAGs
[2023-01-15T21:52:32.467+0000] {logging_mixin.py:117} INFO - [2023-01-15T21:52:32.467+0000] {dag.py:3328} INFO - Setting next_dagrun for example_branch_dop_operator_v3 to 2023-01-15T21:51:00+00:00, run_after=2023-01-15T21:52:00+00:00
[2023-01-15T21:52:32.494+0000] {processor.py:178} INFO - Processing /home/airflow/.local/lib/python3.7/site-packages/airflow/example_dags/example_branch_python_dop_operator_3.py took 0.152 seconds
[2023-01-15T23:15:49.748+0000] {processor.py:156} INFO - Started process (PID=26305) to work on /home/airflow/.local/lib/python3.7/site-packages/airflow/example_dags/example_branch_python_dop_operator_3.py
[2023-01-15T23:15:49.754+0000] {processor.py:758} INFO - Processing file /home/airflow/.local/lib/python3.7/site-packages/airflow/example_dags/example_branch_python_dop_operator_3.py for tasks to queue
[2023-01-15T23:15:49.755+0000] {logging_mixin.py:117} INFO - [2023-01-15T23:15:49.755+0000] {dagbag.py:525} INFO - Filling up the DagBag from /home/airflow/.local/lib/python3.7/site-packages/airflow/example_dags/example_branch_python_dop_operator_3.py
[2023-01-15T23:15:49.802+0000] {processor.py:768} INFO - DAG(s) dict_keys(['example_branch_dop_operator_v3']) retrieved from /home/airflow/.local/lib/python3.7/site-packages/airflow/example_dags/example_branch_python_dop_operator_3.py
[2023-01-15T23:15:49.844+0000] {logging_mixin.py:117} INFO - [2023-01-15T23:15:49.844+0000] {dag.py:2573} INFO - Sync 1 DAGs
[2023-01-15T23:15:49.886+0000] {logging_mixin.py:117} INFO - [2023-01-15T23:15:49.886+0000] {dag.py:3328} INFO - Setting next_dagrun for example_branch_dop_operator_v3 to 2023-01-15T23:14:00+00:00, run_after=2023-01-15T23:15:00+00:00
[2023-01-15T23:15:49.957+0000] {processor.py:178} INFO - Processing /home/airflow/.local/lib/python3.7/site-packages/airflow/example_dags/example_branch_python_dop_operator_3.py took 0.213 seconds
