[2023-01-15T00:38:57.724+0000] {processor.py:156} INFO - Started process (PID=24095) to work on /home/airflow/.local/lib/python3.7/site-packages/airflow/example_dags/example_dag_decorator.py
[2023-01-15T00:38:57.728+0000] {processor.py:758} INFO - Processing file /home/airflow/.local/lib/python3.7/site-packages/airflow/example_dags/example_dag_decorator.py for tasks to queue
[2023-01-15T00:38:57.729+0000] {logging_mixin.py:117} INFO - [2023-01-15T00:38:57.729+0000] {dagbag.py:525} INFO - Filling up the DagBag from /home/airflow/.local/lib/python3.7/site-packages/airflow/example_dags/example_dag_decorator.py
[2023-01-15T00:38:57.765+0000] {processor.py:768} INFO - DAG(s) dict_keys(['example_dag_decorator']) retrieved from /home/airflow/.local/lib/python3.7/site-packages/airflow/example_dags/example_dag_decorator.py
[2023-01-15T00:38:57.836+0000] {logging_mixin.py:117} INFO - [2023-01-15T00:38:57.836+0000] {dag.py:2573} INFO - Sync 1 DAGs
[2023-01-15T00:38:57.857+0000] {logging_mixin.py:117} INFO - [2023-01-15T00:38:57.857+0000] {dag.py:3328} INFO - Setting next_dagrun for example_dag_decorator to None, run_after=None
[2023-01-15T00:38:57.887+0000] {processor.py:178} INFO - Processing /home/airflow/.local/lib/python3.7/site-packages/airflow/example_dags/example_dag_decorator.py took 0.166 seconds
[2023-01-15T01:44:15.009+0000] {processor.py:156} INFO - Started process (PID=24158) to work on /home/airflow/.local/lib/python3.7/site-packages/airflow/example_dags/example_dag_decorator.py
[2023-01-15T01:44:15.015+0000] {processor.py:758} INFO - Processing file /home/airflow/.local/lib/python3.7/site-packages/airflow/example_dags/example_dag_decorator.py for tasks to queue
[2023-01-15T01:44:15.018+0000] {logging_mixin.py:117} INFO - [2023-01-15T01:44:15.018+0000] {dagbag.py:525} INFO - Filling up the DagBag from /home/airflow/.local/lib/python3.7/site-packages/airflow/example_dags/example_dag_decorator.py
[2023-01-15T01:44:15.107+0000] {processor.py:768} INFO - DAG(s) dict_keys(['example_dag_decorator']) retrieved from /home/airflow/.local/lib/python3.7/site-packages/airflow/example_dags/example_dag_decorator.py
[2023-01-15T01:44:15.267+0000] {logging_mixin.py:117} INFO - [2023-01-15T01:44:15.267+0000] {dag.py:2573} INFO - Sync 1 DAGs
[2023-01-15T01:44:15.300+0000] {logging_mixin.py:117} INFO - [2023-01-15T01:44:15.300+0000] {dag.py:3328} INFO - Setting next_dagrun for example_dag_decorator to None, run_after=None
[2023-01-15T01:44:15.361+0000] {processor.py:178} INFO - Processing /home/airflow/.local/lib/python3.7/site-packages/airflow/example_dags/example_dag_decorator.py took 0.365 seconds
[2023-01-15T02:15:45.157+0000] {processor.py:156} INFO - Started process (PID=24212) to work on /home/airflow/.local/lib/python3.7/site-packages/airflow/example_dags/example_dag_decorator.py
[2023-01-15T02:15:45.158+0000] {processor.py:758} INFO - Processing file /home/airflow/.local/lib/python3.7/site-packages/airflow/example_dags/example_dag_decorator.py for tasks to queue
[2023-01-15T02:15:45.159+0000] {logging_mixin.py:117} INFO - [2023-01-15T02:15:45.159+0000] {dagbag.py:525} INFO - Filling up the DagBag from /home/airflow/.local/lib/python3.7/site-packages/airflow/example_dags/example_dag_decorator.py
[2023-01-15T02:15:45.180+0000] {processor.py:768} INFO - DAG(s) dict_keys(['example_dag_decorator']) retrieved from /home/airflow/.local/lib/python3.7/site-packages/airflow/example_dags/example_dag_decorator.py
[2023-01-15T02:15:45.228+0000] {logging_mixin.py:117} INFO - [2023-01-15T02:15:45.228+0000] {dag.py:2573} INFO - Sync 1 DAGs
[2023-01-15T02:15:45.240+0000] {logging_mixin.py:117} INFO - [2023-01-15T02:15:45.240+0000] {dag.py:3328} INFO - Setting next_dagrun for example_dag_decorator to None, run_after=None
[2023-01-15T02:15:45.251+0000] {processor.py:178} INFO - Processing /home/airflow/.local/lib/python3.7/site-packages/airflow/example_dags/example_dag_decorator.py took 0.097 seconds
[2023-01-15T02:16:15.849+0000] {processor.py:156} INFO - Started process (PID=24275) to work on /home/airflow/.local/lib/python3.7/site-packages/airflow/example_dags/example_dag_decorator.py
[2023-01-15T02:16:15.851+0000] {processor.py:758} INFO - Processing file /home/airflow/.local/lib/python3.7/site-packages/airflow/example_dags/example_dag_decorator.py for tasks to queue
[2023-01-15T02:16:15.852+0000] {logging_mixin.py:117} INFO - [2023-01-15T02:16:15.852+0000] {dagbag.py:525} INFO - Filling up the DagBag from /home/airflow/.local/lib/python3.7/site-packages/airflow/example_dags/example_dag_decorator.py
[2023-01-15T02:16:15.873+0000] {processor.py:768} INFO - DAG(s) dict_keys(['example_dag_decorator']) retrieved from /home/airflow/.local/lib/python3.7/site-packages/airflow/example_dags/example_dag_decorator.py
[2023-01-15T02:16:15.921+0000] {logging_mixin.py:117} INFO - [2023-01-15T02:16:15.921+0000] {dag.py:2573} INFO - Sync 1 DAGs
[2023-01-15T02:16:15.934+0000] {logging_mixin.py:117} INFO - [2023-01-15T02:16:15.934+0000] {dag.py:3328} INFO - Setting next_dagrun for example_dag_decorator to None, run_after=None
[2023-01-15T02:16:15.945+0000] {processor.py:178} INFO - Processing /home/airflow/.local/lib/python3.7/site-packages/airflow/example_dags/example_dag_decorator.py took 0.098 seconds
[2023-01-15T02:49:41.925+0000] {processor.py:156} INFO - Started process (PID=24338) to work on /home/airflow/.local/lib/python3.7/site-packages/airflow/example_dags/example_dag_decorator.py
[2023-01-15T02:49:41.936+0000] {processor.py:758} INFO - Processing file /home/airflow/.local/lib/python3.7/site-packages/airflow/example_dags/example_dag_decorator.py for tasks to queue
[2023-01-15T02:49:41.939+0000] {logging_mixin.py:117} INFO - [2023-01-15T02:49:41.938+0000] {dagbag.py:525} INFO - Filling up the DagBag from /home/airflow/.local/lib/python3.7/site-packages/airflow/example_dags/example_dag_decorator.py
[2023-01-15T02:49:42.000+0000] {processor.py:768} INFO - DAG(s) dict_keys(['example_dag_decorator']) retrieved from /home/airflow/.local/lib/python3.7/site-packages/airflow/example_dags/example_dag_decorator.py
[2023-01-15T02:49:42.080+0000] {logging_mixin.py:117} INFO - [2023-01-15T02:49:42.080+0000] {dag.py:2573} INFO - Sync 1 DAGs
[2023-01-15T02:49:42.097+0000] {logging_mixin.py:117} INFO - [2023-01-15T02:49:42.097+0000] {dag.py:3328} INFO - Setting next_dagrun for example_dag_decorator to None, run_after=None
[2023-01-15T02:49:42.113+0000] {processor.py:178} INFO - Processing /home/airflow/.local/lib/python3.7/site-packages/airflow/example_dags/example_dag_decorator.py took 0.194 seconds
[2023-01-15T04:11:00.606+0000] {processor.py:156} INFO - Started process (PID=24401) to work on /home/airflow/.local/lib/python3.7/site-packages/airflow/example_dags/example_dag_decorator.py
[2023-01-15T04:11:00.609+0000] {processor.py:758} INFO - Processing file /home/airflow/.local/lib/python3.7/site-packages/airflow/example_dags/example_dag_decorator.py for tasks to queue
[2023-01-15T04:11:00.610+0000] {logging_mixin.py:117} INFO - [2023-01-15T04:11:00.610+0000] {dagbag.py:525} INFO - Filling up the DagBag from /home/airflow/.local/lib/python3.7/site-packages/airflow/example_dags/example_dag_decorator.py
[2023-01-15T04:11:00.647+0000] {processor.py:768} INFO - DAG(s) dict_keys(['example_dag_decorator']) retrieved from /home/airflow/.local/lib/python3.7/site-packages/airflow/example_dags/example_dag_decorator.py
[2023-01-15T04:11:00.717+0000] {logging_mixin.py:117} INFO - [2023-01-15T04:11:00.717+0000] {dag.py:2573} INFO - Sync 1 DAGs
[2023-01-15T04:11:00.732+0000] {logging_mixin.py:117} INFO - [2023-01-15T04:11:00.732+0000] {dag.py:3328} INFO - Setting next_dagrun for example_dag_decorator to None, run_after=None
[2023-01-15T04:11:00.752+0000] {processor.py:178} INFO - Processing /home/airflow/.local/lib/python3.7/site-packages/airflow/example_dags/example_dag_decorator.py took 0.150 seconds
[2023-01-15T05:08:48.520+0000] {processor.py:156} INFO - Started process (PID=24465) to work on /home/airflow/.local/lib/python3.7/site-packages/airflow/example_dags/example_dag_decorator.py
[2023-01-15T05:08:48.525+0000] {processor.py:758} INFO - Processing file /home/airflow/.local/lib/python3.7/site-packages/airflow/example_dags/example_dag_decorator.py for tasks to queue
[2023-01-15T05:08:48.528+0000] {logging_mixin.py:117} INFO - [2023-01-15T05:08:48.528+0000] {dagbag.py:525} INFO - Filling up the DagBag from /home/airflow/.local/lib/python3.7/site-packages/airflow/example_dags/example_dag_decorator.py
[2023-01-15T05:08:48.579+0000] {processor.py:768} INFO - DAG(s) dict_keys(['example_dag_decorator']) retrieved from /home/airflow/.local/lib/python3.7/site-packages/airflow/example_dags/example_dag_decorator.py
[2023-01-15T05:08:48.701+0000] {logging_mixin.py:117} INFO - [2023-01-15T05:08:48.701+0000] {dag.py:2573} INFO - Sync 1 DAGs
[2023-01-15T05:08:48.724+0000] {logging_mixin.py:117} INFO - [2023-01-15T05:08:48.724+0000] {dag.py:3328} INFO - Setting next_dagrun for example_dag_decorator to None, run_after=None
[2023-01-15T05:08:48.758+0000] {processor.py:178} INFO - Processing /home/airflow/.local/lib/python3.7/site-packages/airflow/example_dags/example_dag_decorator.py took 0.244 seconds
[2023-01-15T06:14:16.431+0000] {processor.py:156} INFO - Started process (PID=24519) to work on /home/airflow/.local/lib/python3.7/site-packages/airflow/example_dags/example_dag_decorator.py
[2023-01-15T06:14:16.436+0000] {processor.py:758} INFO - Processing file /home/airflow/.local/lib/python3.7/site-packages/airflow/example_dags/example_dag_decorator.py for tasks to queue
[2023-01-15T06:14:16.437+0000] {logging_mixin.py:117} INFO - [2023-01-15T06:14:16.437+0000] {dagbag.py:525} INFO - Filling up the DagBag from /home/airflow/.local/lib/python3.7/site-packages/airflow/example_dags/example_dag_decorator.py
[2023-01-15T06:14:16.466+0000] {processor.py:768} INFO - DAG(s) dict_keys(['example_dag_decorator']) retrieved from /home/airflow/.local/lib/python3.7/site-packages/airflow/example_dags/example_dag_decorator.py
[2023-01-15T06:14:16.545+0000] {logging_mixin.py:117} INFO - [2023-01-15T06:14:16.544+0000] {dag.py:2573} INFO - Sync 1 DAGs
[2023-01-15T06:14:16.571+0000] {logging_mixin.py:117} INFO - [2023-01-15T06:14:16.571+0000] {dag.py:3328} INFO - Setting next_dagrun for example_dag_decorator to None, run_after=None
[2023-01-15T06:14:16.604+0000] {processor.py:178} INFO - Processing /home/airflow/.local/lib/python3.7/site-packages/airflow/example_dags/example_dag_decorator.py took 0.179 seconds
[2023-01-15T06:57:22.856+0000] {processor.py:156} INFO - Started process (PID=24582) to work on /home/airflow/.local/lib/python3.7/site-packages/airflow/example_dags/example_dag_decorator.py
[2023-01-15T06:57:22.859+0000] {processor.py:758} INFO - Processing file /home/airflow/.local/lib/python3.7/site-packages/airflow/example_dags/example_dag_decorator.py for tasks to queue
[2023-01-15T06:57:22.861+0000] {logging_mixin.py:117} INFO - [2023-01-15T06:57:22.860+0000] {dagbag.py:525} INFO - Filling up the DagBag from /home/airflow/.local/lib/python3.7/site-packages/airflow/example_dags/example_dag_decorator.py
[2023-01-15T06:57:22.900+0000] {processor.py:768} INFO - DAG(s) dict_keys(['example_dag_decorator']) retrieved from /home/airflow/.local/lib/python3.7/site-packages/airflow/example_dags/example_dag_decorator.py
[2023-01-15T06:57:23.023+0000] {logging_mixin.py:117} INFO - [2023-01-15T06:57:23.023+0000] {dag.py:2573} INFO - Sync 1 DAGs
[2023-01-15T06:57:23.055+0000] {logging_mixin.py:117} INFO - [2023-01-15T06:57:23.055+0000] {dag.py:3328} INFO - Setting next_dagrun for example_dag_decorator to None, run_after=None
[2023-01-15T06:57:23.082+0000] {processor.py:178} INFO - Processing /home/airflow/.local/lib/python3.7/site-packages/airflow/example_dags/example_dag_decorator.py took 0.230 seconds
[2023-01-15T08:03:14.379+0000] {processor.py:156} INFO - Started process (PID=24645) to work on /home/airflow/.local/lib/python3.7/site-packages/airflow/example_dags/example_dag_decorator.py
[2023-01-15T08:03:14.381+0000] {processor.py:758} INFO - Processing file /home/airflow/.local/lib/python3.7/site-packages/airflow/example_dags/example_dag_decorator.py for tasks to queue
[2023-01-15T08:03:14.383+0000] {logging_mixin.py:117} INFO - [2023-01-15T08:03:14.382+0000] {dagbag.py:525} INFO - Filling up the DagBag from /home/airflow/.local/lib/python3.7/site-packages/airflow/example_dags/example_dag_decorator.py
[2023-01-15T08:03:14.419+0000] {processor.py:768} INFO - DAG(s) dict_keys(['example_dag_decorator']) retrieved from /home/airflow/.local/lib/python3.7/site-packages/airflow/example_dags/example_dag_decorator.py
[2023-01-15T08:03:14.494+0000] {logging_mixin.py:117} INFO - [2023-01-15T08:03:14.494+0000] {dag.py:2573} INFO - Sync 1 DAGs
[2023-01-15T08:03:14.511+0000] {logging_mixin.py:117} INFO - [2023-01-15T08:03:14.511+0000] {dag.py:3328} INFO - Setting next_dagrun for example_dag_decorator to None, run_after=None
[2023-01-15T08:03:14.524+0000] {processor.py:178} INFO - Processing /home/airflow/.local/lib/python3.7/site-packages/airflow/example_dags/example_dag_decorator.py took 0.152 seconds
[2023-01-15T09:11:03.576+0000] {processor.py:156} INFO - Started process (PID=24709) to work on /home/airflow/.local/lib/python3.7/site-packages/airflow/example_dags/example_dag_decorator.py
[2023-01-15T09:11:03.577+0000] {processor.py:758} INFO - Processing file /home/airflow/.local/lib/python3.7/site-packages/airflow/example_dags/example_dag_decorator.py for tasks to queue
[2023-01-15T09:11:03.578+0000] {logging_mixin.py:117} INFO - [2023-01-15T09:11:03.578+0000] {dagbag.py:525} INFO - Filling up the DagBag from /home/airflow/.local/lib/python3.7/site-packages/airflow/example_dags/example_dag_decorator.py
[2023-01-15T09:11:03.603+0000] {processor.py:768} INFO - DAG(s) dict_keys(['example_dag_decorator']) retrieved from /home/airflow/.local/lib/python3.7/site-packages/airflow/example_dags/example_dag_decorator.py
[2023-01-15T09:11:03.693+0000] {logging_mixin.py:117} INFO - [2023-01-15T09:11:03.693+0000] {dag.py:2573} INFO - Sync 1 DAGs
[2023-01-15T09:11:03.923+0000] {logging_mixin.py:117} INFO - [2023-01-15T09:11:03.923+0000] {dag.py:3328} INFO - Setting next_dagrun for example_dag_decorator to None, run_after=None
[2023-01-15T09:11:03.967+0000] {processor.py:178} INFO - Processing /home/airflow/.local/lib/python3.7/site-packages/airflow/example_dags/example_dag_decorator.py took 0.394 seconds
[2023-01-15T09:32:51.433+0000] {processor.py:156} INFO - Started process (PID=24763) to work on /home/airflow/.local/lib/python3.7/site-packages/airflow/example_dags/example_dag_decorator.py
[2023-01-15T09:32:51.438+0000] {processor.py:758} INFO - Processing file /home/airflow/.local/lib/python3.7/site-packages/airflow/example_dags/example_dag_decorator.py for tasks to queue
[2023-01-15T09:32:51.439+0000] {logging_mixin.py:117} INFO - [2023-01-15T09:32:51.439+0000] {dagbag.py:525} INFO - Filling up the DagBag from /home/airflow/.local/lib/python3.7/site-packages/airflow/example_dags/example_dag_decorator.py
[2023-01-15T09:32:51.486+0000] {processor.py:768} INFO - DAG(s) dict_keys(['example_dag_decorator']) retrieved from /home/airflow/.local/lib/python3.7/site-packages/airflow/example_dags/example_dag_decorator.py
[2023-01-15T09:32:51.583+0000] {logging_mixin.py:117} INFO - [2023-01-15T09:32:51.583+0000] {dag.py:2573} INFO - Sync 1 DAGs
[2023-01-15T09:32:51.609+0000] {logging_mixin.py:117} INFO - [2023-01-15T09:32:51.609+0000] {dag.py:3328} INFO - Setting next_dagrun for example_dag_decorator to None, run_after=None
[2023-01-15T09:32:51.628+0000] {processor.py:178} INFO - Processing /home/airflow/.local/lib/python3.7/site-packages/airflow/example_dags/example_dag_decorator.py took 0.198 seconds
[2023-01-15T09:33:54.320+0000] {processor.py:156} INFO - Started process (PID=24826) to work on /home/airflow/.local/lib/python3.7/site-packages/airflow/example_dags/example_dag_decorator.py
[2023-01-15T09:33:54.321+0000] {processor.py:758} INFO - Processing file /home/airflow/.local/lib/python3.7/site-packages/airflow/example_dags/example_dag_decorator.py for tasks to queue
[2023-01-15T09:33:54.322+0000] {logging_mixin.py:117} INFO - [2023-01-15T09:33:54.322+0000] {dagbag.py:525} INFO - Filling up the DagBag from /home/airflow/.local/lib/python3.7/site-packages/airflow/example_dags/example_dag_decorator.py
[2023-01-15T09:33:54.343+0000] {processor.py:768} INFO - DAG(s) dict_keys(['example_dag_decorator']) retrieved from /home/airflow/.local/lib/python3.7/site-packages/airflow/example_dags/example_dag_decorator.py
[2023-01-15T09:33:54.392+0000] {logging_mixin.py:117} INFO - [2023-01-15T09:33:54.392+0000] {dag.py:2573} INFO - Sync 1 DAGs
[2023-01-15T09:33:54.403+0000] {logging_mixin.py:117} INFO - [2023-01-15T09:33:54.403+0000] {dag.py:3328} INFO - Setting next_dagrun for example_dag_decorator to None, run_after=None
[2023-01-15T09:33:54.414+0000] {processor.py:178} INFO - Processing /home/airflow/.local/lib/python3.7/site-packages/airflow/example_dags/example_dag_decorator.py took 0.096 seconds
[2023-01-15T09:43:27.396+0000] {processor.py:156} INFO - Started process (PID=24889) to work on /home/airflow/.local/lib/python3.7/site-packages/airflow/example_dags/example_dag_decorator.py
[2023-01-15T09:43:27.406+0000] {processor.py:758} INFO - Processing file /home/airflow/.local/lib/python3.7/site-packages/airflow/example_dags/example_dag_decorator.py for tasks to queue
[2023-01-15T09:43:27.422+0000] {logging_mixin.py:117} INFO - [2023-01-15T09:43:27.421+0000] {dagbag.py:525} INFO - Filling up the DagBag from /home/airflow/.local/lib/python3.7/site-packages/airflow/example_dags/example_dag_decorator.py
[2023-01-15T09:43:27.501+0000] {processor.py:768} INFO - DAG(s) dict_keys(['example_dag_decorator']) retrieved from /home/airflow/.local/lib/python3.7/site-packages/airflow/example_dags/example_dag_decorator.py
[2023-01-15T09:43:27.651+0000] {logging_mixin.py:117} INFO - [2023-01-15T09:43:27.650+0000] {dag.py:2573} INFO - Sync 1 DAGs
[2023-01-15T09:43:27.682+0000] {logging_mixin.py:117} INFO - [2023-01-15T09:43:27.681+0000] {dag.py:3328} INFO - Setting next_dagrun for example_dag_decorator to None, run_after=None
[2023-01-15T09:43:27.706+0000] {processor.py:178} INFO - Processing /home/airflow/.local/lib/python3.7/site-packages/airflow/example_dags/example_dag_decorator.py took 0.356 seconds
[2023-01-15T11:04:07.210+0000] {processor.py:156} INFO - Started process (PID=24951) to work on /home/airflow/.local/lib/python3.7/site-packages/airflow/example_dags/example_dag_decorator.py
[2023-01-15T11:04:07.231+0000] {processor.py:758} INFO - Processing file /home/airflow/.local/lib/python3.7/site-packages/airflow/example_dags/example_dag_decorator.py for tasks to queue
[2023-01-15T11:04:07.235+0000] {logging_mixin.py:117} INFO - [2023-01-15T11:04:07.235+0000] {dagbag.py:525} INFO - Filling up the DagBag from /home/airflow/.local/lib/python3.7/site-packages/airflow/example_dags/example_dag_decorator.py
[2023-01-15T11:04:07.300+0000] {processor.py:768} INFO - DAG(s) dict_keys(['example_dag_decorator']) retrieved from /home/airflow/.local/lib/python3.7/site-packages/airflow/example_dags/example_dag_decorator.py
[2023-01-15T11:04:07.389+0000] {logging_mixin.py:117} INFO - [2023-01-15T11:04:07.389+0000] {dag.py:2573} INFO - Sync 1 DAGs
[2023-01-15T11:04:07.447+0000] {logging_mixin.py:117} INFO - [2023-01-15T11:04:07.447+0000] {dag.py:3328} INFO - Setting next_dagrun for example_dag_decorator to None, run_after=None
[2023-01-15T11:04:07.485+0000] {processor.py:178} INFO - Processing /home/airflow/.local/lib/python3.7/site-packages/airflow/example_dags/example_dag_decorator.py took 0.278 seconds
[2023-01-15T12:04:14.282+0000] {processor.py:156} INFO - Started process (PID=25006) to work on /home/airflow/.local/lib/python3.7/site-packages/airflow/example_dags/example_dag_decorator.py
[2023-01-15T12:04:14.284+0000] {processor.py:758} INFO - Processing file /home/airflow/.local/lib/python3.7/site-packages/airflow/example_dags/example_dag_decorator.py for tasks to queue
[2023-01-15T12:04:14.285+0000] {logging_mixin.py:117} INFO - [2023-01-15T12:04:14.285+0000] {dagbag.py:525} INFO - Filling up the DagBag from /home/airflow/.local/lib/python3.7/site-packages/airflow/example_dags/example_dag_decorator.py
[2023-01-15T12:04:14.347+0000] {processor.py:768} INFO - DAG(s) dict_keys(['example_dag_decorator']) retrieved from /home/airflow/.local/lib/python3.7/site-packages/airflow/example_dags/example_dag_decorator.py
[2023-01-15T12:04:14.460+0000] {logging_mixin.py:117} INFO - [2023-01-15T12:04:14.460+0000] {dag.py:2573} INFO - Sync 1 DAGs
[2023-01-15T12:04:14.479+0000] {logging_mixin.py:117} INFO - [2023-01-15T12:04:14.479+0000] {dag.py:3328} INFO - Setting next_dagrun for example_dag_decorator to None, run_after=None
[2023-01-15T12:04:14.493+0000] {processor.py:178} INFO - Processing /home/airflow/.local/lib/python3.7/site-packages/airflow/example_dags/example_dag_decorator.py took 0.223 seconds
[2023-01-15T12:42:35.887+0000] {processor.py:156} INFO - Started process (PID=25069) to work on /home/airflow/.local/lib/python3.7/site-packages/airflow/example_dags/example_dag_decorator.py
[2023-01-15T12:42:35.891+0000] {processor.py:758} INFO - Processing file /home/airflow/.local/lib/python3.7/site-packages/airflow/example_dags/example_dag_decorator.py for tasks to queue
[2023-01-15T12:42:35.892+0000] {logging_mixin.py:117} INFO - [2023-01-15T12:42:35.892+0000] {dagbag.py:525} INFO - Filling up the DagBag from /home/airflow/.local/lib/python3.7/site-packages/airflow/example_dags/example_dag_decorator.py
[2023-01-15T12:42:35.942+0000] {processor.py:768} INFO - DAG(s) dict_keys(['example_dag_decorator']) retrieved from /home/airflow/.local/lib/python3.7/site-packages/airflow/example_dags/example_dag_decorator.py
[2023-01-15T12:42:36.033+0000] {logging_mixin.py:117} INFO - [2023-01-15T12:42:36.033+0000] {dag.py:2573} INFO - Sync 1 DAGs
[2023-01-15T12:42:36.079+0000] {logging_mixin.py:117} INFO - [2023-01-15T12:42:36.079+0000] {dag.py:3328} INFO - Setting next_dagrun for example_dag_decorator to None, run_after=None
[2023-01-15T12:42:36.116+0000] {processor.py:178} INFO - Processing /home/airflow/.local/lib/python3.7/site-packages/airflow/example_dags/example_dag_decorator.py took 0.236 seconds
[2023-01-15T13:21:54.288+0000] {processor.py:156} INFO - Started process (PID=25132) to work on /home/airflow/.local/lib/python3.7/site-packages/airflow/example_dags/example_dag_decorator.py
[2023-01-15T13:21:54.289+0000] {processor.py:758} INFO - Processing file /home/airflow/.local/lib/python3.7/site-packages/airflow/example_dags/example_dag_decorator.py for tasks to queue
[2023-01-15T13:21:54.290+0000] {logging_mixin.py:117} INFO - [2023-01-15T13:21:54.290+0000] {dagbag.py:525} INFO - Filling up the DagBag from /home/airflow/.local/lib/python3.7/site-packages/airflow/example_dags/example_dag_decorator.py
[2023-01-15T13:21:54.311+0000] {processor.py:768} INFO - DAG(s) dict_keys(['example_dag_decorator']) retrieved from /home/airflow/.local/lib/python3.7/site-packages/airflow/example_dags/example_dag_decorator.py
[2023-01-15T13:21:54.358+0000] {logging_mixin.py:117} INFO - [2023-01-15T13:21:54.358+0000] {dag.py:2573} INFO - Sync 1 DAGs
[2023-01-15T13:21:54.371+0000] {logging_mixin.py:117} INFO - [2023-01-15T13:21:54.371+0000] {dag.py:3328} INFO - Setting next_dagrun for example_dag_decorator to None, run_after=None
[2023-01-15T13:21:54.383+0000] {processor.py:178} INFO - Processing /home/airflow/.local/lib/python3.7/site-packages/airflow/example_dags/example_dag_decorator.py took 0.098 seconds
[2023-01-15T13:38:26.660+0000] {processor.py:156} INFO - Started process (PID=25186) to work on /home/airflow/.local/lib/python3.7/site-packages/airflow/example_dags/example_dag_decorator.py
[2023-01-15T13:38:26.661+0000] {processor.py:758} INFO - Processing file /home/airflow/.local/lib/python3.7/site-packages/airflow/example_dags/example_dag_decorator.py for tasks to queue
[2023-01-15T13:38:26.663+0000] {logging_mixin.py:117} INFO - [2023-01-15T13:38:26.662+0000] {dagbag.py:525} INFO - Filling up the DagBag from /home/airflow/.local/lib/python3.7/site-packages/airflow/example_dags/example_dag_decorator.py
[2023-01-15T13:38:26.683+0000] {processor.py:768} INFO - DAG(s) dict_keys(['example_dag_decorator']) retrieved from /home/airflow/.local/lib/python3.7/site-packages/airflow/example_dags/example_dag_decorator.py
[2023-01-15T13:38:26.731+0000] {logging_mixin.py:117} INFO - [2023-01-15T13:38:26.731+0000] {dag.py:2573} INFO - Sync 1 DAGs
[2023-01-15T13:38:26.744+0000] {logging_mixin.py:117} INFO - [2023-01-15T13:38:26.743+0000] {dag.py:3328} INFO - Setting next_dagrun for example_dag_decorator to None, run_after=None
[2023-01-15T13:38:26.756+0000] {processor.py:178} INFO - Processing /home/airflow/.local/lib/python3.7/site-packages/airflow/example_dags/example_dag_decorator.py took 0.099 seconds
[2023-01-15T13:38:57.704+0000] {processor.py:156} INFO - Started process (PID=25249) to work on /home/airflow/.local/lib/python3.7/site-packages/airflow/example_dags/example_dag_decorator.py
[2023-01-15T13:38:57.705+0000] {processor.py:758} INFO - Processing file /home/airflow/.local/lib/python3.7/site-packages/airflow/example_dags/example_dag_decorator.py for tasks to queue
[2023-01-15T13:38:57.706+0000] {logging_mixin.py:117} INFO - [2023-01-15T13:38:57.706+0000] {dagbag.py:525} INFO - Filling up the DagBag from /home/airflow/.local/lib/python3.7/site-packages/airflow/example_dags/example_dag_decorator.py
[2023-01-15T13:38:57.727+0000] {processor.py:768} INFO - DAG(s) dict_keys(['example_dag_decorator']) retrieved from /home/airflow/.local/lib/python3.7/site-packages/airflow/example_dags/example_dag_decorator.py
[2023-01-15T13:38:57.775+0000] {logging_mixin.py:117} INFO - [2023-01-15T13:38:57.775+0000] {dag.py:2573} INFO - Sync 1 DAGs
[2023-01-15T13:38:57.788+0000] {logging_mixin.py:117} INFO - [2023-01-15T13:38:57.788+0000] {dag.py:3328} INFO - Setting next_dagrun for example_dag_decorator to None, run_after=None
[2023-01-15T13:38:57.801+0000] {processor.py:178} INFO - Processing /home/airflow/.local/lib/python3.7/site-packages/airflow/example_dags/example_dag_decorator.py took 0.100 seconds
[2023-01-15T13:39:28.323+0000] {processor.py:156} INFO - Started process (PID=25312) to work on /home/airflow/.local/lib/python3.7/site-packages/airflow/example_dags/example_dag_decorator.py
[2023-01-15T13:39:28.324+0000] {processor.py:758} INFO - Processing file /home/airflow/.local/lib/python3.7/site-packages/airflow/example_dags/example_dag_decorator.py for tasks to queue
[2023-01-15T13:39:28.325+0000] {logging_mixin.py:117} INFO - [2023-01-15T13:39:28.324+0000] {dagbag.py:525} INFO - Filling up the DagBag from /home/airflow/.local/lib/python3.7/site-packages/airflow/example_dags/example_dag_decorator.py
[2023-01-15T13:39:28.345+0000] {processor.py:768} INFO - DAG(s) dict_keys(['example_dag_decorator']) retrieved from /home/airflow/.local/lib/python3.7/site-packages/airflow/example_dags/example_dag_decorator.py
[2023-01-15T13:39:28.392+0000] {logging_mixin.py:117} INFO - [2023-01-15T13:39:28.392+0000] {dag.py:2573} INFO - Sync 1 DAGs
[2023-01-15T13:39:28.404+0000] {logging_mixin.py:117} INFO - [2023-01-15T13:39:28.404+0000] {dag.py:3328} INFO - Setting next_dagrun for example_dag_decorator to None, run_after=None
[2023-01-15T13:39:28.416+0000] {processor.py:178} INFO - Processing /home/airflow/.local/lib/python3.7/site-packages/airflow/example_dags/example_dag_decorator.py took 0.096 seconds
[2023-01-15T13:39:58.589+0000] {processor.py:156} INFO - Started process (PID=25375) to work on /home/airflow/.local/lib/python3.7/site-packages/airflow/example_dags/example_dag_decorator.py
[2023-01-15T13:39:58.590+0000] {processor.py:758} INFO - Processing file /home/airflow/.local/lib/python3.7/site-packages/airflow/example_dags/example_dag_decorator.py for tasks to queue
[2023-01-15T13:39:58.591+0000] {logging_mixin.py:117} INFO - [2023-01-15T13:39:58.591+0000] {dagbag.py:525} INFO - Filling up the DagBag from /home/airflow/.local/lib/python3.7/site-packages/airflow/example_dags/example_dag_decorator.py
[2023-01-15T13:39:58.612+0000] {processor.py:768} INFO - DAG(s) dict_keys(['example_dag_decorator']) retrieved from /home/airflow/.local/lib/python3.7/site-packages/airflow/example_dags/example_dag_decorator.py
[2023-01-15T13:39:58.673+0000] {logging_mixin.py:117} INFO - [2023-01-15T13:39:58.672+0000] {dag.py:2573} INFO - Sync 1 DAGs
[2023-01-15T13:39:58.693+0000] {logging_mixin.py:117} INFO - [2023-01-15T13:39:58.692+0000] {dag.py:3328} INFO - Setting next_dagrun for example_dag_decorator to None, run_after=None
[2023-01-15T13:39:58.710+0000] {processor.py:178} INFO - Processing /home/airflow/.local/lib/python3.7/site-packages/airflow/example_dags/example_dag_decorator.py took 0.124 seconds
[2023-01-15T13:40:29.080+0000] {processor.py:156} INFO - Started process (PID=25438) to work on /home/airflow/.local/lib/python3.7/site-packages/airflow/example_dags/example_dag_decorator.py
[2023-01-15T13:40:29.082+0000] {processor.py:758} INFO - Processing file /home/airflow/.local/lib/python3.7/site-packages/airflow/example_dags/example_dag_decorator.py for tasks to queue
[2023-01-15T13:40:29.082+0000] {logging_mixin.py:117} INFO - [2023-01-15T13:40:29.082+0000] {dagbag.py:525} INFO - Filling up the DagBag from /home/airflow/.local/lib/python3.7/site-packages/airflow/example_dags/example_dag_decorator.py
[2023-01-15T13:40:29.103+0000] {processor.py:768} INFO - DAG(s) dict_keys(['example_dag_decorator']) retrieved from /home/airflow/.local/lib/python3.7/site-packages/airflow/example_dags/example_dag_decorator.py
[2023-01-15T13:40:29.152+0000] {logging_mixin.py:117} INFO - [2023-01-15T13:40:29.152+0000] {dag.py:2573} INFO - Sync 1 DAGs
[2023-01-15T13:40:29.164+0000] {logging_mixin.py:117} INFO - [2023-01-15T13:40:29.164+0000] {dag.py:3328} INFO - Setting next_dagrun for example_dag_decorator to None, run_after=None
[2023-01-15T13:40:29.175+0000] {processor.py:178} INFO - Processing /home/airflow/.local/lib/python3.7/site-packages/airflow/example_dags/example_dag_decorator.py took 0.098 seconds
[2023-01-15T13:40:59.683+0000] {processor.py:156} INFO - Started process (PID=25501) to work on /home/airflow/.local/lib/python3.7/site-packages/airflow/example_dags/example_dag_decorator.py
[2023-01-15T13:40:59.685+0000] {processor.py:758} INFO - Processing file /home/airflow/.local/lib/python3.7/site-packages/airflow/example_dags/example_dag_decorator.py for tasks to queue
[2023-01-15T13:40:59.685+0000] {logging_mixin.py:117} INFO - [2023-01-15T13:40:59.685+0000] {dagbag.py:525} INFO - Filling up the DagBag from /home/airflow/.local/lib/python3.7/site-packages/airflow/example_dags/example_dag_decorator.py
[2023-01-15T13:40:59.706+0000] {processor.py:768} INFO - DAG(s) dict_keys(['example_dag_decorator']) retrieved from /home/airflow/.local/lib/python3.7/site-packages/airflow/example_dags/example_dag_decorator.py
[2023-01-15T13:40:59.754+0000] {logging_mixin.py:117} INFO - [2023-01-15T13:40:59.754+0000] {dag.py:2573} INFO - Sync 1 DAGs
[2023-01-15T13:40:59.767+0000] {logging_mixin.py:117} INFO - [2023-01-15T13:40:59.767+0000] {dag.py:3328} INFO - Setting next_dagrun for example_dag_decorator to None, run_after=None
[2023-01-15T13:40:59.778+0000] {processor.py:178} INFO - Processing /home/airflow/.local/lib/python3.7/site-packages/airflow/example_dags/example_dag_decorator.py took 0.097 seconds
[2023-01-15T13:41:29.906+0000] {processor.py:156} INFO - Started process (PID=25555) to work on /home/airflow/.local/lib/python3.7/site-packages/airflow/example_dags/example_dag_decorator.py
[2023-01-15T13:41:29.907+0000] {processor.py:758} INFO - Processing file /home/airflow/.local/lib/python3.7/site-packages/airflow/example_dags/example_dag_decorator.py for tasks to queue
[2023-01-15T13:41:29.908+0000] {logging_mixin.py:117} INFO - [2023-01-15T13:41:29.908+0000] {dagbag.py:525} INFO - Filling up the DagBag from /home/airflow/.local/lib/python3.7/site-packages/airflow/example_dags/example_dag_decorator.py
[2023-01-15T13:41:29.931+0000] {processor.py:768} INFO - DAG(s) dict_keys(['example_dag_decorator']) retrieved from /home/airflow/.local/lib/python3.7/site-packages/airflow/example_dags/example_dag_decorator.py
[2023-01-15T13:41:29.976+0000] {logging_mixin.py:117} INFO - [2023-01-15T13:41:29.976+0000] {dag.py:2573} INFO - Sync 1 DAGs
[2023-01-15T13:41:29.989+0000] {logging_mixin.py:117} INFO - [2023-01-15T13:41:29.989+0000] {dag.py:3328} INFO - Setting next_dagrun for example_dag_decorator to None, run_after=None
[2023-01-15T13:41:30.001+0000] {processor.py:178} INFO - Processing /home/airflow/.local/lib/python3.7/site-packages/airflow/example_dags/example_dag_decorator.py took 0.098 seconds
[2023-01-15T13:42:00.319+0000] {processor.py:156} INFO - Started process (PID=25619) to work on /home/airflow/.local/lib/python3.7/site-packages/airflow/example_dags/example_dag_decorator.py
[2023-01-15T13:42:00.320+0000] {processor.py:758} INFO - Processing file /home/airflow/.local/lib/python3.7/site-packages/airflow/example_dags/example_dag_decorator.py for tasks to queue
[2023-01-15T13:42:00.321+0000] {logging_mixin.py:117} INFO - [2023-01-15T13:42:00.321+0000] {dagbag.py:525} INFO - Filling up the DagBag from /home/airflow/.local/lib/python3.7/site-packages/airflow/example_dags/example_dag_decorator.py
[2023-01-15T13:42:00.341+0000] {processor.py:768} INFO - DAG(s) dict_keys(['example_dag_decorator']) retrieved from /home/airflow/.local/lib/python3.7/site-packages/airflow/example_dags/example_dag_decorator.py
[2023-01-15T13:42:00.390+0000] {logging_mixin.py:117} INFO - [2023-01-15T13:42:00.390+0000] {dag.py:2573} INFO - Sync 1 DAGs
[2023-01-15T13:42:00.403+0000] {logging_mixin.py:117} INFO - [2023-01-15T13:42:00.403+0000] {dag.py:3328} INFO - Setting next_dagrun for example_dag_decorator to None, run_after=None
[2023-01-15T13:42:00.414+0000] {processor.py:178} INFO - Processing /home/airflow/.local/lib/python3.7/site-packages/airflow/example_dags/example_dag_decorator.py took 0.097 seconds
[2023-01-15T13:58:04.136+0000] {processor.py:156} INFO - Started process (PID=25682) to work on /home/airflow/.local/lib/python3.7/site-packages/airflow/example_dags/example_dag_decorator.py
[2023-01-15T13:58:04.138+0000] {processor.py:758} INFO - Processing file /home/airflow/.local/lib/python3.7/site-packages/airflow/example_dags/example_dag_decorator.py for tasks to queue
[2023-01-15T13:58:04.139+0000] {logging_mixin.py:117} INFO - [2023-01-15T13:58:04.139+0000] {dagbag.py:525} INFO - Filling up the DagBag from /home/airflow/.local/lib/python3.7/site-packages/airflow/example_dags/example_dag_decorator.py
[2023-01-15T13:58:04.163+0000] {processor.py:768} INFO - DAG(s) dict_keys(['example_dag_decorator']) retrieved from /home/airflow/.local/lib/python3.7/site-packages/airflow/example_dags/example_dag_decorator.py
[2023-01-15T13:58:04.234+0000] {logging_mixin.py:117} INFO - [2023-01-15T13:58:04.234+0000] {dag.py:2573} INFO - Sync 1 DAGs
[2023-01-15T13:58:04.258+0000] {logging_mixin.py:117} INFO - [2023-01-15T13:58:04.258+0000] {dag.py:3328} INFO - Setting next_dagrun for example_dag_decorator to None, run_after=None
[2023-01-15T13:58:04.280+0000] {processor.py:178} INFO - Processing /home/airflow/.local/lib/python3.7/site-packages/airflow/example_dags/example_dag_decorator.py took 0.147 seconds
[2023-01-15T14:09:06.447+0000] {processor.py:156} INFO - Started process (PID=25745) to work on /home/airflow/.local/lib/python3.7/site-packages/airflow/example_dags/example_dag_decorator.py
[2023-01-15T14:09:06.450+0000] {processor.py:758} INFO - Processing file /home/airflow/.local/lib/python3.7/site-packages/airflow/example_dags/example_dag_decorator.py for tasks to queue
[2023-01-15T14:09:06.453+0000] {logging_mixin.py:117} INFO - [2023-01-15T14:09:06.452+0000] {dagbag.py:525} INFO - Filling up the DagBag from /home/airflow/.local/lib/python3.7/site-packages/airflow/example_dags/example_dag_decorator.py
[2023-01-15T14:09:06.559+0000] {processor.py:768} INFO - DAG(s) dict_keys(['example_dag_decorator']) retrieved from /home/airflow/.local/lib/python3.7/site-packages/airflow/example_dags/example_dag_decorator.py
[2023-01-15T14:09:06.695+0000] {logging_mixin.py:117} INFO - [2023-01-15T14:09:06.694+0000] {dag.py:2573} INFO - Sync 1 DAGs
[2023-01-15T14:09:06.710+0000] {logging_mixin.py:117} INFO - [2023-01-15T14:09:06.710+0000] {dag.py:3328} INFO - Setting next_dagrun for example_dag_decorator to None, run_after=None
[2023-01-15T14:09:06.735+0000] {processor.py:178} INFO - Processing /home/airflow/.local/lib/python3.7/site-packages/airflow/example_dags/example_dag_decorator.py took 0.314 seconds
[2023-01-15T14:09:37.666+0000] {processor.py:156} INFO - Started process (PID=25808) to work on /home/airflow/.local/lib/python3.7/site-packages/airflow/example_dags/example_dag_decorator.py
[2023-01-15T14:09:37.668+0000] {processor.py:758} INFO - Processing file /home/airflow/.local/lib/python3.7/site-packages/airflow/example_dags/example_dag_decorator.py for tasks to queue
[2023-01-15T14:09:37.669+0000] {logging_mixin.py:117} INFO - [2023-01-15T14:09:37.669+0000] {dagbag.py:525} INFO - Filling up the DagBag from /home/airflow/.local/lib/python3.7/site-packages/airflow/example_dags/example_dag_decorator.py
[2023-01-15T14:09:37.689+0000] {processor.py:768} INFO - DAG(s) dict_keys(['example_dag_decorator']) retrieved from /home/airflow/.local/lib/python3.7/site-packages/airflow/example_dags/example_dag_decorator.py
[2023-01-15T14:09:37.738+0000] {logging_mixin.py:117} INFO - [2023-01-15T14:09:37.737+0000] {dag.py:2573} INFO - Sync 1 DAGs
[2023-01-15T14:09:37.751+0000] {logging_mixin.py:117} INFO - [2023-01-15T14:09:37.751+0000] {dag.py:3328} INFO - Setting next_dagrun for example_dag_decorator to None, run_after=None
[2023-01-15T14:09:37.763+0000] {processor.py:178} INFO - Processing /home/airflow/.local/lib/python3.7/site-packages/airflow/example_dags/example_dag_decorator.py took 0.101 seconds
[2023-01-15T14:59:10.802+0000] {processor.py:156} INFO - Started process (PID=25863) to work on /home/airflow/.local/lib/python3.7/site-packages/airflow/example_dags/example_dag_decorator.py
[2023-01-15T14:59:10.810+0000] {processor.py:758} INFO - Processing file /home/airflow/.local/lib/python3.7/site-packages/airflow/example_dags/example_dag_decorator.py for tasks to queue
[2023-01-15T14:59:10.814+0000] {logging_mixin.py:117} INFO - [2023-01-15T14:59:10.813+0000] {dagbag.py:525} INFO - Filling up the DagBag from /home/airflow/.local/lib/python3.7/site-packages/airflow/example_dags/example_dag_decorator.py
[2023-01-15T14:59:10.978+0000] {processor.py:768} INFO - DAG(s) dict_keys(['example_dag_decorator']) retrieved from /home/airflow/.local/lib/python3.7/site-packages/airflow/example_dags/example_dag_decorator.py
[2023-01-15T14:59:11.145+0000] {logging_mixin.py:117} INFO - [2023-01-15T14:59:11.145+0000] {dag.py:2573} INFO - Sync 1 DAGs
[2023-01-15T14:59:11.187+0000] {logging_mixin.py:117} INFO - [2023-01-15T14:59:11.187+0000] {dag.py:3328} INFO - Setting next_dagrun for example_dag_decorator to None, run_after=None
[2023-01-15T14:59:11.235+0000] {processor.py:178} INFO - Processing /home/airflow/.local/lib/python3.7/site-packages/airflow/example_dags/example_dag_decorator.py took 0.436 seconds
[2023-01-15T16:21:34.214+0000] {processor.py:156} INFO - Started process (PID=25926) to work on /home/airflow/.local/lib/python3.7/site-packages/airflow/example_dags/example_dag_decorator.py
[2023-01-15T16:21:34.221+0000] {processor.py:758} INFO - Processing file /home/airflow/.local/lib/python3.7/site-packages/airflow/example_dags/example_dag_decorator.py for tasks to queue
[2023-01-15T16:21:34.222+0000] {logging_mixin.py:117} INFO - [2023-01-15T16:21:34.222+0000] {dagbag.py:525} INFO - Filling up the DagBag from /home/airflow/.local/lib/python3.7/site-packages/airflow/example_dags/example_dag_decorator.py
[2023-01-15T16:21:34.265+0000] {processor.py:768} INFO - DAG(s) dict_keys(['example_dag_decorator']) retrieved from /home/airflow/.local/lib/python3.7/site-packages/airflow/example_dags/example_dag_decorator.py
[2023-01-15T16:21:34.356+0000] {logging_mixin.py:117} INFO - [2023-01-15T16:21:34.356+0000] {dag.py:2573} INFO - Sync 1 DAGs
[2023-01-15T16:21:34.386+0000] {logging_mixin.py:117} INFO - [2023-01-15T16:21:34.386+0000] {dag.py:3328} INFO - Setting next_dagrun for example_dag_decorator to None, run_after=None
[2023-01-15T16:21:34.426+0000] {processor.py:178} INFO - Processing /home/airflow/.local/lib/python3.7/site-packages/airflow/example_dags/example_dag_decorator.py took 0.215 seconds
[2023-01-15T17:27:01.837+0000] {processor.py:156} INFO - Started process (PID=25989) to work on /home/airflow/.local/lib/python3.7/site-packages/airflow/example_dags/example_dag_decorator.py
[2023-01-15T17:27:01.842+0000] {processor.py:758} INFO - Processing file /home/airflow/.local/lib/python3.7/site-packages/airflow/example_dags/example_dag_decorator.py for tasks to queue
[2023-01-15T17:27:01.846+0000] {logging_mixin.py:117} INFO - [2023-01-15T17:27:01.845+0000] {dagbag.py:525} INFO - Filling up the DagBag from /home/airflow/.local/lib/python3.7/site-packages/airflow/example_dags/example_dag_decorator.py
[2023-01-15T17:27:01.905+0000] {processor.py:768} INFO - DAG(s) dict_keys(['example_dag_decorator']) retrieved from /home/airflow/.local/lib/python3.7/site-packages/airflow/example_dags/example_dag_decorator.py
[2023-01-15T17:27:02.000+0000] {logging_mixin.py:117} INFO - [2023-01-15T17:27:01.999+0000] {dag.py:2573} INFO - Sync 1 DAGs
[2023-01-15T17:27:02.023+0000] {logging_mixin.py:117} INFO - [2023-01-15T17:27:02.022+0000] {dag.py:3328} INFO - Setting next_dagrun for example_dag_decorator to None, run_after=None
[2023-01-15T17:27:02.052+0000] {processor.py:178} INFO - Processing /home/airflow/.local/lib/python3.7/site-packages/airflow/example_dags/example_dag_decorator.py took 0.225 seconds
[2023-01-15T18:23:34.122+0000] {processor.py:156} INFO - Started process (PID=26052) to work on /home/airflow/.local/lib/python3.7/site-packages/airflow/example_dags/example_dag_decorator.py
[2023-01-15T18:23:34.129+0000] {processor.py:758} INFO - Processing file /home/airflow/.local/lib/python3.7/site-packages/airflow/example_dags/example_dag_decorator.py for tasks to queue
[2023-01-15T18:23:34.137+0000] {logging_mixin.py:117} INFO - [2023-01-15T18:23:34.137+0000] {dagbag.py:525} INFO - Filling up the DagBag from /home/airflow/.local/lib/python3.7/site-packages/airflow/example_dags/example_dag_decorator.py
[2023-01-15T18:23:34.243+0000] {processor.py:768} INFO - DAG(s) dict_keys(['example_dag_decorator']) retrieved from /home/airflow/.local/lib/python3.7/site-packages/airflow/example_dags/example_dag_decorator.py
[2023-01-15T18:23:34.459+0000] {logging_mixin.py:117} INFO - [2023-01-15T18:23:34.459+0000] {dag.py:2573} INFO - Sync 1 DAGs
[2023-01-15T18:23:34.488+0000] {logging_mixin.py:117} INFO - [2023-01-15T18:23:34.488+0000] {dag.py:3328} INFO - Setting next_dagrun for example_dag_decorator to None, run_after=None
[2023-01-15T18:23:34.525+0000] {processor.py:178} INFO - Processing /home/airflow/.local/lib/python3.7/site-packages/airflow/example_dags/example_dag_decorator.py took 0.411 seconds
[2023-01-15T19:46:52.011+0000] {processor.py:156} INFO - Started process (PID=26106) to work on /home/airflow/.local/lib/python3.7/site-packages/airflow/example_dags/example_dag_decorator.py
[2023-01-15T19:46:52.020+0000] {processor.py:758} INFO - Processing file /home/airflow/.local/lib/python3.7/site-packages/airflow/example_dags/example_dag_decorator.py for tasks to queue
[2023-01-15T19:46:52.023+0000] {logging_mixin.py:117} INFO - [2023-01-15T19:46:52.023+0000] {dagbag.py:525} INFO - Filling up the DagBag from /home/airflow/.local/lib/python3.7/site-packages/airflow/example_dags/example_dag_decorator.py
[2023-01-15T19:46:52.210+0000] {processor.py:768} INFO - DAG(s) dict_keys(['example_dag_decorator']) retrieved from /home/airflow/.local/lib/python3.7/site-packages/airflow/example_dags/example_dag_decorator.py
[2023-01-15T19:46:52.393+0000] {logging_mixin.py:117} INFO - [2023-01-15T19:46:52.393+0000] {dag.py:2573} INFO - Sync 1 DAGs
[2023-01-15T19:46:52.426+0000] {logging_mixin.py:117} INFO - [2023-01-15T19:46:52.426+0000] {dag.py:3328} INFO - Setting next_dagrun for example_dag_decorator to None, run_after=None
[2023-01-15T19:46:52.457+0000] {processor.py:178} INFO - Processing /home/airflow/.local/lib/python3.7/site-packages/airflow/example_dags/example_dag_decorator.py took 0.459 seconds
[2023-01-15T20:53:26.438+0000] {processor.py:156} INFO - Started process (PID=26168) to work on /home/airflow/.local/lib/python3.7/site-packages/airflow/example_dags/example_dag_decorator.py
[2023-01-15T20:53:26.444+0000] {processor.py:758} INFO - Processing file /home/airflow/.local/lib/python3.7/site-packages/airflow/example_dags/example_dag_decorator.py for tasks to queue
[2023-01-15T20:53:26.451+0000] {logging_mixin.py:117} INFO - [2023-01-15T20:53:26.451+0000] {dagbag.py:525} INFO - Filling up the DagBag from /home/airflow/.local/lib/python3.7/site-packages/airflow/example_dags/example_dag_decorator.py
[2023-01-15T20:53:26.529+0000] {processor.py:768} INFO - DAG(s) dict_keys(['example_dag_decorator']) retrieved from /home/airflow/.local/lib/python3.7/site-packages/airflow/example_dags/example_dag_decorator.py
[2023-01-15T20:53:26.641+0000] {logging_mixin.py:117} INFO - [2023-01-15T20:53:26.641+0000] {dag.py:2573} INFO - Sync 1 DAGs
[2023-01-15T20:53:26.673+0000] {logging_mixin.py:117} INFO - [2023-01-15T20:53:26.673+0000] {dag.py:3328} INFO - Setting next_dagrun for example_dag_decorator to None, run_after=None
[2023-01-15T20:53:26.740+0000] {processor.py:178} INFO - Processing /home/airflow/.local/lib/python3.7/site-packages/airflow/example_dags/example_dag_decorator.py took 0.308 seconds
[2023-01-15T21:52:31.124+0000] {processor.py:156} INFO - Started process (PID=26231) to work on /home/airflow/.local/lib/python3.7/site-packages/airflow/example_dags/example_dag_decorator.py
[2023-01-15T21:52:31.126+0000] {processor.py:758} INFO - Processing file /home/airflow/.local/lib/python3.7/site-packages/airflow/example_dags/example_dag_decorator.py for tasks to queue
[2023-01-15T21:52:31.128+0000] {logging_mixin.py:117} INFO - [2023-01-15T21:52:31.128+0000] {dagbag.py:525} INFO - Filling up the DagBag from /home/airflow/.local/lib/python3.7/site-packages/airflow/example_dags/example_dag_decorator.py
[2023-01-15T21:52:31.158+0000] {processor.py:768} INFO - DAG(s) dict_keys(['example_dag_decorator']) retrieved from /home/airflow/.local/lib/python3.7/site-packages/airflow/example_dags/example_dag_decorator.py
[2023-01-15T21:52:31.255+0000] {logging_mixin.py:117} INFO - [2023-01-15T21:52:31.255+0000] {dag.py:2573} INFO - Sync 1 DAGs
[2023-01-15T21:52:31.281+0000] {logging_mixin.py:117} INFO - [2023-01-15T21:52:31.281+0000] {dag.py:3328} INFO - Setting next_dagrun for example_dag_decorator to None, run_after=None
[2023-01-15T21:52:31.299+0000] {processor.py:178} INFO - Processing /home/airflow/.local/lib/python3.7/site-packages/airflow/example_dags/example_dag_decorator.py took 0.180 seconds
[2023-01-15T23:15:48.367+0000] {processor.py:156} INFO - Started process (PID=26285) to work on /home/airflow/.local/lib/python3.7/site-packages/airflow/example_dags/example_dag_decorator.py
[2023-01-15T23:15:48.369+0000] {processor.py:758} INFO - Processing file /home/airflow/.local/lib/python3.7/site-packages/airflow/example_dags/example_dag_decorator.py for tasks to queue
[2023-01-15T23:15:48.369+0000] {logging_mixin.py:117} INFO - [2023-01-15T23:15:48.369+0000] {dagbag.py:525} INFO - Filling up the DagBag from /home/airflow/.local/lib/python3.7/site-packages/airflow/example_dags/example_dag_decorator.py
[2023-01-15T23:15:48.391+0000] {processor.py:768} INFO - DAG(s) dict_keys(['example_dag_decorator']) retrieved from /home/airflow/.local/lib/python3.7/site-packages/airflow/example_dags/example_dag_decorator.py
[2023-01-15T23:15:48.438+0000] {logging_mixin.py:117} INFO - [2023-01-15T23:15:48.438+0000] {dag.py:2573} INFO - Sync 1 DAGs
[2023-01-15T23:15:48.451+0000] {logging_mixin.py:117} INFO - [2023-01-15T23:15:48.451+0000] {dag.py:3328} INFO - Setting next_dagrun for example_dag_decorator to None, run_after=None
[2023-01-15T23:15:48.463+0000] {processor.py:178} INFO - Processing /home/airflow/.local/lib/python3.7/site-packages/airflow/example_dags/example_dag_decorator.py took 0.099 seconds
