[2023-01-15T00:38:59.883+0000] {processor.py:156} INFO - Started process (PID=24115) to work on /home/airflow/.local/lib/python3.7/site-packages/airflow/example_dags/example_task_group_decorator.py
[2023-01-15T00:38:59.885+0000] {processor.py:758} INFO - Processing file /home/airflow/.local/lib/python3.7/site-packages/airflow/example_dags/example_task_group_decorator.py for tasks to queue
[2023-01-15T00:38:59.896+0000] {logging_mixin.py:117} INFO - [2023-01-15T00:38:59.895+0000] {dagbag.py:525} INFO - Filling up the DagBag from /home/airflow/.local/lib/python3.7/site-packages/airflow/example_dags/example_task_group_decorator.py
[2023-01-15T00:38:59.940+0000] {processor.py:768} INFO - DAG(s) dict_keys(['example_task_group_decorator']) retrieved from /home/airflow/.local/lib/python3.7/site-packages/airflow/example_dags/example_task_group_decorator.py
[2023-01-15T00:38:59.981+0000] {logging_mixin.py:117} INFO - [2023-01-15T00:38:59.981+0000] {dag.py:2573} INFO - Sync 1 DAGs
[2023-01-15T00:39:00.015+0000] {logging_mixin.py:117} INFO - [2023-01-15T00:39:00.015+0000] {dag.py:3328} INFO - Setting next_dagrun for example_task_group_decorator to 2023-01-14T00:39:00.015414+00:00, run_after=2023-01-15T00:39:00.015414+00:00
[2023-01-15T00:39:00.049+0000] {processor.py:178} INFO - Processing /home/airflow/.local/lib/python3.7/site-packages/airflow/example_dags/example_task_group_decorator.py took 0.171 seconds
[2023-01-15T01:44:17.850+0000] {processor.py:156} INFO - Started process (PID=24178) to work on /home/airflow/.local/lib/python3.7/site-packages/airflow/example_dags/example_task_group_decorator.py
[2023-01-15T01:44:17.852+0000] {processor.py:758} INFO - Processing file /home/airflow/.local/lib/python3.7/site-packages/airflow/example_dags/example_task_group_decorator.py for tasks to queue
[2023-01-15T01:44:17.853+0000] {logging_mixin.py:117} INFO - [2023-01-15T01:44:17.853+0000] {dagbag.py:525} INFO - Filling up the DagBag from /home/airflow/.local/lib/python3.7/site-packages/airflow/example_dags/example_task_group_decorator.py
[2023-01-15T01:44:17.874+0000] {processor.py:768} INFO - DAG(s) dict_keys(['example_task_group_decorator']) retrieved from /home/airflow/.local/lib/python3.7/site-packages/airflow/example_dags/example_task_group_decorator.py
[2023-01-15T01:44:17.907+0000] {logging_mixin.py:117} INFO - [2023-01-15T01:44:17.906+0000] {dag.py:2573} INFO - Sync 1 DAGs
[2023-01-15T01:44:17.931+0000] {logging_mixin.py:117} INFO - [2023-01-15T01:44:17.931+0000] {dag.py:3328} INFO - Setting next_dagrun for example_task_group_decorator to 2023-01-14T01:44:17.931181+00:00, run_after=2023-01-15T01:44:17.931181+00:00
[2023-01-15T01:44:17.947+0000] {processor.py:178} INFO - Processing /home/airflow/.local/lib/python3.7/site-packages/airflow/example_dags/example_task_group_decorator.py took 0.099 seconds
[2023-01-15T02:15:46.540+0000] {processor.py:156} INFO - Started process (PID=24241) to work on /home/airflow/.local/lib/python3.7/site-packages/airflow/example_dags/example_task_group_decorator.py
[2023-01-15T02:15:46.542+0000] {processor.py:758} INFO - Processing file /home/airflow/.local/lib/python3.7/site-packages/airflow/example_dags/example_task_group_decorator.py for tasks to queue
[2023-01-15T02:15:46.543+0000] {logging_mixin.py:117} INFO - [2023-01-15T02:15:46.542+0000] {dagbag.py:525} INFO - Filling up the DagBag from /home/airflow/.local/lib/python3.7/site-packages/airflow/example_dags/example_task_group_decorator.py
[2023-01-15T02:15:46.564+0000] {processor.py:768} INFO - DAG(s) dict_keys(['example_task_group_decorator']) retrieved from /home/airflow/.local/lib/python3.7/site-packages/airflow/example_dags/example_task_group_decorator.py
[2023-01-15T02:15:46.598+0000] {logging_mixin.py:117} INFO - [2023-01-15T02:15:46.598+0000] {dag.py:2573} INFO - Sync 1 DAGs
[2023-01-15T02:15:46.624+0000] {logging_mixin.py:117} INFO - [2023-01-15T02:15:46.624+0000] {dag.py:3328} INFO - Setting next_dagrun for example_task_group_decorator to 2023-01-14T02:15:46.623913+00:00, run_after=2023-01-15T02:15:46.623913+00:00
[2023-01-15T02:15:46.641+0000] {processor.py:178} INFO - Processing /home/airflow/.local/lib/python3.7/site-packages/airflow/example_dags/example_task_group_decorator.py took 0.104 seconds
[2023-01-15T02:16:17.197+0000] {processor.py:156} INFO - Started process (PID=24295) to work on /home/airflow/.local/lib/python3.7/site-packages/airflow/example_dags/example_task_group_decorator.py
[2023-01-15T02:16:17.198+0000] {processor.py:758} INFO - Processing file /home/airflow/.local/lib/python3.7/site-packages/airflow/example_dags/example_task_group_decorator.py for tasks to queue
[2023-01-15T02:16:17.199+0000] {logging_mixin.py:117} INFO - [2023-01-15T02:16:17.199+0000] {dagbag.py:525} INFO - Filling up the DagBag from /home/airflow/.local/lib/python3.7/site-packages/airflow/example_dags/example_task_group_decorator.py
[2023-01-15T02:16:17.218+0000] {processor.py:768} INFO - DAG(s) dict_keys(['example_task_group_decorator']) retrieved from /home/airflow/.local/lib/python3.7/site-packages/airflow/example_dags/example_task_group_decorator.py
[2023-01-15T02:16:17.250+0000] {logging_mixin.py:117} INFO - [2023-01-15T02:16:17.250+0000] {dag.py:2573} INFO - Sync 1 DAGs
[2023-01-15T02:16:17.265+0000] {logging_mixin.py:117} INFO - [2023-01-15T02:16:17.265+0000] {dag.py:3328} INFO - Setting next_dagrun for example_task_group_decorator to 2023-01-14T02:16:17.265545+00:00, run_after=2023-01-15T02:16:17.265545+00:00
[2023-01-15T02:16:17.282+0000] {processor.py:178} INFO - Processing /home/airflow/.local/lib/python3.7/site-packages/airflow/example_dags/example_task_group_decorator.py took 0.087 seconds
[2023-01-15T02:49:44.215+0000] {processor.py:156} INFO - Started process (PID=24358) to work on /home/airflow/.local/lib/python3.7/site-packages/airflow/example_dags/example_task_group_decorator.py
[2023-01-15T02:49:44.216+0000] {processor.py:758} INFO - Processing file /home/airflow/.local/lib/python3.7/site-packages/airflow/example_dags/example_task_group_decorator.py for tasks to queue
[2023-01-15T02:49:44.217+0000] {logging_mixin.py:117} INFO - [2023-01-15T02:49:44.217+0000] {dagbag.py:525} INFO - Filling up the DagBag from /home/airflow/.local/lib/python3.7/site-packages/airflow/example_dags/example_task_group_decorator.py
[2023-01-15T02:49:44.256+0000] {processor.py:768} INFO - DAG(s) dict_keys(['example_task_group_decorator']) retrieved from /home/airflow/.local/lib/python3.7/site-packages/airflow/example_dags/example_task_group_decorator.py
[2023-01-15T02:49:44.327+0000] {logging_mixin.py:117} INFO - [2023-01-15T02:49:44.327+0000] {dag.py:2573} INFO - Sync 1 DAGs
[2023-01-15T02:49:44.366+0000] {logging_mixin.py:117} INFO - [2023-01-15T02:49:44.366+0000] {dag.py:3328} INFO - Setting next_dagrun for example_task_group_decorator to 2023-01-14T02:49:44.366608+00:00, run_after=2023-01-15T02:49:44.366608+00:00
[2023-01-15T02:49:44.399+0000] {processor.py:178} INFO - Processing /home/airflow/.local/lib/python3.7/site-packages/airflow/example_dags/example_task_group_decorator.py took 0.187 seconds
[2023-01-15T04:11:02.453+0000] {processor.py:156} INFO - Started process (PID=24421) to work on /home/airflow/.local/lib/python3.7/site-packages/airflow/example_dags/example_task_group_decorator.py
[2023-01-15T04:11:02.454+0000] {processor.py:758} INFO - Processing file /home/airflow/.local/lib/python3.7/site-packages/airflow/example_dags/example_task_group_decorator.py for tasks to queue
[2023-01-15T04:11:02.455+0000] {logging_mixin.py:117} INFO - [2023-01-15T04:11:02.455+0000] {dagbag.py:525} INFO - Filling up the DagBag from /home/airflow/.local/lib/python3.7/site-packages/airflow/example_dags/example_task_group_decorator.py
[2023-01-15T04:11:02.479+0000] {processor.py:768} INFO - DAG(s) dict_keys(['example_task_group_decorator']) retrieved from /home/airflow/.local/lib/python3.7/site-packages/airflow/example_dags/example_task_group_decorator.py
[2023-01-15T04:11:02.523+0000] {logging_mixin.py:117} INFO - [2023-01-15T04:11:02.523+0000] {dag.py:2573} INFO - Sync 1 DAGs
[2023-01-15T04:11:02.552+0000] {logging_mixin.py:117} INFO - [2023-01-15T04:11:02.552+0000] {dag.py:3328} INFO - Setting next_dagrun for example_task_group_decorator to 2023-01-14T04:11:02.552227+00:00, run_after=2023-01-15T04:11:02.552227+00:00
[2023-01-15T04:11:02.566+0000] {processor.py:178} INFO - Processing /home/airflow/.local/lib/python3.7/site-packages/airflow/example_dags/example_task_group_decorator.py took 0.117 seconds
[2023-01-15T05:08:51.068+0000] {processor.py:156} INFO - Started process (PID=24485) to work on /home/airflow/.local/lib/python3.7/site-packages/airflow/example_dags/example_task_group_decorator.py
[2023-01-15T05:08:51.070+0000] {processor.py:758} INFO - Processing file /home/airflow/.local/lib/python3.7/site-packages/airflow/example_dags/example_task_group_decorator.py for tasks to queue
[2023-01-15T05:08:51.070+0000] {logging_mixin.py:117} INFO - [2023-01-15T05:08:51.070+0000] {dagbag.py:525} INFO - Filling up the DagBag from /home/airflow/.local/lib/python3.7/site-packages/airflow/example_dags/example_task_group_decorator.py
[2023-01-15T05:08:51.122+0000] {processor.py:768} INFO - DAG(s) dict_keys(['example_task_group_decorator']) retrieved from /home/airflow/.local/lib/python3.7/site-packages/airflow/example_dags/example_task_group_decorator.py
[2023-01-15T05:08:51.191+0000] {logging_mixin.py:117} INFO - [2023-01-15T05:08:51.190+0000] {dag.py:2573} INFO - Sync 1 DAGs
[2023-01-15T05:08:51.215+0000] {logging_mixin.py:117} INFO - [2023-01-15T05:08:51.215+0000] {dag.py:3328} INFO - Setting next_dagrun for example_task_group_decorator to 2023-01-14T05:08:51.215225+00:00, run_after=2023-01-15T05:08:51.215225+00:00
[2023-01-15T05:08:51.236+0000] {processor.py:178} INFO - Processing /home/airflow/.local/lib/python3.7/site-packages/airflow/example_dags/example_task_group_decorator.py took 0.172 seconds
[2023-01-15T06:14:19.308+0000] {processor.py:156} INFO - Started process (PID=24548) to work on /home/airflow/.local/lib/python3.7/site-packages/airflow/example_dags/example_task_group_decorator.py
[2023-01-15T06:14:19.310+0000] {processor.py:758} INFO - Processing file /home/airflow/.local/lib/python3.7/site-packages/airflow/example_dags/example_task_group_decorator.py for tasks to queue
[2023-01-15T06:14:19.311+0000] {logging_mixin.py:117} INFO - [2023-01-15T06:14:19.310+0000] {dagbag.py:525} INFO - Filling up the DagBag from /home/airflow/.local/lib/python3.7/site-packages/airflow/example_dags/example_task_group_decorator.py
[2023-01-15T06:14:19.338+0000] {processor.py:768} INFO - DAG(s) dict_keys(['example_task_group_decorator']) retrieved from /home/airflow/.local/lib/python3.7/site-packages/airflow/example_dags/example_task_group_decorator.py
[2023-01-15T06:14:19.402+0000] {logging_mixin.py:117} INFO - [2023-01-15T06:14:19.402+0000] {dag.py:2573} INFO - Sync 1 DAGs
[2023-01-15T06:14:19.452+0000] {logging_mixin.py:117} INFO - [2023-01-15T06:14:19.452+0000] {dag.py:3328} INFO - Setting next_dagrun for example_task_group_decorator to 2023-01-14T06:14:19.452035+00:00, run_after=2023-01-15T06:14:19.452035+00:00
[2023-01-15T06:14:19.512+0000] {processor.py:178} INFO - Processing /home/airflow/.local/lib/python3.7/site-packages/airflow/example_dags/example_task_group_decorator.py took 0.207 seconds
[2023-01-15T06:57:25.225+0000] {processor.py:156} INFO - Started process (PID=24602) to work on /home/airflow/.local/lib/python3.7/site-packages/airflow/example_dags/example_task_group_decorator.py
[2023-01-15T06:57:25.226+0000] {processor.py:758} INFO - Processing file /home/airflow/.local/lib/python3.7/site-packages/airflow/example_dags/example_task_group_decorator.py for tasks to queue
[2023-01-15T06:57:25.227+0000] {logging_mixin.py:117} INFO - [2023-01-15T06:57:25.227+0000] {dagbag.py:525} INFO - Filling up the DagBag from /home/airflow/.local/lib/python3.7/site-packages/airflow/example_dags/example_task_group_decorator.py
[2023-01-15T06:57:25.255+0000] {processor.py:768} INFO - DAG(s) dict_keys(['example_task_group_decorator']) retrieved from /home/airflow/.local/lib/python3.7/site-packages/airflow/example_dags/example_task_group_decorator.py
[2023-01-15T06:57:25.327+0000] {logging_mixin.py:117} INFO - [2023-01-15T06:57:25.327+0000] {dag.py:2573} INFO - Sync 1 DAGs
[2023-01-15T06:57:25.352+0000] {logging_mixin.py:117} INFO - [2023-01-15T06:57:25.352+0000] {dag.py:3328} INFO - Setting next_dagrun for example_task_group_decorator to 2023-01-14T06:57:25.352547+00:00, run_after=2023-01-15T06:57:25.352547+00:00
[2023-01-15T06:57:25.368+0000] {processor.py:178} INFO - Processing /home/airflow/.local/lib/python3.7/site-packages/airflow/example_dags/example_task_group_decorator.py took 0.146 seconds
[2023-01-15T08:03:16.730+0000] {processor.py:156} INFO - Started process (PID=24665) to work on /home/airflow/.local/lib/python3.7/site-packages/airflow/example_dags/example_task_group_decorator.py
[2023-01-15T08:03:16.736+0000] {processor.py:758} INFO - Processing file /home/airflow/.local/lib/python3.7/site-packages/airflow/example_dags/example_task_group_decorator.py for tasks to queue
[2023-01-15T08:03:16.739+0000] {logging_mixin.py:117} INFO - [2023-01-15T08:03:16.739+0000] {dagbag.py:525} INFO - Filling up the DagBag from /home/airflow/.local/lib/python3.7/site-packages/airflow/example_dags/example_task_group_decorator.py
[2023-01-15T08:03:16.899+0000] {processor.py:768} INFO - DAG(s) dict_keys(['example_task_group_decorator']) retrieved from /home/airflow/.local/lib/python3.7/site-packages/airflow/example_dags/example_task_group_decorator.py
[2023-01-15T08:03:16.959+0000] {logging_mixin.py:117} INFO - [2023-01-15T08:03:16.959+0000] {dag.py:2573} INFO - Sync 1 DAGs
[2023-01-15T08:03:16.977+0000] {logging_mixin.py:117} INFO - [2023-01-15T08:03:16.977+0000] {dag.py:3328} INFO - Setting next_dagrun for example_task_group_decorator to 2023-01-14T08:03:16.977487+00:00, run_after=2023-01-15T08:03:16.977487+00:00
[2023-01-15T08:03:16.996+0000] {processor.py:178} INFO - Processing /home/airflow/.local/lib/python3.7/site-packages/airflow/example_dags/example_task_group_decorator.py took 0.273 seconds
[2023-01-15T09:11:06.818+0000] {processor.py:156} INFO - Started process (PID=24729) to work on /home/airflow/.local/lib/python3.7/site-packages/airflow/example_dags/example_task_group_decorator.py
[2023-01-15T09:11:06.820+0000] {processor.py:758} INFO - Processing file /home/airflow/.local/lib/python3.7/site-packages/airflow/example_dags/example_task_group_decorator.py for tasks to queue
[2023-01-15T09:11:06.821+0000] {logging_mixin.py:117} INFO - [2023-01-15T09:11:06.821+0000] {dagbag.py:525} INFO - Filling up the DagBag from /home/airflow/.local/lib/python3.7/site-packages/airflow/example_dags/example_task_group_decorator.py
[2023-01-15T09:11:06.868+0000] {processor.py:768} INFO - DAG(s) dict_keys(['example_task_group_decorator']) retrieved from /home/airflow/.local/lib/python3.7/site-packages/airflow/example_dags/example_task_group_decorator.py
[2023-01-15T09:11:06.941+0000] {logging_mixin.py:117} INFO - [2023-01-15T09:11:06.941+0000] {dag.py:2573} INFO - Sync 1 DAGs
[2023-01-15T09:11:06.970+0000] {logging_mixin.py:117} INFO - [2023-01-15T09:11:06.970+0000] {dag.py:3328} INFO - Setting next_dagrun for example_task_group_decorator to 2023-01-14T09:11:06.969734+00:00, run_after=2023-01-15T09:11:06.969734+00:00
[2023-01-15T09:11:06.997+0000] {processor.py:178} INFO - Processing /home/airflow/.local/lib/python3.7/site-packages/airflow/example_dags/example_task_group_decorator.py took 0.183 seconds
[2023-01-15T09:32:53.907+0000] {processor.py:156} INFO - Started process (PID=24783) to work on /home/airflow/.local/lib/python3.7/site-packages/airflow/example_dags/example_task_group_decorator.py
[2023-01-15T09:32:53.909+0000] {processor.py:758} INFO - Processing file /home/airflow/.local/lib/python3.7/site-packages/airflow/example_dags/example_task_group_decorator.py for tasks to queue
[2023-01-15T09:32:53.910+0000] {logging_mixin.py:117} INFO - [2023-01-15T09:32:53.910+0000] {dagbag.py:525} INFO - Filling up the DagBag from /home/airflow/.local/lib/python3.7/site-packages/airflow/example_dags/example_task_group_decorator.py
[2023-01-15T09:32:53.949+0000] {processor.py:768} INFO - DAG(s) dict_keys(['example_task_group_decorator']) retrieved from /home/airflow/.local/lib/python3.7/site-packages/airflow/example_dags/example_task_group_decorator.py
[2023-01-15T09:32:53.997+0000] {logging_mixin.py:117} INFO - [2023-01-15T09:32:53.997+0000] {dag.py:2573} INFO - Sync 1 DAGs
[2023-01-15T09:32:54.014+0000] {logging_mixin.py:117} INFO - [2023-01-15T09:32:54.014+0000] {dag.py:3328} INFO - Setting next_dagrun for example_task_group_decorator to 2023-01-14T09:32:54.013893+00:00, run_after=2023-01-15T09:32:54.013893+00:00
[2023-01-15T09:32:54.031+0000] {processor.py:178} INFO - Processing /home/airflow/.local/lib/python3.7/site-packages/airflow/example_dags/example_task_group_decorator.py took 0.130 seconds
[2023-01-15T09:33:55.606+0000] {processor.py:156} INFO - Started process (PID=24846) to work on /home/airflow/.local/lib/python3.7/site-packages/airflow/example_dags/example_task_group_decorator.py
[2023-01-15T09:33:55.609+0000] {processor.py:758} INFO - Processing file /home/airflow/.local/lib/python3.7/site-packages/airflow/example_dags/example_task_group_decorator.py for tasks to queue
[2023-01-15T09:33:55.610+0000] {logging_mixin.py:117} INFO - [2023-01-15T09:33:55.610+0000] {dagbag.py:525} INFO - Filling up the DagBag from /home/airflow/.local/lib/python3.7/site-packages/airflow/example_dags/example_task_group_decorator.py
[2023-01-15T09:33:55.635+0000] {processor.py:768} INFO - DAG(s) dict_keys(['example_task_group_decorator']) retrieved from /home/airflow/.local/lib/python3.7/site-packages/airflow/example_dags/example_task_group_decorator.py
[2023-01-15T09:33:55.664+0000] {logging_mixin.py:117} INFO - [2023-01-15T09:33:55.664+0000] {dag.py:2573} INFO - Sync 1 DAGs
[2023-01-15T09:33:55.683+0000] {logging_mixin.py:117} INFO - [2023-01-15T09:33:55.683+0000] {dag.py:3328} INFO - Setting next_dagrun for example_task_group_decorator to 2023-01-14T09:33:55.683369+00:00, run_after=2023-01-15T09:33:55.683369+00:00
[2023-01-15T09:33:55.697+0000] {processor.py:178} INFO - Processing /home/airflow/.local/lib/python3.7/site-packages/airflow/example_dags/example_task_group_decorator.py took 0.095 seconds
[2023-01-15T09:43:30.128+0000] {processor.py:156} INFO - Started process (PID=24909) to work on /home/airflow/.local/lib/python3.7/site-packages/airflow/example_dags/example_task_group_decorator.py
[2023-01-15T09:43:30.130+0000] {processor.py:758} INFO - Processing file /home/airflow/.local/lib/python3.7/site-packages/airflow/example_dags/example_task_group_decorator.py for tasks to queue
[2023-01-15T09:43:30.131+0000] {logging_mixin.py:117} INFO - [2023-01-15T09:43:30.131+0000] {dagbag.py:525} INFO - Filling up the DagBag from /home/airflow/.local/lib/python3.7/site-packages/airflow/example_dags/example_task_group_decorator.py
[2023-01-15T09:43:30.180+0000] {processor.py:768} INFO - DAG(s) dict_keys(['example_task_group_decorator']) retrieved from /home/airflow/.local/lib/python3.7/site-packages/airflow/example_dags/example_task_group_decorator.py
[2023-01-15T09:43:30.225+0000] {logging_mixin.py:117} INFO - [2023-01-15T09:43:30.225+0000] {dag.py:2573} INFO - Sync 1 DAGs
[2023-01-15T09:43:30.245+0000] {logging_mixin.py:117} INFO - [2023-01-15T09:43:30.244+0000] {dag.py:3328} INFO - Setting next_dagrun for example_task_group_decorator to 2023-01-14T09:43:30.244696+00:00, run_after=2023-01-15T09:43:30.244696+00:00
[2023-01-15T09:43:30.260+0000] {processor.py:178} INFO - Processing /home/airflow/.local/lib/python3.7/site-packages/airflow/example_dags/example_task_group_decorator.py took 0.136 seconds
[2023-01-15T11:04:09.526+0000] {processor.py:156} INFO - Started process (PID=24971) to work on /home/airflow/.local/lib/python3.7/site-packages/airflow/example_dags/example_task_group_decorator.py
[2023-01-15T11:04:09.530+0000] {processor.py:758} INFO - Processing file /home/airflow/.local/lib/python3.7/site-packages/airflow/example_dags/example_task_group_decorator.py for tasks to queue
[2023-01-15T11:04:09.532+0000] {logging_mixin.py:117} INFO - [2023-01-15T11:04:09.532+0000] {dagbag.py:525} INFO - Filling up the DagBag from /home/airflow/.local/lib/python3.7/site-packages/airflow/example_dags/example_task_group_decorator.py
[2023-01-15T11:04:09.601+0000] {processor.py:768} INFO - DAG(s) dict_keys(['example_task_group_decorator']) retrieved from /home/airflow/.local/lib/python3.7/site-packages/airflow/example_dags/example_task_group_decorator.py
[2023-01-15T11:04:09.677+0000] {logging_mixin.py:117} INFO - [2023-01-15T11:04:09.677+0000] {dag.py:2573} INFO - Sync 1 DAGs
[2023-01-15T11:04:09.719+0000] {logging_mixin.py:117} INFO - [2023-01-15T11:04:09.719+0000] {dag.py:3328} INFO - Setting next_dagrun for example_task_group_decorator to 2023-01-14T11:04:09.719093+00:00, run_after=2023-01-15T11:04:09.719093+00:00
[2023-01-15T11:04:09.782+0000] {processor.py:178} INFO - Processing /home/airflow/.local/lib/python3.7/site-packages/airflow/example_dags/example_task_group_decorator.py took 0.259 seconds
[2023-01-15T12:04:16.505+0000] {processor.py:156} INFO - Started process (PID=25026) to work on /home/airflow/.local/lib/python3.7/site-packages/airflow/example_dags/example_task_group_decorator.py
[2023-01-15T12:04:16.508+0000] {processor.py:758} INFO - Processing file /home/airflow/.local/lib/python3.7/site-packages/airflow/example_dags/example_task_group_decorator.py for tasks to queue
[2023-01-15T12:04:16.510+0000] {logging_mixin.py:117} INFO - [2023-01-15T12:04:16.510+0000] {dagbag.py:525} INFO - Filling up the DagBag from /home/airflow/.local/lib/python3.7/site-packages/airflow/example_dags/example_task_group_decorator.py
[2023-01-15T12:04:16.550+0000] {processor.py:768} INFO - DAG(s) dict_keys(['example_task_group_decorator']) retrieved from /home/airflow/.local/lib/python3.7/site-packages/airflow/example_dags/example_task_group_decorator.py
[2023-01-15T12:04:16.585+0000] {logging_mixin.py:117} INFO - [2023-01-15T12:04:16.585+0000] {dag.py:2573} INFO - Sync 1 DAGs
[2023-01-15T12:04:16.610+0000] {logging_mixin.py:117} INFO - [2023-01-15T12:04:16.610+0000] {dag.py:3328} INFO - Setting next_dagrun for example_task_group_decorator to 2023-01-14T12:04:16.609761+00:00, run_after=2023-01-15T12:04:16.609761+00:00
[2023-01-15T12:04:16.624+0000] {processor.py:178} INFO - Processing /home/airflow/.local/lib/python3.7/site-packages/airflow/example_dags/example_task_group_decorator.py took 0.126 seconds
[2023-01-15T12:42:38.292+0000] {processor.py:156} INFO - Started process (PID=25089) to work on /home/airflow/.local/lib/python3.7/site-packages/airflow/example_dags/example_task_group_decorator.py
[2023-01-15T12:42:38.293+0000] {processor.py:758} INFO - Processing file /home/airflow/.local/lib/python3.7/site-packages/airflow/example_dags/example_task_group_decorator.py for tasks to queue
[2023-01-15T12:42:38.294+0000] {logging_mixin.py:117} INFO - [2023-01-15T12:42:38.294+0000] {dagbag.py:525} INFO - Filling up the DagBag from /home/airflow/.local/lib/python3.7/site-packages/airflow/example_dags/example_task_group_decorator.py
[2023-01-15T12:42:38.330+0000] {processor.py:768} INFO - DAG(s) dict_keys(['example_task_group_decorator']) retrieved from /home/airflow/.local/lib/python3.7/site-packages/airflow/example_dags/example_task_group_decorator.py
[2023-01-15T12:42:38.382+0000] {logging_mixin.py:117} INFO - [2023-01-15T12:42:38.382+0000] {dag.py:2573} INFO - Sync 1 DAGs
[2023-01-15T12:42:38.408+0000] {logging_mixin.py:117} INFO - [2023-01-15T12:42:38.408+0000] {dag.py:3328} INFO - Setting next_dagrun for example_task_group_decorator to 2023-01-14T12:42:38.408562+00:00, run_after=2023-01-15T12:42:38.408562+00:00
[2023-01-15T12:42:38.424+0000] {processor.py:178} INFO - Processing /home/airflow/.local/lib/python3.7/site-packages/airflow/example_dags/example_task_group_decorator.py took 0.139 seconds
[2023-01-15T13:21:55.499+0000] {processor.py:156} INFO - Started process (PID=25152) to work on /home/airflow/.local/lib/python3.7/site-packages/airflow/example_dags/example_task_group_decorator.py
[2023-01-15T13:21:55.500+0000] {processor.py:758} INFO - Processing file /home/airflow/.local/lib/python3.7/site-packages/airflow/example_dags/example_task_group_decorator.py for tasks to queue
[2023-01-15T13:21:55.501+0000] {logging_mixin.py:117} INFO - [2023-01-15T13:21:55.501+0000] {dagbag.py:525} INFO - Filling up the DagBag from /home/airflow/.local/lib/python3.7/site-packages/airflow/example_dags/example_task_group_decorator.py
[2023-01-15T13:21:55.520+0000] {processor.py:768} INFO - DAG(s) dict_keys(['example_task_group_decorator']) retrieved from /home/airflow/.local/lib/python3.7/site-packages/airflow/example_dags/example_task_group_decorator.py
[2023-01-15T13:21:55.548+0000] {logging_mixin.py:117} INFO - [2023-01-15T13:21:55.548+0000] {dag.py:2573} INFO - Sync 1 DAGs
[2023-01-15T13:21:55.564+0000] {logging_mixin.py:117} INFO - [2023-01-15T13:21:55.564+0000] {dag.py:3328} INFO - Setting next_dagrun for example_task_group_decorator to 2023-01-14T13:21:55.563898+00:00, run_after=2023-01-15T13:21:55.563898+00:00
[2023-01-15T13:21:55.575+0000] {processor.py:178} INFO - Processing /home/airflow/.local/lib/python3.7/site-packages/airflow/example_dags/example_task_group_decorator.py took 0.079 seconds
[2023-01-15T13:38:29.276+0000] {processor.py:156} INFO - Started process (PID=25215) to work on /home/airflow/.local/lib/python3.7/site-packages/airflow/example_dags/example_task_group_decorator.py
[2023-01-15T13:38:29.278+0000] {processor.py:758} INFO - Processing file /home/airflow/.local/lib/python3.7/site-packages/airflow/example_dags/example_task_group_decorator.py for tasks to queue
[2023-01-15T13:38:29.279+0000] {logging_mixin.py:117} INFO - [2023-01-15T13:38:29.279+0000] {dagbag.py:525} INFO - Filling up the DagBag from /home/airflow/.local/lib/python3.7/site-packages/airflow/example_dags/example_task_group_decorator.py
[2023-01-15T13:38:29.304+0000] {processor.py:768} INFO - DAG(s) dict_keys(['example_task_group_decorator']) retrieved from /home/airflow/.local/lib/python3.7/site-packages/airflow/example_dags/example_task_group_decorator.py
[2023-01-15T13:38:29.333+0000] {logging_mixin.py:117} INFO - [2023-01-15T13:38:29.333+0000] {dag.py:2573} INFO - Sync 1 DAGs
[2023-01-15T13:38:29.354+0000] {logging_mixin.py:117} INFO - [2023-01-15T13:38:29.354+0000] {dag.py:3328} INFO - Setting next_dagrun for example_task_group_decorator to 2023-01-14T13:38:29.354022+00:00, run_after=2023-01-15T13:38:29.354022+00:00
[2023-01-15T13:38:29.368+0000] {processor.py:178} INFO - Processing /home/airflow/.local/lib/python3.7/site-packages/airflow/example_dags/example_task_group_decorator.py took 0.094 seconds
[2023-01-15T13:39:00.116+0000] {processor.py:156} INFO - Started process (PID=25269) to work on /home/airflow/.local/lib/python3.7/site-packages/airflow/example_dags/example_task_group_decorator.py
[2023-01-15T13:39:00.117+0000] {processor.py:758} INFO - Processing file /home/airflow/.local/lib/python3.7/site-packages/airflow/example_dags/example_task_group_decorator.py for tasks to queue
[2023-01-15T13:39:00.118+0000] {logging_mixin.py:117} INFO - [2023-01-15T13:39:00.118+0000] {dagbag.py:525} INFO - Filling up the DagBag from /home/airflow/.local/lib/python3.7/site-packages/airflow/example_dags/example_task_group_decorator.py
[2023-01-15T13:39:00.142+0000] {processor.py:768} INFO - DAG(s) dict_keys(['example_task_group_decorator']) retrieved from /home/airflow/.local/lib/python3.7/site-packages/airflow/example_dags/example_task_group_decorator.py
[2023-01-15T13:39:00.179+0000] {logging_mixin.py:117} INFO - [2023-01-15T13:39:00.179+0000] {dag.py:2573} INFO - Sync 1 DAGs
[2023-01-15T13:39:00.196+0000] {logging_mixin.py:117} INFO - [2023-01-15T13:39:00.196+0000] {dag.py:3328} INFO - Setting next_dagrun for example_task_group_decorator to 2023-01-14T13:39:00.195987+00:00, run_after=2023-01-15T13:39:00.195987+00:00
[2023-01-15T13:39:00.207+0000] {processor.py:178} INFO - Processing /home/airflow/.local/lib/python3.7/site-packages/airflow/example_dags/example_task_group_decorator.py took 0.094 seconds
[2023-01-15T13:39:30.447+0000] {processor.py:156} INFO - Started process (PID=25332) to work on /home/airflow/.local/lib/python3.7/site-packages/airflow/example_dags/example_task_group_decorator.py
[2023-01-15T13:39:30.449+0000] {processor.py:758} INFO - Processing file /home/airflow/.local/lib/python3.7/site-packages/airflow/example_dags/example_task_group_decorator.py for tasks to queue
[2023-01-15T13:39:30.449+0000] {logging_mixin.py:117} INFO - [2023-01-15T13:39:30.449+0000] {dagbag.py:525} INFO - Filling up the DagBag from /home/airflow/.local/lib/python3.7/site-packages/airflow/example_dags/example_task_group_decorator.py
[2023-01-15T13:39:30.467+0000] {processor.py:768} INFO - DAG(s) dict_keys(['example_task_group_decorator']) retrieved from /home/airflow/.local/lib/python3.7/site-packages/airflow/example_dags/example_task_group_decorator.py
[2023-01-15T13:39:30.496+0000] {logging_mixin.py:117} INFO - [2023-01-15T13:39:30.496+0000] {dag.py:2573} INFO - Sync 1 DAGs
[2023-01-15T13:39:30.511+0000] {logging_mixin.py:117} INFO - [2023-01-15T13:39:30.511+0000] {dag.py:3328} INFO - Setting next_dagrun for example_task_group_decorator to 2023-01-14T13:39:30.511264+00:00, run_after=2023-01-15T13:39:30.511264+00:00
[2023-01-15T13:39:30.524+0000] {processor.py:178} INFO - Processing /home/airflow/.local/lib/python3.7/site-packages/airflow/example_dags/example_task_group_decorator.py took 0.079 seconds
[2023-01-15T13:40:00.882+0000] {processor.py:156} INFO - Started process (PID=25395) to work on /home/airflow/.local/lib/python3.7/site-packages/airflow/example_dags/example_task_group_decorator.py
[2023-01-15T13:40:00.883+0000] {processor.py:758} INFO - Processing file /home/airflow/.local/lib/python3.7/site-packages/airflow/example_dags/example_task_group_decorator.py for tasks to queue
[2023-01-15T13:40:00.884+0000] {logging_mixin.py:117} INFO - [2023-01-15T13:40:00.884+0000] {dagbag.py:525} INFO - Filling up the DagBag from /home/airflow/.local/lib/python3.7/site-packages/airflow/example_dags/example_task_group_decorator.py
[2023-01-15T13:40:00.902+0000] {processor.py:768} INFO - DAG(s) dict_keys(['example_task_group_decorator']) retrieved from /home/airflow/.local/lib/python3.7/site-packages/airflow/example_dags/example_task_group_decorator.py
[2023-01-15T13:40:00.930+0000] {logging_mixin.py:117} INFO - [2023-01-15T13:40:00.930+0000] {dag.py:2573} INFO - Sync 1 DAGs
[2023-01-15T13:40:00.945+0000] {logging_mixin.py:117} INFO - [2023-01-15T13:40:00.945+0000] {dag.py:3328} INFO - Setting next_dagrun for example_task_group_decorator to 2023-01-14T13:40:00.945612+00:00, run_after=2023-01-15T13:40:00.945612+00:00
[2023-01-15T13:40:00.957+0000] {processor.py:178} INFO - Processing /home/airflow/.local/lib/python3.7/site-packages/airflow/example_dags/example_task_group_decorator.py took 0.078 seconds
[2023-01-15T13:40:31.464+0000] {processor.py:156} INFO - Started process (PID=25458) to work on /home/airflow/.local/lib/python3.7/site-packages/airflow/example_dags/example_task_group_decorator.py
[2023-01-15T13:40:31.466+0000] {processor.py:758} INFO - Processing file /home/airflow/.local/lib/python3.7/site-packages/airflow/example_dags/example_task_group_decorator.py for tasks to queue
[2023-01-15T13:40:31.467+0000] {logging_mixin.py:117} INFO - [2023-01-15T13:40:31.467+0000] {dagbag.py:525} INFO - Filling up the DagBag from /home/airflow/.local/lib/python3.7/site-packages/airflow/example_dags/example_task_group_decorator.py
[2023-01-15T13:40:31.490+0000] {processor.py:768} INFO - DAG(s) dict_keys(['example_task_group_decorator']) retrieved from /home/airflow/.local/lib/python3.7/site-packages/airflow/example_dags/example_task_group_decorator.py
[2023-01-15T13:40:31.529+0000] {logging_mixin.py:117} INFO - [2023-01-15T13:40:31.528+0000] {dag.py:2573} INFO - Sync 1 DAGs
[2023-01-15T13:40:31.545+0000] {logging_mixin.py:117} INFO - [2023-01-15T13:40:31.544+0000] {dag.py:3328} INFO - Setting next_dagrun for example_task_group_decorator to 2023-01-14T13:40:31.544770+00:00, run_after=2023-01-15T13:40:31.544770+00:00
[2023-01-15T13:40:31.558+0000] {processor.py:178} INFO - Processing /home/airflow/.local/lib/python3.7/site-packages/airflow/example_dags/example_task_group_decorator.py took 0.099 seconds
[2023-01-15T13:41:01.819+0000] {processor.py:156} INFO - Started process (PID=25521) to work on /home/airflow/.local/lib/python3.7/site-packages/airflow/example_dags/example_task_group_decorator.py
[2023-01-15T13:41:01.820+0000] {processor.py:758} INFO - Processing file /home/airflow/.local/lib/python3.7/site-packages/airflow/example_dags/example_task_group_decorator.py for tasks to queue
[2023-01-15T13:41:01.821+0000] {logging_mixin.py:117} INFO - [2023-01-15T13:41:01.821+0000] {dagbag.py:525} INFO - Filling up the DagBag from /home/airflow/.local/lib/python3.7/site-packages/airflow/example_dags/example_task_group_decorator.py
[2023-01-15T13:41:01.839+0000] {processor.py:768} INFO - DAG(s) dict_keys(['example_task_group_decorator']) retrieved from /home/airflow/.local/lib/python3.7/site-packages/airflow/example_dags/example_task_group_decorator.py
[2023-01-15T13:41:01.868+0000] {logging_mixin.py:117} INFO - [2023-01-15T13:41:01.868+0000] {dag.py:2573} INFO - Sync 1 DAGs
[2023-01-15T13:41:01.883+0000] {logging_mixin.py:117} INFO - [2023-01-15T13:41:01.883+0000] {dag.py:3328} INFO - Setting next_dagrun for example_task_group_decorator to 2023-01-14T13:41:01.883709+00:00, run_after=2023-01-15T13:41:01.883709+00:00
[2023-01-15T13:41:01.895+0000] {processor.py:178} INFO - Processing /home/airflow/.local/lib/python3.7/site-packages/airflow/example_dags/example_task_group_decorator.py took 0.080 seconds
[2023-01-15T13:41:32.145+0000] {processor.py:156} INFO - Started process (PID=25584) to work on /home/airflow/.local/lib/python3.7/site-packages/airflow/example_dags/example_task_group_decorator.py
[2023-01-15T13:41:32.146+0000] {processor.py:758} INFO - Processing file /home/airflow/.local/lib/python3.7/site-packages/airflow/example_dags/example_task_group_decorator.py for tasks to queue
[2023-01-15T13:41:32.147+0000] {logging_mixin.py:117} INFO - [2023-01-15T13:41:32.147+0000] {dagbag.py:525} INFO - Filling up the DagBag from /home/airflow/.local/lib/python3.7/site-packages/airflow/example_dags/example_task_group_decorator.py
[2023-01-15T13:41:32.166+0000] {processor.py:768} INFO - DAG(s) dict_keys(['example_task_group_decorator']) retrieved from /home/airflow/.local/lib/python3.7/site-packages/airflow/example_dags/example_task_group_decorator.py
[2023-01-15T13:41:32.196+0000] {logging_mixin.py:117} INFO - [2023-01-15T13:41:32.196+0000] {dag.py:2573} INFO - Sync 1 DAGs
[2023-01-15T13:41:32.211+0000] {logging_mixin.py:117} INFO - [2023-01-15T13:41:32.211+0000] {dag.py:3328} INFO - Setting next_dagrun for example_task_group_decorator to 2023-01-14T13:41:32.211467+00:00, run_after=2023-01-15T13:41:32.211467+00:00
[2023-01-15T13:41:32.223+0000] {processor.py:178} INFO - Processing /home/airflow/.local/lib/python3.7/site-packages/airflow/example_dags/example_task_group_decorator.py took 0.080 seconds
[2023-01-15T13:42:02.547+0000] {processor.py:156} INFO - Started process (PID=25648) to work on /home/airflow/.local/lib/python3.7/site-packages/airflow/example_dags/example_task_group_decorator.py
[2023-01-15T13:42:02.549+0000] {processor.py:758} INFO - Processing file /home/airflow/.local/lib/python3.7/site-packages/airflow/example_dags/example_task_group_decorator.py for tasks to queue
[2023-01-15T13:42:02.549+0000] {logging_mixin.py:117} INFO - [2023-01-15T13:42:02.549+0000] {dagbag.py:525} INFO - Filling up the DagBag from /home/airflow/.local/lib/python3.7/site-packages/airflow/example_dags/example_task_group_decorator.py
[2023-01-15T13:42:02.570+0000] {processor.py:768} INFO - DAG(s) dict_keys(['example_task_group_decorator']) retrieved from /home/airflow/.local/lib/python3.7/site-packages/airflow/example_dags/example_task_group_decorator.py
[2023-01-15T13:42:02.601+0000] {logging_mixin.py:117} INFO - [2023-01-15T13:42:02.601+0000] {dag.py:2573} INFO - Sync 1 DAGs
[2023-01-15T13:42:02.618+0000] {logging_mixin.py:117} INFO - [2023-01-15T13:42:02.618+0000] {dag.py:3328} INFO - Setting next_dagrun for example_task_group_decorator to 2023-01-14T13:42:02.617871+00:00, run_after=2023-01-15T13:42:02.617871+00:00
[2023-01-15T13:42:02.629+0000] {processor.py:178} INFO - Processing /home/airflow/.local/lib/python3.7/site-packages/airflow/example_dags/example_task_group_decorator.py took 0.084 seconds
[2023-01-15T13:58:06.080+0000] {processor.py:156} INFO - Started process (PID=25702) to work on /home/airflow/.local/lib/python3.7/site-packages/airflow/example_dags/example_task_group_decorator.py
[2023-01-15T13:58:06.082+0000] {processor.py:758} INFO - Processing file /home/airflow/.local/lib/python3.7/site-packages/airflow/example_dags/example_task_group_decorator.py for tasks to queue
[2023-01-15T13:58:06.083+0000] {logging_mixin.py:117} INFO - [2023-01-15T13:58:06.083+0000] {dagbag.py:525} INFO - Filling up the DagBag from /home/airflow/.local/lib/python3.7/site-packages/airflow/example_dags/example_task_group_decorator.py
[2023-01-15T13:58:06.118+0000] {processor.py:768} INFO - DAG(s) dict_keys(['example_task_group_decorator']) retrieved from /home/airflow/.local/lib/python3.7/site-packages/airflow/example_dags/example_task_group_decorator.py
[2023-01-15T13:58:06.179+0000] {logging_mixin.py:117} INFO - [2023-01-15T13:58:06.179+0000] {dag.py:2573} INFO - Sync 1 DAGs
[2023-01-15T13:58:06.200+0000] {logging_mixin.py:117} INFO - [2023-01-15T13:58:06.200+0000] {dag.py:3328} INFO - Setting next_dagrun for example_task_group_decorator to 2023-01-14T13:58:06.200368+00:00, run_after=2023-01-15T13:58:06.200368+00:00
[2023-01-15T13:58:06.222+0000] {processor.py:178} INFO - Processing /home/airflow/.local/lib/python3.7/site-packages/airflow/example_dags/example_task_group_decorator.py took 0.145 seconds
[2023-01-15T14:09:08.352+0000] {processor.py:156} INFO - Started process (PID=25765) to work on /home/airflow/.local/lib/python3.7/site-packages/airflow/example_dags/example_task_group_decorator.py
[2023-01-15T14:09:08.355+0000] {processor.py:758} INFO - Processing file /home/airflow/.local/lib/python3.7/site-packages/airflow/example_dags/example_task_group_decorator.py for tasks to queue
[2023-01-15T14:09:08.356+0000] {logging_mixin.py:117} INFO - [2023-01-15T14:09:08.356+0000] {dagbag.py:525} INFO - Filling up the DagBag from /home/airflow/.local/lib/python3.7/site-packages/airflow/example_dags/example_task_group_decorator.py
[2023-01-15T14:09:08.394+0000] {processor.py:768} INFO - DAG(s) dict_keys(['example_task_group_decorator']) retrieved from /home/airflow/.local/lib/python3.7/site-packages/airflow/example_dags/example_task_group_decorator.py
[2023-01-15T14:09:08.437+0000] {logging_mixin.py:117} INFO - [2023-01-15T14:09:08.437+0000] {dag.py:2573} INFO - Sync 1 DAGs
[2023-01-15T14:09:08.458+0000] {logging_mixin.py:117} INFO - [2023-01-15T14:09:08.457+0000] {dag.py:3328} INFO - Setting next_dagrun for example_task_group_decorator to 2023-01-14T14:09:08.457789+00:00, run_after=2023-01-15T14:09:08.457789+00:00
[2023-01-15T14:09:08.478+0000] {processor.py:178} INFO - Processing /home/airflow/.local/lib/python3.7/site-packages/airflow/example_dags/example_task_group_decorator.py took 0.130 seconds
[2023-01-15T14:09:38.707+0000] {processor.py:156} INFO - Started process (PID=25828) to work on /home/airflow/.local/lib/python3.7/site-packages/airflow/example_dags/example_task_group_decorator.py
[2023-01-15T14:09:38.708+0000] {processor.py:758} INFO - Processing file /home/airflow/.local/lib/python3.7/site-packages/airflow/example_dags/example_task_group_decorator.py for tasks to queue
[2023-01-15T14:09:38.708+0000] {logging_mixin.py:117} INFO - [2023-01-15T14:09:38.708+0000] {dagbag.py:525} INFO - Filling up the DagBag from /home/airflow/.local/lib/python3.7/site-packages/airflow/example_dags/example_task_group_decorator.py
[2023-01-15T14:09:38.728+0000] {processor.py:768} INFO - DAG(s) dict_keys(['example_task_group_decorator']) retrieved from /home/airflow/.local/lib/python3.7/site-packages/airflow/example_dags/example_task_group_decorator.py
[2023-01-15T14:09:38.757+0000] {logging_mixin.py:117} INFO - [2023-01-15T14:09:38.757+0000] {dag.py:2573} INFO - Sync 1 DAGs
[2023-01-15T14:09:38.771+0000] {logging_mixin.py:117} INFO - [2023-01-15T14:09:38.770+0000] {dag.py:3328} INFO - Setting next_dagrun for example_task_group_decorator to 2023-01-14T14:09:38.770826+00:00, run_after=2023-01-15T14:09:38.770826+00:00
[2023-01-15T14:09:38.782+0000] {processor.py:178} INFO - Processing /home/airflow/.local/lib/python3.7/site-packages/airflow/example_dags/example_task_group_decorator.py took 0.078 seconds
[2023-01-15T14:59:14.161+0000] {processor.py:156} INFO - Started process (PID=25892) to work on /home/airflow/.local/lib/python3.7/site-packages/airflow/example_dags/example_task_group_decorator.py
[2023-01-15T14:59:14.163+0000] {processor.py:758} INFO - Processing file /home/airflow/.local/lib/python3.7/site-packages/airflow/example_dags/example_task_group_decorator.py for tasks to queue
[2023-01-15T14:59:14.164+0000] {logging_mixin.py:117} INFO - [2023-01-15T14:59:14.164+0000] {dagbag.py:525} INFO - Filling up the DagBag from /home/airflow/.local/lib/python3.7/site-packages/airflow/example_dags/example_task_group_decorator.py
[2023-01-15T14:59:14.221+0000] {processor.py:768} INFO - DAG(s) dict_keys(['example_task_group_decorator']) retrieved from /home/airflow/.local/lib/python3.7/site-packages/airflow/example_dags/example_task_group_decorator.py
[2023-01-15T14:59:14.283+0000] {logging_mixin.py:117} INFO - [2023-01-15T14:59:14.283+0000] {dag.py:2573} INFO - Sync 1 DAGs
[2023-01-15T14:59:14.309+0000] {logging_mixin.py:117} INFO - [2023-01-15T14:59:14.309+0000] {dag.py:3328} INFO - Setting next_dagrun for example_task_group_decorator to 2023-01-14T14:59:14.309338+00:00, run_after=2023-01-15T14:59:14.309338+00:00
[2023-01-15T14:59:14.325+0000] {processor.py:178} INFO - Processing /home/airflow/.local/lib/python3.7/site-packages/airflow/example_dags/example_task_group_decorator.py took 0.171 seconds
[2023-01-15T16:21:36.093+0000] {processor.py:156} INFO - Started process (PID=25946) to work on /home/airflow/.local/lib/python3.7/site-packages/airflow/example_dags/example_task_group_decorator.py
[2023-01-15T16:21:36.097+0000] {processor.py:758} INFO - Processing file /home/airflow/.local/lib/python3.7/site-packages/airflow/example_dags/example_task_group_decorator.py for tasks to queue
[2023-01-15T16:21:36.099+0000] {logging_mixin.py:117} INFO - [2023-01-15T16:21:36.098+0000] {dagbag.py:525} INFO - Filling up the DagBag from /home/airflow/.local/lib/python3.7/site-packages/airflow/example_dags/example_task_group_decorator.py
[2023-01-15T16:21:36.132+0000] {processor.py:768} INFO - DAG(s) dict_keys(['example_task_group_decorator']) retrieved from /home/airflow/.local/lib/python3.7/site-packages/airflow/example_dags/example_task_group_decorator.py
[2023-01-15T16:21:36.183+0000] {logging_mixin.py:117} INFO - [2023-01-15T16:21:36.183+0000] {dag.py:2573} INFO - Sync 1 DAGs
[2023-01-15T16:21:36.208+0000] {logging_mixin.py:117} INFO - [2023-01-15T16:21:36.208+0000] {dag.py:3328} INFO - Setting next_dagrun for example_task_group_decorator to 2023-01-14T16:21:36.208587+00:00, run_after=2023-01-15T16:21:36.208587+00:00
[2023-01-15T16:21:36.227+0000] {processor.py:178} INFO - Processing /home/airflow/.local/lib/python3.7/site-packages/airflow/example_dags/example_task_group_decorator.py took 0.136 seconds
[2023-01-15T17:27:03.972+0000] {processor.py:156} INFO - Started process (PID=26009) to work on /home/airflow/.local/lib/python3.7/site-packages/airflow/example_dags/example_task_group_decorator.py
[2023-01-15T17:27:03.974+0000] {processor.py:758} INFO - Processing file /home/airflow/.local/lib/python3.7/site-packages/airflow/example_dags/example_task_group_decorator.py for tasks to queue
[2023-01-15T17:27:03.975+0000] {logging_mixin.py:117} INFO - [2023-01-15T17:27:03.975+0000] {dagbag.py:525} INFO - Filling up the DagBag from /home/airflow/.local/lib/python3.7/site-packages/airflow/example_dags/example_task_group_decorator.py
[2023-01-15T17:27:04.004+0000] {processor.py:768} INFO - DAG(s) dict_keys(['example_task_group_decorator']) retrieved from /home/airflow/.local/lib/python3.7/site-packages/airflow/example_dags/example_task_group_decorator.py
[2023-01-15T17:27:04.083+0000] {logging_mixin.py:117} INFO - [2023-01-15T17:27:04.083+0000] {dag.py:2573} INFO - Sync 1 DAGs
[2023-01-15T17:27:04.105+0000] {logging_mixin.py:117} INFO - [2023-01-15T17:27:04.105+0000] {dag.py:3328} INFO - Setting next_dagrun for example_task_group_decorator to 2023-01-14T17:27:04.104857+00:00, run_after=2023-01-15T17:27:04.104857+00:00
[2023-01-15T17:27:04.122+0000] {processor.py:178} INFO - Processing /home/airflow/.local/lib/python3.7/site-packages/airflow/example_dags/example_task_group_decorator.py took 0.153 seconds
[2023-01-15T18:23:36.891+0000] {processor.py:156} INFO - Started process (PID=26072) to work on /home/airflow/.local/lib/python3.7/site-packages/airflow/example_dags/example_task_group_decorator.py
[2023-01-15T18:23:36.892+0000] {processor.py:758} INFO - Processing file /home/airflow/.local/lib/python3.7/site-packages/airflow/example_dags/example_task_group_decorator.py for tasks to queue
[2023-01-15T18:23:36.893+0000] {logging_mixin.py:117} INFO - [2023-01-15T18:23:36.893+0000] {dagbag.py:525} INFO - Filling up the DagBag from /home/airflow/.local/lib/python3.7/site-packages/airflow/example_dags/example_task_group_decorator.py
[2023-01-15T18:23:36.914+0000] {processor.py:768} INFO - DAG(s) dict_keys(['example_task_group_decorator']) retrieved from /home/airflow/.local/lib/python3.7/site-packages/airflow/example_dags/example_task_group_decorator.py
[2023-01-15T18:23:36.969+0000] {logging_mixin.py:117} INFO - [2023-01-15T18:23:36.969+0000] {dag.py:2573} INFO - Sync 1 DAGs
[2023-01-15T18:23:37.012+0000] {logging_mixin.py:117} INFO - [2023-01-15T18:23:37.012+0000] {dag.py:3328} INFO - Setting next_dagrun for example_task_group_decorator to 2023-01-14T18:23:37.012450+00:00, run_after=2023-01-15T18:23:37.012450+00:00
[2023-01-15T18:23:37.031+0000] {processor.py:178} INFO - Processing /home/airflow/.local/lib/python3.7/site-packages/airflow/example_dags/example_task_group_decorator.py took 0.143 seconds
[2023-01-15T19:46:54.715+0000] {processor.py:156} INFO - Started process (PID=26126) to work on /home/airflow/.local/lib/python3.7/site-packages/airflow/example_dags/example_task_group_decorator.py
[2023-01-15T19:46:54.721+0000] {processor.py:758} INFO - Processing file /home/airflow/.local/lib/python3.7/site-packages/airflow/example_dags/example_task_group_decorator.py for tasks to queue
[2023-01-15T19:46:54.722+0000] {logging_mixin.py:117} INFO - [2023-01-15T19:46:54.722+0000] {dagbag.py:525} INFO - Filling up the DagBag from /home/airflow/.local/lib/python3.7/site-packages/airflow/example_dags/example_task_group_decorator.py
[2023-01-15T19:46:54.771+0000] {processor.py:768} INFO - DAG(s) dict_keys(['example_task_group_decorator']) retrieved from /home/airflow/.local/lib/python3.7/site-packages/airflow/example_dags/example_task_group_decorator.py
[2023-01-15T19:46:54.860+0000] {logging_mixin.py:117} INFO - [2023-01-15T19:46:54.857+0000] {dag.py:2573} INFO - Sync 1 DAGs
[2023-01-15T19:46:54.892+0000] {logging_mixin.py:117} INFO - [2023-01-15T19:46:54.892+0000] {dag.py:3328} INFO - Setting next_dagrun for example_task_group_decorator to 2023-01-14T19:46:54.891864+00:00, run_after=2023-01-15T19:46:54.891864+00:00
[2023-01-15T19:46:54.918+0000] {processor.py:178} INFO - Processing /home/airflow/.local/lib/python3.7/site-packages/airflow/example_dags/example_task_group_decorator.py took 0.206 seconds
[2023-01-15T20:53:29.688+0000] {processor.py:156} INFO - Started process (PID=26188) to work on /home/airflow/.local/lib/python3.7/site-packages/airflow/example_dags/example_task_group_decorator.py
[2023-01-15T20:53:29.690+0000] {processor.py:758} INFO - Processing file /home/airflow/.local/lib/python3.7/site-packages/airflow/example_dags/example_task_group_decorator.py for tasks to queue
[2023-01-15T20:53:29.691+0000] {logging_mixin.py:117} INFO - [2023-01-15T20:53:29.691+0000] {dagbag.py:525} INFO - Filling up the DagBag from /home/airflow/.local/lib/python3.7/site-packages/airflow/example_dags/example_task_group_decorator.py
[2023-01-15T20:53:29.721+0000] {processor.py:768} INFO - DAG(s) dict_keys(['example_task_group_decorator']) retrieved from /home/airflow/.local/lib/python3.7/site-packages/airflow/example_dags/example_task_group_decorator.py
[2023-01-15T20:53:29.762+0000] {logging_mixin.py:117} INFO - [2023-01-15T20:53:29.762+0000] {dag.py:2573} INFO - Sync 1 DAGs
[2023-01-15T20:53:29.790+0000] {logging_mixin.py:117} INFO - [2023-01-15T20:53:29.789+0000] {dag.py:3328} INFO - Setting next_dagrun for example_task_group_decorator to 2023-01-14T20:53:29.789510+00:00, run_after=2023-01-15T20:53:29.789510+00:00
[2023-01-15T20:53:29.804+0000] {processor.py:178} INFO - Processing /home/airflow/.local/lib/python3.7/site-packages/airflow/example_dags/example_task_group_decorator.py took 0.119 seconds
[2023-01-15T21:52:33.186+0000] {processor.py:156} INFO - Started process (PID=26251) to work on /home/airflow/.local/lib/python3.7/site-packages/airflow/example_dags/example_task_group_decorator.py
[2023-01-15T21:52:33.187+0000] {processor.py:758} INFO - Processing file /home/airflow/.local/lib/python3.7/site-packages/airflow/example_dags/example_task_group_decorator.py for tasks to queue
[2023-01-15T21:52:33.188+0000] {logging_mixin.py:117} INFO - [2023-01-15T21:52:33.188+0000] {dagbag.py:525} INFO - Filling up the DagBag from /home/airflow/.local/lib/python3.7/site-packages/airflow/example_dags/example_task_group_decorator.py
[2023-01-15T21:52:33.209+0000] {processor.py:768} INFO - DAG(s) dict_keys(['example_task_group_decorator']) retrieved from /home/airflow/.local/lib/python3.7/site-packages/airflow/example_dags/example_task_group_decorator.py
[2023-01-15T21:52:33.253+0000] {logging_mixin.py:117} INFO - [2023-01-15T21:52:33.253+0000] {dag.py:2573} INFO - Sync 1 DAGs
[2023-01-15T21:52:33.289+0000] {logging_mixin.py:117} INFO - [2023-01-15T21:52:33.289+0000] {dag.py:3328} INFO - Setting next_dagrun for example_task_group_decorator to 2023-01-14T21:52:33.289482+00:00, run_after=2023-01-15T21:52:33.289482+00:00
[2023-01-15T21:52:33.300+0000] {processor.py:178} INFO - Processing /home/airflow/.local/lib/python3.7/site-packages/airflow/example_dags/example_task_group_decorator.py took 0.117 seconds
[2023-01-15T23:15:51.145+0000] {processor.py:156} INFO - Started process (PID=26314) to work on /home/airflow/.local/lib/python3.7/site-packages/airflow/example_dags/example_task_group_decorator.py
[2023-01-15T23:15:51.150+0000] {processor.py:758} INFO - Processing file /home/airflow/.local/lib/python3.7/site-packages/airflow/example_dags/example_task_group_decorator.py for tasks to queue
[2023-01-15T23:15:51.153+0000] {logging_mixin.py:117} INFO - [2023-01-15T23:15:51.153+0000] {dagbag.py:525} INFO - Filling up the DagBag from /home/airflow/.local/lib/python3.7/site-packages/airflow/example_dags/example_task_group_decorator.py
[2023-01-15T23:15:51.236+0000] {processor.py:768} INFO - DAG(s) dict_keys(['example_task_group_decorator']) retrieved from /home/airflow/.local/lib/python3.7/site-packages/airflow/example_dags/example_task_group_decorator.py
[2023-01-15T23:15:51.339+0000] {logging_mixin.py:117} INFO - [2023-01-15T23:15:51.338+0000] {dag.py:2573} INFO - Sync 1 DAGs
[2023-01-15T23:15:51.371+0000] {logging_mixin.py:117} INFO - [2023-01-15T23:15:51.371+0000] {dag.py:3328} INFO - Setting next_dagrun for example_task_group_decorator to 2023-01-14T23:15:51.370686+00:00, run_after=2023-01-15T23:15:51.370686+00:00
[2023-01-15T23:15:51.413+0000] {processor.py:178} INFO - Processing /home/airflow/.local/lib/python3.7/site-packages/airflow/example_dags/example_task_group_decorator.py took 0.272 seconds
