[2023-01-15T00:39:00.303+0000] {processor.py:156} INFO - Started process (PID=24119) to work on /home/airflow/.local/lib/python3.7/site-packages/airflow/example_dags/example_xcomargs.py
[2023-01-15T00:39:00.305+0000] {processor.py:758} INFO - Processing file /home/airflow/.local/lib/python3.7/site-packages/airflow/example_dags/example_xcomargs.py for tasks to queue
[2023-01-15T00:39:00.306+0000] {logging_mixin.py:117} INFO - [2023-01-15T00:39:00.305+0000] {dagbag.py:525} INFO - Filling up the DagBag from /home/airflow/.local/lib/python3.7/site-packages/airflow/example_dags/example_xcomargs.py
[2023-01-15T00:39:00.339+0000] {processor.py:768} INFO - DAG(s) dict_keys(['example_xcom_args', 'example_xcom_args_with_operators']) retrieved from /home/airflow/.local/lib/python3.7/site-packages/airflow/example_dags/example_xcomargs.py
[2023-01-15T00:39:00.424+0000] {logging_mixin.py:117} INFO - [2023-01-15T00:39:00.424+0000] {dag.py:2573} INFO - Sync 2 DAGs
[2023-01-15T00:39:00.480+0000] {logging_mixin.py:117} INFO - [2023-01-15T00:39:00.480+0000] {dag.py:3328} INFO - Setting next_dagrun for example_xcom_args to None, run_after=None
[2023-01-15T00:39:00.485+0000] {logging_mixin.py:117} INFO - [2023-01-15T00:39:00.485+0000] {dag.py:3328} INFO - Setting next_dagrun for example_xcom_args_with_operators to None, run_after=None
[2023-01-15T00:39:00.534+0000] {processor.py:178} INFO - Processing /home/airflow/.local/lib/python3.7/site-packages/airflow/example_dags/example_xcomargs.py took 0.234 seconds
[2023-01-15T01:44:18.157+0000] {processor.py:156} INFO - Started process (PID=24182) to work on /home/airflow/.local/lib/python3.7/site-packages/airflow/example_dags/example_xcomargs.py
[2023-01-15T01:44:18.160+0000] {processor.py:758} INFO - Processing file /home/airflow/.local/lib/python3.7/site-packages/airflow/example_dags/example_xcomargs.py for tasks to queue
[2023-01-15T01:44:18.162+0000] {logging_mixin.py:117} INFO - [2023-01-15T01:44:18.162+0000] {dagbag.py:525} INFO - Filling up the DagBag from /home/airflow/.local/lib/python3.7/site-packages/airflow/example_dags/example_xcomargs.py
[2023-01-15T01:44:18.191+0000] {processor.py:768} INFO - DAG(s) dict_keys(['example_xcom_args', 'example_xcom_args_with_operators']) retrieved from /home/airflow/.local/lib/python3.7/site-packages/airflow/example_dags/example_xcomargs.py
[2023-01-15T01:44:18.229+0000] {logging_mixin.py:117} INFO - [2023-01-15T01:44:18.229+0000] {dag.py:2573} INFO - Sync 2 DAGs
[2023-01-15T01:44:18.250+0000] {logging_mixin.py:117} INFO - [2023-01-15T01:44:18.249+0000] {dag.py:3328} INFO - Setting next_dagrun for example_xcom_args to None, run_after=None
[2023-01-15T01:44:18.253+0000] {logging_mixin.py:117} INFO - [2023-01-15T01:44:18.253+0000] {dag.py:3328} INFO - Setting next_dagrun for example_xcom_args_with_operators to None, run_after=None
[2023-01-15T01:44:18.273+0000] {processor.py:178} INFO - Processing /home/airflow/.local/lib/python3.7/site-packages/airflow/example_dags/example_xcomargs.py took 0.123 seconds
[2023-01-15T02:15:46.842+0000] {processor.py:156} INFO - Started process (PID=24245) to work on /home/airflow/.local/lib/python3.7/site-packages/airflow/example_dags/example_xcomargs.py
[2023-01-15T02:15:46.845+0000] {processor.py:758} INFO - Processing file /home/airflow/.local/lib/python3.7/site-packages/airflow/example_dags/example_xcomargs.py for tasks to queue
[2023-01-15T02:15:46.846+0000] {logging_mixin.py:117} INFO - [2023-01-15T02:15:46.846+0000] {dagbag.py:525} INFO - Filling up the DagBag from /home/airflow/.local/lib/python3.7/site-packages/airflow/example_dags/example_xcomargs.py
[2023-01-15T02:15:46.865+0000] {processor.py:768} INFO - DAG(s) dict_keys(['example_xcom_args_with_operators', 'example_xcom_args']) retrieved from /home/airflow/.local/lib/python3.7/site-packages/airflow/example_dags/example_xcomargs.py
[2023-01-15T02:15:46.896+0000] {logging_mixin.py:117} INFO - [2023-01-15T02:15:46.895+0000] {dag.py:2573} INFO - Sync 2 DAGs
[2023-01-15T02:15:46.911+0000] {logging_mixin.py:117} INFO - [2023-01-15T02:15:46.911+0000] {dag.py:3328} INFO - Setting next_dagrun for example_xcom_args to None, run_after=None
[2023-01-15T02:15:46.914+0000] {logging_mixin.py:117} INFO - [2023-01-15T02:15:46.914+0000] {dag.py:3328} INFO - Setting next_dagrun for example_xcom_args_with_operators to None, run_after=None
[2023-01-15T02:15:46.926+0000] {processor.py:178} INFO - Processing /home/airflow/.local/lib/python3.7/site-packages/airflow/example_dags/example_xcomargs.py took 0.086 seconds
[2023-01-15T02:16:17.422+0000] {processor.py:156} INFO - Started process (PID=24299) to work on /home/airflow/.local/lib/python3.7/site-packages/airflow/example_dags/example_xcomargs.py
[2023-01-15T02:16:17.423+0000] {processor.py:758} INFO - Processing file /home/airflow/.local/lib/python3.7/site-packages/airflow/example_dags/example_xcomargs.py for tasks to queue
[2023-01-15T02:16:17.424+0000] {logging_mixin.py:117} INFO - [2023-01-15T02:16:17.424+0000] {dagbag.py:525} INFO - Filling up the DagBag from /home/airflow/.local/lib/python3.7/site-packages/airflow/example_dags/example_xcomargs.py
[2023-01-15T02:16:17.442+0000] {processor.py:768} INFO - DAG(s) dict_keys(['example_xcom_args', 'example_xcom_args_with_operators']) retrieved from /home/airflow/.local/lib/python3.7/site-packages/airflow/example_dags/example_xcomargs.py
[2023-01-15T02:16:17.478+0000] {logging_mixin.py:117} INFO - [2023-01-15T02:16:17.478+0000] {dag.py:2573} INFO - Sync 2 DAGs
[2023-01-15T02:16:17.494+0000] {logging_mixin.py:117} INFO - [2023-01-15T02:16:17.494+0000] {dag.py:3328} INFO - Setting next_dagrun for example_xcom_args to None, run_after=None
[2023-01-15T02:16:17.497+0000] {logging_mixin.py:117} INFO - [2023-01-15T02:16:17.497+0000] {dag.py:3328} INFO - Setting next_dagrun for example_xcom_args_with_operators to None, run_after=None
[2023-01-15T02:16:17.506+0000] {processor.py:178} INFO - Processing /home/airflow/.local/lib/python3.7/site-packages/airflow/example_dags/example_xcomargs.py took 0.086 seconds
[2023-01-15T02:49:44.632+0000] {processor.py:156} INFO - Started process (PID=24362) to work on /home/airflow/.local/lib/python3.7/site-packages/airflow/example_dags/example_xcomargs.py
[2023-01-15T02:49:44.634+0000] {processor.py:758} INFO - Processing file /home/airflow/.local/lib/python3.7/site-packages/airflow/example_dags/example_xcomargs.py for tasks to queue
[2023-01-15T02:49:44.634+0000] {logging_mixin.py:117} INFO - [2023-01-15T02:49:44.634+0000] {dagbag.py:525} INFO - Filling up the DagBag from /home/airflow/.local/lib/python3.7/site-packages/airflow/example_dags/example_xcomargs.py
[2023-01-15T02:49:44.663+0000] {processor.py:768} INFO - DAG(s) dict_keys(['example_xcom_args_with_operators', 'example_xcom_args']) retrieved from /home/airflow/.local/lib/python3.7/site-packages/airflow/example_dags/example_xcomargs.py
[2023-01-15T02:49:44.741+0000] {logging_mixin.py:117} INFO - [2023-01-15T02:49:44.741+0000] {dag.py:2573} INFO - Sync 2 DAGs
[2023-01-15T02:49:44.780+0000] {logging_mixin.py:117} INFO - [2023-01-15T02:49:44.780+0000] {dag.py:3328} INFO - Setting next_dagrun for example_xcom_args to None, run_after=None
[2023-01-15T02:49:44.785+0000] {logging_mixin.py:117} INFO - [2023-01-15T02:49:44.785+0000] {dag.py:3328} INFO - Setting next_dagrun for example_xcom_args_with_operators to None, run_after=None
[2023-01-15T02:49:44.802+0000] {processor.py:178} INFO - Processing /home/airflow/.local/lib/python3.7/site-packages/airflow/example_dags/example_xcomargs.py took 0.173 seconds
[2023-01-15T04:11:02.765+0000] {processor.py:156} INFO - Started process (PID=24425) to work on /home/airflow/.local/lib/python3.7/site-packages/airflow/example_dags/example_xcomargs.py
[2023-01-15T04:11:02.766+0000] {processor.py:758} INFO - Processing file /home/airflow/.local/lib/python3.7/site-packages/airflow/example_dags/example_xcomargs.py for tasks to queue
[2023-01-15T04:11:02.767+0000] {logging_mixin.py:117} INFO - [2023-01-15T04:11:02.767+0000] {dagbag.py:525} INFO - Filling up the DagBag from /home/airflow/.local/lib/python3.7/site-packages/airflow/example_dags/example_xcomargs.py
[2023-01-15T04:11:02.785+0000] {processor.py:768} INFO - DAG(s) dict_keys(['example_xcom_args', 'example_xcom_args_with_operators']) retrieved from /home/airflow/.local/lib/python3.7/site-packages/airflow/example_dags/example_xcomargs.py
[2023-01-15T04:11:02.815+0000] {logging_mixin.py:117} INFO - [2023-01-15T04:11:02.815+0000] {dag.py:2573} INFO - Sync 2 DAGs
[2023-01-15T04:11:02.830+0000] {logging_mixin.py:117} INFO - [2023-01-15T04:11:02.830+0000] {dag.py:3328} INFO - Setting next_dagrun for example_xcom_args to None, run_after=None
[2023-01-15T04:11:02.834+0000] {logging_mixin.py:117} INFO - [2023-01-15T04:11:02.834+0000] {dag.py:3328} INFO - Setting next_dagrun for example_xcom_args_with_operators to None, run_after=None
[2023-01-15T04:11:02.848+0000] {processor.py:178} INFO - Processing /home/airflow/.local/lib/python3.7/site-packages/airflow/example_dags/example_xcomargs.py took 0.086 seconds
[2023-01-15T05:08:51.823+0000] {processor.py:156} INFO - Started process (PID=24489) to work on /home/airflow/.local/lib/python3.7/site-packages/airflow/example_dags/example_xcomargs.py
[2023-01-15T05:08:51.890+0000] {processor.py:758} INFO - Processing file /home/airflow/.local/lib/python3.7/site-packages/airflow/example_dags/example_xcomargs.py for tasks to queue
[2023-01-15T05:08:51.899+0000] {logging_mixin.py:117} INFO - [2023-01-15T05:08:51.899+0000] {dagbag.py:525} INFO - Filling up the DagBag from /home/airflow/.local/lib/python3.7/site-packages/airflow/example_dags/example_xcomargs.py
[2023-01-15T05:08:51.937+0000] {processor.py:768} INFO - DAG(s) dict_keys(['example_xcom_args_with_operators', 'example_xcom_args']) retrieved from /home/airflow/.local/lib/python3.7/site-packages/airflow/example_dags/example_xcomargs.py
[2023-01-15T05:08:52.019+0000] {logging_mixin.py:117} INFO - [2023-01-15T05:08:52.018+0000] {dag.py:2573} INFO - Sync 2 DAGs
[2023-01-15T05:08:52.055+0000] {logging_mixin.py:117} INFO - [2023-01-15T05:08:52.055+0000] {dag.py:3328} INFO - Setting next_dagrun for example_xcom_args to None, run_after=None
[2023-01-15T05:08:52.087+0000] {logging_mixin.py:117} INFO - [2023-01-15T05:08:52.087+0000] {dag.py:3328} INFO - Setting next_dagrun for example_xcom_args_with_operators to None, run_after=None
[2023-01-15T05:08:52.119+0000] {processor.py:178} INFO - Processing /home/airflow/.local/lib/python3.7/site-packages/airflow/example_dags/example_xcomargs.py took 0.301 seconds
[2023-01-15T06:14:19.740+0000] {processor.py:156} INFO - Started process (PID=24552) to work on /home/airflow/.local/lib/python3.7/site-packages/airflow/example_dags/example_xcomargs.py
[2023-01-15T06:14:19.742+0000] {processor.py:758} INFO - Processing file /home/airflow/.local/lib/python3.7/site-packages/airflow/example_dags/example_xcomargs.py for tasks to queue
[2023-01-15T06:14:19.746+0000] {logging_mixin.py:117} INFO - [2023-01-15T06:14:19.746+0000] {dagbag.py:525} INFO - Filling up the DagBag from /home/airflow/.local/lib/python3.7/site-packages/airflow/example_dags/example_xcomargs.py
[2023-01-15T06:14:19.766+0000] {processor.py:768} INFO - DAG(s) dict_keys(['example_xcom_args', 'example_xcom_args_with_operators']) retrieved from /home/airflow/.local/lib/python3.7/site-packages/airflow/example_dags/example_xcomargs.py
[2023-01-15T06:14:19.819+0000] {logging_mixin.py:117} INFO - [2023-01-15T06:14:19.819+0000] {dag.py:2573} INFO - Sync 2 DAGs
[2023-01-15T06:14:19.841+0000] {logging_mixin.py:117} INFO - [2023-01-15T06:14:19.841+0000] {dag.py:3328} INFO - Setting next_dagrun for example_xcom_args to None, run_after=None
[2023-01-15T06:14:19.844+0000] {logging_mixin.py:117} INFO - [2023-01-15T06:14:19.844+0000] {dag.py:3328} INFO - Setting next_dagrun for example_xcom_args_with_operators to None, run_after=None
[2023-01-15T06:14:19.868+0000] {processor.py:178} INFO - Processing /home/airflow/.local/lib/python3.7/site-packages/airflow/example_dags/example_xcomargs.py took 0.131 seconds
[2023-01-15T06:57:25.568+0000] {processor.py:156} INFO - Started process (PID=24606) to work on /home/airflow/.local/lib/python3.7/site-packages/airflow/example_dags/example_xcomargs.py
[2023-01-15T06:57:25.573+0000] {processor.py:758} INFO - Processing file /home/airflow/.local/lib/python3.7/site-packages/airflow/example_dags/example_xcomargs.py for tasks to queue
[2023-01-15T06:57:25.575+0000] {logging_mixin.py:117} INFO - [2023-01-15T06:57:25.574+0000] {dagbag.py:525} INFO - Filling up the DagBag from /home/airflow/.local/lib/python3.7/site-packages/airflow/example_dags/example_xcomargs.py
[2023-01-15T06:57:25.602+0000] {processor.py:768} INFO - DAG(s) dict_keys(['example_xcom_args', 'example_xcom_args_with_operators']) retrieved from /home/airflow/.local/lib/python3.7/site-packages/airflow/example_dags/example_xcomargs.py
[2023-01-15T06:57:25.634+0000] {logging_mixin.py:117} INFO - [2023-01-15T06:57:25.634+0000] {dag.py:2573} INFO - Sync 2 DAGs
[2023-01-15T06:57:25.656+0000] {logging_mixin.py:117} INFO - [2023-01-15T06:57:25.655+0000] {dag.py:3328} INFO - Setting next_dagrun for example_xcom_args to None, run_after=None
[2023-01-15T06:57:25.658+0000] {logging_mixin.py:117} INFO - [2023-01-15T06:57:25.658+0000] {dag.py:3328} INFO - Setting next_dagrun for example_xcom_args_with_operators to None, run_after=None
[2023-01-15T06:57:25.674+0000] {processor.py:178} INFO - Processing /home/airflow/.local/lib/python3.7/site-packages/airflow/example_dags/example_xcomargs.py took 0.109 seconds
[2023-01-15T08:03:17.442+0000] {processor.py:156} INFO - Started process (PID=24669) to work on /home/airflow/.local/lib/python3.7/site-packages/airflow/example_dags/example_xcomargs.py
[2023-01-15T08:03:17.443+0000] {processor.py:758} INFO - Processing file /home/airflow/.local/lib/python3.7/site-packages/airflow/example_dags/example_xcomargs.py for tasks to queue
[2023-01-15T08:03:17.444+0000] {logging_mixin.py:117} INFO - [2023-01-15T08:03:17.444+0000] {dagbag.py:525} INFO - Filling up the DagBag from /home/airflow/.local/lib/python3.7/site-packages/airflow/example_dags/example_xcomargs.py
[2023-01-15T08:03:17.464+0000] {processor.py:768} INFO - DAG(s) dict_keys(['example_xcom_args_with_operators', 'example_xcom_args']) retrieved from /home/airflow/.local/lib/python3.7/site-packages/airflow/example_dags/example_xcomargs.py
[2023-01-15T08:03:17.496+0000] {logging_mixin.py:117} INFO - [2023-01-15T08:03:17.496+0000] {dag.py:2573} INFO - Sync 2 DAGs
[2023-01-15T08:03:17.515+0000] {logging_mixin.py:117} INFO - [2023-01-15T08:03:17.515+0000] {dag.py:3328} INFO - Setting next_dagrun for example_xcom_args to None, run_after=None
[2023-01-15T08:03:17.522+0000] {logging_mixin.py:117} INFO - [2023-01-15T08:03:17.522+0000] {dag.py:3328} INFO - Setting next_dagrun for example_xcom_args_with_operators to None, run_after=None
[2023-01-15T08:03:17.552+0000] {processor.py:178} INFO - Processing /home/airflow/.local/lib/python3.7/site-packages/airflow/example_dags/example_xcomargs.py took 0.113 seconds
[2023-01-15T09:11:07.240+0000] {processor.py:156} INFO - Started process (PID=24733) to work on /home/airflow/.local/lib/python3.7/site-packages/airflow/example_dags/example_xcomargs.py
[2023-01-15T09:11:07.242+0000] {processor.py:758} INFO - Processing file /home/airflow/.local/lib/python3.7/site-packages/airflow/example_dags/example_xcomargs.py for tasks to queue
[2023-01-15T09:11:07.243+0000] {logging_mixin.py:117} INFO - [2023-01-15T09:11:07.243+0000] {dagbag.py:525} INFO - Filling up the DagBag from /home/airflow/.local/lib/python3.7/site-packages/airflow/example_dags/example_xcomargs.py
[2023-01-15T09:11:07.265+0000] {processor.py:768} INFO - DAG(s) dict_keys(['example_xcom_args', 'example_xcom_args_with_operators']) retrieved from /home/airflow/.local/lib/python3.7/site-packages/airflow/example_dags/example_xcomargs.py
[2023-01-15T09:11:07.331+0000] {logging_mixin.py:117} INFO - [2023-01-15T09:11:07.331+0000] {dag.py:2573} INFO - Sync 2 DAGs
[2023-01-15T09:11:07.371+0000] {logging_mixin.py:117} INFO - [2023-01-15T09:11:07.370+0000] {dag.py:3328} INFO - Setting next_dagrun for example_xcom_args to None, run_after=None
[2023-01-15T09:11:07.376+0000] {logging_mixin.py:117} INFO - [2023-01-15T09:11:07.376+0000] {dag.py:3328} INFO - Setting next_dagrun for example_xcom_args_with_operators to None, run_after=None
[2023-01-15T09:11:07.394+0000] {processor.py:178} INFO - Processing /home/airflow/.local/lib/python3.7/site-packages/airflow/example_dags/example_xcomargs.py took 0.157 seconds
[2023-01-15T09:32:54.194+0000] {processor.py:156} INFO - Started process (PID=24787) to work on /home/airflow/.local/lib/python3.7/site-packages/airflow/example_dags/example_xcomargs.py
[2023-01-15T09:32:54.195+0000] {processor.py:758} INFO - Processing file /home/airflow/.local/lib/python3.7/site-packages/airflow/example_dags/example_xcomargs.py for tasks to queue
[2023-01-15T09:32:54.196+0000] {logging_mixin.py:117} INFO - [2023-01-15T09:32:54.196+0000] {dagbag.py:525} INFO - Filling up the DagBag from /home/airflow/.local/lib/python3.7/site-packages/airflow/example_dags/example_xcomargs.py
[2023-01-15T09:32:54.215+0000] {processor.py:768} INFO - DAG(s) dict_keys(['example_xcom_args_with_operators', 'example_xcom_args']) retrieved from /home/airflow/.local/lib/python3.7/site-packages/airflow/example_dags/example_xcomargs.py
[2023-01-15T09:32:54.251+0000] {logging_mixin.py:117} INFO - [2023-01-15T09:32:54.251+0000] {dag.py:2573} INFO - Sync 2 DAGs
[2023-01-15T09:32:54.280+0000] {logging_mixin.py:117} INFO - [2023-01-15T09:32:54.279+0000] {dag.py:3328} INFO - Setting next_dagrun for example_xcom_args to None, run_after=None
[2023-01-15T09:32:54.284+0000] {logging_mixin.py:117} INFO - [2023-01-15T09:32:54.283+0000] {dag.py:3328} INFO - Setting next_dagrun for example_xcom_args_with_operators to None, run_after=None
[2023-01-15T09:32:54.305+0000] {processor.py:178} INFO - Processing /home/airflow/.local/lib/python3.7/site-packages/airflow/example_dags/example_xcomargs.py took 0.117 seconds
[2023-01-15T09:33:55.836+0000] {processor.py:156} INFO - Started process (PID=24850) to work on /home/airflow/.local/lib/python3.7/site-packages/airflow/example_dags/example_xcomargs.py
[2023-01-15T09:33:55.838+0000] {processor.py:758} INFO - Processing file /home/airflow/.local/lib/python3.7/site-packages/airflow/example_dags/example_xcomargs.py for tasks to queue
[2023-01-15T09:33:55.839+0000] {logging_mixin.py:117} INFO - [2023-01-15T09:33:55.838+0000] {dagbag.py:525} INFO - Filling up the DagBag from /home/airflow/.local/lib/python3.7/site-packages/airflow/example_dags/example_xcomargs.py
[2023-01-15T09:33:55.859+0000] {processor.py:768} INFO - DAG(s) dict_keys(['example_xcom_args', 'example_xcom_args_with_operators']) retrieved from /home/airflow/.local/lib/python3.7/site-packages/airflow/example_dags/example_xcomargs.py
[2023-01-15T09:33:55.892+0000] {logging_mixin.py:117} INFO - [2023-01-15T09:33:55.892+0000] {dag.py:2573} INFO - Sync 2 DAGs
[2023-01-15T09:33:55.909+0000] {logging_mixin.py:117} INFO - [2023-01-15T09:33:55.909+0000] {dag.py:3328} INFO - Setting next_dagrun for example_xcom_args to None, run_after=None
[2023-01-15T09:33:55.912+0000] {logging_mixin.py:117} INFO - [2023-01-15T09:33:55.912+0000] {dag.py:3328} INFO - Setting next_dagrun for example_xcom_args_with_operators to None, run_after=None
[2023-01-15T09:33:55.925+0000] {processor.py:178} INFO - Processing /home/airflow/.local/lib/python3.7/site-packages/airflow/example_dags/example_xcomargs.py took 0.092 seconds
[2023-01-15T09:43:30.617+0000] {processor.py:156} INFO - Started process (PID=24913) to work on /home/airflow/.local/lib/python3.7/site-packages/airflow/example_dags/example_xcomargs.py
[2023-01-15T09:43:30.619+0000] {processor.py:758} INFO - Processing file /home/airflow/.local/lib/python3.7/site-packages/airflow/example_dags/example_xcomargs.py for tasks to queue
[2023-01-15T09:43:30.620+0000] {logging_mixin.py:117} INFO - [2023-01-15T09:43:30.620+0000] {dagbag.py:525} INFO - Filling up the DagBag from /home/airflow/.local/lib/python3.7/site-packages/airflow/example_dags/example_xcomargs.py
[2023-01-15T09:43:30.638+0000] {processor.py:768} INFO - DAG(s) dict_keys(['example_xcom_args', 'example_xcom_args_with_operators']) retrieved from /home/airflow/.local/lib/python3.7/site-packages/airflow/example_dags/example_xcomargs.py
[2023-01-15T09:43:30.673+0000] {logging_mixin.py:117} INFO - [2023-01-15T09:43:30.673+0000] {dag.py:2573} INFO - Sync 2 DAGs
[2023-01-15T09:43:30.693+0000] {logging_mixin.py:117} INFO - [2023-01-15T09:43:30.693+0000] {dag.py:3328} INFO - Setting next_dagrun for example_xcom_args to None, run_after=None
[2023-01-15T09:43:30.697+0000] {logging_mixin.py:117} INFO - [2023-01-15T09:43:30.697+0000] {dag.py:3328} INFO - Setting next_dagrun for example_xcom_args_with_operators to None, run_after=None
[2023-01-15T09:43:30.720+0000] {processor.py:178} INFO - Processing /home/airflow/.local/lib/python3.7/site-packages/airflow/example_dags/example_xcomargs.py took 0.106 seconds
[2023-01-15T11:04:10.055+0000] {processor.py:156} INFO - Started process (PID=24975) to work on /home/airflow/.local/lib/python3.7/site-packages/airflow/example_dags/example_xcomargs.py
[2023-01-15T11:04:10.058+0000] {processor.py:758} INFO - Processing file /home/airflow/.local/lib/python3.7/site-packages/airflow/example_dags/example_xcomargs.py for tasks to queue
[2023-01-15T11:04:10.059+0000] {logging_mixin.py:117} INFO - [2023-01-15T11:04:10.059+0000] {dagbag.py:525} INFO - Filling up the DagBag from /home/airflow/.local/lib/python3.7/site-packages/airflow/example_dags/example_xcomargs.py
[2023-01-15T11:04:10.086+0000] {processor.py:768} INFO - DAG(s) dict_keys(['example_xcom_args_with_operators', 'example_xcom_args']) retrieved from /home/airflow/.local/lib/python3.7/site-packages/airflow/example_dags/example_xcomargs.py
[2023-01-15T11:04:10.176+0000] {logging_mixin.py:117} INFO - [2023-01-15T11:04:10.176+0000] {dag.py:2573} INFO - Sync 2 DAGs
[2023-01-15T11:04:10.198+0000] {logging_mixin.py:117} INFO - [2023-01-15T11:04:10.198+0000] {dag.py:3328} INFO - Setting next_dagrun for example_xcom_args to None, run_after=None
[2023-01-15T11:04:10.204+0000] {logging_mixin.py:117} INFO - [2023-01-15T11:04:10.203+0000] {dag.py:3328} INFO - Setting next_dagrun for example_xcom_args_with_operators to None, run_after=None
[2023-01-15T11:04:10.229+0000] {processor.py:178} INFO - Processing /home/airflow/.local/lib/python3.7/site-packages/airflow/example_dags/example_xcomargs.py took 0.177 seconds
[2023-01-15T12:04:16.831+0000] {processor.py:156} INFO - Started process (PID=25030) to work on /home/airflow/.local/lib/python3.7/site-packages/airflow/example_dags/example_xcomargs.py
[2023-01-15T12:04:16.832+0000] {processor.py:758} INFO - Processing file /home/airflow/.local/lib/python3.7/site-packages/airflow/example_dags/example_xcomargs.py for tasks to queue
[2023-01-15T12:04:16.833+0000] {logging_mixin.py:117} INFO - [2023-01-15T12:04:16.833+0000] {dagbag.py:525} INFO - Filling up the DagBag from /home/airflow/.local/lib/python3.7/site-packages/airflow/example_dags/example_xcomargs.py
[2023-01-15T12:04:16.867+0000] {processor.py:768} INFO - DAG(s) dict_keys(['example_xcom_args_with_operators', 'example_xcom_args']) retrieved from /home/airflow/.local/lib/python3.7/site-packages/airflow/example_dags/example_xcomargs.py
[2023-01-15T12:04:16.929+0000] {logging_mixin.py:117} INFO - [2023-01-15T12:04:16.929+0000] {dag.py:2573} INFO - Sync 2 DAGs
[2023-01-15T12:04:16.953+0000] {logging_mixin.py:117} INFO - [2023-01-15T12:04:16.953+0000] {dag.py:3328} INFO - Setting next_dagrun for example_xcom_args to None, run_after=None
[2023-01-15T12:04:16.957+0000] {logging_mixin.py:117} INFO - [2023-01-15T12:04:16.957+0000] {dag.py:3328} INFO - Setting next_dagrun for example_xcom_args_with_operators to None, run_after=None
[2023-01-15T12:04:16.971+0000] {processor.py:178} INFO - Processing /home/airflow/.local/lib/python3.7/site-packages/airflow/example_dags/example_xcomargs.py took 0.145 seconds
[2023-01-15T12:42:38.668+0000] {processor.py:156} INFO - Started process (PID=25093) to work on /home/airflow/.local/lib/python3.7/site-packages/airflow/example_dags/example_xcomargs.py
[2023-01-15T12:42:38.674+0000] {processor.py:758} INFO - Processing file /home/airflow/.local/lib/python3.7/site-packages/airflow/example_dags/example_xcomargs.py for tasks to queue
[2023-01-15T12:42:38.676+0000] {logging_mixin.py:117} INFO - [2023-01-15T12:42:38.676+0000] {dagbag.py:525} INFO - Filling up the DagBag from /home/airflow/.local/lib/python3.7/site-packages/airflow/example_dags/example_xcomargs.py
[2023-01-15T12:42:38.720+0000] {processor.py:768} INFO - DAG(s) dict_keys(['example_xcom_args_with_operators', 'example_xcom_args']) retrieved from /home/airflow/.local/lib/python3.7/site-packages/airflow/example_dags/example_xcomargs.py
[2023-01-15T12:42:38.804+0000] {logging_mixin.py:117} INFO - [2023-01-15T12:42:38.804+0000] {dag.py:2573} INFO - Sync 2 DAGs
[2023-01-15T12:42:38.839+0000] {logging_mixin.py:117} INFO - [2023-01-15T12:42:38.839+0000] {dag.py:3328} INFO - Setting next_dagrun for example_xcom_args to None, run_after=None
[2023-01-15T12:42:38.842+0000] {logging_mixin.py:117} INFO - [2023-01-15T12:42:38.842+0000] {dag.py:3328} INFO - Setting next_dagrun for example_xcom_args_with_operators to None, run_after=None
[2023-01-15T12:42:38.860+0000] {processor.py:178} INFO - Processing /home/airflow/.local/lib/python3.7/site-packages/airflow/example_dags/example_xcomargs.py took 0.197 seconds
[2023-01-15T13:21:55.691+0000] {processor.py:156} INFO - Started process (PID=25156) to work on /home/airflow/.local/lib/python3.7/site-packages/airflow/example_dags/example_xcomargs.py
[2023-01-15T13:21:55.692+0000] {processor.py:758} INFO - Processing file /home/airflow/.local/lib/python3.7/site-packages/airflow/example_dags/example_xcomargs.py for tasks to queue
[2023-01-15T13:21:55.693+0000] {logging_mixin.py:117} INFO - [2023-01-15T13:21:55.693+0000] {dagbag.py:525} INFO - Filling up the DagBag from /home/airflow/.local/lib/python3.7/site-packages/airflow/example_dags/example_xcomargs.py
[2023-01-15T13:21:55.709+0000] {processor.py:768} INFO - DAG(s) dict_keys(['example_xcom_args_with_operators', 'example_xcom_args']) retrieved from /home/airflow/.local/lib/python3.7/site-packages/airflow/example_dags/example_xcomargs.py
[2023-01-15T13:21:55.738+0000] {logging_mixin.py:117} INFO - [2023-01-15T13:21:55.738+0000] {dag.py:2573} INFO - Sync 2 DAGs
[2023-01-15T13:21:55.753+0000] {logging_mixin.py:117} INFO - [2023-01-15T13:21:55.753+0000] {dag.py:3328} INFO - Setting next_dagrun for example_xcom_args to None, run_after=None
[2023-01-15T13:21:55.755+0000] {logging_mixin.py:117} INFO - [2023-01-15T13:21:55.755+0000] {dag.py:3328} INFO - Setting next_dagrun for example_xcom_args_with_operators to None, run_after=None
[2023-01-15T13:21:55.764+0000] {processor.py:178} INFO - Processing /home/airflow/.local/lib/python3.7/site-packages/airflow/example_dags/example_xcomargs.py took 0.076 seconds
[2023-01-15T13:38:29.607+0000] {processor.py:156} INFO - Started process (PID=25219) to work on /home/airflow/.local/lib/python3.7/site-packages/airflow/example_dags/example_xcomargs.py
[2023-01-15T13:38:29.610+0000] {processor.py:758} INFO - Processing file /home/airflow/.local/lib/python3.7/site-packages/airflow/example_dags/example_xcomargs.py for tasks to queue
[2023-01-15T13:38:29.611+0000] {logging_mixin.py:117} INFO - [2023-01-15T13:38:29.611+0000] {dagbag.py:525} INFO - Filling up the DagBag from /home/airflow/.local/lib/python3.7/site-packages/airflow/example_dags/example_xcomargs.py
[2023-01-15T13:38:29.640+0000] {processor.py:768} INFO - DAG(s) dict_keys(['example_xcom_args_with_operators', 'example_xcom_args']) retrieved from /home/airflow/.local/lib/python3.7/site-packages/airflow/example_dags/example_xcomargs.py
[2023-01-15T13:38:29.690+0000] {logging_mixin.py:117} INFO - [2023-01-15T13:38:29.690+0000] {dag.py:2573} INFO - Sync 2 DAGs
[2023-01-15T13:38:29.714+0000] {logging_mixin.py:117} INFO - [2023-01-15T13:38:29.713+0000] {dag.py:3328} INFO - Setting next_dagrun for example_xcom_args to None, run_after=None
[2023-01-15T13:38:29.717+0000] {logging_mixin.py:117} INFO - [2023-01-15T13:38:29.717+0000] {dag.py:3328} INFO - Setting next_dagrun for example_xcom_args_with_operators to None, run_after=None
[2023-01-15T13:38:29.729+0000] {processor.py:178} INFO - Processing /home/airflow/.local/lib/python3.7/site-packages/airflow/example_dags/example_xcomargs.py took 0.124 seconds
[2023-01-15T13:39:00.335+0000] {processor.py:156} INFO - Started process (PID=25282) to work on /home/airflow/.local/lib/python3.7/site-packages/airflow/example_dags/example_xcomargs.py
[2023-01-15T13:39:00.337+0000] {processor.py:758} INFO - Processing file /home/airflow/.local/lib/python3.7/site-packages/airflow/example_dags/example_xcomargs.py for tasks to queue
[2023-01-15T13:39:00.338+0000] {logging_mixin.py:117} INFO - [2023-01-15T13:39:00.337+0000] {dagbag.py:525} INFO - Filling up the DagBag from /home/airflow/.local/lib/python3.7/site-packages/airflow/example_dags/example_xcomargs.py
[2023-01-15T13:39:00.355+0000] {processor.py:768} INFO - DAG(s) dict_keys(['example_xcom_args', 'example_xcom_args_with_operators']) retrieved from /home/airflow/.local/lib/python3.7/site-packages/airflow/example_dags/example_xcomargs.py
[2023-01-15T13:39:00.387+0000] {logging_mixin.py:117} INFO - [2023-01-15T13:39:00.387+0000] {dag.py:2573} INFO - Sync 2 DAGs
[2023-01-15T13:39:00.404+0000] {logging_mixin.py:117} INFO - [2023-01-15T13:39:00.404+0000] {dag.py:3328} INFO - Setting next_dagrun for example_xcom_args to None, run_after=None
[2023-01-15T13:39:00.407+0000] {logging_mixin.py:117} INFO - [2023-01-15T13:39:00.407+0000] {dag.py:3328} INFO - Setting next_dagrun for example_xcom_args_with_operators to None, run_after=None
[2023-01-15T13:39:00.417+0000] {processor.py:178} INFO - Processing /home/airflow/.local/lib/python3.7/site-packages/airflow/example_dags/example_xcomargs.py took 0.084 seconds
[2023-01-15T13:39:30.640+0000] {processor.py:156} INFO - Started process (PID=25336) to work on /home/airflow/.local/lib/python3.7/site-packages/airflow/example_dags/example_xcomargs.py
[2023-01-15T13:39:30.641+0000] {processor.py:758} INFO - Processing file /home/airflow/.local/lib/python3.7/site-packages/airflow/example_dags/example_xcomargs.py for tasks to queue
[2023-01-15T13:39:30.642+0000] {logging_mixin.py:117} INFO - [2023-01-15T13:39:30.642+0000] {dagbag.py:525} INFO - Filling up the DagBag from /home/airflow/.local/lib/python3.7/site-packages/airflow/example_dags/example_xcomargs.py
[2023-01-15T13:39:30.657+0000] {processor.py:768} INFO - DAG(s) dict_keys(['example_xcom_args', 'example_xcom_args_with_operators']) retrieved from /home/airflow/.local/lib/python3.7/site-packages/airflow/example_dags/example_xcomargs.py
[2023-01-15T13:39:30.687+0000] {logging_mixin.py:117} INFO - [2023-01-15T13:39:30.687+0000] {dag.py:2573} INFO - Sync 2 DAGs
[2023-01-15T13:39:30.702+0000] {logging_mixin.py:117} INFO - [2023-01-15T13:39:30.702+0000] {dag.py:3328} INFO - Setting next_dagrun for example_xcom_args to None, run_after=None
[2023-01-15T13:39:30.704+0000] {logging_mixin.py:117} INFO - [2023-01-15T13:39:30.704+0000] {dag.py:3328} INFO - Setting next_dagrun for example_xcom_args_with_operators to None, run_after=None
[2023-01-15T13:39:30.713+0000] {processor.py:178} INFO - Processing /home/airflow/.local/lib/python3.7/site-packages/airflow/example_dags/example_xcomargs.py took 0.076 seconds
[2023-01-15T13:40:01.074+0000] {processor.py:156} INFO - Started process (PID=25399) to work on /home/airflow/.local/lib/python3.7/site-packages/airflow/example_dags/example_xcomargs.py
[2023-01-15T13:40:01.075+0000] {processor.py:758} INFO - Processing file /home/airflow/.local/lib/python3.7/site-packages/airflow/example_dags/example_xcomargs.py for tasks to queue
[2023-01-15T13:40:01.076+0000] {logging_mixin.py:117} INFO - [2023-01-15T13:40:01.075+0000] {dagbag.py:525} INFO - Filling up the DagBag from /home/airflow/.local/lib/python3.7/site-packages/airflow/example_dags/example_xcomargs.py
[2023-01-15T13:40:01.091+0000] {processor.py:768} INFO - DAG(s) dict_keys(['example_xcom_args', 'example_xcom_args_with_operators']) retrieved from /home/airflow/.local/lib/python3.7/site-packages/airflow/example_dags/example_xcomargs.py
[2023-01-15T13:40:01.121+0000] {logging_mixin.py:117} INFO - [2023-01-15T13:40:01.121+0000] {dag.py:2573} INFO - Sync 2 DAGs
[2023-01-15T13:40:01.136+0000] {logging_mixin.py:117} INFO - [2023-01-15T13:40:01.136+0000] {dag.py:3328} INFO - Setting next_dagrun for example_xcom_args to None, run_after=None
[2023-01-15T13:40:01.139+0000] {logging_mixin.py:117} INFO - [2023-01-15T13:40:01.139+0000] {dag.py:3328} INFO - Setting next_dagrun for example_xcom_args_with_operators to None, run_after=None
[2023-01-15T13:40:01.148+0000] {processor.py:178} INFO - Processing /home/airflow/.local/lib/python3.7/site-packages/airflow/example_dags/example_xcomargs.py took 0.077 seconds
[2023-01-15T13:40:31.725+0000] {processor.py:156} INFO - Started process (PID=25462) to work on /home/airflow/.local/lib/python3.7/site-packages/airflow/example_dags/example_xcomargs.py
[2023-01-15T13:40:31.727+0000] {processor.py:758} INFO - Processing file /home/airflow/.local/lib/python3.7/site-packages/airflow/example_dags/example_xcomargs.py for tasks to queue
[2023-01-15T13:40:31.728+0000] {logging_mixin.py:117} INFO - [2023-01-15T13:40:31.728+0000] {dagbag.py:525} INFO - Filling up the DagBag from /home/airflow/.local/lib/python3.7/site-packages/airflow/example_dags/example_xcomargs.py
[2023-01-15T13:40:31.763+0000] {processor.py:768} INFO - DAG(s) dict_keys(['example_xcom_args', 'example_xcom_args_with_operators']) retrieved from /home/airflow/.local/lib/python3.7/site-packages/airflow/example_dags/example_xcomargs.py
[2023-01-15T13:40:31.799+0000] {logging_mixin.py:117} INFO - [2023-01-15T13:40:31.798+0000] {dag.py:2573} INFO - Sync 2 DAGs
[2023-01-15T13:40:31.818+0000] {logging_mixin.py:117} INFO - [2023-01-15T13:40:31.818+0000] {dag.py:3328} INFO - Setting next_dagrun for example_xcom_args to None, run_after=None
[2023-01-15T13:40:31.821+0000] {logging_mixin.py:117} INFO - [2023-01-15T13:40:31.820+0000] {dag.py:3328} INFO - Setting next_dagrun for example_xcom_args_with_operators to None, run_after=None
[2023-01-15T13:40:31.830+0000] {processor.py:178} INFO - Processing /home/airflow/.local/lib/python3.7/site-packages/airflow/example_dags/example_xcomargs.py took 0.110 seconds
[2023-01-15T13:41:02.012+0000] {processor.py:156} INFO - Started process (PID=25525) to work on /home/airflow/.local/lib/python3.7/site-packages/airflow/example_dags/example_xcomargs.py
[2023-01-15T13:41:02.013+0000] {processor.py:758} INFO - Processing file /home/airflow/.local/lib/python3.7/site-packages/airflow/example_dags/example_xcomargs.py for tasks to queue
[2023-01-15T13:41:02.014+0000] {logging_mixin.py:117} INFO - [2023-01-15T13:41:02.014+0000] {dagbag.py:525} INFO - Filling up the DagBag from /home/airflow/.local/lib/python3.7/site-packages/airflow/example_dags/example_xcomargs.py
[2023-01-15T13:41:02.030+0000] {processor.py:768} INFO - DAG(s) dict_keys(['example_xcom_args', 'example_xcom_args_with_operators']) retrieved from /home/airflow/.local/lib/python3.7/site-packages/airflow/example_dags/example_xcomargs.py
[2023-01-15T13:41:02.058+0000] {logging_mixin.py:117} INFO - [2023-01-15T13:41:02.058+0000] {dag.py:2573} INFO - Sync 2 DAGs
[2023-01-15T13:41:02.074+0000] {logging_mixin.py:117} INFO - [2023-01-15T13:41:02.074+0000] {dag.py:3328} INFO - Setting next_dagrun for example_xcom_args to None, run_after=None
[2023-01-15T13:41:02.076+0000] {logging_mixin.py:117} INFO - [2023-01-15T13:41:02.076+0000] {dag.py:3328} INFO - Setting next_dagrun for example_xcom_args_with_operators to None, run_after=None
[2023-01-15T13:41:02.085+0000] {processor.py:178} INFO - Processing /home/airflow/.local/lib/python3.7/site-packages/airflow/example_dags/example_xcomargs.py took 0.076 seconds
[2023-01-15T13:41:32.405+0000] {processor.py:156} INFO - Started process (PID=25588) to work on /home/airflow/.local/lib/python3.7/site-packages/airflow/example_dags/example_xcomargs.py
[2023-01-15T13:41:32.406+0000] {processor.py:758} INFO - Processing file /home/airflow/.local/lib/python3.7/site-packages/airflow/example_dags/example_xcomargs.py for tasks to queue
[2023-01-15T13:41:32.407+0000] {logging_mixin.py:117} INFO - [2023-01-15T13:41:32.407+0000] {dagbag.py:525} INFO - Filling up the DagBag from /home/airflow/.local/lib/python3.7/site-packages/airflow/example_dags/example_xcomargs.py
[2023-01-15T13:41:32.424+0000] {processor.py:768} INFO - DAG(s) dict_keys(['example_xcom_args', 'example_xcom_args_with_operators']) retrieved from /home/airflow/.local/lib/python3.7/site-packages/airflow/example_dags/example_xcomargs.py
[2023-01-15T13:41:32.452+0000] {logging_mixin.py:117} INFO - [2023-01-15T13:41:32.452+0000] {dag.py:2573} INFO - Sync 2 DAGs
[2023-01-15T13:41:32.466+0000] {logging_mixin.py:117} INFO - [2023-01-15T13:41:32.466+0000] {dag.py:3328} INFO - Setting next_dagrun for example_xcom_args to None, run_after=None
[2023-01-15T13:41:32.469+0000] {logging_mixin.py:117} INFO - [2023-01-15T13:41:32.469+0000] {dag.py:3328} INFO - Setting next_dagrun for example_xcom_args_with_operators to None, run_after=None
[2023-01-15T13:41:32.478+0000] {processor.py:178} INFO - Processing /home/airflow/.local/lib/python3.7/site-packages/airflow/example_dags/example_xcomargs.py took 0.077 seconds
[2023-01-15T13:42:02.758+0000] {processor.py:156} INFO - Started process (PID=25652) to work on /home/airflow/.local/lib/python3.7/site-packages/airflow/example_dags/example_xcomargs.py
[2023-01-15T13:42:02.759+0000] {processor.py:758} INFO - Processing file /home/airflow/.local/lib/python3.7/site-packages/airflow/example_dags/example_xcomargs.py for tasks to queue
[2023-01-15T13:42:02.760+0000] {logging_mixin.py:117} INFO - [2023-01-15T13:42:02.760+0000] {dagbag.py:525} INFO - Filling up the DagBag from /home/airflow/.local/lib/python3.7/site-packages/airflow/example_dags/example_xcomargs.py
[2023-01-15T13:42:02.776+0000] {processor.py:768} INFO - DAG(s) dict_keys(['example_xcom_args_with_operators', 'example_xcom_args']) retrieved from /home/airflow/.local/lib/python3.7/site-packages/airflow/example_dags/example_xcomargs.py
[2023-01-15T13:42:02.810+0000] {logging_mixin.py:117} INFO - [2023-01-15T13:42:02.809+0000] {dag.py:2573} INFO - Sync 2 DAGs
[2023-01-15T13:42:02.825+0000] {logging_mixin.py:117} INFO - [2023-01-15T13:42:02.824+0000] {dag.py:3328} INFO - Setting next_dagrun for example_xcom_args to None, run_after=None
[2023-01-15T13:42:02.827+0000] {logging_mixin.py:117} INFO - [2023-01-15T13:42:02.827+0000] {dag.py:3328} INFO - Setting next_dagrun for example_xcom_args_with_operators to None, run_after=None
[2023-01-15T13:42:02.836+0000] {processor.py:178} INFO - Processing /home/airflow/.local/lib/python3.7/site-packages/airflow/example_dags/example_xcomargs.py took 0.082 seconds
[2023-01-15T13:58:07.069+0000] {processor.py:156} INFO - Started process (PID=25706) to work on /home/airflow/.local/lib/python3.7/site-packages/airflow/example_dags/example_xcomargs.py
[2023-01-15T13:58:07.088+0000] {processor.py:758} INFO - Processing file /home/airflow/.local/lib/python3.7/site-packages/airflow/example_dags/example_xcomargs.py for tasks to queue
[2023-01-15T13:58:07.096+0000] {logging_mixin.py:117} INFO - [2023-01-15T13:58:07.096+0000] {dagbag.py:525} INFO - Filling up the DagBag from /home/airflow/.local/lib/python3.7/site-packages/airflow/example_dags/example_xcomargs.py
[2023-01-15T13:58:07.151+0000] {processor.py:768} INFO - DAG(s) dict_keys(['example_xcom_args', 'example_xcom_args_with_operators']) retrieved from /home/airflow/.local/lib/python3.7/site-packages/airflow/example_dags/example_xcomargs.py
[2023-01-15T13:58:07.425+0000] {logging_mixin.py:117} INFO - [2023-01-15T13:58:07.425+0000] {dag.py:2573} INFO - Sync 2 DAGs
[2023-01-15T13:58:07.475+0000] {logging_mixin.py:117} INFO - [2023-01-15T13:58:07.474+0000] {dag.py:3328} INFO - Setting next_dagrun for example_xcom_args to None, run_after=None
[2023-01-15T13:58:07.485+0000] {logging_mixin.py:117} INFO - [2023-01-15T13:58:07.485+0000] {dag.py:3328} INFO - Setting next_dagrun for example_xcom_args_with_operators to None, run_after=None
[2023-01-15T13:58:07.516+0000] {processor.py:178} INFO - Processing /home/airflow/.local/lib/python3.7/site-packages/airflow/example_dags/example_xcomargs.py took 0.450 seconds
[2023-01-15T14:09:08.688+0000] {processor.py:156} INFO - Started process (PID=25769) to work on /home/airflow/.local/lib/python3.7/site-packages/airflow/example_dags/example_xcomargs.py
[2023-01-15T14:09:08.690+0000] {processor.py:758} INFO - Processing file /home/airflow/.local/lib/python3.7/site-packages/airflow/example_dags/example_xcomargs.py for tasks to queue
[2023-01-15T14:09:08.691+0000] {logging_mixin.py:117} INFO - [2023-01-15T14:09:08.691+0000] {dagbag.py:525} INFO - Filling up the DagBag from /home/airflow/.local/lib/python3.7/site-packages/airflow/example_dags/example_xcomargs.py
[2023-01-15T14:09:08.718+0000] {processor.py:768} INFO - DAG(s) dict_keys(['example_xcom_args', 'example_xcom_args_with_operators']) retrieved from /home/airflow/.local/lib/python3.7/site-packages/airflow/example_dags/example_xcomargs.py
[2023-01-15T14:09:08.772+0000] {logging_mixin.py:117} INFO - [2023-01-15T14:09:08.772+0000] {dag.py:2573} INFO - Sync 2 DAGs
[2023-01-15T14:09:08.793+0000] {logging_mixin.py:117} INFO - [2023-01-15T14:09:08.793+0000] {dag.py:3328} INFO - Setting next_dagrun for example_xcom_args to None, run_after=None
[2023-01-15T14:09:08.796+0000] {logging_mixin.py:117} INFO - [2023-01-15T14:09:08.796+0000] {dag.py:3328} INFO - Setting next_dagrun for example_xcom_args_with_operators to None, run_after=None
[2023-01-15T14:09:08.810+0000] {processor.py:178} INFO - Processing /home/airflow/.local/lib/python3.7/site-packages/airflow/example_dags/example_xcomargs.py took 0.124 seconds
[2023-01-15T14:09:38.895+0000] {processor.py:156} INFO - Started process (PID=25832) to work on /home/airflow/.local/lib/python3.7/site-packages/airflow/example_dags/example_xcomargs.py
[2023-01-15T14:09:38.897+0000] {processor.py:758} INFO - Processing file /home/airflow/.local/lib/python3.7/site-packages/airflow/example_dags/example_xcomargs.py for tasks to queue
[2023-01-15T14:09:38.898+0000] {logging_mixin.py:117} INFO - [2023-01-15T14:09:38.898+0000] {dagbag.py:525} INFO - Filling up the DagBag from /home/airflow/.local/lib/python3.7/site-packages/airflow/example_dags/example_xcomargs.py
[2023-01-15T14:09:38.918+0000] {processor.py:768} INFO - DAG(s) dict_keys(['example_xcom_args_with_operators', 'example_xcom_args']) retrieved from /home/airflow/.local/lib/python3.7/site-packages/airflow/example_dags/example_xcomargs.py
[2023-01-15T14:09:38.950+0000] {logging_mixin.py:117} INFO - [2023-01-15T14:09:38.950+0000] {dag.py:2573} INFO - Sync 2 DAGs
[2023-01-15T14:09:38.965+0000] {logging_mixin.py:117} INFO - [2023-01-15T14:09:38.965+0000] {dag.py:3328} INFO - Setting next_dagrun for example_xcom_args to None, run_after=None
[2023-01-15T14:09:38.972+0000] {logging_mixin.py:117} INFO - [2023-01-15T14:09:38.972+0000] {dag.py:3328} INFO - Setting next_dagrun for example_xcom_args_with_operators to None, run_after=None
[2023-01-15T14:09:38.982+0000] {processor.py:178} INFO - Processing /home/airflow/.local/lib/python3.7/site-packages/airflow/example_dags/example_xcomargs.py took 0.089 seconds
[2023-01-15T14:59:14.521+0000] {processor.py:156} INFO - Started process (PID=25896) to work on /home/airflow/.local/lib/python3.7/site-packages/airflow/example_dags/example_xcomargs.py
[2023-01-15T14:59:14.522+0000] {processor.py:758} INFO - Processing file /home/airflow/.local/lib/python3.7/site-packages/airflow/example_dags/example_xcomargs.py for tasks to queue
[2023-01-15T14:59:14.523+0000] {logging_mixin.py:117} INFO - [2023-01-15T14:59:14.523+0000] {dagbag.py:525} INFO - Filling up the DagBag from /home/airflow/.local/lib/python3.7/site-packages/airflow/example_dags/example_xcomargs.py
[2023-01-15T14:59:14.553+0000] {processor.py:768} INFO - DAG(s) dict_keys(['example_xcom_args', 'example_xcom_args_with_operators']) retrieved from /home/airflow/.local/lib/python3.7/site-packages/airflow/example_dags/example_xcomargs.py
[2023-01-15T14:59:14.616+0000] {logging_mixin.py:117} INFO - [2023-01-15T14:59:14.615+0000] {dag.py:2573} INFO - Sync 2 DAGs
[2023-01-15T14:59:14.652+0000] {logging_mixin.py:117} INFO - [2023-01-15T14:59:14.652+0000] {dag.py:3328} INFO - Setting next_dagrun for example_xcom_args to None, run_after=None
[2023-01-15T14:59:14.659+0000] {logging_mixin.py:117} INFO - [2023-01-15T14:59:14.659+0000] {dag.py:3328} INFO - Setting next_dagrun for example_xcom_args_with_operators to None, run_after=None
[2023-01-15T14:59:14.679+0000] {processor.py:178} INFO - Processing /home/airflow/.local/lib/python3.7/site-packages/airflow/example_dags/example_xcomargs.py took 0.161 seconds
[2023-01-15T16:21:36.581+0000] {processor.py:156} INFO - Started process (PID=25950) to work on /home/airflow/.local/lib/python3.7/site-packages/airflow/example_dags/example_xcomargs.py
[2023-01-15T16:21:36.583+0000] {processor.py:758} INFO - Processing file /home/airflow/.local/lib/python3.7/site-packages/airflow/example_dags/example_xcomargs.py for tasks to queue
[2023-01-15T16:21:36.585+0000] {logging_mixin.py:117} INFO - [2023-01-15T16:21:36.585+0000] {dagbag.py:525} INFO - Filling up the DagBag from /home/airflow/.local/lib/python3.7/site-packages/airflow/example_dags/example_xcomargs.py
[2023-01-15T16:21:36.624+0000] {processor.py:768} INFO - DAG(s) dict_keys(['example_xcom_args_with_operators', 'example_xcom_args']) retrieved from /home/airflow/.local/lib/python3.7/site-packages/airflow/example_dags/example_xcomargs.py
[2023-01-15T16:21:36.683+0000] {logging_mixin.py:117} INFO - [2023-01-15T16:21:36.683+0000] {dag.py:2573} INFO - Sync 2 DAGs
[2023-01-15T16:21:36.714+0000] {logging_mixin.py:117} INFO - [2023-01-15T16:21:36.714+0000] {dag.py:3328} INFO - Setting next_dagrun for example_xcom_args to None, run_after=None
[2023-01-15T16:21:36.731+0000] {logging_mixin.py:117} INFO - [2023-01-15T16:21:36.731+0000] {dag.py:3328} INFO - Setting next_dagrun for example_xcom_args_with_operators to None, run_after=None
[2023-01-15T16:21:36.764+0000] {processor.py:178} INFO - Processing /home/airflow/.local/lib/python3.7/site-packages/airflow/example_dags/example_xcomargs.py took 0.194 seconds
[2023-01-15T17:27:04.485+0000] {processor.py:156} INFO - Started process (PID=26013) to work on /home/airflow/.local/lib/python3.7/site-packages/airflow/example_dags/example_xcomargs.py
[2023-01-15T17:27:04.537+0000] {processor.py:758} INFO - Processing file /home/airflow/.local/lib/python3.7/site-packages/airflow/example_dags/example_xcomargs.py for tasks to queue
[2023-01-15T17:27:04.543+0000] {logging_mixin.py:117} INFO - [2023-01-15T17:27:04.543+0000] {dagbag.py:525} INFO - Filling up the DagBag from /home/airflow/.local/lib/python3.7/site-packages/airflow/example_dags/example_xcomargs.py
[2023-01-15T17:27:04.567+0000] {processor.py:768} INFO - DAG(s) dict_keys(['example_xcom_args', 'example_xcom_args_with_operators']) retrieved from /home/airflow/.local/lib/python3.7/site-packages/airflow/example_dags/example_xcomargs.py
[2023-01-15T17:27:04.630+0000] {logging_mixin.py:117} INFO - [2023-01-15T17:27:04.630+0000] {dag.py:2573} INFO - Sync 2 DAGs
[2023-01-15T17:27:04.710+0000] {logging_mixin.py:117} INFO - [2023-01-15T17:27:04.709+0000] {dag.py:3328} INFO - Setting next_dagrun for example_xcom_args to None, run_after=None
[2023-01-15T17:27:04.715+0000] {logging_mixin.py:117} INFO - [2023-01-15T17:27:04.715+0000] {dag.py:3328} INFO - Setting next_dagrun for example_xcom_args_with_operators to None, run_after=None
[2023-01-15T17:27:04.734+0000] {processor.py:178} INFO - Processing /home/airflow/.local/lib/python3.7/site-packages/airflow/example_dags/example_xcomargs.py took 0.254 seconds
[2023-01-15T18:23:37.196+0000] {processor.py:156} INFO - Started process (PID=26076) to work on /home/airflow/.local/lib/python3.7/site-packages/airflow/example_dags/example_xcomargs.py
[2023-01-15T18:23:37.199+0000] {processor.py:758} INFO - Processing file /home/airflow/.local/lib/python3.7/site-packages/airflow/example_dags/example_xcomargs.py for tasks to queue
[2023-01-15T18:23:37.200+0000] {logging_mixin.py:117} INFO - [2023-01-15T18:23:37.200+0000] {dagbag.py:525} INFO - Filling up the DagBag from /home/airflow/.local/lib/python3.7/site-packages/airflow/example_dags/example_xcomargs.py
[2023-01-15T18:23:37.235+0000] {processor.py:768} INFO - DAG(s) dict_keys(['example_xcom_args', 'example_xcom_args_with_operators']) retrieved from /home/airflow/.local/lib/python3.7/site-packages/airflow/example_dags/example_xcomargs.py
[2023-01-15T18:23:37.294+0000] {logging_mixin.py:117} INFO - [2023-01-15T18:23:37.294+0000] {dag.py:2573} INFO - Sync 2 DAGs
[2023-01-15T18:23:37.320+0000] {logging_mixin.py:117} INFO - [2023-01-15T18:23:37.320+0000] {dag.py:3328} INFO - Setting next_dagrun for example_xcom_args to None, run_after=None
[2023-01-15T18:23:37.324+0000] {logging_mixin.py:117} INFO - [2023-01-15T18:23:37.324+0000] {dag.py:3328} INFO - Setting next_dagrun for example_xcom_args_with_operators to None, run_after=None
[2023-01-15T18:23:37.339+0000] {processor.py:178} INFO - Processing /home/airflow/.local/lib/python3.7/site-packages/airflow/example_dags/example_xcomargs.py took 0.146 seconds
[2023-01-15T19:46:55.284+0000] {processor.py:156} INFO - Started process (PID=26130) to work on /home/airflow/.local/lib/python3.7/site-packages/airflow/example_dags/example_xcomargs.py
[2023-01-15T19:46:55.286+0000] {processor.py:758} INFO - Processing file /home/airflow/.local/lib/python3.7/site-packages/airflow/example_dags/example_xcomargs.py for tasks to queue
[2023-01-15T19:46:55.287+0000] {logging_mixin.py:117} INFO - [2023-01-15T19:46:55.287+0000] {dagbag.py:525} INFO - Filling up the DagBag from /home/airflow/.local/lib/python3.7/site-packages/airflow/example_dags/example_xcomargs.py
[2023-01-15T19:46:55.316+0000] {processor.py:768} INFO - DAG(s) dict_keys(['example_xcom_args', 'example_xcom_args_with_operators']) retrieved from /home/airflow/.local/lib/python3.7/site-packages/airflow/example_dags/example_xcomargs.py
[2023-01-15T19:46:55.374+0000] {logging_mixin.py:117} INFO - [2023-01-15T19:46:55.374+0000] {dag.py:2573} INFO - Sync 2 DAGs
[2023-01-15T19:46:55.408+0000] {logging_mixin.py:117} INFO - [2023-01-15T19:46:55.408+0000] {dag.py:3328} INFO - Setting next_dagrun for example_xcom_args to None, run_after=None
[2023-01-15T19:46:55.414+0000] {logging_mixin.py:117} INFO - [2023-01-15T19:46:55.414+0000] {dag.py:3328} INFO - Setting next_dagrun for example_xcom_args_with_operators to None, run_after=None
[2023-01-15T19:46:55.431+0000] {processor.py:178} INFO - Processing /home/airflow/.local/lib/python3.7/site-packages/airflow/example_dags/example_xcomargs.py took 0.150 seconds
[2023-01-15T20:53:30.063+0000] {processor.py:156} INFO - Started process (PID=26192) to work on /home/airflow/.local/lib/python3.7/site-packages/airflow/example_dags/example_xcomargs.py
[2023-01-15T20:53:30.065+0000] {processor.py:758} INFO - Processing file /home/airflow/.local/lib/python3.7/site-packages/airflow/example_dags/example_xcomargs.py for tasks to queue
[2023-01-15T20:53:30.070+0000] {logging_mixin.py:117} INFO - [2023-01-15T20:53:30.070+0000] {dagbag.py:525} INFO - Filling up the DagBag from /home/airflow/.local/lib/python3.7/site-packages/airflow/example_dags/example_xcomargs.py
[2023-01-15T20:53:30.105+0000] {processor.py:768} INFO - DAG(s) dict_keys(['example_xcom_args', 'example_xcom_args_with_operators']) retrieved from /home/airflow/.local/lib/python3.7/site-packages/airflow/example_dags/example_xcomargs.py
[2023-01-15T20:53:30.168+0000] {logging_mixin.py:117} INFO - [2023-01-15T20:53:30.168+0000] {dag.py:2573} INFO - Sync 2 DAGs
[2023-01-15T20:53:30.193+0000] {logging_mixin.py:117} INFO - [2023-01-15T20:53:30.193+0000] {dag.py:3328} INFO - Setting next_dagrun for example_xcom_args to None, run_after=None
[2023-01-15T20:53:30.199+0000] {logging_mixin.py:117} INFO - [2023-01-15T20:53:30.199+0000] {dag.py:3328} INFO - Setting next_dagrun for example_xcom_args_with_operators to None, run_after=None
[2023-01-15T20:53:30.222+0000] {processor.py:178} INFO - Processing /home/airflow/.local/lib/python3.7/site-packages/airflow/example_dags/example_xcomargs.py took 0.170 seconds
[2023-01-15T21:52:33.460+0000] {processor.py:156} INFO - Started process (PID=26255) to work on /home/airflow/.local/lib/python3.7/site-packages/airflow/example_dags/example_xcomargs.py
[2023-01-15T21:52:33.461+0000] {processor.py:758} INFO - Processing file /home/airflow/.local/lib/python3.7/site-packages/airflow/example_dags/example_xcomargs.py for tasks to queue
[2023-01-15T21:52:33.467+0000] {logging_mixin.py:117} INFO - [2023-01-15T21:52:33.467+0000] {dagbag.py:525} INFO - Filling up the DagBag from /home/airflow/.local/lib/python3.7/site-packages/airflow/example_dags/example_xcomargs.py
[2023-01-15T21:52:33.497+0000] {processor.py:768} INFO - DAG(s) dict_keys(['example_xcom_args', 'example_xcom_args_with_operators']) retrieved from /home/airflow/.local/lib/python3.7/site-packages/airflow/example_dags/example_xcomargs.py
[2023-01-15T21:52:33.560+0000] {logging_mixin.py:117} INFO - [2023-01-15T21:52:33.560+0000] {dag.py:2573} INFO - Sync 2 DAGs
[2023-01-15T21:52:33.584+0000] {logging_mixin.py:117} INFO - [2023-01-15T21:52:33.584+0000] {dag.py:3328} INFO - Setting next_dagrun for example_xcom_args to None, run_after=None
[2023-01-15T21:52:33.587+0000] {logging_mixin.py:117} INFO - [2023-01-15T21:52:33.587+0000] {dag.py:3328} INFO - Setting next_dagrun for example_xcom_args_with_operators to None, run_after=None
[2023-01-15T21:52:33.604+0000] {processor.py:178} INFO - Processing /home/airflow/.local/lib/python3.7/site-packages/airflow/example_dags/example_xcomargs.py took 0.147 seconds
[2023-01-15T23:15:51.651+0000] {processor.py:156} INFO - Started process (PID=26318) to work on /home/airflow/.local/lib/python3.7/site-packages/airflow/example_dags/example_xcomargs.py
[2023-01-15T23:15:51.653+0000] {processor.py:758} INFO - Processing file /home/airflow/.local/lib/python3.7/site-packages/airflow/example_dags/example_xcomargs.py for tasks to queue
[2023-01-15T23:15:51.654+0000] {logging_mixin.py:117} INFO - [2023-01-15T23:15:51.654+0000] {dagbag.py:525} INFO - Filling up the DagBag from /home/airflow/.local/lib/python3.7/site-packages/airflow/example_dags/example_xcomargs.py
[2023-01-15T23:15:51.697+0000] {processor.py:768} INFO - DAG(s) dict_keys(['example_xcom_args_with_operators', 'example_xcom_args']) retrieved from /home/airflow/.local/lib/python3.7/site-packages/airflow/example_dags/example_xcomargs.py
[2023-01-15T23:15:51.809+0000] {logging_mixin.py:117} INFO - [2023-01-15T23:15:51.809+0000] {dag.py:2573} INFO - Sync 2 DAGs
[2023-01-15T23:15:51.849+0000] {logging_mixin.py:117} INFO - [2023-01-15T23:15:51.848+0000] {dag.py:3328} INFO - Setting next_dagrun for example_xcom_args to None, run_after=None
[2023-01-15T23:15:51.853+0000] {logging_mixin.py:117} INFO - [2023-01-15T23:15:51.853+0000] {dag.py:3328} INFO - Setting next_dagrun for example_xcom_args_with_operators to None, run_after=None
[2023-01-15T23:15:51.872+0000] {processor.py:178} INFO - Processing /home/airflow/.local/lib/python3.7/site-packages/airflow/example_dags/example_xcomargs.py took 0.225 seconds
