[2023-01-15T00:38:58.632+0000] {processor.py:156} INFO - Started process (PID=24104) to work on /home/airflow/.local/lib/python3.7/site-packages/airflow/example_dags/example_latest_only_with_trigger.py
[2023-01-15T00:38:58.635+0000] {processor.py:758} INFO - Processing file /home/airflow/.local/lib/python3.7/site-packages/airflow/example_dags/example_latest_only_with_trigger.py for tasks to queue
[2023-01-15T00:38:58.637+0000] {logging_mixin.py:117} INFO - [2023-01-15T00:38:58.637+0000] {dagbag.py:525} INFO - Filling up the DagBag from /home/airflow/.local/lib/python3.7/site-packages/airflow/example_dags/example_latest_only_with_trigger.py
[2023-01-15T00:38:58.669+0000] {processor.py:768} INFO - DAG(s) dict_keys(['latest_only_with_trigger']) retrieved from /home/airflow/.local/lib/python3.7/site-packages/airflow/example_dags/example_latest_only_with_trigger.py
[2023-01-15T00:38:58.748+0000] {logging_mixin.py:117} INFO - [2023-01-15T00:38:58.747+0000] {dag.py:2573} INFO - Sync 1 DAGs
[2023-01-15T00:38:58.780+0000] {logging_mixin.py:117} INFO - [2023-01-15T00:38:58.779+0000] {dag.py:3328} INFO - Setting next_dagrun for latest_only_with_trigger to 2023-01-14T20:38:58.779439+00:00, run_after=2023-01-15T00:38:58.779439+00:00
[2023-01-15T00:38:58.806+0000] {processor.py:178} INFO - Processing /home/airflow/.local/lib/python3.7/site-packages/airflow/example_dags/example_latest_only_with_trigger.py took 0.185 seconds
[2023-01-15T01:44:16.425+0000] {processor.py:156} INFO - Started process (PID=24167) to work on /home/airflow/.local/lib/python3.7/site-packages/airflow/example_dags/example_latest_only_with_trigger.py
[2023-01-15T01:44:16.427+0000] {processor.py:758} INFO - Processing file /home/airflow/.local/lib/python3.7/site-packages/airflow/example_dags/example_latest_only_with_trigger.py for tasks to queue
[2023-01-15T01:44:16.428+0000] {logging_mixin.py:117} INFO - [2023-01-15T01:44:16.428+0000] {dagbag.py:525} INFO - Filling up the DagBag from /home/airflow/.local/lib/python3.7/site-packages/airflow/example_dags/example_latest_only_with_trigger.py
[2023-01-15T01:44:16.444+0000] {processor.py:768} INFO - DAG(s) dict_keys(['latest_only_with_trigger']) retrieved from /home/airflow/.local/lib/python3.7/site-packages/airflow/example_dags/example_latest_only_with_trigger.py
[2023-01-15T01:44:16.499+0000] {logging_mixin.py:117} INFO - [2023-01-15T01:44:16.499+0000] {dag.py:2573} INFO - Sync 1 DAGs
[2023-01-15T01:44:16.595+0000] {logging_mixin.py:117} INFO - [2023-01-15T01:44:16.595+0000] {dag.py:3328} INFO - Setting next_dagrun for latest_only_with_trigger to 2023-01-14T21:44:16.594439+00:00, run_after=2023-01-15T01:44:16.594439+00:00
[2023-01-15T01:44:16.675+0000] {processor.py:178} INFO - Processing /home/airflow/.local/lib/python3.7/site-packages/airflow/example_dags/example_latest_only_with_trigger.py took 0.255 seconds
[2023-01-15T02:15:45.702+0000] {processor.py:156} INFO - Started process (PID=24221) to work on /home/airflow/.local/lib/python3.7/site-packages/airflow/example_dags/example_latest_only_with_trigger.py
[2023-01-15T02:15:45.703+0000] {processor.py:758} INFO - Processing file /home/airflow/.local/lib/python3.7/site-packages/airflow/example_dags/example_latest_only_with_trigger.py for tasks to queue
[2023-01-15T02:15:45.703+0000] {logging_mixin.py:117} INFO - [2023-01-15T02:15:45.703+0000] {dagbag.py:525} INFO - Filling up the DagBag from /home/airflow/.local/lib/python3.7/site-packages/airflow/example_dags/example_latest_only_with_trigger.py
[2023-01-15T02:15:45.712+0000] {processor.py:768} INFO - DAG(s) dict_keys(['latest_only_with_trigger']) retrieved from /home/airflow/.local/lib/python3.7/site-packages/airflow/example_dags/example_latest_only_with_trigger.py
[2023-01-15T02:15:45.737+0000] {logging_mixin.py:117} INFO - [2023-01-15T02:15:45.737+0000] {dag.py:2573} INFO - Sync 1 DAGs
[2023-01-15T02:15:45.751+0000] {logging_mixin.py:117} INFO - [2023-01-15T02:15:45.751+0000] {dag.py:3328} INFO - Setting next_dagrun for latest_only_with_trigger to 2023-01-14T22:15:45.750953+00:00, run_after=2023-01-15T02:15:45.750953+00:00
[2023-01-15T02:15:45.762+0000] {processor.py:178} INFO - Processing /home/airflow/.local/lib/python3.7/site-packages/airflow/example_dags/example_latest_only_with_trigger.py took 0.063 seconds
[2023-01-15T02:16:16.408+0000] {processor.py:156} INFO - Started process (PID=24284) to work on /home/airflow/.local/lib/python3.7/site-packages/airflow/example_dags/example_latest_only_with_trigger.py
[2023-01-15T02:16:16.409+0000] {processor.py:758} INFO - Processing file /home/airflow/.local/lib/python3.7/site-packages/airflow/example_dags/example_latest_only_with_trigger.py for tasks to queue
[2023-01-15T02:16:16.410+0000] {logging_mixin.py:117} INFO - [2023-01-15T02:16:16.410+0000] {dagbag.py:525} INFO - Filling up the DagBag from /home/airflow/.local/lib/python3.7/site-packages/airflow/example_dags/example_latest_only_with_trigger.py
[2023-01-15T02:16:16.419+0000] {processor.py:768} INFO - DAG(s) dict_keys(['latest_only_with_trigger']) retrieved from /home/airflow/.local/lib/python3.7/site-packages/airflow/example_dags/example_latest_only_with_trigger.py
[2023-01-15T02:16:16.447+0000] {logging_mixin.py:117} INFO - [2023-01-15T02:16:16.447+0000] {dag.py:2573} INFO - Sync 1 DAGs
[2023-01-15T02:16:16.460+0000] {logging_mixin.py:117} INFO - [2023-01-15T02:16:16.460+0000] {dag.py:3328} INFO - Setting next_dagrun for latest_only_with_trigger to 2023-01-14T22:16:16.460159+00:00, run_after=2023-01-15T02:16:16.460159+00:00
[2023-01-15T02:16:16.470+0000] {processor.py:178} INFO - Processing /home/airflow/.local/lib/python3.7/site-packages/airflow/example_dags/example_latest_only_with_trigger.py took 0.064 seconds
[2023-01-15T02:49:42.991+0000] {processor.py:156} INFO - Started process (PID=24347) to work on /home/airflow/.local/lib/python3.7/site-packages/airflow/example_dags/example_latest_only_with_trigger.py
[2023-01-15T02:49:42.993+0000] {processor.py:758} INFO - Processing file /home/airflow/.local/lib/python3.7/site-packages/airflow/example_dags/example_latest_only_with_trigger.py for tasks to queue
[2023-01-15T02:49:42.994+0000] {logging_mixin.py:117} INFO - [2023-01-15T02:49:42.994+0000] {dagbag.py:525} INFO - Filling up the DagBag from /home/airflow/.local/lib/python3.7/site-packages/airflow/example_dags/example_latest_only_with_trigger.py
[2023-01-15T02:49:43.019+0000] {processor.py:768} INFO - DAG(s) dict_keys(['latest_only_with_trigger']) retrieved from /home/airflow/.local/lib/python3.7/site-packages/airflow/example_dags/example_latest_only_with_trigger.py
[2023-01-15T02:49:43.067+0000] {logging_mixin.py:117} INFO - [2023-01-15T02:49:43.067+0000] {dag.py:2573} INFO - Sync 1 DAGs
[2023-01-15T02:49:43.089+0000] {logging_mixin.py:117} INFO - [2023-01-15T02:49:43.089+0000] {dag.py:3328} INFO - Setting next_dagrun for latest_only_with_trigger to 2023-01-14T22:49:43.088816+00:00, run_after=2023-01-15T02:49:43.088816+00:00
[2023-01-15T02:49:43.118+0000] {processor.py:178} INFO - Processing /home/airflow/.local/lib/python3.7/site-packages/airflow/example_dags/example_latest_only_with_trigger.py took 0.134 seconds
[2023-01-15T04:11:01.483+0000] {processor.py:156} INFO - Started process (PID=24410) to work on /home/airflow/.local/lib/python3.7/site-packages/airflow/example_dags/example_latest_only_with_trigger.py
[2023-01-15T04:11:01.487+0000] {processor.py:758} INFO - Processing file /home/airflow/.local/lib/python3.7/site-packages/airflow/example_dags/example_latest_only_with_trigger.py for tasks to queue
[2023-01-15T04:11:01.488+0000] {logging_mixin.py:117} INFO - [2023-01-15T04:11:01.488+0000] {dagbag.py:525} INFO - Filling up the DagBag from /home/airflow/.local/lib/python3.7/site-packages/airflow/example_dags/example_latest_only_with_trigger.py
[2023-01-15T04:11:01.518+0000] {processor.py:768} INFO - DAG(s) dict_keys(['latest_only_with_trigger']) retrieved from /home/airflow/.local/lib/python3.7/site-packages/airflow/example_dags/example_latest_only_with_trigger.py
[2023-01-15T04:11:01.569+0000] {logging_mixin.py:117} INFO - [2023-01-15T04:11:01.569+0000] {dag.py:2573} INFO - Sync 1 DAGs
[2023-01-15T04:11:01.590+0000] {logging_mixin.py:117} INFO - [2023-01-15T04:11:01.590+0000] {dag.py:3328} INFO - Setting next_dagrun for latest_only_with_trigger to 2023-01-15T00:11:01.590299+00:00, run_after=2023-01-15T04:11:01.590299+00:00
[2023-01-15T04:11:01.615+0000] {processor.py:178} INFO - Processing /home/airflow/.local/lib/python3.7/site-packages/airflow/example_dags/example_latest_only_with_trigger.py took 0.145 seconds
[2023-01-15T05:08:49.604+0000] {processor.py:156} INFO - Started process (PID=24474) to work on /home/airflow/.local/lib/python3.7/site-packages/airflow/example_dags/example_latest_only_with_trigger.py
[2023-01-15T05:08:49.606+0000] {processor.py:758} INFO - Processing file /home/airflow/.local/lib/python3.7/site-packages/airflow/example_dags/example_latest_only_with_trigger.py for tasks to queue
[2023-01-15T05:08:49.607+0000] {logging_mixin.py:117} INFO - [2023-01-15T05:08:49.607+0000] {dagbag.py:525} INFO - Filling up the DagBag from /home/airflow/.local/lib/python3.7/site-packages/airflow/example_dags/example_latest_only_with_trigger.py
[2023-01-15T05:08:49.630+0000] {processor.py:768} INFO - DAG(s) dict_keys(['latest_only_with_trigger']) retrieved from /home/airflow/.local/lib/python3.7/site-packages/airflow/example_dags/example_latest_only_with_trigger.py
[2023-01-15T05:08:49.724+0000] {logging_mixin.py:117} INFO - [2023-01-15T05:08:49.724+0000] {dag.py:2573} INFO - Sync 1 DAGs
[2023-01-15T05:08:49.787+0000] {logging_mixin.py:117} INFO - [2023-01-15T05:08:49.787+0000] {dag.py:3328} INFO - Setting next_dagrun for latest_only_with_trigger to 2023-01-15T01:08:49.786784+00:00, run_after=2023-01-15T05:08:49.786784+00:00
[2023-01-15T05:08:49.819+0000] {processor.py:178} INFO - Processing /home/airflow/.local/lib/python3.7/site-packages/airflow/example_dags/example_latest_only_with_trigger.py took 0.222 seconds
[2023-01-15T06:14:17.863+0000] {processor.py:156} INFO - Started process (PID=24528) to work on /home/airflow/.local/lib/python3.7/site-packages/airflow/example_dags/example_latest_only_with_trigger.py
[2023-01-15T06:14:17.865+0000] {processor.py:758} INFO - Processing file /home/airflow/.local/lib/python3.7/site-packages/airflow/example_dags/example_latest_only_with_trigger.py for tasks to queue
[2023-01-15T06:14:17.866+0000] {logging_mixin.py:117} INFO - [2023-01-15T06:14:17.866+0000] {dagbag.py:525} INFO - Filling up the DagBag from /home/airflow/.local/lib/python3.7/site-packages/airflow/example_dags/example_latest_only_with_trigger.py
[2023-01-15T06:14:17.887+0000] {processor.py:768} INFO - DAG(s) dict_keys(['latest_only_with_trigger']) retrieved from /home/airflow/.local/lib/python3.7/site-packages/airflow/example_dags/example_latest_only_with_trigger.py
[2023-01-15T06:14:17.967+0000] {logging_mixin.py:117} INFO - [2023-01-15T06:14:17.967+0000] {dag.py:2573} INFO - Sync 1 DAGs
[2023-01-15T06:14:17.994+0000] {logging_mixin.py:117} INFO - [2023-01-15T06:14:17.994+0000] {dag.py:3328} INFO - Setting next_dagrun for latest_only_with_trigger to 2023-01-15T02:14:17.994152+00:00, run_after=2023-01-15T06:14:17.994152+00:00
[2023-01-15T06:14:18.018+0000] {processor.py:178} INFO - Processing /home/airflow/.local/lib/python3.7/site-packages/airflow/example_dags/example_latest_only_with_trigger.py took 0.159 seconds
[2023-01-15T06:57:23.785+0000] {processor.py:156} INFO - Started process (PID=24591) to work on /home/airflow/.local/lib/python3.7/site-packages/airflow/example_dags/example_latest_only_with_trigger.py
[2023-01-15T06:57:23.787+0000] {processor.py:758} INFO - Processing file /home/airflow/.local/lib/python3.7/site-packages/airflow/example_dags/example_latest_only_with_trigger.py for tasks to queue
[2023-01-15T06:57:23.788+0000] {logging_mixin.py:117} INFO - [2023-01-15T06:57:23.788+0000] {dagbag.py:525} INFO - Filling up the DagBag from /home/airflow/.local/lib/python3.7/site-packages/airflow/example_dags/example_latest_only_with_trigger.py
[2023-01-15T06:57:23.811+0000] {processor.py:768} INFO - DAG(s) dict_keys(['latest_only_with_trigger']) retrieved from /home/airflow/.local/lib/python3.7/site-packages/airflow/example_dags/example_latest_only_with_trigger.py
[2023-01-15T06:57:23.862+0000] {logging_mixin.py:117} INFO - [2023-01-15T06:57:23.861+0000] {dag.py:2573} INFO - Sync 1 DAGs
[2023-01-15T06:57:23.892+0000] {logging_mixin.py:117} INFO - [2023-01-15T06:57:23.892+0000] {dag.py:3328} INFO - Setting next_dagrun for latest_only_with_trigger to 2023-01-15T02:57:23.892334+00:00, run_after=2023-01-15T06:57:23.892334+00:00
[2023-01-15T06:57:23.912+0000] {processor.py:178} INFO - Processing /home/airflow/.local/lib/python3.7/site-packages/airflow/example_dags/example_latest_only_with_trigger.py took 0.129 seconds
[2023-01-15T08:03:15.429+0000] {processor.py:156} INFO - Started process (PID=24654) to work on /home/airflow/.local/lib/python3.7/site-packages/airflow/example_dags/example_latest_only_with_trigger.py
[2023-01-15T08:03:15.431+0000] {processor.py:758} INFO - Processing file /home/airflow/.local/lib/python3.7/site-packages/airflow/example_dags/example_latest_only_with_trigger.py for tasks to queue
[2023-01-15T08:03:15.432+0000] {logging_mixin.py:117} INFO - [2023-01-15T08:03:15.432+0000] {dagbag.py:525} INFO - Filling up the DagBag from /home/airflow/.local/lib/python3.7/site-packages/airflow/example_dags/example_latest_only_with_trigger.py
[2023-01-15T08:03:15.458+0000] {processor.py:768} INFO - DAG(s) dict_keys(['latest_only_with_trigger']) retrieved from /home/airflow/.local/lib/python3.7/site-packages/airflow/example_dags/example_latest_only_with_trigger.py
[2023-01-15T08:03:15.523+0000] {logging_mixin.py:117} INFO - [2023-01-15T08:03:15.523+0000] {dag.py:2573} INFO - Sync 1 DAGs
[2023-01-15T08:03:15.554+0000] {logging_mixin.py:117} INFO - [2023-01-15T08:03:15.553+0000] {dag.py:3328} INFO - Setting next_dagrun for latest_only_with_trigger to 2023-01-15T04:03:15.553731+00:00, run_after=2023-01-15T08:03:15.553731+00:00
[2023-01-15T08:03:15.566+0000] {processor.py:178} INFO - Processing /home/airflow/.local/lib/python3.7/site-packages/airflow/example_dags/example_latest_only_with_trigger.py took 0.142 seconds
[2023-01-15T09:11:05.457+0000] {processor.py:156} INFO - Started process (PID=24718) to work on /home/airflow/.local/lib/python3.7/site-packages/airflow/example_dags/example_latest_only_with_trigger.py
[2023-01-15T09:11:05.463+0000] {processor.py:758} INFO - Processing file /home/airflow/.local/lib/python3.7/site-packages/airflow/example_dags/example_latest_only_with_trigger.py for tasks to queue
[2023-01-15T09:11:05.466+0000] {logging_mixin.py:117} INFO - [2023-01-15T09:11:05.465+0000] {dagbag.py:525} INFO - Filling up the DagBag from /home/airflow/.local/lib/python3.7/site-packages/airflow/example_dags/example_latest_only_with_trigger.py
[2023-01-15T09:11:05.501+0000] {processor.py:768} INFO - DAG(s) dict_keys(['latest_only_with_trigger']) retrieved from /home/airflow/.local/lib/python3.7/site-packages/airflow/example_dags/example_latest_only_with_trigger.py
[2023-01-15T09:11:05.586+0000] {logging_mixin.py:117} INFO - [2023-01-15T09:11:05.586+0000] {dag.py:2573} INFO - Sync 1 DAGs
[2023-01-15T09:11:05.618+0000] {logging_mixin.py:117} INFO - [2023-01-15T09:11:05.618+0000] {dag.py:3328} INFO - Setting next_dagrun for latest_only_with_trigger to 2023-01-15T05:11:05.617816+00:00, run_after=2023-01-15T09:11:05.617816+00:00
[2023-01-15T09:11:05.644+0000] {processor.py:178} INFO - Processing /home/airflow/.local/lib/python3.7/site-packages/airflow/example_dags/example_latest_only_with_trigger.py took 0.191 seconds
[2023-01-15T09:32:52.419+0000] {processor.py:156} INFO - Started process (PID=24772) to work on /home/airflow/.local/lib/python3.7/site-packages/airflow/example_dags/example_latest_only_with_trigger.py
[2023-01-15T09:32:52.426+0000] {processor.py:758} INFO - Processing file /home/airflow/.local/lib/python3.7/site-packages/airflow/example_dags/example_latest_only_with_trigger.py for tasks to queue
[2023-01-15T09:32:52.431+0000] {logging_mixin.py:117} INFO - [2023-01-15T09:32:52.431+0000] {dagbag.py:525} INFO - Filling up the DagBag from /home/airflow/.local/lib/python3.7/site-packages/airflow/example_dags/example_latest_only_with_trigger.py
[2023-01-15T09:32:52.470+0000] {processor.py:768} INFO - DAG(s) dict_keys(['latest_only_with_trigger']) retrieved from /home/airflow/.local/lib/python3.7/site-packages/airflow/example_dags/example_latest_only_with_trigger.py
[2023-01-15T09:32:52.564+0000] {logging_mixin.py:117} INFO - [2023-01-15T09:32:52.564+0000] {dag.py:2573} INFO - Sync 1 DAGs
[2023-01-15T09:32:52.622+0000] {logging_mixin.py:117} INFO - [2023-01-15T09:32:52.622+0000] {dag.py:3328} INFO - Setting next_dagrun for latest_only_with_trigger to 2023-01-15T05:32:52.622138+00:00, run_after=2023-01-15T09:32:52.622138+00:00
[2023-01-15T09:32:52.659+0000] {processor.py:178} INFO - Processing /home/airflow/.local/lib/python3.7/site-packages/airflow/example_dags/example_latest_only_with_trigger.py took 0.251 seconds
[2023-01-15T09:33:54.877+0000] {processor.py:156} INFO - Started process (PID=24835) to work on /home/airflow/.local/lib/python3.7/site-packages/airflow/example_dags/example_latest_only_with_trigger.py
[2023-01-15T09:33:54.878+0000] {processor.py:758} INFO - Processing file /home/airflow/.local/lib/python3.7/site-packages/airflow/example_dags/example_latest_only_with_trigger.py for tasks to queue
[2023-01-15T09:33:54.879+0000] {logging_mixin.py:117} INFO - [2023-01-15T09:33:54.879+0000] {dagbag.py:525} INFO - Filling up the DagBag from /home/airflow/.local/lib/python3.7/site-packages/airflow/example_dags/example_latest_only_with_trigger.py
[2023-01-15T09:33:54.895+0000] {processor.py:768} INFO - DAG(s) dict_keys(['latest_only_with_trigger']) retrieved from /home/airflow/.local/lib/python3.7/site-packages/airflow/example_dags/example_latest_only_with_trigger.py
[2023-01-15T09:33:54.924+0000] {logging_mixin.py:117} INFO - [2023-01-15T09:33:54.924+0000] {dag.py:2573} INFO - Sync 1 DAGs
[2023-01-15T09:33:54.938+0000] {logging_mixin.py:117} INFO - [2023-01-15T09:33:54.937+0000] {dag.py:3328} INFO - Setting next_dagrun for latest_only_with_trigger to 2023-01-15T05:33:54.937837+00:00, run_after=2023-01-15T09:33:54.937837+00:00
[2023-01-15T09:33:54.950+0000] {processor.py:178} INFO - Processing /home/airflow/.local/lib/python3.7/site-packages/airflow/example_dags/example_latest_only_with_trigger.py took 0.075 seconds
[2023-01-15T09:43:28.822+0000] {processor.py:156} INFO - Started process (PID=24898) to work on /home/airflow/.local/lib/python3.7/site-packages/airflow/example_dags/example_latest_only_with_trigger.py
[2023-01-15T09:43:28.831+0000] {processor.py:758} INFO - Processing file /home/airflow/.local/lib/python3.7/site-packages/airflow/example_dags/example_latest_only_with_trigger.py for tasks to queue
[2023-01-15T09:43:28.832+0000] {logging_mixin.py:117} INFO - [2023-01-15T09:43:28.832+0000] {dagbag.py:525} INFO - Filling up the DagBag from /home/airflow/.local/lib/python3.7/site-packages/airflow/example_dags/example_latest_only_with_trigger.py
[2023-01-15T09:43:28.869+0000] {processor.py:768} INFO - DAG(s) dict_keys(['latest_only_with_trigger']) retrieved from /home/airflow/.local/lib/python3.7/site-packages/airflow/example_dags/example_latest_only_with_trigger.py
[2023-01-15T09:43:28.938+0000] {logging_mixin.py:117} INFO - [2023-01-15T09:43:28.938+0000] {dag.py:2573} INFO - Sync 1 DAGs
[2023-01-15T09:43:28.978+0000] {logging_mixin.py:117} INFO - [2023-01-15T09:43:28.978+0000] {dag.py:3328} INFO - Setting next_dagrun for latest_only_with_trigger to 2023-01-15T05:43:28.978201+00:00, run_after=2023-01-15T09:43:28.978201+00:00
[2023-01-15T09:43:29.018+0000] {processor.py:178} INFO - Processing /home/airflow/.local/lib/python3.7/site-packages/airflow/example_dags/example_latest_only_with_trigger.py took 0.200 seconds
[2023-01-15T11:04:08.430+0000] {processor.py:156} INFO - Started process (PID=24960) to work on /home/airflow/.local/lib/python3.7/site-packages/airflow/example_dags/example_latest_only_with_trigger.py
[2023-01-15T11:04:08.434+0000] {processor.py:758} INFO - Processing file /home/airflow/.local/lib/python3.7/site-packages/airflow/example_dags/example_latest_only_with_trigger.py for tasks to queue
[2023-01-15T11:04:08.437+0000] {logging_mixin.py:117} INFO - [2023-01-15T11:04:08.437+0000] {dagbag.py:525} INFO - Filling up the DagBag from /home/airflow/.local/lib/python3.7/site-packages/airflow/example_dags/example_latest_only_with_trigger.py
[2023-01-15T11:04:08.484+0000] {processor.py:768} INFO - DAG(s) dict_keys(['latest_only_with_trigger']) retrieved from /home/airflow/.local/lib/python3.7/site-packages/airflow/example_dags/example_latest_only_with_trigger.py
[2023-01-15T11:04:08.560+0000] {logging_mixin.py:117} INFO - [2023-01-15T11:04:08.560+0000] {dag.py:2573} INFO - Sync 1 DAGs
[2023-01-15T11:04:08.598+0000] {logging_mixin.py:117} INFO - [2023-01-15T11:04:08.598+0000] {dag.py:3328} INFO - Setting next_dagrun for latest_only_with_trigger to 2023-01-15T07:04:08.598436+00:00, run_after=2023-01-15T11:04:08.598436+00:00
[2023-01-15T11:04:08.624+0000] {processor.py:178} INFO - Processing /home/airflow/.local/lib/python3.7/site-packages/airflow/example_dags/example_latest_only_with_trigger.py took 0.203 seconds
[2023-01-15T12:04:15.258+0000] {processor.py:156} INFO - Started process (PID=25015) to work on /home/airflow/.local/lib/python3.7/site-packages/airflow/example_dags/example_latest_only_with_trigger.py
[2023-01-15T12:04:15.261+0000] {processor.py:758} INFO - Processing file /home/airflow/.local/lib/python3.7/site-packages/airflow/example_dags/example_latest_only_with_trigger.py for tasks to queue
[2023-01-15T12:04:15.263+0000] {logging_mixin.py:117} INFO - [2023-01-15T12:04:15.262+0000] {dagbag.py:525} INFO - Filling up the DagBag from /home/airflow/.local/lib/python3.7/site-packages/airflow/example_dags/example_latest_only_with_trigger.py
[2023-01-15T12:04:15.280+0000] {processor.py:768} INFO - DAG(s) dict_keys(['latest_only_with_trigger']) retrieved from /home/airflow/.local/lib/python3.7/site-packages/airflow/example_dags/example_latest_only_with_trigger.py
[2023-01-15T12:04:15.341+0000] {logging_mixin.py:117} INFO - [2023-01-15T12:04:15.341+0000] {dag.py:2573} INFO - Sync 1 DAGs
[2023-01-15T12:04:15.367+0000] {logging_mixin.py:117} INFO - [2023-01-15T12:04:15.367+0000] {dag.py:3328} INFO - Setting next_dagrun for latest_only_with_trigger to 2023-01-15T08:04:15.366702+00:00, run_after=2023-01-15T12:04:15.366702+00:00
[2023-01-15T12:04:15.386+0000] {processor.py:178} INFO - Processing /home/airflow/.local/lib/python3.7/site-packages/airflow/example_dags/example_latest_only_with_trigger.py took 0.132 seconds
[2023-01-15T12:42:37.001+0000] {processor.py:156} INFO - Started process (PID=25078) to work on /home/airflow/.local/lib/python3.7/site-packages/airflow/example_dags/example_latest_only_with_trigger.py
[2023-01-15T12:42:37.004+0000] {processor.py:758} INFO - Processing file /home/airflow/.local/lib/python3.7/site-packages/airflow/example_dags/example_latest_only_with_trigger.py for tasks to queue
[2023-01-15T12:42:37.005+0000] {logging_mixin.py:117} INFO - [2023-01-15T12:42:37.005+0000] {dagbag.py:525} INFO - Filling up the DagBag from /home/airflow/.local/lib/python3.7/site-packages/airflow/example_dags/example_latest_only_with_trigger.py
[2023-01-15T12:42:37.026+0000] {processor.py:768} INFO - DAG(s) dict_keys(['latest_only_with_trigger']) retrieved from /home/airflow/.local/lib/python3.7/site-packages/airflow/example_dags/example_latest_only_with_trigger.py
[2023-01-15T12:42:37.075+0000] {logging_mixin.py:117} INFO - [2023-01-15T12:42:37.075+0000] {dag.py:2573} INFO - Sync 1 DAGs
[2023-01-15T12:42:37.101+0000] {logging_mixin.py:117} INFO - [2023-01-15T12:42:37.101+0000] {dag.py:3328} INFO - Setting next_dagrun for latest_only_with_trigger to 2023-01-15T08:42:37.101269+00:00, run_after=2023-01-15T12:42:37.101269+00:00
[2023-01-15T12:42:37.128+0000] {processor.py:178} INFO - Processing /home/airflow/.local/lib/python3.7/site-packages/airflow/example_dags/example_latest_only_with_trigger.py took 0.132 seconds
[2023-01-15T13:21:54.838+0000] {processor.py:156} INFO - Started process (PID=25141) to work on /home/airflow/.local/lib/python3.7/site-packages/airflow/example_dags/example_latest_only_with_trigger.py
[2023-01-15T13:21:54.840+0000] {processor.py:758} INFO - Processing file /home/airflow/.local/lib/python3.7/site-packages/airflow/example_dags/example_latest_only_with_trigger.py for tasks to queue
[2023-01-15T13:21:54.841+0000] {logging_mixin.py:117} INFO - [2023-01-15T13:21:54.841+0000] {dagbag.py:525} INFO - Filling up the DagBag from /home/airflow/.local/lib/python3.7/site-packages/airflow/example_dags/example_latest_only_with_trigger.py
[2023-01-15T13:21:54.850+0000] {processor.py:768} INFO - DAG(s) dict_keys(['latest_only_with_trigger']) retrieved from /home/airflow/.local/lib/python3.7/site-packages/airflow/example_dags/example_latest_only_with_trigger.py
[2023-01-15T13:21:54.877+0000] {logging_mixin.py:117} INFO - [2023-01-15T13:21:54.877+0000] {dag.py:2573} INFO - Sync 1 DAGs
[2023-01-15T13:21:54.890+0000] {logging_mixin.py:117} INFO - [2023-01-15T13:21:54.890+0000] {dag.py:3328} INFO - Setting next_dagrun for latest_only_with_trigger to 2023-01-15T09:21:54.890438+00:00, run_after=2023-01-15T13:21:54.890438+00:00
[2023-01-15T13:21:54.900+0000] {processor.py:178} INFO - Processing /home/airflow/.local/lib/python3.7/site-packages/airflow/example_dags/example_latest_only_with_trigger.py took 0.066 seconds
[2023-01-15T13:38:28.041+0000] {processor.py:156} INFO - Started process (PID=25204) to work on /home/airflow/.local/lib/python3.7/site-packages/airflow/example_dags/example_latest_only_with_trigger.py
[2023-01-15T13:38:28.043+0000] {processor.py:758} INFO - Processing file /home/airflow/.local/lib/python3.7/site-packages/airflow/example_dags/example_latest_only_with_trigger.py for tasks to queue
[2023-01-15T13:38:28.044+0000] {logging_mixin.py:117} INFO - [2023-01-15T13:38:28.043+0000] {dagbag.py:525} INFO - Filling up the DagBag from /home/airflow/.local/lib/python3.7/site-packages/airflow/example_dags/example_latest_only_with_trigger.py
[2023-01-15T13:38:28.070+0000] {processor.py:768} INFO - DAG(s) dict_keys(['latest_only_with_trigger']) retrieved from /home/airflow/.local/lib/python3.7/site-packages/airflow/example_dags/example_latest_only_with_trigger.py
[2023-01-15T13:38:28.119+0000] {logging_mixin.py:117} INFO - [2023-01-15T13:38:28.118+0000] {dag.py:2573} INFO - Sync 1 DAGs
[2023-01-15T13:38:28.143+0000] {logging_mixin.py:117} INFO - [2023-01-15T13:38:28.142+0000] {dag.py:3328} INFO - Setting next_dagrun for latest_only_with_trigger to 2023-01-15T09:38:28.142677+00:00, run_after=2023-01-15T13:38:28.142677+00:00
[2023-01-15T13:38:28.174+0000] {processor.py:178} INFO - Processing /home/airflow/.local/lib/python3.7/site-packages/airflow/example_dags/example_latest_only_with_trigger.py took 0.137 seconds
[2023-01-15T13:38:58.347+0000] {processor.py:156} INFO - Started process (PID=25258) to work on /home/airflow/.local/lib/python3.7/site-packages/airflow/example_dags/example_latest_only_with_trigger.py
[2023-01-15T13:38:58.349+0000] {processor.py:758} INFO - Processing file /home/airflow/.local/lib/python3.7/site-packages/airflow/example_dags/example_latest_only_with_trigger.py for tasks to queue
[2023-01-15T13:38:58.349+0000] {logging_mixin.py:117} INFO - [2023-01-15T13:38:58.349+0000] {dagbag.py:525} INFO - Filling up the DagBag from /home/airflow/.local/lib/python3.7/site-packages/airflow/example_dags/example_latest_only_with_trigger.py
[2023-01-15T13:38:58.359+0000] {processor.py:768} INFO - DAG(s) dict_keys(['latest_only_with_trigger']) retrieved from /home/airflow/.local/lib/python3.7/site-packages/airflow/example_dags/example_latest_only_with_trigger.py
[2023-01-15T13:38:58.385+0000] {logging_mixin.py:117} INFO - [2023-01-15T13:38:58.385+0000] {dag.py:2573} INFO - Sync 1 DAGs
[2023-01-15T13:38:58.398+0000] {logging_mixin.py:117} INFO - [2023-01-15T13:38:58.398+0000] {dag.py:3328} INFO - Setting next_dagrun for latest_only_with_trigger to 2023-01-15T09:38:58.398028+00:00, run_after=2023-01-15T13:38:58.398028+00:00
[2023-01-15T13:38:58.409+0000] {processor.py:178} INFO - Processing /home/airflow/.local/lib/python3.7/site-packages/airflow/example_dags/example_latest_only_with_trigger.py took 0.064 seconds
[2023-01-15T13:39:28.791+0000] {processor.py:156} INFO - Started process (PID=25321) to work on /home/airflow/.local/lib/python3.7/site-packages/airflow/example_dags/example_latest_only_with_trigger.py
[2023-01-15T13:39:28.793+0000] {processor.py:758} INFO - Processing file /home/airflow/.local/lib/python3.7/site-packages/airflow/example_dags/example_latest_only_with_trigger.py for tasks to queue
[2023-01-15T13:39:28.793+0000] {logging_mixin.py:117} INFO - [2023-01-15T13:39:28.793+0000] {dagbag.py:525} INFO - Filling up the DagBag from /home/airflow/.local/lib/python3.7/site-packages/airflow/example_dags/example_latest_only_with_trigger.py
[2023-01-15T13:39:28.804+0000] {processor.py:768} INFO - DAG(s) dict_keys(['latest_only_with_trigger']) retrieved from /home/airflow/.local/lib/python3.7/site-packages/airflow/example_dags/example_latest_only_with_trigger.py
[2023-01-15T13:39:28.832+0000] {logging_mixin.py:117} INFO - [2023-01-15T13:39:28.832+0000] {dag.py:2573} INFO - Sync 1 DAGs
[2023-01-15T13:39:28.846+0000] {logging_mixin.py:117} INFO - [2023-01-15T13:39:28.846+0000] {dag.py:3328} INFO - Setting next_dagrun for latest_only_with_trigger to 2023-01-15T09:39:28.846614+00:00, run_after=2023-01-15T13:39:28.846614+00:00
[2023-01-15T13:39:28.857+0000] {processor.py:178} INFO - Processing /home/airflow/.local/lib/python3.7/site-packages/airflow/example_dags/example_latest_only_with_trigger.py took 0.069 seconds
[2023-01-15T13:39:59.225+0000] {processor.py:156} INFO - Started process (PID=25384) to work on /home/airflow/.local/lib/python3.7/site-packages/airflow/example_dags/example_latest_only_with_trigger.py
[2023-01-15T13:39:59.226+0000] {processor.py:758} INFO - Processing file /home/airflow/.local/lib/python3.7/site-packages/airflow/example_dags/example_latest_only_with_trigger.py for tasks to queue
[2023-01-15T13:39:59.227+0000] {logging_mixin.py:117} INFO - [2023-01-15T13:39:59.227+0000] {dagbag.py:525} INFO - Filling up the DagBag from /home/airflow/.local/lib/python3.7/site-packages/airflow/example_dags/example_latest_only_with_trigger.py
[2023-01-15T13:39:59.238+0000] {processor.py:768} INFO - DAG(s) dict_keys(['latest_only_with_trigger']) retrieved from /home/airflow/.local/lib/python3.7/site-packages/airflow/example_dags/example_latest_only_with_trigger.py
[2023-01-15T13:39:59.267+0000] {logging_mixin.py:117} INFO - [2023-01-15T13:39:59.267+0000] {dag.py:2573} INFO - Sync 1 DAGs
[2023-01-15T13:39:59.282+0000] {logging_mixin.py:117} INFO - [2023-01-15T13:39:59.282+0000] {dag.py:3328} INFO - Setting next_dagrun for latest_only_with_trigger to 2023-01-15T09:39:59.282324+00:00, run_after=2023-01-15T13:39:59.282324+00:00
[2023-01-15T13:39:59.293+0000] {processor.py:178} INFO - Processing /home/airflow/.local/lib/python3.7/site-packages/airflow/example_dags/example_latest_only_with_trigger.py took 0.071 seconds
[2023-01-15T13:40:29.637+0000] {processor.py:156} INFO - Started process (PID=25447) to work on /home/airflow/.local/lib/python3.7/site-packages/airflow/example_dags/example_latest_only_with_trigger.py
[2023-01-15T13:40:29.638+0000] {processor.py:758} INFO - Processing file /home/airflow/.local/lib/python3.7/site-packages/airflow/example_dags/example_latest_only_with_trigger.py for tasks to queue
[2023-01-15T13:40:29.639+0000] {logging_mixin.py:117} INFO - [2023-01-15T13:40:29.639+0000] {dagbag.py:525} INFO - Filling up the DagBag from /home/airflow/.local/lib/python3.7/site-packages/airflow/example_dags/example_latest_only_with_trigger.py
[2023-01-15T13:40:29.649+0000] {processor.py:768} INFO - DAG(s) dict_keys(['latest_only_with_trigger']) retrieved from /home/airflow/.local/lib/python3.7/site-packages/airflow/example_dags/example_latest_only_with_trigger.py
[2023-01-15T13:40:29.674+0000] {logging_mixin.py:117} INFO - [2023-01-15T13:40:29.674+0000] {dag.py:2573} INFO - Sync 1 DAGs
[2023-01-15T13:40:29.687+0000] {logging_mixin.py:117} INFO - [2023-01-15T13:40:29.687+0000] {dag.py:3328} INFO - Setting next_dagrun for latest_only_with_trigger to 2023-01-15T09:40:29.687565+00:00, run_after=2023-01-15T13:40:29.687565+00:00
[2023-01-15T13:40:29.697+0000] {processor.py:178} INFO - Processing /home/airflow/.local/lib/python3.7/site-packages/airflow/example_dags/example_latest_only_with_trigger.py took 0.063 seconds
[2023-01-15T13:41:00.162+0000] {processor.py:156} INFO - Started process (PID=25510) to work on /home/airflow/.local/lib/python3.7/site-packages/airflow/example_dags/example_latest_only_with_trigger.py
[2023-01-15T13:41:00.163+0000] {processor.py:758} INFO - Processing file /home/airflow/.local/lib/python3.7/site-packages/airflow/example_dags/example_latest_only_with_trigger.py for tasks to queue
[2023-01-15T13:41:00.164+0000] {logging_mixin.py:117} INFO - [2023-01-15T13:41:00.164+0000] {dagbag.py:525} INFO - Filling up the DagBag from /home/airflow/.local/lib/python3.7/site-packages/airflow/example_dags/example_latest_only_with_trigger.py
[2023-01-15T13:41:00.175+0000] {processor.py:768} INFO - DAG(s) dict_keys(['latest_only_with_trigger']) retrieved from /home/airflow/.local/lib/python3.7/site-packages/airflow/example_dags/example_latest_only_with_trigger.py
[2023-01-15T13:41:00.203+0000] {logging_mixin.py:117} INFO - [2023-01-15T13:41:00.202+0000] {dag.py:2573} INFO - Sync 1 DAGs
[2023-01-15T13:41:00.217+0000] {logging_mixin.py:117} INFO - [2023-01-15T13:41:00.216+0000] {dag.py:3328} INFO - Setting next_dagrun for latest_only_with_trigger to 2023-01-15T09:41:00.216791+00:00, run_after=2023-01-15T13:41:00.216791+00:00
[2023-01-15T13:41:00.228+0000] {processor.py:178} INFO - Processing /home/airflow/.local/lib/python3.7/site-packages/airflow/example_dags/example_latest_only_with_trigger.py took 0.069 seconds
[2023-01-15T13:41:30.427+0000] {processor.py:156} INFO - Started process (PID=25573) to work on /home/airflow/.local/lib/python3.7/site-packages/airflow/example_dags/example_latest_only_with_trigger.py
[2023-01-15T13:41:30.428+0000] {processor.py:758} INFO - Processing file /home/airflow/.local/lib/python3.7/site-packages/airflow/example_dags/example_latest_only_with_trigger.py for tasks to queue
[2023-01-15T13:41:30.429+0000] {logging_mixin.py:117} INFO - [2023-01-15T13:41:30.429+0000] {dagbag.py:525} INFO - Filling up the DagBag from /home/airflow/.local/lib/python3.7/site-packages/airflow/example_dags/example_latest_only_with_trigger.py
[2023-01-15T13:41:30.441+0000] {processor.py:768} INFO - DAG(s) dict_keys(['latest_only_with_trigger']) retrieved from /home/airflow/.local/lib/python3.7/site-packages/airflow/example_dags/example_latest_only_with_trigger.py
[2023-01-15T13:41:30.472+0000] {logging_mixin.py:117} INFO - [2023-01-15T13:41:30.472+0000] {dag.py:2573} INFO - Sync 1 DAGs
[2023-01-15T13:41:30.490+0000] {logging_mixin.py:117} INFO - [2023-01-15T13:41:30.489+0000] {dag.py:3328} INFO - Setting next_dagrun for latest_only_with_trigger to 2023-01-15T09:41:30.489749+00:00, run_after=2023-01-15T13:41:30.489749+00:00
[2023-01-15T13:41:30.504+0000] {processor.py:178} INFO - Processing /home/airflow/.local/lib/python3.7/site-packages/airflow/example_dags/example_latest_only_with_trigger.py took 0.080 seconds
[2023-01-15T13:42:00.868+0000] {processor.py:156} INFO - Started process (PID=25628) to work on /home/airflow/.local/lib/python3.7/site-packages/airflow/example_dags/example_latest_only_with_trigger.py
[2023-01-15T13:42:00.869+0000] {processor.py:758} INFO - Processing file /home/airflow/.local/lib/python3.7/site-packages/airflow/example_dags/example_latest_only_with_trigger.py for tasks to queue
[2023-01-15T13:42:00.870+0000] {logging_mixin.py:117} INFO - [2023-01-15T13:42:00.870+0000] {dagbag.py:525} INFO - Filling up the DagBag from /home/airflow/.local/lib/python3.7/site-packages/airflow/example_dags/example_latest_only_with_trigger.py
[2023-01-15T13:42:00.881+0000] {processor.py:768} INFO - DAG(s) dict_keys(['latest_only_with_trigger']) retrieved from /home/airflow/.local/lib/python3.7/site-packages/airflow/example_dags/example_latest_only_with_trigger.py
[2023-01-15T13:42:00.909+0000] {logging_mixin.py:117} INFO - [2023-01-15T13:42:00.908+0000] {dag.py:2573} INFO - Sync 1 DAGs
[2023-01-15T13:42:00.923+0000] {logging_mixin.py:117} INFO - [2023-01-15T13:42:00.923+0000] {dag.py:3328} INFO - Setting next_dagrun for latest_only_with_trigger to 2023-01-15T09:42:00.922876+00:00, run_after=2023-01-15T13:42:00.922876+00:00
[2023-01-15T13:42:00.934+0000] {processor.py:178} INFO - Processing /home/airflow/.local/lib/python3.7/site-packages/airflow/example_dags/example_latest_only_with_trigger.py took 0.069 seconds
[2023-01-15T13:58:05.039+0000] {processor.py:156} INFO - Started process (PID=25691) to work on /home/airflow/.local/lib/python3.7/site-packages/airflow/example_dags/example_latest_only_with_trigger.py
[2023-01-15T13:58:05.041+0000] {processor.py:758} INFO - Processing file /home/airflow/.local/lib/python3.7/site-packages/airflow/example_dags/example_latest_only_with_trigger.py for tasks to queue
[2023-01-15T13:58:05.042+0000] {logging_mixin.py:117} INFO - [2023-01-15T13:58:05.042+0000] {dagbag.py:525} INFO - Filling up the DagBag from /home/airflow/.local/lib/python3.7/site-packages/airflow/example_dags/example_latest_only_with_trigger.py
[2023-01-15T13:58:05.066+0000] {processor.py:768} INFO - DAG(s) dict_keys(['latest_only_with_trigger']) retrieved from /home/airflow/.local/lib/python3.7/site-packages/airflow/example_dags/example_latest_only_with_trigger.py
[2023-01-15T13:58:05.153+0000] {logging_mixin.py:117} INFO - [2023-01-15T13:58:05.153+0000] {dag.py:2573} INFO - Sync 1 DAGs
[2023-01-15T13:58:05.196+0000] {logging_mixin.py:117} INFO - [2023-01-15T13:58:05.196+0000] {dag.py:3328} INFO - Setting next_dagrun for latest_only_with_trigger to 2023-01-15T09:58:05.196052+00:00, run_after=2023-01-15T13:58:05.196052+00:00
[2023-01-15T13:58:05.220+0000] {processor.py:178} INFO - Processing /home/airflow/.local/lib/python3.7/site-packages/airflow/example_dags/example_latest_only_with_trigger.py took 0.186 seconds
[2023-01-15T14:09:07.326+0000] {processor.py:156} INFO - Started process (PID=25754) to work on /home/airflow/.local/lib/python3.7/site-packages/airflow/example_dags/example_latest_only_with_trigger.py
[2023-01-15T14:09:07.329+0000] {processor.py:758} INFO - Processing file /home/airflow/.local/lib/python3.7/site-packages/airflow/example_dags/example_latest_only_with_trigger.py for tasks to queue
[2023-01-15T14:09:07.330+0000] {logging_mixin.py:117} INFO - [2023-01-15T14:09:07.330+0000] {dagbag.py:525} INFO - Filling up the DagBag from /home/airflow/.local/lib/python3.7/site-packages/airflow/example_dags/example_latest_only_with_trigger.py
[2023-01-15T14:09:07.346+0000] {processor.py:768} INFO - DAG(s) dict_keys(['latest_only_with_trigger']) retrieved from /home/airflow/.local/lib/python3.7/site-packages/airflow/example_dags/example_latest_only_with_trigger.py
[2023-01-15T14:09:07.397+0000] {logging_mixin.py:117} INFO - [2023-01-15T14:09:07.397+0000] {dag.py:2573} INFO - Sync 1 DAGs
[2023-01-15T14:09:07.420+0000] {logging_mixin.py:117} INFO - [2023-01-15T14:09:07.419+0000] {dag.py:3328} INFO - Setting next_dagrun for latest_only_with_trigger to 2023-01-15T10:09:07.419783+00:00, run_after=2023-01-15T14:09:07.419783+00:00
[2023-01-15T14:09:07.440+0000] {processor.py:178} INFO - Processing /home/airflow/.local/lib/python3.7/site-packages/airflow/example_dags/example_latest_only_with_trigger.py took 0.120 seconds
[2023-01-15T14:09:38.135+0000] {processor.py:156} INFO - Started process (PID=25817) to work on /home/airflow/.local/lib/python3.7/site-packages/airflow/example_dags/example_latest_only_with_trigger.py
[2023-01-15T14:09:38.138+0000] {processor.py:758} INFO - Processing file /home/airflow/.local/lib/python3.7/site-packages/airflow/example_dags/example_latest_only_with_trigger.py for tasks to queue
[2023-01-15T14:09:38.138+0000] {logging_mixin.py:117} INFO - [2023-01-15T14:09:38.138+0000] {dagbag.py:525} INFO - Filling up the DagBag from /home/airflow/.local/lib/python3.7/site-packages/airflow/example_dags/example_latest_only_with_trigger.py
[2023-01-15T14:09:38.149+0000] {processor.py:768} INFO - DAG(s) dict_keys(['latest_only_with_trigger']) retrieved from /home/airflow/.local/lib/python3.7/site-packages/airflow/example_dags/example_latest_only_with_trigger.py
[2023-01-15T14:09:38.178+0000] {logging_mixin.py:117} INFO - [2023-01-15T14:09:38.177+0000] {dag.py:2573} INFO - Sync 1 DAGs
[2023-01-15T14:09:38.192+0000] {logging_mixin.py:117} INFO - [2023-01-15T14:09:38.192+0000] {dag.py:3328} INFO - Setting next_dagrun for latest_only_with_trigger to 2023-01-15T10:09:38.192612+00:00, run_after=2023-01-15T14:09:38.192612+00:00
[2023-01-15T14:09:38.203+0000] {processor.py:178} INFO - Processing /home/airflow/.local/lib/python3.7/site-packages/airflow/example_dags/example_latest_only_with_trigger.py took 0.070 seconds
[2023-01-15T14:59:12.479+0000] {processor.py:156} INFO - Started process (PID=25872) to work on /home/airflow/.local/lib/python3.7/site-packages/airflow/example_dags/example_latest_only_with_trigger.py
[2023-01-15T14:59:12.482+0000] {processor.py:758} INFO - Processing file /home/airflow/.local/lib/python3.7/site-packages/airflow/example_dags/example_latest_only_with_trigger.py for tasks to queue
[2023-01-15T14:59:12.484+0000] {logging_mixin.py:117} INFO - [2023-01-15T14:59:12.483+0000] {dagbag.py:525} INFO - Filling up the DagBag from /home/airflow/.local/lib/python3.7/site-packages/airflow/example_dags/example_latest_only_with_trigger.py
[2023-01-15T14:59:12.525+0000] {processor.py:768} INFO - DAG(s) dict_keys(['latest_only_with_trigger']) retrieved from /home/airflow/.local/lib/python3.7/site-packages/airflow/example_dags/example_latest_only_with_trigger.py
[2023-01-15T14:59:12.619+0000] {logging_mixin.py:117} INFO - [2023-01-15T14:59:12.618+0000] {dag.py:2573} INFO - Sync 1 DAGs
[2023-01-15T14:59:12.669+0000] {logging_mixin.py:117} INFO - [2023-01-15T14:59:12.669+0000] {dag.py:3328} INFO - Setting next_dagrun for latest_only_with_trigger to 2023-01-15T10:59:12.668696+00:00, run_after=2023-01-15T14:59:12.668696+00:00
[2023-01-15T14:59:12.706+0000] {processor.py:178} INFO - Processing /home/airflow/.local/lib/python3.7/site-packages/airflow/example_dags/example_latest_only_with_trigger.py took 0.242 seconds
[2023-01-15T16:21:35.068+0000] {processor.py:156} INFO - Started process (PID=25935) to work on /home/airflow/.local/lib/python3.7/site-packages/airflow/example_dags/example_latest_only_with_trigger.py
[2023-01-15T16:21:35.070+0000] {processor.py:758} INFO - Processing file /home/airflow/.local/lib/python3.7/site-packages/airflow/example_dags/example_latest_only_with_trigger.py for tasks to queue
[2023-01-15T16:21:35.071+0000] {logging_mixin.py:117} INFO - [2023-01-15T16:21:35.071+0000] {dagbag.py:525} INFO - Filling up the DagBag from /home/airflow/.local/lib/python3.7/site-packages/airflow/example_dags/example_latest_only_with_trigger.py
[2023-01-15T16:21:35.086+0000] {processor.py:768} INFO - DAG(s) dict_keys(['latest_only_with_trigger']) retrieved from /home/airflow/.local/lib/python3.7/site-packages/airflow/example_dags/example_latest_only_with_trigger.py
[2023-01-15T16:21:35.150+0000] {logging_mixin.py:117} INFO - [2023-01-15T16:21:35.150+0000] {dag.py:2573} INFO - Sync 1 DAGs
[2023-01-15T16:21:35.174+0000] {logging_mixin.py:117} INFO - [2023-01-15T16:21:35.174+0000] {dag.py:3328} INFO - Setting next_dagrun for latest_only_with_trigger to 2023-01-15T12:21:35.173668+00:00, run_after=2023-01-15T16:21:35.173668+00:00
[2023-01-15T16:21:35.192+0000] {processor.py:178} INFO - Processing /home/airflow/.local/lib/python3.7/site-packages/airflow/example_dags/example_latest_only_with_trigger.py took 0.130 seconds
[2023-01-15T17:27:02.888+0000] {processor.py:156} INFO - Started process (PID=25998) to work on /home/airflow/.local/lib/python3.7/site-packages/airflow/example_dags/example_latest_only_with_trigger.py
[2023-01-15T17:27:02.890+0000] {processor.py:758} INFO - Processing file /home/airflow/.local/lib/python3.7/site-packages/airflow/example_dags/example_latest_only_with_trigger.py for tasks to queue
[2023-01-15T17:27:02.892+0000] {logging_mixin.py:117} INFO - [2023-01-15T17:27:02.892+0000] {dagbag.py:525} INFO - Filling up the DagBag from /home/airflow/.local/lib/python3.7/site-packages/airflow/example_dags/example_latest_only_with_trigger.py
[2023-01-15T17:27:02.912+0000] {processor.py:768} INFO - DAG(s) dict_keys(['latest_only_with_trigger']) retrieved from /home/airflow/.local/lib/python3.7/site-packages/airflow/example_dags/example_latest_only_with_trigger.py
[2023-01-15T17:27:02.975+0000] {logging_mixin.py:117} INFO - [2023-01-15T17:27:02.975+0000] {dag.py:2573} INFO - Sync 1 DAGs
[2023-01-15T17:27:03.004+0000] {logging_mixin.py:117} INFO - [2023-01-15T17:27:03.003+0000] {dag.py:3328} INFO - Setting next_dagrun for latest_only_with_trigger to 2023-01-15T13:27:03.003686+00:00, run_after=2023-01-15T17:27:03.003686+00:00
[2023-01-15T17:27:03.031+0000] {processor.py:178} INFO - Processing /home/airflow/.local/lib/python3.7/site-packages/airflow/example_dags/example_latest_only_with_trigger.py took 0.151 seconds
[2023-01-15T18:23:35.567+0000] {processor.py:156} INFO - Started process (PID=26061) to work on /home/airflow/.local/lib/python3.7/site-packages/airflow/example_dags/example_latest_only_with_trigger.py
[2023-01-15T18:23:35.572+0000] {processor.py:758} INFO - Processing file /home/airflow/.local/lib/python3.7/site-packages/airflow/example_dags/example_latest_only_with_trigger.py for tasks to queue
[2023-01-15T18:23:35.574+0000] {logging_mixin.py:117} INFO - [2023-01-15T18:23:35.574+0000] {dagbag.py:525} INFO - Filling up the DagBag from /home/airflow/.local/lib/python3.7/site-packages/airflow/example_dags/example_latest_only_with_trigger.py
[2023-01-15T18:23:35.607+0000] {processor.py:768} INFO - DAG(s) dict_keys(['latest_only_with_trigger']) retrieved from /home/airflow/.local/lib/python3.7/site-packages/airflow/example_dags/example_latest_only_with_trigger.py
[2023-01-15T18:23:35.699+0000] {logging_mixin.py:117} INFO - [2023-01-15T18:23:35.699+0000] {dag.py:2573} INFO - Sync 1 DAGs
[2023-01-15T18:23:35.752+0000] {logging_mixin.py:117} INFO - [2023-01-15T18:23:35.752+0000] {dag.py:3328} INFO - Setting next_dagrun for latest_only_with_trigger to 2023-01-15T14:23:35.751903+00:00, run_after=2023-01-15T18:23:35.751903+00:00
[2023-01-15T18:23:35.772+0000] {processor.py:178} INFO - Processing /home/airflow/.local/lib/python3.7/site-packages/airflow/example_dags/example_latest_only_with_trigger.py took 0.211 seconds
[2023-01-15T19:46:53.408+0000] {processor.py:156} INFO - Started process (PID=26115) to work on /home/airflow/.local/lib/python3.7/site-packages/airflow/example_dags/example_latest_only_with_trigger.py
[2023-01-15T19:46:53.410+0000] {processor.py:758} INFO - Processing file /home/airflow/.local/lib/python3.7/site-packages/airflow/example_dags/example_latest_only_with_trigger.py for tasks to queue
[2023-01-15T19:46:53.412+0000] {logging_mixin.py:117} INFO - [2023-01-15T19:46:53.412+0000] {dagbag.py:525} INFO - Filling up the DagBag from /home/airflow/.local/lib/python3.7/site-packages/airflow/example_dags/example_latest_only_with_trigger.py
[2023-01-15T19:46:53.446+0000] {processor.py:768} INFO - DAG(s) dict_keys(['latest_only_with_trigger']) retrieved from /home/airflow/.local/lib/python3.7/site-packages/airflow/example_dags/example_latest_only_with_trigger.py
[2023-01-15T19:46:53.501+0000] {logging_mixin.py:117} INFO - [2023-01-15T19:46:53.501+0000] {dag.py:2573} INFO - Sync 1 DAGs
[2023-01-15T19:46:53.527+0000] {logging_mixin.py:117} INFO - [2023-01-15T19:46:53.526+0000] {dag.py:3328} INFO - Setting next_dagrun for latest_only_with_trigger to 2023-01-15T15:46:53.526492+00:00, run_after=2023-01-15T19:46:53.526492+00:00
[2023-01-15T19:46:53.555+0000] {processor.py:178} INFO - Processing /home/airflow/.local/lib/python3.7/site-packages/airflow/example_dags/example_latest_only_with_trigger.py took 0.151 seconds
[2023-01-15T20:53:27.655+0000] {processor.py:156} INFO - Started process (PID=26177) to work on /home/airflow/.local/lib/python3.7/site-packages/airflow/example_dags/example_latest_only_with_trigger.py
[2023-01-15T20:53:27.660+0000] {processor.py:758} INFO - Processing file /home/airflow/.local/lib/python3.7/site-packages/airflow/example_dags/example_latest_only_with_trigger.py for tasks to queue
[2023-01-15T20:53:27.661+0000] {logging_mixin.py:117} INFO - [2023-01-15T20:53:27.661+0000] {dagbag.py:525} INFO - Filling up the DagBag from /home/airflow/.local/lib/python3.7/site-packages/airflow/example_dags/example_latest_only_with_trigger.py
[2023-01-15T20:53:27.679+0000] {processor.py:768} INFO - DAG(s) dict_keys(['latest_only_with_trigger']) retrieved from /home/airflow/.local/lib/python3.7/site-packages/airflow/example_dags/example_latest_only_with_trigger.py
[2023-01-15T20:53:27.743+0000] {logging_mixin.py:117} INFO - [2023-01-15T20:53:27.743+0000] {dag.py:2573} INFO - Sync 1 DAGs
[2023-01-15T20:53:27.772+0000] {logging_mixin.py:117} INFO - [2023-01-15T20:53:27.770+0000] {dag.py:3328} INFO - Setting next_dagrun for latest_only_with_trigger to 2023-01-15T16:53:27.770506+00:00, run_after=2023-01-15T20:53:27.770506+00:00
[2023-01-15T20:53:27.805+0000] {processor.py:178} INFO - Processing /home/airflow/.local/lib/python3.7/site-packages/airflow/example_dags/example_latest_only_with_trigger.py took 0.156 seconds
[2023-01-15T21:52:32.176+0000] {processor.py:156} INFO - Started process (PID=26240) to work on /home/airflow/.local/lib/python3.7/site-packages/airflow/example_dags/example_latest_only_with_trigger.py
[2023-01-15T21:52:32.181+0000] {processor.py:758} INFO - Processing file /home/airflow/.local/lib/python3.7/site-packages/airflow/example_dags/example_latest_only_with_trigger.py for tasks to queue
[2023-01-15T21:52:32.182+0000] {logging_mixin.py:117} INFO - [2023-01-15T21:52:32.182+0000] {dagbag.py:525} INFO - Filling up the DagBag from /home/airflow/.local/lib/python3.7/site-packages/airflow/example_dags/example_latest_only_with_trigger.py
[2023-01-15T21:52:32.207+0000] {processor.py:768} INFO - DAG(s) dict_keys(['latest_only_with_trigger']) retrieved from /home/airflow/.local/lib/python3.7/site-packages/airflow/example_dags/example_latest_only_with_trigger.py
[2023-01-15T21:52:32.263+0000] {logging_mixin.py:117} INFO - [2023-01-15T21:52:32.263+0000] {dag.py:2573} INFO - Sync 1 DAGs
[2023-01-15T21:52:32.286+0000] {logging_mixin.py:117} INFO - [2023-01-15T21:52:32.286+0000] {dag.py:3328} INFO - Setting next_dagrun for latest_only_with_trigger to 2023-01-15T17:52:32.286367+00:00, run_after=2023-01-15T21:52:32.286367+00:00
[2023-01-15T21:52:32.301+0000] {processor.py:178} INFO - Processing /home/airflow/.local/lib/python3.7/site-packages/airflow/example_dags/example_latest_only_with_trigger.py took 0.128 seconds
[2023-01-15T23:15:49.389+0000] {processor.py:156} INFO - Started process (PID=26303) to work on /home/airflow/.local/lib/python3.7/site-packages/airflow/example_dags/example_latest_only_with_trigger.py
[2023-01-15T23:15:49.391+0000] {processor.py:758} INFO - Processing file /home/airflow/.local/lib/python3.7/site-packages/airflow/example_dags/example_latest_only_with_trigger.py for tasks to queue
[2023-01-15T23:15:49.392+0000] {logging_mixin.py:117} INFO - [2023-01-15T23:15:49.392+0000] {dagbag.py:525} INFO - Filling up the DagBag from /home/airflow/.local/lib/python3.7/site-packages/airflow/example_dags/example_latest_only_with_trigger.py
[2023-01-15T23:15:49.455+0000] {processor.py:768} INFO - DAG(s) dict_keys(['latest_only_with_trigger']) retrieved from /home/airflow/.local/lib/python3.7/site-packages/airflow/example_dags/example_latest_only_with_trigger.py
[2023-01-15T23:15:49.540+0000] {logging_mixin.py:117} INFO - [2023-01-15T23:15:49.540+0000] {dag.py:2573} INFO - Sync 1 DAGs
[2023-01-15T23:15:49.589+0000] {logging_mixin.py:117} INFO - [2023-01-15T23:15:49.589+0000] {dag.py:3328} INFO - Setting next_dagrun for latest_only_with_trigger to 2023-01-15T19:15:49.589348+00:00, run_after=2023-01-15T23:15:49.589348+00:00
[2023-01-15T23:15:49.617+0000] {processor.py:178} INFO - Processing /home/airflow/.local/lib/python3.7/site-packages/airflow/example_dags/example_latest_only_with_trigger.py took 0.231 seconds
