[2023-01-15T00:38:59.056+0000] {processor.py:156} INFO - Started process (PID=24108) to work on /home/airflow/.local/lib/python3.7/site-packages/airflow/example_dags/example_nested_branch_dag.py
[2023-01-15T00:38:59.060+0000] {processor.py:758} INFO - Processing file /home/airflow/.local/lib/python3.7/site-packages/airflow/example_dags/example_nested_branch_dag.py for tasks to queue
[2023-01-15T00:38:59.062+0000] {logging_mixin.py:117} INFO - [2023-01-15T00:38:59.062+0000] {dagbag.py:525} INFO - Filling up the DagBag from /home/airflow/.local/lib/python3.7/site-packages/airflow/example_dags/example_nested_branch_dag.py
[2023-01-15T00:38:59.103+0000] {processor.py:768} INFO - DAG(s) dict_keys(['example_nested_branch_dag']) retrieved from /home/airflow/.local/lib/python3.7/site-packages/airflow/example_dags/example_nested_branch_dag.py
[2023-01-15T00:38:59.161+0000] {logging_mixin.py:117} INFO - [2023-01-15T00:38:59.161+0000] {dag.py:2573} INFO - Sync 1 DAGs
[2023-01-15T00:38:59.191+0000] {logging_mixin.py:117} INFO - [2023-01-15T00:38:59.191+0000] {dag.py:3328} INFO - Setting next_dagrun for example_nested_branch_dag to 2023-01-14T00:00:00+00:00, run_after=2023-01-15T00:00:00+00:00
[2023-01-15T00:38:59.242+0000] {processor.py:178} INFO - Processing /home/airflow/.local/lib/python3.7/site-packages/airflow/example_dags/example_nested_branch_dag.py took 0.191 seconds
[2023-01-15T01:44:17.177+0000] {processor.py:156} INFO - Started process (PID=24171) to work on /home/airflow/.local/lib/python3.7/site-packages/airflow/example_dags/example_nested_branch_dag.py
[2023-01-15T01:44:17.179+0000] {processor.py:758} INFO - Processing file /home/airflow/.local/lib/python3.7/site-packages/airflow/example_dags/example_nested_branch_dag.py for tasks to queue
[2023-01-15T01:44:17.182+0000] {logging_mixin.py:117} INFO - [2023-01-15T01:44:17.182+0000] {dagbag.py:525} INFO - Filling up the DagBag from /home/airflow/.local/lib/python3.7/site-packages/airflow/example_dags/example_nested_branch_dag.py
[2023-01-15T01:44:17.229+0000] {processor.py:768} INFO - DAG(s) dict_keys(['example_nested_branch_dag']) retrieved from /home/airflow/.local/lib/python3.7/site-packages/airflow/example_dags/example_nested_branch_dag.py
[2023-01-15T01:44:17.294+0000] {logging_mixin.py:117} INFO - [2023-01-15T01:44:17.294+0000] {dag.py:2573} INFO - Sync 1 DAGs
[2023-01-15T01:44:17.324+0000] {logging_mixin.py:117} INFO - [2023-01-15T01:44:17.324+0000] {dag.py:3328} INFO - Setting next_dagrun for example_nested_branch_dag to 2023-01-14T00:00:00+00:00, run_after=2023-01-15T00:00:00+00:00
[2023-01-15T01:44:17.353+0000] {processor.py:178} INFO - Processing /home/airflow/.local/lib/python3.7/site-packages/airflow/example_dags/example_nested_branch_dag.py took 0.181 seconds
[2023-01-15T02:15:46.003+0000] {processor.py:156} INFO - Started process (PID=24232) to work on /home/airflow/.local/lib/python3.7/site-packages/airflow/example_dags/example_nested_branch_dag.py
[2023-01-15T02:15:46.004+0000] {processor.py:758} INFO - Processing file /home/airflow/.local/lib/python3.7/site-packages/airflow/example_dags/example_nested_branch_dag.py for tasks to queue
[2023-01-15T02:15:46.005+0000] {logging_mixin.py:117} INFO - [2023-01-15T02:15:46.005+0000] {dagbag.py:525} INFO - Filling up the DagBag from /home/airflow/.local/lib/python3.7/site-packages/airflow/example_dags/example_nested_branch_dag.py
[2023-01-15T02:15:46.021+0000] {processor.py:768} INFO - DAG(s) dict_keys(['example_nested_branch_dag']) retrieved from /home/airflow/.local/lib/python3.7/site-packages/airflow/example_dags/example_nested_branch_dag.py
[2023-01-15T02:15:46.048+0000] {logging_mixin.py:117} INFO - [2023-01-15T02:15:46.048+0000] {dag.py:2573} INFO - Sync 1 DAGs
[2023-01-15T02:15:46.063+0000] {logging_mixin.py:117} INFO - [2023-01-15T02:15:46.063+0000] {dag.py:3328} INFO - Setting next_dagrun for example_nested_branch_dag to 2023-01-14T00:00:00+00:00, run_after=2023-01-15T00:00:00+00:00
[2023-01-15T02:15:46.074+0000] {processor.py:178} INFO - Processing /home/airflow/.local/lib/python3.7/site-packages/airflow/example_dags/example_nested_branch_dag.py took 0.073 seconds
[2023-01-15T02:16:16.692+0000] {processor.py:156} INFO - Started process (PID=24288) to work on /home/airflow/.local/lib/python3.7/site-packages/airflow/example_dags/example_nested_branch_dag.py
[2023-01-15T02:16:16.693+0000] {processor.py:758} INFO - Processing file /home/airflow/.local/lib/python3.7/site-packages/airflow/example_dags/example_nested_branch_dag.py for tasks to queue
[2023-01-15T02:16:16.694+0000] {logging_mixin.py:117} INFO - [2023-01-15T02:16:16.694+0000] {dagbag.py:525} INFO - Filling up the DagBag from /home/airflow/.local/lib/python3.7/site-packages/airflow/example_dags/example_nested_branch_dag.py
[2023-01-15T02:16:16.710+0000] {processor.py:768} INFO - DAG(s) dict_keys(['example_nested_branch_dag']) retrieved from /home/airflow/.local/lib/python3.7/site-packages/airflow/example_dags/example_nested_branch_dag.py
[2023-01-15T02:16:16.737+0000] {logging_mixin.py:117} INFO - [2023-01-15T02:16:16.737+0000] {dag.py:2573} INFO - Sync 1 DAGs
[2023-01-15T02:16:16.751+0000] {logging_mixin.py:117} INFO - [2023-01-15T02:16:16.751+0000] {dag.py:3328} INFO - Setting next_dagrun for example_nested_branch_dag to 2023-01-14T00:00:00+00:00, run_after=2023-01-15T00:00:00+00:00
[2023-01-15T02:16:16.762+0000] {processor.py:178} INFO - Processing /home/airflow/.local/lib/python3.7/site-packages/airflow/example_dags/example_nested_branch_dag.py took 0.073 seconds
[2023-01-15T02:49:43.417+0000] {processor.py:156} INFO - Started process (PID=24351) to work on /home/airflow/.local/lib/python3.7/site-packages/airflow/example_dags/example_nested_branch_dag.py
[2023-01-15T02:49:43.419+0000] {processor.py:758} INFO - Processing file /home/airflow/.local/lib/python3.7/site-packages/airflow/example_dags/example_nested_branch_dag.py for tasks to queue
[2023-01-15T02:49:43.420+0000] {logging_mixin.py:117} INFO - [2023-01-15T02:49:43.420+0000] {dagbag.py:525} INFO - Filling up the DagBag from /home/airflow/.local/lib/python3.7/site-packages/airflow/example_dags/example_nested_branch_dag.py
[2023-01-15T02:49:43.455+0000] {processor.py:768} INFO - DAG(s) dict_keys(['example_nested_branch_dag']) retrieved from /home/airflow/.local/lib/python3.7/site-packages/airflow/example_dags/example_nested_branch_dag.py
[2023-01-15T02:49:43.496+0000] {logging_mixin.py:117} INFO - [2023-01-15T02:49:43.496+0000] {dag.py:2573} INFO - Sync 1 DAGs
[2023-01-15T02:49:43.534+0000] {logging_mixin.py:117} INFO - [2023-01-15T02:49:43.534+0000] {dag.py:3328} INFO - Setting next_dagrun for example_nested_branch_dag to 2023-01-14T00:00:00+00:00, run_after=2023-01-15T00:00:00+00:00
[2023-01-15T02:49:43.574+0000] {processor.py:178} INFO - Processing /home/airflow/.local/lib/python3.7/site-packages/airflow/example_dags/example_nested_branch_dag.py took 0.163 seconds
[2023-01-15T04:11:01.855+0000] {processor.py:156} INFO - Started process (PID=24414) to work on /home/airflow/.local/lib/python3.7/site-packages/airflow/example_dags/example_nested_branch_dag.py
[2023-01-15T04:11:01.858+0000] {processor.py:758} INFO - Processing file /home/airflow/.local/lib/python3.7/site-packages/airflow/example_dags/example_nested_branch_dag.py for tasks to queue
[2023-01-15T04:11:01.860+0000] {logging_mixin.py:117} INFO - [2023-01-15T04:11:01.860+0000] {dagbag.py:525} INFO - Filling up the DagBag from /home/airflow/.local/lib/python3.7/site-packages/airflow/example_dags/example_nested_branch_dag.py
[2023-01-15T04:11:01.891+0000] {processor.py:768} INFO - DAG(s) dict_keys(['example_nested_branch_dag']) retrieved from /home/airflow/.local/lib/python3.7/site-packages/airflow/example_dags/example_nested_branch_dag.py
[2023-01-15T04:11:01.928+0000] {logging_mixin.py:117} INFO - [2023-01-15T04:11:01.928+0000] {dag.py:2573} INFO - Sync 1 DAGs
[2023-01-15T04:11:01.950+0000] {logging_mixin.py:117} INFO - [2023-01-15T04:11:01.950+0000] {dag.py:3328} INFO - Setting next_dagrun for example_nested_branch_dag to 2023-01-14T00:00:00+00:00, run_after=2023-01-15T00:00:00+00:00
[2023-01-15T04:11:01.966+0000] {processor.py:178} INFO - Processing /home/airflow/.local/lib/python3.7/site-packages/airflow/example_dags/example_nested_branch_dag.py took 0.117 seconds
[2023-01-15T05:08:50.131+0000] {processor.py:156} INFO - Started process (PID=24478) to work on /home/airflow/.local/lib/python3.7/site-packages/airflow/example_dags/example_nested_branch_dag.py
[2023-01-15T05:08:50.133+0000] {processor.py:758} INFO - Processing file /home/airflow/.local/lib/python3.7/site-packages/airflow/example_dags/example_nested_branch_dag.py for tasks to queue
[2023-01-15T05:08:50.134+0000] {logging_mixin.py:117} INFO - [2023-01-15T05:08:50.134+0000] {dagbag.py:525} INFO - Filling up the DagBag from /home/airflow/.local/lib/python3.7/site-packages/airflow/example_dags/example_nested_branch_dag.py
[2023-01-15T05:08:50.164+0000] {processor.py:768} INFO - DAG(s) dict_keys(['example_nested_branch_dag']) retrieved from /home/airflow/.local/lib/python3.7/site-packages/airflow/example_dags/example_nested_branch_dag.py
[2023-01-15T05:08:50.224+0000] {logging_mixin.py:117} INFO - [2023-01-15T05:08:50.224+0000] {dag.py:2573} INFO - Sync 1 DAGs
[2023-01-15T05:08:50.260+0000] {logging_mixin.py:117} INFO - [2023-01-15T05:08:50.260+0000] {dag.py:3328} INFO - Setting next_dagrun for example_nested_branch_dag to 2023-01-14T00:00:00+00:00, run_after=2023-01-15T00:00:00+00:00
[2023-01-15T05:08:50.277+0000] {processor.py:178} INFO - Processing /home/airflow/.local/lib/python3.7/site-packages/airflow/example_dags/example_nested_branch_dag.py took 0.150 seconds
[2023-01-15T06:14:18.534+0000] {processor.py:156} INFO - Started process (PID=24532) to work on /home/airflow/.local/lib/python3.7/site-packages/airflow/example_dags/example_nested_branch_dag.py
[2023-01-15T06:14:18.538+0000] {processor.py:758} INFO - Processing file /home/airflow/.local/lib/python3.7/site-packages/airflow/example_dags/example_nested_branch_dag.py for tasks to queue
[2023-01-15T06:14:18.547+0000] {logging_mixin.py:117} INFO - [2023-01-15T06:14:18.546+0000] {dagbag.py:525} INFO - Filling up the DagBag from /home/airflow/.local/lib/python3.7/site-packages/airflow/example_dags/example_nested_branch_dag.py
[2023-01-15T06:14:18.598+0000] {processor.py:768} INFO - DAG(s) dict_keys(['example_nested_branch_dag']) retrieved from /home/airflow/.local/lib/python3.7/site-packages/airflow/example_dags/example_nested_branch_dag.py
[2023-01-15T06:14:18.675+0000] {logging_mixin.py:117} INFO - [2023-01-15T06:14:18.674+0000] {dag.py:2573} INFO - Sync 1 DAGs
[2023-01-15T06:14:18.711+0000] {logging_mixin.py:117} INFO - [2023-01-15T06:14:18.710+0000] {dag.py:3328} INFO - Setting next_dagrun for example_nested_branch_dag to 2023-01-14T00:00:00+00:00, run_after=2023-01-15T00:00:00+00:00
[2023-01-15T06:14:18.742+0000] {processor.py:178} INFO - Processing /home/airflow/.local/lib/python3.7/site-packages/airflow/example_dags/example_nested_branch_dag.py took 0.213 seconds
[2023-01-15T06:57:24.234+0000] {processor.py:156} INFO - Started process (PID=24595) to work on /home/airflow/.local/lib/python3.7/site-packages/airflow/example_dags/example_nested_branch_dag.py
[2023-01-15T06:57:24.236+0000] {processor.py:758} INFO - Processing file /home/airflow/.local/lib/python3.7/site-packages/airflow/example_dags/example_nested_branch_dag.py for tasks to queue
[2023-01-15T06:57:24.238+0000] {logging_mixin.py:117} INFO - [2023-01-15T06:57:24.238+0000] {dagbag.py:525} INFO - Filling up the DagBag from /home/airflow/.local/lib/python3.7/site-packages/airflow/example_dags/example_nested_branch_dag.py
[2023-01-15T06:57:24.267+0000] {processor.py:768} INFO - DAG(s) dict_keys(['example_nested_branch_dag']) retrieved from /home/airflow/.local/lib/python3.7/site-packages/airflow/example_dags/example_nested_branch_dag.py
[2023-01-15T06:57:24.316+0000] {logging_mixin.py:117} INFO - [2023-01-15T06:57:24.316+0000] {dag.py:2573} INFO - Sync 1 DAGs
[2023-01-15T06:57:24.341+0000] {logging_mixin.py:117} INFO - [2023-01-15T06:57:24.341+0000] {dag.py:3328} INFO - Setting next_dagrun for example_nested_branch_dag to 2023-01-14T00:00:00+00:00, run_after=2023-01-15T00:00:00+00:00
[2023-01-15T06:57:24.368+0000] {processor.py:178} INFO - Processing /home/airflow/.local/lib/python3.7/site-packages/airflow/example_dags/example_nested_branch_dag.py took 0.143 seconds
[2023-01-15T08:03:15.777+0000] {processor.py:156} INFO - Started process (PID=24658) to work on /home/airflow/.local/lib/python3.7/site-packages/airflow/example_dags/example_nested_branch_dag.py
[2023-01-15T08:03:15.783+0000] {processor.py:758} INFO - Processing file /home/airflow/.local/lib/python3.7/site-packages/airflow/example_dags/example_nested_branch_dag.py for tasks to queue
[2023-01-15T08:03:15.786+0000] {logging_mixin.py:117} INFO - [2023-01-15T08:03:15.786+0000] {dagbag.py:525} INFO - Filling up the DagBag from /home/airflow/.local/lib/python3.7/site-packages/airflow/example_dags/example_nested_branch_dag.py
[2023-01-15T08:03:15.857+0000] {processor.py:768} INFO - DAG(s) dict_keys(['example_nested_branch_dag']) retrieved from /home/airflow/.local/lib/python3.7/site-packages/airflow/example_dags/example_nested_branch_dag.py
[2023-01-15T08:03:15.964+0000] {logging_mixin.py:117} INFO - [2023-01-15T08:03:15.964+0000] {dag.py:2573} INFO - Sync 1 DAGs
[2023-01-15T08:03:15.995+0000] {logging_mixin.py:117} INFO - [2023-01-15T08:03:15.995+0000] {dag.py:3328} INFO - Setting next_dagrun for example_nested_branch_dag to 2023-01-14T00:00:00+00:00, run_after=2023-01-15T00:00:00+00:00
[2023-01-15T08:03:16.024+0000] {processor.py:178} INFO - Processing /home/airflow/.local/lib/python3.7/site-packages/airflow/example_dags/example_nested_branch_dag.py took 0.253 seconds
[2023-01-15T09:11:05.925+0000] {processor.py:156} INFO - Started process (PID=24722) to work on /home/airflow/.local/lib/python3.7/site-packages/airflow/example_dags/example_nested_branch_dag.py
[2023-01-15T09:11:05.926+0000] {processor.py:758} INFO - Processing file /home/airflow/.local/lib/python3.7/site-packages/airflow/example_dags/example_nested_branch_dag.py for tasks to queue
[2023-01-15T09:11:05.927+0000] {logging_mixin.py:117} INFO - [2023-01-15T09:11:05.927+0000] {dagbag.py:525} INFO - Filling up the DagBag from /home/airflow/.local/lib/python3.7/site-packages/airflow/example_dags/example_nested_branch_dag.py
[2023-01-15T09:11:05.959+0000] {processor.py:768} INFO - DAG(s) dict_keys(['example_nested_branch_dag']) retrieved from /home/airflow/.local/lib/python3.7/site-packages/airflow/example_dags/example_nested_branch_dag.py
[2023-01-15T09:11:06.014+0000] {logging_mixin.py:117} INFO - [2023-01-15T09:11:06.014+0000] {dag.py:2573} INFO - Sync 1 DAGs
[2023-01-15T09:11:06.038+0000] {logging_mixin.py:117} INFO - [2023-01-15T09:11:06.038+0000] {dag.py:3328} INFO - Setting next_dagrun for example_nested_branch_dag to 2023-01-14T00:00:00+00:00, run_after=2023-01-15T00:00:00+00:00
[2023-01-15T09:11:06.054+0000] {processor.py:178} INFO - Processing /home/airflow/.local/lib/python3.7/site-packages/airflow/example_dags/example_nested_branch_dag.py took 0.141 seconds
[2023-01-15T09:32:53.131+0000] {processor.py:156} INFO - Started process (PID=24776) to work on /home/airflow/.local/lib/python3.7/site-packages/airflow/example_dags/example_nested_branch_dag.py
[2023-01-15T09:32:53.136+0000] {processor.py:758} INFO - Processing file /home/airflow/.local/lib/python3.7/site-packages/airflow/example_dags/example_nested_branch_dag.py for tasks to queue
[2023-01-15T09:32:53.138+0000] {logging_mixin.py:117} INFO - [2023-01-15T09:32:53.138+0000] {dagbag.py:525} INFO - Filling up the DagBag from /home/airflow/.local/lib/python3.7/site-packages/airflow/example_dags/example_nested_branch_dag.py
[2023-01-15T09:32:53.172+0000] {processor.py:768} INFO - DAG(s) dict_keys(['example_nested_branch_dag']) retrieved from /home/airflow/.local/lib/python3.7/site-packages/airflow/example_dags/example_nested_branch_dag.py
[2023-01-15T09:32:53.207+0000] {logging_mixin.py:117} INFO - [2023-01-15T09:32:53.207+0000] {dag.py:2573} INFO - Sync 1 DAGs
[2023-01-15T09:32:53.229+0000] {logging_mixin.py:117} INFO - [2023-01-15T09:32:53.229+0000] {dag.py:3328} INFO - Setting next_dagrun for example_nested_branch_dag to 2023-01-14T00:00:00+00:00, run_after=2023-01-15T00:00:00+00:00
[2023-01-15T09:32:53.244+0000] {processor.py:178} INFO - Processing /home/airflow/.local/lib/python3.7/site-packages/airflow/example_dags/example_nested_branch_dag.py took 0.118 seconds
[2023-01-15T09:33:55.092+0000] {processor.py:156} INFO - Started process (PID=24839) to work on /home/airflow/.local/lib/python3.7/site-packages/airflow/example_dags/example_nested_branch_dag.py
[2023-01-15T09:33:55.094+0000] {processor.py:758} INFO - Processing file /home/airflow/.local/lib/python3.7/site-packages/airflow/example_dags/example_nested_branch_dag.py for tasks to queue
[2023-01-15T09:33:55.095+0000] {logging_mixin.py:117} INFO - [2023-01-15T09:33:55.095+0000] {dagbag.py:525} INFO - Filling up the DagBag from /home/airflow/.local/lib/python3.7/site-packages/airflow/example_dags/example_nested_branch_dag.py
[2023-01-15T09:33:55.115+0000] {processor.py:768} INFO - DAG(s) dict_keys(['example_nested_branch_dag']) retrieved from /home/airflow/.local/lib/python3.7/site-packages/airflow/example_dags/example_nested_branch_dag.py
[2023-01-15T09:33:55.148+0000] {logging_mixin.py:117} INFO - [2023-01-15T09:33:55.147+0000] {dag.py:2573} INFO - Sync 1 DAGs
[2023-01-15T09:33:55.164+0000] {logging_mixin.py:117} INFO - [2023-01-15T09:33:55.164+0000] {dag.py:3328} INFO - Setting next_dagrun for example_nested_branch_dag to 2023-01-14T00:00:00+00:00, run_after=2023-01-15T00:00:00+00:00
[2023-01-15T09:33:55.177+0000] {processor.py:178} INFO - Processing /home/airflow/.local/lib/python3.7/site-packages/airflow/example_dags/example_nested_branch_dag.py took 0.089 seconds
[2023-01-15T09:43:29.413+0000] {processor.py:156} INFO - Started process (PID=24902) to work on /home/airflow/.local/lib/python3.7/site-packages/airflow/example_dags/example_nested_branch_dag.py
[2023-01-15T09:43:29.417+0000] {processor.py:758} INFO - Processing file /home/airflow/.local/lib/python3.7/site-packages/airflow/example_dags/example_nested_branch_dag.py for tasks to queue
[2023-01-15T09:43:29.421+0000] {logging_mixin.py:117} INFO - [2023-01-15T09:43:29.421+0000] {dagbag.py:525} INFO - Filling up the DagBag from /home/airflow/.local/lib/python3.7/site-packages/airflow/example_dags/example_nested_branch_dag.py
[2023-01-15T09:43:29.480+0000] {processor.py:768} INFO - DAG(s) dict_keys(['example_nested_branch_dag']) retrieved from /home/airflow/.local/lib/python3.7/site-packages/airflow/example_dags/example_nested_branch_dag.py
[2023-01-15T09:43:29.554+0000] {logging_mixin.py:117} INFO - [2023-01-15T09:43:29.554+0000] {dag.py:2573} INFO - Sync 1 DAGs
[2023-01-15T09:43:29.584+0000] {logging_mixin.py:117} INFO - [2023-01-15T09:43:29.583+0000] {dag.py:3328} INFO - Setting next_dagrun for example_nested_branch_dag to 2023-01-14T00:00:00+00:00, run_after=2023-01-15T00:00:00+00:00
[2023-01-15T09:43:29.597+0000] {processor.py:178} INFO - Processing /home/airflow/.local/lib/python3.7/site-packages/airflow/example_dags/example_nested_branch_dag.py took 0.195 seconds
[2023-01-15T11:04:08.850+0000] {processor.py:156} INFO - Started process (PID=24964) to work on /home/airflow/.local/lib/python3.7/site-packages/airflow/example_dags/example_nested_branch_dag.py
[2023-01-15T11:04:08.852+0000] {processor.py:758} INFO - Processing file /home/airflow/.local/lib/python3.7/site-packages/airflow/example_dags/example_nested_branch_dag.py for tasks to queue
[2023-01-15T11:04:08.853+0000] {logging_mixin.py:117} INFO - [2023-01-15T11:04:08.853+0000] {dagbag.py:525} INFO - Filling up the DagBag from /home/airflow/.local/lib/python3.7/site-packages/airflow/example_dags/example_nested_branch_dag.py
[2023-01-15T11:04:08.881+0000] {processor.py:768} INFO - DAG(s) dict_keys(['example_nested_branch_dag']) retrieved from /home/airflow/.local/lib/python3.7/site-packages/airflow/example_dags/example_nested_branch_dag.py
[2023-01-15T11:04:08.941+0000] {logging_mixin.py:117} INFO - [2023-01-15T11:04:08.941+0000] {dag.py:2573} INFO - Sync 1 DAGs
[2023-01-15T11:04:08.964+0000] {logging_mixin.py:117} INFO - [2023-01-15T11:04:08.964+0000] {dag.py:3328} INFO - Setting next_dagrun for example_nested_branch_dag to 2023-01-14T00:00:00+00:00, run_after=2023-01-15T00:00:00+00:00
[2023-01-15T11:04:08.985+0000] {processor.py:178} INFO - Processing /home/airflow/.local/lib/python3.7/site-packages/airflow/example_dags/example_nested_branch_dag.py took 0.140 seconds
[2023-01-15T12:04:15.651+0000] {processor.py:156} INFO - Started process (PID=25019) to work on /home/airflow/.local/lib/python3.7/site-packages/airflow/example_dags/example_nested_branch_dag.py
[2023-01-15T12:04:15.653+0000] {processor.py:758} INFO - Processing file /home/airflow/.local/lib/python3.7/site-packages/airflow/example_dags/example_nested_branch_dag.py for tasks to queue
[2023-01-15T12:04:15.654+0000] {logging_mixin.py:117} INFO - [2023-01-15T12:04:15.654+0000] {dagbag.py:525} INFO - Filling up the DagBag from /home/airflow/.local/lib/python3.7/site-packages/airflow/example_dags/example_nested_branch_dag.py
[2023-01-15T12:04:15.689+0000] {processor.py:768} INFO - DAG(s) dict_keys(['example_nested_branch_dag']) retrieved from /home/airflow/.local/lib/python3.7/site-packages/airflow/example_dags/example_nested_branch_dag.py
[2023-01-15T12:04:15.762+0000] {logging_mixin.py:117} INFO - [2023-01-15T12:04:15.762+0000] {dag.py:2573} INFO - Sync 1 DAGs
[2023-01-15T12:04:15.818+0000] {logging_mixin.py:117} INFO - [2023-01-15T12:04:15.818+0000] {dag.py:3328} INFO - Setting next_dagrun for example_nested_branch_dag to 2023-01-14T00:00:00+00:00, run_after=2023-01-15T00:00:00+00:00
[2023-01-15T12:04:15.870+0000] {processor.py:178} INFO - Processing /home/airflow/.local/lib/python3.7/site-packages/airflow/example_dags/example_nested_branch_dag.py took 0.222 seconds
[2023-01-15T12:42:37.477+0000] {processor.py:156} INFO - Started process (PID=25082) to work on /home/airflow/.local/lib/python3.7/site-packages/airflow/example_dags/example_nested_branch_dag.py
[2023-01-15T12:42:37.483+0000] {processor.py:758} INFO - Processing file /home/airflow/.local/lib/python3.7/site-packages/airflow/example_dags/example_nested_branch_dag.py for tasks to queue
[2023-01-15T12:42:37.487+0000] {logging_mixin.py:117} INFO - [2023-01-15T12:42:37.487+0000] {dagbag.py:525} INFO - Filling up the DagBag from /home/airflow/.local/lib/python3.7/site-packages/airflow/example_dags/example_nested_branch_dag.py
[2023-01-15T12:42:37.541+0000] {processor.py:768} INFO - DAG(s) dict_keys(['example_nested_branch_dag']) retrieved from /home/airflow/.local/lib/python3.7/site-packages/airflow/example_dags/example_nested_branch_dag.py
[2023-01-15T12:42:37.651+0000] {logging_mixin.py:117} INFO - [2023-01-15T12:42:37.651+0000] {dag.py:2573} INFO - Sync 1 DAGs
[2023-01-15T12:42:37.675+0000] {logging_mixin.py:117} INFO - [2023-01-15T12:42:37.675+0000] {dag.py:3328} INFO - Setting next_dagrun for example_nested_branch_dag to 2023-01-14T00:00:00+00:00, run_after=2023-01-15T00:00:00+00:00
[2023-01-15T12:42:37.692+0000] {processor.py:178} INFO - Processing /home/airflow/.local/lib/python3.7/site-packages/airflow/example_dags/example_nested_branch_dag.py took 0.220 seconds
[2023-01-15T13:21:55.127+0000] {processor.py:156} INFO - Started process (PID=25145) to work on /home/airflow/.local/lib/python3.7/site-packages/airflow/example_dags/example_nested_branch_dag.py
[2023-01-15T13:21:55.128+0000] {processor.py:758} INFO - Processing file /home/airflow/.local/lib/python3.7/site-packages/airflow/example_dags/example_nested_branch_dag.py for tasks to queue
[2023-01-15T13:21:55.129+0000] {logging_mixin.py:117} INFO - [2023-01-15T13:21:55.129+0000] {dagbag.py:525} INFO - Filling up the DagBag from /home/airflow/.local/lib/python3.7/site-packages/airflow/example_dags/example_nested_branch_dag.py
[2023-01-15T13:21:55.145+0000] {processor.py:768} INFO - DAG(s) dict_keys(['example_nested_branch_dag']) retrieved from /home/airflow/.local/lib/python3.7/site-packages/airflow/example_dags/example_nested_branch_dag.py
[2023-01-15T13:21:55.173+0000] {logging_mixin.py:117} INFO - [2023-01-15T13:21:55.173+0000] {dag.py:2573} INFO - Sync 1 DAGs
[2023-01-15T13:21:55.187+0000] {logging_mixin.py:117} INFO - [2023-01-15T13:21:55.187+0000] {dag.py:3328} INFO - Setting next_dagrun for example_nested_branch_dag to 2023-01-14T00:00:00+00:00, run_after=2023-01-15T00:00:00+00:00
[2023-01-15T13:21:55.198+0000] {processor.py:178} INFO - Processing /home/airflow/.local/lib/python3.7/site-packages/airflow/example_dags/example_nested_branch_dag.py took 0.074 seconds
[2023-01-15T13:38:28.505+0000] {processor.py:156} INFO - Started process (PID=25208) to work on /home/airflow/.local/lib/python3.7/site-packages/airflow/example_dags/example_nested_branch_dag.py
[2023-01-15T13:38:28.507+0000] {processor.py:758} INFO - Processing file /home/airflow/.local/lib/python3.7/site-packages/airflow/example_dags/example_nested_branch_dag.py for tasks to queue
[2023-01-15T13:38:28.509+0000] {logging_mixin.py:117} INFO - [2023-01-15T13:38:28.509+0000] {dagbag.py:525} INFO - Filling up the DagBag from /home/airflow/.local/lib/python3.7/site-packages/airflow/example_dags/example_nested_branch_dag.py
[2023-01-15T13:38:28.571+0000] {processor.py:768} INFO - DAG(s) dict_keys(['example_nested_branch_dag']) retrieved from /home/airflow/.local/lib/python3.7/site-packages/airflow/example_dags/example_nested_branch_dag.py
[2023-01-15T13:38:28.666+0000] {logging_mixin.py:117} INFO - [2023-01-15T13:38:28.665+0000] {dag.py:2573} INFO - Sync 1 DAGs
[2023-01-15T13:38:28.696+0000] {logging_mixin.py:117} INFO - [2023-01-15T13:38:28.696+0000] {dag.py:3328} INFO - Setting next_dagrun for example_nested_branch_dag to 2023-01-14T00:00:00+00:00, run_after=2023-01-15T00:00:00+00:00
[2023-01-15T13:38:28.716+0000] {processor.py:178} INFO - Processing /home/airflow/.local/lib/python3.7/site-packages/airflow/example_dags/example_nested_branch_dag.py took 0.221 seconds
[2023-01-15T13:38:59.639+0000] {processor.py:156} INFO - Started process (PID=25262) to work on /home/airflow/.local/lib/python3.7/site-packages/airflow/example_dags/example_nested_branch_dag.py
[2023-01-15T13:38:59.641+0000] {processor.py:758} INFO - Processing file /home/airflow/.local/lib/python3.7/site-packages/airflow/example_dags/example_nested_branch_dag.py for tasks to queue
[2023-01-15T13:38:59.642+0000] {logging_mixin.py:117} INFO - [2023-01-15T13:38:59.642+0000] {dagbag.py:525} INFO - Filling up the DagBag from /home/airflow/.local/lib/python3.7/site-packages/airflow/example_dags/example_nested_branch_dag.py
[2023-01-15T13:38:59.665+0000] {processor.py:768} INFO - DAG(s) dict_keys(['example_nested_branch_dag']) retrieved from /home/airflow/.local/lib/python3.7/site-packages/airflow/example_dags/example_nested_branch_dag.py
[2023-01-15T13:38:59.692+0000] {logging_mixin.py:117} INFO - [2023-01-15T13:38:59.692+0000] {dag.py:2573} INFO - Sync 1 DAGs
[2023-01-15T13:38:59.707+0000] {logging_mixin.py:117} INFO - [2023-01-15T13:38:59.707+0000] {dag.py:3328} INFO - Setting next_dagrun for example_nested_branch_dag to 2023-01-14T00:00:00+00:00, run_after=2023-01-15T00:00:00+00:00
[2023-01-15T13:38:59.718+0000] {processor.py:178} INFO - Processing /home/airflow/.local/lib/python3.7/site-packages/airflow/example_dags/example_nested_branch_dag.py took 0.082 seconds
[2023-01-15T13:39:29.980+0000] {processor.py:156} INFO - Started process (PID=25325) to work on /home/airflow/.local/lib/python3.7/site-packages/airflow/example_dags/example_nested_branch_dag.py
[2023-01-15T13:39:29.981+0000] {processor.py:758} INFO - Processing file /home/airflow/.local/lib/python3.7/site-packages/airflow/example_dags/example_nested_branch_dag.py for tasks to queue
[2023-01-15T13:39:29.983+0000] {logging_mixin.py:117} INFO - [2023-01-15T13:39:29.983+0000] {dagbag.py:525} INFO - Filling up the DagBag from /home/airflow/.local/lib/python3.7/site-packages/airflow/example_dags/example_nested_branch_dag.py
[2023-01-15T13:39:30.006+0000] {processor.py:768} INFO - DAG(s) dict_keys(['example_nested_branch_dag']) retrieved from /home/airflow/.local/lib/python3.7/site-packages/airflow/example_dags/example_nested_branch_dag.py
[2023-01-15T13:39:30.033+0000] {logging_mixin.py:117} INFO - [2023-01-15T13:39:30.033+0000] {dag.py:2573} INFO - Sync 1 DAGs
[2023-01-15T13:39:30.048+0000] {logging_mixin.py:117} INFO - [2023-01-15T13:39:30.048+0000] {dag.py:3328} INFO - Setting next_dagrun for example_nested_branch_dag to 2023-01-14T00:00:00+00:00, run_after=2023-01-15T00:00:00+00:00
[2023-01-15T13:39:30.060+0000] {processor.py:178} INFO - Processing /home/airflow/.local/lib/python3.7/site-packages/airflow/example_dags/example_nested_branch_dag.py took 0.085 seconds
[2023-01-15T13:40:00.405+0000] {processor.py:156} INFO - Started process (PID=25388) to work on /home/airflow/.local/lib/python3.7/site-packages/airflow/example_dags/example_nested_branch_dag.py
[2023-01-15T13:40:00.406+0000] {processor.py:758} INFO - Processing file /home/airflow/.local/lib/python3.7/site-packages/airflow/example_dags/example_nested_branch_dag.py for tasks to queue
[2023-01-15T13:40:00.407+0000] {logging_mixin.py:117} INFO - [2023-01-15T13:40:00.407+0000] {dagbag.py:525} INFO - Filling up the DagBag from /home/airflow/.local/lib/python3.7/site-packages/airflow/example_dags/example_nested_branch_dag.py
[2023-01-15T13:40:00.432+0000] {processor.py:768} INFO - DAG(s) dict_keys(['example_nested_branch_dag']) retrieved from /home/airflow/.local/lib/python3.7/site-packages/airflow/example_dags/example_nested_branch_dag.py
[2023-01-15T13:40:00.460+0000] {logging_mixin.py:117} INFO - [2023-01-15T13:40:00.460+0000] {dag.py:2573} INFO - Sync 1 DAGs
[2023-01-15T13:40:00.474+0000] {logging_mixin.py:117} INFO - [2023-01-15T13:40:00.474+0000] {dag.py:3328} INFO - Setting next_dagrun for example_nested_branch_dag to 2023-01-14T00:00:00+00:00, run_after=2023-01-15T00:00:00+00:00
[2023-01-15T13:40:00.485+0000] {processor.py:178} INFO - Processing /home/airflow/.local/lib/python3.7/site-packages/airflow/example_dags/example_nested_branch_dag.py took 0.085 seconds
[2023-01-15T13:40:30.844+0000] {processor.py:156} INFO - Started process (PID=25451) to work on /home/airflow/.local/lib/python3.7/site-packages/airflow/example_dags/example_nested_branch_dag.py
[2023-01-15T13:40:30.847+0000] {processor.py:758} INFO - Processing file /home/airflow/.local/lib/python3.7/site-packages/airflow/example_dags/example_nested_branch_dag.py for tasks to queue
[2023-01-15T13:40:30.848+0000] {logging_mixin.py:117} INFO - [2023-01-15T13:40:30.848+0000] {dagbag.py:525} INFO - Filling up the DagBag from /home/airflow/.local/lib/python3.7/site-packages/airflow/example_dags/example_nested_branch_dag.py
[2023-01-15T13:40:30.868+0000] {processor.py:768} INFO - DAG(s) dict_keys(['example_nested_branch_dag']) retrieved from /home/airflow/.local/lib/python3.7/site-packages/airflow/example_dags/example_nested_branch_dag.py
[2023-01-15T13:40:30.907+0000] {logging_mixin.py:117} INFO - [2023-01-15T13:40:30.907+0000] {dag.py:2573} INFO - Sync 1 DAGs
[2023-01-15T13:40:30.928+0000] {logging_mixin.py:117} INFO - [2023-01-15T13:40:30.928+0000] {dag.py:3328} INFO - Setting next_dagrun for example_nested_branch_dag to 2023-01-14T00:00:00+00:00, run_after=2023-01-15T00:00:00+00:00
[2023-01-15T13:40:30.940+0000] {processor.py:178} INFO - Processing /home/airflow/.local/lib/python3.7/site-packages/airflow/example_dags/example_nested_branch_dag.py took 0.098 seconds
[2023-01-15T13:41:01.345+0000] {processor.py:156} INFO - Started process (PID=25514) to work on /home/airflow/.local/lib/python3.7/site-packages/airflow/example_dags/example_nested_branch_dag.py
[2023-01-15T13:41:01.347+0000] {processor.py:758} INFO - Processing file /home/airflow/.local/lib/python3.7/site-packages/airflow/example_dags/example_nested_branch_dag.py for tasks to queue
[2023-01-15T13:41:01.348+0000] {logging_mixin.py:117} INFO - [2023-01-15T13:41:01.348+0000] {dagbag.py:525} INFO - Filling up the DagBag from /home/airflow/.local/lib/python3.7/site-packages/airflow/example_dags/example_nested_branch_dag.py
[2023-01-15T13:41:01.368+0000] {processor.py:768} INFO - DAG(s) dict_keys(['example_nested_branch_dag']) retrieved from /home/airflow/.local/lib/python3.7/site-packages/airflow/example_dags/example_nested_branch_dag.py
[2023-01-15T13:41:01.396+0000] {logging_mixin.py:117} INFO - [2023-01-15T13:41:01.396+0000] {dag.py:2573} INFO - Sync 1 DAGs
[2023-01-15T13:41:01.412+0000] {logging_mixin.py:117} INFO - [2023-01-15T13:41:01.412+0000] {dag.py:3328} INFO - Setting next_dagrun for example_nested_branch_dag to 2023-01-14T00:00:00+00:00, run_after=2023-01-15T00:00:00+00:00
[2023-01-15T13:41:01.421+0000] {processor.py:178} INFO - Processing /home/airflow/.local/lib/python3.7/site-packages/airflow/example_dags/example_nested_branch_dag.py took 0.079 seconds
[2023-01-15T13:41:31.657+0000] {processor.py:156} INFO - Started process (PID=25577) to work on /home/airflow/.local/lib/python3.7/site-packages/airflow/example_dags/example_nested_branch_dag.py
[2023-01-15T13:41:31.658+0000] {processor.py:758} INFO - Processing file /home/airflow/.local/lib/python3.7/site-packages/airflow/example_dags/example_nested_branch_dag.py for tasks to queue
[2023-01-15T13:41:31.659+0000] {logging_mixin.py:117} INFO - [2023-01-15T13:41:31.659+0000] {dagbag.py:525} INFO - Filling up the DagBag from /home/airflow/.local/lib/python3.7/site-packages/airflow/example_dags/example_nested_branch_dag.py
[2023-01-15T13:41:31.678+0000] {processor.py:768} INFO - DAG(s) dict_keys(['example_nested_branch_dag']) retrieved from /home/airflow/.local/lib/python3.7/site-packages/airflow/example_dags/example_nested_branch_dag.py
[2023-01-15T13:41:31.711+0000] {logging_mixin.py:117} INFO - [2023-01-15T13:41:31.711+0000] {dag.py:2573} INFO - Sync 1 DAGs
[2023-01-15T13:41:31.733+0000] {logging_mixin.py:117} INFO - [2023-01-15T13:41:31.733+0000] {dag.py:3328} INFO - Setting next_dagrun for example_nested_branch_dag to 2023-01-14T00:00:00+00:00, run_after=2023-01-15T00:00:00+00:00
[2023-01-15T13:41:31.746+0000] {processor.py:178} INFO - Processing /home/airflow/.local/lib/python3.7/site-packages/airflow/example_dags/example_nested_branch_dag.py took 0.093 seconds
[2023-01-15T13:42:02.050+0000] {processor.py:156} INFO - Started process (PID=25632) to work on /home/airflow/.local/lib/python3.7/site-packages/airflow/example_dags/example_nested_branch_dag.py
[2023-01-15T13:42:02.052+0000] {processor.py:758} INFO - Processing file /home/airflow/.local/lib/python3.7/site-packages/airflow/example_dags/example_nested_branch_dag.py for tasks to queue
[2023-01-15T13:42:02.053+0000] {logging_mixin.py:117} INFO - [2023-01-15T13:42:02.052+0000] {dagbag.py:525} INFO - Filling up the DagBag from /home/airflow/.local/lib/python3.7/site-packages/airflow/example_dags/example_nested_branch_dag.py
[2023-01-15T13:42:02.074+0000] {processor.py:768} INFO - DAG(s) dict_keys(['example_nested_branch_dag']) retrieved from /home/airflow/.local/lib/python3.7/site-packages/airflow/example_dags/example_nested_branch_dag.py
[2023-01-15T13:42:02.103+0000] {logging_mixin.py:117} INFO - [2023-01-15T13:42:02.103+0000] {dag.py:2573} INFO - Sync 1 DAGs
[2023-01-15T13:42:02.116+0000] {logging_mixin.py:117} INFO - [2023-01-15T13:42:02.116+0000] {dag.py:3328} INFO - Setting next_dagrun for example_nested_branch_dag to 2023-01-14T00:00:00+00:00, run_after=2023-01-15T00:00:00+00:00
[2023-01-15T13:42:02.127+0000] {processor.py:178} INFO - Processing /home/airflow/.local/lib/python3.7/site-packages/airflow/example_dags/example_nested_branch_dag.py took 0.081 seconds
[2023-01-15T13:58:05.423+0000] {processor.py:156} INFO - Started process (PID=25695) to work on /home/airflow/.local/lib/python3.7/site-packages/airflow/example_dags/example_nested_branch_dag.py
[2023-01-15T13:58:05.425+0000] {processor.py:758} INFO - Processing file /home/airflow/.local/lib/python3.7/site-packages/airflow/example_dags/example_nested_branch_dag.py for tasks to queue
[2023-01-15T13:58:05.426+0000] {logging_mixin.py:117} INFO - [2023-01-15T13:58:05.426+0000] {dagbag.py:525} INFO - Filling up the DagBag from /home/airflow/.local/lib/python3.7/site-packages/airflow/example_dags/example_nested_branch_dag.py
[2023-01-15T13:58:05.454+0000] {processor.py:768} INFO - DAG(s) dict_keys(['example_nested_branch_dag']) retrieved from /home/airflow/.local/lib/python3.7/site-packages/airflow/example_dags/example_nested_branch_dag.py
[2023-01-15T13:58:05.515+0000] {logging_mixin.py:117} INFO - [2023-01-15T13:58:05.515+0000] {dag.py:2573} INFO - Sync 1 DAGs
[2023-01-15T13:58:05.539+0000] {logging_mixin.py:117} INFO - [2023-01-15T13:58:05.539+0000] {dag.py:3328} INFO - Setting next_dagrun for example_nested_branch_dag to 2023-01-14T00:00:00+00:00, run_after=2023-01-15T00:00:00+00:00
[2023-01-15T13:58:05.561+0000] {processor.py:178} INFO - Processing /home/airflow/.local/lib/python3.7/site-packages/airflow/example_dags/example_nested_branch_dag.py took 0.145 seconds
[2023-01-15T14:09:07.677+0000] {processor.py:156} INFO - Started process (PID=25758) to work on /home/airflow/.local/lib/python3.7/site-packages/airflow/example_dags/example_nested_branch_dag.py
[2023-01-15T14:09:07.681+0000] {processor.py:758} INFO - Processing file /home/airflow/.local/lib/python3.7/site-packages/airflow/example_dags/example_nested_branch_dag.py for tasks to queue
[2023-01-15T14:09:07.682+0000] {logging_mixin.py:117} INFO - [2023-01-15T14:09:07.682+0000] {dagbag.py:525} INFO - Filling up the DagBag from /home/airflow/.local/lib/python3.7/site-packages/airflow/example_dags/example_nested_branch_dag.py
[2023-01-15T14:09:07.724+0000] {processor.py:768} INFO - DAG(s) dict_keys(['example_nested_branch_dag']) retrieved from /home/airflow/.local/lib/python3.7/site-packages/airflow/example_dags/example_nested_branch_dag.py
[2023-01-15T14:09:07.790+0000] {logging_mixin.py:117} INFO - [2023-01-15T14:09:07.789+0000] {dag.py:2573} INFO - Sync 1 DAGs
[2023-01-15T14:09:07.821+0000] {logging_mixin.py:117} INFO - [2023-01-15T14:09:07.821+0000] {dag.py:3328} INFO - Setting next_dagrun for example_nested_branch_dag to 2023-01-14T00:00:00+00:00, run_after=2023-01-15T00:00:00+00:00
[2023-01-15T14:09:07.839+0000] {processor.py:178} INFO - Processing /home/airflow/.local/lib/python3.7/site-packages/airflow/example_dags/example_nested_branch_dag.py took 0.167 seconds
[2023-01-15T14:09:38.323+0000] {processor.py:156} INFO - Started process (PID=25821) to work on /home/airflow/.local/lib/python3.7/site-packages/airflow/example_dags/example_nested_branch_dag.py
[2023-01-15T14:09:38.324+0000] {processor.py:758} INFO - Processing file /home/airflow/.local/lib/python3.7/site-packages/airflow/example_dags/example_nested_branch_dag.py for tasks to queue
[2023-01-15T14:09:38.325+0000] {logging_mixin.py:117} INFO - [2023-01-15T14:09:38.325+0000] {dagbag.py:525} INFO - Filling up the DagBag from /home/airflow/.local/lib/python3.7/site-packages/airflow/example_dags/example_nested_branch_dag.py
[2023-01-15T14:09:38.342+0000] {processor.py:768} INFO - DAG(s) dict_keys(['example_nested_branch_dag']) retrieved from /home/airflow/.local/lib/python3.7/site-packages/airflow/example_dags/example_nested_branch_dag.py
[2023-01-15T14:09:38.380+0000] {logging_mixin.py:117} INFO - [2023-01-15T14:09:38.380+0000] {dag.py:2573} INFO - Sync 1 DAGs
[2023-01-15T14:09:38.397+0000] {logging_mixin.py:117} INFO - [2023-01-15T14:09:38.397+0000] {dag.py:3328} INFO - Setting next_dagrun for example_nested_branch_dag to 2023-01-14T00:00:00+00:00, run_after=2023-01-15T00:00:00+00:00
[2023-01-15T14:09:38.407+0000] {processor.py:178} INFO - Processing /home/airflow/.local/lib/python3.7/site-packages/airflow/example_dags/example_nested_branch_dag.py took 0.086 seconds
[2023-01-15T14:59:13.293+0000] {processor.py:156} INFO - Started process (PID=25885) to work on /home/airflow/.local/lib/python3.7/site-packages/airflow/example_dags/example_nested_branch_dag.py
[2023-01-15T14:59:13.298+0000] {processor.py:758} INFO - Processing file /home/airflow/.local/lib/python3.7/site-packages/airflow/example_dags/example_nested_branch_dag.py for tasks to queue
[2023-01-15T14:59:13.299+0000] {logging_mixin.py:117} INFO - [2023-01-15T14:59:13.299+0000] {dagbag.py:525} INFO - Filling up the DagBag from /home/airflow/.local/lib/python3.7/site-packages/airflow/example_dags/example_nested_branch_dag.py
[2023-01-15T14:59:13.327+0000] {processor.py:768} INFO - DAG(s) dict_keys(['example_nested_branch_dag']) retrieved from /home/airflow/.local/lib/python3.7/site-packages/airflow/example_dags/example_nested_branch_dag.py
[2023-01-15T14:59:13.393+0000] {logging_mixin.py:117} INFO - [2023-01-15T14:59:13.393+0000] {dag.py:2573} INFO - Sync 1 DAGs
[2023-01-15T14:59:13.421+0000] {logging_mixin.py:117} INFO - [2023-01-15T14:59:13.421+0000] {dag.py:3328} INFO - Setting next_dagrun for example_nested_branch_dag to 2023-01-14T00:00:00+00:00, run_after=2023-01-15T00:00:00+00:00
[2023-01-15T14:59:13.443+0000] {processor.py:178} INFO - Processing /home/airflow/.local/lib/python3.7/site-packages/airflow/example_dags/example_nested_branch_dag.py took 0.155 seconds
[2023-01-15T16:21:35.424+0000] {processor.py:156} INFO - Started process (PID=25939) to work on /home/airflow/.local/lib/python3.7/site-packages/airflow/example_dags/example_nested_branch_dag.py
[2023-01-15T16:21:35.425+0000] {processor.py:758} INFO - Processing file /home/airflow/.local/lib/python3.7/site-packages/airflow/example_dags/example_nested_branch_dag.py for tasks to queue
[2023-01-15T16:21:35.427+0000] {logging_mixin.py:117} INFO - [2023-01-15T16:21:35.427+0000] {dagbag.py:525} INFO - Filling up the DagBag from /home/airflow/.local/lib/python3.7/site-packages/airflow/example_dags/example_nested_branch_dag.py
[2023-01-15T16:21:35.453+0000] {processor.py:768} INFO - DAG(s) dict_keys(['example_nested_branch_dag']) retrieved from /home/airflow/.local/lib/python3.7/site-packages/airflow/example_dags/example_nested_branch_dag.py
[2023-01-15T16:21:35.500+0000] {logging_mixin.py:117} INFO - [2023-01-15T16:21:35.500+0000] {dag.py:2573} INFO - Sync 1 DAGs
[2023-01-15T16:21:35.526+0000] {logging_mixin.py:117} INFO - [2023-01-15T16:21:35.526+0000] {dag.py:3328} INFO - Setting next_dagrun for example_nested_branch_dag to 2023-01-14T00:00:00+00:00, run_after=2023-01-15T00:00:00+00:00
[2023-01-15T16:21:35.545+0000] {processor.py:178} INFO - Processing /home/airflow/.local/lib/python3.7/site-packages/airflow/example_dags/example_nested_branch_dag.py took 0.127 seconds
[2023-01-15T17:27:03.253+0000] {processor.py:156} INFO - Started process (PID=26002) to work on /home/airflow/.local/lib/python3.7/site-packages/airflow/example_dags/example_nested_branch_dag.py
[2023-01-15T17:27:03.255+0000] {processor.py:758} INFO - Processing file /home/airflow/.local/lib/python3.7/site-packages/airflow/example_dags/example_nested_branch_dag.py for tasks to queue
[2023-01-15T17:27:03.256+0000] {logging_mixin.py:117} INFO - [2023-01-15T17:27:03.256+0000] {dagbag.py:525} INFO - Filling up the DagBag from /home/airflow/.local/lib/python3.7/site-packages/airflow/example_dags/example_nested_branch_dag.py
[2023-01-15T17:27:03.288+0000] {processor.py:768} INFO - DAG(s) dict_keys(['example_nested_branch_dag']) retrieved from /home/airflow/.local/lib/python3.7/site-packages/airflow/example_dags/example_nested_branch_dag.py
[2023-01-15T17:27:03.335+0000] {logging_mixin.py:117} INFO - [2023-01-15T17:27:03.334+0000] {dag.py:2573} INFO - Sync 1 DAGs
[2023-01-15T17:27:03.368+0000] {logging_mixin.py:117} INFO - [2023-01-15T17:27:03.368+0000] {dag.py:3328} INFO - Setting next_dagrun for example_nested_branch_dag to 2023-01-14T00:00:00+00:00, run_after=2023-01-15T00:00:00+00:00
[2023-01-15T17:27:03.396+0000] {processor.py:178} INFO - Processing /home/airflow/.local/lib/python3.7/site-packages/airflow/example_dags/example_nested_branch_dag.py took 0.147 seconds
[2023-01-15T18:23:36.179+0000] {processor.py:156} INFO - Started process (PID=26065) to work on /home/airflow/.local/lib/python3.7/site-packages/airflow/example_dags/example_nested_branch_dag.py
[2023-01-15T18:23:36.182+0000] {processor.py:758} INFO - Processing file /home/airflow/.local/lib/python3.7/site-packages/airflow/example_dags/example_nested_branch_dag.py for tasks to queue
[2023-01-15T18:23:36.184+0000] {logging_mixin.py:117} INFO - [2023-01-15T18:23:36.184+0000] {dagbag.py:525} INFO - Filling up the DagBag from /home/airflow/.local/lib/python3.7/site-packages/airflow/example_dags/example_nested_branch_dag.py
[2023-01-15T18:23:36.221+0000] {processor.py:768} INFO - DAG(s) dict_keys(['example_nested_branch_dag']) retrieved from /home/airflow/.local/lib/python3.7/site-packages/airflow/example_dags/example_nested_branch_dag.py
[2023-01-15T18:23:36.280+0000] {logging_mixin.py:117} INFO - [2023-01-15T18:23:36.280+0000] {dag.py:2573} INFO - Sync 1 DAGs
[2023-01-15T18:23:36.316+0000] {logging_mixin.py:117} INFO - [2023-01-15T18:23:36.316+0000] {dag.py:3328} INFO - Setting next_dagrun for example_nested_branch_dag to 2023-01-14T00:00:00+00:00, run_after=2023-01-15T00:00:00+00:00
[2023-01-15T18:23:36.340+0000] {processor.py:178} INFO - Processing /home/airflow/.local/lib/python3.7/site-packages/airflow/example_dags/example_nested_branch_dag.py took 0.166 seconds
[2023-01-15T19:46:53.789+0000] {processor.py:156} INFO - Started process (PID=26119) to work on /home/airflow/.local/lib/python3.7/site-packages/airflow/example_dags/example_nested_branch_dag.py
[2023-01-15T19:46:53.791+0000] {processor.py:758} INFO - Processing file /home/airflow/.local/lib/python3.7/site-packages/airflow/example_dags/example_nested_branch_dag.py for tasks to queue
[2023-01-15T19:46:53.792+0000] {logging_mixin.py:117} INFO - [2023-01-15T19:46:53.792+0000] {dagbag.py:525} INFO - Filling up the DagBag from /home/airflow/.local/lib/python3.7/site-packages/airflow/example_dags/example_nested_branch_dag.py
[2023-01-15T19:46:53.818+0000] {processor.py:768} INFO - DAG(s) dict_keys(['example_nested_branch_dag']) retrieved from /home/airflow/.local/lib/python3.7/site-packages/airflow/example_dags/example_nested_branch_dag.py
[2023-01-15T19:46:53.887+0000] {logging_mixin.py:117} INFO - [2023-01-15T19:46:53.887+0000] {dag.py:2573} INFO - Sync 1 DAGs
[2023-01-15T19:46:53.919+0000] {logging_mixin.py:117} INFO - [2023-01-15T19:46:53.919+0000] {dag.py:3328} INFO - Setting next_dagrun for example_nested_branch_dag to 2023-01-14T00:00:00+00:00, run_after=2023-01-15T00:00:00+00:00
[2023-01-15T19:46:53.945+0000] {processor.py:178} INFO - Processing /home/airflow/.local/lib/python3.7/site-packages/airflow/example_dags/example_nested_branch_dag.py took 0.159 seconds
[2023-01-15T20:53:28.067+0000] {processor.py:156} INFO - Started process (PID=26181) to work on /home/airflow/.local/lib/python3.7/site-packages/airflow/example_dags/example_nested_branch_dag.py
[2023-01-15T20:53:28.071+0000] {processor.py:758} INFO - Processing file /home/airflow/.local/lib/python3.7/site-packages/airflow/example_dags/example_nested_branch_dag.py for tasks to queue
[2023-01-15T20:53:28.078+0000] {logging_mixin.py:117} INFO - [2023-01-15T20:53:28.078+0000] {dagbag.py:525} INFO - Filling up the DagBag from /home/airflow/.local/lib/python3.7/site-packages/airflow/example_dags/example_nested_branch_dag.py
[2023-01-15T20:53:28.200+0000] {processor.py:768} INFO - DAG(s) dict_keys(['example_nested_branch_dag']) retrieved from /home/airflow/.local/lib/python3.7/site-packages/airflow/example_dags/example_nested_branch_dag.py
[2023-01-15T20:53:28.331+0000] {logging_mixin.py:117} INFO - [2023-01-15T20:53:28.330+0000] {dag.py:2573} INFO - Sync 1 DAGs
[2023-01-15T20:53:28.547+0000] {logging_mixin.py:117} INFO - [2023-01-15T20:53:28.546+0000] {dag.py:3328} INFO - Setting next_dagrun for example_nested_branch_dag to 2023-01-14T00:00:00+00:00, run_after=2023-01-15T00:00:00+00:00
[2023-01-15T20:53:28.621+0000] {processor.py:178} INFO - Processing /home/airflow/.local/lib/python3.7/site-packages/airflow/example_dags/example_nested_branch_dag.py took 0.562 seconds
[2023-01-15T21:52:32.534+0000] {processor.py:156} INFO - Started process (PID=26244) to work on /home/airflow/.local/lib/python3.7/site-packages/airflow/example_dags/example_nested_branch_dag.py
[2023-01-15T21:52:32.537+0000] {processor.py:758} INFO - Processing file /home/airflow/.local/lib/python3.7/site-packages/airflow/example_dags/example_nested_branch_dag.py for tasks to queue
[2023-01-15T21:52:32.541+0000] {logging_mixin.py:117} INFO - [2023-01-15T21:52:32.541+0000] {dagbag.py:525} INFO - Filling up the DagBag from /home/airflow/.local/lib/python3.7/site-packages/airflow/example_dags/example_nested_branch_dag.py
[2023-01-15T21:52:32.578+0000] {processor.py:768} INFO - DAG(s) dict_keys(['example_nested_branch_dag']) retrieved from /home/airflow/.local/lib/python3.7/site-packages/airflow/example_dags/example_nested_branch_dag.py
[2023-01-15T21:52:32.629+0000] {logging_mixin.py:117} INFO - [2023-01-15T21:52:32.629+0000] {dag.py:2573} INFO - Sync 1 DAGs
[2023-01-15T21:52:32.666+0000] {logging_mixin.py:117} INFO - [2023-01-15T21:52:32.666+0000] {dag.py:3328} INFO - Setting next_dagrun for example_nested_branch_dag to 2023-01-14T00:00:00+00:00, run_after=2023-01-15T00:00:00+00:00
[2023-01-15T21:52:32.708+0000] {processor.py:178} INFO - Processing /home/airflow/.local/lib/python3.7/site-packages/airflow/example_dags/example_nested_branch_dag.py took 0.177 seconds
[2023-01-15T23:15:50.050+0000] {processor.py:156} INFO - Started process (PID=26307) to work on /home/airflow/.local/lib/python3.7/site-packages/airflow/example_dags/example_nested_branch_dag.py
[2023-01-15T23:15:50.051+0000] {processor.py:758} INFO - Processing file /home/airflow/.local/lib/python3.7/site-packages/airflow/example_dags/example_nested_branch_dag.py for tasks to queue
[2023-01-15T23:15:50.057+0000] {logging_mixin.py:117} INFO - [2023-01-15T23:15:50.057+0000] {dagbag.py:525} INFO - Filling up the DagBag from /home/airflow/.local/lib/python3.7/site-packages/airflow/example_dags/example_nested_branch_dag.py
[2023-01-15T23:15:50.091+0000] {processor.py:768} INFO - DAG(s) dict_keys(['example_nested_branch_dag']) retrieved from /home/airflow/.local/lib/python3.7/site-packages/airflow/example_dags/example_nested_branch_dag.py
[2023-01-15T23:15:50.205+0000] {logging_mixin.py:117} INFO - [2023-01-15T23:15:50.205+0000] {dag.py:2573} INFO - Sync 1 DAGs
[2023-01-15T23:15:50.260+0000] {logging_mixin.py:117} INFO - [2023-01-15T23:15:50.260+0000] {dag.py:3328} INFO - Setting next_dagrun for example_nested_branch_dag to 2023-01-14T00:00:00+00:00, run_after=2023-01-15T00:00:00+00:00
[2023-01-15T23:15:50.296+0000] {processor.py:178} INFO - Processing /home/airflow/.local/lib/python3.7/site-packages/airflow/example_dags/example_nested_branch_dag.py took 0.251 seconds
