[2023-01-15T00:39:00.114+0000] {processor.py:156} INFO - Started process (PID=24118) to work on /home/airflow/.local/lib/python3.7/site-packages/airflow/example_dags/example_branch_labels.py
[2023-01-15T00:39:00.115+0000] {processor.py:758} INFO - Processing file /home/airflow/.local/lib/python3.7/site-packages/airflow/example_dags/example_branch_labels.py for tasks to queue
[2023-01-15T00:39:00.116+0000] {logging_mixin.py:117} INFO - [2023-01-15T00:39:00.116+0000] {dagbag.py:525} INFO - Filling up the DagBag from /home/airflow/.local/lib/python3.7/site-packages/airflow/example_dags/example_branch_labels.py
[2023-01-15T00:39:00.135+0000] {processor.py:768} INFO - DAG(s) dict_keys(['example_branch_labels']) retrieved from /home/airflow/.local/lib/python3.7/site-packages/airflow/example_dags/example_branch_labels.py
[2023-01-15T00:39:00.209+0000] {logging_mixin.py:117} INFO - [2023-01-15T00:39:00.209+0000] {dag.py:2573} INFO - Sync 1 DAGs
[2023-01-15T00:39:00.256+0000] {logging_mixin.py:117} INFO - [2023-01-15T00:39:00.256+0000] {dag.py:3328} INFO - Setting next_dagrun for example_branch_labels to 2023-01-14T00:00:00+00:00, run_after=2023-01-15T00:00:00+00:00
[2023-01-15T00:39:00.289+0000] {processor.py:178} INFO - Processing /home/airflow/.local/lib/python3.7/site-packages/airflow/example_dags/example_branch_labels.py took 0.178 seconds
[2023-01-15T01:44:18.117+0000] {processor.py:156} INFO - Started process (PID=24181) to work on /home/airflow/.local/lib/python3.7/site-packages/airflow/example_dags/example_branch_labels.py
[2023-01-15T01:44:18.121+0000] {processor.py:758} INFO - Processing file /home/airflow/.local/lib/python3.7/site-packages/airflow/example_dags/example_branch_labels.py for tasks to queue
[2023-01-15T01:44:18.122+0000] {logging_mixin.py:117} INFO - [2023-01-15T01:44:18.122+0000] {dagbag.py:525} INFO - Filling up the DagBag from /home/airflow/.local/lib/python3.7/site-packages/airflow/example_dags/example_branch_labels.py
[2023-01-15T01:44:18.146+0000] {processor.py:768} INFO - DAG(s) dict_keys(['example_branch_labels']) retrieved from /home/airflow/.local/lib/python3.7/site-packages/airflow/example_dags/example_branch_labels.py
[2023-01-15T01:44:18.206+0000] {logging_mixin.py:117} INFO - [2023-01-15T01:44:18.206+0000] {dag.py:2573} INFO - Sync 1 DAGs
[2023-01-15T01:44:18.229+0000] {logging_mixin.py:117} INFO - [2023-01-15T01:44:18.229+0000] {dag.py:3328} INFO - Setting next_dagrun for example_branch_labels to 2023-01-14T00:00:00+00:00, run_after=2023-01-15T00:00:00+00:00
[2023-01-15T01:44:18.248+0000] {processor.py:178} INFO - Processing /home/airflow/.local/lib/python3.7/site-packages/airflow/example_dags/example_branch_labels.py took 0.133 seconds
[2023-01-15T02:15:46.767+0000] {processor.py:156} INFO - Started process (PID=24244) to work on /home/airflow/.local/lib/python3.7/site-packages/airflow/example_dags/example_branch_labels.py
[2023-01-15T02:15:46.769+0000] {processor.py:758} INFO - Processing file /home/airflow/.local/lib/python3.7/site-packages/airflow/example_dags/example_branch_labels.py for tasks to queue
[2023-01-15T02:15:46.770+0000] {logging_mixin.py:117} INFO - [2023-01-15T02:15:46.770+0000] {dagbag.py:525} INFO - Filling up the DagBag from /home/airflow/.local/lib/python3.7/site-packages/airflow/example_dags/example_branch_labels.py
[2023-01-15T02:15:46.787+0000] {processor.py:768} INFO - DAG(s) dict_keys(['example_branch_labels']) retrieved from /home/airflow/.local/lib/python3.7/site-packages/airflow/example_dags/example_branch_labels.py
[2023-01-15T02:15:46.822+0000] {logging_mixin.py:117} INFO - [2023-01-15T02:15:46.822+0000] {dag.py:2573} INFO - Sync 1 DAGs
[2023-01-15T02:15:46.840+0000] {logging_mixin.py:117} INFO - [2023-01-15T02:15:46.840+0000] {dag.py:3328} INFO - Setting next_dagrun for example_branch_labels to 2023-01-14T00:00:00+00:00, run_after=2023-01-15T00:00:00+00:00
[2023-01-15T02:15:46.851+0000] {processor.py:178} INFO - Processing /home/airflow/.local/lib/python3.7/site-packages/airflow/example_dags/example_branch_labels.py took 0.086 seconds
[2023-01-15T02:16:17.319+0000] {processor.py:156} INFO - Started process (PID=24298) to work on /home/airflow/.local/lib/python3.7/site-packages/airflow/example_dags/example_branch_labels.py
[2023-01-15T02:16:17.321+0000] {processor.py:758} INFO - Processing file /home/airflow/.local/lib/python3.7/site-packages/airflow/example_dags/example_branch_labels.py for tasks to queue
[2023-01-15T02:16:17.322+0000] {logging_mixin.py:117} INFO - [2023-01-15T02:16:17.322+0000] {dagbag.py:525} INFO - Filling up the DagBag from /home/airflow/.local/lib/python3.7/site-packages/airflow/example_dags/example_branch_labels.py
[2023-01-15T02:16:17.334+0000] {processor.py:768} INFO - DAG(s) dict_keys(['example_branch_labels']) retrieved from /home/airflow/.local/lib/python3.7/site-packages/airflow/example_dags/example_branch_labels.py
[2023-01-15T02:16:17.372+0000] {logging_mixin.py:117} INFO - [2023-01-15T02:16:17.372+0000] {dag.py:2573} INFO - Sync 1 DAGs
[2023-01-15T02:16:17.388+0000] {logging_mixin.py:117} INFO - [2023-01-15T02:16:17.388+0000] {dag.py:3328} INFO - Setting next_dagrun for example_branch_labels to 2023-01-14T00:00:00+00:00, run_after=2023-01-15T00:00:00+00:00
[2023-01-15T02:16:17.402+0000] {processor.py:178} INFO - Processing /home/airflow/.local/lib/python3.7/site-packages/airflow/example_dags/example_branch_labels.py took 0.087 seconds
[2023-01-15T02:49:44.613+0000] {processor.py:156} INFO - Started process (PID=24361) to work on /home/airflow/.local/lib/python3.7/site-packages/airflow/example_dags/example_branch_labels.py
[2023-01-15T02:49:44.614+0000] {processor.py:758} INFO - Processing file /home/airflow/.local/lib/python3.7/site-packages/airflow/example_dags/example_branch_labels.py for tasks to queue
[2023-01-15T02:49:44.615+0000] {logging_mixin.py:117} INFO - [2023-01-15T02:49:44.615+0000] {dagbag.py:525} INFO - Filling up the DagBag from /home/airflow/.local/lib/python3.7/site-packages/airflow/example_dags/example_branch_labels.py
[2023-01-15T02:49:44.645+0000] {processor.py:768} INFO - DAG(s) dict_keys(['example_branch_labels']) retrieved from /home/airflow/.local/lib/python3.7/site-packages/airflow/example_dags/example_branch_labels.py
[2023-01-15T02:49:44.696+0000] {logging_mixin.py:117} INFO - [2023-01-15T02:49:44.696+0000] {dag.py:2573} INFO - Sync 1 DAGs
[2023-01-15T02:49:44.747+0000] {logging_mixin.py:117} INFO - [2023-01-15T02:49:44.747+0000] {dag.py:3328} INFO - Setting next_dagrun for example_branch_labels to 2023-01-14T00:00:00+00:00, run_after=2023-01-15T00:00:00+00:00
[2023-01-15T02:49:44.769+0000] {processor.py:178} INFO - Processing /home/airflow/.local/lib/python3.7/site-packages/airflow/example_dags/example_branch_labels.py took 0.159 seconds
[2023-01-15T04:11:02.649+0000] {processor.py:156} INFO - Started process (PID=24424) to work on /home/airflow/.local/lib/python3.7/site-packages/airflow/example_dags/example_branch_labels.py
[2023-01-15T04:11:02.650+0000] {processor.py:758} INFO - Processing file /home/airflow/.local/lib/python3.7/site-packages/airflow/example_dags/example_branch_labels.py for tasks to queue
[2023-01-15T04:11:02.651+0000] {logging_mixin.py:117} INFO - [2023-01-15T04:11:02.651+0000] {dagbag.py:525} INFO - Filling up the DagBag from /home/airflow/.local/lib/python3.7/site-packages/airflow/example_dags/example_branch_labels.py
[2023-01-15T04:11:02.663+0000] {processor.py:768} INFO - DAG(s) dict_keys(['example_branch_labels']) retrieved from /home/airflow/.local/lib/python3.7/site-packages/airflow/example_dags/example_branch_labels.py
[2023-01-15T04:11:02.692+0000] {logging_mixin.py:117} INFO - [2023-01-15T04:11:02.692+0000] {dag.py:2573} INFO - Sync 1 DAGs
[2023-01-15T04:11:02.713+0000] {logging_mixin.py:117} INFO - [2023-01-15T04:11:02.713+0000] {dag.py:3328} INFO - Setting next_dagrun for example_branch_labels to 2023-01-14T00:00:00+00:00, run_after=2023-01-15T00:00:00+00:00
[2023-01-15T04:11:02.730+0000] {processor.py:178} INFO - Processing /home/airflow/.local/lib/python3.7/site-packages/airflow/example_dags/example_branch_labels.py took 0.084 seconds
[2023-01-15T05:08:51.761+0000] {processor.py:156} INFO - Started process (PID=24488) to work on /home/airflow/.local/lib/python3.7/site-packages/airflow/example_dags/example_branch_labels.py
[2023-01-15T05:08:51.766+0000] {processor.py:758} INFO - Processing file /home/airflow/.local/lib/python3.7/site-packages/airflow/example_dags/example_branch_labels.py for tasks to queue
[2023-01-15T05:08:51.767+0000] {logging_mixin.py:117} INFO - [2023-01-15T05:08:51.767+0000] {dagbag.py:525} INFO - Filling up the DagBag from /home/airflow/.local/lib/python3.7/site-packages/airflow/example_dags/example_branch_labels.py
[2023-01-15T05:08:51.786+0000] {processor.py:768} INFO - DAG(s) dict_keys(['example_branch_labels']) retrieved from /home/airflow/.local/lib/python3.7/site-packages/airflow/example_dags/example_branch_labels.py
[2023-01-15T05:08:51.900+0000] {logging_mixin.py:117} INFO - [2023-01-15T05:08:51.900+0000] {dag.py:2573} INFO - Sync 1 DAGs
[2023-01-15T05:08:51.928+0000] {logging_mixin.py:117} INFO - [2023-01-15T05:08:51.928+0000] {dag.py:3328} INFO - Setting next_dagrun for example_branch_labels to 2023-01-14T00:00:00+00:00, run_after=2023-01-15T00:00:00+00:00
[2023-01-15T05:08:51.955+0000] {processor.py:178} INFO - Processing /home/airflow/.local/lib/python3.7/site-packages/airflow/example_dags/example_branch_labels.py took 0.198 seconds
[2023-01-15T06:14:19.567+0000] {processor.py:156} INFO - Started process (PID=24551) to work on /home/airflow/.local/lib/python3.7/site-packages/airflow/example_dags/example_branch_labels.py
[2023-01-15T06:14:19.569+0000] {processor.py:758} INFO - Processing file /home/airflow/.local/lib/python3.7/site-packages/airflow/example_dags/example_branch_labels.py for tasks to queue
[2023-01-15T06:14:19.570+0000] {logging_mixin.py:117} INFO - [2023-01-15T06:14:19.570+0000] {dagbag.py:525} INFO - Filling up the DagBag from /home/airflow/.local/lib/python3.7/site-packages/airflow/example_dags/example_branch_labels.py
[2023-01-15T06:14:19.583+0000] {processor.py:768} INFO - DAG(s) dict_keys(['example_branch_labels']) retrieved from /home/airflow/.local/lib/python3.7/site-packages/airflow/example_dags/example_branch_labels.py
[2023-01-15T06:14:19.642+0000] {logging_mixin.py:117} INFO - [2023-01-15T06:14:19.642+0000] {dag.py:2573} INFO - Sync 1 DAGs
[2023-01-15T06:14:19.672+0000] {logging_mixin.py:117} INFO - [2023-01-15T06:14:19.672+0000] {dag.py:3328} INFO - Setting next_dagrun for example_branch_labels to 2023-01-14T00:00:00+00:00, run_after=2023-01-15T00:00:00+00:00
[2023-01-15T06:14:19.707+0000] {processor.py:178} INFO - Processing /home/airflow/.local/lib/python3.7/site-packages/airflow/example_dags/example_branch_labels.py took 0.145 seconds
[2023-01-15T06:57:25.482+0000] {processor.py:156} INFO - Started process (PID=24605) to work on /home/airflow/.local/lib/python3.7/site-packages/airflow/example_dags/example_branch_labels.py
[2023-01-15T06:57:25.486+0000] {processor.py:758} INFO - Processing file /home/airflow/.local/lib/python3.7/site-packages/airflow/example_dags/example_branch_labels.py for tasks to queue
[2023-01-15T06:57:25.488+0000] {logging_mixin.py:117} INFO - [2023-01-15T06:57:25.488+0000] {dagbag.py:525} INFO - Filling up the DagBag from /home/airflow/.local/lib/python3.7/site-packages/airflow/example_dags/example_branch_labels.py
[2023-01-15T06:57:25.502+0000] {processor.py:768} INFO - DAG(s) dict_keys(['example_branch_labels']) retrieved from /home/airflow/.local/lib/python3.7/site-packages/airflow/example_dags/example_branch_labels.py
[2023-01-15T06:57:25.536+0000] {logging_mixin.py:117} INFO - [2023-01-15T06:57:25.536+0000] {dag.py:2573} INFO - Sync 1 DAGs
[2023-01-15T06:57:25.555+0000] {logging_mixin.py:117} INFO - [2023-01-15T06:57:25.555+0000] {dag.py:3328} INFO - Setting next_dagrun for example_branch_labels to 2023-01-14T00:00:00+00:00, run_after=2023-01-15T00:00:00+00:00
[2023-01-15T06:57:25.568+0000] {processor.py:178} INFO - Processing /home/airflow/.local/lib/python3.7/site-packages/airflow/example_dags/example_branch_labels.py took 0.093 seconds
[2023-01-15T08:03:17.306+0000] {processor.py:156} INFO - Started process (PID=24668) to work on /home/airflow/.local/lib/python3.7/site-packages/airflow/example_dags/example_branch_labels.py
[2023-01-15T08:03:17.308+0000] {processor.py:758} INFO - Processing file /home/airflow/.local/lib/python3.7/site-packages/airflow/example_dags/example_branch_labels.py for tasks to queue
[2023-01-15T08:03:17.309+0000] {logging_mixin.py:117} INFO - [2023-01-15T08:03:17.309+0000] {dagbag.py:525} INFO - Filling up the DagBag from /home/airflow/.local/lib/python3.7/site-packages/airflow/example_dags/example_branch_labels.py
[2023-01-15T08:03:17.326+0000] {processor.py:768} INFO - DAG(s) dict_keys(['example_branch_labels']) retrieved from /home/airflow/.local/lib/python3.7/site-packages/airflow/example_dags/example_branch_labels.py
[2023-01-15T08:03:17.366+0000] {logging_mixin.py:117} INFO - [2023-01-15T08:03:17.366+0000] {dag.py:2573} INFO - Sync 1 DAGs
[2023-01-15T08:03:17.396+0000] {logging_mixin.py:117} INFO - [2023-01-15T08:03:17.396+0000] {dag.py:3328} INFO - Setting next_dagrun for example_branch_labels to 2023-01-14T00:00:00+00:00, run_after=2023-01-15T00:00:00+00:00
[2023-01-15T08:03:17.406+0000] {processor.py:178} INFO - Processing /home/airflow/.local/lib/python3.7/site-packages/airflow/example_dags/example_branch_labels.py took 0.104 seconds
[2023-01-15T09:11:07.122+0000] {processor.py:156} INFO - Started process (PID=24732) to work on /home/airflow/.local/lib/python3.7/site-packages/airflow/example_dags/example_branch_labels.py
[2023-01-15T09:11:07.126+0000] {processor.py:758} INFO - Processing file /home/airflow/.local/lib/python3.7/site-packages/airflow/example_dags/example_branch_labels.py for tasks to queue
[2023-01-15T09:11:07.128+0000] {logging_mixin.py:117} INFO - [2023-01-15T09:11:07.128+0000] {dagbag.py:525} INFO - Filling up the DagBag from /home/airflow/.local/lib/python3.7/site-packages/airflow/example_dags/example_branch_labels.py
[2023-01-15T09:11:07.192+0000] {processor.py:768} INFO - DAG(s) dict_keys(['example_branch_labels']) retrieved from /home/airflow/.local/lib/python3.7/site-packages/airflow/example_dags/example_branch_labels.py
[2023-01-15T09:11:07.256+0000] {logging_mixin.py:117} INFO - [2023-01-15T09:11:07.256+0000] {dag.py:2573} INFO - Sync 1 DAGs
[2023-01-15T09:11:07.288+0000] {logging_mixin.py:117} INFO - [2023-01-15T09:11:07.288+0000] {dag.py:3328} INFO - Setting next_dagrun for example_branch_labels to 2023-01-14T00:00:00+00:00, run_after=2023-01-15T00:00:00+00:00
[2023-01-15T09:11:07.325+0000] {processor.py:178} INFO - Processing /home/airflow/.local/lib/python3.7/site-packages/airflow/example_dags/example_branch_labels.py took 0.212 seconds
[2023-01-15T09:32:54.160+0000] {processor.py:156} INFO - Started process (PID=24786) to work on /home/airflow/.local/lib/python3.7/site-packages/airflow/example_dags/example_branch_labels.py
[2023-01-15T09:32:54.164+0000] {processor.py:758} INFO - Processing file /home/airflow/.local/lib/python3.7/site-packages/airflow/example_dags/example_branch_labels.py for tasks to queue
[2023-01-15T09:32:54.165+0000] {logging_mixin.py:117} INFO - [2023-01-15T09:32:54.165+0000] {dagbag.py:525} INFO - Filling up the DagBag from /home/airflow/.local/lib/python3.7/site-packages/airflow/example_dags/example_branch_labels.py
[2023-01-15T09:32:54.182+0000] {processor.py:768} INFO - DAG(s) dict_keys(['example_branch_labels']) retrieved from /home/airflow/.local/lib/python3.7/site-packages/airflow/example_dags/example_branch_labels.py
[2023-01-15T09:32:54.229+0000] {logging_mixin.py:117} INFO - [2023-01-15T09:32:54.229+0000] {dag.py:2573} INFO - Sync 1 DAGs
[2023-01-15T09:32:54.259+0000] {logging_mixin.py:117} INFO - [2023-01-15T09:32:54.258+0000] {dag.py:3328} INFO - Setting next_dagrun for example_branch_labels to 2023-01-14T00:00:00+00:00, run_after=2023-01-15T00:00:00+00:00
[2023-01-15T09:32:54.294+0000] {processor.py:178} INFO - Processing /home/airflow/.local/lib/python3.7/site-packages/airflow/example_dags/example_branch_labels.py took 0.137 seconds
[2023-01-15T09:33:55.750+0000] {processor.py:156} INFO - Started process (PID=24849) to work on /home/airflow/.local/lib/python3.7/site-packages/airflow/example_dags/example_branch_labels.py
[2023-01-15T09:33:55.752+0000] {processor.py:758} INFO - Processing file /home/airflow/.local/lib/python3.7/site-packages/airflow/example_dags/example_branch_labels.py for tasks to queue
[2023-01-15T09:33:55.753+0000] {logging_mixin.py:117} INFO - [2023-01-15T09:33:55.753+0000] {dagbag.py:525} INFO - Filling up the DagBag from /home/airflow/.local/lib/python3.7/site-packages/airflow/example_dags/example_branch_labels.py
[2023-01-15T09:33:55.766+0000] {processor.py:768} INFO - DAG(s) dict_keys(['example_branch_labels']) retrieved from /home/airflow/.local/lib/python3.7/site-packages/airflow/example_dags/example_branch_labels.py
[2023-01-15T09:33:55.795+0000] {logging_mixin.py:117} INFO - [2023-01-15T09:33:55.795+0000] {dag.py:2573} INFO - Sync 1 DAGs
[2023-01-15T09:33:55.813+0000] {logging_mixin.py:117} INFO - [2023-01-15T09:33:55.813+0000] {dag.py:3328} INFO - Setting next_dagrun for example_branch_labels to 2023-01-14T00:00:00+00:00, run_after=2023-01-15T00:00:00+00:00
[2023-01-15T09:33:55.827+0000] {processor.py:178} INFO - Processing /home/airflow/.local/lib/python3.7/site-packages/airflow/example_dags/example_branch_labels.py took 0.081 seconds
[2023-01-15T09:43:30.479+0000] {processor.py:156} INFO - Started process (PID=24912) to work on /home/airflow/.local/lib/python3.7/site-packages/airflow/example_dags/example_branch_labels.py
[2023-01-15T09:43:30.480+0000] {processor.py:758} INFO - Processing file /home/airflow/.local/lib/python3.7/site-packages/airflow/example_dags/example_branch_labels.py for tasks to queue
[2023-01-15T09:43:30.481+0000] {logging_mixin.py:117} INFO - [2023-01-15T09:43:30.481+0000] {dagbag.py:525} INFO - Filling up the DagBag from /home/airflow/.local/lib/python3.7/site-packages/airflow/example_dags/example_branch_labels.py
[2023-01-15T09:43:30.503+0000] {processor.py:768} INFO - DAG(s) dict_keys(['example_branch_labels']) retrieved from /home/airflow/.local/lib/python3.7/site-packages/airflow/example_dags/example_branch_labels.py
[2023-01-15T09:43:30.550+0000] {logging_mixin.py:117} INFO - [2023-01-15T09:43:30.550+0000] {dag.py:2573} INFO - Sync 1 DAGs
[2023-01-15T09:43:30.568+0000] {logging_mixin.py:117} INFO - [2023-01-15T09:43:30.568+0000] {dag.py:3328} INFO - Setting next_dagrun for example_branch_labels to 2023-01-14T00:00:00+00:00, run_after=2023-01-15T00:00:00+00:00
[2023-01-15T09:43:30.580+0000] {processor.py:178} INFO - Processing /home/airflow/.local/lib/python3.7/site-packages/airflow/example_dags/example_branch_labels.py took 0.107 seconds
[2023-01-15T11:04:09.911+0000] {processor.py:156} INFO - Started process (PID=24974) to work on /home/airflow/.local/lib/python3.7/site-packages/airflow/example_dags/example_branch_labels.py
[2023-01-15T11:04:09.920+0000] {processor.py:758} INFO - Processing file /home/airflow/.local/lib/python3.7/site-packages/airflow/example_dags/example_branch_labels.py for tasks to queue
[2023-01-15T11:04:09.921+0000] {logging_mixin.py:117} INFO - [2023-01-15T11:04:09.921+0000] {dagbag.py:525} INFO - Filling up the DagBag from /home/airflow/.local/lib/python3.7/site-packages/airflow/example_dags/example_branch_labels.py
[2023-01-15T11:04:09.946+0000] {processor.py:768} INFO - DAG(s) dict_keys(['example_branch_labels']) retrieved from /home/airflow/.local/lib/python3.7/site-packages/airflow/example_dags/example_branch_labels.py
[2023-01-15T11:04:09.989+0000] {logging_mixin.py:117} INFO - [2023-01-15T11:04:09.989+0000] {dag.py:2573} INFO - Sync 1 DAGs
[2023-01-15T11:04:10.014+0000] {logging_mixin.py:117} INFO - [2023-01-15T11:04:10.013+0000] {dag.py:3328} INFO - Setting next_dagrun for example_branch_labels to 2023-01-14T00:00:00+00:00, run_after=2023-01-15T00:00:00+00:00
[2023-01-15T11:04:10.030+0000] {processor.py:178} INFO - Processing /home/airflow/.local/lib/python3.7/site-packages/airflow/example_dags/example_branch_labels.py took 0.125 seconds
[2023-01-15T12:04:16.739+0000] {processor.py:156} INFO - Started process (PID=25029) to work on /home/airflow/.local/lib/python3.7/site-packages/airflow/example_dags/example_branch_labels.py
[2023-01-15T12:04:16.741+0000] {processor.py:758} INFO - Processing file /home/airflow/.local/lib/python3.7/site-packages/airflow/example_dags/example_branch_labels.py for tasks to queue
[2023-01-15T12:04:16.742+0000] {logging_mixin.py:117} INFO - [2023-01-15T12:04:16.742+0000] {dagbag.py:525} INFO - Filling up the DagBag from /home/airflow/.local/lib/python3.7/site-packages/airflow/example_dags/example_branch_labels.py
[2023-01-15T12:04:16.755+0000] {processor.py:768} INFO - DAG(s) dict_keys(['example_branch_labels']) retrieved from /home/airflow/.local/lib/python3.7/site-packages/airflow/example_dags/example_branch_labels.py
[2023-01-15T12:04:16.792+0000] {logging_mixin.py:117} INFO - [2023-01-15T12:04:16.791+0000] {dag.py:2573} INFO - Sync 1 DAGs
[2023-01-15T12:04:16.817+0000] {logging_mixin.py:117} INFO - [2023-01-15T12:04:16.817+0000] {dag.py:3328} INFO - Setting next_dagrun for example_branch_labels to 2023-01-14T00:00:00+00:00, run_after=2023-01-15T00:00:00+00:00
[2023-01-15T12:04:16.830+0000] {processor.py:178} INFO - Processing /home/airflow/.local/lib/python3.7/site-packages/airflow/example_dags/example_branch_labels.py took 0.094 seconds
[2023-01-15T12:42:38.532+0000] {processor.py:156} INFO - Started process (PID=25092) to work on /home/airflow/.local/lib/python3.7/site-packages/airflow/example_dags/example_branch_labels.py
[2023-01-15T12:42:38.535+0000] {processor.py:758} INFO - Processing file /home/airflow/.local/lib/python3.7/site-packages/airflow/example_dags/example_branch_labels.py for tasks to queue
[2023-01-15T12:42:38.535+0000] {logging_mixin.py:117} INFO - [2023-01-15T12:42:38.535+0000] {dagbag.py:525} INFO - Filling up the DagBag from /home/airflow/.local/lib/python3.7/site-packages/airflow/example_dags/example_branch_labels.py
[2023-01-15T12:42:38.555+0000] {processor.py:768} INFO - DAG(s) dict_keys(['example_branch_labels']) retrieved from /home/airflow/.local/lib/python3.7/site-packages/airflow/example_dags/example_branch_labels.py
[2023-01-15T12:42:38.606+0000] {logging_mixin.py:117} INFO - [2023-01-15T12:42:38.606+0000] {dag.py:2573} INFO - Sync 1 DAGs
[2023-01-15T12:42:38.638+0000] {logging_mixin.py:117} INFO - [2023-01-15T12:42:38.638+0000] {dag.py:3328} INFO - Setting next_dagrun for example_branch_labels to 2023-01-14T00:00:00+00:00, run_after=2023-01-15T00:00:00+00:00
[2023-01-15T12:42:38.656+0000] {processor.py:178} INFO - Processing /home/airflow/.local/lib/python3.7/site-packages/airflow/example_dags/example_branch_labels.py took 0.127 seconds
[2023-01-15T13:21:55.661+0000] {processor.py:156} INFO - Started process (PID=25155) to work on /home/airflow/.local/lib/python3.7/site-packages/airflow/example_dags/example_branch_labels.py
[2023-01-15T13:21:55.662+0000] {processor.py:758} INFO - Processing file /home/airflow/.local/lib/python3.7/site-packages/airflow/example_dags/example_branch_labels.py for tasks to queue
[2023-01-15T13:21:55.663+0000] {logging_mixin.py:117} INFO - [2023-01-15T13:21:55.663+0000] {dagbag.py:525} INFO - Filling up the DagBag from /home/airflow/.local/lib/python3.7/site-packages/airflow/example_dags/example_branch_labels.py
[2023-01-15T13:21:55.674+0000] {processor.py:768} INFO - DAG(s) dict_keys(['example_branch_labels']) retrieved from /home/airflow/.local/lib/python3.7/site-packages/airflow/example_dags/example_branch_labels.py
[2023-01-15T13:21:55.703+0000] {logging_mixin.py:117} INFO - [2023-01-15T13:21:55.703+0000] {dag.py:2573} INFO - Sync 1 DAGs
[2023-01-15T13:21:55.718+0000] {logging_mixin.py:117} INFO - [2023-01-15T13:21:55.718+0000] {dag.py:3328} INFO - Setting next_dagrun for example_branch_labels to 2023-01-14T00:00:00+00:00, run_after=2023-01-15T00:00:00+00:00
[2023-01-15T13:21:55.728+0000] {processor.py:178} INFO - Processing /home/airflow/.local/lib/python3.7/site-packages/airflow/example_dags/example_branch_labels.py took 0.070 seconds
[2023-01-15T13:38:29.426+0000] {processor.py:156} INFO - Started process (PID=25218) to work on /home/airflow/.local/lib/python3.7/site-packages/airflow/example_dags/example_branch_labels.py
[2023-01-15T13:38:29.430+0000] {processor.py:758} INFO - Processing file /home/airflow/.local/lib/python3.7/site-packages/airflow/example_dags/example_branch_labels.py for tasks to queue
[2023-01-15T13:38:29.431+0000] {logging_mixin.py:117} INFO - [2023-01-15T13:38:29.431+0000] {dagbag.py:525} INFO - Filling up the DagBag from /home/airflow/.local/lib/python3.7/site-packages/airflow/example_dags/example_branch_labels.py
[2023-01-15T13:38:29.447+0000] {processor.py:768} INFO - DAG(s) dict_keys(['example_branch_labels']) retrieved from /home/airflow/.local/lib/python3.7/site-packages/airflow/example_dags/example_branch_labels.py
[2023-01-15T13:38:29.515+0000] {logging_mixin.py:117} INFO - [2023-01-15T13:38:29.515+0000] {dag.py:2573} INFO - Sync 1 DAGs
[2023-01-15T13:38:29.553+0000] {logging_mixin.py:117} INFO - [2023-01-15T13:38:29.553+0000] {dag.py:3328} INFO - Setting next_dagrun for example_branch_labels to 2023-01-14T00:00:00+00:00, run_after=2023-01-15T00:00:00+00:00
[2023-01-15T13:38:29.574+0000] {processor.py:178} INFO - Processing /home/airflow/.local/lib/python3.7/site-packages/airflow/example_dags/example_branch_labels.py took 0.150 seconds
[2023-01-15T13:39:00.297+0000] {processor.py:156} INFO - Started process (PID=25281) to work on /home/airflow/.local/lib/python3.7/site-packages/airflow/example_dags/example_branch_labels.py
[2023-01-15T13:39:00.298+0000] {processor.py:758} INFO - Processing file /home/airflow/.local/lib/python3.7/site-packages/airflow/example_dags/example_branch_labels.py for tasks to queue
[2023-01-15T13:39:00.299+0000] {logging_mixin.py:117} INFO - [2023-01-15T13:39:00.299+0000] {dagbag.py:525} INFO - Filling up the DagBag from /home/airflow/.local/lib/python3.7/site-packages/airflow/example_dags/example_branch_labels.py
[2023-01-15T13:39:00.311+0000] {processor.py:768} INFO - DAG(s) dict_keys(['example_branch_labels']) retrieved from /home/airflow/.local/lib/python3.7/site-packages/airflow/example_dags/example_branch_labels.py
[2023-01-15T13:39:00.341+0000] {logging_mixin.py:117} INFO - [2023-01-15T13:39:00.341+0000] {dag.py:2573} INFO - Sync 1 DAGs
[2023-01-15T13:39:00.357+0000] {logging_mixin.py:117} INFO - [2023-01-15T13:39:00.357+0000] {dag.py:3328} INFO - Setting next_dagrun for example_branch_labels to 2023-01-14T00:00:00+00:00, run_after=2023-01-15T00:00:00+00:00
[2023-01-15T13:39:00.369+0000] {processor.py:178} INFO - Processing /home/airflow/.local/lib/python3.7/site-packages/airflow/example_dags/example_branch_labels.py took 0.075 seconds
[2023-01-15T13:39:30.609+0000] {processor.py:156} INFO - Started process (PID=25335) to work on /home/airflow/.local/lib/python3.7/site-packages/airflow/example_dags/example_branch_labels.py
[2023-01-15T13:39:30.610+0000] {processor.py:758} INFO - Processing file /home/airflow/.local/lib/python3.7/site-packages/airflow/example_dags/example_branch_labels.py for tasks to queue
[2023-01-15T13:39:30.611+0000] {logging_mixin.py:117} INFO - [2023-01-15T13:39:30.611+0000] {dagbag.py:525} INFO - Filling up the DagBag from /home/airflow/.local/lib/python3.7/site-packages/airflow/example_dags/example_branch_labels.py
[2023-01-15T13:39:30.622+0000] {processor.py:768} INFO - DAG(s) dict_keys(['example_branch_labels']) retrieved from /home/airflow/.local/lib/python3.7/site-packages/airflow/example_dags/example_branch_labels.py
[2023-01-15T13:39:30.650+0000] {logging_mixin.py:117} INFO - [2023-01-15T13:39:30.650+0000] {dag.py:2573} INFO - Sync 1 DAGs
[2023-01-15T13:39:30.666+0000] {logging_mixin.py:117} INFO - [2023-01-15T13:39:30.666+0000] {dag.py:3328} INFO - Setting next_dagrun for example_branch_labels to 2023-01-14T00:00:00+00:00, run_after=2023-01-15T00:00:00+00:00
[2023-01-15T13:39:30.676+0000] {processor.py:178} INFO - Processing /home/airflow/.local/lib/python3.7/site-packages/airflow/example_dags/example_branch_labels.py took 0.070 seconds
[2023-01-15T13:40:01.041+0000] {processor.py:156} INFO - Started process (PID=25398) to work on /home/airflow/.local/lib/python3.7/site-packages/airflow/example_dags/example_branch_labels.py
[2023-01-15T13:40:01.043+0000] {processor.py:758} INFO - Processing file /home/airflow/.local/lib/python3.7/site-packages/airflow/example_dags/example_branch_labels.py for tasks to queue
[2023-01-15T13:40:01.044+0000] {logging_mixin.py:117} INFO - [2023-01-15T13:40:01.043+0000] {dagbag.py:525} INFO - Filling up the DagBag from /home/airflow/.local/lib/python3.7/site-packages/airflow/example_dags/example_branch_labels.py
[2023-01-15T13:40:01.055+0000] {processor.py:768} INFO - DAG(s) dict_keys(['example_branch_labels']) retrieved from /home/airflow/.local/lib/python3.7/site-packages/airflow/example_dags/example_branch_labels.py
[2023-01-15T13:40:01.083+0000] {logging_mixin.py:117} INFO - [2023-01-15T13:40:01.083+0000] {dag.py:2573} INFO - Sync 1 DAGs
[2023-01-15T13:40:01.098+0000] {logging_mixin.py:117} INFO - [2023-01-15T13:40:01.097+0000] {dag.py:3328} INFO - Setting next_dagrun for example_branch_labels to 2023-01-14T00:00:00+00:00, run_after=2023-01-15T00:00:00+00:00
[2023-01-15T13:40:01.108+0000] {processor.py:178} INFO - Processing /home/airflow/.local/lib/python3.7/site-packages/airflow/example_dags/example_branch_labels.py took 0.069 seconds
[2023-01-15T13:40:31.658+0000] {processor.py:156} INFO - Started process (PID=25461) to work on /home/airflow/.local/lib/python3.7/site-packages/airflow/example_dags/example_branch_labels.py
[2023-01-15T13:40:31.660+0000] {processor.py:758} INFO - Processing file /home/airflow/.local/lib/python3.7/site-packages/airflow/example_dags/example_branch_labels.py for tasks to queue
[2023-01-15T13:40:31.661+0000] {logging_mixin.py:117} INFO - [2023-01-15T13:40:31.661+0000] {dagbag.py:525} INFO - Filling up the DagBag from /home/airflow/.local/lib/python3.7/site-packages/airflow/example_dags/example_branch_labels.py
[2023-01-15T13:40:31.674+0000] {processor.py:768} INFO - DAG(s) dict_keys(['example_branch_labels']) retrieved from /home/airflow/.local/lib/python3.7/site-packages/airflow/example_dags/example_branch_labels.py
[2023-01-15T13:40:31.723+0000] {logging_mixin.py:117} INFO - [2023-01-15T13:40:31.723+0000] {dag.py:2573} INFO - Sync 1 DAGs
[2023-01-15T13:40:31.743+0000] {logging_mixin.py:117} INFO - [2023-01-15T13:40:31.743+0000] {dag.py:3328} INFO - Setting next_dagrun for example_branch_labels to 2023-01-14T00:00:00+00:00, run_after=2023-01-15T00:00:00+00:00
[2023-01-15T13:40:31.762+0000] {processor.py:178} INFO - Processing /home/airflow/.local/lib/python3.7/site-packages/airflow/example_dags/example_branch_labels.py took 0.107 seconds
[2023-01-15T13:41:01.981+0000] {processor.py:156} INFO - Started process (PID=25524) to work on /home/airflow/.local/lib/python3.7/site-packages/airflow/example_dags/example_branch_labels.py
[2023-01-15T13:41:01.982+0000] {processor.py:758} INFO - Processing file /home/airflow/.local/lib/python3.7/site-packages/airflow/example_dags/example_branch_labels.py for tasks to queue
[2023-01-15T13:41:01.983+0000] {logging_mixin.py:117} INFO - [2023-01-15T13:41:01.983+0000] {dagbag.py:525} INFO - Filling up the DagBag from /home/airflow/.local/lib/python3.7/site-packages/airflow/example_dags/example_branch_labels.py
[2023-01-15T13:41:01.994+0000] {processor.py:768} INFO - DAG(s) dict_keys(['example_branch_labels']) retrieved from /home/airflow/.local/lib/python3.7/site-packages/airflow/example_dags/example_branch_labels.py
[2023-01-15T13:41:02.021+0000] {logging_mixin.py:117} INFO - [2023-01-15T13:41:02.021+0000] {dag.py:2573} INFO - Sync 1 DAGs
[2023-01-15T13:41:02.036+0000] {logging_mixin.py:117} INFO - [2023-01-15T13:41:02.036+0000] {dag.py:3328} INFO - Setting next_dagrun for example_branch_labels to 2023-01-14T00:00:00+00:00, run_after=2023-01-15T00:00:00+00:00
[2023-01-15T13:41:02.047+0000] {processor.py:178} INFO - Processing /home/airflow/.local/lib/python3.7/site-packages/airflow/example_dags/example_branch_labels.py took 0.069 seconds
[2023-01-15T13:41:32.337+0000] {processor.py:156} INFO - Started process (PID=25587) to work on /home/airflow/.local/lib/python3.7/site-packages/airflow/example_dags/example_branch_labels.py
[2023-01-15T13:41:32.338+0000] {processor.py:758} INFO - Processing file /home/airflow/.local/lib/python3.7/site-packages/airflow/example_dags/example_branch_labels.py for tasks to queue
[2023-01-15T13:41:32.339+0000] {logging_mixin.py:117} INFO - [2023-01-15T13:41:32.339+0000] {dagbag.py:525} INFO - Filling up the DagBag from /home/airflow/.local/lib/python3.7/site-packages/airflow/example_dags/example_branch_labels.py
[2023-01-15T13:41:32.349+0000] {processor.py:768} INFO - DAG(s) dict_keys(['example_branch_labels']) retrieved from /home/airflow/.local/lib/python3.7/site-packages/airflow/example_dags/example_branch_labels.py
[2023-01-15T13:41:32.376+0000] {logging_mixin.py:117} INFO - [2023-01-15T13:41:32.376+0000] {dag.py:2573} INFO - Sync 1 DAGs
[2023-01-15T13:41:32.393+0000] {logging_mixin.py:117} INFO - [2023-01-15T13:41:32.393+0000] {dag.py:3328} INFO - Setting next_dagrun for example_branch_labels to 2023-01-14T00:00:00+00:00, run_after=2023-01-15T00:00:00+00:00
[2023-01-15T13:41:32.404+0000] {processor.py:178} INFO - Processing /home/airflow/.local/lib/python3.7/site-packages/airflow/example_dags/example_branch_labels.py took 0.071 seconds
[2023-01-15T13:42:02.720+0000] {processor.py:156} INFO - Started process (PID=25651) to work on /home/airflow/.local/lib/python3.7/site-packages/airflow/example_dags/example_branch_labels.py
[2023-01-15T13:42:02.721+0000] {processor.py:758} INFO - Processing file /home/airflow/.local/lib/python3.7/site-packages/airflow/example_dags/example_branch_labels.py for tasks to queue
[2023-01-15T13:42:02.722+0000] {logging_mixin.py:117} INFO - [2023-01-15T13:42:02.722+0000] {dagbag.py:525} INFO - Filling up the DagBag from /home/airflow/.local/lib/python3.7/site-packages/airflow/example_dags/example_branch_labels.py
[2023-01-15T13:42:02.733+0000] {processor.py:768} INFO - DAG(s) dict_keys(['example_branch_labels']) retrieved from /home/airflow/.local/lib/python3.7/site-packages/airflow/example_dags/example_branch_labels.py
[2023-01-15T13:42:02.764+0000] {logging_mixin.py:117} INFO - [2023-01-15T13:42:02.763+0000] {dag.py:2573} INFO - Sync 1 DAGs
[2023-01-15T13:42:02.779+0000] {logging_mixin.py:117} INFO - [2023-01-15T13:42:02.779+0000] {dag.py:3328} INFO - Setting next_dagrun for example_branch_labels to 2023-01-14T00:00:00+00:00, run_after=2023-01-15T00:00:00+00:00
[2023-01-15T13:42:02.791+0000] {processor.py:178} INFO - Processing /home/airflow/.local/lib/python3.7/site-packages/airflow/example_dags/example_branch_labels.py took 0.075 seconds
[2023-01-15T13:58:07.025+0000] {processor.py:156} INFO - Started process (PID=25705) to work on /home/airflow/.local/lib/python3.7/site-packages/airflow/example_dags/example_branch_labels.py
[2023-01-15T13:58:07.066+0000] {processor.py:758} INFO - Processing file /home/airflow/.local/lib/python3.7/site-packages/airflow/example_dags/example_branch_labels.py for tasks to queue
[2023-01-15T13:58:07.068+0000] {logging_mixin.py:117} INFO - [2023-01-15T13:58:07.068+0000] {dagbag.py:525} INFO - Filling up the DagBag from /home/airflow/.local/lib/python3.7/site-packages/airflow/example_dags/example_branch_labels.py
[2023-01-15T13:58:07.151+0000] {processor.py:768} INFO - DAG(s) dict_keys(['example_branch_labels']) retrieved from /home/airflow/.local/lib/python3.7/site-packages/airflow/example_dags/example_branch_labels.py
[2023-01-15T13:58:07.465+0000] {logging_mixin.py:117} INFO - [2023-01-15T13:58:07.465+0000] {dag.py:2573} INFO - Sync 1 DAGs
[2023-01-15T13:58:07.521+0000] {logging_mixin.py:117} INFO - [2023-01-15T13:58:07.521+0000] {dag.py:3328} INFO - Setting next_dagrun for example_branch_labels to 2023-01-14T00:00:00+00:00, run_after=2023-01-15T00:00:00+00:00
[2023-01-15T13:58:07.558+0000] {processor.py:178} INFO - Processing /home/airflow/.local/lib/python3.7/site-packages/airflow/example_dags/example_branch_labels.py took 0.547 seconds
[2023-01-15T14:09:08.625+0000] {processor.py:156} INFO - Started process (PID=25768) to work on /home/airflow/.local/lib/python3.7/site-packages/airflow/example_dags/example_branch_labels.py
[2023-01-15T14:09:08.627+0000] {processor.py:758} INFO - Processing file /home/airflow/.local/lib/python3.7/site-packages/airflow/example_dags/example_branch_labels.py for tasks to queue
[2023-01-15T14:09:08.630+0000] {logging_mixin.py:117} INFO - [2023-01-15T14:09:08.629+0000] {dagbag.py:525} INFO - Filling up the DagBag from /home/airflow/.local/lib/python3.7/site-packages/airflow/example_dags/example_branch_labels.py
[2023-01-15T14:09:08.647+0000] {processor.py:768} INFO - DAG(s) dict_keys(['example_branch_labels']) retrieved from /home/airflow/.local/lib/python3.7/site-packages/airflow/example_dags/example_branch_labels.py
[2023-01-15T14:09:08.693+0000] {logging_mixin.py:117} INFO - [2023-01-15T14:09:08.693+0000] {dag.py:2573} INFO - Sync 1 DAGs
[2023-01-15T14:09:08.716+0000] {logging_mixin.py:117} INFO - [2023-01-15T14:09:08.716+0000] {dag.py:3328} INFO - Setting next_dagrun for example_branch_labels to 2023-01-14T00:00:00+00:00, run_after=2023-01-15T00:00:00+00:00
[2023-01-15T14:09:08.742+0000] {processor.py:178} INFO - Processing /home/airflow/.local/lib/python3.7/site-packages/airflow/example_dags/example_branch_labels.py took 0.121 seconds
[2023-01-15T14:09:38.831+0000] {processor.py:156} INFO - Started process (PID=25831) to work on /home/airflow/.local/lib/python3.7/site-packages/airflow/example_dags/example_branch_labels.py
[2023-01-15T14:09:38.832+0000] {processor.py:758} INFO - Processing file /home/airflow/.local/lib/python3.7/site-packages/airflow/example_dags/example_branch_labels.py for tasks to queue
[2023-01-15T14:09:38.833+0000] {logging_mixin.py:117} INFO - [2023-01-15T14:09:38.833+0000] {dagbag.py:525} INFO - Filling up the DagBag from /home/airflow/.local/lib/python3.7/site-packages/airflow/example_dags/example_branch_labels.py
[2023-01-15T14:09:38.844+0000] {processor.py:768} INFO - DAG(s) dict_keys(['example_branch_labels']) retrieved from /home/airflow/.local/lib/python3.7/site-packages/airflow/example_dags/example_branch_labels.py
[2023-01-15T14:09:38.871+0000] {logging_mixin.py:117} INFO - [2023-01-15T14:09:38.871+0000] {dag.py:2573} INFO - Sync 1 DAGs
[2023-01-15T14:09:38.887+0000] {logging_mixin.py:117} INFO - [2023-01-15T14:09:38.887+0000] {dag.py:3328} INFO - Setting next_dagrun for example_branch_labels to 2023-01-14T00:00:00+00:00, run_after=2023-01-15T00:00:00+00:00
[2023-01-15T14:09:38.898+0000] {processor.py:178} INFO - Processing /home/airflow/.local/lib/python3.7/site-packages/airflow/example_dags/example_branch_labels.py took 0.070 seconds
[2023-01-15T14:59:14.513+0000] {processor.py:156} INFO - Started process (PID=25895) to work on /home/airflow/.local/lib/python3.7/site-packages/airflow/example_dags/example_branch_labels.py
[2023-01-15T14:59:14.514+0000] {processor.py:758} INFO - Processing file /home/airflow/.local/lib/python3.7/site-packages/airflow/example_dags/example_branch_labels.py for tasks to queue
[2023-01-15T14:59:14.515+0000] {logging_mixin.py:117} INFO - [2023-01-15T14:59:14.515+0000] {dagbag.py:525} INFO - Filling up the DagBag from /home/airflow/.local/lib/python3.7/site-packages/airflow/example_dags/example_branch_labels.py
[2023-01-15T14:59:14.535+0000] {processor.py:768} INFO - DAG(s) dict_keys(['example_branch_labels']) retrieved from /home/airflow/.local/lib/python3.7/site-packages/airflow/example_dags/example_branch_labels.py
[2023-01-15T14:59:14.597+0000] {logging_mixin.py:117} INFO - [2023-01-15T14:59:14.597+0000] {dag.py:2573} INFO - Sync 1 DAGs
[2023-01-15T14:59:14.632+0000] {logging_mixin.py:117} INFO - [2023-01-15T14:59:14.632+0000] {dag.py:3328} INFO - Setting next_dagrun for example_branch_labels to 2023-01-14T00:00:00+00:00, run_after=2023-01-15T00:00:00+00:00
[2023-01-15T14:59:14.686+0000] {processor.py:178} INFO - Processing /home/airflow/.local/lib/python3.7/site-packages/airflow/example_dags/example_branch_labels.py took 0.176 seconds
[2023-01-15T16:21:36.410+0000] {processor.py:156} INFO - Started process (PID=25949) to work on /home/airflow/.local/lib/python3.7/site-packages/airflow/example_dags/example_branch_labels.py
[2023-01-15T16:21:36.412+0000] {processor.py:758} INFO - Processing file /home/airflow/.local/lib/python3.7/site-packages/airflow/example_dags/example_branch_labels.py for tasks to queue
[2023-01-15T16:21:36.414+0000] {logging_mixin.py:117} INFO - [2023-01-15T16:21:36.414+0000] {dagbag.py:525} INFO - Filling up the DagBag from /home/airflow/.local/lib/python3.7/site-packages/airflow/example_dags/example_branch_labels.py
[2023-01-15T16:21:36.450+0000] {processor.py:768} INFO - DAG(s) dict_keys(['example_branch_labels']) retrieved from /home/airflow/.local/lib/python3.7/site-packages/airflow/example_dags/example_branch_labels.py
[2023-01-15T16:21:36.517+0000] {logging_mixin.py:117} INFO - [2023-01-15T16:21:36.517+0000] {dag.py:2573} INFO - Sync 1 DAGs
[2023-01-15T16:21:36.544+0000] {logging_mixin.py:117} INFO - [2023-01-15T16:21:36.544+0000] {dag.py:3328} INFO - Setting next_dagrun for example_branch_labels to 2023-01-14T00:00:00+00:00, run_after=2023-01-15T00:00:00+00:00
[2023-01-15T16:21:36.567+0000] {processor.py:178} INFO - Processing /home/airflow/.local/lib/python3.7/site-packages/airflow/example_dags/example_branch_labels.py took 0.169 seconds
[2023-01-15T17:27:04.240+0000] {processor.py:156} INFO - Started process (PID=26012) to work on /home/airflow/.local/lib/python3.7/site-packages/airflow/example_dags/example_branch_labels.py
[2023-01-15T17:27:04.242+0000] {processor.py:758} INFO - Processing file /home/airflow/.local/lib/python3.7/site-packages/airflow/example_dags/example_branch_labels.py for tasks to queue
[2023-01-15T17:27:04.243+0000] {logging_mixin.py:117} INFO - [2023-01-15T17:27:04.243+0000] {dagbag.py:525} INFO - Filling up the DagBag from /home/airflow/.local/lib/python3.7/site-packages/airflow/example_dags/example_branch_labels.py
[2023-01-15T17:27:04.261+0000] {processor.py:768} INFO - DAG(s) dict_keys(['example_branch_labels']) retrieved from /home/airflow/.local/lib/python3.7/site-packages/airflow/example_dags/example_branch_labels.py
[2023-01-15T17:27:04.304+0000] {logging_mixin.py:117} INFO - [2023-01-15T17:27:04.304+0000] {dag.py:2573} INFO - Sync 1 DAGs
[2023-01-15T17:27:04.463+0000] {logging_mixin.py:117} INFO - [2023-01-15T17:27:04.463+0000] {dag.py:3328} INFO - Setting next_dagrun for example_branch_labels to 2023-01-14T00:00:00+00:00, run_after=2023-01-15T00:00:00+00:00
[2023-01-15T17:27:04.542+0000] {processor.py:178} INFO - Processing /home/airflow/.local/lib/python3.7/site-packages/airflow/example_dags/example_branch_labels.py took 0.306 seconds
[2023-01-15T18:23:37.141+0000] {processor.py:156} INFO - Started process (PID=26075) to work on /home/airflow/.local/lib/python3.7/site-packages/airflow/example_dags/example_branch_labels.py
[2023-01-15T18:23:37.143+0000] {processor.py:758} INFO - Processing file /home/airflow/.local/lib/python3.7/site-packages/airflow/example_dags/example_branch_labels.py for tasks to queue
[2023-01-15T18:23:37.143+0000] {logging_mixin.py:117} INFO - [2023-01-15T18:23:37.143+0000] {dagbag.py:525} INFO - Filling up the DagBag from /home/airflow/.local/lib/python3.7/site-packages/airflow/example_dags/example_branch_labels.py
[2023-01-15T18:23:37.161+0000] {processor.py:768} INFO - DAG(s) dict_keys(['example_branch_labels']) retrieved from /home/airflow/.local/lib/python3.7/site-packages/airflow/example_dags/example_branch_labels.py
[2023-01-15T18:23:37.220+0000] {logging_mixin.py:117} INFO - [2023-01-15T18:23:37.220+0000] {dag.py:2573} INFO - Sync 1 DAGs
[2023-01-15T18:23:37.245+0000] {logging_mixin.py:117} INFO - [2023-01-15T18:23:37.245+0000] {dag.py:3328} INFO - Setting next_dagrun for example_branch_labels to 2023-01-14T00:00:00+00:00, run_after=2023-01-15T00:00:00+00:00
[2023-01-15T18:23:37.267+0000] {processor.py:178} INFO - Processing /home/airflow/.local/lib/python3.7/site-packages/airflow/example_dags/example_branch_labels.py took 0.128 seconds
[2023-01-15T19:46:55.176+0000] {processor.py:156} INFO - Started process (PID=26129) to work on /home/airflow/.local/lib/python3.7/site-packages/airflow/example_dags/example_branch_labels.py
[2023-01-15T19:46:55.178+0000] {processor.py:758} INFO - Processing file /home/airflow/.local/lib/python3.7/site-packages/airflow/example_dags/example_branch_labels.py for tasks to queue
[2023-01-15T19:46:55.179+0000] {logging_mixin.py:117} INFO - [2023-01-15T19:46:55.179+0000] {dagbag.py:525} INFO - Filling up the DagBag from /home/airflow/.local/lib/python3.7/site-packages/airflow/example_dags/example_branch_labels.py
[2023-01-15T19:46:55.201+0000] {processor.py:768} INFO - DAG(s) dict_keys(['example_branch_labels']) retrieved from /home/airflow/.local/lib/python3.7/site-packages/airflow/example_dags/example_branch_labels.py
[2023-01-15T19:46:55.259+0000] {logging_mixin.py:117} INFO - [2023-01-15T19:46:55.259+0000] {dag.py:2573} INFO - Sync 1 DAGs
[2023-01-15T19:46:55.287+0000] {logging_mixin.py:117} INFO - [2023-01-15T19:46:55.286+0000] {dag.py:3328} INFO - Setting next_dagrun for example_branch_labels to 2023-01-14T00:00:00+00:00, run_after=2023-01-15T00:00:00+00:00
[2023-01-15T19:46:55.302+0000] {processor.py:178} INFO - Processing /home/airflow/.local/lib/python3.7/site-packages/airflow/example_dags/example_branch_labels.py took 0.129 seconds
[2023-01-15T20:53:30.002+0000] {processor.py:156} INFO - Started process (PID=26191) to work on /home/airflow/.local/lib/python3.7/site-packages/airflow/example_dags/example_branch_labels.py
[2023-01-15T20:53:30.004+0000] {processor.py:758} INFO - Processing file /home/airflow/.local/lib/python3.7/site-packages/airflow/example_dags/example_branch_labels.py for tasks to queue
[2023-01-15T20:53:30.006+0000] {logging_mixin.py:117} INFO - [2023-01-15T20:53:30.006+0000] {dagbag.py:525} INFO - Filling up the DagBag from /home/airflow/.local/lib/python3.7/site-packages/airflow/example_dags/example_branch_labels.py
[2023-01-15T20:53:30.047+0000] {processor.py:768} INFO - DAG(s) dict_keys(['example_branch_labels']) retrieved from /home/airflow/.local/lib/python3.7/site-packages/airflow/example_dags/example_branch_labels.py
[2023-01-15T20:53:30.121+0000] {logging_mixin.py:117} INFO - [2023-01-15T20:53:30.120+0000] {dag.py:2573} INFO - Sync 1 DAGs
[2023-01-15T20:53:30.152+0000] {logging_mixin.py:117} INFO - [2023-01-15T20:53:30.151+0000] {dag.py:3328} INFO - Setting next_dagrun for example_branch_labels to 2023-01-14T00:00:00+00:00, run_after=2023-01-15T00:00:00+00:00
[2023-01-15T20:53:30.168+0000] {processor.py:178} INFO - Processing /home/airflow/.local/lib/python3.7/site-packages/airflow/example_dags/example_branch_labels.py took 0.171 seconds
[2023-01-15T21:52:33.447+0000] {processor.py:156} INFO - Started process (PID=26254) to work on /home/airflow/.local/lib/python3.7/site-packages/airflow/example_dags/example_branch_labels.py
[2023-01-15T21:52:33.452+0000] {processor.py:758} INFO - Processing file /home/airflow/.local/lib/python3.7/site-packages/airflow/example_dags/example_branch_labels.py for tasks to queue
[2023-01-15T21:52:33.455+0000] {logging_mixin.py:117} INFO - [2023-01-15T21:52:33.455+0000] {dagbag.py:525} INFO - Filling up the DagBag from /home/airflow/.local/lib/python3.7/site-packages/airflow/example_dags/example_branch_labels.py
[2023-01-15T21:52:33.474+0000] {processor.py:768} INFO - DAG(s) dict_keys(['example_branch_labels']) retrieved from /home/airflow/.local/lib/python3.7/site-packages/airflow/example_dags/example_branch_labels.py
[2023-01-15T21:52:33.542+0000] {logging_mixin.py:117} INFO - [2023-01-15T21:52:33.542+0000] {dag.py:2573} INFO - Sync 1 DAGs
[2023-01-15T21:52:33.571+0000] {logging_mixin.py:117} INFO - [2023-01-15T21:52:33.571+0000] {dag.py:3328} INFO - Setting next_dagrun for example_branch_labels to 2023-01-14T00:00:00+00:00, run_after=2023-01-15T00:00:00+00:00
[2023-01-15T21:52:33.591+0000] {processor.py:178} INFO - Processing /home/airflow/.local/lib/python3.7/site-packages/airflow/example_dags/example_branch_labels.py took 0.146 seconds
[2023-01-15T23:15:51.542+0000] {processor.py:156} INFO - Started process (PID=26317) to work on /home/airflow/.local/lib/python3.7/site-packages/airflow/example_dags/example_branch_labels.py
[2023-01-15T23:15:51.544+0000] {processor.py:758} INFO - Processing file /home/airflow/.local/lib/python3.7/site-packages/airflow/example_dags/example_branch_labels.py for tasks to queue
[2023-01-15T23:15:51.545+0000] {logging_mixin.py:117} INFO - [2023-01-15T23:15:51.545+0000] {dagbag.py:525} INFO - Filling up the DagBag from /home/airflow/.local/lib/python3.7/site-packages/airflow/example_dags/example_branch_labels.py
[2023-01-15T23:15:51.570+0000] {processor.py:768} INFO - DAG(s) dict_keys(['example_branch_labels']) retrieved from /home/airflow/.local/lib/python3.7/site-packages/airflow/example_dags/example_branch_labels.py
[2023-01-15T23:15:51.631+0000] {logging_mixin.py:117} INFO - [2023-01-15T23:15:51.631+0000] {dag.py:2573} INFO - Sync 1 DAGs
[2023-01-15T23:15:51.662+0000] {logging_mixin.py:117} INFO - [2023-01-15T23:15:51.661+0000] {dag.py:3328} INFO - Setting next_dagrun for example_branch_labels to 2023-01-14T00:00:00+00:00, run_after=2023-01-15T00:00:00+00:00
[2023-01-15T23:15:51.690+0000] {processor.py:178} INFO - Processing /home/airflow/.local/lib/python3.7/site-packages/airflow/example_dags/example_branch_labels.py took 0.152 seconds
