[2023-01-15T00:38:58.723+0000] {processor.py:156} INFO - Started process (PID=24105) to work on /home/airflow/.local/lib/python3.7/site-packages/airflow/example_dags/example_datasets.py
[2023-01-15T00:38:58.728+0000] {processor.py:758} INFO - Processing file /home/airflow/.local/lib/python3.7/site-packages/airflow/example_dags/example_datasets.py for tasks to queue
[2023-01-15T00:38:58.730+0000] {logging_mixin.py:117} INFO - [2023-01-15T00:38:58.730+0000] {dagbag.py:525} INFO - Filling up the DagBag from /home/airflow/.local/lib/python3.7/site-packages/airflow/example_dags/example_datasets.py
[2023-01-15T00:38:58.777+0000] {processor.py:768} INFO - DAG(s) dict_keys(['dataset_consumes_1_never_scheduled', 'dataset_consumes_1', 'dataset_produces_1', 'dataset_consumes_unknown_never_scheduled', 'dataset_consumes_1_and_2', 'dataset_produces_2']) retrieved from /home/airflow/.local/lib/python3.7/site-packages/airflow/example_dags/example_datasets.py
[2023-01-15T00:38:58.854+0000] {logging_mixin.py:117} INFO - [2023-01-15T00:38:58.854+0000] {dag.py:2573} INFO - Sync 6 DAGs
[2023-01-15T00:38:58.878+0000] {logging_mixin.py:117} INFO - [2023-01-15T00:38:58.878+0000] {dag.py:3328} INFO - Setting next_dagrun for dataset_consumes_1 to None, run_after=None
[2023-01-15T00:38:58.883+0000] {logging_mixin.py:117} INFO - [2023-01-15T00:38:58.882+0000] {dag.py:3328} INFO - Setting next_dagrun for dataset_consumes_1_and_2 to None, run_after=None
[2023-01-15T00:38:58.885+0000] {logging_mixin.py:117} INFO - [2023-01-15T00:38:58.884+0000] {dag.py:3328} INFO - Setting next_dagrun for dataset_consumes_1_never_scheduled to None, run_after=None
[2023-01-15T00:38:58.887+0000] {logging_mixin.py:117} INFO - [2023-01-15T00:38:58.886+0000] {dag.py:3328} INFO - Setting next_dagrun for dataset_consumes_unknown_never_scheduled to None, run_after=None
[2023-01-15T00:38:58.890+0000] {logging_mixin.py:117} INFO - [2023-01-15T00:38:58.890+0000] {dag.py:3328} INFO - Setting next_dagrun for dataset_produces_1 to 2023-01-14T00:00:00+00:00, run_after=2023-01-15T00:00:00+00:00
[2023-01-15T00:38:58.892+0000] {logging_mixin.py:117} INFO - [2023-01-15T00:38:58.891+0000] {dag.py:3328} INFO - Setting next_dagrun for dataset_produces_2 to None, run_after=None
[2023-01-15T00:38:58.932+0000] {processor.py:178} INFO - Processing /home/airflow/.local/lib/python3.7/site-packages/airflow/example_dags/example_datasets.py took 0.214 seconds
[2023-01-15T01:44:16.738+0000] {processor.py:156} INFO - Started process (PID=24168) to work on /home/airflow/.local/lib/python3.7/site-packages/airflow/example_dags/example_datasets.py
[2023-01-15T01:44:16.741+0000] {processor.py:758} INFO - Processing file /home/airflow/.local/lib/python3.7/site-packages/airflow/example_dags/example_datasets.py for tasks to queue
[2023-01-15T01:44:16.747+0000] {logging_mixin.py:117} INFO - [2023-01-15T01:44:16.747+0000] {dagbag.py:525} INFO - Filling up the DagBag from /home/airflow/.local/lib/python3.7/site-packages/airflow/example_dags/example_datasets.py
[2023-01-15T01:44:16.801+0000] {processor.py:768} INFO - DAG(s) dict_keys(['dataset_consumes_1_never_scheduled', 'dataset_consumes_1', 'dataset_produces_1', 'dataset_produces_2', 'dataset_consumes_unknown_never_scheduled', 'dataset_consumes_1_and_2']) retrieved from /home/airflow/.local/lib/python3.7/site-packages/airflow/example_dags/example_datasets.py
[2023-01-15T01:44:16.970+0000] {logging_mixin.py:117} INFO - [2023-01-15T01:44:16.970+0000] {dag.py:2573} INFO - Sync 6 DAGs
[2023-01-15T01:44:17.027+0000] {logging_mixin.py:117} INFO - [2023-01-15T01:44:17.027+0000] {dag.py:3328} INFO - Setting next_dagrun for dataset_consumes_1 to None, run_after=None
[2023-01-15T01:44:17.035+0000] {logging_mixin.py:117} INFO - [2023-01-15T01:44:17.034+0000] {dag.py:3328} INFO - Setting next_dagrun for dataset_consumes_1_and_2 to None, run_after=None
[2023-01-15T01:44:17.036+0000] {logging_mixin.py:117} INFO - [2023-01-15T01:44:17.036+0000] {dag.py:3328} INFO - Setting next_dagrun for dataset_consumes_1_never_scheduled to None, run_after=None
[2023-01-15T01:44:17.038+0000] {logging_mixin.py:117} INFO - [2023-01-15T01:44:17.038+0000] {dag.py:3328} INFO - Setting next_dagrun for dataset_consumes_unknown_never_scheduled to None, run_after=None
[2023-01-15T01:44:17.049+0000] {logging_mixin.py:117} INFO - [2023-01-15T01:44:17.049+0000] {dag.py:3328} INFO - Setting next_dagrun for dataset_produces_1 to 2023-01-14T00:00:00+00:00, run_after=2023-01-15T00:00:00+00:00
[2023-01-15T01:44:17.052+0000] {logging_mixin.py:117} INFO - [2023-01-15T01:44:17.052+0000] {dag.py:3328} INFO - Setting next_dagrun for dataset_produces_2 to None, run_after=None
[2023-01-15T01:44:17.095+0000] {processor.py:178} INFO - Processing /home/airflow/.local/lib/python3.7/site-packages/airflow/example_dags/example_datasets.py took 0.367 seconds
[2023-01-15T02:15:45.785+0000] {processor.py:156} INFO - Started process (PID=24222) to work on /home/airflow/.local/lib/python3.7/site-packages/airflow/example_dags/example_datasets.py
[2023-01-15T02:15:45.786+0000] {processor.py:758} INFO - Processing file /home/airflow/.local/lib/python3.7/site-packages/airflow/example_dags/example_datasets.py for tasks to queue
[2023-01-15T02:15:45.787+0000] {logging_mixin.py:117} INFO - [2023-01-15T02:15:45.787+0000] {dagbag.py:525} INFO - Filling up the DagBag from /home/airflow/.local/lib/python3.7/site-packages/airflow/example_dags/example_datasets.py
[2023-01-15T02:15:45.799+0000] {processor.py:768} INFO - DAG(s) dict_keys(['dataset_produces_2', 'dataset_consumes_1', 'dataset_consumes_1_never_scheduled', 'dataset_consumes_unknown_never_scheduled', 'dataset_produces_1', 'dataset_consumes_1_and_2']) retrieved from /home/airflow/.local/lib/python3.7/site-packages/airflow/example_dags/example_datasets.py
[2023-01-15T02:15:45.831+0000] {logging_mixin.py:117} INFO - [2023-01-15T02:15:45.831+0000] {dag.py:2573} INFO - Sync 6 DAGs
[2023-01-15T02:15:45.846+0000] {logging_mixin.py:117} INFO - [2023-01-15T02:15:45.846+0000] {dag.py:3328} INFO - Setting next_dagrun for dataset_consumes_1 to None, run_after=None
[2023-01-15T02:15:45.848+0000] {logging_mixin.py:117} INFO - [2023-01-15T02:15:45.848+0000] {dag.py:3328} INFO - Setting next_dagrun for dataset_consumes_1_and_2 to None, run_after=None
[2023-01-15T02:15:45.849+0000] {logging_mixin.py:117} INFO - [2023-01-15T02:15:45.849+0000] {dag.py:3328} INFO - Setting next_dagrun for dataset_consumes_1_never_scheduled to None, run_after=None
[2023-01-15T02:15:45.850+0000] {logging_mixin.py:117} INFO - [2023-01-15T02:15:45.850+0000] {dag.py:3328} INFO - Setting next_dagrun for dataset_consumes_unknown_never_scheduled to None, run_after=None
[2023-01-15T02:15:45.852+0000] {logging_mixin.py:117} INFO - [2023-01-15T02:15:45.852+0000] {dag.py:3328} INFO - Setting next_dagrun for dataset_produces_1 to 2023-01-14T00:00:00+00:00, run_after=2023-01-15T00:00:00+00:00
[2023-01-15T02:15:45.853+0000] {logging_mixin.py:117} INFO - [2023-01-15T02:15:45.852+0000] {dag.py:3328} INFO - Setting next_dagrun for dataset_produces_2 to None, run_after=None
[2023-01-15T02:15:45.866+0000] {processor.py:178} INFO - Processing /home/airflow/.local/lib/python3.7/site-packages/airflow/example_dags/example_datasets.py took 0.084 seconds
[2023-01-15T02:16:16.493+0000] {processor.py:156} INFO - Started process (PID=24285) to work on /home/airflow/.local/lib/python3.7/site-packages/airflow/example_dags/example_datasets.py
[2023-01-15T02:16:16.495+0000] {processor.py:758} INFO - Processing file /home/airflow/.local/lib/python3.7/site-packages/airflow/example_dags/example_datasets.py for tasks to queue
[2023-01-15T02:16:16.496+0000] {logging_mixin.py:117} INFO - [2023-01-15T02:16:16.496+0000] {dagbag.py:525} INFO - Filling up the DagBag from /home/airflow/.local/lib/python3.7/site-packages/airflow/example_dags/example_datasets.py
[2023-01-15T02:16:16.507+0000] {processor.py:768} INFO - DAG(s) dict_keys(['dataset_consumes_1_never_scheduled', 'dataset_consumes_1', 'dataset_consumes_unknown_never_scheduled', 'dataset_consumes_1_and_2', 'dataset_produces_1', 'dataset_produces_2']) retrieved from /home/airflow/.local/lib/python3.7/site-packages/airflow/example_dags/example_datasets.py
[2023-01-15T02:16:16.540+0000] {logging_mixin.py:117} INFO - [2023-01-15T02:16:16.540+0000] {dag.py:2573} INFO - Sync 6 DAGs
[2023-01-15T02:16:16.553+0000] {logging_mixin.py:117} INFO - [2023-01-15T02:16:16.553+0000] {dag.py:3328} INFO - Setting next_dagrun for dataset_consumes_1 to None, run_after=None
[2023-01-15T02:16:16.556+0000] {logging_mixin.py:117} INFO - [2023-01-15T02:16:16.556+0000] {dag.py:3328} INFO - Setting next_dagrun for dataset_consumes_1_and_2 to None, run_after=None
[2023-01-15T02:16:16.557+0000] {logging_mixin.py:117} INFO - [2023-01-15T02:16:16.557+0000] {dag.py:3328} INFO - Setting next_dagrun for dataset_consumes_1_never_scheduled to None, run_after=None
[2023-01-15T02:16:16.558+0000] {logging_mixin.py:117} INFO - [2023-01-15T02:16:16.557+0000] {dag.py:3328} INFO - Setting next_dagrun for dataset_consumes_unknown_never_scheduled to None, run_after=None
[2023-01-15T02:16:16.559+0000] {logging_mixin.py:117} INFO - [2023-01-15T02:16:16.559+0000] {dag.py:3328} INFO - Setting next_dagrun for dataset_produces_1 to 2023-01-14T00:00:00+00:00, run_after=2023-01-15T00:00:00+00:00
[2023-01-15T02:16:16.560+0000] {logging_mixin.py:117} INFO - [2023-01-15T02:16:16.560+0000] {dag.py:3328} INFO - Setting next_dagrun for dataset_produces_2 to None, run_after=None
[2023-01-15T02:16:16.573+0000] {processor.py:178} INFO - Processing /home/airflow/.local/lib/python3.7/site-packages/airflow/example_dags/example_datasets.py took 0.083 seconds
[2023-01-15T02:49:43.069+0000] {processor.py:156} INFO - Started process (PID=24348) to work on /home/airflow/.local/lib/python3.7/site-packages/airflow/example_dags/example_datasets.py
[2023-01-15T02:49:43.070+0000] {processor.py:758} INFO - Processing file /home/airflow/.local/lib/python3.7/site-packages/airflow/example_dags/example_datasets.py for tasks to queue
[2023-01-15T02:49:43.071+0000] {logging_mixin.py:117} INFO - [2023-01-15T02:49:43.071+0000] {dagbag.py:525} INFO - Filling up the DagBag from /home/airflow/.local/lib/python3.7/site-packages/airflow/example_dags/example_datasets.py
[2023-01-15T02:49:43.091+0000] {processor.py:768} INFO - DAG(s) dict_keys(['dataset_produces_2', 'dataset_consumes_1_never_scheduled', 'dataset_produces_1', 'dataset_consumes_unknown_never_scheduled', 'dataset_consumes_1', 'dataset_consumes_1_and_2']) retrieved from /home/airflow/.local/lib/python3.7/site-packages/airflow/example_dags/example_datasets.py
[2023-01-15T02:49:43.172+0000] {logging_mixin.py:117} INFO - [2023-01-15T02:49:43.172+0000] {dag.py:2573} INFO - Sync 6 DAGs
[2023-01-15T02:49:43.208+0000] {logging_mixin.py:117} INFO - [2023-01-15T02:49:43.208+0000] {dag.py:3328} INFO - Setting next_dagrun for dataset_consumes_1 to None, run_after=None
[2023-01-15T02:49:43.215+0000] {logging_mixin.py:117} INFO - [2023-01-15T02:49:43.215+0000] {dag.py:3328} INFO - Setting next_dagrun for dataset_consumes_1_and_2 to None, run_after=None
[2023-01-15T02:49:43.217+0000] {logging_mixin.py:117} INFO - [2023-01-15T02:49:43.217+0000] {dag.py:3328} INFO - Setting next_dagrun for dataset_consumes_1_never_scheduled to None, run_after=None
[2023-01-15T02:49:43.219+0000] {logging_mixin.py:117} INFO - [2023-01-15T02:49:43.219+0000] {dag.py:3328} INFO - Setting next_dagrun for dataset_consumes_unknown_never_scheduled to None, run_after=None
[2023-01-15T02:49:43.221+0000] {logging_mixin.py:117} INFO - [2023-01-15T02:49:43.221+0000] {dag.py:3328} INFO - Setting next_dagrun for dataset_produces_1 to 2023-01-14T00:00:00+00:00, run_after=2023-01-15T00:00:00+00:00
[2023-01-15T02:49:43.223+0000] {logging_mixin.py:117} INFO - [2023-01-15T02:49:43.223+0000] {dag.py:3328} INFO - Setting next_dagrun for dataset_produces_2 to None, run_after=None
[2023-01-15T02:49:43.258+0000] {processor.py:178} INFO - Processing /home/airflow/.local/lib/python3.7/site-packages/airflow/example_dags/example_datasets.py took 0.195 seconds
[2023-01-15T04:11:01.590+0000] {processor.py:156} INFO - Started process (PID=24411) to work on /home/airflow/.local/lib/python3.7/site-packages/airflow/example_dags/example_datasets.py
[2023-01-15T04:11:01.593+0000] {processor.py:758} INFO - Processing file /home/airflow/.local/lib/python3.7/site-packages/airflow/example_dags/example_datasets.py for tasks to queue
[2023-01-15T04:11:01.594+0000] {logging_mixin.py:117} INFO - [2023-01-15T04:11:01.594+0000] {dagbag.py:525} INFO - Filling up the DagBag from /home/airflow/.local/lib/python3.7/site-packages/airflow/example_dags/example_datasets.py
[2023-01-15T04:11:01.620+0000] {processor.py:768} INFO - DAG(s) dict_keys(['dataset_produces_2', 'dataset_consumes_1_never_scheduled', 'dataset_consumes_1', 'dataset_consumes_unknown_never_scheduled', 'dataset_consumes_1_and_2', 'dataset_produces_1']) retrieved from /home/airflow/.local/lib/python3.7/site-packages/airflow/example_dags/example_datasets.py
[2023-01-15T04:11:01.663+0000] {logging_mixin.py:117} INFO - [2023-01-15T04:11:01.663+0000] {dag.py:2573} INFO - Sync 6 DAGs
[2023-01-15T04:11:01.684+0000] {logging_mixin.py:117} INFO - [2023-01-15T04:11:01.684+0000] {dag.py:3328} INFO - Setting next_dagrun for dataset_consumes_1 to None, run_after=None
[2023-01-15T04:11:01.689+0000] {logging_mixin.py:117} INFO - [2023-01-15T04:11:01.688+0000] {dag.py:3328} INFO - Setting next_dagrun for dataset_consumes_1_and_2 to None, run_after=None
[2023-01-15T04:11:01.690+0000] {logging_mixin.py:117} INFO - [2023-01-15T04:11:01.690+0000] {dag.py:3328} INFO - Setting next_dagrun for dataset_consumes_1_never_scheduled to None, run_after=None
[2023-01-15T04:11:01.692+0000] {logging_mixin.py:117} INFO - [2023-01-15T04:11:01.692+0000] {dag.py:3328} INFO - Setting next_dagrun for dataset_consumes_unknown_never_scheduled to None, run_after=None
[2023-01-15T04:11:01.695+0000] {logging_mixin.py:117} INFO - [2023-01-15T04:11:01.695+0000] {dag.py:3328} INFO - Setting next_dagrun for dataset_produces_1 to 2023-01-14T00:00:00+00:00, run_after=2023-01-15T00:00:00+00:00
[2023-01-15T04:11:01.696+0000] {logging_mixin.py:117} INFO - [2023-01-15T04:11:01.696+0000] {dag.py:3328} INFO - Setting next_dagrun for dataset_produces_2 to None, run_after=None
[2023-01-15T04:11:01.718+0000] {processor.py:178} INFO - Processing /home/airflow/.local/lib/python3.7/site-packages/airflow/example_dags/example_datasets.py took 0.130 seconds
[2023-01-15T05:08:49.828+0000] {processor.py:156} INFO - Started process (PID=24475) to work on /home/airflow/.local/lib/python3.7/site-packages/airflow/example_dags/example_datasets.py
[2023-01-15T05:08:49.835+0000] {processor.py:758} INFO - Processing file /home/airflow/.local/lib/python3.7/site-packages/airflow/example_dags/example_datasets.py for tasks to queue
[2023-01-15T05:08:49.836+0000] {logging_mixin.py:117} INFO - [2023-01-15T05:08:49.836+0000] {dagbag.py:525} INFO - Filling up the DagBag from /home/airflow/.local/lib/python3.7/site-packages/airflow/example_dags/example_datasets.py
[2023-01-15T05:08:49.866+0000] {processor.py:768} INFO - DAG(s) dict_keys(['dataset_consumes_1_never_scheduled', 'dataset_produces_2', 'dataset_consumes_1', 'dataset_consumes_1_and_2', 'dataset_consumes_unknown_never_scheduled', 'dataset_produces_1']) retrieved from /home/airflow/.local/lib/python3.7/site-packages/airflow/example_dags/example_datasets.py
[2023-01-15T05:08:49.974+0000] {logging_mixin.py:117} INFO - [2023-01-15T05:08:49.974+0000] {dag.py:2573} INFO - Sync 6 DAGs
[2023-01-15T05:08:50.008+0000] {logging_mixin.py:117} INFO - [2023-01-15T05:08:50.007+0000] {dag.py:3328} INFO - Setting next_dagrun for dataset_consumes_1 to None, run_after=None
[2023-01-15T05:08:50.012+0000] {logging_mixin.py:117} INFO - [2023-01-15T05:08:50.012+0000] {dag.py:3328} INFO - Setting next_dagrun for dataset_consumes_1_and_2 to None, run_after=None
[2023-01-15T05:08:50.014+0000] {logging_mixin.py:117} INFO - [2023-01-15T05:08:50.014+0000] {dag.py:3328} INFO - Setting next_dagrun for dataset_consumes_1_never_scheduled to None, run_after=None
[2023-01-15T05:08:50.016+0000] {logging_mixin.py:117} INFO - [2023-01-15T05:08:50.016+0000] {dag.py:3328} INFO - Setting next_dagrun for dataset_consumes_unknown_never_scheduled to None, run_after=None
[2023-01-15T05:08:50.024+0000] {logging_mixin.py:117} INFO - [2023-01-15T05:08:50.024+0000] {dag.py:3328} INFO - Setting next_dagrun for dataset_produces_1 to 2023-01-14T00:00:00+00:00, run_after=2023-01-15T00:00:00+00:00
[2023-01-15T05:08:50.026+0000] {logging_mixin.py:117} INFO - [2023-01-15T05:08:50.025+0000] {dag.py:3328} INFO - Setting next_dagrun for dataset_produces_2 to None, run_after=None
[2023-01-15T05:08:50.061+0000] {processor.py:178} INFO - Processing /home/airflow/.local/lib/python3.7/site-packages/airflow/example_dags/example_datasets.py took 0.238 seconds
[2023-01-15T06:14:18.033+0000] {processor.py:156} INFO - Started process (PID=24529) to work on /home/airflow/.local/lib/python3.7/site-packages/airflow/example_dags/example_datasets.py
[2023-01-15T06:14:18.035+0000] {processor.py:758} INFO - Processing file /home/airflow/.local/lib/python3.7/site-packages/airflow/example_dags/example_datasets.py for tasks to queue
[2023-01-15T06:14:18.039+0000] {logging_mixin.py:117} INFO - [2023-01-15T06:14:18.039+0000] {dagbag.py:525} INFO - Filling up the DagBag from /home/airflow/.local/lib/python3.7/site-packages/airflow/example_dags/example_datasets.py
[2023-01-15T06:14:18.080+0000] {processor.py:768} INFO - DAG(s) dict_keys(['dataset_consumes_1', 'dataset_consumes_1_and_2', 'dataset_consumes_unknown_never_scheduled', 'dataset_produces_2', 'dataset_consumes_1_never_scheduled', 'dataset_produces_1']) retrieved from /home/airflow/.local/lib/python3.7/site-packages/airflow/example_dags/example_datasets.py
[2023-01-15T06:14:18.177+0000] {logging_mixin.py:117} INFO - [2023-01-15T06:14:18.177+0000] {dag.py:2573} INFO - Sync 6 DAGs
[2023-01-15T06:14:18.244+0000] {logging_mixin.py:117} INFO - [2023-01-15T06:14:18.244+0000] {dag.py:3328} INFO - Setting next_dagrun for dataset_consumes_1 to None, run_after=None
[2023-01-15T06:14:18.258+0000] {logging_mixin.py:117} INFO - [2023-01-15T06:14:18.258+0000] {dag.py:3328} INFO - Setting next_dagrun for dataset_consumes_1_and_2 to None, run_after=None
[2023-01-15T06:14:18.260+0000] {logging_mixin.py:117} INFO - [2023-01-15T06:14:18.260+0000] {dag.py:3328} INFO - Setting next_dagrun for dataset_consumes_1_never_scheduled to None, run_after=None
[2023-01-15T06:14:18.262+0000] {logging_mixin.py:117} INFO - [2023-01-15T06:14:18.262+0000] {dag.py:3328} INFO - Setting next_dagrun for dataset_consumes_unknown_never_scheduled to None, run_after=None
[2023-01-15T06:14:18.268+0000] {logging_mixin.py:117} INFO - [2023-01-15T06:14:18.268+0000] {dag.py:3328} INFO - Setting next_dagrun for dataset_produces_1 to 2023-01-14T00:00:00+00:00, run_after=2023-01-15T00:00:00+00:00
[2023-01-15T06:14:18.272+0000] {logging_mixin.py:117} INFO - [2023-01-15T06:14:18.272+0000] {dag.py:3328} INFO - Setting next_dagrun for dataset_produces_2 to None, run_after=None
[2023-01-15T06:14:18.317+0000] {processor.py:178} INFO - Processing /home/airflow/.local/lib/python3.7/site-packages/airflow/example_dags/example_datasets.py took 0.287 seconds
[2023-01-15T06:57:23.879+0000] {processor.py:156} INFO - Started process (PID=24592) to work on /home/airflow/.local/lib/python3.7/site-packages/airflow/example_dags/example_datasets.py
[2023-01-15T06:57:23.882+0000] {processor.py:758} INFO - Processing file /home/airflow/.local/lib/python3.7/site-packages/airflow/example_dags/example_datasets.py for tasks to queue
[2023-01-15T06:57:23.883+0000] {logging_mixin.py:117} INFO - [2023-01-15T06:57:23.883+0000] {dagbag.py:525} INFO - Filling up the DagBag from /home/airflow/.local/lib/python3.7/site-packages/airflow/example_dags/example_datasets.py
[2023-01-15T06:57:23.907+0000] {processor.py:768} INFO - DAG(s) dict_keys(['dataset_produces_1', 'dataset_consumes_1_never_scheduled', 'dataset_consumes_unknown_never_scheduled', 'dataset_consumes_1_and_2', 'dataset_produces_2', 'dataset_consumes_1']) retrieved from /home/airflow/.local/lib/python3.7/site-packages/airflow/example_dags/example_datasets.py
[2023-01-15T06:57:23.983+0000] {logging_mixin.py:117} INFO - [2023-01-15T06:57:23.983+0000] {dag.py:2573} INFO - Sync 6 DAGs
[2023-01-15T06:57:24.017+0000] {logging_mixin.py:117} INFO - [2023-01-15T06:57:24.017+0000] {dag.py:3328} INFO - Setting next_dagrun for dataset_consumes_1 to None, run_after=None
[2023-01-15T06:57:24.021+0000] {logging_mixin.py:117} INFO - [2023-01-15T06:57:24.021+0000] {dag.py:3328} INFO - Setting next_dagrun for dataset_consumes_1_and_2 to None, run_after=None
[2023-01-15T06:57:24.024+0000] {logging_mixin.py:117} INFO - [2023-01-15T06:57:24.024+0000] {dag.py:3328} INFO - Setting next_dagrun for dataset_consumes_1_never_scheduled to None, run_after=None
[2023-01-15T06:57:24.029+0000] {logging_mixin.py:117} INFO - [2023-01-15T06:57:24.029+0000] {dag.py:3328} INFO - Setting next_dagrun for dataset_consumes_unknown_never_scheduled to None, run_after=None
[2023-01-15T06:57:24.032+0000] {logging_mixin.py:117} INFO - [2023-01-15T06:57:24.032+0000] {dag.py:3328} INFO - Setting next_dagrun for dataset_produces_1 to 2023-01-14T00:00:00+00:00, run_after=2023-01-15T00:00:00+00:00
[2023-01-15T06:57:24.034+0000] {logging_mixin.py:117} INFO - [2023-01-15T06:57:24.034+0000] {dag.py:3328} INFO - Setting next_dagrun for dataset_produces_2 to None, run_after=None
[2023-01-15T06:57:24.078+0000] {processor.py:178} INFO - Processing /home/airflow/.local/lib/python3.7/site-packages/airflow/example_dags/example_datasets.py took 0.203 seconds
[2023-01-15T08:03:15.492+0000] {processor.py:156} INFO - Started process (PID=24655) to work on /home/airflow/.local/lib/python3.7/site-packages/airflow/example_dags/example_datasets.py
[2023-01-15T08:03:15.494+0000] {processor.py:758} INFO - Processing file /home/airflow/.local/lib/python3.7/site-packages/airflow/example_dags/example_datasets.py for tasks to queue
[2023-01-15T08:03:15.495+0000] {logging_mixin.py:117} INFO - [2023-01-15T08:03:15.495+0000] {dagbag.py:525} INFO - Filling up the DagBag from /home/airflow/.local/lib/python3.7/site-packages/airflow/example_dags/example_datasets.py
[2023-01-15T08:03:15.519+0000] {processor.py:768} INFO - DAG(s) dict_keys(['dataset_consumes_1', 'dataset_consumes_1_never_scheduled', 'dataset_consumes_unknown_never_scheduled', 'dataset_produces_2', 'dataset_consumes_1_and_2', 'dataset_produces_1']) retrieved from /home/airflow/.local/lib/python3.7/site-packages/airflow/example_dags/example_datasets.py
[2023-01-15T08:03:15.600+0000] {logging_mixin.py:117} INFO - [2023-01-15T08:03:15.600+0000] {dag.py:2573} INFO - Sync 6 DAGs
[2023-01-15T08:03:15.628+0000] {logging_mixin.py:117} INFO - [2023-01-15T08:03:15.628+0000] {dag.py:3328} INFO - Setting next_dagrun for dataset_consumes_1 to None, run_after=None
[2023-01-15T08:03:15.632+0000] {logging_mixin.py:117} INFO - [2023-01-15T08:03:15.632+0000] {dag.py:3328} INFO - Setting next_dagrun for dataset_consumes_1_and_2 to None, run_after=None
[2023-01-15T08:03:15.633+0000] {logging_mixin.py:117} INFO - [2023-01-15T08:03:15.633+0000] {dag.py:3328} INFO - Setting next_dagrun for dataset_consumes_1_never_scheduled to None, run_after=None
[2023-01-15T08:03:15.635+0000] {logging_mixin.py:117} INFO - [2023-01-15T08:03:15.635+0000] {dag.py:3328} INFO - Setting next_dagrun for dataset_consumes_unknown_never_scheduled to None, run_after=None
[2023-01-15T08:03:15.640+0000] {logging_mixin.py:117} INFO - [2023-01-15T08:03:15.640+0000] {dag.py:3328} INFO - Setting next_dagrun for dataset_produces_1 to 2023-01-14T00:00:00+00:00, run_after=2023-01-15T00:00:00+00:00
[2023-01-15T08:03:15.642+0000] {logging_mixin.py:117} INFO - [2023-01-15T08:03:15.642+0000] {dag.py:3328} INFO - Setting next_dagrun for dataset_produces_2 to None, run_after=None
[2023-01-15T08:03:15.681+0000] {processor.py:178} INFO - Processing /home/airflow/.local/lib/python3.7/site-packages/airflow/example_dags/example_datasets.py took 0.193 seconds
[2023-01-15T09:11:05.617+0000] {processor.py:156} INFO - Started process (PID=24719) to work on /home/airflow/.local/lib/python3.7/site-packages/airflow/example_dags/example_datasets.py
[2023-01-15T09:11:05.619+0000] {processor.py:758} INFO - Processing file /home/airflow/.local/lib/python3.7/site-packages/airflow/example_dags/example_datasets.py for tasks to queue
[2023-01-15T09:11:05.620+0000] {logging_mixin.py:117} INFO - [2023-01-15T09:11:05.620+0000] {dagbag.py:525} INFO - Filling up the DagBag from /home/airflow/.local/lib/python3.7/site-packages/airflow/example_dags/example_datasets.py
[2023-01-15T09:11:05.649+0000] {processor.py:768} INFO - DAG(s) dict_keys(['dataset_consumes_1', 'dataset_produces_1', 'dataset_consumes_1_and_2', 'dataset_consumes_1_never_scheduled', 'dataset_produces_2', 'dataset_consumes_unknown_never_scheduled']) retrieved from /home/airflow/.local/lib/python3.7/site-packages/airflow/example_dags/example_datasets.py
[2023-01-15T09:11:05.744+0000] {logging_mixin.py:117} INFO - [2023-01-15T09:11:05.744+0000] {dag.py:2573} INFO - Sync 6 DAGs
[2023-01-15T09:11:05.787+0000] {logging_mixin.py:117} INFO - [2023-01-15T09:11:05.787+0000] {dag.py:3328} INFO - Setting next_dagrun for dataset_consumes_1 to None, run_after=None
[2023-01-15T09:11:05.793+0000] {logging_mixin.py:117} INFO - [2023-01-15T09:11:05.793+0000] {dag.py:3328} INFO - Setting next_dagrun for dataset_consumes_1_and_2 to None, run_after=None
[2023-01-15T09:11:05.795+0000] {logging_mixin.py:117} INFO - [2023-01-15T09:11:05.795+0000] {dag.py:3328} INFO - Setting next_dagrun for dataset_consumes_1_never_scheduled to None, run_after=None
[2023-01-15T09:11:05.797+0000] {logging_mixin.py:117} INFO - [2023-01-15T09:11:05.796+0000] {dag.py:3328} INFO - Setting next_dagrun for dataset_consumes_unknown_never_scheduled to None, run_after=None
[2023-01-15T09:11:05.800+0000] {logging_mixin.py:117} INFO - [2023-01-15T09:11:05.800+0000] {dag.py:3328} INFO - Setting next_dagrun for dataset_produces_1 to 2023-01-14T00:00:00+00:00, run_after=2023-01-15T00:00:00+00:00
[2023-01-15T09:11:05.802+0000] {logging_mixin.py:117} INFO - [2023-01-15T09:11:05.801+0000] {dag.py:3328} INFO - Setting next_dagrun for dataset_produces_2 to None, run_after=None
[2023-01-15T09:11:05.831+0000] {processor.py:178} INFO - Processing /home/airflow/.local/lib/python3.7/site-packages/airflow/example_dags/example_datasets.py took 0.219 seconds
[2023-01-15T09:32:52.726+0000] {processor.py:156} INFO - Started process (PID=24773) to work on /home/airflow/.local/lib/python3.7/site-packages/airflow/example_dags/example_datasets.py
[2023-01-15T09:32:52.731+0000] {processor.py:758} INFO - Processing file /home/airflow/.local/lib/python3.7/site-packages/airflow/example_dags/example_datasets.py for tasks to queue
[2023-01-15T09:32:52.734+0000] {logging_mixin.py:117} INFO - [2023-01-15T09:32:52.734+0000] {dagbag.py:525} INFO - Filling up the DagBag from /home/airflow/.local/lib/python3.7/site-packages/airflow/example_dags/example_datasets.py
[2023-01-15T09:32:52.756+0000] {processor.py:768} INFO - DAG(s) dict_keys(['dataset_consumes_1_never_scheduled', 'dataset_produces_2', 'dataset_consumes_1_and_2', 'dataset_consumes_unknown_never_scheduled', 'dataset_consumes_1', 'dataset_produces_1']) retrieved from /home/airflow/.local/lib/python3.7/site-packages/airflow/example_dags/example_datasets.py
[2023-01-15T09:32:52.826+0000] {logging_mixin.py:117} INFO - [2023-01-15T09:32:52.826+0000] {dag.py:2573} INFO - Sync 6 DAGs
[2023-01-15T09:32:52.851+0000] {logging_mixin.py:117} INFO - [2023-01-15T09:32:52.851+0000] {dag.py:3328} INFO - Setting next_dagrun for dataset_consumes_1 to None, run_after=None
[2023-01-15T09:32:52.854+0000] {logging_mixin.py:117} INFO - [2023-01-15T09:32:52.854+0000] {dag.py:3328} INFO - Setting next_dagrun for dataset_consumes_1_and_2 to None, run_after=None
[2023-01-15T09:32:52.856+0000] {logging_mixin.py:117} INFO - [2023-01-15T09:32:52.856+0000] {dag.py:3328} INFO - Setting next_dagrun for dataset_consumes_1_never_scheduled to None, run_after=None
[2023-01-15T09:32:52.857+0000] {logging_mixin.py:117} INFO - [2023-01-15T09:32:52.857+0000] {dag.py:3328} INFO - Setting next_dagrun for dataset_consumes_unknown_never_scheduled to None, run_after=None
[2023-01-15T09:32:52.860+0000] {logging_mixin.py:117} INFO - [2023-01-15T09:32:52.860+0000] {dag.py:3328} INFO - Setting next_dagrun for dataset_produces_1 to 2023-01-14T00:00:00+00:00, run_after=2023-01-15T00:00:00+00:00
[2023-01-15T09:32:52.862+0000] {logging_mixin.py:117} INFO - [2023-01-15T09:32:52.862+0000] {dag.py:3328} INFO - Setting next_dagrun for dataset_produces_2 to None, run_after=None
[2023-01-15T09:32:52.883+0000] {processor.py:178} INFO - Processing /home/airflow/.local/lib/python3.7/site-packages/airflow/example_dags/example_datasets.py took 0.160 seconds
[2023-01-15T09:33:54.967+0000] {processor.py:156} INFO - Started process (PID=24836) to work on /home/airflow/.local/lib/python3.7/site-packages/airflow/example_dags/example_datasets.py
[2023-01-15T09:33:54.969+0000] {processor.py:758} INFO - Processing file /home/airflow/.local/lib/python3.7/site-packages/airflow/example_dags/example_datasets.py for tasks to queue
[2023-01-15T09:33:54.970+0000] {logging_mixin.py:117} INFO - [2023-01-15T09:33:54.970+0000] {dagbag.py:525} INFO - Filling up the DagBag from /home/airflow/.local/lib/python3.7/site-packages/airflow/example_dags/example_datasets.py
[2023-01-15T09:33:54.983+0000] {processor.py:768} INFO - DAG(s) dict_keys(['dataset_consumes_unknown_never_scheduled', 'dataset_produces_1', 'dataset_produces_2', 'dataset_consumes_1_never_scheduled', 'dataset_consumes_1', 'dataset_consumes_1_and_2']) retrieved from /home/airflow/.local/lib/python3.7/site-packages/airflow/example_dags/example_datasets.py
[2023-01-15T09:33:55.017+0000] {logging_mixin.py:117} INFO - [2023-01-15T09:33:55.017+0000] {dag.py:2573} INFO - Sync 6 DAGs
[2023-01-15T09:33:55.031+0000] {logging_mixin.py:117} INFO - [2023-01-15T09:33:55.031+0000] {dag.py:3328} INFO - Setting next_dagrun for dataset_consumes_1 to None, run_after=None
[2023-01-15T09:33:55.035+0000] {logging_mixin.py:117} INFO - [2023-01-15T09:33:55.034+0000] {dag.py:3328} INFO - Setting next_dagrun for dataset_consumes_1_and_2 to None, run_after=None
[2023-01-15T09:33:55.036+0000] {logging_mixin.py:117} INFO - [2023-01-15T09:33:55.036+0000] {dag.py:3328} INFO - Setting next_dagrun for dataset_consumes_1_never_scheduled to None, run_after=None
[2023-01-15T09:33:55.037+0000] {logging_mixin.py:117} INFO - [2023-01-15T09:33:55.037+0000] {dag.py:3328} INFO - Setting next_dagrun for dataset_consumes_unknown_never_scheduled to None, run_after=None
[2023-01-15T09:33:55.038+0000] {logging_mixin.py:117} INFO - [2023-01-15T09:33:55.038+0000] {dag.py:3328} INFO - Setting next_dagrun for dataset_produces_1 to 2023-01-14T00:00:00+00:00, run_after=2023-01-15T00:00:00+00:00
[2023-01-15T09:33:55.039+0000] {logging_mixin.py:117} INFO - [2023-01-15T09:33:55.039+0000] {dag.py:3328} INFO - Setting next_dagrun for dataset_produces_2 to None, run_after=None
[2023-01-15T09:33:55.055+0000] {processor.py:178} INFO - Processing /home/airflow/.local/lib/python3.7/site-packages/airflow/example_dags/example_datasets.py took 0.091 seconds
[2023-01-15T09:43:28.855+0000] {processor.py:156} INFO - Started process (PID=24899) to work on /home/airflow/.local/lib/python3.7/site-packages/airflow/example_dags/example_datasets.py
[2023-01-15T09:43:28.860+0000] {processor.py:758} INFO - Processing file /home/airflow/.local/lib/python3.7/site-packages/airflow/example_dags/example_datasets.py for tasks to queue
[2023-01-15T09:43:28.863+0000] {logging_mixin.py:117} INFO - [2023-01-15T09:43:28.862+0000] {dagbag.py:525} INFO - Filling up the DagBag from /home/airflow/.local/lib/python3.7/site-packages/airflow/example_dags/example_datasets.py
[2023-01-15T09:43:28.886+0000] {processor.py:768} INFO - DAG(s) dict_keys(['dataset_consumes_1_never_scheduled', 'dataset_produces_1', 'dataset_consumes_1', 'dataset_consumes_1_and_2', 'dataset_produces_2', 'dataset_consumes_unknown_never_scheduled']) retrieved from /home/airflow/.local/lib/python3.7/site-packages/airflow/example_dags/example_datasets.py
[2023-01-15T09:43:28.963+0000] {logging_mixin.py:117} INFO - [2023-01-15T09:43:28.963+0000] {dag.py:2573} INFO - Sync 6 DAGs
[2023-01-15T09:43:28.999+0000] {logging_mixin.py:117} INFO - [2023-01-15T09:43:28.999+0000] {dag.py:3328} INFO - Setting next_dagrun for dataset_consumes_1 to None, run_after=None
[2023-01-15T09:43:29.012+0000] {logging_mixin.py:117} INFO - [2023-01-15T09:43:29.012+0000] {dag.py:3328} INFO - Setting next_dagrun for dataset_consumes_1_and_2 to None, run_after=None
[2023-01-15T09:43:29.016+0000] {logging_mixin.py:117} INFO - [2023-01-15T09:43:29.015+0000] {dag.py:3328} INFO - Setting next_dagrun for dataset_consumes_1_never_scheduled to None, run_after=None
[2023-01-15T09:43:29.018+0000] {logging_mixin.py:117} INFO - [2023-01-15T09:43:29.018+0000] {dag.py:3328} INFO - Setting next_dagrun for dataset_consumes_unknown_never_scheduled to None, run_after=None
[2023-01-15T09:43:29.035+0000] {logging_mixin.py:117} INFO - [2023-01-15T09:43:29.035+0000] {dag.py:3328} INFO - Setting next_dagrun for dataset_produces_1 to 2023-01-14T00:00:00+00:00, run_after=2023-01-15T00:00:00+00:00
[2023-01-15T09:43:29.040+0000] {logging_mixin.py:117} INFO - [2023-01-15T09:43:29.040+0000] {dag.py:3328} INFO - Setting next_dagrun for dataset_produces_2 to None, run_after=None
[2023-01-15T09:43:29.089+0000] {processor.py:178} INFO - Processing /home/airflow/.local/lib/python3.7/site-packages/airflow/example_dags/example_datasets.py took 0.238 seconds
[2023-01-15T11:04:08.606+0000] {processor.py:156} INFO - Started process (PID=24961) to work on /home/airflow/.local/lib/python3.7/site-packages/airflow/example_dags/example_datasets.py
[2023-01-15T11:04:08.608+0000] {processor.py:758} INFO - Processing file /home/airflow/.local/lib/python3.7/site-packages/airflow/example_dags/example_datasets.py for tasks to queue
[2023-01-15T11:04:08.610+0000] {logging_mixin.py:117} INFO - [2023-01-15T11:04:08.610+0000] {dagbag.py:525} INFO - Filling up the DagBag from /home/airflow/.local/lib/python3.7/site-packages/airflow/example_dags/example_datasets.py
[2023-01-15T11:04:08.644+0000] {processor.py:768} INFO - DAG(s) dict_keys(['dataset_produces_2', 'dataset_consumes_1', 'dataset_consumes_1_and_2', 'dataset_consumes_unknown_never_scheduled', 'dataset_consumes_1_never_scheduled', 'dataset_produces_1']) retrieved from /home/airflow/.local/lib/python3.7/site-packages/airflow/example_dags/example_datasets.py
[2023-01-15T11:04:08.701+0000] {logging_mixin.py:117} INFO - [2023-01-15T11:04:08.701+0000] {dag.py:2573} INFO - Sync 6 DAGs
[2023-01-15T11:04:08.725+0000] {logging_mixin.py:117} INFO - [2023-01-15T11:04:08.725+0000] {dag.py:3328} INFO - Setting next_dagrun for dataset_consumes_1 to None, run_after=None
[2023-01-15T11:04:08.728+0000] {logging_mixin.py:117} INFO - [2023-01-15T11:04:08.728+0000] {dag.py:3328} INFO - Setting next_dagrun for dataset_consumes_1_and_2 to None, run_after=None
[2023-01-15T11:04:08.730+0000] {logging_mixin.py:117} INFO - [2023-01-15T11:04:08.729+0000] {dag.py:3328} INFO - Setting next_dagrun for dataset_consumes_1_never_scheduled to None, run_after=None
[2023-01-15T11:04:08.731+0000] {logging_mixin.py:117} INFO - [2023-01-15T11:04:08.731+0000] {dag.py:3328} INFO - Setting next_dagrun for dataset_consumes_unknown_never_scheduled to None, run_after=None
[2023-01-15T11:04:08.734+0000] {logging_mixin.py:117} INFO - [2023-01-15T11:04:08.733+0000] {dag.py:3328} INFO - Setting next_dagrun for dataset_produces_1 to 2023-01-14T00:00:00+00:00, run_after=2023-01-15T00:00:00+00:00
[2023-01-15T11:04:08.738+0000] {logging_mixin.py:117} INFO - [2023-01-15T11:04:08.737+0000] {dag.py:3328} INFO - Setting next_dagrun for dataset_produces_2 to None, run_after=None
[2023-01-15T11:04:08.764+0000] {processor.py:178} INFO - Processing /home/airflow/.local/lib/python3.7/site-packages/airflow/example_dags/example_datasets.py took 0.164 seconds
[2023-01-15T12:04:15.338+0000] {processor.py:156} INFO - Started process (PID=25016) to work on /home/airflow/.local/lib/python3.7/site-packages/airflow/example_dags/example_datasets.py
[2023-01-15T12:04:15.342+0000] {processor.py:758} INFO - Processing file /home/airflow/.local/lib/python3.7/site-packages/airflow/example_dags/example_datasets.py for tasks to queue
[2023-01-15T12:04:15.343+0000] {logging_mixin.py:117} INFO - [2023-01-15T12:04:15.343+0000] {dagbag.py:525} INFO - Filling up the DagBag from /home/airflow/.local/lib/python3.7/site-packages/airflow/example_dags/example_datasets.py
[2023-01-15T12:04:15.366+0000] {processor.py:768} INFO - DAG(s) dict_keys(['dataset_consumes_1_never_scheduled', 'dataset_produces_1', 'dataset_consumes_1_and_2', 'dataset_consumes_1', 'dataset_produces_2', 'dataset_consumes_unknown_never_scheduled']) retrieved from /home/airflow/.local/lib/python3.7/site-packages/airflow/example_dags/example_datasets.py
[2023-01-15T12:04:15.444+0000] {logging_mixin.py:117} INFO - [2023-01-15T12:04:15.444+0000] {dag.py:2573} INFO - Sync 6 DAGs
[2023-01-15T12:04:15.478+0000] {logging_mixin.py:117} INFO - [2023-01-15T12:04:15.478+0000] {dag.py:3328} INFO - Setting next_dagrun for dataset_consumes_1 to None, run_after=None
[2023-01-15T12:04:15.482+0000] {logging_mixin.py:117} INFO - [2023-01-15T12:04:15.481+0000] {dag.py:3328} INFO - Setting next_dagrun for dataset_consumes_1_and_2 to None, run_after=None
[2023-01-15T12:04:15.483+0000] {logging_mixin.py:117} INFO - [2023-01-15T12:04:15.483+0000] {dag.py:3328} INFO - Setting next_dagrun for dataset_consumes_1_never_scheduled to None, run_after=None
[2023-01-15T12:04:15.484+0000] {logging_mixin.py:117} INFO - [2023-01-15T12:04:15.484+0000] {dag.py:3328} INFO - Setting next_dagrun for dataset_consumes_unknown_never_scheduled to None, run_after=None
[2023-01-15T12:04:15.486+0000] {logging_mixin.py:117} INFO - [2023-01-15T12:04:15.486+0000] {dag.py:3328} INFO - Setting next_dagrun for dataset_produces_1 to 2023-01-14T00:00:00+00:00, run_after=2023-01-15T00:00:00+00:00
[2023-01-15T12:04:15.488+0000] {logging_mixin.py:117} INFO - [2023-01-15T12:04:15.488+0000] {dag.py:3328} INFO - Setting next_dagrun for dataset_produces_2 to None, run_after=None
[2023-01-15T12:04:15.536+0000] {processor.py:178} INFO - Processing /home/airflow/.local/lib/python3.7/site-packages/airflow/example_dags/example_datasets.py took 0.201 seconds
[2023-01-15T12:42:37.103+0000] {processor.py:156} INFO - Started process (PID=25079) to work on /home/airflow/.local/lib/python3.7/site-packages/airflow/example_dags/example_datasets.py
[2023-01-15T12:42:37.105+0000] {processor.py:758} INFO - Processing file /home/airflow/.local/lib/python3.7/site-packages/airflow/example_dags/example_datasets.py for tasks to queue
[2023-01-15T12:42:37.107+0000] {logging_mixin.py:117} INFO - [2023-01-15T12:42:37.107+0000] {dagbag.py:525} INFO - Filling up the DagBag from /home/airflow/.local/lib/python3.7/site-packages/airflow/example_dags/example_datasets.py
[2023-01-15T12:42:37.147+0000] {processor.py:768} INFO - DAG(s) dict_keys(['dataset_produces_2', 'dataset_consumes_1_never_scheduled', 'dataset_consumes_1_and_2', 'dataset_consumes_1', 'dataset_consumes_unknown_never_scheduled', 'dataset_produces_1']) retrieved from /home/airflow/.local/lib/python3.7/site-packages/airflow/example_dags/example_datasets.py
[2023-01-15T12:42:37.236+0000] {logging_mixin.py:117} INFO - [2023-01-15T12:42:37.236+0000] {dag.py:2573} INFO - Sync 6 DAGs
[2023-01-15T12:42:37.313+0000] {logging_mixin.py:117} INFO - [2023-01-15T12:42:37.313+0000] {dag.py:3328} INFO - Setting next_dagrun for dataset_consumes_1 to None, run_after=None
[2023-01-15T12:42:37.320+0000] {logging_mixin.py:117} INFO - [2023-01-15T12:42:37.320+0000] {dag.py:3328} INFO - Setting next_dagrun for dataset_consumes_1_and_2 to None, run_after=None
[2023-01-15T12:42:37.322+0000] {logging_mixin.py:117} INFO - [2023-01-15T12:42:37.322+0000] {dag.py:3328} INFO - Setting next_dagrun for dataset_consumes_1_never_scheduled to None, run_after=None
[2023-01-15T12:42:37.324+0000] {logging_mixin.py:117} INFO - [2023-01-15T12:42:37.323+0000] {dag.py:3328} INFO - Setting next_dagrun for dataset_consumes_unknown_never_scheduled to None, run_after=None
[2023-01-15T12:42:37.326+0000] {logging_mixin.py:117} INFO - [2023-01-15T12:42:37.326+0000] {dag.py:3328} INFO - Setting next_dagrun for dataset_produces_1 to 2023-01-14T00:00:00+00:00, run_after=2023-01-15T00:00:00+00:00
[2023-01-15T12:42:37.329+0000] {logging_mixin.py:117} INFO - [2023-01-15T12:42:37.329+0000] {dag.py:3328} INFO - Setting next_dagrun for dataset_produces_2 to None, run_after=None
[2023-01-15T12:42:37.370+0000] {processor.py:178} INFO - Processing /home/airflow/.local/lib/python3.7/site-packages/airflow/example_dags/example_datasets.py took 0.275 seconds
[2023-01-15T13:21:54.927+0000] {processor.py:156} INFO - Started process (PID=25142) to work on /home/airflow/.local/lib/python3.7/site-packages/airflow/example_dags/example_datasets.py
[2023-01-15T13:21:54.928+0000] {processor.py:758} INFO - Processing file /home/airflow/.local/lib/python3.7/site-packages/airflow/example_dags/example_datasets.py for tasks to queue
[2023-01-15T13:21:54.929+0000] {logging_mixin.py:117} INFO - [2023-01-15T13:21:54.929+0000] {dagbag.py:525} INFO - Filling up the DagBag from /home/airflow/.local/lib/python3.7/site-packages/airflow/example_dags/example_datasets.py
[2023-01-15T13:21:54.941+0000] {processor.py:768} INFO - DAG(s) dict_keys(['dataset_consumes_1_never_scheduled', 'dataset_produces_2', 'dataset_consumes_1', 'dataset_consumes_1_and_2', 'dataset_consumes_unknown_never_scheduled', 'dataset_produces_1']) retrieved from /home/airflow/.local/lib/python3.7/site-packages/airflow/example_dags/example_datasets.py
[2023-01-15T13:21:54.974+0000] {logging_mixin.py:117} INFO - [2023-01-15T13:21:54.974+0000] {dag.py:2573} INFO - Sync 6 DAGs
[2023-01-15T13:21:54.988+0000] {logging_mixin.py:117} INFO - [2023-01-15T13:21:54.988+0000] {dag.py:3328} INFO - Setting next_dagrun for dataset_consumes_1 to None, run_after=None
[2023-01-15T13:21:54.991+0000] {logging_mixin.py:117} INFO - [2023-01-15T13:21:54.991+0000] {dag.py:3328} INFO - Setting next_dagrun for dataset_consumes_1_and_2 to None, run_after=None
[2023-01-15T13:21:54.992+0000] {logging_mixin.py:117} INFO - [2023-01-15T13:21:54.992+0000] {dag.py:3328} INFO - Setting next_dagrun for dataset_consumes_1_never_scheduled to None, run_after=None
[2023-01-15T13:21:54.993+0000] {logging_mixin.py:117} INFO - [2023-01-15T13:21:54.993+0000] {dag.py:3328} INFO - Setting next_dagrun for dataset_consumes_unknown_never_scheduled to None, run_after=None
[2023-01-15T13:21:54.994+0000] {logging_mixin.py:117} INFO - [2023-01-15T13:21:54.994+0000] {dag.py:3328} INFO - Setting next_dagrun for dataset_produces_1 to 2023-01-14T00:00:00+00:00, run_after=2023-01-15T00:00:00+00:00
[2023-01-15T13:21:54.995+0000] {logging_mixin.py:117} INFO - [2023-01-15T13:21:54.995+0000] {dag.py:3328} INFO - Setting next_dagrun for dataset_produces_2 to None, run_after=None
[2023-01-15T13:21:55.009+0000] {processor.py:178} INFO - Processing /home/airflow/.local/lib/python3.7/site-packages/airflow/example_dags/example_datasets.py took 0.086 seconds
[2023-01-15T13:38:28.214+0000] {processor.py:156} INFO - Started process (PID=25205) to work on /home/airflow/.local/lib/python3.7/site-packages/airflow/example_dags/example_datasets.py
[2023-01-15T13:38:28.216+0000] {processor.py:758} INFO - Processing file /home/airflow/.local/lib/python3.7/site-packages/airflow/example_dags/example_datasets.py for tasks to queue
[2023-01-15T13:38:28.217+0000] {logging_mixin.py:117} INFO - [2023-01-15T13:38:28.217+0000] {dagbag.py:525} INFO - Filling up the DagBag from /home/airflow/.local/lib/python3.7/site-packages/airflow/example_dags/example_datasets.py
[2023-01-15T13:38:28.253+0000] {processor.py:768} INFO - DAG(s) dict_keys(['dataset_produces_2', 'dataset_consumes_1_and_2', 'dataset_consumes_unknown_never_scheduled', 'dataset_consumes_1', 'dataset_produces_1', 'dataset_consumes_1_never_scheduled']) retrieved from /home/airflow/.local/lib/python3.7/site-packages/airflow/example_dags/example_datasets.py
[2023-01-15T13:38:28.352+0000] {logging_mixin.py:117} INFO - [2023-01-15T13:38:28.352+0000] {dag.py:2573} INFO - Sync 6 DAGs
[2023-01-15T13:38:28.383+0000] {logging_mixin.py:117} INFO - [2023-01-15T13:38:28.383+0000] {dag.py:3328} INFO - Setting next_dagrun for dataset_consumes_1 to None, run_after=None
[2023-01-15T13:38:28.392+0000] {logging_mixin.py:117} INFO - [2023-01-15T13:38:28.392+0000] {dag.py:3328} INFO - Setting next_dagrun for dataset_consumes_1_and_2 to None, run_after=None
[2023-01-15T13:38:28.394+0000] {logging_mixin.py:117} INFO - [2023-01-15T13:38:28.394+0000] {dag.py:3328} INFO - Setting next_dagrun for dataset_consumes_1_never_scheduled to None, run_after=None
[2023-01-15T13:38:28.395+0000] {logging_mixin.py:117} INFO - [2023-01-15T13:38:28.395+0000] {dag.py:3328} INFO - Setting next_dagrun for dataset_consumes_unknown_never_scheduled to None, run_after=None
[2023-01-15T13:38:28.399+0000] {logging_mixin.py:117} INFO - [2023-01-15T13:38:28.399+0000] {dag.py:3328} INFO - Setting next_dagrun for dataset_produces_1 to 2023-01-14T00:00:00+00:00, run_after=2023-01-15T00:00:00+00:00
[2023-01-15T13:38:28.401+0000] {logging_mixin.py:117} INFO - [2023-01-15T13:38:28.400+0000] {dag.py:3328} INFO - Setting next_dagrun for dataset_produces_2 to None, run_after=None
[2023-01-15T13:38:28.439+0000] {processor.py:178} INFO - Processing /home/airflow/.local/lib/python3.7/site-packages/airflow/example_dags/example_datasets.py took 0.229 seconds
[2023-01-15T13:38:58.522+0000] {processor.py:156} INFO - Started process (PID=25260) to work on /home/airflow/.local/lib/python3.7/site-packages/airflow/example_dags/example_datasets.py
[2023-01-15T13:38:58.523+0000] {processor.py:758} INFO - Processing file /home/airflow/.local/lib/python3.7/site-packages/airflow/example_dags/example_datasets.py for tasks to queue
[2023-01-15T13:38:58.524+0000] {logging_mixin.py:117} INFO - [2023-01-15T13:38:58.524+0000] {dagbag.py:525} INFO - Filling up the DagBag from /home/airflow/.local/lib/python3.7/site-packages/airflow/example_dags/example_datasets.py
[2023-01-15T13:38:58.537+0000] {processor.py:768} INFO - DAG(s) dict_keys(['dataset_consumes_1_and_2', 'dataset_produces_2', 'dataset_consumes_1', 'dataset_consumes_unknown_never_scheduled', 'dataset_consumes_1_never_scheduled', 'dataset_produces_1']) retrieved from /home/airflow/.local/lib/python3.7/site-packages/airflow/example_dags/example_datasets.py
[2023-01-15T13:38:58.568+0000] {logging_mixin.py:117} INFO - [2023-01-15T13:38:58.568+0000] {dag.py:2573} INFO - Sync 6 DAGs
[2023-01-15T13:38:58.582+0000] {logging_mixin.py:117} INFO - [2023-01-15T13:38:58.582+0000] {dag.py:3328} INFO - Setting next_dagrun for dataset_consumes_1 to None, run_after=None
[2023-01-15T13:38:58.585+0000] {logging_mixin.py:117} INFO - [2023-01-15T13:38:58.585+0000] {dag.py:3328} INFO - Setting next_dagrun for dataset_consumes_1_and_2 to None, run_after=None
[2023-01-15T13:38:58.586+0000] {logging_mixin.py:117} INFO - [2023-01-15T13:38:58.586+0000] {dag.py:3328} INFO - Setting next_dagrun for dataset_consumes_1_never_scheduled to None, run_after=None
[2023-01-15T13:38:58.587+0000] {logging_mixin.py:117} INFO - [2023-01-15T13:38:58.587+0000] {dag.py:3328} INFO - Setting next_dagrun for dataset_consumes_unknown_never_scheduled to None, run_after=None
[2023-01-15T13:38:58.588+0000] {logging_mixin.py:117} INFO - [2023-01-15T13:38:58.588+0000] {dag.py:3328} INFO - Setting next_dagrun for dataset_produces_1 to 2023-01-14T00:00:00+00:00, run_after=2023-01-15T00:00:00+00:00
[2023-01-15T13:38:58.589+0000] {logging_mixin.py:117} INFO - [2023-01-15T13:38:58.589+0000] {dag.py:3328} INFO - Setting next_dagrun for dataset_produces_2 to None, run_after=None
[2023-01-15T13:38:58.603+0000] {processor.py:178} INFO - Processing /home/airflow/.local/lib/python3.7/site-packages/airflow/example_dags/example_datasets.py took 0.084 seconds
[2023-01-15T13:39:28.815+0000] {processor.py:156} INFO - Started process (PID=25322) to work on /home/airflow/.local/lib/python3.7/site-packages/airflow/example_dags/example_datasets.py
[2023-01-15T13:39:28.816+0000] {processor.py:758} INFO - Processing file /home/airflow/.local/lib/python3.7/site-packages/airflow/example_dags/example_datasets.py for tasks to queue
[2023-01-15T13:39:28.817+0000] {logging_mixin.py:117} INFO - [2023-01-15T13:39:28.817+0000] {dagbag.py:525} INFO - Filling up the DagBag from /home/airflow/.local/lib/python3.7/site-packages/airflow/example_dags/example_datasets.py
[2023-01-15T13:39:28.830+0000] {processor.py:768} INFO - DAG(s) dict_keys(['dataset_consumes_1_and_2', 'dataset_consumes_unknown_never_scheduled', 'dataset_produces_1', 'dataset_consumes_1', 'dataset_produces_2', 'dataset_consumes_1_never_scheduled']) retrieved from /home/airflow/.local/lib/python3.7/site-packages/airflow/example_dags/example_datasets.py
[2023-01-15T13:39:28.864+0000] {logging_mixin.py:117} INFO - [2023-01-15T13:39:28.864+0000] {dag.py:2573} INFO - Sync 6 DAGs
[2023-01-15T13:39:28.881+0000] {logging_mixin.py:117} INFO - [2023-01-15T13:39:28.881+0000] {dag.py:3328} INFO - Setting next_dagrun for dataset_consumes_1 to None, run_after=None
[2023-01-15T13:39:28.883+0000] {logging_mixin.py:117} INFO - [2023-01-15T13:39:28.883+0000] {dag.py:3328} INFO - Setting next_dagrun for dataset_consumes_1_and_2 to None, run_after=None
[2023-01-15T13:39:28.884+0000] {logging_mixin.py:117} INFO - [2023-01-15T13:39:28.884+0000] {dag.py:3328} INFO - Setting next_dagrun for dataset_consumes_1_never_scheduled to None, run_after=None
[2023-01-15T13:39:28.885+0000] {logging_mixin.py:117} INFO - [2023-01-15T13:39:28.885+0000] {dag.py:3328} INFO - Setting next_dagrun for dataset_consumes_unknown_never_scheduled to None, run_after=None
[2023-01-15T13:39:28.887+0000] {logging_mixin.py:117} INFO - [2023-01-15T13:39:28.887+0000] {dag.py:3328} INFO - Setting next_dagrun for dataset_produces_1 to 2023-01-14T00:00:00+00:00, run_after=2023-01-15T00:00:00+00:00
[2023-01-15T13:39:28.888+0000] {logging_mixin.py:117} INFO - [2023-01-15T13:39:28.888+0000] {dag.py:3328} INFO - Setting next_dagrun for dataset_produces_2 to None, run_after=None
[2023-01-15T13:39:28.903+0000] {processor.py:178} INFO - Processing /home/airflow/.local/lib/python3.7/site-packages/airflow/example_dags/example_datasets.py took 0.090 seconds
[2023-01-15T13:39:59.238+0000] {processor.py:156} INFO - Started process (PID=25385) to work on /home/airflow/.local/lib/python3.7/site-packages/airflow/example_dags/example_datasets.py
[2023-01-15T13:39:59.240+0000] {processor.py:758} INFO - Processing file /home/airflow/.local/lib/python3.7/site-packages/airflow/example_dags/example_datasets.py for tasks to queue
[2023-01-15T13:39:59.241+0000] {logging_mixin.py:117} INFO - [2023-01-15T13:39:59.240+0000] {dagbag.py:525} INFO - Filling up the DagBag from /home/airflow/.local/lib/python3.7/site-packages/airflow/example_dags/example_datasets.py
[2023-01-15T13:39:59.254+0000] {processor.py:768} INFO - DAG(s) dict_keys(['dataset_consumes_1_never_scheduled', 'dataset_consumes_unknown_never_scheduled', 'dataset_produces_1', 'dataset_consumes_1', 'dataset_consumes_1_and_2', 'dataset_produces_2']) retrieved from /home/airflow/.local/lib/python3.7/site-packages/airflow/example_dags/example_datasets.py
[2023-01-15T13:39:59.290+0000] {logging_mixin.py:117} INFO - [2023-01-15T13:39:59.290+0000] {dag.py:2573} INFO - Sync 6 DAGs
[2023-01-15T13:39:59.306+0000] {logging_mixin.py:117} INFO - [2023-01-15T13:39:59.306+0000] {dag.py:3328} INFO - Setting next_dagrun for dataset_consumes_1 to None, run_after=None
[2023-01-15T13:39:59.308+0000] {logging_mixin.py:117} INFO - [2023-01-15T13:39:59.308+0000] {dag.py:3328} INFO - Setting next_dagrun for dataset_consumes_1_and_2 to None, run_after=None
[2023-01-15T13:39:59.310+0000] {logging_mixin.py:117} INFO - [2023-01-15T13:39:59.310+0000] {dag.py:3328} INFO - Setting next_dagrun for dataset_consumes_1_never_scheduled to None, run_after=None
[2023-01-15T13:39:59.312+0000] {logging_mixin.py:117} INFO - [2023-01-15T13:39:59.311+0000] {dag.py:3328} INFO - Setting next_dagrun for dataset_consumes_unknown_never_scheduled to None, run_after=None
[2023-01-15T13:39:59.314+0000] {logging_mixin.py:117} INFO - [2023-01-15T13:39:59.314+0000] {dag.py:3328} INFO - Setting next_dagrun for dataset_produces_1 to 2023-01-14T00:00:00+00:00, run_after=2023-01-15T00:00:00+00:00
[2023-01-15T13:39:59.315+0000] {logging_mixin.py:117} INFO - [2023-01-15T13:39:59.315+0000] {dag.py:3328} INFO - Setting next_dagrun for dataset_produces_2 to None, run_after=None
[2023-01-15T13:39:59.332+0000] {processor.py:178} INFO - Processing /home/airflow/.local/lib/python3.7/site-packages/airflow/example_dags/example_datasets.py took 0.096 seconds
[2023-01-15T13:40:29.720+0000] {processor.py:156} INFO - Started process (PID=25448) to work on /home/airflow/.local/lib/python3.7/site-packages/airflow/example_dags/example_datasets.py
[2023-01-15T13:40:29.721+0000] {processor.py:758} INFO - Processing file /home/airflow/.local/lib/python3.7/site-packages/airflow/example_dags/example_datasets.py for tasks to queue
[2023-01-15T13:40:29.721+0000] {logging_mixin.py:117} INFO - [2023-01-15T13:40:29.721+0000] {dagbag.py:525} INFO - Filling up the DagBag from /home/airflow/.local/lib/python3.7/site-packages/airflow/example_dags/example_datasets.py
[2023-01-15T13:40:29.733+0000] {processor.py:768} INFO - DAG(s) dict_keys(['dataset_produces_1', 'dataset_consumes_unknown_never_scheduled', 'dataset_consumes_1', 'dataset_consumes_1_never_scheduled', 'dataset_produces_2', 'dataset_consumes_1_and_2']) retrieved from /home/airflow/.local/lib/python3.7/site-packages/airflow/example_dags/example_datasets.py
[2023-01-15T13:40:29.765+0000] {logging_mixin.py:117} INFO - [2023-01-15T13:40:29.765+0000] {dag.py:2573} INFO - Sync 6 DAGs
[2023-01-15T13:40:29.779+0000] {logging_mixin.py:117} INFO - [2023-01-15T13:40:29.779+0000] {dag.py:3328} INFO - Setting next_dagrun for dataset_consumes_1 to None, run_after=None
[2023-01-15T13:40:29.781+0000] {logging_mixin.py:117} INFO - [2023-01-15T13:40:29.781+0000] {dag.py:3328} INFO - Setting next_dagrun for dataset_consumes_1_and_2 to None, run_after=None
[2023-01-15T13:40:29.782+0000] {logging_mixin.py:117} INFO - [2023-01-15T13:40:29.782+0000] {dag.py:3328} INFO - Setting next_dagrun for dataset_consumes_1_never_scheduled to None, run_after=None
[2023-01-15T13:40:29.783+0000] {logging_mixin.py:117} INFO - [2023-01-15T13:40:29.783+0000] {dag.py:3328} INFO - Setting next_dagrun for dataset_consumes_unknown_never_scheduled to None, run_after=None
[2023-01-15T13:40:29.785+0000] {logging_mixin.py:117} INFO - [2023-01-15T13:40:29.785+0000] {dag.py:3328} INFO - Setting next_dagrun for dataset_produces_1 to 2023-01-14T00:00:00+00:00, run_after=2023-01-15T00:00:00+00:00
[2023-01-15T13:40:29.786+0000] {logging_mixin.py:117} INFO - [2023-01-15T13:40:29.786+0000] {dag.py:3328} INFO - Setting next_dagrun for dataset_produces_2 to None, run_after=None
[2023-01-15T13:40:29.799+0000] {processor.py:178} INFO - Processing /home/airflow/.local/lib/python3.7/site-packages/airflow/example_dags/example_datasets.py took 0.082 seconds
[2023-01-15T13:41:00.180+0000] {processor.py:156} INFO - Started process (PID=25511) to work on /home/airflow/.local/lib/python3.7/site-packages/airflow/example_dags/example_datasets.py
[2023-01-15T13:41:00.182+0000] {processor.py:758} INFO - Processing file /home/airflow/.local/lib/python3.7/site-packages/airflow/example_dags/example_datasets.py for tasks to queue
[2023-01-15T13:41:00.182+0000] {logging_mixin.py:117} INFO - [2023-01-15T13:41:00.182+0000] {dagbag.py:525} INFO - Filling up the DagBag from /home/airflow/.local/lib/python3.7/site-packages/airflow/example_dags/example_datasets.py
[2023-01-15T13:41:00.196+0000] {processor.py:768} INFO - DAG(s) dict_keys(['dataset_consumes_1_never_scheduled', 'dataset_produces_2', 'dataset_produces_1', 'dataset_consumes_unknown_never_scheduled', 'dataset_consumes_1_and_2', 'dataset_consumes_1']) retrieved from /home/airflow/.local/lib/python3.7/site-packages/airflow/example_dags/example_datasets.py
[2023-01-15T13:41:00.230+0000] {logging_mixin.py:117} INFO - [2023-01-15T13:41:00.230+0000] {dag.py:2573} INFO - Sync 6 DAGs
[2023-01-15T13:41:00.245+0000] {logging_mixin.py:117} INFO - [2023-01-15T13:41:00.245+0000] {dag.py:3328} INFO - Setting next_dagrun for dataset_consumes_1 to None, run_after=None
[2023-01-15T13:41:00.249+0000] {logging_mixin.py:117} INFO - [2023-01-15T13:41:00.249+0000] {dag.py:3328} INFO - Setting next_dagrun for dataset_consumes_1_and_2 to None, run_after=None
[2023-01-15T13:41:00.249+0000] {logging_mixin.py:117} INFO - [2023-01-15T13:41:00.249+0000] {dag.py:3328} INFO - Setting next_dagrun for dataset_consumes_1_never_scheduled to None, run_after=None
[2023-01-15T13:41:00.251+0000] {logging_mixin.py:117} INFO - [2023-01-15T13:41:00.251+0000] {dag.py:3328} INFO - Setting next_dagrun for dataset_consumes_unknown_never_scheduled to None, run_after=None
[2023-01-15T13:41:00.253+0000] {logging_mixin.py:117} INFO - [2023-01-15T13:41:00.252+0000] {dag.py:3328} INFO - Setting next_dagrun for dataset_produces_1 to 2023-01-14T00:00:00+00:00, run_after=2023-01-15T00:00:00+00:00
[2023-01-15T13:41:00.254+0000] {logging_mixin.py:117} INFO - [2023-01-15T13:41:00.253+0000] {dag.py:3328} INFO - Setting next_dagrun for dataset_produces_2 to None, run_after=None
[2023-01-15T13:41:00.268+0000] {processor.py:178} INFO - Processing /home/airflow/.local/lib/python3.7/site-packages/airflow/example_dags/example_datasets.py took 0.090 seconds
[2023-01-15T13:41:30.507+0000] {processor.py:156} INFO - Started process (PID=25574) to work on /home/airflow/.local/lib/python3.7/site-packages/airflow/example_dags/example_datasets.py
[2023-01-15T13:41:30.509+0000] {processor.py:758} INFO - Processing file /home/airflow/.local/lib/python3.7/site-packages/airflow/example_dags/example_datasets.py for tasks to queue
[2023-01-15T13:41:30.509+0000] {logging_mixin.py:117} INFO - [2023-01-15T13:41:30.509+0000] {dagbag.py:525} INFO - Filling up the DagBag from /home/airflow/.local/lib/python3.7/site-packages/airflow/example_dags/example_datasets.py
[2023-01-15T13:41:30.523+0000] {processor.py:768} INFO - DAG(s) dict_keys(['dataset_produces_1', 'dataset_consumes_1_and_2', 'dataset_consumes_1_never_scheduled', 'dataset_consumes_1', 'dataset_consumes_unknown_never_scheduled', 'dataset_produces_2']) retrieved from /home/airflow/.local/lib/python3.7/site-packages/airflow/example_dags/example_datasets.py
[2023-01-15T13:41:30.557+0000] {logging_mixin.py:117} INFO - [2023-01-15T13:41:30.557+0000] {dag.py:2573} INFO - Sync 6 DAGs
[2023-01-15T13:41:30.574+0000] {logging_mixin.py:117} INFO - [2023-01-15T13:41:30.573+0000] {dag.py:3328} INFO - Setting next_dagrun for dataset_consumes_1 to None, run_after=None
[2023-01-15T13:41:30.576+0000] {logging_mixin.py:117} INFO - [2023-01-15T13:41:30.576+0000] {dag.py:3328} INFO - Setting next_dagrun for dataset_consumes_1_and_2 to None, run_after=None
[2023-01-15T13:41:30.577+0000] {logging_mixin.py:117} INFO - [2023-01-15T13:41:30.577+0000] {dag.py:3328} INFO - Setting next_dagrun for dataset_consumes_1_never_scheduled to None, run_after=None
[2023-01-15T13:41:30.578+0000] {logging_mixin.py:117} INFO - [2023-01-15T13:41:30.578+0000] {dag.py:3328} INFO - Setting next_dagrun for dataset_consumes_unknown_never_scheduled to None, run_after=None
[2023-01-15T13:41:30.580+0000] {logging_mixin.py:117} INFO - [2023-01-15T13:41:30.580+0000] {dag.py:3328} INFO - Setting next_dagrun for dataset_produces_1 to 2023-01-14T00:00:00+00:00, run_after=2023-01-15T00:00:00+00:00
[2023-01-15T13:41:30.581+0000] {logging_mixin.py:117} INFO - [2023-01-15T13:41:30.581+0000] {dag.py:3328} INFO - Setting next_dagrun for dataset_produces_2 to None, run_after=None
[2023-01-15T13:41:30.597+0000] {processor.py:178} INFO - Processing /home/airflow/.local/lib/python3.7/site-packages/airflow/example_dags/example_datasets.py took 0.093 seconds
[2023-01-15T13:42:00.882+0000] {processor.py:156} INFO - Started process (PID=25629) to work on /home/airflow/.local/lib/python3.7/site-packages/airflow/example_dags/example_datasets.py
[2023-01-15T13:42:00.883+0000] {processor.py:758} INFO - Processing file /home/airflow/.local/lib/python3.7/site-packages/airflow/example_dags/example_datasets.py for tasks to queue
[2023-01-15T13:42:00.883+0000] {logging_mixin.py:117} INFO - [2023-01-15T13:42:00.883+0000] {dagbag.py:525} INFO - Filling up the DagBag from /home/airflow/.local/lib/python3.7/site-packages/airflow/example_dags/example_datasets.py
[2023-01-15T13:42:00.896+0000] {processor.py:768} INFO - DAG(s) dict_keys(['dataset_consumes_1', 'dataset_consumes_1_never_scheduled', 'dataset_produces_2', 'dataset_consumes_1_and_2', 'dataset_produces_1', 'dataset_consumes_unknown_never_scheduled']) retrieved from /home/airflow/.local/lib/python3.7/site-packages/airflow/example_dags/example_datasets.py
[2023-01-15T13:42:00.931+0000] {logging_mixin.py:117} INFO - [2023-01-15T13:42:00.931+0000] {dag.py:2573} INFO - Sync 6 DAGs
[2023-01-15T13:42:00.946+0000] {logging_mixin.py:117} INFO - [2023-01-15T13:42:00.946+0000] {dag.py:3328} INFO - Setting next_dagrun for dataset_consumes_1 to None, run_after=None
[2023-01-15T13:42:00.948+0000] {logging_mixin.py:117} INFO - [2023-01-15T13:42:00.948+0000] {dag.py:3328} INFO - Setting next_dagrun for dataset_consumes_1_and_2 to None, run_after=None
[2023-01-15T13:42:00.950+0000] {logging_mixin.py:117} INFO - [2023-01-15T13:42:00.950+0000] {dag.py:3328} INFO - Setting next_dagrun for dataset_consumes_1_never_scheduled to None, run_after=None
[2023-01-15T13:42:00.951+0000] {logging_mixin.py:117} INFO - [2023-01-15T13:42:00.951+0000] {dag.py:3328} INFO - Setting next_dagrun for dataset_consumes_unknown_never_scheduled to None, run_after=None
[2023-01-15T13:42:00.952+0000] {logging_mixin.py:117} INFO - [2023-01-15T13:42:00.952+0000] {dag.py:3328} INFO - Setting next_dagrun for dataset_produces_1 to 2023-01-14T00:00:00+00:00, run_after=2023-01-15T00:00:00+00:00
[2023-01-15T13:42:00.953+0000] {logging_mixin.py:117} INFO - [2023-01-15T13:42:00.953+0000] {dag.py:3328} INFO - Setting next_dagrun for dataset_produces_2 to None, run_after=None
[2023-01-15T13:42:00.968+0000] {processor.py:178} INFO - Processing /home/airflow/.local/lib/python3.7/site-packages/airflow/example_dags/example_datasets.py took 0.089 seconds
[2023-01-15T13:58:05.104+0000] {processor.py:156} INFO - Started process (PID=25692) to work on /home/airflow/.local/lib/python3.7/site-packages/airflow/example_dags/example_datasets.py
[2023-01-15T13:58:05.106+0000] {processor.py:758} INFO - Processing file /home/airflow/.local/lib/python3.7/site-packages/airflow/example_dags/example_datasets.py for tasks to queue
[2023-01-15T13:58:05.112+0000] {logging_mixin.py:117} INFO - [2023-01-15T13:58:05.112+0000] {dagbag.py:525} INFO - Filling up the DagBag from /home/airflow/.local/lib/python3.7/site-packages/airflow/example_dags/example_datasets.py
[2023-01-15T13:58:05.173+0000] {processor.py:768} INFO - DAG(s) dict_keys(['dataset_consumes_1_and_2', 'dataset_consumes_1_never_scheduled', 'dataset_consumes_unknown_never_scheduled', 'dataset_consumes_1', 'dataset_produces_1', 'dataset_produces_2']) retrieved from /home/airflow/.local/lib/python3.7/site-packages/airflow/example_dags/example_datasets.py
[2023-01-15T13:58:05.255+0000] {logging_mixin.py:117} INFO - [2023-01-15T13:58:05.255+0000] {dag.py:2573} INFO - Sync 6 DAGs
[2023-01-15T13:58:05.283+0000] {logging_mixin.py:117} INFO - [2023-01-15T13:58:05.283+0000] {dag.py:3328} INFO - Setting next_dagrun for dataset_consumes_1 to None, run_after=None
[2023-01-15T13:58:05.286+0000] {logging_mixin.py:117} INFO - [2023-01-15T13:58:05.286+0000] {dag.py:3328} INFO - Setting next_dagrun for dataset_consumes_1_and_2 to None, run_after=None
[2023-01-15T13:58:05.290+0000] {logging_mixin.py:117} INFO - [2023-01-15T13:58:05.290+0000] {dag.py:3328} INFO - Setting next_dagrun for dataset_consumes_1_never_scheduled to None, run_after=None
[2023-01-15T13:58:05.291+0000] {logging_mixin.py:117} INFO - [2023-01-15T13:58:05.291+0000] {dag.py:3328} INFO - Setting next_dagrun for dataset_consumes_unknown_never_scheduled to None, run_after=None
[2023-01-15T13:58:05.295+0000] {logging_mixin.py:117} INFO - [2023-01-15T13:58:05.295+0000] {dag.py:3328} INFO - Setting next_dagrun for dataset_produces_1 to 2023-01-14T00:00:00+00:00, run_after=2023-01-15T00:00:00+00:00
[2023-01-15T13:58:05.296+0000] {logging_mixin.py:117} INFO - [2023-01-15T13:58:05.296+0000] {dag.py:3328} INFO - Setting next_dagrun for dataset_produces_2 to None, run_after=None
[2023-01-15T13:58:05.320+0000] {processor.py:178} INFO - Processing /home/airflow/.local/lib/python3.7/site-packages/airflow/example_dags/example_datasets.py took 0.221 seconds
[2023-01-15T14:09:07.408+0000] {processor.py:156} INFO - Started process (PID=25755) to work on /home/airflow/.local/lib/python3.7/site-packages/airflow/example_dags/example_datasets.py
[2023-01-15T14:09:07.410+0000] {processor.py:758} INFO - Processing file /home/airflow/.local/lib/python3.7/site-packages/airflow/example_dags/example_datasets.py for tasks to queue
[2023-01-15T14:09:07.411+0000] {logging_mixin.py:117} INFO - [2023-01-15T14:09:07.411+0000] {dagbag.py:525} INFO - Filling up the DagBag from /home/airflow/.local/lib/python3.7/site-packages/airflow/example_dags/example_datasets.py
[2023-01-15T14:09:07.436+0000] {processor.py:768} INFO - DAG(s) dict_keys(['dataset_consumes_1_never_scheduled', 'dataset_consumes_1_and_2', 'dataset_consumes_1', 'dataset_consumes_unknown_never_scheduled', 'dataset_produces_2', 'dataset_produces_1']) retrieved from /home/airflow/.local/lib/python3.7/site-packages/airflow/example_dags/example_datasets.py
[2023-01-15T14:09:07.508+0000] {logging_mixin.py:117} INFO - [2023-01-15T14:09:07.508+0000] {dag.py:2573} INFO - Sync 6 DAGs
[2023-01-15T14:09:07.536+0000] {logging_mixin.py:117} INFO - [2023-01-15T14:09:07.535+0000] {dag.py:3328} INFO - Setting next_dagrun for dataset_consumes_1 to None, run_after=None
[2023-01-15T14:09:07.541+0000] {logging_mixin.py:117} INFO - [2023-01-15T14:09:07.541+0000] {dag.py:3328} INFO - Setting next_dagrun for dataset_consumes_1_and_2 to None, run_after=None
[2023-01-15T14:09:07.543+0000] {logging_mixin.py:117} INFO - [2023-01-15T14:09:07.543+0000] {dag.py:3328} INFO - Setting next_dagrun for dataset_consumes_1_never_scheduled to None, run_after=None
[2023-01-15T14:09:07.545+0000] {logging_mixin.py:117} INFO - [2023-01-15T14:09:07.545+0000] {dag.py:3328} INFO - Setting next_dagrun for dataset_consumes_unknown_never_scheduled to None, run_after=None
[2023-01-15T14:09:07.547+0000] {logging_mixin.py:117} INFO - [2023-01-15T14:09:07.547+0000] {dag.py:3328} INFO - Setting next_dagrun for dataset_produces_1 to 2023-01-14T00:00:00+00:00, run_after=2023-01-15T00:00:00+00:00
[2023-01-15T14:09:07.549+0000] {logging_mixin.py:117} INFO - [2023-01-15T14:09:07.549+0000] {dag.py:3328} INFO - Setting next_dagrun for dataset_produces_2 to None, run_after=None
[2023-01-15T14:09:07.577+0000] {processor.py:178} INFO - Processing /home/airflow/.local/lib/python3.7/site-packages/airflow/example_dags/example_datasets.py took 0.172 seconds
[2023-01-15T14:09:38.167+0000] {processor.py:156} INFO - Started process (PID=25818) to work on /home/airflow/.local/lib/python3.7/site-packages/airflow/example_dags/example_datasets.py
[2023-01-15T14:09:38.168+0000] {processor.py:758} INFO - Processing file /home/airflow/.local/lib/python3.7/site-packages/airflow/example_dags/example_datasets.py for tasks to queue
[2023-01-15T14:09:38.169+0000] {logging_mixin.py:117} INFO - [2023-01-15T14:09:38.169+0000] {dagbag.py:525} INFO - Filling up the DagBag from /home/airflow/.local/lib/python3.7/site-packages/airflow/example_dags/example_datasets.py
[2023-01-15T14:09:38.181+0000] {processor.py:768} INFO - DAG(s) dict_keys(['dataset_consumes_1_never_scheduled', 'dataset_consumes_1', 'dataset_produces_1', 'dataset_consumes_unknown_never_scheduled', 'dataset_produces_2', 'dataset_consumes_1_and_2']) retrieved from /home/airflow/.local/lib/python3.7/site-packages/airflow/example_dags/example_datasets.py
[2023-01-15T14:09:38.215+0000] {logging_mixin.py:117} INFO - [2023-01-15T14:09:38.215+0000] {dag.py:2573} INFO - Sync 6 DAGs
[2023-01-15T14:09:38.231+0000] {logging_mixin.py:117} INFO - [2023-01-15T14:09:38.231+0000] {dag.py:3328} INFO - Setting next_dagrun for dataset_consumes_1 to None, run_after=None
[2023-01-15T14:09:38.233+0000] {logging_mixin.py:117} INFO - [2023-01-15T14:09:38.233+0000] {dag.py:3328} INFO - Setting next_dagrun for dataset_consumes_1_and_2 to None, run_after=None
[2023-01-15T14:09:38.234+0000] {logging_mixin.py:117} INFO - [2023-01-15T14:09:38.234+0000] {dag.py:3328} INFO - Setting next_dagrun for dataset_consumes_1_never_scheduled to None, run_after=None
[2023-01-15T14:09:38.235+0000] {logging_mixin.py:117} INFO - [2023-01-15T14:09:38.235+0000] {dag.py:3328} INFO - Setting next_dagrun for dataset_consumes_unknown_never_scheduled to None, run_after=None
[2023-01-15T14:09:38.237+0000] {logging_mixin.py:117} INFO - [2023-01-15T14:09:38.237+0000] {dag.py:3328} INFO - Setting next_dagrun for dataset_produces_1 to 2023-01-14T00:00:00+00:00, run_after=2023-01-15T00:00:00+00:00
[2023-01-15T14:09:38.238+0000] {logging_mixin.py:117} INFO - [2023-01-15T14:09:38.238+0000] {dag.py:3328} INFO - Setting next_dagrun for dataset_produces_2 to None, run_after=None
[2023-01-15T14:09:38.252+0000] {processor.py:178} INFO - Processing /home/airflow/.local/lib/python3.7/site-packages/airflow/example_dags/example_datasets.py took 0.087 seconds
[2023-01-15T14:59:12.785+0000] {processor.py:156} INFO - Started process (PID=25873) to work on /home/airflow/.local/lib/python3.7/site-packages/airflow/example_dags/example_datasets.py
[2023-01-15T14:59:12.788+0000] {processor.py:758} INFO - Processing file /home/airflow/.local/lib/python3.7/site-packages/airflow/example_dags/example_datasets.py for tasks to queue
[2023-01-15T14:59:12.790+0000] {logging_mixin.py:117} INFO - [2023-01-15T14:59:12.790+0000] {dagbag.py:525} INFO - Filling up the DagBag from /home/airflow/.local/lib/python3.7/site-packages/airflow/example_dags/example_datasets.py
[2023-01-15T14:59:12.836+0000] {processor.py:768} INFO - DAG(s) dict_keys(['dataset_produces_1', 'dataset_produces_2', 'dataset_consumes_1_and_2', 'dataset_consumes_1_never_scheduled', 'dataset_consumes_1', 'dataset_consumes_unknown_never_scheduled']) retrieved from /home/airflow/.local/lib/python3.7/site-packages/airflow/example_dags/example_datasets.py
[2023-01-15T14:59:12.910+0000] {logging_mixin.py:117} INFO - [2023-01-15T14:59:12.909+0000] {dag.py:2573} INFO - Sync 6 DAGs
[2023-01-15T14:59:12.930+0000] {logging_mixin.py:117} INFO - [2023-01-15T14:59:12.930+0000] {dag.py:3328} INFO - Setting next_dagrun for dataset_consumes_1 to None, run_after=None
[2023-01-15T14:59:12.935+0000] {logging_mixin.py:117} INFO - [2023-01-15T14:59:12.935+0000] {dag.py:3328} INFO - Setting next_dagrun for dataset_consumes_1_and_2 to None, run_after=None
[2023-01-15T14:59:12.937+0000] {logging_mixin.py:117} INFO - [2023-01-15T14:59:12.937+0000] {dag.py:3328} INFO - Setting next_dagrun for dataset_consumes_1_never_scheduled to None, run_after=None
[2023-01-15T14:59:12.939+0000] {logging_mixin.py:117} INFO - [2023-01-15T14:59:12.939+0000] {dag.py:3328} INFO - Setting next_dagrun for dataset_consumes_unknown_never_scheduled to None, run_after=None
[2023-01-15T14:59:12.941+0000] {logging_mixin.py:117} INFO - [2023-01-15T14:59:12.941+0000] {dag.py:3328} INFO - Setting next_dagrun for dataset_produces_1 to 2023-01-14T00:00:00+00:00, run_after=2023-01-15T00:00:00+00:00
[2023-01-15T14:59:12.943+0000] {logging_mixin.py:117} INFO - [2023-01-15T14:59:12.943+0000] {dag.py:3328} INFO - Setting next_dagrun for dataset_produces_2 to None, run_after=None
[2023-01-15T14:59:12.983+0000] {processor.py:178} INFO - Processing /home/airflow/.local/lib/python3.7/site-packages/airflow/example_dags/example_datasets.py took 0.201 seconds
[2023-01-15T16:21:35.117+0000] {processor.py:156} INFO - Started process (PID=25936) to work on /home/airflow/.local/lib/python3.7/site-packages/airflow/example_dags/example_datasets.py
[2023-01-15T16:21:35.120+0000] {processor.py:758} INFO - Processing file /home/airflow/.local/lib/python3.7/site-packages/airflow/example_dags/example_datasets.py for tasks to queue
[2023-01-15T16:21:35.122+0000] {logging_mixin.py:117} INFO - [2023-01-15T16:21:35.122+0000] {dagbag.py:525} INFO - Filling up the DagBag from /home/airflow/.local/lib/python3.7/site-packages/airflow/example_dags/example_datasets.py
[2023-01-15T16:21:35.151+0000] {processor.py:768} INFO - DAG(s) dict_keys(['dataset_produces_2', 'dataset_produces_1', 'dataset_consumes_unknown_never_scheduled', 'dataset_consumes_1_and_2', 'dataset_consumes_1', 'dataset_consumes_1_never_scheduled']) retrieved from /home/airflow/.local/lib/python3.7/site-packages/airflow/example_dags/example_datasets.py
[2023-01-15T16:21:35.226+0000] {logging_mixin.py:117} INFO - [2023-01-15T16:21:35.225+0000] {dag.py:2573} INFO - Sync 6 DAGs
[2023-01-15T16:21:35.257+0000] {logging_mixin.py:117} INFO - [2023-01-15T16:21:35.257+0000] {dag.py:3328} INFO - Setting next_dagrun for dataset_consumes_1 to None, run_after=None
[2023-01-15T16:21:35.268+0000] {logging_mixin.py:117} INFO - [2023-01-15T16:21:35.268+0000] {dag.py:3328} INFO - Setting next_dagrun for dataset_consumes_1_and_2 to None, run_after=None
[2023-01-15T16:21:35.270+0000] {logging_mixin.py:117} INFO - [2023-01-15T16:21:35.270+0000] {dag.py:3328} INFO - Setting next_dagrun for dataset_consumes_1_never_scheduled to None, run_after=None
[2023-01-15T16:21:35.272+0000] {logging_mixin.py:117} INFO - [2023-01-15T16:21:35.272+0000] {dag.py:3328} INFO - Setting next_dagrun for dataset_consumes_unknown_never_scheduled to None, run_after=None
[2023-01-15T16:21:35.275+0000] {logging_mixin.py:117} INFO - [2023-01-15T16:21:35.275+0000] {dag.py:3328} INFO - Setting next_dagrun for dataset_produces_1 to 2023-01-14T00:00:00+00:00, run_after=2023-01-15T00:00:00+00:00
[2023-01-15T16:21:35.277+0000] {logging_mixin.py:117} INFO - [2023-01-15T16:21:35.277+0000] {dag.py:3328} INFO - Setting next_dagrun for dataset_produces_2 to None, run_after=None
[2023-01-15T16:21:35.313+0000] {processor.py:178} INFO - Processing /home/airflow/.local/lib/python3.7/site-packages/airflow/example_dags/example_datasets.py took 0.201 seconds
[2023-01-15T17:27:02.940+0000] {processor.py:156} INFO - Started process (PID=25999) to work on /home/airflow/.local/lib/python3.7/site-packages/airflow/example_dags/example_datasets.py
[2023-01-15T17:27:02.942+0000] {processor.py:758} INFO - Processing file /home/airflow/.local/lib/python3.7/site-packages/airflow/example_dags/example_datasets.py for tasks to queue
[2023-01-15T17:27:02.943+0000] {logging_mixin.py:117} INFO - [2023-01-15T17:27:02.943+0000] {dagbag.py:525} INFO - Filling up the DagBag from /home/airflow/.local/lib/python3.7/site-packages/airflow/example_dags/example_datasets.py
[2023-01-15T17:27:02.970+0000] {processor.py:768} INFO - DAG(s) dict_keys(['dataset_consumes_unknown_never_scheduled', 'dataset_produces_1', 'dataset_consumes_1_never_scheduled', 'dataset_consumes_1', 'dataset_produces_2', 'dataset_consumes_1_and_2']) retrieved from /home/airflow/.local/lib/python3.7/site-packages/airflow/example_dags/example_datasets.py
[2023-01-15T17:27:03.069+0000] {logging_mixin.py:117} INFO - [2023-01-15T17:27:03.069+0000] {dag.py:2573} INFO - Sync 6 DAGs
[2023-01-15T17:27:03.100+0000] {logging_mixin.py:117} INFO - [2023-01-15T17:27:03.100+0000] {dag.py:3328} INFO - Setting next_dagrun for dataset_consumes_1 to None, run_after=None
[2023-01-15T17:27:03.105+0000] {logging_mixin.py:117} INFO - [2023-01-15T17:27:03.105+0000] {dag.py:3328} INFO - Setting next_dagrun for dataset_consumes_1_and_2 to None, run_after=None
[2023-01-15T17:27:03.108+0000] {logging_mixin.py:117} INFO - [2023-01-15T17:27:03.108+0000] {dag.py:3328} INFO - Setting next_dagrun for dataset_consumes_1_never_scheduled to None, run_after=None
[2023-01-15T17:27:03.111+0000] {logging_mixin.py:117} INFO - [2023-01-15T17:27:03.111+0000] {dag.py:3328} INFO - Setting next_dagrun for dataset_consumes_unknown_never_scheduled to None, run_after=None
[2023-01-15T17:27:03.116+0000] {logging_mixin.py:117} INFO - [2023-01-15T17:27:03.116+0000] {dag.py:3328} INFO - Setting next_dagrun for dataset_produces_1 to 2023-01-14T00:00:00+00:00, run_after=2023-01-15T00:00:00+00:00
[2023-01-15T17:27:03.120+0000] {logging_mixin.py:117} INFO - [2023-01-15T17:27:03.120+0000] {dag.py:3328} INFO - Setting next_dagrun for dataset_produces_2 to None, run_after=None
[2023-01-15T17:27:03.154+0000] {processor.py:178} INFO - Processing /home/airflow/.local/lib/python3.7/site-packages/airflow/example_dags/example_datasets.py took 0.218 seconds
[2023-01-15T18:23:35.791+0000] {processor.py:156} INFO - Started process (PID=26062) to work on /home/airflow/.local/lib/python3.7/site-packages/airflow/example_dags/example_datasets.py
[2023-01-15T18:23:35.795+0000] {processor.py:758} INFO - Processing file /home/airflow/.local/lib/python3.7/site-packages/airflow/example_dags/example_datasets.py for tasks to queue
[2023-01-15T18:23:35.797+0000] {logging_mixin.py:117} INFO - [2023-01-15T18:23:35.797+0000] {dagbag.py:525} INFO - Filling up the DagBag from /home/airflow/.local/lib/python3.7/site-packages/airflow/example_dags/example_datasets.py
[2023-01-15T18:23:35.819+0000] {processor.py:768} INFO - DAG(s) dict_keys(['dataset_consumes_1_and_2', 'dataset_produces_2', 'dataset_consumes_1_never_scheduled', 'dataset_consumes_1', 'dataset_consumes_unknown_never_scheduled', 'dataset_produces_1']) retrieved from /home/airflow/.local/lib/python3.7/site-packages/airflow/example_dags/example_datasets.py
[2023-01-15T18:23:35.902+0000] {logging_mixin.py:117} INFO - [2023-01-15T18:23:35.902+0000] {dag.py:2573} INFO - Sync 6 DAGs
[2023-01-15T18:23:35.933+0000] {logging_mixin.py:117} INFO - [2023-01-15T18:23:35.933+0000] {dag.py:3328} INFO - Setting next_dagrun for dataset_consumes_1 to None, run_after=None
[2023-01-15T18:23:35.939+0000] {logging_mixin.py:117} INFO - [2023-01-15T18:23:35.939+0000] {dag.py:3328} INFO - Setting next_dagrun for dataset_consumes_1_and_2 to None, run_after=None
[2023-01-15T18:23:35.940+0000] {logging_mixin.py:117} INFO - [2023-01-15T18:23:35.940+0000] {dag.py:3328} INFO - Setting next_dagrun for dataset_consumes_1_never_scheduled to None, run_after=None
[2023-01-15T18:23:35.941+0000] {logging_mixin.py:117} INFO - [2023-01-15T18:23:35.941+0000] {dag.py:3328} INFO - Setting next_dagrun for dataset_consumes_unknown_never_scheduled to None, run_after=None
[2023-01-15T18:23:35.943+0000] {logging_mixin.py:117} INFO - [2023-01-15T18:23:35.943+0000] {dag.py:3328} INFO - Setting next_dagrun for dataset_produces_1 to 2023-01-14T00:00:00+00:00, run_after=2023-01-15T00:00:00+00:00
[2023-01-15T18:23:35.944+0000] {logging_mixin.py:117} INFO - [2023-01-15T18:23:35.944+0000] {dag.py:3328} INFO - Setting next_dagrun for dataset_produces_2 to None, run_after=None
[2023-01-15T18:23:35.972+0000] {processor.py:178} INFO - Processing /home/airflow/.local/lib/python3.7/site-packages/airflow/example_dags/example_datasets.py took 0.184 seconds
[2023-01-15T19:46:53.540+0000] {processor.py:156} INFO - Started process (PID=26116) to work on /home/airflow/.local/lib/python3.7/site-packages/airflow/example_dags/example_datasets.py
[2023-01-15T19:46:53.542+0000] {processor.py:758} INFO - Processing file /home/airflow/.local/lib/python3.7/site-packages/airflow/example_dags/example_datasets.py for tasks to queue
[2023-01-15T19:46:53.543+0000] {logging_mixin.py:117} INFO - [2023-01-15T19:46:53.543+0000] {dagbag.py:525} INFO - Filling up the DagBag from /home/airflow/.local/lib/python3.7/site-packages/airflow/example_dags/example_datasets.py
[2023-01-15T19:46:53.567+0000] {processor.py:768} INFO - DAG(s) dict_keys(['dataset_consumes_1_and_2', 'dataset_consumes_unknown_never_scheduled', 'dataset_produces_1', 'dataset_produces_2', 'dataset_consumes_1_never_scheduled', 'dataset_consumes_1']) retrieved from /home/airflow/.local/lib/python3.7/site-packages/airflow/example_dags/example_datasets.py
[2023-01-15T19:46:53.633+0000] {logging_mixin.py:117} INFO - [2023-01-15T19:46:53.633+0000] {dag.py:2573} INFO - Sync 6 DAGs
[2023-01-15T19:46:53.680+0000] {logging_mixin.py:117} INFO - [2023-01-15T19:46:53.680+0000] {dag.py:3328} INFO - Setting next_dagrun for dataset_consumes_1 to None, run_after=None
[2023-01-15T19:46:53.684+0000] {logging_mixin.py:117} INFO - [2023-01-15T19:46:53.684+0000] {dag.py:3328} INFO - Setting next_dagrun for dataset_consumes_1_and_2 to None, run_after=None
[2023-01-15T19:46:53.687+0000] {logging_mixin.py:117} INFO - [2023-01-15T19:46:53.687+0000] {dag.py:3328} INFO - Setting next_dagrun for dataset_consumes_1_never_scheduled to None, run_after=None
[2023-01-15T19:46:53.688+0000] {logging_mixin.py:117} INFO - [2023-01-15T19:46:53.688+0000] {dag.py:3328} INFO - Setting next_dagrun for dataset_consumes_unknown_never_scheduled to None, run_after=None
[2023-01-15T19:46:53.693+0000] {logging_mixin.py:117} INFO - [2023-01-15T19:46:53.693+0000] {dag.py:3328} INFO - Setting next_dagrun for dataset_produces_1 to 2023-01-14T00:00:00+00:00, run_after=2023-01-15T00:00:00+00:00
[2023-01-15T19:46:53.696+0000] {logging_mixin.py:117} INFO - [2023-01-15T19:46:53.695+0000] {dag.py:3328} INFO - Setting next_dagrun for dataset_produces_2 to None, run_after=None
[2023-01-15T19:46:53.733+0000] {processor.py:178} INFO - Processing /home/airflow/.local/lib/python3.7/site-packages/airflow/example_dags/example_datasets.py took 0.201 seconds
[2023-01-15T20:53:27.812+0000] {processor.py:156} INFO - Started process (PID=26178) to work on /home/airflow/.local/lib/python3.7/site-packages/airflow/example_dags/example_datasets.py
[2023-01-15T20:53:27.813+0000] {processor.py:758} INFO - Processing file /home/airflow/.local/lib/python3.7/site-packages/airflow/example_dags/example_datasets.py for tasks to queue
[2023-01-15T20:53:27.814+0000] {logging_mixin.py:117} INFO - [2023-01-15T20:53:27.814+0000] {dagbag.py:525} INFO - Filling up the DagBag from /home/airflow/.local/lib/python3.7/site-packages/airflow/example_dags/example_datasets.py
[2023-01-15T20:53:27.838+0000] {processor.py:768} INFO - DAG(s) dict_keys(['dataset_consumes_1_and_2', 'dataset_produces_2', 'dataset_consumes_unknown_never_scheduled', 'dataset_produces_1', 'dataset_consumes_1', 'dataset_consumes_1_never_scheduled']) retrieved from /home/airflow/.local/lib/python3.7/site-packages/airflow/example_dags/example_datasets.py
[2023-01-15T20:53:27.916+0000] {logging_mixin.py:117} INFO - [2023-01-15T20:53:27.916+0000] {dag.py:2573} INFO - Sync 6 DAGs
[2023-01-15T20:53:27.948+0000] {logging_mixin.py:117} INFO - [2023-01-15T20:53:27.948+0000] {dag.py:3328} INFO - Setting next_dagrun for dataset_consumes_1 to None, run_after=None
[2023-01-15T20:53:27.952+0000] {logging_mixin.py:117} INFO - [2023-01-15T20:53:27.952+0000] {dag.py:3328} INFO - Setting next_dagrun for dataset_consumes_1_and_2 to None, run_after=None
[2023-01-15T20:53:27.954+0000] {logging_mixin.py:117} INFO - [2023-01-15T20:53:27.954+0000] {dag.py:3328} INFO - Setting next_dagrun for dataset_consumes_1_never_scheduled to None, run_after=None
[2023-01-15T20:53:27.956+0000] {logging_mixin.py:117} INFO - [2023-01-15T20:53:27.956+0000] {dag.py:3328} INFO - Setting next_dagrun for dataset_consumes_unknown_never_scheduled to None, run_after=None
[2023-01-15T20:53:27.958+0000] {logging_mixin.py:117} INFO - [2023-01-15T20:53:27.958+0000] {dag.py:3328} INFO - Setting next_dagrun for dataset_produces_1 to 2023-01-14T00:00:00+00:00, run_after=2023-01-15T00:00:00+00:00
[2023-01-15T20:53:27.960+0000] {logging_mixin.py:117} INFO - [2023-01-15T20:53:27.960+0000] {dag.py:3328} INFO - Setting next_dagrun for dataset_produces_2 to None, run_after=None
[2023-01-15T20:53:27.990+0000] {processor.py:178} INFO - Processing /home/airflow/.local/lib/python3.7/site-packages/airflow/example_dags/example_datasets.py took 0.184 seconds
[2023-01-15T21:52:32.255+0000] {processor.py:156} INFO - Started process (PID=26241) to work on /home/airflow/.local/lib/python3.7/site-packages/airflow/example_dags/example_datasets.py
[2023-01-15T21:52:32.257+0000] {processor.py:758} INFO - Processing file /home/airflow/.local/lib/python3.7/site-packages/airflow/example_dags/example_datasets.py for tasks to queue
[2023-01-15T21:52:32.258+0000] {logging_mixin.py:117} INFO - [2023-01-15T21:52:32.258+0000] {dagbag.py:525} INFO - Filling up the DagBag from /home/airflow/.local/lib/python3.7/site-packages/airflow/example_dags/example_datasets.py
[2023-01-15T21:52:32.273+0000] {processor.py:768} INFO - DAG(s) dict_keys(['dataset_consumes_1_and_2', 'dataset_consumes_1', 'dataset_produces_1', 'dataset_consumes_1_never_scheduled', 'dataset_consumes_unknown_never_scheduled', 'dataset_produces_2']) retrieved from /home/airflow/.local/lib/python3.7/site-packages/airflow/example_dags/example_datasets.py
[2023-01-15T21:52:32.339+0000] {logging_mixin.py:117} INFO - [2023-01-15T21:52:32.339+0000] {dag.py:2573} INFO - Sync 6 DAGs
[2023-01-15T21:52:32.371+0000] {logging_mixin.py:117} INFO - [2023-01-15T21:52:32.371+0000] {dag.py:3328} INFO - Setting next_dagrun for dataset_consumes_1 to None, run_after=None
[2023-01-15T21:52:32.377+0000] {logging_mixin.py:117} INFO - [2023-01-15T21:52:32.377+0000] {dag.py:3328} INFO - Setting next_dagrun for dataset_consumes_1_and_2 to None, run_after=None
[2023-01-15T21:52:32.379+0000] {logging_mixin.py:117} INFO - [2023-01-15T21:52:32.379+0000] {dag.py:3328} INFO - Setting next_dagrun for dataset_consumes_1_never_scheduled to None, run_after=None
[2023-01-15T21:52:32.383+0000] {logging_mixin.py:117} INFO - [2023-01-15T21:52:32.383+0000] {dag.py:3328} INFO - Setting next_dagrun for dataset_consumes_unknown_never_scheduled to None, run_after=None
[2023-01-15T21:52:32.388+0000] {logging_mixin.py:117} INFO - [2023-01-15T21:52:32.388+0000] {dag.py:3328} INFO - Setting next_dagrun for dataset_produces_1 to 2023-01-14T00:00:00+00:00, run_after=2023-01-15T00:00:00+00:00
[2023-01-15T21:52:32.390+0000] {logging_mixin.py:117} INFO - [2023-01-15T21:52:32.390+0000] {dag.py:3328} INFO - Setting next_dagrun for dataset_produces_2 to None, run_after=None
[2023-01-15T21:52:32.437+0000] {processor.py:178} INFO - Processing /home/airflow/.local/lib/python3.7/site-packages/airflow/example_dags/example_datasets.py took 0.185 seconds
[2023-01-15T23:15:49.706+0000] {processor.py:156} INFO - Started process (PID=26304) to work on /home/airflow/.local/lib/python3.7/site-packages/airflow/example_dags/example_datasets.py
[2023-01-15T23:15:49.709+0000] {processor.py:758} INFO - Processing file /home/airflow/.local/lib/python3.7/site-packages/airflow/example_dags/example_datasets.py for tasks to queue
[2023-01-15T23:15:49.710+0000] {logging_mixin.py:117} INFO - [2023-01-15T23:15:49.710+0000] {dagbag.py:525} INFO - Filling up the DagBag from /home/airflow/.local/lib/python3.7/site-packages/airflow/example_dags/example_datasets.py
[2023-01-15T23:15:49.762+0000] {processor.py:768} INFO - DAG(s) dict_keys(['dataset_produces_1', 'dataset_consumes_1_and_2', 'dataset_consumes_1', 'dataset_produces_2', 'dataset_consumes_unknown_never_scheduled', 'dataset_consumes_1_never_scheduled']) retrieved from /home/airflow/.local/lib/python3.7/site-packages/airflow/example_dags/example_datasets.py
[2023-01-15T23:15:49.861+0000] {logging_mixin.py:117} INFO - [2023-01-15T23:15:49.861+0000] {dag.py:2573} INFO - Sync 6 DAGs
[2023-01-15T23:15:49.882+0000] {logging_mixin.py:117} INFO - [2023-01-15T23:15:49.882+0000] {dag.py:3328} INFO - Setting next_dagrun for dataset_consumes_1 to None, run_after=None
[2023-01-15T23:15:49.887+0000] {logging_mixin.py:117} INFO - [2023-01-15T23:15:49.887+0000] {dag.py:3328} INFO - Setting next_dagrun for dataset_consumes_1_and_2 to None, run_after=None
[2023-01-15T23:15:49.894+0000] {logging_mixin.py:117} INFO - [2023-01-15T23:15:49.893+0000] {dag.py:3328} INFO - Setting next_dagrun for dataset_consumes_1_never_scheduled to None, run_after=None
[2023-01-15T23:15:49.906+0000] {logging_mixin.py:117} INFO - [2023-01-15T23:15:49.905+0000] {dag.py:3328} INFO - Setting next_dagrun for dataset_consumes_unknown_never_scheduled to None, run_after=None
[2023-01-15T23:15:49.910+0000] {logging_mixin.py:117} INFO - [2023-01-15T23:15:49.910+0000] {dag.py:3328} INFO - Setting next_dagrun for dataset_produces_1 to 2023-01-14T00:00:00+00:00, run_after=2023-01-15T00:00:00+00:00
[2023-01-15T23:15:49.922+0000] {logging_mixin.py:117} INFO - [2023-01-15T23:15:49.922+0000] {dag.py:3328} INFO - Setting next_dagrun for dataset_produces_2 to None, run_after=None
[2023-01-15T23:15:49.982+0000] {processor.py:178} INFO - Processing /home/airflow/.local/lib/python3.7/site-packages/airflow/example_dags/example_datasets.py took 0.285 seconds
