[2023-01-15T00:38:59.723+0000] {processor.py:156} INFO - Started process (PID=24114) to work on /home/airflow/.local/lib/python3.7/site-packages/airflow/example_dags/example_latest_only.py
[2023-01-15T00:38:59.724+0000] {processor.py:758} INFO - Processing file /home/airflow/.local/lib/python3.7/site-packages/airflow/example_dags/example_latest_only.py for tasks to queue
[2023-01-15T00:38:59.725+0000] {logging_mixin.py:117} INFO - [2023-01-15T00:38:59.725+0000] {dagbag.py:525} INFO - Filling up the DagBag from /home/airflow/.local/lib/python3.7/site-packages/airflow/example_dags/example_latest_only.py
[2023-01-15T00:38:59.743+0000] {processor.py:768} INFO - DAG(s) dict_keys(['latest_only']) retrieved from /home/airflow/.local/lib/python3.7/site-packages/airflow/example_dags/example_latest_only.py
[2023-01-15T00:38:59.791+0000] {logging_mixin.py:117} INFO - [2023-01-15T00:38:59.791+0000] {dag.py:2573} INFO - Sync 1 DAGs
[2023-01-15T00:38:59.822+0000] {logging_mixin.py:117} INFO - [2023-01-15T00:38:59.821+0000] {dag.py:3328} INFO - Setting next_dagrun for latest_only to 2023-01-14T20:38:59.821602+00:00, run_after=2023-01-15T00:38:59.821602+00:00
[2023-01-15T00:38:59.838+0000] {processor.py:178} INFO - Processing /home/airflow/.local/lib/python3.7/site-packages/airflow/example_dags/example_latest_only.py took 0.118 seconds
[2023-01-15T01:44:17.731+0000] {processor.py:156} INFO - Started process (PID=24177) to work on /home/airflow/.local/lib/python3.7/site-packages/airflow/example_dags/example_latest_only.py
[2023-01-15T01:44:17.732+0000] {processor.py:758} INFO - Processing file /home/airflow/.local/lib/python3.7/site-packages/airflow/example_dags/example_latest_only.py for tasks to queue
[2023-01-15T01:44:17.734+0000] {logging_mixin.py:117} INFO - [2023-01-15T01:44:17.733+0000] {dagbag.py:525} INFO - Filling up the DagBag from /home/airflow/.local/lib/python3.7/site-packages/airflow/example_dags/example_latest_only.py
[2023-01-15T01:44:17.746+0000] {processor.py:768} INFO - DAG(s) dict_keys(['latest_only']) retrieved from /home/airflow/.local/lib/python3.7/site-packages/airflow/example_dags/example_latest_only.py
[2023-01-15T01:44:17.783+0000] {logging_mixin.py:117} INFO - [2023-01-15T01:44:17.783+0000] {dag.py:2573} INFO - Sync 1 DAGs
[2023-01-15T01:44:17.801+0000] {logging_mixin.py:117} INFO - [2023-01-15T01:44:17.801+0000] {dag.py:3328} INFO - Setting next_dagrun for latest_only to 2023-01-14T21:44:17.801645+00:00, run_after=2023-01-15T01:44:17.801645+00:00
[2023-01-15T01:44:17.817+0000] {processor.py:178} INFO - Processing /home/airflow/.local/lib/python3.7/site-packages/airflow/example_dags/example_latest_only.py took 0.092 seconds
[2023-01-15T02:15:46.465+0000] {processor.py:156} INFO - Started process (PID=24240) to work on /home/airflow/.local/lib/python3.7/site-packages/airflow/example_dags/example_latest_only.py
[2023-01-15T02:15:46.466+0000] {processor.py:758} INFO - Processing file /home/airflow/.local/lib/python3.7/site-packages/airflow/example_dags/example_latest_only.py for tasks to queue
[2023-01-15T02:15:46.468+0000] {logging_mixin.py:117} INFO - [2023-01-15T02:15:46.467+0000] {dagbag.py:525} INFO - Filling up the DagBag from /home/airflow/.local/lib/python3.7/site-packages/airflow/example_dags/example_latest_only.py
[2023-01-15T02:15:46.481+0000] {processor.py:768} INFO - DAG(s) dict_keys(['latest_only']) retrieved from /home/airflow/.local/lib/python3.7/site-packages/airflow/example_dags/example_latest_only.py
[2023-01-15T02:15:46.520+0000] {logging_mixin.py:117} INFO - [2023-01-15T02:15:46.520+0000] {dag.py:2573} INFO - Sync 1 DAGs
[2023-01-15T02:15:46.551+0000] {logging_mixin.py:117} INFO - [2023-01-15T02:15:46.551+0000] {dag.py:3328} INFO - Setting next_dagrun for latest_only to 2023-01-14T22:15:46.551434+00:00, run_after=2023-01-15T02:15:46.551434+00:00
[2023-01-15T02:15:46.563+0000] {processor.py:178} INFO - Processing /home/airflow/.local/lib/python3.7/site-packages/airflow/example_dags/example_latest_only.py took 0.101 seconds
[2023-01-15T02:16:17.114+0000] {processor.py:156} INFO - Started process (PID=24294) to work on /home/airflow/.local/lib/python3.7/site-packages/airflow/example_dags/example_latest_only.py
[2023-01-15T02:16:17.115+0000] {processor.py:758} INFO - Processing file /home/airflow/.local/lib/python3.7/site-packages/airflow/example_dags/example_latest_only.py for tasks to queue
[2023-01-15T02:16:17.116+0000] {logging_mixin.py:117} INFO - [2023-01-15T02:16:17.116+0000] {dagbag.py:525} INFO - Filling up the DagBag from /home/airflow/.local/lib/python3.7/site-packages/airflow/example_dags/example_latest_only.py
[2023-01-15T02:16:17.125+0000] {processor.py:768} INFO - DAG(s) dict_keys(['latest_only']) retrieved from /home/airflow/.local/lib/python3.7/site-packages/airflow/example_dags/example_latest_only.py
[2023-01-15T02:16:17.151+0000] {logging_mixin.py:117} INFO - [2023-01-15T02:16:17.151+0000] {dag.py:2573} INFO - Sync 1 DAGs
[2023-01-15T02:16:17.164+0000] {logging_mixin.py:117} INFO - [2023-01-15T02:16:17.164+0000] {dag.py:3328} INFO - Setting next_dagrun for latest_only to 2023-01-14T22:16:17.164759+00:00, run_after=2023-01-15T02:16:17.164759+00:00
[2023-01-15T02:16:17.174+0000] {processor.py:178} INFO - Processing /home/airflow/.local/lib/python3.7/site-packages/airflow/example_dags/example_latest_only.py took 0.063 seconds
[2023-01-15T02:49:44.012+0000] {processor.py:156} INFO - Started process (PID=24357) to work on /home/airflow/.local/lib/python3.7/site-packages/airflow/example_dags/example_latest_only.py
[2023-01-15T02:49:44.015+0000] {processor.py:758} INFO - Processing file /home/airflow/.local/lib/python3.7/site-packages/airflow/example_dags/example_latest_only.py for tasks to queue
[2023-01-15T02:49:44.016+0000] {logging_mixin.py:117} INFO - [2023-01-15T02:49:44.016+0000] {dagbag.py:525} INFO - Filling up the DagBag from /home/airflow/.local/lib/python3.7/site-packages/airflow/example_dags/example_latest_only.py
[2023-01-15T02:49:44.032+0000] {processor.py:768} INFO - DAG(s) dict_keys(['latest_only']) retrieved from /home/airflow/.local/lib/python3.7/site-packages/airflow/example_dags/example_latest_only.py
[2023-01-15T02:49:44.080+0000] {logging_mixin.py:117} INFO - [2023-01-15T02:49:44.080+0000] {dag.py:2573} INFO - Sync 1 DAGs
[2023-01-15T02:49:44.115+0000] {logging_mixin.py:117} INFO - [2023-01-15T02:49:44.114+0000] {dag.py:3328} INFO - Setting next_dagrun for latest_only to 2023-01-14T22:49:44.114707+00:00, run_after=2023-01-15T02:49:44.114707+00:00
[2023-01-15T02:49:44.173+0000] {processor.py:178} INFO - Processing /home/airflow/.local/lib/python3.7/site-packages/airflow/example_dags/example_latest_only.py took 0.165 seconds
[2023-01-15T04:11:02.307+0000] {processor.py:156} INFO - Started process (PID=24420) to work on /home/airflow/.local/lib/python3.7/site-packages/airflow/example_dags/example_latest_only.py
[2023-01-15T04:11:02.313+0000] {processor.py:758} INFO - Processing file /home/airflow/.local/lib/python3.7/site-packages/airflow/example_dags/example_latest_only.py for tasks to queue
[2023-01-15T04:11:02.314+0000] {logging_mixin.py:117} INFO - [2023-01-15T04:11:02.314+0000] {dagbag.py:525} INFO - Filling up the DagBag from /home/airflow/.local/lib/python3.7/site-packages/airflow/example_dags/example_latest_only.py
[2023-01-15T04:11:02.335+0000] {processor.py:768} INFO - DAG(s) dict_keys(['latest_only']) retrieved from /home/airflow/.local/lib/python3.7/site-packages/airflow/example_dags/example_latest_only.py
[2023-01-15T04:11:02.380+0000] {logging_mixin.py:117} INFO - [2023-01-15T04:11:02.380+0000] {dag.py:2573} INFO - Sync 1 DAGs
[2023-01-15T04:11:02.398+0000] {logging_mixin.py:117} INFO - [2023-01-15T04:11:02.397+0000] {dag.py:3328} INFO - Setting next_dagrun for latest_only to 2023-01-15T00:11:02.397701+00:00, run_after=2023-01-15T04:11:02.397701+00:00
[2023-01-15T04:11:02.416+0000] {processor.py:178} INFO - Processing /home/airflow/.local/lib/python3.7/site-packages/airflow/example_dags/example_latest_only.py took 0.115 seconds
[2023-01-15T05:08:50.915+0000] {processor.py:156} INFO - Started process (PID=24484) to work on /home/airflow/.local/lib/python3.7/site-packages/airflow/example_dags/example_latest_only.py
[2023-01-15T05:08:50.926+0000] {processor.py:758} INFO - Processing file /home/airflow/.local/lib/python3.7/site-packages/airflow/example_dags/example_latest_only.py for tasks to queue
[2023-01-15T05:08:50.930+0000] {logging_mixin.py:117} INFO - [2023-01-15T05:08:50.930+0000] {dagbag.py:525} INFO - Filling up the DagBag from /home/airflow/.local/lib/python3.7/site-packages/airflow/example_dags/example_latest_only.py
[2023-01-15T05:08:50.945+0000] {processor.py:768} INFO - DAG(s) dict_keys(['latest_only']) retrieved from /home/airflow/.local/lib/python3.7/site-packages/airflow/example_dags/example_latest_only.py
[2023-01-15T05:08:51.020+0000] {logging_mixin.py:117} INFO - [2023-01-15T05:08:51.020+0000] {dag.py:2573} INFO - Sync 1 DAGs
[2023-01-15T05:08:51.066+0000] {logging_mixin.py:117} INFO - [2023-01-15T05:08:51.066+0000] {dag.py:3328} INFO - Setting next_dagrun for latest_only to 2023-01-15T01:08:51.066191+00:00, run_after=2023-01-15T05:08:51.066191+00:00
[2023-01-15T05:08:51.103+0000] {processor.py:178} INFO - Processing /home/airflow/.local/lib/python3.7/site-packages/airflow/example_dags/example_latest_only.py took 0.193 seconds
[2023-01-15T06:14:19.155+0000] {processor.py:156} INFO - Started process (PID=24547) to work on /home/airflow/.local/lib/python3.7/site-packages/airflow/example_dags/example_latest_only.py
[2023-01-15T06:14:19.156+0000] {processor.py:758} INFO - Processing file /home/airflow/.local/lib/python3.7/site-packages/airflow/example_dags/example_latest_only.py for tasks to queue
[2023-01-15T06:14:19.157+0000] {logging_mixin.py:117} INFO - [2023-01-15T06:14:19.157+0000] {dagbag.py:525} INFO - Filling up the DagBag from /home/airflow/.local/lib/python3.7/site-packages/airflow/example_dags/example_latest_only.py
[2023-01-15T06:14:19.176+0000] {processor.py:768} INFO - DAG(s) dict_keys(['latest_only']) retrieved from /home/airflow/.local/lib/python3.7/site-packages/airflow/example_dags/example_latest_only.py
[2023-01-15T06:14:19.252+0000] {logging_mixin.py:117} INFO - [2023-01-15T06:14:19.251+0000] {dag.py:2573} INFO - Sync 1 DAGs
[2023-01-15T06:14:19.285+0000] {logging_mixin.py:117} INFO - [2023-01-15T06:14:19.285+0000] {dag.py:3328} INFO - Setting next_dagrun for latest_only to 2023-01-15T02:14:19.284509+00:00, run_after=2023-01-15T06:14:19.284509+00:00
[2023-01-15T06:14:19.299+0000] {processor.py:178} INFO - Processing /home/airflow/.local/lib/python3.7/site-packages/airflow/example_dags/example_latest_only.py took 0.146 seconds
[2023-01-15T06:57:25.014+0000] {processor.py:156} INFO - Started process (PID=24601) to work on /home/airflow/.local/lib/python3.7/site-packages/airflow/example_dags/example_latest_only.py
[2023-01-15T06:57:25.018+0000] {processor.py:758} INFO - Processing file /home/airflow/.local/lib/python3.7/site-packages/airflow/example_dags/example_latest_only.py for tasks to queue
[2023-01-15T06:57:25.020+0000] {logging_mixin.py:117} INFO - [2023-01-15T06:57:25.020+0000] {dagbag.py:525} INFO - Filling up the DagBag from /home/airflow/.local/lib/python3.7/site-packages/airflow/example_dags/example_latest_only.py
[2023-01-15T06:57:25.048+0000] {processor.py:768} INFO - DAG(s) dict_keys(['latest_only']) retrieved from /home/airflow/.local/lib/python3.7/site-packages/airflow/example_dags/example_latest_only.py
[2023-01-15T06:57:25.135+0000] {logging_mixin.py:117} INFO - [2023-01-15T06:57:25.135+0000] {dag.py:2573} INFO - Sync 1 DAGs
[2023-01-15T06:57:25.173+0000] {logging_mixin.py:117} INFO - [2023-01-15T06:57:25.173+0000] {dag.py:3328} INFO - Setting next_dagrun for latest_only to 2023-01-15T02:57:25.172971+00:00, run_after=2023-01-15T06:57:25.172971+00:00
[2023-01-15T06:57:25.201+0000] {processor.py:178} INFO - Processing /home/airflow/.local/lib/python3.7/site-packages/airflow/example_dags/example_latest_only.py took 0.191 seconds
[2023-01-15T08:03:16.537+0000] {processor.py:156} INFO - Started process (PID=24664) to work on /home/airflow/.local/lib/python3.7/site-packages/airflow/example_dags/example_latest_only.py
[2023-01-15T08:03:16.540+0000] {processor.py:758} INFO - Processing file /home/airflow/.local/lib/python3.7/site-packages/airflow/example_dags/example_latest_only.py for tasks to queue
[2023-01-15T08:03:16.544+0000] {logging_mixin.py:117} INFO - [2023-01-15T08:03:16.544+0000] {dagbag.py:525} INFO - Filling up the DagBag from /home/airflow/.local/lib/python3.7/site-packages/airflow/example_dags/example_latest_only.py
[2023-01-15T08:03:16.565+0000] {processor.py:768} INFO - DAG(s) dict_keys(['latest_only']) retrieved from /home/airflow/.local/lib/python3.7/site-packages/airflow/example_dags/example_latest_only.py
[2023-01-15T08:03:16.614+0000] {logging_mixin.py:117} INFO - [2023-01-15T08:03:16.614+0000] {dag.py:2573} INFO - Sync 1 DAGs
[2023-01-15T08:03:16.660+0000] {logging_mixin.py:117} INFO - [2023-01-15T08:03:16.660+0000] {dag.py:3328} INFO - Setting next_dagrun for latest_only to 2023-01-15T04:03:16.660011+00:00, run_after=2023-01-15T08:03:16.660011+00:00
[2023-01-15T08:03:16.683+0000] {processor.py:178} INFO - Processing /home/airflow/.local/lib/python3.7/site-packages/airflow/example_dags/example_latest_only.py took 0.149 seconds
[2023-01-15T09:11:06.647+0000] {processor.py:156} INFO - Started process (PID=24728) to work on /home/airflow/.local/lib/python3.7/site-packages/airflow/example_dags/example_latest_only.py
[2023-01-15T09:11:06.658+0000] {processor.py:758} INFO - Processing file /home/airflow/.local/lib/python3.7/site-packages/airflow/example_dags/example_latest_only.py for tasks to queue
[2023-01-15T09:11:06.659+0000] {logging_mixin.py:117} INFO - [2023-01-15T09:11:06.659+0000] {dagbag.py:525} INFO - Filling up the DagBag from /home/airflow/.local/lib/python3.7/site-packages/airflow/example_dags/example_latest_only.py
[2023-01-15T09:11:06.682+0000] {processor.py:768} INFO - DAG(s) dict_keys(['latest_only']) retrieved from /home/airflow/.local/lib/python3.7/site-packages/airflow/example_dags/example_latest_only.py
[2023-01-15T09:11:06.764+0000] {logging_mixin.py:117} INFO - [2023-01-15T09:11:06.764+0000] {dag.py:2573} INFO - Sync 1 DAGs
[2023-01-15T09:11:06.802+0000] {logging_mixin.py:117} INFO - [2023-01-15T09:11:06.802+0000] {dag.py:3328} INFO - Setting next_dagrun for latest_only to 2023-01-15T05:11:06.801954+00:00, run_after=2023-01-15T09:11:06.801954+00:00
[2023-01-15T09:11:06.823+0000] {processor.py:178} INFO - Processing /home/airflow/.local/lib/python3.7/site-packages/airflow/example_dags/example_latest_only.py took 0.179 seconds
[2023-01-15T09:32:53.676+0000] {processor.py:156} INFO - Started process (PID=24782) to work on /home/airflow/.local/lib/python3.7/site-packages/airflow/example_dags/example_latest_only.py
[2023-01-15T09:32:53.681+0000] {processor.py:758} INFO - Processing file /home/airflow/.local/lib/python3.7/site-packages/airflow/example_dags/example_latest_only.py for tasks to queue
[2023-01-15T09:32:53.682+0000] {logging_mixin.py:117} INFO - [2023-01-15T09:32:53.682+0000] {dagbag.py:525} INFO - Filling up the DagBag from /home/airflow/.local/lib/python3.7/site-packages/airflow/example_dags/example_latest_only.py
[2023-01-15T09:32:53.707+0000] {processor.py:768} INFO - DAG(s) dict_keys(['latest_only']) retrieved from /home/airflow/.local/lib/python3.7/site-packages/airflow/example_dags/example_latest_only.py
[2023-01-15T09:32:53.802+0000] {logging_mixin.py:117} INFO - [2023-01-15T09:32:53.802+0000] {dag.py:2573} INFO - Sync 1 DAGs
[2023-01-15T09:32:53.853+0000] {logging_mixin.py:117} INFO - [2023-01-15T09:32:53.853+0000] {dag.py:3328} INFO - Setting next_dagrun for latest_only to 2023-01-15T05:32:53.852766+00:00, run_after=2023-01-15T09:32:53.852766+00:00
[2023-01-15T09:32:53.873+0000] {processor.py:178} INFO - Processing /home/airflow/.local/lib/python3.7/site-packages/airflow/example_dags/example_latest_only.py took 0.199 seconds
[2023-01-15T09:33:55.521+0000] {processor.py:156} INFO - Started process (PID=24845) to work on /home/airflow/.local/lib/python3.7/site-packages/airflow/example_dags/example_latest_only.py
[2023-01-15T09:33:55.522+0000] {processor.py:758} INFO - Processing file /home/airflow/.local/lib/python3.7/site-packages/airflow/example_dags/example_latest_only.py for tasks to queue
[2023-01-15T09:33:55.524+0000] {logging_mixin.py:117} INFO - [2023-01-15T09:33:55.524+0000] {dagbag.py:525} INFO - Filling up the DagBag from /home/airflow/.local/lib/python3.7/site-packages/airflow/example_dags/example_latest_only.py
[2023-01-15T09:33:55.535+0000] {processor.py:768} INFO - DAG(s) dict_keys(['latest_only']) retrieved from /home/airflow/.local/lib/python3.7/site-packages/airflow/example_dags/example_latest_only.py
[2023-01-15T09:33:55.568+0000] {logging_mixin.py:117} INFO - [2023-01-15T09:33:55.567+0000] {dag.py:2573} INFO - Sync 1 DAGs
[2023-01-15T09:33:55.588+0000] {logging_mixin.py:117} INFO - [2023-01-15T09:33:55.587+0000] {dag.py:3328} INFO - Setting next_dagrun for latest_only to 2023-01-15T05:33:55.587688+00:00, run_after=2023-01-15T09:33:55.587688+00:00
[2023-01-15T09:33:55.603+0000] {processor.py:178} INFO - Processing /home/airflow/.local/lib/python3.7/site-packages/airflow/example_dags/example_latest_only.py took 0.085 seconds
[2023-01-15T09:43:29.986+0000] {processor.py:156} INFO - Started process (PID=24908) to work on /home/airflow/.local/lib/python3.7/site-packages/airflow/example_dags/example_latest_only.py
[2023-01-15T09:43:29.988+0000] {processor.py:758} INFO - Processing file /home/airflow/.local/lib/python3.7/site-packages/airflow/example_dags/example_latest_only.py for tasks to queue
[2023-01-15T09:43:29.989+0000] {logging_mixin.py:117} INFO - [2023-01-15T09:43:29.989+0000] {dagbag.py:525} INFO - Filling up the DagBag from /home/airflow/.local/lib/python3.7/site-packages/airflow/example_dags/example_latest_only.py
[2023-01-15T09:43:30.002+0000] {processor.py:768} INFO - DAG(s) dict_keys(['latest_only']) retrieved from /home/airflow/.local/lib/python3.7/site-packages/airflow/example_dags/example_latest_only.py
[2023-01-15T09:43:30.049+0000] {logging_mixin.py:117} INFO - [2023-01-15T09:43:30.049+0000] {dag.py:2573} INFO - Sync 1 DAGs
[2023-01-15T09:43:30.068+0000] {logging_mixin.py:117} INFO - [2023-01-15T09:43:30.068+0000] {dag.py:3328} INFO - Setting next_dagrun for latest_only to 2023-01-15T05:43:30.068335+00:00, run_after=2023-01-15T09:43:30.068335+00:00
[2023-01-15T09:43:30.084+0000] {processor.py:178} INFO - Processing /home/airflow/.local/lib/python3.7/site-packages/airflow/example_dags/example_latest_only.py took 0.101 seconds
[2023-01-15T11:04:09.378+0000] {processor.py:156} INFO - Started process (PID=24970) to work on /home/airflow/.local/lib/python3.7/site-packages/airflow/example_dags/example_latest_only.py
[2023-01-15T11:04:09.380+0000] {processor.py:758} INFO - Processing file /home/airflow/.local/lib/python3.7/site-packages/airflow/example_dags/example_latest_only.py for tasks to queue
[2023-01-15T11:04:09.381+0000] {logging_mixin.py:117} INFO - [2023-01-15T11:04:09.381+0000] {dagbag.py:525} INFO - Filling up the DagBag from /home/airflow/.local/lib/python3.7/site-packages/airflow/example_dags/example_latest_only.py
[2023-01-15T11:04:09.399+0000] {processor.py:768} INFO - DAG(s) dict_keys(['latest_only']) retrieved from /home/airflow/.local/lib/python3.7/site-packages/airflow/example_dags/example_latest_only.py
[2023-01-15T11:04:09.442+0000] {logging_mixin.py:117} INFO - [2023-01-15T11:04:09.441+0000] {dag.py:2573} INFO - Sync 1 DAGs
[2023-01-15T11:04:09.463+0000] {logging_mixin.py:117} INFO - [2023-01-15T11:04:09.462+0000] {dag.py:3328} INFO - Setting next_dagrun for latest_only to 2023-01-15T07:04:09.462769+00:00, run_after=2023-01-15T11:04:09.462769+00:00
[2023-01-15T11:04:09.475+0000] {processor.py:178} INFO - Processing /home/airflow/.local/lib/python3.7/site-packages/airflow/example_dags/example_latest_only.py took 0.099 seconds
[2023-01-15T12:04:16.346+0000] {processor.py:156} INFO - Started process (PID=25025) to work on /home/airflow/.local/lib/python3.7/site-packages/airflow/example_dags/example_latest_only.py
[2023-01-15T12:04:16.348+0000] {processor.py:758} INFO - Processing file /home/airflow/.local/lib/python3.7/site-packages/airflow/example_dags/example_latest_only.py for tasks to queue
[2023-01-15T12:04:16.350+0000] {logging_mixin.py:117} INFO - [2023-01-15T12:04:16.349+0000] {dagbag.py:525} INFO - Filling up the DagBag from /home/airflow/.local/lib/python3.7/site-packages/airflow/example_dags/example_latest_only.py
[2023-01-15T12:04:16.386+0000] {processor.py:768} INFO - DAG(s) dict_keys(['latest_only']) retrieved from /home/airflow/.local/lib/python3.7/site-packages/airflow/example_dags/example_latest_only.py
[2023-01-15T12:04:16.430+0000] {logging_mixin.py:117} INFO - [2023-01-15T12:04:16.430+0000] {dag.py:2573} INFO - Sync 1 DAGs
[2023-01-15T12:04:16.454+0000] {logging_mixin.py:117} INFO - [2023-01-15T12:04:16.454+0000] {dag.py:3328} INFO - Setting next_dagrun for latest_only to 2023-01-15T08:04:16.454303+00:00, run_after=2023-01-15T12:04:16.454303+00:00
[2023-01-15T12:04:16.468+0000] {processor.py:178} INFO - Processing /home/airflow/.local/lib/python3.7/site-packages/airflow/example_dags/example_latest_only.py took 0.126 seconds
[2023-01-15T12:42:38.129+0000] {processor.py:156} INFO - Started process (PID=25088) to work on /home/airflow/.local/lib/python3.7/site-packages/airflow/example_dags/example_latest_only.py
[2023-01-15T12:42:38.131+0000] {processor.py:758} INFO - Processing file /home/airflow/.local/lib/python3.7/site-packages/airflow/example_dags/example_latest_only.py for tasks to queue
[2023-01-15T12:42:38.132+0000] {logging_mixin.py:117} INFO - [2023-01-15T12:42:38.132+0000] {dagbag.py:525} INFO - Filling up the DagBag from /home/airflow/.local/lib/python3.7/site-packages/airflow/example_dags/example_latest_only.py
[2023-01-15T12:42:38.152+0000] {processor.py:768} INFO - DAG(s) dict_keys(['latest_only']) retrieved from /home/airflow/.local/lib/python3.7/site-packages/airflow/example_dags/example_latest_only.py
[2023-01-15T12:42:38.202+0000] {logging_mixin.py:117} INFO - [2023-01-15T12:42:38.202+0000] {dag.py:2573} INFO - Sync 1 DAGs
[2023-01-15T12:42:38.234+0000] {logging_mixin.py:117} INFO - [2023-01-15T12:42:38.234+0000] {dag.py:3328} INFO - Setting next_dagrun for latest_only to 2023-01-15T08:42:38.234531+00:00, run_after=2023-01-15T12:42:38.234531+00:00
[2023-01-15T12:42:38.253+0000] {processor.py:178} INFO - Processing /home/airflow/.local/lib/python3.7/site-packages/airflow/example_dags/example_latest_only.py took 0.126 seconds
[2023-01-15T13:21:55.414+0000] {processor.py:156} INFO - Started process (PID=25151) to work on /home/airflow/.local/lib/python3.7/site-packages/airflow/example_dags/example_latest_only.py
[2023-01-15T13:21:55.415+0000] {processor.py:758} INFO - Processing file /home/airflow/.local/lib/python3.7/site-packages/airflow/example_dags/example_latest_only.py for tasks to queue
[2023-01-15T13:21:55.416+0000] {logging_mixin.py:117} INFO - [2023-01-15T13:21:55.416+0000] {dagbag.py:525} INFO - Filling up the DagBag from /home/airflow/.local/lib/python3.7/site-packages/airflow/example_dags/example_latest_only.py
[2023-01-15T13:21:55.426+0000] {processor.py:768} INFO - DAG(s) dict_keys(['latest_only']) retrieved from /home/airflow/.local/lib/python3.7/site-packages/airflow/example_dags/example_latest_only.py
[2023-01-15T13:21:55.453+0000] {logging_mixin.py:117} INFO - [2023-01-15T13:21:55.453+0000] {dag.py:2573} INFO - Sync 1 DAGs
[2023-01-15T13:21:55.466+0000] {logging_mixin.py:117} INFO - [2023-01-15T13:21:55.466+0000] {dag.py:3328} INFO - Setting next_dagrun for latest_only to 2023-01-15T09:21:55.466395+00:00, run_after=2023-01-15T13:21:55.466395+00:00
[2023-01-15T13:21:55.476+0000] {processor.py:178} INFO - Processing /home/airflow/.local/lib/python3.7/site-packages/airflow/example_dags/example_latest_only.py took 0.065 seconds
[2023-01-15T13:38:29.103+0000] {processor.py:156} INFO - Started process (PID=25214) to work on /home/airflow/.local/lib/python3.7/site-packages/airflow/example_dags/example_latest_only.py
[2023-01-15T13:38:29.106+0000] {processor.py:758} INFO - Processing file /home/airflow/.local/lib/python3.7/site-packages/airflow/example_dags/example_latest_only.py for tasks to queue
[2023-01-15T13:38:29.110+0000] {logging_mixin.py:117} INFO - [2023-01-15T13:38:29.109+0000] {dagbag.py:525} INFO - Filling up the DagBag from /home/airflow/.local/lib/python3.7/site-packages/airflow/example_dags/example_latest_only.py
[2023-01-15T13:38:29.127+0000] {processor.py:768} INFO - DAG(s) dict_keys(['latest_only']) retrieved from /home/airflow/.local/lib/python3.7/site-packages/airflow/example_dags/example_latest_only.py
[2023-01-15T13:38:29.196+0000] {logging_mixin.py:117} INFO - [2023-01-15T13:38:29.196+0000] {dag.py:2573} INFO - Sync 1 DAGs
[2023-01-15T13:38:29.222+0000] {logging_mixin.py:117} INFO - [2023-01-15T13:38:29.222+0000] {dag.py:3328} INFO - Setting next_dagrun for latest_only to 2023-01-15T09:38:29.222552+00:00, run_after=2023-01-15T13:38:29.222552+00:00
[2023-01-15T13:38:29.239+0000] {processor.py:178} INFO - Processing /home/airflow/.local/lib/python3.7/site-packages/airflow/example_dags/example_latest_only.py took 0.140 seconds
[2023-01-15T13:39:00.029+0000] {processor.py:156} INFO - Started process (PID=25268) to work on /home/airflow/.local/lib/python3.7/site-packages/airflow/example_dags/example_latest_only.py
[2023-01-15T13:39:00.030+0000] {processor.py:758} INFO - Processing file /home/airflow/.local/lib/python3.7/site-packages/airflow/example_dags/example_latest_only.py for tasks to queue
[2023-01-15T13:39:00.031+0000] {logging_mixin.py:117} INFO - [2023-01-15T13:39:00.030+0000] {dagbag.py:525} INFO - Filling up the DagBag from /home/airflow/.local/lib/python3.7/site-packages/airflow/example_dags/example_latest_only.py
[2023-01-15T13:39:00.039+0000] {processor.py:768} INFO - DAG(s) dict_keys(['latest_only']) retrieved from /home/airflow/.local/lib/python3.7/site-packages/airflow/example_dags/example_latest_only.py
[2023-01-15T13:39:00.064+0000] {logging_mixin.py:117} INFO - [2023-01-15T13:39:00.064+0000] {dag.py:2573} INFO - Sync 1 DAGs
[2023-01-15T13:39:00.077+0000] {logging_mixin.py:117} INFO - [2023-01-15T13:39:00.077+0000] {dag.py:3328} INFO - Setting next_dagrun for latest_only to 2023-01-15T09:39:00.077708+00:00, run_after=2023-01-15T13:39:00.077708+00:00
[2023-01-15T13:39:00.089+0000] {processor.py:178} INFO - Processing /home/airflow/.local/lib/python3.7/site-packages/airflow/example_dags/example_latest_only.py took 0.063 seconds
[2023-01-15T13:39:30.363+0000] {processor.py:156} INFO - Started process (PID=25331) to work on /home/airflow/.local/lib/python3.7/site-packages/airflow/example_dags/example_latest_only.py
[2023-01-15T13:39:30.364+0000] {processor.py:758} INFO - Processing file /home/airflow/.local/lib/python3.7/site-packages/airflow/example_dags/example_latest_only.py for tasks to queue
[2023-01-15T13:39:30.364+0000] {logging_mixin.py:117} INFO - [2023-01-15T13:39:30.364+0000] {dagbag.py:525} INFO - Filling up the DagBag from /home/airflow/.local/lib/python3.7/site-packages/airflow/example_dags/example_latest_only.py
[2023-01-15T13:39:30.373+0000] {processor.py:768} INFO - DAG(s) dict_keys(['latest_only']) retrieved from /home/airflow/.local/lib/python3.7/site-packages/airflow/example_dags/example_latest_only.py
[2023-01-15T13:39:30.399+0000] {logging_mixin.py:117} INFO - [2023-01-15T13:39:30.399+0000] {dag.py:2573} INFO - Sync 1 DAGs
[2023-01-15T13:39:30.414+0000] {logging_mixin.py:117} INFO - [2023-01-15T13:39:30.414+0000] {dag.py:3328} INFO - Setting next_dagrun for latest_only to 2023-01-15T09:39:30.413972+00:00, run_after=2023-01-15T13:39:30.413972+00:00
[2023-01-15T13:39:30.424+0000] {processor.py:178} INFO - Processing /home/airflow/.local/lib/python3.7/site-packages/airflow/example_dags/example_latest_only.py took 0.065 seconds
[2023-01-15T13:40:00.797+0000] {processor.py:156} INFO - Started process (PID=25394) to work on /home/airflow/.local/lib/python3.7/site-packages/airflow/example_dags/example_latest_only.py
[2023-01-15T13:40:00.798+0000] {processor.py:758} INFO - Processing file /home/airflow/.local/lib/python3.7/site-packages/airflow/example_dags/example_latest_only.py for tasks to queue
[2023-01-15T13:40:00.799+0000] {logging_mixin.py:117} INFO - [2023-01-15T13:40:00.799+0000] {dagbag.py:525} INFO - Filling up the DagBag from /home/airflow/.local/lib/python3.7/site-packages/airflow/example_dags/example_latest_only.py
[2023-01-15T13:40:00.808+0000] {processor.py:768} INFO - DAG(s) dict_keys(['latest_only']) retrieved from /home/airflow/.local/lib/python3.7/site-packages/airflow/example_dags/example_latest_only.py
[2023-01-15T13:40:00.833+0000] {logging_mixin.py:117} INFO - [2023-01-15T13:40:00.833+0000] {dag.py:2573} INFO - Sync 1 DAGs
[2023-01-15T13:40:00.847+0000] {logging_mixin.py:117} INFO - [2023-01-15T13:40:00.847+0000] {dag.py:3328} INFO - Setting next_dagrun for latest_only to 2023-01-15T09:40:00.847478+00:00, run_after=2023-01-15T13:40:00.847478+00:00
[2023-01-15T13:40:00.858+0000] {processor.py:178} INFO - Processing /home/airflow/.local/lib/python3.7/site-packages/airflow/example_dags/example_latest_only.py took 0.064 seconds
[2023-01-15T13:40:31.328+0000] {processor.py:156} INFO - Started process (PID=25457) to work on /home/airflow/.local/lib/python3.7/site-packages/airflow/example_dags/example_latest_only.py
[2023-01-15T13:40:31.329+0000] {processor.py:758} INFO - Processing file /home/airflow/.local/lib/python3.7/site-packages/airflow/example_dags/example_latest_only.py for tasks to queue
[2023-01-15T13:40:31.330+0000] {logging_mixin.py:117} INFO - [2023-01-15T13:40:31.330+0000] {dagbag.py:525} INFO - Filling up the DagBag from /home/airflow/.local/lib/python3.7/site-packages/airflow/example_dags/example_latest_only.py
[2023-01-15T13:40:31.341+0000] {processor.py:768} INFO - DAG(s) dict_keys(['latest_only']) retrieved from /home/airflow/.local/lib/python3.7/site-packages/airflow/example_dags/example_latest_only.py
[2023-01-15T13:40:31.386+0000] {logging_mixin.py:117} INFO - [2023-01-15T13:40:31.386+0000] {dag.py:2573} INFO - Sync 1 DAGs
[2023-01-15T13:40:31.412+0000] {logging_mixin.py:117} INFO - [2023-01-15T13:40:31.412+0000] {dag.py:3328} INFO - Setting next_dagrun for latest_only to 2023-01-15T09:40:31.411985+00:00, run_after=2023-01-15T13:40:31.411985+00:00
[2023-01-15T13:40:31.428+0000] {processor.py:178} INFO - Processing /home/airflow/.local/lib/python3.7/site-packages/airflow/example_dags/example_latest_only.py took 0.103 seconds
[2023-01-15T13:41:01.730+0000] {processor.py:156} INFO - Started process (PID=25520) to work on /home/airflow/.local/lib/python3.7/site-packages/airflow/example_dags/example_latest_only.py
[2023-01-15T13:41:01.731+0000] {processor.py:758} INFO - Processing file /home/airflow/.local/lib/python3.7/site-packages/airflow/example_dags/example_latest_only.py for tasks to queue
[2023-01-15T13:41:01.732+0000] {logging_mixin.py:117} INFO - [2023-01-15T13:41:01.732+0000] {dagbag.py:525} INFO - Filling up the DagBag from /home/airflow/.local/lib/python3.7/site-packages/airflow/example_dags/example_latest_only.py
[2023-01-15T13:41:01.741+0000] {processor.py:768} INFO - DAG(s) dict_keys(['latest_only']) retrieved from /home/airflow/.local/lib/python3.7/site-packages/airflow/example_dags/example_latest_only.py
[2023-01-15T13:41:01.770+0000] {logging_mixin.py:117} INFO - [2023-01-15T13:41:01.770+0000] {dag.py:2573} INFO - Sync 1 DAGs
[2023-01-15T13:41:01.784+0000] {logging_mixin.py:117} INFO - [2023-01-15T13:41:01.784+0000] {dag.py:3328} INFO - Setting next_dagrun for latest_only to 2023-01-15T09:41:01.784491+00:00, run_after=2023-01-15T13:41:01.784491+00:00
[2023-01-15T13:41:01.796+0000] {processor.py:178} INFO - Processing /home/airflow/.local/lib/python3.7/site-packages/airflow/example_dags/example_latest_only.py took 0.068 seconds
[2023-01-15T13:41:32.056+0000] {processor.py:156} INFO - Started process (PID=25582) to work on /home/airflow/.local/lib/python3.7/site-packages/airflow/example_dags/example_latest_only.py
[2023-01-15T13:41:32.057+0000] {processor.py:758} INFO - Processing file /home/airflow/.local/lib/python3.7/site-packages/airflow/example_dags/example_latest_only.py for tasks to queue
[2023-01-15T13:41:32.058+0000] {logging_mixin.py:117} INFO - [2023-01-15T13:41:32.057+0000] {dagbag.py:525} INFO - Filling up the DagBag from /home/airflow/.local/lib/python3.7/site-packages/airflow/example_dags/example_latest_only.py
[2023-01-15T13:41:32.068+0000] {processor.py:768} INFO - DAG(s) dict_keys(['latest_only']) retrieved from /home/airflow/.local/lib/python3.7/site-packages/airflow/example_dags/example_latest_only.py
[2023-01-15T13:41:32.095+0000] {logging_mixin.py:117} INFO - [2023-01-15T13:41:32.095+0000] {dag.py:2573} INFO - Sync 1 DAGs
[2023-01-15T13:41:32.110+0000] {logging_mixin.py:117} INFO - [2023-01-15T13:41:32.110+0000] {dag.py:3328} INFO - Setting next_dagrun for latest_only to 2023-01-15T09:41:32.110246+00:00, run_after=2023-01-15T13:41:32.110246+00:00
[2023-01-15T13:41:32.120+0000] {processor.py:178} INFO - Processing /home/airflow/.local/lib/python3.7/site-packages/airflow/example_dags/example_latest_only.py took 0.066 seconds
[2023-01-15T13:42:02.457+0000] {processor.py:156} INFO - Started process (PID=25647) to work on /home/airflow/.local/lib/python3.7/site-packages/airflow/example_dags/example_latest_only.py
[2023-01-15T13:42:02.458+0000] {processor.py:758} INFO - Processing file /home/airflow/.local/lib/python3.7/site-packages/airflow/example_dags/example_latest_only.py for tasks to queue
[2023-01-15T13:42:02.459+0000] {logging_mixin.py:117} INFO - [2023-01-15T13:42:02.459+0000] {dagbag.py:525} INFO - Filling up the DagBag from /home/airflow/.local/lib/python3.7/site-packages/airflow/example_dags/example_latest_only.py
[2023-01-15T13:42:02.469+0000] {processor.py:768} INFO - DAG(s) dict_keys(['latest_only']) retrieved from /home/airflow/.local/lib/python3.7/site-packages/airflow/example_dags/example_latest_only.py
[2023-01-15T13:42:02.497+0000] {logging_mixin.py:117} INFO - [2023-01-15T13:42:02.497+0000] {dag.py:2573} INFO - Sync 1 DAGs
[2023-01-15T13:42:02.512+0000] {logging_mixin.py:117} INFO - [2023-01-15T13:42:02.512+0000] {dag.py:3328} INFO - Setting next_dagrun for latest_only to 2023-01-15T09:42:02.511990+00:00, run_after=2023-01-15T13:42:02.511990+00:00
[2023-01-15T13:42:02.523+0000] {processor.py:178} INFO - Processing /home/airflow/.local/lib/python3.7/site-packages/airflow/example_dags/example_latest_only.py took 0.069 seconds
[2023-01-15T13:58:05.945+0000] {processor.py:156} INFO - Started process (PID=25701) to work on /home/airflow/.local/lib/python3.7/site-packages/airflow/example_dags/example_latest_only.py
[2023-01-15T13:58:05.947+0000] {processor.py:758} INFO - Processing file /home/airflow/.local/lib/python3.7/site-packages/airflow/example_dags/example_latest_only.py for tasks to queue
[2023-01-15T13:58:05.948+0000] {logging_mixin.py:117} INFO - [2023-01-15T13:58:05.948+0000] {dagbag.py:525} INFO - Filling up the DagBag from /home/airflow/.local/lib/python3.7/site-packages/airflow/example_dags/example_latest_only.py
[2023-01-15T13:58:05.961+0000] {processor.py:768} INFO - DAG(s) dict_keys(['latest_only']) retrieved from /home/airflow/.local/lib/python3.7/site-packages/airflow/example_dags/example_latest_only.py
[2023-01-15T13:58:06.009+0000] {logging_mixin.py:117} INFO - [2023-01-15T13:58:06.008+0000] {dag.py:2573} INFO - Sync 1 DAGs
[2023-01-15T13:58:06.031+0000] {logging_mixin.py:117} INFO - [2023-01-15T13:58:06.031+0000] {dag.py:3328} INFO - Setting next_dagrun for latest_only to 2023-01-15T09:58:06.031094+00:00, run_after=2023-01-15T13:58:06.031094+00:00
[2023-01-15T13:58:06.051+0000] {processor.py:178} INFO - Processing /home/airflow/.local/lib/python3.7/site-packages/airflow/example_dags/example_latest_only.py took 0.110 seconds
[2023-01-15T14:09:08.234+0000] {processor.py:156} INFO - Started process (PID=25764) to work on /home/airflow/.local/lib/python3.7/site-packages/airflow/example_dags/example_latest_only.py
[2023-01-15T14:09:08.236+0000] {processor.py:758} INFO - Processing file /home/airflow/.local/lib/python3.7/site-packages/airflow/example_dags/example_latest_only.py for tasks to queue
[2023-01-15T14:09:08.237+0000] {logging_mixin.py:117} INFO - [2023-01-15T14:09:08.237+0000] {dagbag.py:525} INFO - Filling up the DagBag from /home/airflow/.local/lib/python3.7/site-packages/airflow/example_dags/example_latest_only.py
[2023-01-15T14:09:08.252+0000] {processor.py:768} INFO - DAG(s) dict_keys(['latest_only']) retrieved from /home/airflow/.local/lib/python3.7/site-packages/airflow/example_dags/example_latest_only.py
[2023-01-15T14:09:08.286+0000] {logging_mixin.py:117} INFO - [2023-01-15T14:09:08.286+0000] {dag.py:2573} INFO - Sync 1 DAGs
[2023-01-15T14:09:08.305+0000] {logging_mixin.py:117} INFO - [2023-01-15T14:09:08.304+0000] {dag.py:3328} INFO - Setting next_dagrun for latest_only to 2023-01-15T10:09:08.304635+00:00, run_after=2023-01-15T14:09:08.304635+00:00
[2023-01-15T14:09:08.320+0000] {processor.py:178} INFO - Processing /home/airflow/.local/lib/python3.7/site-packages/airflow/example_dags/example_latest_only.py took 0.091 seconds
[2023-01-15T14:09:38.619+0000] {processor.py:156} INFO - Started process (PID=25827) to work on /home/airflow/.local/lib/python3.7/site-packages/airflow/example_dags/example_latest_only.py
[2023-01-15T14:09:38.621+0000] {processor.py:758} INFO - Processing file /home/airflow/.local/lib/python3.7/site-packages/airflow/example_dags/example_latest_only.py for tasks to queue
[2023-01-15T14:09:38.621+0000] {logging_mixin.py:117} INFO - [2023-01-15T14:09:38.621+0000] {dagbag.py:525} INFO - Filling up the DagBag from /home/airflow/.local/lib/python3.7/site-packages/airflow/example_dags/example_latest_only.py
[2023-01-15T14:09:38.631+0000] {processor.py:768} INFO - DAG(s) dict_keys(['latest_only']) retrieved from /home/airflow/.local/lib/python3.7/site-packages/airflow/example_dags/example_latest_only.py
[2023-01-15T14:09:38.657+0000] {logging_mixin.py:117} INFO - [2023-01-15T14:09:38.657+0000] {dag.py:2573} INFO - Sync 1 DAGs
[2023-01-15T14:09:38.672+0000] {logging_mixin.py:117} INFO - [2023-01-15T14:09:38.671+0000] {dag.py:3328} INFO - Setting next_dagrun for latest_only to 2023-01-15T10:09:38.671778+00:00, run_after=2023-01-15T14:09:38.671778+00:00
[2023-01-15T14:09:38.682+0000] {processor.py:178} INFO - Processing /home/airflow/.local/lib/python3.7/site-packages/airflow/example_dags/example_latest_only.py took 0.065 seconds
[2023-01-15T14:59:13.929+0000] {processor.py:156} INFO - Started process (PID=25891) to work on /home/airflow/.local/lib/python3.7/site-packages/airflow/example_dags/example_latest_only.py
[2023-01-15T14:59:13.931+0000] {processor.py:758} INFO - Processing file /home/airflow/.local/lib/python3.7/site-packages/airflow/example_dags/example_latest_only.py for tasks to queue
[2023-01-15T14:59:13.932+0000] {logging_mixin.py:117} INFO - [2023-01-15T14:59:13.932+0000] {dagbag.py:525} INFO - Filling up the DagBag from /home/airflow/.local/lib/python3.7/site-packages/airflow/example_dags/example_latest_only.py
[2023-01-15T14:59:13.960+0000] {processor.py:768} INFO - DAG(s) dict_keys(['latest_only']) retrieved from /home/airflow/.local/lib/python3.7/site-packages/airflow/example_dags/example_latest_only.py
[2023-01-15T14:59:14.048+0000] {logging_mixin.py:117} INFO - [2023-01-15T14:59:14.048+0000] {dag.py:2573} INFO - Sync 1 DAGs
[2023-01-15T14:59:14.080+0000] {logging_mixin.py:117} INFO - [2023-01-15T14:59:14.080+0000] {dag.py:3328} INFO - Setting next_dagrun for latest_only to 2023-01-15T10:59:14.080350+00:00, run_after=2023-01-15T14:59:14.080350+00:00
[2023-01-15T14:59:14.105+0000] {processor.py:178} INFO - Processing /home/airflow/.local/lib/python3.7/site-packages/airflow/example_dags/example_latest_only.py took 0.181 seconds
[2023-01-15T16:21:35.957+0000] {processor.py:156} INFO - Started process (PID=25945) to work on /home/airflow/.local/lib/python3.7/site-packages/airflow/example_dags/example_latest_only.py
[2023-01-15T16:21:35.964+0000] {processor.py:758} INFO - Processing file /home/airflow/.local/lib/python3.7/site-packages/airflow/example_dags/example_latest_only.py for tasks to queue
[2023-01-15T16:21:35.965+0000] {logging_mixin.py:117} INFO - [2023-01-15T16:21:35.965+0000] {dagbag.py:525} INFO - Filling up the DagBag from /home/airflow/.local/lib/python3.7/site-packages/airflow/example_dags/example_latest_only.py
[2023-01-15T16:21:35.977+0000] {processor.py:768} INFO - DAG(s) dict_keys(['latest_only']) retrieved from /home/airflow/.local/lib/python3.7/site-packages/airflow/example_dags/example_latest_only.py
[2023-01-15T16:21:36.017+0000] {logging_mixin.py:117} INFO - [2023-01-15T16:21:36.017+0000] {dag.py:2573} INFO - Sync 1 DAGs
[2023-01-15T16:21:36.039+0000] {logging_mixin.py:117} INFO - [2023-01-15T16:21:36.039+0000] {dag.py:3328} INFO - Setting next_dagrun for latest_only to 2023-01-15T12:21:36.039620+00:00, run_after=2023-01-15T16:21:36.039620+00:00
[2023-01-15T16:21:36.058+0000] {processor.py:178} INFO - Processing /home/airflow/.local/lib/python3.7/site-packages/airflow/example_dags/example_latest_only.py took 0.106 seconds
[2023-01-15T17:27:03.820+0000] {processor.py:156} INFO - Started process (PID=26008) to work on /home/airflow/.local/lib/python3.7/site-packages/airflow/example_dags/example_latest_only.py
[2023-01-15T17:27:03.823+0000] {processor.py:758} INFO - Processing file /home/airflow/.local/lib/python3.7/site-packages/airflow/example_dags/example_latest_only.py for tasks to queue
[2023-01-15T17:27:03.826+0000] {logging_mixin.py:117} INFO - [2023-01-15T17:27:03.825+0000] {dagbag.py:525} INFO - Filling up the DagBag from /home/airflow/.local/lib/python3.7/site-packages/airflow/example_dags/example_latest_only.py
[2023-01-15T17:27:03.846+0000] {processor.py:768} INFO - DAG(s) dict_keys(['latest_only']) retrieved from /home/airflow/.local/lib/python3.7/site-packages/airflow/example_dags/example_latest_only.py
[2023-01-15T17:27:03.883+0000] {logging_mixin.py:117} INFO - [2023-01-15T17:27:03.883+0000] {dag.py:2573} INFO - Sync 1 DAGs
[2023-01-15T17:27:03.907+0000] {logging_mixin.py:117} INFO - [2023-01-15T17:27:03.907+0000] {dag.py:3328} INFO - Setting next_dagrun for latest_only to 2023-01-15T13:27:03.906806+00:00, run_after=2023-01-15T17:27:03.906806+00:00
[2023-01-15T17:27:03.927+0000] {processor.py:178} INFO - Processing /home/airflow/.local/lib/python3.7/site-packages/airflow/example_dags/example_latest_only.py took 0.111 seconds
[2023-01-15T18:23:36.728+0000] {processor.py:156} INFO - Started process (PID=26071) to work on /home/airflow/.local/lib/python3.7/site-packages/airflow/example_dags/example_latest_only.py
[2023-01-15T18:23:36.730+0000] {processor.py:758} INFO - Processing file /home/airflow/.local/lib/python3.7/site-packages/airflow/example_dags/example_latest_only.py for tasks to queue
[2023-01-15T18:23:36.731+0000] {logging_mixin.py:117} INFO - [2023-01-15T18:23:36.731+0000] {dagbag.py:525} INFO - Filling up the DagBag from /home/airflow/.local/lib/python3.7/site-packages/airflow/example_dags/example_latest_only.py
[2023-01-15T18:23:36.745+0000] {processor.py:768} INFO - DAG(s) dict_keys(['latest_only']) retrieved from /home/airflow/.local/lib/python3.7/site-packages/airflow/example_dags/example_latest_only.py
[2023-01-15T18:23:36.776+0000] {logging_mixin.py:117} INFO - [2023-01-15T18:23:36.776+0000] {dag.py:2573} INFO - Sync 1 DAGs
[2023-01-15T18:23:36.810+0000] {logging_mixin.py:117} INFO - [2023-01-15T18:23:36.810+0000] {dag.py:3328} INFO - Setting next_dagrun for latest_only to 2023-01-15T14:23:36.810327+00:00, run_after=2023-01-15T18:23:36.810327+00:00
[2023-01-15T18:23:36.829+0000] {processor.py:178} INFO - Processing /home/airflow/.local/lib/python3.7/site-packages/airflow/example_dags/example_latest_only.py took 0.104 seconds
[2023-01-15T19:46:54.487+0000] {processor.py:156} INFO - Started process (PID=26125) to work on /home/airflow/.local/lib/python3.7/site-packages/airflow/example_dags/example_latest_only.py
[2023-01-15T19:46:54.491+0000] {processor.py:758} INFO - Processing file /home/airflow/.local/lib/python3.7/site-packages/airflow/example_dags/example_latest_only.py for tasks to queue
[2023-01-15T19:46:54.492+0000] {logging_mixin.py:117} INFO - [2023-01-15T19:46:54.492+0000] {dagbag.py:525} INFO - Filling up the DagBag from /home/airflow/.local/lib/python3.7/site-packages/airflow/example_dags/example_latest_only.py
[2023-01-15T19:46:54.515+0000] {processor.py:768} INFO - DAG(s) dict_keys(['latest_only']) retrieved from /home/airflow/.local/lib/python3.7/site-packages/airflow/example_dags/example_latest_only.py
[2023-01-15T19:46:54.606+0000] {logging_mixin.py:117} INFO - [2023-01-15T19:46:54.606+0000] {dag.py:2573} INFO - Sync 1 DAGs
[2023-01-15T19:46:54.639+0000] {logging_mixin.py:117} INFO - [2023-01-15T19:46:54.639+0000] {dag.py:3328} INFO - Setting next_dagrun for latest_only to 2023-01-15T15:46:54.639101+00:00, run_after=2023-01-15T19:46:54.639101+00:00
[2023-01-15T19:46:54.661+0000] {processor.py:178} INFO - Processing /home/airflow/.local/lib/python3.7/site-packages/airflow/example_dags/example_latest_only.py took 0.179 seconds
[2023-01-15T20:53:29.520+0000] {processor.py:156} INFO - Started process (PID=26187) to work on /home/airflow/.local/lib/python3.7/site-packages/airflow/example_dags/example_latest_only.py
[2023-01-15T20:53:29.522+0000] {processor.py:758} INFO - Processing file /home/airflow/.local/lib/python3.7/site-packages/airflow/example_dags/example_latest_only.py for tasks to queue
[2023-01-15T20:53:29.524+0000] {logging_mixin.py:117} INFO - [2023-01-15T20:53:29.523+0000] {dagbag.py:525} INFO - Filling up the DagBag from /home/airflow/.local/lib/python3.7/site-packages/airflow/example_dags/example_latest_only.py
[2023-01-15T20:53:29.544+0000] {processor.py:768} INFO - DAG(s) dict_keys(['latest_only']) retrieved from /home/airflow/.local/lib/python3.7/site-packages/airflow/example_dags/example_latest_only.py
[2023-01-15T20:53:29.599+0000] {logging_mixin.py:117} INFO - [2023-01-15T20:53:29.599+0000] {dag.py:2573} INFO - Sync 1 DAGs
[2023-01-15T20:53:29.628+0000] {logging_mixin.py:117} INFO - [2023-01-15T20:53:29.628+0000] {dag.py:3328} INFO - Setting next_dagrun for latest_only to 2023-01-15T16:53:29.628373+00:00, run_after=2023-01-15T20:53:29.628373+00:00
[2023-01-15T20:53:29.648+0000] {processor.py:178} INFO - Processing /home/airflow/.local/lib/python3.7/site-packages/airflow/example_dags/example_latest_only.py took 0.132 seconds
[2023-01-15T21:52:33.081+0000] {processor.py:156} INFO - Started process (PID=26250) to work on /home/airflow/.local/lib/python3.7/site-packages/airflow/example_dags/example_latest_only.py
[2023-01-15T21:52:33.083+0000] {processor.py:758} INFO - Processing file /home/airflow/.local/lib/python3.7/site-packages/airflow/example_dags/example_latest_only.py for tasks to queue
[2023-01-15T21:52:33.084+0000] {logging_mixin.py:117} INFO - [2023-01-15T21:52:33.084+0000] {dagbag.py:525} INFO - Filling up the DagBag from /home/airflow/.local/lib/python3.7/site-packages/airflow/example_dags/example_latest_only.py
[2023-01-15T21:52:33.094+0000] {processor.py:768} INFO - DAG(s) dict_keys(['latest_only']) retrieved from /home/airflow/.local/lib/python3.7/site-packages/airflow/example_dags/example_latest_only.py
[2023-01-15T21:52:33.125+0000] {logging_mixin.py:117} INFO - [2023-01-15T21:52:33.125+0000] {dag.py:2573} INFO - Sync 1 DAGs
[2023-01-15T21:52:33.145+0000] {logging_mixin.py:117} INFO - [2023-01-15T21:52:33.144+0000] {dag.py:3328} INFO - Setting next_dagrun for latest_only to 2023-01-15T17:52:33.144708+00:00, run_after=2023-01-15T21:52:33.144708+00:00
[2023-01-15T21:52:33.157+0000] {processor.py:178} INFO - Processing /home/airflow/.local/lib/python3.7/site-packages/airflow/example_dags/example_latest_only.py took 0.079 seconds
[2023-01-15T23:15:50.856+0000] {processor.py:156} INFO - Started process (PID=26313) to work on /home/airflow/.local/lib/python3.7/site-packages/airflow/example_dags/example_latest_only.py
[2023-01-15T23:15:50.861+0000] {processor.py:758} INFO - Processing file /home/airflow/.local/lib/python3.7/site-packages/airflow/example_dags/example_latest_only.py for tasks to queue
[2023-01-15T23:15:50.865+0000] {logging_mixin.py:117} INFO - [2023-01-15T23:15:50.865+0000] {dagbag.py:525} INFO - Filling up the DagBag from /home/airflow/.local/lib/python3.7/site-packages/airflow/example_dags/example_latest_only.py
[2023-01-15T23:15:50.902+0000] {processor.py:768} INFO - DAG(s) dict_keys(['latest_only']) retrieved from /home/airflow/.local/lib/python3.7/site-packages/airflow/example_dags/example_latest_only.py
[2023-01-15T23:15:51.009+0000] {logging_mixin.py:117} INFO - [2023-01-15T23:15:51.008+0000] {dag.py:2573} INFO - Sync 1 DAGs
[2023-01-15T23:15:51.051+0000] {logging_mixin.py:117} INFO - [2023-01-15T23:15:51.051+0000] {dag.py:3328} INFO - Setting next_dagrun for latest_only to 2023-01-15T19:15:51.050871+00:00, run_after=2023-01-15T23:15:51.050871+00:00
[2023-01-15T23:15:51.070+0000] {processor.py:178} INFO - Processing /home/airflow/.local/lib/python3.7/site-packages/airflow/example_dags/example_latest_only.py took 0.219 seconds
