[2023-01-15T00:38:57.927+0000] {processor.py:156} INFO - Started process (PID=24097) to work on /home/airflow/.local/lib/python3.7/site-packages/airflow/example_dags/example_subdag_operator.py
[2023-01-15T00:38:57.929+0000] {processor.py:758} INFO - Processing file /home/airflow/.local/lib/python3.7/site-packages/airflow/example_dags/example_subdag_operator.py for tasks to queue
[2023-01-15T00:38:57.931+0000] {logging_mixin.py:117} INFO - [2023-01-15T00:38:57.931+0000] {dagbag.py:525} INFO - Filling up the DagBag from /home/airflow/.local/lib/python3.7/site-packages/airflow/example_dags/example_subdag_operator.py
[2023-01-15T00:38:57.988+0000] {processor.py:768} INFO - DAG(s) dict_keys(['example_subdag_operator.section-1', 'example_subdag_operator.section-2', 'example_subdag_operator']) retrieved from /home/airflow/.local/lib/python3.7/site-packages/airflow/example_dags/example_subdag_operator.py
[2023-01-15T00:38:58.154+0000] {logging_mixin.py:117} INFO - [2023-01-15T00:38:58.154+0000] {dag.py:2573} INFO - Sync 3 DAGs
[2023-01-15T00:38:58.193+0000] {logging_mixin.py:117} INFO - [2023-01-15T00:38:58.193+0000] {dag.py:3328} INFO - Setting next_dagrun for example_subdag_operator to 2022-01-01T00:00:00+00:00, run_after=2022-01-01T00:00:00+00:00
[2023-01-15T00:38:58.199+0000] {logging_mixin.py:117} INFO - [2023-01-15T00:38:58.199+0000] {dag.py:3328} INFO - Setting next_dagrun for example_subdag_operator.section-1 to None, run_after=None
[2023-01-15T00:38:58.201+0000] {logging_mixin.py:117} INFO - [2023-01-15T00:38:58.201+0000] {dag.py:3328} INFO - Setting next_dagrun for example_subdag_operator.section-2 to None, run_after=None
[2023-01-15T00:38:58.207+0000] {logging_mixin.py:117} INFO - [2023-01-15T00:38:58.207+0000] {dag.py:2573} INFO - Sync 2 DAGs
[2023-01-15T00:38:58.214+0000] {logging_mixin.py:117} INFO - [2023-01-15T00:38:58.214+0000] {dag.py:3328} INFO - Setting next_dagrun for example_subdag_operator.section-1 to None, run_after=None
[2023-01-15T00:38:58.215+0000] {logging_mixin.py:117} INFO - [2023-01-15T00:38:58.215+0000] {dag.py:3328} INFO - Setting next_dagrun for example_subdag_operator.section-2 to None, run_after=None
[2023-01-15T00:38:58.228+0000] {processor.py:178} INFO - Processing /home/airflow/.local/lib/python3.7/site-packages/airflow/example_dags/example_subdag_operator.py took 0.305 seconds
[2023-01-15T01:44:15.431+0000] {processor.py:156} INFO - Started process (PID=24160) to work on /home/airflow/.local/lib/python3.7/site-packages/airflow/example_dags/example_subdag_operator.py
[2023-01-15T01:44:15.435+0000] {processor.py:758} INFO - Processing file /home/airflow/.local/lib/python3.7/site-packages/airflow/example_dags/example_subdag_operator.py for tasks to queue
[2023-01-15T01:44:15.437+0000] {logging_mixin.py:117} INFO - [2023-01-15T01:44:15.437+0000] {dagbag.py:525} INFO - Filling up the DagBag from /home/airflow/.local/lib/python3.7/site-packages/airflow/example_dags/example_subdag_operator.py
[2023-01-15T01:44:15.486+0000] {processor.py:768} INFO - DAG(s) dict_keys(['example_subdag_operator.section-1', 'example_subdag_operator.section-2', 'example_subdag_operator']) retrieved from /home/airflow/.local/lib/python3.7/site-packages/airflow/example_dags/example_subdag_operator.py
[2023-01-15T01:44:15.668+0000] {logging_mixin.py:117} INFO - [2023-01-15T01:44:15.667+0000] {dag.py:2573} INFO - Sync 3 DAGs
[2023-01-15T01:44:15.700+0000] {logging_mixin.py:117} INFO - [2023-01-15T01:44:15.700+0000] {dag.py:3328} INFO - Setting next_dagrun for example_subdag_operator to 2022-01-01T00:00:00+00:00, run_after=2022-01-01T00:00:00+00:00
[2023-01-15T01:44:15.703+0000] {logging_mixin.py:117} INFO - [2023-01-15T01:44:15.703+0000] {dag.py:3328} INFO - Setting next_dagrun for example_subdag_operator.section-1 to None, run_after=None
[2023-01-15T01:44:15.705+0000] {logging_mixin.py:117} INFO - [2023-01-15T01:44:15.705+0000] {dag.py:3328} INFO - Setting next_dagrun for example_subdag_operator.section-2 to None, run_after=None
[2023-01-15T01:44:15.711+0000] {logging_mixin.py:117} INFO - [2023-01-15T01:44:15.711+0000] {dag.py:2573} INFO - Sync 2 DAGs
[2023-01-15T01:44:15.717+0000] {logging_mixin.py:117} INFO - [2023-01-15T01:44:15.717+0000] {dag.py:3328} INFO - Setting next_dagrun for example_subdag_operator.section-1 to None, run_after=None
[2023-01-15T01:44:15.719+0000] {logging_mixin.py:117} INFO - [2023-01-15T01:44:15.719+0000] {dag.py:3328} INFO - Setting next_dagrun for example_subdag_operator.section-2 to None, run_after=None
[2023-01-15T01:44:15.731+0000] {processor.py:178} INFO - Processing /home/airflow/.local/lib/python3.7/site-packages/airflow/example_dags/example_subdag_operator.py took 0.306 seconds
[2023-01-15T02:15:45.273+0000] {processor.py:156} INFO - Started process (PID=24214) to work on /home/airflow/.local/lib/python3.7/site-packages/airflow/example_dags/example_subdag_operator.py
[2023-01-15T02:15:45.274+0000] {processor.py:758} INFO - Processing file /home/airflow/.local/lib/python3.7/site-packages/airflow/example_dags/example_subdag_operator.py for tasks to queue
[2023-01-15T02:15:45.274+0000] {logging_mixin.py:117} INFO - [2023-01-15T02:15:45.274+0000] {dagbag.py:525} INFO - Filling up the DagBag from /home/airflow/.local/lib/python3.7/site-packages/airflow/example_dags/example_subdag_operator.py
[2023-01-15T02:15:45.297+0000] {processor.py:768} INFO - DAG(s) dict_keys(['example_subdag_operator.section-1', 'example_subdag_operator.section-2', 'example_subdag_operator']) retrieved from /home/airflow/.local/lib/python3.7/site-packages/airflow/example_dags/example_subdag_operator.py
[2023-01-15T02:15:45.377+0000] {logging_mixin.py:117} INFO - [2023-01-15T02:15:45.376+0000] {dag.py:2573} INFO - Sync 3 DAGs
[2023-01-15T02:15:45.389+0000] {logging_mixin.py:117} INFO - [2023-01-15T02:15:45.389+0000] {dag.py:3328} INFO - Setting next_dagrun for example_subdag_operator to 2022-01-01T00:00:00+00:00, run_after=2022-01-01T00:00:00+00:00
[2023-01-15T02:15:45.392+0000] {logging_mixin.py:117} INFO - [2023-01-15T02:15:45.392+0000] {dag.py:3328} INFO - Setting next_dagrun for example_subdag_operator.section-1 to None, run_after=None
[2023-01-15T02:15:45.393+0000] {logging_mixin.py:117} INFO - [2023-01-15T02:15:45.393+0000] {dag.py:3328} INFO - Setting next_dagrun for example_subdag_operator.section-2 to None, run_after=None
[2023-01-15T02:15:45.398+0000] {logging_mixin.py:117} INFO - [2023-01-15T02:15:45.398+0000] {dag.py:2573} INFO - Sync 2 DAGs
[2023-01-15T02:15:45.401+0000] {logging_mixin.py:117} INFO - [2023-01-15T02:15:45.401+0000] {dag.py:3328} INFO - Setting next_dagrun for example_subdag_operator.section-1 to None, run_after=None
[2023-01-15T02:15:45.401+0000] {logging_mixin.py:117} INFO - [2023-01-15T02:15:45.401+0000] {dag.py:3328} INFO - Setting next_dagrun for example_subdag_operator.section-2 to None, run_after=None
[2023-01-15T02:15:45.407+0000] {processor.py:178} INFO - Processing /home/airflow/.local/lib/python3.7/site-packages/airflow/example_dags/example_subdag_operator.py took 0.137 seconds
[2023-01-15T02:16:15.969+0000] {processor.py:156} INFO - Started process (PID=24277) to work on /home/airflow/.local/lib/python3.7/site-packages/airflow/example_dags/example_subdag_operator.py
[2023-01-15T02:16:15.970+0000] {processor.py:758} INFO - Processing file /home/airflow/.local/lib/python3.7/site-packages/airflow/example_dags/example_subdag_operator.py for tasks to queue
[2023-01-15T02:16:15.971+0000] {logging_mixin.py:117} INFO - [2023-01-15T02:16:15.971+0000] {dagbag.py:525} INFO - Filling up the DagBag from /home/airflow/.local/lib/python3.7/site-packages/airflow/example_dags/example_subdag_operator.py
[2023-01-15T02:16:15.994+0000] {processor.py:768} INFO - DAG(s) dict_keys(['example_subdag_operator.section-1', 'example_subdag_operator.section-2', 'example_subdag_operator']) retrieved from /home/airflow/.local/lib/python3.7/site-packages/airflow/example_dags/example_subdag_operator.py
[2023-01-15T02:16:16.079+0000] {logging_mixin.py:117} INFO - [2023-01-15T02:16:16.079+0000] {dag.py:2573} INFO - Sync 3 DAGs
[2023-01-15T02:16:16.092+0000] {logging_mixin.py:117} INFO - [2023-01-15T02:16:16.092+0000] {dag.py:3328} INFO - Setting next_dagrun for example_subdag_operator to 2022-01-01T00:00:00+00:00, run_after=2022-01-01T00:00:00+00:00
[2023-01-15T02:16:16.095+0000] {logging_mixin.py:117} INFO - [2023-01-15T02:16:16.095+0000] {dag.py:3328} INFO - Setting next_dagrun for example_subdag_operator.section-1 to None, run_after=None
[2023-01-15T02:16:16.096+0000] {logging_mixin.py:117} INFO - [2023-01-15T02:16:16.095+0000] {dag.py:3328} INFO - Setting next_dagrun for example_subdag_operator.section-2 to None, run_after=None
[2023-01-15T02:16:16.100+0000] {logging_mixin.py:117} INFO - [2023-01-15T02:16:16.099+0000] {dag.py:2573} INFO - Sync 2 DAGs
[2023-01-15T02:16:16.102+0000] {logging_mixin.py:117} INFO - [2023-01-15T02:16:16.102+0000] {dag.py:3328} INFO - Setting next_dagrun for example_subdag_operator.section-1 to None, run_after=None
[2023-01-15T02:16:16.103+0000] {logging_mixin.py:117} INFO - [2023-01-15T02:16:16.103+0000] {dag.py:3328} INFO - Setting next_dagrun for example_subdag_operator.section-2 to None, run_after=None
[2023-01-15T02:16:16.109+0000] {processor.py:178} INFO - Processing /home/airflow/.local/lib/python3.7/site-packages/airflow/example_dags/example_subdag_operator.py took 0.142 seconds
[2023-01-15T02:49:42.167+0000] {processor.py:156} INFO - Started process (PID=24340) to work on /home/airflow/.local/lib/python3.7/site-packages/airflow/example_dags/example_subdag_operator.py
[2023-01-15T02:49:42.170+0000] {processor.py:758} INFO - Processing file /home/airflow/.local/lib/python3.7/site-packages/airflow/example_dags/example_subdag_operator.py for tasks to queue
[2023-01-15T02:49:42.172+0000] {logging_mixin.py:117} INFO - [2023-01-15T02:49:42.172+0000] {dagbag.py:525} INFO - Filling up the DagBag from /home/airflow/.local/lib/python3.7/site-packages/airflow/example_dags/example_subdag_operator.py
[2023-01-15T02:49:42.234+0000] {processor.py:768} INFO - DAG(s) dict_keys(['example_subdag_operator.section-1', 'example_subdag_operator.section-2', 'example_subdag_operator']) retrieved from /home/airflow/.local/lib/python3.7/site-packages/airflow/example_dags/example_subdag_operator.py
[2023-01-15T02:49:42.446+0000] {logging_mixin.py:117} INFO - [2023-01-15T02:49:42.446+0000] {dag.py:2573} INFO - Sync 3 DAGs
[2023-01-15T02:49:42.478+0000] {logging_mixin.py:117} INFO - [2023-01-15T02:49:42.478+0000] {dag.py:3328} INFO - Setting next_dagrun for example_subdag_operator to 2022-01-01T00:00:00+00:00, run_after=2022-01-01T00:00:00+00:00
[2023-01-15T02:49:42.484+0000] {logging_mixin.py:117} INFO - [2023-01-15T02:49:42.484+0000] {dag.py:3328} INFO - Setting next_dagrun for example_subdag_operator.section-1 to None, run_after=None
[2023-01-15T02:49:42.487+0000] {logging_mixin.py:117} INFO - [2023-01-15T02:49:42.487+0000] {dag.py:3328} INFO - Setting next_dagrun for example_subdag_operator.section-2 to None, run_after=None
[2023-01-15T02:49:42.493+0000] {logging_mixin.py:117} INFO - [2023-01-15T02:49:42.492+0000] {dag.py:2573} INFO - Sync 2 DAGs
[2023-01-15T02:49:42.498+0000] {logging_mixin.py:117} INFO - [2023-01-15T02:49:42.498+0000] {dag.py:3328} INFO - Setting next_dagrun for example_subdag_operator.section-1 to None, run_after=None
[2023-01-15T02:49:42.499+0000] {logging_mixin.py:117} INFO - [2023-01-15T02:49:42.499+0000] {dag.py:3328} INFO - Setting next_dagrun for example_subdag_operator.section-2 to None, run_after=None
[2023-01-15T02:49:42.512+0000] {processor.py:178} INFO - Processing /home/airflow/.local/lib/python3.7/site-packages/airflow/example_dags/example_subdag_operator.py took 0.349 seconds
[2023-01-15T04:11:00.786+0000] {processor.py:156} INFO - Started process (PID=24403) to work on /home/airflow/.local/lib/python3.7/site-packages/airflow/example_dags/example_subdag_operator.py
[2023-01-15T04:11:00.788+0000] {processor.py:758} INFO - Processing file /home/airflow/.local/lib/python3.7/site-packages/airflow/example_dags/example_subdag_operator.py for tasks to queue
[2023-01-15T04:11:00.789+0000] {logging_mixin.py:117} INFO - [2023-01-15T04:11:00.788+0000] {dagbag.py:525} INFO - Filling up the DagBag from /home/airflow/.local/lib/python3.7/site-packages/airflow/example_dags/example_subdag_operator.py
[2023-01-15T04:11:00.839+0000] {processor.py:768} INFO - DAG(s) dict_keys(['example_subdag_operator.section-1', 'example_subdag_operator.section-2', 'example_subdag_operator']) retrieved from /home/airflow/.local/lib/python3.7/site-packages/airflow/example_dags/example_subdag_operator.py
[2023-01-15T04:11:00.984+0000] {logging_mixin.py:117} INFO - [2023-01-15T04:11:00.984+0000] {dag.py:2573} INFO - Sync 3 DAGs
[2023-01-15T04:11:01.007+0000] {logging_mixin.py:117} INFO - [2023-01-15T04:11:01.007+0000] {dag.py:3328} INFO - Setting next_dagrun for example_subdag_operator to 2022-01-01T00:00:00+00:00, run_after=2022-01-01T00:00:00+00:00
[2023-01-15T04:11:01.010+0000] {logging_mixin.py:117} INFO - [2023-01-15T04:11:01.010+0000] {dag.py:3328} INFO - Setting next_dagrun for example_subdag_operator.section-1 to None, run_after=None
[2023-01-15T04:11:01.011+0000] {logging_mixin.py:117} INFO - [2023-01-15T04:11:01.011+0000] {dag.py:3328} INFO - Setting next_dagrun for example_subdag_operator.section-2 to None, run_after=None
[2023-01-15T04:11:01.021+0000] {logging_mixin.py:117} INFO - [2023-01-15T04:11:01.021+0000] {dag.py:2573} INFO - Sync 2 DAGs
[2023-01-15T04:11:01.030+0000] {logging_mixin.py:117} INFO - [2023-01-15T04:11:01.030+0000] {dag.py:3328} INFO - Setting next_dagrun for example_subdag_operator.section-1 to None, run_after=None
[2023-01-15T04:11:01.031+0000] {logging_mixin.py:117} INFO - [2023-01-15T04:11:01.031+0000] {dag.py:3328} INFO - Setting next_dagrun for example_subdag_operator.section-2 to None, run_after=None
[2023-01-15T04:11:01.050+0000] {processor.py:178} INFO - Processing /home/airflow/.local/lib/python3.7/site-packages/airflow/example_dags/example_subdag_operator.py took 0.266 seconds
[2023-01-15T05:08:48.800+0000] {processor.py:156} INFO - Started process (PID=24467) to work on /home/airflow/.local/lib/python3.7/site-packages/airflow/example_dags/example_subdag_operator.py
[2023-01-15T05:08:48.802+0000] {processor.py:758} INFO - Processing file /home/airflow/.local/lib/python3.7/site-packages/airflow/example_dags/example_subdag_operator.py for tasks to queue
[2023-01-15T05:08:48.803+0000] {logging_mixin.py:117} INFO - [2023-01-15T05:08:48.803+0000] {dagbag.py:525} INFO - Filling up the DagBag from /home/airflow/.local/lib/python3.7/site-packages/airflow/example_dags/example_subdag_operator.py
[2023-01-15T05:08:48.857+0000] {processor.py:768} INFO - DAG(s) dict_keys(['example_subdag_operator.section-1', 'example_subdag_operator.section-2', 'example_subdag_operator']) retrieved from /home/airflow/.local/lib/python3.7/site-packages/airflow/example_dags/example_subdag_operator.py
[2023-01-15T05:08:48.964+0000] {logging_mixin.py:117} INFO - [2023-01-15T05:08:48.964+0000] {dag.py:2573} INFO - Sync 3 DAGs
[2023-01-15T05:08:48.994+0000] {logging_mixin.py:117} INFO - [2023-01-15T05:08:48.994+0000] {dag.py:3328} INFO - Setting next_dagrun for example_subdag_operator to 2022-01-01T00:00:00+00:00, run_after=2022-01-01T00:00:00+00:00
[2023-01-15T05:08:49.000+0000] {logging_mixin.py:117} INFO - [2023-01-15T05:08:49.000+0000] {dag.py:3328} INFO - Setting next_dagrun for example_subdag_operator.section-1 to None, run_after=None
[2023-01-15T05:08:49.001+0000] {logging_mixin.py:117} INFO - [2023-01-15T05:08:49.001+0000] {dag.py:3328} INFO - Setting next_dagrun for example_subdag_operator.section-2 to None, run_after=None
[2023-01-15T05:08:49.010+0000] {logging_mixin.py:117} INFO - [2023-01-15T05:08:49.010+0000] {dag.py:2573} INFO - Sync 2 DAGs
[2023-01-15T05:08:49.014+0000] {logging_mixin.py:117} INFO - [2023-01-15T05:08:49.014+0000] {dag.py:3328} INFO - Setting next_dagrun for example_subdag_operator.section-1 to None, run_after=None
[2023-01-15T05:08:49.015+0000] {logging_mixin.py:117} INFO - [2023-01-15T05:08:49.015+0000] {dag.py:3328} INFO - Setting next_dagrun for example_subdag_operator.section-2 to None, run_after=None
[2023-01-15T05:08:49.038+0000] {processor.py:178} INFO - Processing /home/airflow/.local/lib/python3.7/site-packages/airflow/example_dags/example_subdag_operator.py took 0.242 seconds
[2023-01-15T06:14:16.638+0000] {processor.py:156} INFO - Started process (PID=24521) to work on /home/airflow/.local/lib/python3.7/site-packages/airflow/example_dags/example_subdag_operator.py
[2023-01-15T06:14:16.640+0000] {processor.py:758} INFO - Processing file /home/airflow/.local/lib/python3.7/site-packages/airflow/example_dags/example_subdag_operator.py for tasks to queue
[2023-01-15T06:14:16.646+0000] {logging_mixin.py:117} INFO - [2023-01-15T06:14:16.645+0000] {dagbag.py:525} INFO - Filling up the DagBag from /home/airflow/.local/lib/python3.7/site-packages/airflow/example_dags/example_subdag_operator.py
[2023-01-15T06:14:16.689+0000] {processor.py:768} INFO - DAG(s) dict_keys(['example_subdag_operator.section-1', 'example_subdag_operator.section-2', 'example_subdag_operator']) retrieved from /home/airflow/.local/lib/python3.7/site-packages/airflow/example_dags/example_subdag_operator.py
[2023-01-15T06:14:17.166+0000] {logging_mixin.py:117} INFO - [2023-01-15T06:14:17.165+0000] {dag.py:2573} INFO - Sync 3 DAGs
[2023-01-15T06:14:17.222+0000] {logging_mixin.py:117} INFO - [2023-01-15T06:14:17.222+0000] {dag.py:3328} INFO - Setting next_dagrun for example_subdag_operator to 2022-01-01T00:00:00+00:00, run_after=2022-01-01T00:00:00+00:00
[2023-01-15T06:14:17.228+0000] {logging_mixin.py:117} INFO - [2023-01-15T06:14:17.228+0000] {dag.py:3328} INFO - Setting next_dagrun for example_subdag_operator.section-1 to None, run_after=None
[2023-01-15T06:14:17.230+0000] {logging_mixin.py:117} INFO - [2023-01-15T06:14:17.230+0000] {dag.py:3328} INFO - Setting next_dagrun for example_subdag_operator.section-2 to None, run_after=None
[2023-01-15T06:14:17.236+0000] {logging_mixin.py:117} INFO - [2023-01-15T06:14:17.236+0000] {dag.py:2573} INFO - Sync 2 DAGs
[2023-01-15T06:14:17.241+0000] {logging_mixin.py:117} INFO - [2023-01-15T06:14:17.241+0000] {dag.py:3328} INFO - Setting next_dagrun for example_subdag_operator.section-1 to None, run_after=None
[2023-01-15T06:14:17.242+0000] {logging_mixin.py:117} INFO - [2023-01-15T06:14:17.242+0000] {dag.py:3328} INFO - Setting next_dagrun for example_subdag_operator.section-2 to None, run_after=None
[2023-01-15T06:14:17.275+0000] {processor.py:178} INFO - Processing /home/airflow/.local/lib/python3.7/site-packages/airflow/example_dags/example_subdag_operator.py took 0.641 seconds
[2023-01-15T06:57:23.139+0000] {processor.py:156} INFO - Started process (PID=24584) to work on /home/airflow/.local/lib/python3.7/site-packages/airflow/example_dags/example_subdag_operator.py
[2023-01-15T06:57:23.145+0000] {processor.py:758} INFO - Processing file /home/airflow/.local/lib/python3.7/site-packages/airflow/example_dags/example_subdag_operator.py for tasks to queue
[2023-01-15T06:57:23.147+0000] {logging_mixin.py:117} INFO - [2023-01-15T06:57:23.147+0000] {dagbag.py:525} INFO - Filling up the DagBag from /home/airflow/.local/lib/python3.7/site-packages/airflow/example_dags/example_subdag_operator.py
[2023-01-15T06:57:23.206+0000] {processor.py:768} INFO - DAG(s) dict_keys(['example_subdag_operator.section-1', 'example_subdag_operator.section-2', 'example_subdag_operator']) retrieved from /home/airflow/.local/lib/python3.7/site-packages/airflow/example_dags/example_subdag_operator.py
[2023-01-15T06:57:23.380+0000] {logging_mixin.py:117} INFO - [2023-01-15T06:57:23.379+0000] {dag.py:2573} INFO - Sync 3 DAGs
[2023-01-15T06:57:23.410+0000] {logging_mixin.py:117} INFO - [2023-01-15T06:57:23.410+0000] {dag.py:3328} INFO - Setting next_dagrun for example_subdag_operator to 2022-01-01T00:00:00+00:00, run_after=2022-01-01T00:00:00+00:00
[2023-01-15T06:57:23.415+0000] {logging_mixin.py:117} INFO - [2023-01-15T06:57:23.415+0000] {dag.py:3328} INFO - Setting next_dagrun for example_subdag_operator.section-1 to None, run_after=None
[2023-01-15T06:57:23.416+0000] {logging_mixin.py:117} INFO - [2023-01-15T06:57:23.416+0000] {dag.py:3328} INFO - Setting next_dagrun for example_subdag_operator.section-2 to None, run_after=None
[2023-01-15T06:57:23.422+0000] {logging_mixin.py:117} INFO - [2023-01-15T06:57:23.421+0000] {dag.py:2573} INFO - Sync 2 DAGs
[2023-01-15T06:57:23.428+0000] {logging_mixin.py:117} INFO - [2023-01-15T06:57:23.427+0000] {dag.py:3328} INFO - Setting next_dagrun for example_subdag_operator.section-1 to None, run_after=None
[2023-01-15T06:57:23.428+0000] {logging_mixin.py:117} INFO - [2023-01-15T06:57:23.428+0000] {dag.py:3328} INFO - Setting next_dagrun for example_subdag_operator.section-2 to None, run_after=None
[2023-01-15T06:57:23.437+0000] {processor.py:178} INFO - Processing /home/airflow/.local/lib/python3.7/site-packages/airflow/example_dags/example_subdag_operator.py took 0.301 seconds
[2023-01-15T08:03:14.628+0000] {processor.py:156} INFO - Started process (PID=24647) to work on /home/airflow/.local/lib/python3.7/site-packages/airflow/example_dags/example_subdag_operator.py
[2023-01-15T08:03:14.632+0000] {processor.py:758} INFO - Processing file /home/airflow/.local/lib/python3.7/site-packages/airflow/example_dags/example_subdag_operator.py for tasks to queue
[2023-01-15T08:03:14.635+0000] {logging_mixin.py:117} INFO - [2023-01-15T08:03:14.635+0000] {dagbag.py:525} INFO - Filling up the DagBag from /home/airflow/.local/lib/python3.7/site-packages/airflow/example_dags/example_subdag_operator.py
[2023-01-15T08:03:14.702+0000] {processor.py:768} INFO - DAG(s) dict_keys(['example_subdag_operator.section-1', 'example_subdag_operator.section-2', 'example_subdag_operator']) retrieved from /home/airflow/.local/lib/python3.7/site-packages/airflow/example_dags/example_subdag_operator.py
[2023-01-15T08:03:14.932+0000] {logging_mixin.py:117} INFO - [2023-01-15T08:03:14.932+0000] {dag.py:2573} INFO - Sync 3 DAGs
[2023-01-15T08:03:14.959+0000] {logging_mixin.py:117} INFO - [2023-01-15T08:03:14.959+0000] {dag.py:3328} INFO - Setting next_dagrun for example_subdag_operator to 2022-01-01T00:00:00+00:00, run_after=2022-01-01T00:00:00+00:00
[2023-01-15T08:03:14.964+0000] {logging_mixin.py:117} INFO - [2023-01-15T08:03:14.964+0000] {dag.py:3328} INFO - Setting next_dagrun for example_subdag_operator.section-1 to None, run_after=None
[2023-01-15T08:03:14.965+0000] {logging_mixin.py:117} INFO - [2023-01-15T08:03:14.965+0000] {dag.py:3328} INFO - Setting next_dagrun for example_subdag_operator.section-2 to None, run_after=None
[2023-01-15T08:03:14.971+0000] {logging_mixin.py:117} INFO - [2023-01-15T08:03:14.971+0000] {dag.py:2573} INFO - Sync 2 DAGs
[2023-01-15T08:03:14.978+0000] {logging_mixin.py:117} INFO - [2023-01-15T08:03:14.977+0000] {dag.py:3328} INFO - Setting next_dagrun for example_subdag_operator.section-1 to None, run_after=None
[2023-01-15T08:03:14.978+0000] {logging_mixin.py:117} INFO - [2023-01-15T08:03:14.978+0000] {dag.py:3328} INFO - Setting next_dagrun for example_subdag_operator.section-2 to None, run_after=None
[2023-01-15T08:03:14.986+0000] {processor.py:178} INFO - Processing /home/airflow/.local/lib/python3.7/site-packages/airflow/example_dags/example_subdag_operator.py took 0.366 seconds
[2023-01-15T09:11:04.142+0000] {processor.py:156} INFO - Started process (PID=24711) to work on /home/airflow/.local/lib/python3.7/site-packages/airflow/example_dags/example_subdag_operator.py
[2023-01-15T09:11:04.146+0000] {processor.py:758} INFO - Processing file /home/airflow/.local/lib/python3.7/site-packages/airflow/example_dags/example_subdag_operator.py for tasks to queue
[2023-01-15T09:11:04.148+0000] {logging_mixin.py:117} INFO - [2023-01-15T09:11:04.147+0000] {dagbag.py:525} INFO - Filling up the DagBag from /home/airflow/.local/lib/python3.7/site-packages/airflow/example_dags/example_subdag_operator.py
[2023-01-15T09:11:04.243+0000] {processor.py:768} INFO - DAG(s) dict_keys(['example_subdag_operator.section-1', 'example_subdag_operator.section-2', 'example_subdag_operator']) retrieved from /home/airflow/.local/lib/python3.7/site-packages/airflow/example_dags/example_subdag_operator.py
[2023-01-15T09:11:04.558+0000] {logging_mixin.py:117} INFO - [2023-01-15T09:11:04.558+0000] {dag.py:2573} INFO - Sync 3 DAGs
[2023-01-15T09:11:04.613+0000] {logging_mixin.py:117} INFO - [2023-01-15T09:11:04.612+0000] {dag.py:3328} INFO - Setting next_dagrun for example_subdag_operator to 2022-01-01T00:00:00+00:00, run_after=2022-01-01T00:00:00+00:00
[2023-01-15T09:11:04.618+0000] {logging_mixin.py:117} INFO - [2023-01-15T09:11:04.618+0000] {dag.py:3328} INFO - Setting next_dagrun for example_subdag_operator.section-1 to None, run_after=None
[2023-01-15T09:11:04.620+0000] {logging_mixin.py:117} INFO - [2023-01-15T09:11:04.620+0000] {dag.py:3328} INFO - Setting next_dagrun for example_subdag_operator.section-2 to None, run_after=None
[2023-01-15T09:11:04.629+0000] {logging_mixin.py:117} INFO - [2023-01-15T09:11:04.629+0000] {dag.py:2573} INFO - Sync 2 DAGs
[2023-01-15T09:11:04.637+0000] {logging_mixin.py:117} INFO - [2023-01-15T09:11:04.637+0000] {dag.py:3328} INFO - Setting next_dagrun for example_subdag_operator.section-1 to None, run_after=None
[2023-01-15T09:11:04.637+0000] {logging_mixin.py:117} INFO - [2023-01-15T09:11:04.637+0000] {dag.py:3328} INFO - Setting next_dagrun for example_subdag_operator.section-2 to None, run_after=None
[2023-01-15T09:11:04.664+0000] {processor.py:178} INFO - Processing /home/airflow/.local/lib/python3.7/site-packages/airflow/example_dags/example_subdag_operator.py took 0.550 seconds
[2023-01-15T09:32:51.669+0000] {processor.py:156} INFO - Started process (PID=24765) to work on /home/airflow/.local/lib/python3.7/site-packages/airflow/example_dags/example_subdag_operator.py
[2023-01-15T09:32:51.673+0000] {processor.py:758} INFO - Processing file /home/airflow/.local/lib/python3.7/site-packages/airflow/example_dags/example_subdag_operator.py for tasks to queue
[2023-01-15T09:32:51.674+0000] {logging_mixin.py:117} INFO - [2023-01-15T09:32:51.674+0000] {dagbag.py:525} INFO - Filling up the DagBag from /home/airflow/.local/lib/python3.7/site-packages/airflow/example_dags/example_subdag_operator.py
[2023-01-15T09:32:51.732+0000] {processor.py:768} INFO - DAG(s) dict_keys(['example_subdag_operator.section-1', 'example_subdag_operator.section-2', 'example_subdag_operator']) retrieved from /home/airflow/.local/lib/python3.7/site-packages/airflow/example_dags/example_subdag_operator.py
[2023-01-15T09:32:51.927+0000] {logging_mixin.py:117} INFO - [2023-01-15T09:32:51.927+0000] {dag.py:2573} INFO - Sync 3 DAGs
[2023-01-15T09:32:51.952+0000] {logging_mixin.py:117} INFO - [2023-01-15T09:32:51.952+0000] {dag.py:3328} INFO - Setting next_dagrun for example_subdag_operator to 2022-01-01T00:00:00+00:00, run_after=2022-01-01T00:00:00+00:00
[2023-01-15T09:32:51.955+0000] {logging_mixin.py:117} INFO - [2023-01-15T09:32:51.955+0000] {dag.py:3328} INFO - Setting next_dagrun for example_subdag_operator.section-1 to None, run_after=None
[2023-01-15T09:32:51.957+0000] {logging_mixin.py:117} INFO - [2023-01-15T09:32:51.957+0000] {dag.py:3328} INFO - Setting next_dagrun for example_subdag_operator.section-2 to None, run_after=None
[2023-01-15T09:32:51.964+0000] {logging_mixin.py:117} INFO - [2023-01-15T09:32:51.963+0000] {dag.py:2573} INFO - Sync 2 DAGs
[2023-01-15T09:32:51.970+0000] {logging_mixin.py:117} INFO - [2023-01-15T09:32:51.970+0000] {dag.py:3328} INFO - Setting next_dagrun for example_subdag_operator.section-1 to None, run_after=None
[2023-01-15T09:32:51.971+0000] {logging_mixin.py:117} INFO - [2023-01-15T09:32:51.970+0000] {dag.py:3328} INFO - Setting next_dagrun for example_subdag_operator.section-2 to None, run_after=None
[2023-01-15T09:32:51.981+0000] {processor.py:178} INFO - Processing /home/airflow/.local/lib/python3.7/site-packages/airflow/example_dags/example_subdag_operator.py took 0.315 seconds
[2023-01-15T09:33:54.435+0000] {processor.py:156} INFO - Started process (PID=24828) to work on /home/airflow/.local/lib/python3.7/site-packages/airflow/example_dags/example_subdag_operator.py
[2023-01-15T09:33:54.436+0000] {processor.py:758} INFO - Processing file /home/airflow/.local/lib/python3.7/site-packages/airflow/example_dags/example_subdag_operator.py for tasks to queue
[2023-01-15T09:33:54.437+0000] {logging_mixin.py:117} INFO - [2023-01-15T09:33:54.437+0000] {dagbag.py:525} INFO - Filling up the DagBag from /home/airflow/.local/lib/python3.7/site-packages/airflow/example_dags/example_subdag_operator.py
[2023-01-15T09:33:54.460+0000] {processor.py:768} INFO - DAG(s) dict_keys(['example_subdag_operator.section-1', 'example_subdag_operator.section-2', 'example_subdag_operator']) retrieved from /home/airflow/.local/lib/python3.7/site-packages/airflow/example_dags/example_subdag_operator.py
[2023-01-15T09:33:54.542+0000] {logging_mixin.py:117} INFO - [2023-01-15T09:33:54.542+0000] {dag.py:2573} INFO - Sync 3 DAGs
[2023-01-15T09:33:54.555+0000] {logging_mixin.py:117} INFO - [2023-01-15T09:33:54.555+0000] {dag.py:3328} INFO - Setting next_dagrun for example_subdag_operator to 2022-01-01T00:00:00+00:00, run_after=2022-01-01T00:00:00+00:00
[2023-01-15T09:33:54.558+0000] {logging_mixin.py:117} INFO - [2023-01-15T09:33:54.558+0000] {dag.py:3328} INFO - Setting next_dagrun for example_subdag_operator.section-1 to None, run_after=None
[2023-01-15T09:33:54.559+0000] {logging_mixin.py:117} INFO - [2023-01-15T09:33:54.559+0000] {dag.py:3328} INFO - Setting next_dagrun for example_subdag_operator.section-2 to None, run_after=None
[2023-01-15T09:33:54.563+0000] {logging_mixin.py:117} INFO - [2023-01-15T09:33:54.563+0000] {dag.py:2573} INFO - Sync 2 DAGs
[2023-01-15T09:33:54.566+0000] {logging_mixin.py:117} INFO - [2023-01-15T09:33:54.566+0000] {dag.py:3328} INFO - Setting next_dagrun for example_subdag_operator.section-1 to None, run_after=None
[2023-01-15T09:33:54.566+0000] {logging_mixin.py:117} INFO - [2023-01-15T09:33:54.566+0000] {dag.py:3328} INFO - Setting next_dagrun for example_subdag_operator.section-2 to None, run_after=None
[2023-01-15T09:33:54.572+0000] {processor.py:178} INFO - Processing /home/airflow/.local/lib/python3.7/site-packages/airflow/example_dags/example_subdag_operator.py took 0.139 seconds
[2023-01-15T09:43:27.763+0000] {processor.py:156} INFO - Started process (PID=24891) to work on /home/airflow/.local/lib/python3.7/site-packages/airflow/example_dags/example_subdag_operator.py
[2023-01-15T09:43:27.766+0000] {processor.py:758} INFO - Processing file /home/airflow/.local/lib/python3.7/site-packages/airflow/example_dags/example_subdag_operator.py for tasks to queue
[2023-01-15T09:43:27.767+0000] {logging_mixin.py:117} INFO - [2023-01-15T09:43:27.767+0000] {dagbag.py:525} INFO - Filling up the DagBag from /home/airflow/.local/lib/python3.7/site-packages/airflow/example_dags/example_subdag_operator.py
[2023-01-15T09:43:27.818+0000] {processor.py:768} INFO - DAG(s) dict_keys(['example_subdag_operator.section-1', 'example_subdag_operator.section-2', 'example_subdag_operator']) retrieved from /home/airflow/.local/lib/python3.7/site-packages/airflow/example_dags/example_subdag_operator.py
[2023-01-15T09:43:27.969+0000] {logging_mixin.py:117} INFO - [2023-01-15T09:43:27.969+0000] {dag.py:2573} INFO - Sync 3 DAGs
[2023-01-15T09:43:28.004+0000] {logging_mixin.py:117} INFO - [2023-01-15T09:43:28.004+0000] {dag.py:3328} INFO - Setting next_dagrun for example_subdag_operator to 2022-01-01T00:00:00+00:00, run_after=2022-01-01T00:00:00+00:00
[2023-01-15T09:43:28.012+0000] {logging_mixin.py:117} INFO - [2023-01-15T09:43:28.012+0000] {dag.py:3328} INFO - Setting next_dagrun for example_subdag_operator.section-1 to None, run_after=None
[2023-01-15T09:43:28.015+0000] {logging_mixin.py:117} INFO - [2023-01-15T09:43:28.015+0000] {dag.py:3328} INFO - Setting next_dagrun for example_subdag_operator.section-2 to None, run_after=None
[2023-01-15T09:43:28.034+0000] {logging_mixin.py:117} INFO - [2023-01-15T09:43:28.033+0000] {dag.py:2573} INFO - Sync 2 DAGs
[2023-01-15T09:43:28.045+0000] {logging_mixin.py:117} INFO - [2023-01-15T09:43:28.045+0000] {dag.py:3328} INFO - Setting next_dagrun for example_subdag_operator.section-1 to None, run_after=None
[2023-01-15T09:43:28.046+0000] {logging_mixin.py:117} INFO - [2023-01-15T09:43:28.046+0000] {dag.py:3328} INFO - Setting next_dagrun for example_subdag_operator.section-2 to None, run_after=None
[2023-01-15T09:43:28.064+0000] {processor.py:178} INFO - Processing /home/airflow/.local/lib/python3.7/site-packages/airflow/example_dags/example_subdag_operator.py took 0.305 seconds
[2023-01-15T11:04:07.548+0000] {processor.py:156} INFO - Started process (PID=24953) to work on /home/airflow/.local/lib/python3.7/site-packages/airflow/example_dags/example_subdag_operator.py
[2023-01-15T11:04:07.552+0000] {processor.py:758} INFO - Processing file /home/airflow/.local/lib/python3.7/site-packages/airflow/example_dags/example_subdag_operator.py for tasks to queue
[2023-01-15T11:04:07.553+0000] {logging_mixin.py:117} INFO - [2023-01-15T11:04:07.553+0000] {dagbag.py:525} INFO - Filling up the DagBag from /home/airflow/.local/lib/python3.7/site-packages/airflow/example_dags/example_subdag_operator.py
[2023-01-15T11:04:07.606+0000] {processor.py:768} INFO - DAG(s) dict_keys(['example_subdag_operator.section-1', 'example_subdag_operator.section-2', 'example_subdag_operator']) retrieved from /home/airflow/.local/lib/python3.7/site-packages/airflow/example_dags/example_subdag_operator.py
[2023-01-15T11:04:07.762+0000] {logging_mixin.py:117} INFO - [2023-01-15T11:04:07.761+0000] {dag.py:2573} INFO - Sync 3 DAGs
[2023-01-15T11:04:07.804+0000] {logging_mixin.py:117} INFO - [2023-01-15T11:04:07.804+0000] {dag.py:3328} INFO - Setting next_dagrun for example_subdag_operator to 2022-01-01T00:00:00+00:00, run_after=2022-01-01T00:00:00+00:00
[2023-01-15T11:04:07.809+0000] {logging_mixin.py:117} INFO - [2023-01-15T11:04:07.809+0000] {dag.py:3328} INFO - Setting next_dagrun for example_subdag_operator.section-1 to None, run_after=None
[2023-01-15T11:04:07.812+0000] {logging_mixin.py:117} INFO - [2023-01-15T11:04:07.812+0000] {dag.py:3328} INFO - Setting next_dagrun for example_subdag_operator.section-2 to None, run_after=None
[2023-01-15T11:04:07.832+0000] {logging_mixin.py:117} INFO - [2023-01-15T11:04:07.832+0000] {dag.py:2573} INFO - Sync 2 DAGs
[2023-01-15T11:04:07.838+0000] {logging_mixin.py:117} INFO - [2023-01-15T11:04:07.838+0000] {dag.py:3328} INFO - Setting next_dagrun for example_subdag_operator.section-1 to None, run_after=None
[2023-01-15T11:04:07.839+0000] {logging_mixin.py:117} INFO - [2023-01-15T11:04:07.839+0000] {dag.py:3328} INFO - Setting next_dagrun for example_subdag_operator.section-2 to None, run_after=None
[2023-01-15T11:04:07.849+0000] {processor.py:178} INFO - Processing /home/airflow/.local/lib/python3.7/site-packages/airflow/example_dags/example_subdag_operator.py took 0.305 seconds
[2023-01-15T12:04:14.534+0000] {processor.py:156} INFO - Started process (PID=25008) to work on /home/airflow/.local/lib/python3.7/site-packages/airflow/example_dags/example_subdag_operator.py
[2023-01-15T12:04:14.539+0000] {processor.py:758} INFO - Processing file /home/airflow/.local/lib/python3.7/site-packages/airflow/example_dags/example_subdag_operator.py for tasks to queue
[2023-01-15T12:04:14.540+0000] {logging_mixin.py:117} INFO - [2023-01-15T12:04:14.540+0000] {dagbag.py:525} INFO - Filling up the DagBag from /home/airflow/.local/lib/python3.7/site-packages/airflow/example_dags/example_subdag_operator.py
[2023-01-15T12:04:14.572+0000] {processor.py:768} INFO - DAG(s) dict_keys(['example_subdag_operator.section-1', 'example_subdag_operator.section-2', 'example_subdag_operator']) retrieved from /home/airflow/.local/lib/python3.7/site-packages/airflow/example_dags/example_subdag_operator.py
[2023-01-15T12:04:14.733+0000] {logging_mixin.py:117} INFO - [2023-01-15T12:04:14.733+0000] {dag.py:2573} INFO - Sync 3 DAGs
[2023-01-15T12:04:14.789+0000] {logging_mixin.py:117} INFO - [2023-01-15T12:04:14.789+0000] {dag.py:3328} INFO - Setting next_dagrun for example_subdag_operator to 2022-01-01T00:00:00+00:00, run_after=2022-01-01T00:00:00+00:00
[2023-01-15T12:04:14.796+0000] {logging_mixin.py:117} INFO - [2023-01-15T12:04:14.796+0000] {dag.py:3328} INFO - Setting next_dagrun for example_subdag_operator.section-1 to None, run_after=None
[2023-01-15T12:04:14.806+0000] {logging_mixin.py:117} INFO - [2023-01-15T12:04:14.806+0000] {dag.py:3328} INFO - Setting next_dagrun for example_subdag_operator.section-2 to None, run_after=None
[2023-01-15T12:04:14.820+0000] {logging_mixin.py:117} INFO - [2023-01-15T12:04:14.820+0000] {dag.py:2573} INFO - Sync 2 DAGs
[2023-01-15T12:04:14.833+0000] {logging_mixin.py:117} INFO - [2023-01-15T12:04:14.833+0000] {dag.py:3328} INFO - Setting next_dagrun for example_subdag_operator.section-1 to None, run_after=None
[2023-01-15T12:04:14.834+0000] {logging_mixin.py:117} INFO - [2023-01-15T12:04:14.834+0000] {dag.py:3328} INFO - Setting next_dagrun for example_subdag_operator.section-2 to None, run_after=None
[2023-01-15T12:04:14.851+0000] {processor.py:178} INFO - Processing /home/airflow/.local/lib/python3.7/site-packages/airflow/example_dags/example_subdag_operator.py took 0.320 seconds
[2023-01-15T12:42:36.159+0000] {processor.py:156} INFO - Started process (PID=25071) to work on /home/airflow/.local/lib/python3.7/site-packages/airflow/example_dags/example_subdag_operator.py
[2023-01-15T12:42:36.164+0000] {processor.py:758} INFO - Processing file /home/airflow/.local/lib/python3.7/site-packages/airflow/example_dags/example_subdag_operator.py for tasks to queue
[2023-01-15T12:42:36.165+0000] {logging_mixin.py:117} INFO - [2023-01-15T12:42:36.165+0000] {dagbag.py:525} INFO - Filling up the DagBag from /home/airflow/.local/lib/python3.7/site-packages/airflow/example_dags/example_subdag_operator.py
[2023-01-15T12:42:36.207+0000] {processor.py:768} INFO - DAG(s) dict_keys(['example_subdag_operator.section-1', 'example_subdag_operator.section-2', 'example_subdag_operator']) retrieved from /home/airflow/.local/lib/python3.7/site-packages/airflow/example_dags/example_subdag_operator.py
[2023-01-15T12:42:36.332+0000] {logging_mixin.py:117} INFO - [2023-01-15T12:42:36.332+0000] {dag.py:2573} INFO - Sync 3 DAGs
[2023-01-15T12:42:36.357+0000] {logging_mixin.py:117} INFO - [2023-01-15T12:42:36.357+0000] {dag.py:3328} INFO - Setting next_dagrun for example_subdag_operator to 2022-01-01T00:00:00+00:00, run_after=2022-01-01T00:00:00+00:00
[2023-01-15T12:42:36.361+0000] {logging_mixin.py:117} INFO - [2023-01-15T12:42:36.361+0000] {dag.py:3328} INFO - Setting next_dagrun for example_subdag_operator.section-1 to None, run_after=None
[2023-01-15T12:42:36.362+0000] {logging_mixin.py:117} INFO - [2023-01-15T12:42:36.362+0000] {dag.py:3328} INFO - Setting next_dagrun for example_subdag_operator.section-2 to None, run_after=None
[2023-01-15T12:42:36.369+0000] {logging_mixin.py:117} INFO - [2023-01-15T12:42:36.369+0000] {dag.py:2573} INFO - Sync 2 DAGs
[2023-01-15T12:42:36.373+0000] {logging_mixin.py:117} INFO - [2023-01-15T12:42:36.373+0000] {dag.py:3328} INFO - Setting next_dagrun for example_subdag_operator.section-1 to None, run_after=None
[2023-01-15T12:42:36.375+0000] {logging_mixin.py:117} INFO - [2023-01-15T12:42:36.375+0000] {dag.py:3328} INFO - Setting next_dagrun for example_subdag_operator.section-2 to None, run_after=None
[2023-01-15T12:42:36.390+0000] {processor.py:178} INFO - Processing /home/airflow/.local/lib/python3.7/site-packages/airflow/example_dags/example_subdag_operator.py took 0.236 seconds
[2023-01-15T13:21:54.406+0000] {processor.py:156} INFO - Started process (PID=25134) to work on /home/airflow/.local/lib/python3.7/site-packages/airflow/example_dags/example_subdag_operator.py
[2023-01-15T13:21:54.407+0000] {processor.py:758} INFO - Processing file /home/airflow/.local/lib/python3.7/site-packages/airflow/example_dags/example_subdag_operator.py for tasks to queue
[2023-01-15T13:21:54.408+0000] {logging_mixin.py:117} INFO - [2023-01-15T13:21:54.408+0000] {dagbag.py:525} INFO - Filling up the DagBag from /home/airflow/.local/lib/python3.7/site-packages/airflow/example_dags/example_subdag_operator.py
[2023-01-15T13:21:54.431+0000] {processor.py:768} INFO - DAG(s) dict_keys(['example_subdag_operator.section-1', 'example_subdag_operator.section-2', 'example_subdag_operator']) retrieved from /home/airflow/.local/lib/python3.7/site-packages/airflow/example_dags/example_subdag_operator.py
[2023-01-15T13:21:54.511+0000] {logging_mixin.py:117} INFO - [2023-01-15T13:21:54.511+0000] {dag.py:2573} INFO - Sync 3 DAGs
[2023-01-15T13:21:54.524+0000] {logging_mixin.py:117} INFO - [2023-01-15T13:21:54.524+0000] {dag.py:3328} INFO - Setting next_dagrun for example_subdag_operator to 2022-01-01T00:00:00+00:00, run_after=2022-01-01T00:00:00+00:00
[2023-01-15T13:21:54.526+0000] {logging_mixin.py:117} INFO - [2023-01-15T13:21:54.526+0000] {dag.py:3328} INFO - Setting next_dagrun for example_subdag_operator.section-1 to None, run_after=None
[2023-01-15T13:21:54.527+0000] {logging_mixin.py:117} INFO - [2023-01-15T13:21:54.527+0000] {dag.py:3328} INFO - Setting next_dagrun for example_subdag_operator.section-2 to None, run_after=None
[2023-01-15T13:21:54.531+0000] {logging_mixin.py:117} INFO - [2023-01-15T13:21:54.531+0000] {dag.py:2573} INFO - Sync 2 DAGs
[2023-01-15T13:21:54.534+0000] {logging_mixin.py:117} INFO - [2023-01-15T13:21:54.534+0000] {dag.py:3328} INFO - Setting next_dagrun for example_subdag_operator.section-1 to None, run_after=None
[2023-01-15T13:21:54.535+0000] {logging_mixin.py:117} INFO - [2023-01-15T13:21:54.535+0000] {dag.py:3328} INFO - Setting next_dagrun for example_subdag_operator.section-2 to None, run_after=None
[2023-01-15T13:21:54.540+0000] {processor.py:178} INFO - Processing /home/airflow/.local/lib/python3.7/site-packages/airflow/example_dags/example_subdag_operator.py took 0.136 seconds
[2023-01-15T13:38:26.779+0000] {processor.py:156} INFO - Started process (PID=25188) to work on /home/airflow/.local/lib/python3.7/site-packages/airflow/example_dags/example_subdag_operator.py
[2023-01-15T13:38:26.781+0000] {processor.py:758} INFO - Processing file /home/airflow/.local/lib/python3.7/site-packages/airflow/example_dags/example_subdag_operator.py for tasks to queue
[2023-01-15T13:38:26.781+0000] {logging_mixin.py:117} INFO - [2023-01-15T13:38:26.781+0000] {dagbag.py:525} INFO - Filling up the DagBag from /home/airflow/.local/lib/python3.7/site-packages/airflow/example_dags/example_subdag_operator.py
[2023-01-15T13:38:26.804+0000] {processor.py:768} INFO - DAG(s) dict_keys(['example_subdag_operator.section-1', 'example_subdag_operator.section-2', 'example_subdag_operator']) retrieved from /home/airflow/.local/lib/python3.7/site-packages/airflow/example_dags/example_subdag_operator.py
[2023-01-15T13:38:27.001+0000] {logging_mixin.py:117} INFO - [2023-01-15T13:38:27.001+0000] {dag.py:2573} INFO - Sync 3 DAGs
[2023-01-15T13:38:27.051+0000] {logging_mixin.py:117} INFO - [2023-01-15T13:38:27.051+0000] {dag.py:3328} INFO - Setting next_dagrun for example_subdag_operator to 2022-01-01T00:00:00+00:00, run_after=2022-01-01T00:00:00+00:00
[2023-01-15T13:38:27.056+0000] {logging_mixin.py:117} INFO - [2023-01-15T13:38:27.056+0000] {dag.py:3328} INFO - Setting next_dagrun for example_subdag_operator.section-1 to None, run_after=None
[2023-01-15T13:38:27.058+0000] {logging_mixin.py:117} INFO - [2023-01-15T13:38:27.058+0000] {dag.py:3328} INFO - Setting next_dagrun for example_subdag_operator.section-2 to None, run_after=None
[2023-01-15T13:38:27.066+0000] {logging_mixin.py:117} INFO - [2023-01-15T13:38:27.066+0000] {dag.py:2573} INFO - Sync 2 DAGs
[2023-01-15T13:38:27.078+0000] {logging_mixin.py:117} INFO - [2023-01-15T13:38:27.077+0000] {dag.py:3328} INFO - Setting next_dagrun for example_subdag_operator.section-1 to None, run_after=None
[2023-01-15T13:38:27.080+0000] {logging_mixin.py:117} INFO - [2023-01-15T13:38:27.080+0000] {dag.py:3328} INFO - Setting next_dagrun for example_subdag_operator.section-2 to None, run_after=None
[2023-01-15T13:38:27.094+0000] {processor.py:178} INFO - Processing /home/airflow/.local/lib/python3.7/site-packages/airflow/example_dags/example_subdag_operator.py took 0.317 seconds
[2023-01-15T13:38:57.826+0000] {processor.py:156} INFO - Started process (PID=25251) to work on /home/airflow/.local/lib/python3.7/site-packages/airflow/example_dags/example_subdag_operator.py
[2023-01-15T13:38:57.828+0000] {processor.py:758} INFO - Processing file /home/airflow/.local/lib/python3.7/site-packages/airflow/example_dags/example_subdag_operator.py for tasks to queue
[2023-01-15T13:38:57.828+0000] {logging_mixin.py:117} INFO - [2023-01-15T13:38:57.828+0000] {dagbag.py:525} INFO - Filling up the DagBag from /home/airflow/.local/lib/python3.7/site-packages/airflow/example_dags/example_subdag_operator.py
[2023-01-15T13:38:57.856+0000] {processor.py:768} INFO - DAG(s) dict_keys(['example_subdag_operator.section-1', 'example_subdag_operator.section-2', 'example_subdag_operator']) retrieved from /home/airflow/.local/lib/python3.7/site-packages/airflow/example_dags/example_subdag_operator.py
[2023-01-15T13:38:57.942+0000] {logging_mixin.py:117} INFO - [2023-01-15T13:38:57.942+0000] {dag.py:2573} INFO - Sync 3 DAGs
[2023-01-15T13:38:57.956+0000] {logging_mixin.py:117} INFO - [2023-01-15T13:38:57.956+0000] {dag.py:3328} INFO - Setting next_dagrun for example_subdag_operator to 2022-01-01T00:00:00+00:00, run_after=2022-01-01T00:00:00+00:00
[2023-01-15T13:38:57.959+0000] {logging_mixin.py:117} INFO - [2023-01-15T13:38:57.959+0000] {dag.py:3328} INFO - Setting next_dagrun for example_subdag_operator.section-1 to None, run_after=None
[2023-01-15T13:38:57.960+0000] {logging_mixin.py:117} INFO - [2023-01-15T13:38:57.960+0000] {dag.py:3328} INFO - Setting next_dagrun for example_subdag_operator.section-2 to None, run_after=None
[2023-01-15T13:38:57.964+0000] {logging_mixin.py:117} INFO - [2023-01-15T13:38:57.964+0000] {dag.py:2573} INFO - Sync 2 DAGs
[2023-01-15T13:38:57.967+0000] {logging_mixin.py:117} INFO - [2023-01-15T13:38:57.967+0000] {dag.py:3328} INFO - Setting next_dagrun for example_subdag_operator.section-1 to None, run_after=None
[2023-01-15T13:38:57.968+0000] {logging_mixin.py:117} INFO - [2023-01-15T13:38:57.967+0000] {dag.py:3328} INFO - Setting next_dagrun for example_subdag_operator.section-2 to None, run_after=None
[2023-01-15T13:38:57.973+0000] {processor.py:178} INFO - Processing /home/airflow/.local/lib/python3.7/site-packages/airflow/example_dags/example_subdag_operator.py took 0.150 seconds
[2023-01-15T13:39:28.434+0000] {processor.py:156} INFO - Started process (PID=25314) to work on /home/airflow/.local/lib/python3.7/site-packages/airflow/example_dags/example_subdag_operator.py
[2023-01-15T13:39:28.436+0000] {processor.py:758} INFO - Processing file /home/airflow/.local/lib/python3.7/site-packages/airflow/example_dags/example_subdag_operator.py for tasks to queue
[2023-01-15T13:39:28.436+0000] {logging_mixin.py:117} INFO - [2023-01-15T13:39:28.436+0000] {dagbag.py:525} INFO - Filling up the DagBag from /home/airflow/.local/lib/python3.7/site-packages/airflow/example_dags/example_subdag_operator.py
[2023-01-15T13:39:28.461+0000] {processor.py:768} INFO - DAG(s) dict_keys(['example_subdag_operator.section-1', 'example_subdag_operator.section-2', 'example_subdag_operator']) retrieved from /home/airflow/.local/lib/python3.7/site-packages/airflow/example_dags/example_subdag_operator.py
[2023-01-15T13:39:28.547+0000] {logging_mixin.py:117} INFO - [2023-01-15T13:39:28.546+0000] {dag.py:2573} INFO - Sync 3 DAGs
[2023-01-15T13:39:28.560+0000] {logging_mixin.py:117} INFO - [2023-01-15T13:39:28.560+0000] {dag.py:3328} INFO - Setting next_dagrun for example_subdag_operator to 2022-01-01T00:00:00+00:00, run_after=2022-01-01T00:00:00+00:00
[2023-01-15T13:39:28.562+0000] {logging_mixin.py:117} INFO - [2023-01-15T13:39:28.562+0000] {dag.py:3328} INFO - Setting next_dagrun for example_subdag_operator.section-1 to None, run_after=None
[2023-01-15T13:39:28.564+0000] {logging_mixin.py:117} INFO - [2023-01-15T13:39:28.563+0000] {dag.py:3328} INFO - Setting next_dagrun for example_subdag_operator.section-2 to None, run_after=None
[2023-01-15T13:39:28.568+0000] {logging_mixin.py:117} INFO - [2023-01-15T13:39:28.568+0000] {dag.py:2573} INFO - Sync 2 DAGs
[2023-01-15T13:39:28.571+0000] {logging_mixin.py:117} INFO - [2023-01-15T13:39:28.571+0000] {dag.py:3328} INFO - Setting next_dagrun for example_subdag_operator.section-1 to None, run_after=None
[2023-01-15T13:39:28.572+0000] {logging_mixin.py:117} INFO - [2023-01-15T13:39:28.572+0000] {dag.py:3328} INFO - Setting next_dagrun for example_subdag_operator.section-2 to None, run_after=None
[2023-01-15T13:39:28.578+0000] {processor.py:178} INFO - Processing /home/airflow/.local/lib/python3.7/site-packages/airflow/example_dags/example_subdag_operator.py took 0.146 seconds
[2023-01-15T13:39:58.789+0000] {processor.py:156} INFO - Started process (PID=25378) to work on /home/airflow/.local/lib/python3.7/site-packages/airflow/example_dags/example_subdag_operator.py
[2023-01-15T13:39:58.791+0000] {processor.py:758} INFO - Processing file /home/airflow/.local/lib/python3.7/site-packages/airflow/example_dags/example_subdag_operator.py for tasks to queue
[2023-01-15T13:39:58.792+0000] {logging_mixin.py:117} INFO - [2023-01-15T13:39:58.792+0000] {dagbag.py:525} INFO - Filling up the DagBag from /home/airflow/.local/lib/python3.7/site-packages/airflow/example_dags/example_subdag_operator.py
[2023-01-15T13:39:58.819+0000] {processor.py:768} INFO - DAG(s) dict_keys(['example_subdag_operator.section-1', 'example_subdag_operator.section-2', 'example_subdag_operator']) retrieved from /home/airflow/.local/lib/python3.7/site-packages/airflow/example_dags/example_subdag_operator.py
[2023-01-15T13:39:58.929+0000] {logging_mixin.py:117} INFO - [2023-01-15T13:39:58.929+0000] {dag.py:2573} INFO - Sync 3 DAGs
[2023-01-15T13:39:58.954+0000] {logging_mixin.py:117} INFO - [2023-01-15T13:39:58.954+0000] {dag.py:3328} INFO - Setting next_dagrun for example_subdag_operator to 2022-01-01T00:00:00+00:00, run_after=2022-01-01T00:00:00+00:00
[2023-01-15T13:39:58.964+0000] {logging_mixin.py:117} INFO - [2023-01-15T13:39:58.963+0000] {dag.py:3328} INFO - Setting next_dagrun for example_subdag_operator.section-1 to None, run_after=None
[2023-01-15T13:39:58.966+0000] {logging_mixin.py:117} INFO - [2023-01-15T13:39:58.966+0000] {dag.py:3328} INFO - Setting next_dagrun for example_subdag_operator.section-2 to None, run_after=None
[2023-01-15T13:39:58.973+0000] {logging_mixin.py:117} INFO - [2023-01-15T13:39:58.973+0000] {dag.py:2573} INFO - Sync 2 DAGs
[2023-01-15T13:39:58.979+0000] {logging_mixin.py:117} INFO - [2023-01-15T13:39:58.979+0000] {dag.py:3328} INFO - Setting next_dagrun for example_subdag_operator.section-1 to None, run_after=None
[2023-01-15T13:39:58.980+0000] {logging_mixin.py:117} INFO - [2023-01-15T13:39:58.980+0000] {dag.py:3328} INFO - Setting next_dagrun for example_subdag_operator.section-2 to None, run_after=None
[2023-01-15T13:39:58.988+0000] {processor.py:178} INFO - Processing /home/airflow/.local/lib/python3.7/site-packages/airflow/example_dags/example_subdag_operator.py took 0.201 seconds
[2023-01-15T13:40:29.198+0000] {processor.py:156} INFO - Started process (PID=25440) to work on /home/airflow/.local/lib/python3.7/site-packages/airflow/example_dags/example_subdag_operator.py
[2023-01-15T13:40:29.199+0000] {processor.py:758} INFO - Processing file /home/airflow/.local/lib/python3.7/site-packages/airflow/example_dags/example_subdag_operator.py for tasks to queue
[2023-01-15T13:40:29.200+0000] {logging_mixin.py:117} INFO - [2023-01-15T13:40:29.200+0000] {dagbag.py:525} INFO - Filling up the DagBag from /home/airflow/.local/lib/python3.7/site-packages/airflow/example_dags/example_subdag_operator.py
[2023-01-15T13:40:29.223+0000] {processor.py:768} INFO - DAG(s) dict_keys(['example_subdag_operator.section-1', 'example_subdag_operator.section-2', 'example_subdag_operator']) retrieved from /home/airflow/.local/lib/python3.7/site-packages/airflow/example_dags/example_subdag_operator.py
[2023-01-15T13:40:29.301+0000] {logging_mixin.py:117} INFO - [2023-01-15T13:40:29.301+0000] {dag.py:2573} INFO - Sync 3 DAGs
[2023-01-15T13:40:29.314+0000] {logging_mixin.py:117} INFO - [2023-01-15T13:40:29.314+0000] {dag.py:3328} INFO - Setting next_dagrun for example_subdag_operator to 2022-01-01T00:00:00+00:00, run_after=2022-01-01T00:00:00+00:00
[2023-01-15T13:40:29.316+0000] {logging_mixin.py:117} INFO - [2023-01-15T13:40:29.316+0000] {dag.py:3328} INFO - Setting next_dagrun for example_subdag_operator.section-1 to None, run_after=None
[2023-01-15T13:40:29.317+0000] {logging_mixin.py:117} INFO - [2023-01-15T13:40:29.317+0000] {dag.py:3328} INFO - Setting next_dagrun for example_subdag_operator.section-2 to None, run_after=None
[2023-01-15T13:40:29.322+0000] {logging_mixin.py:117} INFO - [2023-01-15T13:40:29.321+0000] {dag.py:2573} INFO - Sync 2 DAGs
[2023-01-15T13:40:29.325+0000] {logging_mixin.py:117} INFO - [2023-01-15T13:40:29.325+0000] {dag.py:3328} INFO - Setting next_dagrun for example_subdag_operator.section-1 to None, run_after=None
[2023-01-15T13:40:29.326+0000] {logging_mixin.py:117} INFO - [2023-01-15T13:40:29.326+0000] {dag.py:3328} INFO - Setting next_dagrun for example_subdag_operator.section-2 to None, run_after=None
[2023-01-15T13:40:29.333+0000] {processor.py:178} INFO - Processing /home/airflow/.local/lib/python3.7/site-packages/airflow/example_dags/example_subdag_operator.py took 0.137 seconds
[2023-01-15T13:40:59.796+0000] {processor.py:156} INFO - Started process (PID=25503) to work on /home/airflow/.local/lib/python3.7/site-packages/airflow/example_dags/example_subdag_operator.py
[2023-01-15T13:40:59.798+0000] {processor.py:758} INFO - Processing file /home/airflow/.local/lib/python3.7/site-packages/airflow/example_dags/example_subdag_operator.py for tasks to queue
[2023-01-15T13:40:59.798+0000] {logging_mixin.py:117} INFO - [2023-01-15T13:40:59.798+0000] {dagbag.py:525} INFO - Filling up the DagBag from /home/airflow/.local/lib/python3.7/site-packages/airflow/example_dags/example_subdag_operator.py
[2023-01-15T13:40:59.822+0000] {processor.py:768} INFO - DAG(s) dict_keys(['example_subdag_operator.section-1', 'example_subdag_operator.section-2', 'example_subdag_operator']) retrieved from /home/airflow/.local/lib/python3.7/site-packages/airflow/example_dags/example_subdag_operator.py
[2023-01-15T13:40:59.907+0000] {logging_mixin.py:117} INFO - [2023-01-15T13:40:59.907+0000] {dag.py:2573} INFO - Sync 3 DAGs
[2023-01-15T13:40:59.921+0000] {logging_mixin.py:117} INFO - [2023-01-15T13:40:59.921+0000] {dag.py:3328} INFO - Setting next_dagrun for example_subdag_operator to 2022-01-01T00:00:00+00:00, run_after=2022-01-01T00:00:00+00:00
[2023-01-15T13:40:59.923+0000] {logging_mixin.py:117} INFO - [2023-01-15T13:40:59.923+0000] {dag.py:3328} INFO - Setting next_dagrun for example_subdag_operator.section-1 to None, run_after=None
[2023-01-15T13:40:59.924+0000] {logging_mixin.py:117} INFO - [2023-01-15T13:40:59.924+0000] {dag.py:3328} INFO - Setting next_dagrun for example_subdag_operator.section-2 to None, run_after=None
[2023-01-15T13:40:59.929+0000] {logging_mixin.py:117} INFO - [2023-01-15T13:40:59.929+0000] {dag.py:2573} INFO - Sync 2 DAGs
[2023-01-15T13:40:59.932+0000] {logging_mixin.py:117} INFO - [2023-01-15T13:40:59.932+0000] {dag.py:3328} INFO - Setting next_dagrun for example_subdag_operator.section-1 to None, run_after=None
[2023-01-15T13:40:59.933+0000] {logging_mixin.py:117} INFO - [2023-01-15T13:40:59.933+0000] {dag.py:3328} INFO - Setting next_dagrun for example_subdag_operator.section-2 to None, run_after=None
[2023-01-15T13:40:59.939+0000] {processor.py:178} INFO - Processing /home/airflow/.local/lib/python3.7/site-packages/airflow/example_dags/example_subdag_operator.py took 0.145 seconds
[2023-01-15T13:41:30.124+0000] {processor.py:156} INFO - Started process (PID=25565) to work on /home/airflow/.local/lib/python3.7/site-packages/airflow/example_dags/example_subdag_operator.py
[2023-01-15T13:41:30.125+0000] {processor.py:758} INFO - Processing file /home/airflow/.local/lib/python3.7/site-packages/airflow/example_dags/example_subdag_operator.py for tasks to queue
[2023-01-15T13:41:30.126+0000] {logging_mixin.py:117} INFO - [2023-01-15T13:41:30.126+0000] {dagbag.py:525} INFO - Filling up the DagBag from /home/airflow/.local/lib/python3.7/site-packages/airflow/example_dags/example_subdag_operator.py
[2023-01-15T13:41:30.151+0000] {processor.py:768} INFO - DAG(s) dict_keys(['example_subdag_operator.section-1', 'example_subdag_operator.section-2', 'example_subdag_operator']) retrieved from /home/airflow/.local/lib/python3.7/site-packages/airflow/example_dags/example_subdag_operator.py
[2023-01-15T13:41:30.242+0000] {logging_mixin.py:117} INFO - [2023-01-15T13:41:30.242+0000] {dag.py:2573} INFO - Sync 3 DAGs
[2023-01-15T13:41:30.256+0000] {logging_mixin.py:117} INFO - [2023-01-15T13:41:30.256+0000] {dag.py:3328} INFO - Setting next_dagrun for example_subdag_operator to 2022-01-01T00:00:00+00:00, run_after=2022-01-01T00:00:00+00:00
[2023-01-15T13:41:30.260+0000] {logging_mixin.py:117} INFO - [2023-01-15T13:41:30.260+0000] {dag.py:3328} INFO - Setting next_dagrun for example_subdag_operator.section-1 to None, run_after=None
[2023-01-15T13:41:30.261+0000] {logging_mixin.py:117} INFO - [2023-01-15T13:41:30.261+0000] {dag.py:3328} INFO - Setting next_dagrun for example_subdag_operator.section-2 to None, run_after=None
[2023-01-15T13:41:30.266+0000] {logging_mixin.py:117} INFO - [2023-01-15T13:41:30.266+0000] {dag.py:2573} INFO - Sync 2 DAGs
[2023-01-15T13:41:30.270+0000] {logging_mixin.py:117} INFO - [2023-01-15T13:41:30.270+0000] {dag.py:3328} INFO - Setting next_dagrun for example_subdag_operator.section-1 to None, run_after=None
[2023-01-15T13:41:30.271+0000] {logging_mixin.py:117} INFO - [2023-01-15T13:41:30.271+0000] {dag.py:3328} INFO - Setting next_dagrun for example_subdag_operator.section-2 to None, run_after=None
[2023-01-15T13:41:30.278+0000] {processor.py:178} INFO - Processing /home/airflow/.local/lib/python3.7/site-packages/airflow/example_dags/example_subdag_operator.py took 0.157 seconds
[2023-01-15T13:42:00.607+0000] {processor.py:156} INFO - Started process (PID=25623) to work on /home/airflow/.local/lib/python3.7/site-packages/airflow/example_dags/example_subdag_operator.py
[2023-01-15T13:42:00.608+0000] {processor.py:758} INFO - Processing file /home/airflow/.local/lib/python3.7/site-packages/airflow/example_dags/example_subdag_operator.py for tasks to queue
[2023-01-15T13:42:00.609+0000] {logging_mixin.py:117} INFO - [2023-01-15T13:42:00.609+0000] {dagbag.py:525} INFO - Filling up the DagBag from /home/airflow/.local/lib/python3.7/site-packages/airflow/example_dags/example_subdag_operator.py
[2023-01-15T13:42:00.633+0000] {processor.py:768} INFO - DAG(s) dict_keys(['example_subdag_operator.section-1', 'example_subdag_operator.section-2', 'example_subdag_operator']) retrieved from /home/airflow/.local/lib/python3.7/site-packages/airflow/example_dags/example_subdag_operator.py
[2023-01-15T13:42:00.719+0000] {logging_mixin.py:117} INFO - [2023-01-15T13:42:00.719+0000] {dag.py:2573} INFO - Sync 3 DAGs
[2023-01-15T13:42:00.732+0000] {logging_mixin.py:117} INFO - [2023-01-15T13:42:00.732+0000] {dag.py:3328} INFO - Setting next_dagrun for example_subdag_operator to 2022-01-01T00:00:00+00:00, run_after=2022-01-01T00:00:00+00:00
[2023-01-15T13:42:00.735+0000] {logging_mixin.py:117} INFO - [2023-01-15T13:42:00.735+0000] {dag.py:3328} INFO - Setting next_dagrun for example_subdag_operator.section-1 to None, run_after=None
[2023-01-15T13:42:00.736+0000] {logging_mixin.py:117} INFO - [2023-01-15T13:42:00.736+0000] {dag.py:3328} INFO - Setting next_dagrun for example_subdag_operator.section-2 to None, run_after=None
[2023-01-15T13:42:00.740+0000] {logging_mixin.py:117} INFO - [2023-01-15T13:42:00.740+0000] {dag.py:2573} INFO - Sync 2 DAGs
[2023-01-15T13:42:00.744+0000] {logging_mixin.py:117} INFO - [2023-01-15T13:42:00.744+0000] {dag.py:3328} INFO - Setting next_dagrun for example_subdag_operator.section-1 to None, run_after=None
[2023-01-15T13:42:00.744+0000] {logging_mixin.py:117} INFO - [2023-01-15T13:42:00.744+0000] {dag.py:3328} INFO - Setting next_dagrun for example_subdag_operator.section-2 to None, run_after=None
[2023-01-15T13:42:00.750+0000] {processor.py:178} INFO - Processing /home/airflow/.local/lib/python3.7/site-packages/airflow/example_dags/example_subdag_operator.py took 0.146 seconds
[2023-01-15T13:58:04.325+0000] {processor.py:156} INFO - Started process (PID=25684) to work on /home/airflow/.local/lib/python3.7/site-packages/airflow/example_dags/example_subdag_operator.py
[2023-01-15T13:58:04.329+0000] {processor.py:758} INFO - Processing file /home/airflow/.local/lib/python3.7/site-packages/airflow/example_dags/example_subdag_operator.py for tasks to queue
[2023-01-15T13:58:04.335+0000] {logging_mixin.py:117} INFO - [2023-01-15T13:58:04.335+0000] {dagbag.py:525} INFO - Filling up the DagBag from /home/airflow/.local/lib/python3.7/site-packages/airflow/example_dags/example_subdag_operator.py
[2023-01-15T13:58:04.378+0000] {processor.py:768} INFO - DAG(s) dict_keys(['example_subdag_operator.section-1', 'example_subdag_operator.section-2', 'example_subdag_operator']) retrieved from /home/airflow/.local/lib/python3.7/site-packages/airflow/example_dags/example_subdag_operator.py
[2023-01-15T13:58:04.533+0000] {logging_mixin.py:117} INFO - [2023-01-15T13:58:04.532+0000] {dag.py:2573} INFO - Sync 3 DAGs
[2023-01-15T13:58:04.557+0000] {logging_mixin.py:117} INFO - [2023-01-15T13:58:04.557+0000] {dag.py:3328} INFO - Setting next_dagrun for example_subdag_operator to 2022-01-01T00:00:00+00:00, run_after=2022-01-01T00:00:00+00:00
[2023-01-15T13:58:04.565+0000] {logging_mixin.py:117} INFO - [2023-01-15T13:58:04.565+0000] {dag.py:3328} INFO - Setting next_dagrun for example_subdag_operator.section-1 to None, run_after=None
[2023-01-15T13:58:04.566+0000] {logging_mixin.py:117} INFO - [2023-01-15T13:58:04.566+0000] {dag.py:3328} INFO - Setting next_dagrun for example_subdag_operator.section-2 to None, run_after=None
[2023-01-15T13:58:04.572+0000] {logging_mixin.py:117} INFO - [2023-01-15T13:58:04.572+0000] {dag.py:2573} INFO - Sync 2 DAGs
[2023-01-15T13:58:04.577+0000] {logging_mixin.py:117} INFO - [2023-01-15T13:58:04.577+0000] {dag.py:3328} INFO - Setting next_dagrun for example_subdag_operator.section-1 to None, run_after=None
[2023-01-15T13:58:04.580+0000] {logging_mixin.py:117} INFO - [2023-01-15T13:58:04.580+0000] {dag.py:3328} INFO - Setting next_dagrun for example_subdag_operator.section-2 to None, run_after=None
[2023-01-15T13:58:04.605+0000] {processor.py:178} INFO - Processing /home/airflow/.local/lib/python3.7/site-packages/airflow/example_dags/example_subdag_operator.py took 0.283 seconds
[2023-01-15T14:09:06.782+0000] {processor.py:156} INFO - Started process (PID=25747) to work on /home/airflow/.local/lib/python3.7/site-packages/airflow/example_dags/example_subdag_operator.py
[2023-01-15T14:09:06.784+0000] {processor.py:758} INFO - Processing file /home/airflow/.local/lib/python3.7/site-packages/airflow/example_dags/example_subdag_operator.py for tasks to queue
[2023-01-15T14:09:06.785+0000] {logging_mixin.py:117} INFO - [2023-01-15T14:09:06.785+0000] {dagbag.py:525} INFO - Filling up the DagBag from /home/airflow/.local/lib/python3.7/site-packages/airflow/example_dags/example_subdag_operator.py
[2023-01-15T14:09:06.824+0000] {processor.py:768} INFO - DAG(s) dict_keys(['example_subdag_operator.section-1', 'example_subdag_operator.section-2', 'example_subdag_operator']) retrieved from /home/airflow/.local/lib/python3.7/site-packages/airflow/example_dags/example_subdag_operator.py
[2023-01-15T14:09:06.937+0000] {logging_mixin.py:117} INFO - [2023-01-15T14:09:06.937+0000] {dag.py:2573} INFO - Sync 3 DAGs
[2023-01-15T14:09:06.956+0000] {logging_mixin.py:117} INFO - [2023-01-15T14:09:06.956+0000] {dag.py:3328} INFO - Setting next_dagrun for example_subdag_operator to 2022-01-01T00:00:00+00:00, run_after=2022-01-01T00:00:00+00:00
[2023-01-15T14:09:06.963+0000] {logging_mixin.py:117} INFO - [2023-01-15T14:09:06.963+0000] {dag.py:3328} INFO - Setting next_dagrun for example_subdag_operator.section-1 to None, run_after=None
[2023-01-15T14:09:06.965+0000] {logging_mixin.py:117} INFO - [2023-01-15T14:09:06.965+0000] {dag.py:3328} INFO - Setting next_dagrun for example_subdag_operator.section-2 to None, run_after=None
[2023-01-15T14:09:06.972+0000] {logging_mixin.py:117} INFO - [2023-01-15T14:09:06.972+0000] {dag.py:2573} INFO - Sync 2 DAGs
[2023-01-15T14:09:06.976+0000] {logging_mixin.py:117} INFO - [2023-01-15T14:09:06.976+0000] {dag.py:3328} INFO - Setting next_dagrun for example_subdag_operator.section-1 to None, run_after=None
[2023-01-15T14:09:06.977+0000] {logging_mixin.py:117} INFO - [2023-01-15T14:09:06.977+0000] {dag.py:3328} INFO - Setting next_dagrun for example_subdag_operator.section-2 to None, run_after=None
[2023-01-15T14:09:06.985+0000] {processor.py:178} INFO - Processing /home/airflow/.local/lib/python3.7/site-packages/airflow/example_dags/example_subdag_operator.py took 0.209 seconds
[2023-01-15T14:09:37.759+0000] {processor.py:156} INFO - Started process (PID=25810) to work on /home/airflow/.local/lib/python3.7/site-packages/airflow/example_dags/example_subdag_operator.py
[2023-01-15T14:09:37.760+0000] {processor.py:758} INFO - Processing file /home/airflow/.local/lib/python3.7/site-packages/airflow/example_dags/example_subdag_operator.py for tasks to queue
[2023-01-15T14:09:37.761+0000] {logging_mixin.py:117} INFO - [2023-01-15T14:09:37.761+0000] {dagbag.py:525} INFO - Filling up the DagBag from /home/airflow/.local/lib/python3.7/site-packages/airflow/example_dags/example_subdag_operator.py
[2023-01-15T14:09:37.787+0000] {processor.py:768} INFO - DAG(s) dict_keys(['example_subdag_operator.section-1', 'example_subdag_operator.section-2', 'example_subdag_operator']) retrieved from /home/airflow/.local/lib/python3.7/site-packages/airflow/example_dags/example_subdag_operator.py
[2023-01-15T14:09:37.888+0000] {logging_mixin.py:117} INFO - [2023-01-15T14:09:37.887+0000] {dag.py:2573} INFO - Sync 3 DAGs
[2023-01-15T14:09:37.902+0000] {logging_mixin.py:117} INFO - [2023-01-15T14:09:37.902+0000] {dag.py:3328} INFO - Setting next_dagrun for example_subdag_operator to 2022-01-01T00:00:00+00:00, run_after=2022-01-01T00:00:00+00:00
[2023-01-15T14:09:37.905+0000] {logging_mixin.py:117} INFO - [2023-01-15T14:09:37.904+0000] {dag.py:3328} INFO - Setting next_dagrun for example_subdag_operator.section-1 to None, run_after=None
[2023-01-15T14:09:37.905+0000] {logging_mixin.py:117} INFO - [2023-01-15T14:09:37.905+0000] {dag.py:3328} INFO - Setting next_dagrun for example_subdag_operator.section-2 to None, run_after=None
[2023-01-15T14:09:37.910+0000] {logging_mixin.py:117} INFO - [2023-01-15T14:09:37.910+0000] {dag.py:2573} INFO - Sync 2 DAGs
[2023-01-15T14:09:37.913+0000] {logging_mixin.py:117} INFO - [2023-01-15T14:09:37.913+0000] {dag.py:3328} INFO - Setting next_dagrun for example_subdag_operator.section-1 to None, run_after=None
[2023-01-15T14:09:37.914+0000] {logging_mixin.py:117} INFO - [2023-01-15T14:09:37.914+0000] {dag.py:3328} INFO - Setting next_dagrun for example_subdag_operator.section-2 to None, run_after=None
[2023-01-15T14:09:37.920+0000] {processor.py:178} INFO - Processing /home/airflow/.local/lib/python3.7/site-packages/airflow/example_dags/example_subdag_operator.py took 0.164 seconds
[2023-01-15T14:59:11.164+0000] {processor.py:156} INFO - Started process (PID=25865) to work on /home/airflow/.local/lib/python3.7/site-packages/airflow/example_dags/example_subdag_operator.py
[2023-01-15T14:59:11.168+0000] {processor.py:758} INFO - Processing file /home/airflow/.local/lib/python3.7/site-packages/airflow/example_dags/example_subdag_operator.py for tasks to queue
[2023-01-15T14:59:11.170+0000] {logging_mixin.py:117} INFO - [2023-01-15T14:59:11.170+0000] {dagbag.py:525} INFO - Filling up the DagBag from /home/airflow/.local/lib/python3.7/site-packages/airflow/example_dags/example_subdag_operator.py
[2023-01-15T14:59:11.256+0000] {processor.py:768} INFO - DAG(s) dict_keys(['example_subdag_operator.section-1', 'example_subdag_operator.section-2', 'example_subdag_operator']) retrieved from /home/airflow/.local/lib/python3.7/site-packages/airflow/example_dags/example_subdag_operator.py
[2023-01-15T14:59:11.524+0000] {logging_mixin.py:117} INFO - [2023-01-15T14:59:11.524+0000] {dag.py:2573} INFO - Sync 3 DAGs
[2023-01-15T14:59:11.577+0000] {logging_mixin.py:117} INFO - [2023-01-15T14:59:11.577+0000] {dag.py:3328} INFO - Setting next_dagrun for example_subdag_operator to 2022-01-01T00:00:00+00:00, run_after=2022-01-01T00:00:00+00:00
[2023-01-15T14:59:11.587+0000] {logging_mixin.py:117} INFO - [2023-01-15T14:59:11.587+0000] {dag.py:3328} INFO - Setting next_dagrun for example_subdag_operator.section-1 to None, run_after=None
[2023-01-15T14:59:11.596+0000] {logging_mixin.py:117} INFO - [2023-01-15T14:59:11.596+0000] {dag.py:3328} INFO - Setting next_dagrun for example_subdag_operator.section-2 to None, run_after=None
[2023-01-15T14:59:11.615+0000] {logging_mixin.py:117} INFO - [2023-01-15T14:59:11.615+0000] {dag.py:2573} INFO - Sync 2 DAGs
[2023-01-15T14:59:11.639+0000] {logging_mixin.py:117} INFO - [2023-01-15T14:59:11.638+0000] {dag.py:3328} INFO - Setting next_dagrun for example_subdag_operator.section-1 to None, run_after=None
[2023-01-15T14:59:11.641+0000] {logging_mixin.py:117} INFO - [2023-01-15T14:59:11.640+0000] {dag.py:3328} INFO - Setting next_dagrun for example_subdag_operator.section-2 to None, run_after=None
[2023-01-15T14:59:11.670+0000] {processor.py:178} INFO - Processing /home/airflow/.local/lib/python3.7/site-packages/airflow/example_dags/example_subdag_operator.py took 0.510 seconds
[2023-01-15T16:21:34.451+0000] {processor.py:156} INFO - Started process (PID=25928) to work on /home/airflow/.local/lib/python3.7/site-packages/airflow/example_dags/example_subdag_operator.py
[2023-01-15T16:21:34.452+0000] {processor.py:758} INFO - Processing file /home/airflow/.local/lib/python3.7/site-packages/airflow/example_dags/example_subdag_operator.py for tasks to queue
[2023-01-15T16:21:34.453+0000] {logging_mixin.py:117} INFO - [2023-01-15T16:21:34.453+0000] {dagbag.py:525} INFO - Filling up the DagBag from /home/airflow/.local/lib/python3.7/site-packages/airflow/example_dags/example_subdag_operator.py
[2023-01-15T16:21:34.500+0000] {processor.py:768} INFO - DAG(s) dict_keys(['example_subdag_operator.section-1', 'example_subdag_operator.section-2', 'example_subdag_operator']) retrieved from /home/airflow/.local/lib/python3.7/site-packages/airflow/example_dags/example_subdag_operator.py
[2023-01-15T16:21:34.655+0000] {logging_mixin.py:117} INFO - [2023-01-15T16:21:34.655+0000] {dag.py:2573} INFO - Sync 3 DAGs
[2023-01-15T16:21:34.684+0000] {logging_mixin.py:117} INFO - [2023-01-15T16:21:34.683+0000] {dag.py:3328} INFO - Setting next_dagrun for example_subdag_operator to 2022-01-01T00:00:00+00:00, run_after=2022-01-01T00:00:00+00:00
[2023-01-15T16:21:34.687+0000] {logging_mixin.py:117} INFO - [2023-01-15T16:21:34.687+0000] {dag.py:3328} INFO - Setting next_dagrun for example_subdag_operator.section-1 to None, run_after=None
[2023-01-15T16:21:34.690+0000] {logging_mixin.py:117} INFO - [2023-01-15T16:21:34.690+0000] {dag.py:3328} INFO - Setting next_dagrun for example_subdag_operator.section-2 to None, run_after=None
[2023-01-15T16:21:34.699+0000] {logging_mixin.py:117} INFO - [2023-01-15T16:21:34.699+0000] {dag.py:2573} INFO - Sync 2 DAGs
[2023-01-15T16:21:34.704+0000] {logging_mixin.py:117} INFO - [2023-01-15T16:21:34.704+0000] {dag.py:3328} INFO - Setting next_dagrun for example_subdag_operator.section-1 to None, run_after=None
[2023-01-15T16:21:34.705+0000] {logging_mixin.py:117} INFO - [2023-01-15T16:21:34.705+0000] {dag.py:3328} INFO - Setting next_dagrun for example_subdag_operator.section-2 to None, run_after=None
[2023-01-15T16:21:34.719+0000] {processor.py:178} INFO - Processing /home/airflow/.local/lib/python3.7/site-packages/airflow/example_dags/example_subdag_operator.py took 0.271 seconds
[2023-01-15T17:27:02.097+0000] {processor.py:156} INFO - Started process (PID=25991) to work on /home/airflow/.local/lib/python3.7/site-packages/airflow/example_dags/example_subdag_operator.py
[2023-01-15T17:27:02.099+0000] {processor.py:758} INFO - Processing file /home/airflow/.local/lib/python3.7/site-packages/airflow/example_dags/example_subdag_operator.py for tasks to queue
[2023-01-15T17:27:02.100+0000] {logging_mixin.py:117} INFO - [2023-01-15T17:27:02.100+0000] {dagbag.py:525} INFO - Filling up the DagBag from /home/airflow/.local/lib/python3.7/site-packages/airflow/example_dags/example_subdag_operator.py
[2023-01-15T17:27:02.156+0000] {processor.py:768} INFO - DAG(s) dict_keys(['example_subdag_operator.section-1', 'example_subdag_operator.section-2', 'example_subdag_operator']) retrieved from /home/airflow/.local/lib/python3.7/site-packages/airflow/example_dags/example_subdag_operator.py
[2023-01-15T17:27:02.322+0000] {logging_mixin.py:117} INFO - [2023-01-15T17:27:02.321+0000] {dag.py:2573} INFO - Sync 3 DAGs
[2023-01-15T17:27:02.343+0000] {logging_mixin.py:117} INFO - [2023-01-15T17:27:02.343+0000] {dag.py:3328} INFO - Setting next_dagrun for example_subdag_operator to 2022-01-01T00:00:00+00:00, run_after=2022-01-01T00:00:00+00:00
[2023-01-15T17:27:02.349+0000] {logging_mixin.py:117} INFO - [2023-01-15T17:27:02.349+0000] {dag.py:3328} INFO - Setting next_dagrun for example_subdag_operator.section-1 to None, run_after=None
[2023-01-15T17:27:02.350+0000] {logging_mixin.py:117} INFO - [2023-01-15T17:27:02.350+0000] {dag.py:3328} INFO - Setting next_dagrun for example_subdag_operator.section-2 to None, run_after=None
[2023-01-15T17:27:02.358+0000] {logging_mixin.py:117} INFO - [2023-01-15T17:27:02.358+0000] {dag.py:2573} INFO - Sync 2 DAGs
[2023-01-15T17:27:02.365+0000] {logging_mixin.py:117} INFO - [2023-01-15T17:27:02.365+0000] {dag.py:3328} INFO - Setting next_dagrun for example_subdag_operator.section-1 to None, run_after=None
[2023-01-15T17:27:02.366+0000] {logging_mixin.py:117} INFO - [2023-01-15T17:27:02.366+0000] {dag.py:3328} INFO - Setting next_dagrun for example_subdag_operator.section-2 to None, run_after=None
[2023-01-15T17:27:02.381+0000] {processor.py:178} INFO - Processing /home/airflow/.local/lib/python3.7/site-packages/airflow/example_dags/example_subdag_operator.py took 0.288 seconds
[2023-01-15T18:23:34.517+0000] {processor.py:156} INFO - Started process (PID=26054) to work on /home/airflow/.local/lib/python3.7/site-packages/airflow/example_dags/example_subdag_operator.py
[2023-01-15T18:23:34.522+0000] {processor.py:758} INFO - Processing file /home/airflow/.local/lib/python3.7/site-packages/airflow/example_dags/example_subdag_operator.py for tasks to queue
[2023-01-15T18:23:34.525+0000] {logging_mixin.py:117} INFO - [2023-01-15T18:23:34.525+0000] {dagbag.py:525} INFO - Filling up the DagBag from /home/airflow/.local/lib/python3.7/site-packages/airflow/example_dags/example_subdag_operator.py
[2023-01-15T18:23:34.635+0000] {processor.py:768} INFO - DAG(s) dict_keys(['example_subdag_operator.section-1', 'example_subdag_operator.section-2', 'example_subdag_operator']) retrieved from /home/airflow/.local/lib/python3.7/site-packages/airflow/example_dags/example_subdag_operator.py
[2023-01-15T18:23:34.992+0000] {logging_mixin.py:117} INFO - [2023-01-15T18:23:34.992+0000] {dag.py:2573} INFO - Sync 3 DAGs
[2023-01-15T18:23:35.016+0000] {logging_mixin.py:117} INFO - [2023-01-15T18:23:35.016+0000] {dag.py:3328} INFO - Setting next_dagrun for example_subdag_operator to 2022-01-01T00:00:00+00:00, run_after=2022-01-01T00:00:00+00:00
[2023-01-15T18:23:35.025+0000] {logging_mixin.py:117} INFO - [2023-01-15T18:23:35.025+0000] {dag.py:3328} INFO - Setting next_dagrun for example_subdag_operator.section-1 to None, run_after=None
[2023-01-15T18:23:35.031+0000] {logging_mixin.py:117} INFO - [2023-01-15T18:23:35.031+0000] {dag.py:3328} INFO - Setting next_dagrun for example_subdag_operator.section-2 to None, run_after=None
[2023-01-15T18:23:35.045+0000] {logging_mixin.py:117} INFO - [2023-01-15T18:23:35.045+0000] {dag.py:2573} INFO - Sync 2 DAGs
[2023-01-15T18:23:35.054+0000] {logging_mixin.py:117} INFO - [2023-01-15T18:23:35.054+0000] {dag.py:3328} INFO - Setting next_dagrun for example_subdag_operator.section-1 to None, run_after=None
[2023-01-15T18:23:35.055+0000] {logging_mixin.py:117} INFO - [2023-01-15T18:23:35.055+0000] {dag.py:3328} INFO - Setting next_dagrun for example_subdag_operator.section-2 to None, run_after=None
[2023-01-15T18:23:35.068+0000] {processor.py:178} INFO - Processing /home/airflow/.local/lib/python3.7/site-packages/airflow/example_dags/example_subdag_operator.py took 0.557 seconds
[2023-01-15T19:46:52.494+0000] {processor.py:156} INFO - Started process (PID=26108) to work on /home/airflow/.local/lib/python3.7/site-packages/airflow/example_dags/example_subdag_operator.py
[2023-01-15T19:46:52.509+0000] {processor.py:758} INFO - Processing file /home/airflow/.local/lib/python3.7/site-packages/airflow/example_dags/example_subdag_operator.py for tasks to queue
[2023-01-15T19:46:52.511+0000] {logging_mixin.py:117} INFO - [2023-01-15T19:46:52.511+0000] {dagbag.py:525} INFO - Filling up the DagBag from /home/airflow/.local/lib/python3.7/site-packages/airflow/example_dags/example_subdag_operator.py
[2023-01-15T19:46:52.612+0000] {processor.py:768} INFO - DAG(s) dict_keys(['example_subdag_operator.section-1', 'example_subdag_operator.section-2', 'example_subdag_operator']) retrieved from /home/airflow/.local/lib/python3.7/site-packages/airflow/example_dags/example_subdag_operator.py
[2023-01-15T19:46:52.855+0000] {logging_mixin.py:117} INFO - [2023-01-15T19:46:52.855+0000] {dag.py:2573} INFO - Sync 3 DAGs
[2023-01-15T19:46:52.889+0000] {logging_mixin.py:117} INFO - [2023-01-15T19:46:52.889+0000] {dag.py:3328} INFO - Setting next_dagrun for example_subdag_operator to 2022-01-01T00:00:00+00:00, run_after=2022-01-01T00:00:00+00:00
[2023-01-15T19:46:52.897+0000] {logging_mixin.py:117} INFO - [2023-01-15T19:46:52.896+0000] {dag.py:3328} INFO - Setting next_dagrun for example_subdag_operator.section-1 to None, run_after=None
[2023-01-15T19:46:52.898+0000] {logging_mixin.py:117} INFO - [2023-01-15T19:46:52.898+0000] {dag.py:3328} INFO - Setting next_dagrun for example_subdag_operator.section-2 to None, run_after=None
[2023-01-15T19:46:52.911+0000] {logging_mixin.py:117} INFO - [2023-01-15T19:46:52.911+0000] {dag.py:2573} INFO - Sync 2 DAGs
[2023-01-15T19:46:52.933+0000] {logging_mixin.py:117} INFO - [2023-01-15T19:46:52.933+0000] {dag.py:3328} INFO - Setting next_dagrun for example_subdag_operator.section-1 to None, run_after=None
[2023-01-15T19:46:52.934+0000] {logging_mixin.py:117} INFO - [2023-01-15T19:46:52.934+0000] {dag.py:3328} INFO - Setting next_dagrun for example_subdag_operator.section-2 to None, run_after=None
[2023-01-15T19:46:52.943+0000] {processor.py:178} INFO - Processing /home/airflow/.local/lib/python3.7/site-packages/airflow/example_dags/example_subdag_operator.py took 0.453 seconds
[2023-01-15T20:53:26.817+0000] {processor.py:156} INFO - Started process (PID=26170) to work on /home/airflow/.local/lib/python3.7/site-packages/airflow/example_dags/example_subdag_operator.py
[2023-01-15T20:53:26.824+0000] {processor.py:758} INFO - Processing file /home/airflow/.local/lib/python3.7/site-packages/airflow/example_dags/example_subdag_operator.py for tasks to queue
[2023-01-15T20:53:26.826+0000] {logging_mixin.py:117} INFO - [2023-01-15T20:53:26.826+0000] {dagbag.py:525} INFO - Filling up the DagBag from /home/airflow/.local/lib/python3.7/site-packages/airflow/example_dags/example_subdag_operator.py
[2023-01-15T20:53:26.894+0000] {processor.py:768} INFO - DAG(s) dict_keys(['example_subdag_operator.section-1', 'example_subdag_operator.section-2', 'example_subdag_operator']) retrieved from /home/airflow/.local/lib/python3.7/site-packages/airflow/example_dags/example_subdag_operator.py
[2023-01-15T20:53:27.081+0000] {logging_mixin.py:117} INFO - [2023-01-15T20:53:27.081+0000] {dag.py:2573} INFO - Sync 3 DAGs
[2023-01-15T20:53:27.101+0000] {logging_mixin.py:117} INFO - [2023-01-15T20:53:27.101+0000] {dag.py:3328} INFO - Setting next_dagrun for example_subdag_operator to 2022-01-01T00:00:00+00:00, run_after=2022-01-01T00:00:00+00:00
[2023-01-15T20:53:27.104+0000] {logging_mixin.py:117} INFO - [2023-01-15T20:53:27.104+0000] {dag.py:3328} INFO - Setting next_dagrun for example_subdag_operator.section-1 to None, run_after=None
[2023-01-15T20:53:27.106+0000] {logging_mixin.py:117} INFO - [2023-01-15T20:53:27.106+0000] {dag.py:3328} INFO - Setting next_dagrun for example_subdag_operator.section-2 to None, run_after=None
[2023-01-15T20:53:27.112+0000] {logging_mixin.py:117} INFO - [2023-01-15T20:53:27.112+0000] {dag.py:2573} INFO - Sync 2 DAGs
[2023-01-15T20:53:27.117+0000] {logging_mixin.py:117} INFO - [2023-01-15T20:53:27.117+0000] {dag.py:3328} INFO - Setting next_dagrun for example_subdag_operator.section-1 to None, run_after=None
[2023-01-15T20:53:27.118+0000] {logging_mixin.py:117} INFO - [2023-01-15T20:53:27.118+0000] {dag.py:3328} INFO - Setting next_dagrun for example_subdag_operator.section-2 to None, run_after=None
[2023-01-15T20:53:27.126+0000] {processor.py:178} INFO - Processing /home/airflow/.local/lib/python3.7/site-packages/airflow/example_dags/example_subdag_operator.py took 0.319 seconds
[2023-01-15T21:52:31.352+0000] {processor.py:156} INFO - Started process (PID=26233) to work on /home/airflow/.local/lib/python3.7/site-packages/airflow/example_dags/example_subdag_operator.py
[2023-01-15T21:52:31.354+0000] {processor.py:758} INFO - Processing file /home/airflow/.local/lib/python3.7/site-packages/airflow/example_dags/example_subdag_operator.py for tasks to queue
[2023-01-15T21:52:31.356+0000] {logging_mixin.py:117} INFO - [2023-01-15T21:52:31.356+0000] {dagbag.py:525} INFO - Filling up the DagBag from /home/airflow/.local/lib/python3.7/site-packages/airflow/example_dags/example_subdag_operator.py
[2023-01-15T21:52:31.406+0000] {processor.py:768} INFO - DAG(s) dict_keys(['example_subdag_operator.section-1', 'example_subdag_operator.section-2', 'example_subdag_operator']) retrieved from /home/airflow/.local/lib/python3.7/site-packages/airflow/example_dags/example_subdag_operator.py
[2023-01-15T21:52:31.596+0000] {logging_mixin.py:117} INFO - [2023-01-15T21:52:31.596+0000] {dag.py:2573} INFO - Sync 3 DAGs
[2023-01-15T21:52:31.620+0000] {logging_mixin.py:117} INFO - [2023-01-15T21:52:31.620+0000] {dag.py:3328} INFO - Setting next_dagrun for example_subdag_operator to 2022-01-01T00:00:00+00:00, run_after=2022-01-01T00:00:00+00:00
[2023-01-15T21:52:31.624+0000] {logging_mixin.py:117} INFO - [2023-01-15T21:52:31.624+0000] {dag.py:3328} INFO - Setting next_dagrun for example_subdag_operator.section-1 to None, run_after=None
[2023-01-15T21:52:31.627+0000] {logging_mixin.py:117} INFO - [2023-01-15T21:52:31.627+0000] {dag.py:3328} INFO - Setting next_dagrun for example_subdag_operator.section-2 to None, run_after=None
[2023-01-15T21:52:31.637+0000] {logging_mixin.py:117} INFO - [2023-01-15T21:52:31.637+0000] {dag.py:2573} INFO - Sync 2 DAGs
[2023-01-15T21:52:31.642+0000] {logging_mixin.py:117} INFO - [2023-01-15T21:52:31.642+0000] {dag.py:3328} INFO - Setting next_dagrun for example_subdag_operator.section-1 to None, run_after=None
[2023-01-15T21:52:31.643+0000] {logging_mixin.py:117} INFO - [2023-01-15T21:52:31.643+0000] {dag.py:3328} INFO - Setting next_dagrun for example_subdag_operator.section-2 to None, run_after=None
[2023-01-15T21:52:31.657+0000] {processor.py:178} INFO - Processing /home/airflow/.local/lib/python3.7/site-packages/airflow/example_dags/example_subdag_operator.py took 0.309 seconds
[2023-01-15T23:15:48.479+0000] {processor.py:156} INFO - Started process (PID=26287) to work on /home/airflow/.local/lib/python3.7/site-packages/airflow/example_dags/example_subdag_operator.py
[2023-01-15T23:15:48.480+0000] {processor.py:758} INFO - Processing file /home/airflow/.local/lib/python3.7/site-packages/airflow/example_dags/example_subdag_operator.py for tasks to queue
[2023-01-15T23:15:48.480+0000] {logging_mixin.py:117} INFO - [2023-01-15T23:15:48.480+0000] {dagbag.py:525} INFO - Filling up the DagBag from /home/airflow/.local/lib/python3.7/site-packages/airflow/example_dags/example_subdag_operator.py
[2023-01-15T23:15:48.505+0000] {processor.py:768} INFO - DAG(s) dict_keys(['example_subdag_operator.section-1', 'example_subdag_operator.section-2', 'example_subdag_operator']) retrieved from /home/airflow/.local/lib/python3.7/site-packages/airflow/example_dags/example_subdag_operator.py
[2023-01-15T23:15:48.592+0000] {logging_mixin.py:117} INFO - [2023-01-15T23:15:48.592+0000] {dag.py:2573} INFO - Sync 3 DAGs
[2023-01-15T23:15:48.605+0000] {logging_mixin.py:117} INFO - [2023-01-15T23:15:48.605+0000] {dag.py:3328} INFO - Setting next_dagrun for example_subdag_operator to 2022-01-01T00:00:00+00:00, run_after=2022-01-01T00:00:00+00:00
[2023-01-15T23:15:48.608+0000] {logging_mixin.py:117} INFO - [2023-01-15T23:15:48.607+0000] {dag.py:3328} INFO - Setting next_dagrun for example_subdag_operator.section-1 to None, run_after=None
[2023-01-15T23:15:48.609+0000] {logging_mixin.py:117} INFO - [2023-01-15T23:15:48.609+0000] {dag.py:3328} INFO - Setting next_dagrun for example_subdag_operator.section-2 to None, run_after=None
[2023-01-15T23:15:48.613+0000] {logging_mixin.py:117} INFO - [2023-01-15T23:15:48.613+0000] {dag.py:2573} INFO - Sync 2 DAGs
[2023-01-15T23:15:48.617+0000] {logging_mixin.py:117} INFO - [2023-01-15T23:15:48.617+0000] {dag.py:3328} INFO - Setting next_dagrun for example_subdag_operator.section-1 to None, run_after=None
[2023-01-15T23:15:48.617+0000] {logging_mixin.py:117} INFO - [2023-01-15T23:15:48.617+0000] {dag.py:3328} INFO - Setting next_dagrun for example_subdag_operator.section-2 to None, run_after=None
[2023-01-15T23:15:48.624+0000] {processor.py:178} INFO - Processing /home/airflow/.local/lib/python3.7/site-packages/airflow/example_dags/example_subdag_operator.py took 0.147 seconds
