[2023-01-15T00:38:56.724+0000] {processor.py:156} INFO - Started process (PID=24089) to work on /home/airflow/.local/lib/python3.7/site-packages/airflow/example_dags/tutorial_taskflow_api_virtualenv.py
[2023-01-15T00:38:56.730+0000] {processor.py:758} INFO - Processing file /home/airflow/.local/lib/python3.7/site-packages/airflow/example_dags/tutorial_taskflow_api_virtualenv.py for tasks to queue
[2023-01-15T00:38:56.731+0000] {logging_mixin.py:117} INFO - [2023-01-15T00:38:56.731+0000] {dagbag.py:525} INFO - Filling up the DagBag from /home/airflow/.local/lib/python3.7/site-packages/airflow/example_dags/tutorial_taskflow_api_virtualenv.py
[2023-01-15T00:38:56.828+0000] {processor.py:768} INFO - DAG(s) dict_keys(['tutorial_taskflow_api_virtualenv']) retrieved from /home/airflow/.local/lib/python3.7/site-packages/airflow/example_dags/tutorial_taskflow_api_virtualenv.py
[2023-01-15T00:38:56.933+0000] {logging_mixin.py:117} INFO - [2023-01-15T00:38:56.933+0000] {dag.py:2573} INFO - Sync 1 DAGs
[2023-01-15T00:38:56.986+0000] {logging_mixin.py:117} INFO - [2023-01-15T00:38:56.986+0000] {dag.py:3328} INFO - Setting next_dagrun for tutorial_taskflow_api_virtualenv to None, run_after=None
[2023-01-15T00:38:57.023+0000] {processor.py:178} INFO - Processing /home/airflow/.local/lib/python3.7/site-packages/airflow/example_dags/tutorial_taskflow_api_virtualenv.py took 0.323 seconds
[2023-01-15T01:44:13.987+0000] {processor.py:156} INFO - Started process (PID=24152) to work on /home/airflow/.local/lib/python3.7/site-packages/airflow/example_dags/tutorial_taskflow_api_virtualenv.py
[2023-01-15T01:44:13.990+0000] {processor.py:758} INFO - Processing file /home/airflow/.local/lib/python3.7/site-packages/airflow/example_dags/tutorial_taskflow_api_virtualenv.py for tasks to queue
[2023-01-15T01:44:13.992+0000] {logging_mixin.py:117} INFO - [2023-01-15T01:44:13.991+0000] {dagbag.py:525} INFO - Filling up the DagBag from /home/airflow/.local/lib/python3.7/site-packages/airflow/example_dags/tutorial_taskflow_api_virtualenv.py
[2023-01-15T01:44:14.063+0000] {processor.py:768} INFO - DAG(s) dict_keys(['tutorial_taskflow_api_virtualenv']) retrieved from /home/airflow/.local/lib/python3.7/site-packages/airflow/example_dags/tutorial_taskflow_api_virtualenv.py
[2023-01-15T01:44:14.168+0000] {logging_mixin.py:117} INFO - [2023-01-15T01:44:14.168+0000] {dag.py:2573} INFO - Sync 1 DAGs
[2023-01-15T01:44:14.208+0000] {logging_mixin.py:117} INFO - [2023-01-15T01:44:14.208+0000] {dag.py:3328} INFO - Setting next_dagrun for tutorial_taskflow_api_virtualenv to None, run_after=None
[2023-01-15T01:44:14.246+0000] {processor.py:178} INFO - Processing /home/airflow/.local/lib/python3.7/site-packages/airflow/example_dags/tutorial_taskflow_api_virtualenv.py took 0.279 seconds
[2023-01-15T02:15:44.756+0000] {processor.py:156} INFO - Started process (PID=24206) to work on /home/airflow/.local/lib/python3.7/site-packages/airflow/example_dags/tutorial_taskflow_api_virtualenv.py
[2023-01-15T02:15:44.757+0000] {processor.py:758} INFO - Processing file /home/airflow/.local/lib/python3.7/site-packages/airflow/example_dags/tutorial_taskflow_api_virtualenv.py for tasks to queue
[2023-01-15T02:15:44.757+0000] {logging_mixin.py:117} INFO - [2023-01-15T02:15:44.757+0000] {dagbag.py:525} INFO - Filling up the DagBag from /home/airflow/.local/lib/python3.7/site-packages/airflow/example_dags/tutorial_taskflow_api_virtualenv.py
[2023-01-15T02:15:44.778+0000] {processor.py:768} INFO - DAG(s) dict_keys(['tutorial_taskflow_api_virtualenv']) retrieved from /home/airflow/.local/lib/python3.7/site-packages/airflow/example_dags/tutorial_taskflow_api_virtualenv.py
[2023-01-15T02:15:44.811+0000] {logging_mixin.py:117} INFO - [2023-01-15T02:15:44.811+0000] {dag.py:2573} INFO - Sync 1 DAGs
[2023-01-15T02:15:44.828+0000] {logging_mixin.py:117} INFO - [2023-01-15T02:15:44.828+0000] {dag.py:3328} INFO - Setting next_dagrun for tutorial_taskflow_api_virtualenv to None, run_after=None
[2023-01-15T02:15:44.849+0000] {processor.py:178} INFO - Processing /home/airflow/.local/lib/python3.7/site-packages/airflow/example_dags/tutorial_taskflow_api_virtualenv.py took 0.096 seconds
[2023-01-15T02:16:15.397+0000] {processor.py:156} INFO - Started process (PID=24269) to work on /home/airflow/.local/lib/python3.7/site-packages/airflow/example_dags/tutorial_taskflow_api_virtualenv.py
[2023-01-15T02:16:15.398+0000] {processor.py:758} INFO - Processing file /home/airflow/.local/lib/python3.7/site-packages/airflow/example_dags/tutorial_taskflow_api_virtualenv.py for tasks to queue
[2023-01-15T02:16:15.399+0000] {logging_mixin.py:117} INFO - [2023-01-15T02:16:15.399+0000] {dagbag.py:525} INFO - Filling up the DagBag from /home/airflow/.local/lib/python3.7/site-packages/airflow/example_dags/tutorial_taskflow_api_virtualenv.py
[2023-01-15T02:16:15.419+0000] {processor.py:768} INFO - DAG(s) dict_keys(['tutorial_taskflow_api_virtualenv']) retrieved from /home/airflow/.local/lib/python3.7/site-packages/airflow/example_dags/tutorial_taskflow_api_virtualenv.py
[2023-01-15T02:16:15.472+0000] {logging_mixin.py:117} INFO - [2023-01-15T02:16:15.472+0000] {dag.py:2573} INFO - Sync 1 DAGs
[2023-01-15T02:16:15.492+0000] {logging_mixin.py:117} INFO - [2023-01-15T02:16:15.492+0000] {dag.py:3328} INFO - Setting next_dagrun for tutorial_taskflow_api_virtualenv to None, run_after=None
[2023-01-15T02:16:15.507+0000] {processor.py:178} INFO - Processing /home/airflow/.local/lib/python3.7/site-packages/airflow/example_dags/tutorial_taskflow_api_virtualenv.py took 0.113 seconds
[2023-01-15T02:49:40.660+0000] {processor.py:156} INFO - Started process (PID=24332) to work on /home/airflow/.local/lib/python3.7/site-packages/airflow/example_dags/tutorial_taskflow_api_virtualenv.py
[2023-01-15T02:49:40.661+0000] {processor.py:758} INFO - Processing file /home/airflow/.local/lib/python3.7/site-packages/airflow/example_dags/tutorial_taskflow_api_virtualenv.py for tasks to queue
[2023-01-15T02:49:40.662+0000] {logging_mixin.py:117} INFO - [2023-01-15T02:49:40.662+0000] {dagbag.py:525} INFO - Filling up the DagBag from /home/airflow/.local/lib/python3.7/site-packages/airflow/example_dags/tutorial_taskflow_api_virtualenv.py
[2023-01-15T02:49:40.684+0000] {processor.py:768} INFO - DAG(s) dict_keys(['tutorial_taskflow_api_virtualenv']) retrieved from /home/airflow/.local/lib/python3.7/site-packages/airflow/example_dags/tutorial_taskflow_api_virtualenv.py
[2023-01-15T02:49:40.735+0000] {logging_mixin.py:117} INFO - [2023-01-15T02:49:40.735+0000] {dag.py:2573} INFO - Sync 1 DAGs
[2023-01-15T02:49:40.752+0000] {logging_mixin.py:117} INFO - [2023-01-15T02:49:40.752+0000] {dag.py:3328} INFO - Setting next_dagrun for tutorial_taskflow_api_virtualenv to None, run_after=None
[2023-01-15T02:49:40.765+0000] {processor.py:178} INFO - Processing /home/airflow/.local/lib/python3.7/site-packages/airflow/example_dags/tutorial_taskflow_api_virtualenv.py took 0.107 seconds
[2023-01-15T04:10:59.563+0000] {processor.py:156} INFO - Started process (PID=24395) to work on /home/airflow/.local/lib/python3.7/site-packages/airflow/example_dags/tutorial_taskflow_api_virtualenv.py
[2023-01-15T04:10:59.576+0000] {processor.py:758} INFO - Processing file /home/airflow/.local/lib/python3.7/site-packages/airflow/example_dags/tutorial_taskflow_api_virtualenv.py for tasks to queue
[2023-01-15T04:10:59.580+0000] {logging_mixin.py:117} INFO - [2023-01-15T04:10:59.579+0000] {dagbag.py:525} INFO - Filling up the DagBag from /home/airflow/.local/lib/python3.7/site-packages/airflow/example_dags/tutorial_taskflow_api_virtualenv.py
[2023-01-15T04:10:59.713+0000] {processor.py:768} INFO - DAG(s) dict_keys(['tutorial_taskflow_api_virtualenv']) retrieved from /home/airflow/.local/lib/python3.7/site-packages/airflow/example_dags/tutorial_taskflow_api_virtualenv.py
[2023-01-15T04:10:59.777+0000] {logging_mixin.py:117} INFO - [2023-01-15T04:10:59.777+0000] {dag.py:2573} INFO - Sync 1 DAGs
[2023-01-15T04:10:59.824+0000] {logging_mixin.py:117} INFO - [2023-01-15T04:10:59.824+0000] {dag.py:3328} INFO - Setting next_dagrun for tutorial_taskflow_api_virtualenv to None, run_after=None
[2023-01-15T04:10:59.857+0000] {processor.py:178} INFO - Processing /home/airflow/.local/lib/python3.7/site-packages/airflow/example_dags/tutorial_taskflow_api_virtualenv.py took 0.307 seconds
[2023-01-15T05:08:47.381+0000] {processor.py:156} INFO - Started process (PID=24449) to work on /home/airflow/.local/lib/python3.7/site-packages/airflow/example_dags/tutorial_taskflow_api_virtualenv.py
[2023-01-15T05:08:47.384+0000] {processor.py:758} INFO - Processing file /home/airflow/.local/lib/python3.7/site-packages/airflow/example_dags/tutorial_taskflow_api_virtualenv.py for tasks to queue
[2023-01-15T05:08:47.386+0000] {logging_mixin.py:117} INFO - [2023-01-15T05:08:47.386+0000] {dagbag.py:525} INFO - Filling up the DagBag from /home/airflow/.local/lib/python3.7/site-packages/airflow/example_dags/tutorial_taskflow_api_virtualenv.py
[2023-01-15T05:08:47.470+0000] {processor.py:768} INFO - DAG(s) dict_keys(['tutorial_taskflow_api_virtualenv']) retrieved from /home/airflow/.local/lib/python3.7/site-packages/airflow/example_dags/tutorial_taskflow_api_virtualenv.py
[2023-01-15T05:08:47.644+0000] {logging_mixin.py:117} INFO - [2023-01-15T05:08:47.644+0000] {dag.py:2573} INFO - Sync 1 DAGs
[2023-01-15T05:08:47.694+0000] {logging_mixin.py:117} INFO - [2023-01-15T05:08:47.694+0000] {dag.py:3328} INFO - Setting next_dagrun for tutorial_taskflow_api_virtualenv to None, run_after=None
[2023-01-15T05:08:47.740+0000] {processor.py:178} INFO - Processing /home/airflow/.local/lib/python3.7/site-packages/airflow/example_dags/tutorial_taskflow_api_virtualenv.py took 0.374 seconds
[2023-01-15T06:14:15.479+0000] {processor.py:156} INFO - Started process (PID=24513) to work on /home/airflow/.local/lib/python3.7/site-packages/airflow/example_dags/tutorial_taskflow_api_virtualenv.py
[2023-01-15T06:14:15.481+0000] {processor.py:758} INFO - Processing file /home/airflow/.local/lib/python3.7/site-packages/airflow/example_dags/tutorial_taskflow_api_virtualenv.py for tasks to queue
[2023-01-15T06:14:15.483+0000] {logging_mixin.py:117} INFO - [2023-01-15T06:14:15.483+0000] {dagbag.py:525} INFO - Filling up the DagBag from /home/airflow/.local/lib/python3.7/site-packages/airflow/example_dags/tutorial_taskflow_api_virtualenv.py
[2023-01-15T06:14:15.591+0000] {processor.py:768} INFO - DAG(s) dict_keys(['tutorial_taskflow_api_virtualenv']) retrieved from /home/airflow/.local/lib/python3.7/site-packages/airflow/example_dags/tutorial_taskflow_api_virtualenv.py
[2023-01-15T06:14:15.685+0000] {logging_mixin.py:117} INFO - [2023-01-15T06:14:15.685+0000] {dag.py:2573} INFO - Sync 1 DAGs
[2023-01-15T06:14:15.725+0000] {logging_mixin.py:117} INFO - [2023-01-15T06:14:15.725+0000] {dag.py:3328} INFO - Setting next_dagrun for tutorial_taskflow_api_virtualenv to None, run_after=None
[2023-01-15T06:14:15.758+0000] {processor.py:178} INFO - Processing /home/airflow/.local/lib/python3.7/site-packages/airflow/example_dags/tutorial_taskflow_api_virtualenv.py took 0.285 seconds
[2023-01-15T06:57:21.798+0000] {processor.py:156} INFO - Started process (PID=24576) to work on /home/airflow/.local/lib/python3.7/site-packages/airflow/example_dags/tutorial_taskflow_api_virtualenv.py
[2023-01-15T06:57:21.799+0000] {processor.py:758} INFO - Processing file /home/airflow/.local/lib/python3.7/site-packages/airflow/example_dags/tutorial_taskflow_api_virtualenv.py for tasks to queue
[2023-01-15T06:57:21.800+0000] {logging_mixin.py:117} INFO - [2023-01-15T06:57:21.799+0000] {dagbag.py:525} INFO - Filling up the DagBag from /home/airflow/.local/lib/python3.7/site-packages/airflow/example_dags/tutorial_taskflow_api_virtualenv.py
[2023-01-15T06:57:21.820+0000] {processor.py:768} INFO - DAG(s) dict_keys(['tutorial_taskflow_api_virtualenv']) retrieved from /home/airflow/.local/lib/python3.7/site-packages/airflow/example_dags/tutorial_taskflow_api_virtualenv.py
[2023-01-15T06:57:21.971+0000] {logging_mixin.py:117} INFO - [2023-01-15T06:57:21.970+0000] {dag.py:2573} INFO - Sync 1 DAGs
[2023-01-15T06:57:22.050+0000] {logging_mixin.py:117} INFO - [2023-01-15T06:57:22.050+0000] {dag.py:3328} INFO - Setting next_dagrun for tutorial_taskflow_api_virtualenv to None, run_after=None
[2023-01-15T06:57:22.105+0000] {processor.py:178} INFO - Processing /home/airflow/.local/lib/python3.7/site-packages/airflow/example_dags/tutorial_taskflow_api_virtualenv.py took 0.310 seconds
[2023-01-15T08:03:13.378+0000] {processor.py:156} INFO - Started process (PID=24639) to work on /home/airflow/.local/lib/python3.7/site-packages/airflow/example_dags/tutorial_taskflow_api_virtualenv.py
[2023-01-15T08:03:13.381+0000] {processor.py:758} INFO - Processing file /home/airflow/.local/lib/python3.7/site-packages/airflow/example_dags/tutorial_taskflow_api_virtualenv.py for tasks to queue
[2023-01-15T08:03:13.385+0000] {logging_mixin.py:117} INFO - [2023-01-15T08:03:13.385+0000] {dagbag.py:525} INFO - Filling up the DagBag from /home/airflow/.local/lib/python3.7/site-packages/airflow/example_dags/tutorial_taskflow_api_virtualenv.py
[2023-01-15T08:03:13.452+0000] {processor.py:768} INFO - DAG(s) dict_keys(['tutorial_taskflow_api_virtualenv']) retrieved from /home/airflow/.local/lib/python3.7/site-packages/airflow/example_dags/tutorial_taskflow_api_virtualenv.py
[2023-01-15T08:03:13.567+0000] {logging_mixin.py:117} INFO - [2023-01-15T08:03:13.567+0000] {dag.py:2573} INFO - Sync 1 DAGs
[2023-01-15T08:03:13.622+0000] {logging_mixin.py:117} INFO - [2023-01-15T08:03:13.622+0000] {dag.py:3328} INFO - Setting next_dagrun for tutorial_taskflow_api_virtualenv to None, run_after=None
[2023-01-15T08:03:13.648+0000] {processor.py:178} INFO - Processing /home/airflow/.local/lib/python3.7/site-packages/airflow/example_dags/tutorial_taskflow_api_virtualenv.py took 0.286 seconds
[2023-01-15T09:11:02.645+0000] {processor.py:156} INFO - Started process (PID=24693) to work on /home/airflow/.local/lib/python3.7/site-packages/airflow/example_dags/tutorial_taskflow_api_virtualenv.py
[2023-01-15T09:11:02.652+0000] {processor.py:758} INFO - Processing file /home/airflow/.local/lib/python3.7/site-packages/airflow/example_dags/tutorial_taskflow_api_virtualenv.py for tasks to queue
[2023-01-15T09:11:02.654+0000] {logging_mixin.py:117} INFO - [2023-01-15T09:11:02.653+0000] {dagbag.py:525} INFO - Filling up the DagBag from /home/airflow/.local/lib/python3.7/site-packages/airflow/example_dags/tutorial_taskflow_api_virtualenv.py
[2023-01-15T09:11:02.715+0000] {processor.py:768} INFO - DAG(s) dict_keys(['tutorial_taskflow_api_virtualenv']) retrieved from /home/airflow/.local/lib/python3.7/site-packages/airflow/example_dags/tutorial_taskflow_api_virtualenv.py
[2023-01-15T09:11:02.821+0000] {logging_mixin.py:117} INFO - [2023-01-15T09:11:02.821+0000] {dag.py:2573} INFO - Sync 1 DAGs
[2023-01-15T09:11:02.875+0000] {logging_mixin.py:117} INFO - [2023-01-15T09:11:02.874+0000] {dag.py:3328} INFO - Setting next_dagrun for tutorial_taskflow_api_virtualenv to None, run_after=None
[2023-01-15T09:11:02.902+0000] {processor.py:178} INFO - Processing /home/airflow/.local/lib/python3.7/site-packages/airflow/example_dags/tutorial_taskflow_api_virtualenv.py took 0.261 seconds
[2023-01-15T09:32:50.555+0000] {processor.py:156} INFO - Started process (PID=24757) to work on /home/airflow/.local/lib/python3.7/site-packages/airflow/example_dags/tutorial_taskflow_api_virtualenv.py
[2023-01-15T09:32:50.560+0000] {processor.py:758} INFO - Processing file /home/airflow/.local/lib/python3.7/site-packages/airflow/example_dags/tutorial_taskflow_api_virtualenv.py for tasks to queue
[2023-01-15T09:32:50.561+0000] {logging_mixin.py:117} INFO - [2023-01-15T09:32:50.561+0000] {dagbag.py:525} INFO - Filling up the DagBag from /home/airflow/.local/lib/python3.7/site-packages/airflow/example_dags/tutorial_taskflow_api_virtualenv.py
[2023-01-15T09:32:50.592+0000] {processor.py:768} INFO - DAG(s) dict_keys(['tutorial_taskflow_api_virtualenv']) retrieved from /home/airflow/.local/lib/python3.7/site-packages/airflow/example_dags/tutorial_taskflow_api_virtualenv.py
[2023-01-15T09:32:50.675+0000] {logging_mixin.py:117} INFO - [2023-01-15T09:32:50.675+0000] {dag.py:2573} INFO - Sync 1 DAGs
[2023-01-15T09:32:50.737+0000] {logging_mixin.py:117} INFO - [2023-01-15T09:32:50.736+0000] {dag.py:3328} INFO - Setting next_dagrun for tutorial_taskflow_api_virtualenv to None, run_after=None
[2023-01-15T09:32:50.769+0000] {processor.py:178} INFO - Processing /home/airflow/.local/lib/python3.7/site-packages/airflow/example_dags/tutorial_taskflow_api_virtualenv.py took 0.220 seconds
[2023-01-15T09:33:53.905+0000] {processor.py:156} INFO - Started process (PID=24820) to work on /home/airflow/.local/lib/python3.7/site-packages/airflow/example_dags/tutorial_taskflow_api_virtualenv.py
[2023-01-15T09:33:53.906+0000] {processor.py:758} INFO - Processing file /home/airflow/.local/lib/python3.7/site-packages/airflow/example_dags/tutorial_taskflow_api_virtualenv.py for tasks to queue
[2023-01-15T09:33:53.907+0000] {logging_mixin.py:117} INFO - [2023-01-15T09:33:53.907+0000] {dagbag.py:525} INFO - Filling up the DagBag from /home/airflow/.local/lib/python3.7/site-packages/airflow/example_dags/tutorial_taskflow_api_virtualenv.py
[2023-01-15T09:33:53.942+0000] {processor.py:768} INFO - DAG(s) dict_keys(['tutorial_taskflow_api_virtualenv']) retrieved from /home/airflow/.local/lib/python3.7/site-packages/airflow/example_dags/tutorial_taskflow_api_virtualenv.py
[2023-01-15T09:33:53.983+0000] {logging_mixin.py:117} INFO - [2023-01-15T09:33:53.983+0000] {dag.py:2573} INFO - Sync 1 DAGs
[2023-01-15T09:33:54.001+0000] {logging_mixin.py:117} INFO - [2023-01-15T09:33:54.001+0000] {dag.py:3328} INFO - Setting next_dagrun for tutorial_taskflow_api_virtualenv to None, run_after=None
[2023-01-15T09:33:54.015+0000] {processor.py:178} INFO - Processing /home/airflow/.local/lib/python3.7/site-packages/airflow/example_dags/tutorial_taskflow_api_virtualenv.py took 0.115 seconds
[2023-01-15T09:43:26.001+0000] {processor.py:156} INFO - Started process (PID=24883) to work on /home/airflow/.local/lib/python3.7/site-packages/airflow/example_dags/tutorial_taskflow_api_virtualenv.py
[2023-01-15T09:43:26.002+0000] {processor.py:758} INFO - Processing file /home/airflow/.local/lib/python3.7/site-packages/airflow/example_dags/tutorial_taskflow_api_virtualenv.py for tasks to queue
[2023-01-15T09:43:26.003+0000] {logging_mixin.py:117} INFO - [2023-01-15T09:43:26.003+0000] {dagbag.py:525} INFO - Filling up the DagBag from /home/airflow/.local/lib/python3.7/site-packages/airflow/example_dags/tutorial_taskflow_api_virtualenv.py
[2023-01-15T09:43:26.023+0000] {processor.py:768} INFO - DAG(s) dict_keys(['tutorial_taskflow_api_virtualenv']) retrieved from /home/airflow/.local/lib/python3.7/site-packages/airflow/example_dags/tutorial_taskflow_api_virtualenv.py
[2023-01-15T09:43:26.074+0000] {logging_mixin.py:117} INFO - [2023-01-15T09:43:26.074+0000] {dag.py:2573} INFO - Sync 1 DAGs
[2023-01-15T09:43:26.114+0000] {logging_mixin.py:117} INFO - [2023-01-15T09:43:26.114+0000] {dag.py:3328} INFO - Setting next_dagrun for tutorial_taskflow_api_virtualenv to None, run_after=None
[2023-01-15T09:43:26.138+0000] {processor.py:178} INFO - Processing /home/airflow/.local/lib/python3.7/site-packages/airflow/example_dags/tutorial_taskflow_api_virtualenv.py took 0.140 seconds
[2023-01-15T11:04:06.205+0000] {processor.py:156} INFO - Started process (PID=24937) to work on /home/airflow/.local/lib/python3.7/site-packages/airflow/example_dags/tutorial_taskflow_api_virtualenv.py
[2023-01-15T11:04:06.207+0000] {processor.py:758} INFO - Processing file /home/airflow/.local/lib/python3.7/site-packages/airflow/example_dags/tutorial_taskflow_api_virtualenv.py for tasks to queue
[2023-01-15T11:04:06.209+0000] {logging_mixin.py:117} INFO - [2023-01-15T11:04:06.208+0000] {dagbag.py:525} INFO - Filling up the DagBag from /home/airflow/.local/lib/python3.7/site-packages/airflow/example_dags/tutorial_taskflow_api_virtualenv.py
[2023-01-15T11:04:06.279+0000] {processor.py:768} INFO - DAG(s) dict_keys(['tutorial_taskflow_api_virtualenv']) retrieved from /home/airflow/.local/lib/python3.7/site-packages/airflow/example_dags/tutorial_taskflow_api_virtualenv.py
[2023-01-15T11:04:06.379+0000] {logging_mixin.py:117} INFO - [2023-01-15T11:04:06.379+0000] {dag.py:2573} INFO - Sync 1 DAGs
[2023-01-15T11:04:06.438+0000] {logging_mixin.py:117} INFO - [2023-01-15T11:04:06.438+0000] {dag.py:3328} INFO - Setting next_dagrun for tutorial_taskflow_api_virtualenv to None, run_after=None
[2023-01-15T11:04:06.481+0000] {processor.py:178} INFO - Processing /home/airflow/.local/lib/python3.7/site-packages/airflow/example_dags/tutorial_taskflow_api_virtualenv.py took 0.289 seconds
[2023-01-15T12:04:13.231+0000] {processor.py:156} INFO - Started process (PID=25000) to work on /home/airflow/.local/lib/python3.7/site-packages/airflow/example_dags/tutorial_taskflow_api_virtualenv.py
[2023-01-15T12:04:13.233+0000] {processor.py:758} INFO - Processing file /home/airflow/.local/lib/python3.7/site-packages/airflow/example_dags/tutorial_taskflow_api_virtualenv.py for tasks to queue
[2023-01-15T12:04:13.234+0000] {logging_mixin.py:117} INFO - [2023-01-15T12:04:13.234+0000] {dagbag.py:525} INFO - Filling up the DagBag from /home/airflow/.local/lib/python3.7/site-packages/airflow/example_dags/tutorial_taskflow_api_virtualenv.py
[2023-01-15T12:04:13.270+0000] {processor.py:768} INFO - DAG(s) dict_keys(['tutorial_taskflow_api_virtualenv']) retrieved from /home/airflow/.local/lib/python3.7/site-packages/airflow/example_dags/tutorial_taskflow_api_virtualenv.py
[2023-01-15T12:04:13.324+0000] {logging_mixin.py:117} INFO - [2023-01-15T12:04:13.324+0000] {dag.py:2573} INFO - Sync 1 DAGs
[2023-01-15T12:04:13.392+0000] {logging_mixin.py:117} INFO - [2023-01-15T12:04:13.391+0000] {dag.py:3328} INFO - Setting next_dagrun for tutorial_taskflow_api_virtualenv to None, run_after=None
[2023-01-15T12:04:13.443+0000] {processor.py:178} INFO - Processing /home/airflow/.local/lib/python3.7/site-packages/airflow/example_dags/tutorial_taskflow_api_virtualenv.py took 0.216 seconds
[2023-01-15T12:42:34.873+0000] {processor.py:156} INFO - Started process (PID=25063) to work on /home/airflow/.local/lib/python3.7/site-packages/airflow/example_dags/tutorial_taskflow_api_virtualenv.py
[2023-01-15T12:42:34.880+0000] {processor.py:758} INFO - Processing file /home/airflow/.local/lib/python3.7/site-packages/airflow/example_dags/tutorial_taskflow_api_virtualenv.py for tasks to queue
[2023-01-15T12:42:34.882+0000] {logging_mixin.py:117} INFO - [2023-01-15T12:42:34.882+0000] {dagbag.py:525} INFO - Filling up the DagBag from /home/airflow/.local/lib/python3.7/site-packages/airflow/example_dags/tutorial_taskflow_api_virtualenv.py
[2023-01-15T12:42:34.969+0000] {processor.py:768} INFO - DAG(s) dict_keys(['tutorial_taskflow_api_virtualenv']) retrieved from /home/airflow/.local/lib/python3.7/site-packages/airflow/example_dags/tutorial_taskflow_api_virtualenv.py
[2023-01-15T12:42:35.111+0000] {logging_mixin.py:117} INFO - [2023-01-15T12:42:35.111+0000] {dag.py:2573} INFO - Sync 1 DAGs
[2023-01-15T12:42:35.159+0000] {logging_mixin.py:117} INFO - [2023-01-15T12:42:35.159+0000] {dag.py:3328} INFO - Setting next_dagrun for tutorial_taskflow_api_virtualenv to None, run_after=None
[2023-01-15T12:42:35.192+0000] {processor.py:178} INFO - Processing /home/airflow/.local/lib/python3.7/site-packages/airflow/example_dags/tutorial_taskflow_api_virtualenv.py took 0.330 seconds
[2023-01-15T13:21:53.894+0000] {processor.py:156} INFO - Started process (PID=25126) to work on /home/airflow/.local/lib/python3.7/site-packages/airflow/example_dags/tutorial_taskflow_api_virtualenv.py
[2023-01-15T13:21:53.896+0000] {processor.py:758} INFO - Processing file /home/airflow/.local/lib/python3.7/site-packages/airflow/example_dags/tutorial_taskflow_api_virtualenv.py for tasks to queue
[2023-01-15T13:21:53.897+0000] {logging_mixin.py:117} INFO - [2023-01-15T13:21:53.897+0000] {dagbag.py:525} INFO - Filling up the DagBag from /home/airflow/.local/lib/python3.7/site-packages/airflow/example_dags/tutorial_taskflow_api_virtualenv.py
[2023-01-15T13:21:53.919+0000] {processor.py:768} INFO - DAG(s) dict_keys(['tutorial_taskflow_api_virtualenv']) retrieved from /home/airflow/.local/lib/python3.7/site-packages/airflow/example_dags/tutorial_taskflow_api_virtualenv.py
[2023-01-15T13:21:53.956+0000] {logging_mixin.py:117} INFO - [2023-01-15T13:21:53.956+0000] {dag.py:2573} INFO - Sync 1 DAGs
[2023-01-15T13:21:53.974+0000] {logging_mixin.py:117} INFO - [2023-01-15T13:21:53.974+0000] {dag.py:3328} INFO - Setting next_dagrun for tutorial_taskflow_api_virtualenv to None, run_after=None
[2023-01-15T13:21:53.991+0000] {processor.py:178} INFO - Processing /home/airflow/.local/lib/python3.7/site-packages/airflow/example_dags/tutorial_taskflow_api_virtualenv.py took 0.100 seconds
[2023-01-15T13:38:26.258+0000] {processor.py:156} INFO - Started process (PID=25180) to work on /home/airflow/.local/lib/python3.7/site-packages/airflow/example_dags/tutorial_taskflow_api_virtualenv.py
[2023-01-15T13:38:26.260+0000] {processor.py:758} INFO - Processing file /home/airflow/.local/lib/python3.7/site-packages/airflow/example_dags/tutorial_taskflow_api_virtualenv.py for tasks to queue
[2023-01-15T13:38:26.261+0000] {logging_mixin.py:117} INFO - [2023-01-15T13:38:26.261+0000] {dagbag.py:525} INFO - Filling up the DagBag from /home/airflow/.local/lib/python3.7/site-packages/airflow/example_dags/tutorial_taskflow_api_virtualenv.py
[2023-01-15T13:38:26.291+0000] {processor.py:768} INFO - DAG(s) dict_keys(['tutorial_taskflow_api_virtualenv']) retrieved from /home/airflow/.local/lib/python3.7/site-packages/airflow/example_dags/tutorial_taskflow_api_virtualenv.py
[2023-01-15T13:38:26.345+0000] {logging_mixin.py:117} INFO - [2023-01-15T13:38:26.345+0000] {dag.py:2573} INFO - Sync 1 DAGs
[2023-01-15T13:38:26.367+0000] {logging_mixin.py:117} INFO - [2023-01-15T13:38:26.367+0000] {dag.py:3328} INFO - Setting next_dagrun for tutorial_taskflow_api_virtualenv to None, run_after=None
[2023-01-15T13:38:26.379+0000] {processor.py:178} INFO - Processing /home/airflow/.local/lib/python3.7/site-packages/airflow/example_dags/tutorial_taskflow_api_virtualenv.py took 0.124 seconds
[2023-01-15T13:38:57.289+0000] {processor.py:156} INFO - Started process (PID=25243) to work on /home/airflow/.local/lib/python3.7/site-packages/airflow/example_dags/tutorial_taskflow_api_virtualenv.py
[2023-01-15T13:38:57.292+0000] {processor.py:758} INFO - Processing file /home/airflow/.local/lib/python3.7/site-packages/airflow/example_dags/tutorial_taskflow_api_virtualenv.py for tasks to queue
[2023-01-15T13:38:57.294+0000] {logging_mixin.py:117} INFO - [2023-01-15T13:38:57.294+0000] {dagbag.py:525} INFO - Filling up the DagBag from /home/airflow/.local/lib/python3.7/site-packages/airflow/example_dags/tutorial_taskflow_api_virtualenv.py
[2023-01-15T13:38:57.318+0000] {processor.py:768} INFO - DAG(s) dict_keys(['tutorial_taskflow_api_virtualenv']) retrieved from /home/airflow/.local/lib/python3.7/site-packages/airflow/example_dags/tutorial_taskflow_api_virtualenv.py
[2023-01-15T13:38:57.353+0000] {logging_mixin.py:117} INFO - [2023-01-15T13:38:57.353+0000] {dag.py:2573} INFO - Sync 1 DAGs
[2023-01-15T13:38:57.374+0000] {logging_mixin.py:117} INFO - [2023-01-15T13:38:57.374+0000] {dag.py:3328} INFO - Setting next_dagrun for tutorial_taskflow_api_virtualenv to None, run_after=None
[2023-01-15T13:38:57.392+0000] {processor.py:178} INFO - Processing /home/airflow/.local/lib/python3.7/site-packages/airflow/example_dags/tutorial_taskflow_api_virtualenv.py took 0.113 seconds
[2023-01-15T13:39:27.930+0000] {processor.py:156} INFO - Started process (PID=25306) to work on /home/airflow/.local/lib/python3.7/site-packages/airflow/example_dags/tutorial_taskflow_api_virtualenv.py
[2023-01-15T13:39:27.934+0000] {processor.py:758} INFO - Processing file /home/airflow/.local/lib/python3.7/site-packages/airflow/example_dags/tutorial_taskflow_api_virtualenv.py for tasks to queue
[2023-01-15T13:39:27.935+0000] {logging_mixin.py:117} INFO - [2023-01-15T13:39:27.935+0000] {dagbag.py:525} INFO - Filling up the DagBag from /home/airflow/.local/lib/python3.7/site-packages/airflow/example_dags/tutorial_taskflow_api_virtualenv.py
[2023-01-15T13:39:27.957+0000] {processor.py:768} INFO - DAG(s) dict_keys(['tutorial_taskflow_api_virtualenv']) retrieved from /home/airflow/.local/lib/python3.7/site-packages/airflow/example_dags/tutorial_taskflow_api_virtualenv.py
[2023-01-15T13:39:27.998+0000] {logging_mixin.py:117} INFO - [2023-01-15T13:39:27.998+0000] {dag.py:2573} INFO - Sync 1 DAGs
[2023-01-15T13:39:28.018+0000] {logging_mixin.py:117} INFO - [2023-01-15T13:39:28.018+0000] {dag.py:3328} INFO - Setting next_dagrun for tutorial_taskflow_api_virtualenv to None, run_after=None
[2023-01-15T13:39:28.030+0000] {processor.py:178} INFO - Processing /home/airflow/.local/lib/python3.7/site-packages/airflow/example_dags/tutorial_taskflow_api_virtualenv.py took 0.103 seconds
[2023-01-15T13:39:58.175+0000] {processor.py:156} INFO - Started process (PID=25369) to work on /home/airflow/.local/lib/python3.7/site-packages/airflow/example_dags/tutorial_taskflow_api_virtualenv.py
[2023-01-15T13:39:58.178+0000] {processor.py:758} INFO - Processing file /home/airflow/.local/lib/python3.7/site-packages/airflow/example_dags/tutorial_taskflow_api_virtualenv.py for tasks to queue
[2023-01-15T13:39:58.179+0000] {logging_mixin.py:117} INFO - [2023-01-15T13:39:58.178+0000] {dagbag.py:525} INFO - Filling up the DagBag from /home/airflow/.local/lib/python3.7/site-packages/airflow/example_dags/tutorial_taskflow_api_virtualenv.py
[2023-01-15T13:39:58.199+0000] {processor.py:768} INFO - DAG(s) dict_keys(['tutorial_taskflow_api_virtualenv']) retrieved from /home/airflow/.local/lib/python3.7/site-packages/airflow/example_dags/tutorial_taskflow_api_virtualenv.py
[2023-01-15T13:39:58.235+0000] {logging_mixin.py:117} INFO - [2023-01-15T13:39:58.235+0000] {dag.py:2573} INFO - Sync 1 DAGs
[2023-01-15T13:39:58.253+0000] {logging_mixin.py:117} INFO - [2023-01-15T13:39:58.253+0000] {dag.py:3328} INFO - Setting next_dagrun for tutorial_taskflow_api_virtualenv to None, run_after=None
[2023-01-15T13:39:58.266+0000] {processor.py:178} INFO - Processing /home/airflow/.local/lib/python3.7/site-packages/airflow/example_dags/tutorial_taskflow_api_virtualenv.py took 0.094 seconds
[2023-01-15T13:40:28.698+0000] {processor.py:156} INFO - Started process (PID=25432) to work on /home/airflow/.local/lib/python3.7/site-packages/airflow/example_dags/tutorial_taskflow_api_virtualenv.py
[2023-01-15T13:40:28.701+0000] {processor.py:758} INFO - Processing file /home/airflow/.local/lib/python3.7/site-packages/airflow/example_dags/tutorial_taskflow_api_virtualenv.py for tasks to queue
[2023-01-15T13:40:28.702+0000] {logging_mixin.py:117} INFO - [2023-01-15T13:40:28.702+0000] {dagbag.py:525} INFO - Filling up the DagBag from /home/airflow/.local/lib/python3.7/site-packages/airflow/example_dags/tutorial_taskflow_api_virtualenv.py
[2023-01-15T13:40:28.727+0000] {processor.py:768} INFO - DAG(s) dict_keys(['tutorial_taskflow_api_virtualenv']) retrieved from /home/airflow/.local/lib/python3.7/site-packages/airflow/example_dags/tutorial_taskflow_api_virtualenv.py
[2023-01-15T13:40:28.764+0000] {logging_mixin.py:117} INFO - [2023-01-15T13:40:28.764+0000] {dag.py:2573} INFO - Sync 1 DAGs
[2023-01-15T13:40:28.786+0000] {logging_mixin.py:117} INFO - [2023-01-15T13:40:28.785+0000] {dag.py:3328} INFO - Setting next_dagrun for tutorial_taskflow_api_virtualenv to None, run_after=None
[2023-01-15T13:40:28.798+0000] {processor.py:178} INFO - Processing /home/airflow/.local/lib/python3.7/site-packages/airflow/example_dags/tutorial_taskflow_api_virtualenv.py took 0.107 seconds
[2023-01-15T13:40:59.290+0000] {processor.py:156} INFO - Started process (PID=25495) to work on /home/airflow/.local/lib/python3.7/site-packages/airflow/example_dags/tutorial_taskflow_api_virtualenv.py
[2023-01-15T13:40:59.291+0000] {processor.py:758} INFO - Processing file /home/airflow/.local/lib/python3.7/site-packages/airflow/example_dags/tutorial_taskflow_api_virtualenv.py for tasks to queue
[2023-01-15T13:40:59.292+0000] {logging_mixin.py:117} INFO - [2023-01-15T13:40:59.292+0000] {dagbag.py:525} INFO - Filling up the DagBag from /home/airflow/.local/lib/python3.7/site-packages/airflow/example_dags/tutorial_taskflow_api_virtualenv.py
[2023-01-15T13:40:59.311+0000] {processor.py:768} INFO - DAG(s) dict_keys(['tutorial_taskflow_api_virtualenv']) retrieved from /home/airflow/.local/lib/python3.7/site-packages/airflow/example_dags/tutorial_taskflow_api_virtualenv.py
[2023-01-15T13:40:59.344+0000] {logging_mixin.py:117} INFO - [2023-01-15T13:40:59.344+0000] {dag.py:2573} INFO - Sync 1 DAGs
[2023-01-15T13:40:59.361+0000] {logging_mixin.py:117} INFO - [2023-01-15T13:40:59.361+0000] {dag.py:3328} INFO - Setting next_dagrun for tutorial_taskflow_api_virtualenv to None, run_after=None
[2023-01-15T13:40:59.385+0000] {processor.py:178} INFO - Processing /home/airflow/.local/lib/python3.7/site-packages/airflow/example_dags/tutorial_taskflow_api_virtualenv.py took 0.098 seconds
[2023-01-15T13:41:29.536+0000] {processor.py:156} INFO - Started process (PID=25549) to work on /home/airflow/.local/lib/python3.7/site-packages/airflow/example_dags/tutorial_taskflow_api_virtualenv.py
[2023-01-15T13:41:29.538+0000] {processor.py:758} INFO - Processing file /home/airflow/.local/lib/python3.7/site-packages/airflow/example_dags/tutorial_taskflow_api_virtualenv.py for tasks to queue
[2023-01-15T13:41:29.539+0000] {logging_mixin.py:117} INFO - [2023-01-15T13:41:29.539+0000] {dagbag.py:525} INFO - Filling up the DagBag from /home/airflow/.local/lib/python3.7/site-packages/airflow/example_dags/tutorial_taskflow_api_virtualenv.py
[2023-01-15T13:41:29.562+0000] {processor.py:768} INFO - DAG(s) dict_keys(['tutorial_taskflow_api_virtualenv']) retrieved from /home/airflow/.local/lib/python3.7/site-packages/airflow/example_dags/tutorial_taskflow_api_virtualenv.py
[2023-01-15T13:41:29.596+0000] {logging_mixin.py:117} INFO - [2023-01-15T13:41:29.596+0000] {dag.py:2573} INFO - Sync 1 DAGs
[2023-01-15T13:41:29.612+0000] {logging_mixin.py:117} INFO - [2023-01-15T13:41:29.612+0000] {dag.py:3328} INFO - Setting next_dagrun for tutorial_taskflow_api_virtualenv to None, run_after=None
[2023-01-15T13:41:29.624+0000] {processor.py:178} INFO - Processing /home/airflow/.local/lib/python3.7/site-packages/airflow/example_dags/tutorial_taskflow_api_virtualenv.py took 0.092 seconds
[2023-01-15T13:41:59.967+0000] {processor.py:156} INFO - Started process (PID=25613) to work on /home/airflow/.local/lib/python3.7/site-packages/airflow/example_dags/tutorial_taskflow_api_virtualenv.py
[2023-01-15T13:41:59.968+0000] {processor.py:758} INFO - Processing file /home/airflow/.local/lib/python3.7/site-packages/airflow/example_dags/tutorial_taskflow_api_virtualenv.py for tasks to queue
[2023-01-15T13:41:59.969+0000] {logging_mixin.py:117} INFO - [2023-01-15T13:41:59.969+0000] {dagbag.py:525} INFO - Filling up the DagBag from /home/airflow/.local/lib/python3.7/site-packages/airflow/example_dags/tutorial_taskflow_api_virtualenv.py
[2023-01-15T13:41:59.990+0000] {processor.py:768} INFO - DAG(s) dict_keys(['tutorial_taskflow_api_virtualenv']) retrieved from /home/airflow/.local/lib/python3.7/site-packages/airflow/example_dags/tutorial_taskflow_api_virtualenv.py
[2023-01-15T13:42:00.021+0000] {logging_mixin.py:117} INFO - [2023-01-15T13:42:00.021+0000] {dag.py:2573} INFO - Sync 1 DAGs
[2023-01-15T13:42:00.035+0000] {logging_mixin.py:117} INFO - [2023-01-15T13:42:00.035+0000] {dag.py:3328} INFO - Setting next_dagrun for tutorial_taskflow_api_virtualenv to None, run_after=None
[2023-01-15T13:42:00.045+0000] {processor.py:178} INFO - Processing /home/airflow/.local/lib/python3.7/site-packages/airflow/example_dags/tutorial_taskflow_api_virtualenv.py took 0.082 seconds
[2023-01-15T13:58:03.234+0000] {processor.py:156} INFO - Started process (PID=25676) to work on /home/airflow/.local/lib/python3.7/site-packages/airflow/example_dags/tutorial_taskflow_api_virtualenv.py
[2023-01-15T13:58:03.238+0000] {processor.py:758} INFO - Processing file /home/airflow/.local/lib/python3.7/site-packages/airflow/example_dags/tutorial_taskflow_api_virtualenv.py for tasks to queue
[2023-01-15T13:58:03.242+0000] {logging_mixin.py:117} INFO - [2023-01-15T13:58:03.242+0000] {dagbag.py:525} INFO - Filling up the DagBag from /home/airflow/.local/lib/python3.7/site-packages/airflow/example_dags/tutorial_taskflow_api_virtualenv.py
[2023-01-15T13:58:03.323+0000] {processor.py:768} INFO - DAG(s) dict_keys(['tutorial_taskflow_api_virtualenv']) retrieved from /home/airflow/.local/lib/python3.7/site-packages/airflow/example_dags/tutorial_taskflow_api_virtualenv.py
[2023-01-15T13:58:03.423+0000] {logging_mixin.py:117} INFO - [2023-01-15T13:58:03.423+0000] {dag.py:2573} INFO - Sync 1 DAGs
[2023-01-15T13:58:03.471+0000] {logging_mixin.py:117} INFO - [2023-01-15T13:58:03.471+0000] {dag.py:3328} INFO - Setting next_dagrun for tutorial_taskflow_api_virtualenv to None, run_after=None
[2023-01-15T13:58:03.505+0000] {processor.py:178} INFO - Processing /home/airflow/.local/lib/python3.7/site-packages/airflow/example_dags/tutorial_taskflow_api_virtualenv.py took 0.283 seconds
[2023-01-15T14:09:05.505+0000] {processor.py:156} INFO - Started process (PID=25739) to work on /home/airflow/.local/lib/python3.7/site-packages/airflow/example_dags/tutorial_taskflow_api_virtualenv.py
[2023-01-15T14:09:05.506+0000] {processor.py:758} INFO - Processing file /home/airflow/.local/lib/python3.7/site-packages/airflow/example_dags/tutorial_taskflow_api_virtualenv.py for tasks to queue
[2023-01-15T14:09:05.506+0000] {logging_mixin.py:117} INFO - [2023-01-15T14:09:05.506+0000] {dagbag.py:525} INFO - Filling up the DagBag from /home/airflow/.local/lib/python3.7/site-packages/airflow/example_dags/tutorial_taskflow_api_virtualenv.py
[2023-01-15T14:09:05.525+0000] {processor.py:768} INFO - DAG(s) dict_keys(['tutorial_taskflow_api_virtualenv']) retrieved from /home/airflow/.local/lib/python3.7/site-packages/airflow/example_dags/tutorial_taskflow_api_virtualenv.py
[2023-01-15T14:09:05.571+0000] {logging_mixin.py:117} INFO - [2023-01-15T14:09:05.571+0000] {dag.py:2573} INFO - Sync 1 DAGs
[2023-01-15T14:09:05.589+0000] {logging_mixin.py:117} INFO - [2023-01-15T14:09:05.589+0000] {dag.py:3328} INFO - Setting next_dagrun for tutorial_taskflow_api_virtualenv to None, run_after=None
[2023-01-15T14:09:05.684+0000] {processor.py:178} INFO - Processing /home/airflow/.local/lib/python3.7/site-packages/airflow/example_dags/tutorial_taskflow_api_virtualenv.py took 0.182 seconds
[2023-01-15T14:09:36.289+0000] {processor.py:156} INFO - Started process (PID=25793) to work on /home/airflow/.local/lib/python3.7/site-packages/airflow/example_dags/tutorial_taskflow_api_virtualenv.py
[2023-01-15T14:09:36.292+0000] {processor.py:758} INFO - Processing file /home/airflow/.local/lib/python3.7/site-packages/airflow/example_dags/tutorial_taskflow_api_virtualenv.py for tasks to queue
[2023-01-15T14:09:36.293+0000] {logging_mixin.py:117} INFO - [2023-01-15T14:09:36.293+0000] {dagbag.py:525} INFO - Filling up the DagBag from /home/airflow/.local/lib/python3.7/site-packages/airflow/example_dags/tutorial_taskflow_api_virtualenv.py
[2023-01-15T14:09:36.319+0000] {processor.py:768} INFO - DAG(s) dict_keys(['tutorial_taskflow_api_virtualenv']) retrieved from /home/airflow/.local/lib/python3.7/site-packages/airflow/example_dags/tutorial_taskflow_api_virtualenv.py
[2023-01-15T14:09:36.349+0000] {logging_mixin.py:117} INFO - [2023-01-15T14:09:36.349+0000] {dag.py:2573} INFO - Sync 1 DAGs
[2023-01-15T14:09:36.366+0000] {logging_mixin.py:117} INFO - [2023-01-15T14:09:36.366+0000] {dag.py:3328} INFO - Setting next_dagrun for tutorial_taskflow_api_virtualenv to None, run_after=None
[2023-01-15T14:09:36.378+0000] {processor.py:178} INFO - Processing /home/airflow/.local/lib/python3.7/site-packages/airflow/example_dags/tutorial_taskflow_api_virtualenv.py took 0.093 seconds
[2023-01-15T14:59:09.284+0000] {processor.py:156} INFO - Started process (PID=25857) to work on /home/airflow/.local/lib/python3.7/site-packages/airflow/example_dags/tutorial_taskflow_api_virtualenv.py
[2023-01-15T14:59:09.289+0000] {processor.py:758} INFO - Processing file /home/airflow/.local/lib/python3.7/site-packages/airflow/example_dags/tutorial_taskflow_api_virtualenv.py for tasks to queue
[2023-01-15T14:59:09.290+0000] {logging_mixin.py:117} INFO - [2023-01-15T14:59:09.290+0000] {dagbag.py:525} INFO - Filling up the DagBag from /home/airflow/.local/lib/python3.7/site-packages/airflow/example_dags/tutorial_taskflow_api_virtualenv.py
[2023-01-15T14:59:09.373+0000] {processor.py:768} INFO - DAG(s) dict_keys(['tutorial_taskflow_api_virtualenv']) retrieved from /home/airflow/.local/lib/python3.7/site-packages/airflow/example_dags/tutorial_taskflow_api_virtualenv.py
[2023-01-15T14:59:09.538+0000] {logging_mixin.py:117} INFO - [2023-01-15T14:59:09.538+0000] {dag.py:2573} INFO - Sync 1 DAGs
[2023-01-15T14:59:09.584+0000] {logging_mixin.py:117} INFO - [2023-01-15T14:59:09.584+0000] {dag.py:3328} INFO - Setting next_dagrun for tutorial_taskflow_api_virtualenv to None, run_after=None
[2023-01-15T14:59:09.614+0000] {processor.py:178} INFO - Processing /home/airflow/.local/lib/python3.7/site-packages/airflow/example_dags/tutorial_taskflow_api_virtualenv.py took 0.335 seconds
[2023-01-15T16:21:33.190+0000] {processor.py:156} INFO - Started process (PID=25920) to work on /home/airflow/.local/lib/python3.7/site-packages/airflow/example_dags/tutorial_taskflow_api_virtualenv.py
[2023-01-15T16:21:33.194+0000] {processor.py:758} INFO - Processing file /home/airflow/.local/lib/python3.7/site-packages/airflow/example_dags/tutorial_taskflow_api_virtualenv.py for tasks to queue
[2023-01-15T16:21:33.197+0000] {logging_mixin.py:117} INFO - [2023-01-15T16:21:33.196+0000] {dagbag.py:525} INFO - Filling up the DagBag from /home/airflow/.local/lib/python3.7/site-packages/airflow/example_dags/tutorial_taskflow_api_virtualenv.py
[2023-01-15T16:21:33.289+0000] {processor.py:768} INFO - DAG(s) dict_keys(['tutorial_taskflow_api_virtualenv']) retrieved from /home/airflow/.local/lib/python3.7/site-packages/airflow/example_dags/tutorial_taskflow_api_virtualenv.py
[2023-01-15T16:21:33.383+0000] {logging_mixin.py:117} INFO - [2023-01-15T16:21:33.383+0000] {dag.py:2573} INFO - Sync 1 DAGs
[2023-01-15T16:21:33.415+0000] {logging_mixin.py:117} INFO - [2023-01-15T16:21:33.415+0000] {dag.py:3328} INFO - Setting next_dagrun for tutorial_taskflow_api_virtualenv to None, run_after=None
[2023-01-15T16:21:33.446+0000] {processor.py:178} INFO - Processing /home/airflow/.local/lib/python3.7/site-packages/airflow/example_dags/tutorial_taskflow_api_virtualenv.py took 0.262 seconds
[2023-01-15T17:27:00.922+0000] {processor.py:156} INFO - Started process (PID=25983) to work on /home/airflow/.local/lib/python3.7/site-packages/airflow/example_dags/tutorial_taskflow_api_virtualenv.py
[2023-01-15T17:27:00.923+0000] {processor.py:758} INFO - Processing file /home/airflow/.local/lib/python3.7/site-packages/airflow/example_dags/tutorial_taskflow_api_virtualenv.py for tasks to queue
[2023-01-15T17:27:00.924+0000] {logging_mixin.py:117} INFO - [2023-01-15T17:27:00.924+0000] {dagbag.py:525} INFO - Filling up the DagBag from /home/airflow/.local/lib/python3.7/site-packages/airflow/example_dags/tutorial_taskflow_api_virtualenv.py
[2023-01-15T17:27:00.943+0000] {processor.py:768} INFO - DAG(s) dict_keys(['tutorial_taskflow_api_virtualenv']) retrieved from /home/airflow/.local/lib/python3.7/site-packages/airflow/example_dags/tutorial_taskflow_api_virtualenv.py
[2023-01-15T17:27:01.042+0000] {logging_mixin.py:117} INFO - [2023-01-15T17:27:01.041+0000] {dag.py:2573} INFO - Sync 1 DAGs
[2023-01-15T17:27:01.111+0000] {logging_mixin.py:117} INFO - [2023-01-15T17:27:01.110+0000] {dag.py:3328} INFO - Setting next_dagrun for tutorial_taskflow_api_virtualenv to None, run_after=None
[2023-01-15T17:27:01.141+0000] {processor.py:178} INFO - Processing /home/airflow/.local/lib/python3.7/site-packages/airflow/example_dags/tutorial_taskflow_api_virtualenv.py took 0.221 seconds
[2023-01-15T18:23:32.495+0000] {processor.py:156} INFO - Started process (PID=26037) to work on /home/airflow/.local/lib/python3.7/site-packages/airflow/example_dags/tutorial_taskflow_api_virtualenv.py
[2023-01-15T18:23:32.496+0000] {processor.py:758} INFO - Processing file /home/airflow/.local/lib/python3.7/site-packages/airflow/example_dags/tutorial_taskflow_api_virtualenv.py for tasks to queue
[2023-01-15T18:23:32.497+0000] {logging_mixin.py:117} INFO - [2023-01-15T18:23:32.497+0000] {dagbag.py:525} INFO - Filling up the DagBag from /home/airflow/.local/lib/python3.7/site-packages/airflow/example_dags/tutorial_taskflow_api_virtualenv.py
[2023-01-15T18:23:32.537+0000] {processor.py:768} INFO - DAG(s) dict_keys(['tutorial_taskflow_api_virtualenv']) retrieved from /home/airflow/.local/lib/python3.7/site-packages/airflow/example_dags/tutorial_taskflow_api_virtualenv.py
[2023-01-15T18:23:32.588+0000] {logging_mixin.py:117} INFO - [2023-01-15T18:23:32.588+0000] {dag.py:2573} INFO - Sync 1 DAGs
[2023-01-15T18:23:32.680+0000] {logging_mixin.py:117} INFO - [2023-01-15T18:23:32.679+0000] {dag.py:3328} INFO - Setting next_dagrun for tutorial_taskflow_api_virtualenv to None, run_after=None
[2023-01-15T18:23:32.729+0000] {processor.py:178} INFO - Processing /home/airflow/.local/lib/python3.7/site-packages/airflow/example_dags/tutorial_taskflow_api_virtualenv.py took 0.238 seconds
[2023-01-15T19:46:51.536+0000] {processor.py:156} INFO - Started process (PID=26100) to work on /home/airflow/.local/lib/python3.7/site-packages/airflow/example_dags/tutorial_taskflow_api_virtualenv.py
[2023-01-15T19:46:51.537+0000] {processor.py:758} INFO - Processing file /home/airflow/.local/lib/python3.7/site-packages/airflow/example_dags/tutorial_taskflow_api_virtualenv.py for tasks to queue
[2023-01-15T19:46:51.537+0000] {logging_mixin.py:117} INFO - [2023-01-15T19:46:51.537+0000] {dagbag.py:525} INFO - Filling up the DagBag from /home/airflow/.local/lib/python3.7/site-packages/airflow/example_dags/tutorial_taskflow_api_virtualenv.py
[2023-01-15T19:46:51.556+0000] {processor.py:768} INFO - DAG(s) dict_keys(['tutorial_taskflow_api_virtualenv']) retrieved from /home/airflow/.local/lib/python3.7/site-packages/airflow/example_dags/tutorial_taskflow_api_virtualenv.py
[2023-01-15T19:46:51.599+0000] {logging_mixin.py:117} INFO - [2023-01-15T19:46:51.599+0000] {dag.py:2573} INFO - Sync 1 DAGs
[2023-01-15T19:46:51.617+0000] {logging_mixin.py:117} INFO - [2023-01-15T19:46:51.617+0000] {dag.py:3328} INFO - Setting next_dagrun for tutorial_taskflow_api_virtualenv to None, run_after=None
[2023-01-15T19:46:51.629+0000] {processor.py:178} INFO - Processing /home/airflow/.local/lib/python3.7/site-packages/airflow/example_dags/tutorial_taskflow_api_virtualenv.py took 0.096 seconds
[2023-01-15T20:53:25.740+0000] {processor.py:156} INFO - Started process (PID=26162) to work on /home/airflow/.local/lib/python3.7/site-packages/airflow/example_dags/tutorial_taskflow_api_virtualenv.py
[2023-01-15T20:53:25.741+0000] {processor.py:758} INFO - Processing file /home/airflow/.local/lib/python3.7/site-packages/airflow/example_dags/tutorial_taskflow_api_virtualenv.py for tasks to queue
[2023-01-15T20:53:25.741+0000] {logging_mixin.py:117} INFO - [2023-01-15T20:53:25.741+0000] {dagbag.py:525} INFO - Filling up the DagBag from /home/airflow/.local/lib/python3.7/site-packages/airflow/example_dags/tutorial_taskflow_api_virtualenv.py
[2023-01-15T20:53:25.764+0000] {processor.py:768} INFO - DAG(s) dict_keys(['tutorial_taskflow_api_virtualenv']) retrieved from /home/airflow/.local/lib/python3.7/site-packages/airflow/example_dags/tutorial_taskflow_api_virtualenv.py
[2023-01-15T20:53:25.800+0000] {logging_mixin.py:117} INFO - [2023-01-15T20:53:25.799+0000] {dag.py:2573} INFO - Sync 1 DAGs
[2023-01-15T20:53:25.815+0000] {logging_mixin.py:117} INFO - [2023-01-15T20:53:25.815+0000] {dag.py:3328} INFO - Setting next_dagrun for tutorial_taskflow_api_virtualenv to None, run_after=None
[2023-01-15T20:53:25.828+0000] {processor.py:178} INFO - Processing /home/airflow/.local/lib/python3.7/site-packages/airflow/example_dags/tutorial_taskflow_api_virtualenv.py took 0.091 seconds
[2023-01-15T21:52:29.966+0000] {processor.py:156} INFO - Started process (PID=26225) to work on /home/airflow/.local/lib/python3.7/site-packages/airflow/example_dags/tutorial_taskflow_api_virtualenv.py
[2023-01-15T21:52:29.971+0000] {processor.py:758} INFO - Processing file /home/airflow/.local/lib/python3.7/site-packages/airflow/example_dags/tutorial_taskflow_api_virtualenv.py for tasks to queue
[2023-01-15T21:52:29.973+0000] {logging_mixin.py:117} INFO - [2023-01-15T21:52:29.973+0000] {dagbag.py:525} INFO - Filling up the DagBag from /home/airflow/.local/lib/python3.7/site-packages/airflow/example_dags/tutorial_taskflow_api_virtualenv.py
[2023-01-15T21:52:30.048+0000] {processor.py:768} INFO - DAG(s) dict_keys(['tutorial_taskflow_api_virtualenv']) retrieved from /home/airflow/.local/lib/python3.7/site-packages/airflow/example_dags/tutorial_taskflow_api_virtualenv.py
[2023-01-15T21:52:30.134+0000] {logging_mixin.py:117} INFO - [2023-01-15T21:52:30.133+0000] {dag.py:2573} INFO - Sync 1 DAGs
[2023-01-15T21:52:30.176+0000] {logging_mixin.py:117} INFO - [2023-01-15T21:52:30.175+0000] {dag.py:3328} INFO - Setting next_dagrun for tutorial_taskflow_api_virtualenv to None, run_after=None
[2023-01-15T21:52:30.209+0000] {processor.py:178} INFO - Processing /home/airflow/.local/lib/python3.7/site-packages/airflow/example_dags/tutorial_taskflow_api_virtualenv.py took 0.254 seconds
[2023-01-15T23:15:47.947+0000] {processor.py:156} INFO - Started process (PID=26279) to work on /home/airflow/.local/lib/python3.7/site-packages/airflow/example_dags/tutorial_taskflow_api_virtualenv.py
[2023-01-15T23:15:47.949+0000] {processor.py:758} INFO - Processing file /home/airflow/.local/lib/python3.7/site-packages/airflow/example_dags/tutorial_taskflow_api_virtualenv.py for tasks to queue
[2023-01-15T23:15:47.949+0000] {logging_mixin.py:117} INFO - [2023-01-15T23:15:47.949+0000] {dagbag.py:525} INFO - Filling up the DagBag from /home/airflow/.local/lib/python3.7/site-packages/airflow/example_dags/tutorial_taskflow_api_virtualenv.py
[2023-01-15T23:15:47.971+0000] {processor.py:768} INFO - DAG(s) dict_keys(['tutorial_taskflow_api_virtualenv']) retrieved from /home/airflow/.local/lib/python3.7/site-packages/airflow/example_dags/tutorial_taskflow_api_virtualenv.py
[2023-01-15T23:15:48.004+0000] {logging_mixin.py:117} INFO - [2023-01-15T23:15:48.004+0000] {dag.py:2573} INFO - Sync 1 DAGs
[2023-01-15T23:15:48.021+0000] {logging_mixin.py:117} INFO - [2023-01-15T23:15:48.021+0000] {dag.py:3328} INFO - Setting next_dagrun for tutorial_taskflow_api_virtualenv to None, run_after=None
[2023-01-15T23:15:48.033+0000] {processor.py:178} INFO - Processing /home/airflow/.local/lib/python3.7/site-packages/airflow/example_dags/tutorial_taskflow_api_virtualenv.py took 0.088 seconds
