[2023-01-15T00:38:57.625+0000] {processor.py:156} INFO - Started process (PID=24094) to work on /home/airflow/.local/lib/python3.7/site-packages/airflow/example_dags/tutorial.py
[2023-01-15T00:38:57.626+0000] {processor.py:758} INFO - Processing file /home/airflow/.local/lib/python3.7/site-packages/airflow/example_dags/tutorial.py for tasks to queue
[2023-01-15T00:38:57.627+0000] {logging_mixin.py:117} INFO - [2023-01-15T00:38:57.627+0000] {dagbag.py:525} INFO - Filling up the DagBag from /home/airflow/.local/lib/python3.7/site-packages/airflow/example_dags/tutorial.py
[2023-01-15T00:38:57.644+0000] {processor.py:768} INFO - DAG(s) dict_keys(['tutorial']) retrieved from /home/airflow/.local/lib/python3.7/site-packages/airflow/example_dags/tutorial.py
[2023-01-15T00:38:57.716+0000] {logging_mixin.py:117} INFO - [2023-01-15T00:38:57.716+0000] {dag.py:2573} INFO - Sync 1 DAGs
[2023-01-15T00:38:57.739+0000] {logging_mixin.py:117} INFO - [2023-01-15T00:38:57.739+0000] {dag.py:3328} INFO - Setting next_dagrun for tutorial to 2023-01-14T00:38:57.739444+00:00, run_after=2023-01-15T00:38:57.739444+00:00
[2023-01-15T00:38:57.751+0000] {processor.py:178} INFO - Processing /home/airflow/.local/lib/python3.7/site-packages/airflow/example_dags/tutorial.py took 0.135 seconds
[2023-01-15T01:44:14.897+0000] {processor.py:156} INFO - Started process (PID=24157) to work on /home/airflow/.local/lib/python3.7/site-packages/airflow/example_dags/tutorial.py
[2023-01-15T01:44:14.899+0000] {processor.py:758} INFO - Processing file /home/airflow/.local/lib/python3.7/site-packages/airflow/example_dags/tutorial.py for tasks to queue
[2023-01-15T01:44:14.900+0000] {logging_mixin.py:117} INFO - [2023-01-15T01:44:14.900+0000] {dagbag.py:525} INFO - Filling up the DagBag from /home/airflow/.local/lib/python3.7/site-packages/airflow/example_dags/tutorial.py
[2023-01-15T01:44:14.915+0000] {processor.py:768} INFO - DAG(s) dict_keys(['tutorial']) retrieved from /home/airflow/.local/lib/python3.7/site-packages/airflow/example_dags/tutorial.py
[2023-01-15T01:44:15.067+0000] {logging_mixin.py:117} INFO - [2023-01-15T01:44:15.066+0000] {dag.py:2573} INFO - Sync 1 DAGs
[2023-01-15T01:44:15.098+0000] {logging_mixin.py:117} INFO - [2023-01-15T01:44:15.097+0000] {dag.py:3328} INFO - Setting next_dagrun for tutorial to 2023-01-14T01:44:15.097683+00:00, run_after=2023-01-15T01:44:15.097683+00:00
[2023-01-15T01:44:15.129+0000] {processor.py:178} INFO - Processing /home/airflow/.local/lib/python3.7/site-packages/airflow/example_dags/tutorial.py took 0.236 seconds
[2023-01-15T02:15:45.081+0000] {processor.py:156} INFO - Started process (PID=24211) to work on /home/airflow/.local/lib/python3.7/site-packages/airflow/example_dags/tutorial.py
[2023-01-15T02:15:45.082+0000] {processor.py:758} INFO - Processing file /home/airflow/.local/lib/python3.7/site-packages/airflow/example_dags/tutorial.py for tasks to queue
[2023-01-15T02:15:45.083+0000] {logging_mixin.py:117} INFO - [2023-01-15T02:15:45.083+0000] {dagbag.py:525} INFO - Filling up the DagBag from /home/airflow/.local/lib/python3.7/site-packages/airflow/example_dags/tutorial.py
[2023-01-15T02:15:45.096+0000] {processor.py:768} INFO - DAG(s) dict_keys(['tutorial']) retrieved from /home/airflow/.local/lib/python3.7/site-packages/airflow/example_dags/tutorial.py
[2023-01-15T02:15:45.125+0000] {logging_mixin.py:117} INFO - [2023-01-15T02:15:45.125+0000] {dag.py:2573} INFO - Sync 1 DAGs
[2023-01-15T02:15:45.143+0000] {logging_mixin.py:117} INFO - [2023-01-15T02:15:45.143+0000] {dag.py:3328} INFO - Setting next_dagrun for tutorial to 2023-01-14T02:15:45.143473+00:00, run_after=2023-01-15T02:15:45.143473+00:00
[2023-01-15T02:15:45.155+0000] {processor.py:178} INFO - Processing /home/airflow/.local/lib/python3.7/site-packages/airflow/example_dags/tutorial.py took 0.077 seconds
[2023-01-15T02:16:15.788+0000] {processor.py:156} INFO - Started process (PID=24274) to work on /home/airflow/.local/lib/python3.7/site-packages/airflow/example_dags/tutorial.py
[2023-01-15T02:16:15.789+0000] {processor.py:758} INFO - Processing file /home/airflow/.local/lib/python3.7/site-packages/airflow/example_dags/tutorial.py for tasks to queue
[2023-01-15T02:16:15.791+0000] {logging_mixin.py:117} INFO - [2023-01-15T02:16:15.790+0000] {dagbag.py:525} INFO - Filling up the DagBag from /home/airflow/.local/lib/python3.7/site-packages/airflow/example_dags/tutorial.py
[2023-01-15T02:16:15.801+0000] {processor.py:768} INFO - DAG(s) dict_keys(['tutorial']) retrieved from /home/airflow/.local/lib/python3.7/site-packages/airflow/example_dags/tutorial.py
[2023-01-15T02:16:15.830+0000] {logging_mixin.py:117} INFO - [2023-01-15T02:16:15.830+0000] {dag.py:2573} INFO - Sync 1 DAGs
[2023-01-15T02:16:15.846+0000] {logging_mixin.py:117} INFO - [2023-01-15T02:16:15.846+0000] {dag.py:3328} INFO - Setting next_dagrun for tutorial to 2023-01-14T02:16:15.846311+00:00, run_after=2023-01-15T02:16:15.846311+00:00
[2023-01-15T02:16:15.857+0000] {processor.py:178} INFO - Processing /home/airflow/.local/lib/python3.7/site-packages/airflow/example_dags/tutorial.py took 0.072 seconds
[2023-01-15T02:49:41.585+0000] {processor.py:156} INFO - Started process (PID=24337) to work on /home/airflow/.local/lib/python3.7/site-packages/airflow/example_dags/tutorial.py
[2023-01-15T02:49:41.589+0000] {processor.py:758} INFO - Processing file /home/airflow/.local/lib/python3.7/site-packages/airflow/example_dags/tutorial.py for tasks to queue
[2023-01-15T02:49:41.590+0000] {logging_mixin.py:117} INFO - [2023-01-15T02:49:41.590+0000] {dagbag.py:525} INFO - Filling up the DagBag from /home/airflow/.local/lib/python3.7/site-packages/airflow/example_dags/tutorial.py
[2023-01-15T02:49:41.622+0000] {processor.py:768} INFO - DAG(s) dict_keys(['tutorial']) retrieved from /home/airflow/.local/lib/python3.7/site-packages/airflow/example_dags/tutorial.py
[2023-01-15T02:49:41.703+0000] {logging_mixin.py:117} INFO - [2023-01-15T02:49:41.703+0000] {dag.py:2573} INFO - Sync 1 DAGs
[2023-01-15T02:49:41.747+0000] {logging_mixin.py:117} INFO - [2023-01-15T02:49:41.747+0000] {dag.py:3328} INFO - Setting next_dagrun for tutorial to 2023-01-14T02:49:41.747094+00:00, run_after=2023-01-15T02:49:41.747094+00:00
[2023-01-15T02:49:41.795+0000] {processor.py:178} INFO - Processing /home/airflow/.local/lib/python3.7/site-packages/airflow/example_dags/tutorial.py took 0.220 seconds
[2023-01-15T04:11:00.462+0000] {processor.py:156} INFO - Started process (PID=24400) to work on /home/airflow/.local/lib/python3.7/site-packages/airflow/example_dags/tutorial.py
[2023-01-15T04:11:00.464+0000] {processor.py:758} INFO - Processing file /home/airflow/.local/lib/python3.7/site-packages/airflow/example_dags/tutorial.py for tasks to queue
[2023-01-15T04:11:00.465+0000] {logging_mixin.py:117} INFO - [2023-01-15T04:11:00.465+0000] {dagbag.py:525} INFO - Filling up the DagBag from /home/airflow/.local/lib/python3.7/site-packages/airflow/example_dags/tutorial.py
[2023-01-15T04:11:00.500+0000] {processor.py:768} INFO - DAG(s) dict_keys(['tutorial']) retrieved from /home/airflow/.local/lib/python3.7/site-packages/airflow/example_dags/tutorial.py
[2023-01-15T04:11:00.587+0000] {logging_mixin.py:117} INFO - [2023-01-15T04:11:00.587+0000] {dag.py:2573} INFO - Sync 1 DAGs
[2023-01-15T04:11:00.614+0000] {logging_mixin.py:117} INFO - [2023-01-15T04:11:00.614+0000] {dag.py:3328} INFO - Setting next_dagrun for tutorial to 2023-01-14T04:11:00.614304+00:00, run_after=2023-01-15T04:11:00.614304+00:00
[2023-01-15T04:11:00.642+0000] {processor.py:178} INFO - Processing /home/airflow/.local/lib/python3.7/site-packages/airflow/example_dags/tutorial.py took 0.189 seconds
[2023-01-15T05:08:48.492+0000] {processor.py:156} INFO - Started process (PID=24464) to work on /home/airflow/.local/lib/python3.7/site-packages/airflow/example_dags/tutorial.py
[2023-01-15T05:08:48.494+0000] {processor.py:758} INFO - Processing file /home/airflow/.local/lib/python3.7/site-packages/airflow/example_dags/tutorial.py for tasks to queue
[2023-01-15T05:08:48.494+0000] {logging_mixin.py:117} INFO - [2023-01-15T05:08:48.494+0000] {dagbag.py:525} INFO - Filling up the DagBag from /home/airflow/.local/lib/python3.7/site-packages/airflow/example_dags/tutorial.py
[2023-01-15T05:08:48.510+0000] {processor.py:768} INFO - DAG(s) dict_keys(['tutorial']) retrieved from /home/airflow/.local/lib/python3.7/site-packages/airflow/example_dags/tutorial.py
[2023-01-15T05:08:48.553+0000] {logging_mixin.py:117} INFO - [2023-01-15T05:08:48.553+0000] {dag.py:2573} INFO - Sync 1 DAGs
[2023-01-15T05:08:48.585+0000] {logging_mixin.py:117} INFO - [2023-01-15T05:08:48.585+0000] {dag.py:3328} INFO - Setting next_dagrun for tutorial to 2023-01-14T05:08:48.585606+00:00, run_after=2023-01-15T05:08:48.585606+00:00
[2023-01-15T05:08:48.638+0000] {processor.py:178} INFO - Processing /home/airflow/.local/lib/python3.7/site-packages/airflow/example_dags/tutorial.py took 0.148 seconds
[2023-01-15T06:14:16.330+0000] {processor.py:156} INFO - Started process (PID=24518) to work on /home/airflow/.local/lib/python3.7/site-packages/airflow/example_dags/tutorial.py
[2023-01-15T06:14:16.332+0000] {processor.py:758} INFO - Processing file /home/airflow/.local/lib/python3.7/site-packages/airflow/example_dags/tutorial.py for tasks to queue
[2023-01-15T06:14:16.333+0000] {logging_mixin.py:117} INFO - [2023-01-15T06:14:16.333+0000] {dagbag.py:525} INFO - Filling up the DagBag from /home/airflow/.local/lib/python3.7/site-packages/airflow/example_dags/tutorial.py
[2023-01-15T06:14:16.357+0000] {processor.py:768} INFO - DAG(s) dict_keys(['tutorial']) retrieved from /home/airflow/.local/lib/python3.7/site-packages/airflow/example_dags/tutorial.py
[2023-01-15T06:14:16.425+0000] {logging_mixin.py:117} INFO - [2023-01-15T06:14:16.425+0000] {dag.py:2573} INFO - Sync 1 DAGs
[2023-01-15T06:14:16.461+0000] {logging_mixin.py:117} INFO - [2023-01-15T06:14:16.460+0000] {dag.py:3328} INFO - Setting next_dagrun for tutorial to 2023-01-14T06:14:16.460625+00:00, run_after=2023-01-15T06:14:16.460625+00:00
[2023-01-15T06:14:16.486+0000] {processor.py:178} INFO - Processing /home/airflow/.local/lib/python3.7/site-packages/airflow/example_dags/tutorial.py took 0.159 seconds
[2023-01-15T06:57:22.672+0000] {processor.py:156} INFO - Started process (PID=24581) to work on /home/airflow/.local/lib/python3.7/site-packages/airflow/example_dags/tutorial.py
[2023-01-15T06:57:22.677+0000] {processor.py:758} INFO - Processing file /home/airflow/.local/lib/python3.7/site-packages/airflow/example_dags/tutorial.py for tasks to queue
[2023-01-15T06:57:22.679+0000] {logging_mixin.py:117} INFO - [2023-01-15T06:57:22.679+0000] {dagbag.py:525} INFO - Filling up the DagBag from /home/airflow/.local/lib/python3.7/site-packages/airflow/example_dags/tutorial.py
[2023-01-15T06:57:22.734+0000] {processor.py:768} INFO - DAG(s) dict_keys(['tutorial']) retrieved from /home/airflow/.local/lib/python3.7/site-packages/airflow/example_dags/tutorial.py
[2023-01-15T06:57:22.821+0000] {logging_mixin.py:117} INFO - [2023-01-15T06:57:22.821+0000] {dag.py:2573} INFO - Sync 1 DAGs
[2023-01-15T06:57:22.861+0000] {logging_mixin.py:117} INFO - [2023-01-15T06:57:22.861+0000] {dag.py:3328} INFO - Setting next_dagrun for tutorial to 2023-01-14T06:57:22.861040+00:00, run_after=2023-01-15T06:57:22.861040+00:00
[2023-01-15T06:57:22.903+0000] {processor.py:178} INFO - Processing /home/airflow/.local/lib/python3.7/site-packages/airflow/example_dags/tutorial.py took 0.238 seconds
[2023-01-15T08:03:14.230+0000] {processor.py:156} INFO - Started process (PID=24644) to work on /home/airflow/.local/lib/python3.7/site-packages/airflow/example_dags/tutorial.py
[2023-01-15T08:03:14.234+0000] {processor.py:758} INFO - Processing file /home/airflow/.local/lib/python3.7/site-packages/airflow/example_dags/tutorial.py for tasks to queue
[2023-01-15T08:03:14.235+0000] {logging_mixin.py:117} INFO - [2023-01-15T08:03:14.235+0000] {dagbag.py:525} INFO - Filling up the DagBag from /home/airflow/.local/lib/python3.7/site-packages/airflow/example_dags/tutorial.py
[2023-01-15T08:03:14.262+0000] {processor.py:768} INFO - DAG(s) dict_keys(['tutorial']) retrieved from /home/airflow/.local/lib/python3.7/site-packages/airflow/example_dags/tutorial.py
[2023-01-15T08:03:14.338+0000] {logging_mixin.py:117} INFO - [2023-01-15T08:03:14.338+0000] {dag.py:2573} INFO - Sync 1 DAGs
[2023-01-15T08:03:14.370+0000] {logging_mixin.py:117} INFO - [2023-01-15T08:03:14.370+0000] {dag.py:3328} INFO - Setting next_dagrun for tutorial to 2023-01-14T08:03:14.370306+00:00, run_after=2023-01-15T08:03:14.370306+00:00
[2023-01-15T08:03:14.395+0000] {processor.py:178} INFO - Processing /home/airflow/.local/lib/python3.7/site-packages/airflow/example_dags/tutorial.py took 0.167 seconds
[2023-01-15T09:11:03.561+0000] {processor.py:156} INFO - Started process (PID=24708) to work on /home/airflow/.local/lib/python3.7/site-packages/airflow/example_dags/tutorial.py
[2023-01-15T09:11:03.569+0000] {processor.py:758} INFO - Processing file /home/airflow/.local/lib/python3.7/site-packages/airflow/example_dags/tutorial.py for tasks to queue
[2023-01-15T09:11:03.570+0000] {logging_mixin.py:117} INFO - [2023-01-15T09:11:03.570+0000] {dagbag.py:525} INFO - Filling up the DagBag from /home/airflow/.local/lib/python3.7/site-packages/airflow/example_dags/tutorial.py
[2023-01-15T09:11:03.597+0000] {processor.py:768} INFO - DAG(s) dict_keys(['tutorial']) retrieved from /home/airflow/.local/lib/python3.7/site-packages/airflow/example_dags/tutorial.py
[2023-01-15T09:11:03.813+0000] {logging_mixin.py:117} INFO - [2023-01-15T09:11:03.813+0000] {dag.py:2573} INFO - Sync 1 DAGs
[2023-01-15T09:11:03.959+0000] {logging_mixin.py:117} INFO - [2023-01-15T09:11:03.959+0000] {dag.py:3328} INFO - Setting next_dagrun for tutorial to 2023-01-14T09:11:03.959021+00:00, run_after=2023-01-15T09:11:03.959021+00:00
[2023-01-15T09:11:04.003+0000] {processor.py:178} INFO - Processing /home/airflow/.local/lib/python3.7/site-packages/airflow/example_dags/tutorial.py took 0.445 seconds
[2023-01-15T09:32:51.352+0000] {processor.py:156} INFO - Started process (PID=24762) to work on /home/airflow/.local/lib/python3.7/site-packages/airflow/example_dags/tutorial.py
[2023-01-15T09:32:51.354+0000] {processor.py:758} INFO - Processing file /home/airflow/.local/lib/python3.7/site-packages/airflow/example_dags/tutorial.py for tasks to queue
[2023-01-15T09:32:51.355+0000] {logging_mixin.py:117} INFO - [2023-01-15T09:32:51.355+0000] {dagbag.py:525} INFO - Filling up the DagBag from /home/airflow/.local/lib/python3.7/site-packages/airflow/example_dags/tutorial.py
[2023-01-15T09:32:51.375+0000] {processor.py:768} INFO - DAG(s) dict_keys(['tutorial']) retrieved from /home/airflow/.local/lib/python3.7/site-packages/airflow/example_dags/tutorial.py
[2023-01-15T09:32:51.434+0000] {logging_mixin.py:117} INFO - [2023-01-15T09:32:51.434+0000] {dag.py:2573} INFO - Sync 1 DAGs
[2023-01-15T09:32:51.468+0000] {logging_mixin.py:117} INFO - [2023-01-15T09:32:51.467+0000] {dag.py:3328} INFO - Setting next_dagrun for tutorial to 2023-01-14T09:32:51.467679+00:00, run_after=2023-01-15T09:32:51.467679+00:00
[2023-01-15T09:32:51.494+0000] {processor.py:178} INFO - Processing /home/airflow/.local/lib/python3.7/site-packages/airflow/example_dags/tutorial.py took 0.146 seconds
[2023-01-15T09:33:54.253+0000] {processor.py:156} INFO - Started process (PID=24825) to work on /home/airflow/.local/lib/python3.7/site-packages/airflow/example_dags/tutorial.py
[2023-01-15T09:33:54.254+0000] {processor.py:758} INFO - Processing file /home/airflow/.local/lib/python3.7/site-packages/airflow/example_dags/tutorial.py for tasks to queue
[2023-01-15T09:33:54.255+0000] {logging_mixin.py:117} INFO - [2023-01-15T09:33:54.255+0000] {dagbag.py:525} INFO - Filling up the DagBag from /home/airflow/.local/lib/python3.7/site-packages/airflow/example_dags/tutorial.py
[2023-01-15T09:33:54.265+0000] {processor.py:768} INFO - DAG(s) dict_keys(['tutorial']) retrieved from /home/airflow/.local/lib/python3.7/site-packages/airflow/example_dags/tutorial.py
[2023-01-15T09:33:54.293+0000] {logging_mixin.py:117} INFO - [2023-01-15T09:33:54.293+0000] {dag.py:2573} INFO - Sync 1 DAGs
[2023-01-15T09:33:54.308+0000] {logging_mixin.py:117} INFO - [2023-01-15T09:33:54.308+0000] {dag.py:3328} INFO - Setting next_dagrun for tutorial to 2023-01-14T09:33:54.308097+00:00, run_after=2023-01-15T09:33:54.308097+00:00
[2023-01-15T09:33:54.320+0000] {processor.py:178} INFO - Processing /home/airflow/.local/lib/python3.7/site-packages/airflow/example_dags/tutorial.py took 0.070 seconds
[2023-01-15T09:43:26.751+0000] {processor.py:156} INFO - Started process (PID=24888) to work on /home/airflow/.local/lib/python3.7/site-packages/airflow/example_dags/tutorial.py
[2023-01-15T09:43:26.755+0000] {processor.py:758} INFO - Processing file /home/airflow/.local/lib/python3.7/site-packages/airflow/example_dags/tutorial.py for tasks to queue
[2023-01-15T09:43:26.756+0000] {logging_mixin.py:117} INFO - [2023-01-15T09:43:26.756+0000] {dagbag.py:525} INFO - Filling up the DagBag from /home/airflow/.local/lib/python3.7/site-packages/airflow/example_dags/tutorial.py
[2023-01-15T09:43:26.777+0000] {processor.py:768} INFO - DAG(s) dict_keys(['tutorial']) retrieved from /home/airflow/.local/lib/python3.7/site-packages/airflow/example_dags/tutorial.py
[2023-01-15T09:43:26.831+0000] {logging_mixin.py:117} INFO - [2023-01-15T09:43:26.831+0000] {dag.py:2573} INFO - Sync 1 DAGs
[2023-01-15T09:43:26.866+0000] {logging_mixin.py:117} INFO - [2023-01-15T09:43:26.866+0000] {dag.py:3328} INFO - Setting next_dagrun for tutorial to 2023-01-14T09:43:26.866086+00:00, run_after=2023-01-15T09:43:26.866086+00:00
[2023-01-15T09:43:27.190+0000] {processor.py:178} INFO - Processing /home/airflow/.local/lib/python3.7/site-packages/airflow/example_dags/tutorial.py took 0.442 seconds
[2023-01-15T11:04:07.099+0000] {processor.py:156} INFO - Started process (PID=24950) to work on /home/airflow/.local/lib/python3.7/site-packages/airflow/example_dags/tutorial.py
[2023-01-15T11:04:07.105+0000] {processor.py:758} INFO - Processing file /home/airflow/.local/lib/python3.7/site-packages/airflow/example_dags/tutorial.py for tasks to queue
[2023-01-15T11:04:07.106+0000] {logging_mixin.py:117} INFO - [2023-01-15T11:04:07.106+0000] {dagbag.py:525} INFO - Filling up the DagBag from /home/airflow/.local/lib/python3.7/site-packages/airflow/example_dags/tutorial.py
[2023-01-15T11:04:07.126+0000] {processor.py:768} INFO - DAG(s) dict_keys(['tutorial']) retrieved from /home/airflow/.local/lib/python3.7/site-packages/airflow/example_dags/tutorial.py
[2023-01-15T11:04:07.181+0000] {logging_mixin.py:117} INFO - [2023-01-15T11:04:07.180+0000] {dag.py:2573} INFO - Sync 1 DAGs
[2023-01-15T11:04:07.223+0000] {logging_mixin.py:117} INFO - [2023-01-15T11:04:07.223+0000] {dag.py:3328} INFO - Setting next_dagrun for tutorial to 2023-01-14T11:04:07.223413+00:00, run_after=2023-01-15T11:04:07.223413+00:00
[2023-01-15T11:04:07.268+0000] {processor.py:178} INFO - Processing /home/airflow/.local/lib/python3.7/site-packages/airflow/example_dags/tutorial.py took 0.172 seconds
[2023-01-15T12:04:14.248+0000] {processor.py:156} INFO - Started process (PID=25005) to work on /home/airflow/.local/lib/python3.7/site-packages/airflow/example_dags/tutorial.py
[2023-01-15T12:04:14.250+0000] {processor.py:758} INFO - Processing file /home/airflow/.local/lib/python3.7/site-packages/airflow/example_dags/tutorial.py for tasks to queue
[2023-01-15T12:04:14.252+0000] {logging_mixin.py:117} INFO - [2023-01-15T12:04:14.252+0000] {dagbag.py:525} INFO - Filling up the DagBag from /home/airflow/.local/lib/python3.7/site-packages/airflow/example_dags/tutorial.py
[2023-01-15T12:04:14.308+0000] {processor.py:768} INFO - DAG(s) dict_keys(['tutorial']) retrieved from /home/airflow/.local/lib/python3.7/site-packages/airflow/example_dags/tutorial.py
[2023-01-15T12:04:14.387+0000] {logging_mixin.py:117} INFO - [2023-01-15T12:04:14.387+0000] {dag.py:2573} INFO - Sync 1 DAGs
[2023-01-15T12:04:14.424+0000] {logging_mixin.py:117} INFO - [2023-01-15T12:04:14.424+0000] {dag.py:3328} INFO - Setting next_dagrun for tutorial to 2023-01-14T12:04:14.424183+00:00, run_after=2023-01-15T12:04:14.424183+00:00
[2023-01-15T12:04:14.451+0000] {processor.py:178} INFO - Processing /home/airflow/.local/lib/python3.7/site-packages/airflow/example_dags/tutorial.py took 0.227 seconds
[2023-01-15T12:42:35.801+0000] {processor.py:156} INFO - Started process (PID=25068) to work on /home/airflow/.local/lib/python3.7/site-packages/airflow/example_dags/tutorial.py
[2023-01-15T12:42:35.804+0000] {processor.py:758} INFO - Processing file /home/airflow/.local/lib/python3.7/site-packages/airflow/example_dags/tutorial.py for tasks to queue
[2023-01-15T12:42:35.805+0000] {logging_mixin.py:117} INFO - [2023-01-15T12:42:35.805+0000] {dagbag.py:525} INFO - Filling up the DagBag from /home/airflow/.local/lib/python3.7/site-packages/airflow/example_dags/tutorial.py
[2023-01-15T12:42:35.826+0000] {processor.py:768} INFO - DAG(s) dict_keys(['tutorial']) retrieved from /home/airflow/.local/lib/python3.7/site-packages/airflow/example_dags/tutorial.py
[2023-01-15T12:42:35.875+0000] {logging_mixin.py:117} INFO - [2023-01-15T12:42:35.874+0000] {dag.py:2573} INFO - Sync 1 DAGs
[2023-01-15T12:42:35.921+0000] {logging_mixin.py:117} INFO - [2023-01-15T12:42:35.921+0000] {dag.py:3328} INFO - Setting next_dagrun for tutorial to 2023-01-14T12:42:35.921230+00:00, run_after=2023-01-15T12:42:35.921230+00:00
[2023-01-15T12:42:35.943+0000] {processor.py:178} INFO - Processing /home/airflow/.local/lib/python3.7/site-packages/airflow/example_dags/tutorial.py took 0.153 seconds
[2023-01-15T13:21:54.224+0000] {processor.py:156} INFO - Started process (PID=25131) to work on /home/airflow/.local/lib/python3.7/site-packages/airflow/example_dags/tutorial.py
[2023-01-15T13:21:54.225+0000] {processor.py:758} INFO - Processing file /home/airflow/.local/lib/python3.7/site-packages/airflow/example_dags/tutorial.py for tasks to queue
[2023-01-15T13:21:54.226+0000] {logging_mixin.py:117} INFO - [2023-01-15T13:21:54.226+0000] {dagbag.py:525} INFO - Filling up the DagBag from /home/airflow/.local/lib/python3.7/site-packages/airflow/example_dags/tutorial.py
[2023-01-15T13:21:54.236+0000] {processor.py:768} INFO - DAG(s) dict_keys(['tutorial']) retrieved from /home/airflow/.local/lib/python3.7/site-packages/airflow/example_dags/tutorial.py
[2023-01-15T13:21:54.264+0000] {logging_mixin.py:117} INFO - [2023-01-15T13:21:54.264+0000] {dag.py:2573} INFO - Sync 1 DAGs
[2023-01-15T13:21:54.280+0000] {logging_mixin.py:117} INFO - [2023-01-15T13:21:54.280+0000] {dag.py:3328} INFO - Setting next_dagrun for tutorial to 2023-01-14T13:21:54.280201+00:00, run_after=2023-01-15T13:21:54.280201+00:00
[2023-01-15T13:21:54.292+0000] {processor.py:178} INFO - Processing /home/airflow/.local/lib/python3.7/site-packages/airflow/example_dags/tutorial.py took 0.071 seconds
[2023-01-15T13:38:26.598+0000] {processor.py:156} INFO - Started process (PID=25185) to work on /home/airflow/.local/lib/python3.7/site-packages/airflow/example_dags/tutorial.py
[2023-01-15T13:38:26.600+0000] {processor.py:758} INFO - Processing file /home/airflow/.local/lib/python3.7/site-packages/airflow/example_dags/tutorial.py for tasks to queue
[2023-01-15T13:38:26.600+0000] {logging_mixin.py:117} INFO - [2023-01-15T13:38:26.600+0000] {dagbag.py:525} INFO - Filling up the DagBag from /home/airflow/.local/lib/python3.7/site-packages/airflow/example_dags/tutorial.py
[2023-01-15T13:38:26.611+0000] {processor.py:768} INFO - DAG(s) dict_keys(['tutorial']) retrieved from /home/airflow/.local/lib/python3.7/site-packages/airflow/example_dags/tutorial.py
[2023-01-15T13:38:26.639+0000] {logging_mixin.py:117} INFO - [2023-01-15T13:38:26.639+0000] {dag.py:2573} INFO - Sync 1 DAGs
[2023-01-15T13:38:26.655+0000] {logging_mixin.py:117} INFO - [2023-01-15T13:38:26.655+0000] {dag.py:3328} INFO - Setting next_dagrun for tutorial to 2023-01-14T13:38:26.655028+00:00, run_after=2023-01-15T13:38:26.655028+00:00
[2023-01-15T13:38:26.666+0000] {processor.py:178} INFO - Processing /home/airflow/.local/lib/python3.7/site-packages/airflow/example_dags/tutorial.py took 0.070 seconds
[2023-01-15T13:38:57.635+0000] {processor.py:156} INFO - Started process (PID=25248) to work on /home/airflow/.local/lib/python3.7/site-packages/airflow/example_dags/tutorial.py
[2023-01-15T13:38:57.636+0000] {processor.py:758} INFO - Processing file /home/airflow/.local/lib/python3.7/site-packages/airflow/example_dags/tutorial.py for tasks to queue
[2023-01-15T13:38:57.638+0000] {logging_mixin.py:117} INFO - [2023-01-15T13:38:57.637+0000] {dagbag.py:525} INFO - Filling up the DagBag from /home/airflow/.local/lib/python3.7/site-packages/airflow/example_dags/tutorial.py
[2023-01-15T13:38:57.649+0000] {processor.py:768} INFO - DAG(s) dict_keys(['tutorial']) retrieved from /home/airflow/.local/lib/python3.7/site-packages/airflow/example_dags/tutorial.py
[2023-01-15T13:38:57.683+0000] {logging_mixin.py:117} INFO - [2023-01-15T13:38:57.682+0000] {dag.py:2573} INFO - Sync 1 DAGs
[2023-01-15T13:38:57.699+0000] {logging_mixin.py:117} INFO - [2023-01-15T13:38:57.699+0000] {dag.py:3328} INFO - Setting next_dagrun for tutorial to 2023-01-14T13:38:57.698785+00:00, run_after=2023-01-15T13:38:57.698785+00:00
[2023-01-15T13:38:57.711+0000] {processor.py:178} INFO - Processing /home/airflow/.local/lib/python3.7/site-packages/airflow/example_dags/tutorial.py took 0.078 seconds
[2023-01-15T13:39:28.252+0000] {processor.py:156} INFO - Started process (PID=25311) to work on /home/airflow/.local/lib/python3.7/site-packages/airflow/example_dags/tutorial.py
[2023-01-15T13:39:28.253+0000] {processor.py:758} INFO - Processing file /home/airflow/.local/lib/python3.7/site-packages/airflow/example_dags/tutorial.py for tasks to queue
[2023-01-15T13:39:28.254+0000] {logging_mixin.py:117} INFO - [2023-01-15T13:39:28.254+0000] {dagbag.py:525} INFO - Filling up the DagBag from /home/airflow/.local/lib/python3.7/site-packages/airflow/example_dags/tutorial.py
[2023-01-15T13:39:28.264+0000] {processor.py:768} INFO - DAG(s) dict_keys(['tutorial']) retrieved from /home/airflow/.local/lib/python3.7/site-packages/airflow/example_dags/tutorial.py
[2023-01-15T13:39:28.291+0000] {logging_mixin.py:117} INFO - [2023-01-15T13:39:28.291+0000] {dag.py:2573} INFO - Sync 1 DAGs
[2023-01-15T13:39:28.306+0000] {logging_mixin.py:117} INFO - [2023-01-15T13:39:28.306+0000] {dag.py:3328} INFO - Setting next_dagrun for tutorial to 2023-01-14T13:39:28.306645+00:00, run_after=2023-01-15T13:39:28.306645+00:00
[2023-01-15T13:39:28.318+0000] {processor.py:178} INFO - Processing /home/airflow/.local/lib/python3.7/site-packages/airflow/example_dags/tutorial.py took 0.069 seconds
[2023-01-15T13:39:58.527+0000] {processor.py:156} INFO - Started process (PID=25374) to work on /home/airflow/.local/lib/python3.7/site-packages/airflow/example_dags/tutorial.py
[2023-01-15T13:39:58.528+0000] {processor.py:758} INFO - Processing file /home/airflow/.local/lib/python3.7/site-packages/airflow/example_dags/tutorial.py for tasks to queue
[2023-01-15T13:39:58.529+0000] {logging_mixin.py:117} INFO - [2023-01-15T13:39:58.529+0000] {dagbag.py:525} INFO - Filling up the DagBag from /home/airflow/.local/lib/python3.7/site-packages/airflow/example_dags/tutorial.py
[2023-01-15T13:39:58.540+0000] {processor.py:768} INFO - DAG(s) dict_keys(['tutorial']) retrieved from /home/airflow/.local/lib/python3.7/site-packages/airflow/example_dags/tutorial.py
[2023-01-15T13:39:58.573+0000] {logging_mixin.py:117} INFO - [2023-01-15T13:39:58.572+0000] {dag.py:2573} INFO - Sync 1 DAGs
[2023-01-15T13:39:58.589+0000] {logging_mixin.py:117} INFO - [2023-01-15T13:39:58.589+0000] {dag.py:3328} INFO - Setting next_dagrun for tutorial to 2023-01-14T13:39:58.589546+00:00, run_after=2023-01-15T13:39:58.589546+00:00
[2023-01-15T13:39:58.600+0000] {processor.py:178} INFO - Processing /home/airflow/.local/lib/python3.7/site-packages/airflow/example_dags/tutorial.py took 0.076 seconds
[2023-01-15T13:40:29.019+0000] {processor.py:156} INFO - Started process (PID=25437) to work on /home/airflow/.local/lib/python3.7/site-packages/airflow/example_dags/tutorial.py
[2023-01-15T13:40:29.020+0000] {processor.py:758} INFO - Processing file /home/airflow/.local/lib/python3.7/site-packages/airflow/example_dags/tutorial.py for tasks to queue
[2023-01-15T13:40:29.021+0000] {logging_mixin.py:117} INFO - [2023-01-15T13:40:29.021+0000] {dagbag.py:525} INFO - Filling up the DagBag from /home/airflow/.local/lib/python3.7/site-packages/airflow/example_dags/tutorial.py
[2023-01-15T13:40:29.031+0000] {processor.py:768} INFO - DAG(s) dict_keys(['tutorial']) retrieved from /home/airflow/.local/lib/python3.7/site-packages/airflow/example_dags/tutorial.py
[2023-01-15T13:40:29.059+0000] {logging_mixin.py:117} INFO - [2023-01-15T13:40:29.058+0000] {dag.py:2573} INFO - Sync 1 DAGs
[2023-01-15T13:40:29.073+0000] {logging_mixin.py:117} INFO - [2023-01-15T13:40:29.073+0000] {dag.py:3328} INFO - Setting next_dagrun for tutorial to 2023-01-14T13:40:29.073678+00:00, run_after=2023-01-15T13:40:29.073678+00:00
[2023-01-15T13:40:29.085+0000] {processor.py:178} INFO - Processing /home/airflow/.local/lib/python3.7/site-packages/airflow/example_dags/tutorial.py took 0.069 seconds
[2023-01-15T13:40:59.615+0000] {processor.py:156} INFO - Started process (PID=25500) to work on /home/airflow/.local/lib/python3.7/site-packages/airflow/example_dags/tutorial.py
[2023-01-15T13:40:59.616+0000] {processor.py:758} INFO - Processing file /home/airflow/.local/lib/python3.7/site-packages/airflow/example_dags/tutorial.py for tasks to queue
[2023-01-15T13:40:59.617+0000] {logging_mixin.py:117} INFO - [2023-01-15T13:40:59.617+0000] {dagbag.py:525} INFO - Filling up the DagBag from /home/airflow/.local/lib/python3.7/site-packages/airflow/example_dags/tutorial.py
[2023-01-15T13:40:59.627+0000] {processor.py:768} INFO - DAG(s) dict_keys(['tutorial']) retrieved from /home/airflow/.local/lib/python3.7/site-packages/airflow/example_dags/tutorial.py
[2023-01-15T13:40:59.654+0000] {logging_mixin.py:117} INFO - [2023-01-15T13:40:59.654+0000] {dag.py:2573} INFO - Sync 1 DAGs
[2023-01-15T13:40:59.669+0000] {logging_mixin.py:117} INFO - [2023-01-15T13:40:59.669+0000] {dag.py:3328} INFO - Setting next_dagrun for tutorial to 2023-01-14T13:40:59.669477+00:00, run_after=2023-01-15T13:40:59.669477+00:00
[2023-01-15T13:40:59.681+0000] {processor.py:178} INFO - Processing /home/airflow/.local/lib/python3.7/site-packages/airflow/example_dags/tutorial.py took 0.069 seconds
[2023-01-15T13:41:29.842+0000] {processor.py:156} INFO - Started process (PID=25554) to work on /home/airflow/.local/lib/python3.7/site-packages/airflow/example_dags/tutorial.py
[2023-01-15T13:41:29.844+0000] {processor.py:758} INFO - Processing file /home/airflow/.local/lib/python3.7/site-packages/airflow/example_dags/tutorial.py for tasks to queue
[2023-01-15T13:41:29.844+0000] {logging_mixin.py:117} INFO - [2023-01-15T13:41:29.844+0000] {dagbag.py:525} INFO - Filling up the DagBag from /home/airflow/.local/lib/python3.7/site-packages/airflow/example_dags/tutorial.py
[2023-01-15T13:41:29.854+0000] {processor.py:768} INFO - DAG(s) dict_keys(['tutorial']) retrieved from /home/airflow/.local/lib/python3.7/site-packages/airflow/example_dags/tutorial.py
[2023-01-15T13:41:29.882+0000] {logging_mixin.py:117} INFO - [2023-01-15T13:41:29.882+0000] {dag.py:2573} INFO - Sync 1 DAGs
[2023-01-15T13:41:29.898+0000] {logging_mixin.py:117} INFO - [2023-01-15T13:41:29.898+0000] {dag.py:3328} INFO - Setting next_dagrun for tutorial to 2023-01-14T13:41:29.898210+00:00, run_after=2023-01-15T13:41:29.898210+00:00
[2023-01-15T13:41:29.910+0000] {processor.py:178} INFO - Processing /home/airflow/.local/lib/python3.7/site-packages/airflow/example_dags/tutorial.py took 0.070 seconds
[2023-01-15T13:42:00.260+0000] {processor.py:156} INFO - Started process (PID=25618) to work on /home/airflow/.local/lib/python3.7/site-packages/airflow/example_dags/tutorial.py
[2023-01-15T13:42:00.262+0000] {processor.py:758} INFO - Processing file /home/airflow/.local/lib/python3.7/site-packages/airflow/example_dags/tutorial.py for tasks to queue
[2023-01-15T13:42:00.263+0000] {logging_mixin.py:117} INFO - [2023-01-15T13:42:00.263+0000] {dagbag.py:525} INFO - Filling up the DagBag from /home/airflow/.local/lib/python3.7/site-packages/airflow/example_dags/tutorial.py
[2023-01-15T13:42:00.272+0000] {processor.py:768} INFO - DAG(s) dict_keys(['tutorial']) retrieved from /home/airflow/.local/lib/python3.7/site-packages/airflow/example_dags/tutorial.py
[2023-01-15T13:42:00.300+0000] {logging_mixin.py:117} INFO - [2023-01-15T13:42:00.300+0000] {dag.py:2573} INFO - Sync 1 DAGs
[2023-01-15T13:42:00.316+0000] {logging_mixin.py:117} INFO - [2023-01-15T13:42:00.316+0000] {dag.py:3328} INFO - Setting next_dagrun for tutorial to 2023-01-14T13:42:00.315791+00:00, run_after=2023-01-15T13:42:00.315791+00:00
[2023-01-15T13:42:00.326+0000] {processor.py:178} INFO - Processing /home/airflow/.local/lib/python3.7/site-packages/airflow/example_dags/tutorial.py took 0.069 seconds
[2023-01-15T13:58:04.052+0000] {processor.py:156} INFO - Started process (PID=25681) to work on /home/airflow/.local/lib/python3.7/site-packages/airflow/example_dags/tutorial.py
[2023-01-15T13:58:04.056+0000] {processor.py:758} INFO - Processing file /home/airflow/.local/lib/python3.7/site-packages/airflow/example_dags/tutorial.py for tasks to queue
[2023-01-15T13:58:04.057+0000] {logging_mixin.py:117} INFO - [2023-01-15T13:58:04.057+0000] {dagbag.py:525} INFO - Filling up the DagBag from /home/airflow/.local/lib/python3.7/site-packages/airflow/example_dags/tutorial.py
[2023-01-15T13:58:04.078+0000] {processor.py:768} INFO - DAG(s) dict_keys(['tutorial']) retrieved from /home/airflow/.local/lib/python3.7/site-packages/airflow/example_dags/tutorial.py
[2023-01-15T13:58:04.131+0000] {logging_mixin.py:117} INFO - [2023-01-15T13:58:04.131+0000] {dag.py:2573} INFO - Sync 1 DAGs
[2023-01-15T13:58:04.151+0000] {logging_mixin.py:117} INFO - [2023-01-15T13:58:04.151+0000] {dag.py:3328} INFO - Setting next_dagrun for tutorial to 2023-01-14T13:58:04.150835+00:00, run_after=2023-01-15T13:58:04.150835+00:00
[2023-01-15T13:58:04.163+0000] {processor.py:178} INFO - Processing /home/airflow/.local/lib/python3.7/site-packages/airflow/example_dags/tutorial.py took 0.115 seconds
[2023-01-15T14:09:06.368+0000] {processor.py:156} INFO - Started process (PID=25744) to work on /home/airflow/.local/lib/python3.7/site-packages/airflow/example_dags/tutorial.py
[2023-01-15T14:09:06.369+0000] {processor.py:758} INFO - Processing file /home/airflow/.local/lib/python3.7/site-packages/airflow/example_dags/tutorial.py for tasks to queue
[2023-01-15T14:09:06.371+0000] {logging_mixin.py:117} INFO - [2023-01-15T14:09:06.370+0000] {dagbag.py:525} INFO - Filling up the DagBag from /home/airflow/.local/lib/python3.7/site-packages/airflow/example_dags/tutorial.py
[2023-01-15T14:09:06.391+0000] {processor.py:768} INFO - DAG(s) dict_keys(['tutorial']) retrieved from /home/airflow/.local/lib/python3.7/site-packages/airflow/example_dags/tutorial.py
[2023-01-15T14:09:06.500+0000] {logging_mixin.py:117} INFO - [2023-01-15T14:09:06.500+0000] {dag.py:2573} INFO - Sync 1 DAGs
[2023-01-15T14:09:06.553+0000] {logging_mixin.py:117} INFO - [2023-01-15T14:09:06.553+0000] {dag.py:3328} INFO - Setting next_dagrun for tutorial to 2023-01-14T14:09:06.552605+00:00, run_after=2023-01-15T14:09:06.552605+00:00
[2023-01-15T14:09:06.579+0000] {processor.py:178} INFO - Processing /home/airflow/.local/lib/python3.7/site-packages/airflow/example_dags/tutorial.py took 0.226 seconds
[2023-01-15T14:09:36.652+0000] {processor.py:156} INFO - Started process (PID=25798) to work on /home/airflow/.local/lib/python3.7/site-packages/airflow/example_dags/tutorial.py
[2023-01-15T14:09:36.653+0000] {processor.py:758} INFO - Processing file /home/airflow/.local/lib/python3.7/site-packages/airflow/example_dags/tutorial.py for tasks to queue
[2023-01-15T14:09:36.654+0000] {logging_mixin.py:117} INFO - [2023-01-15T14:09:36.654+0000] {dagbag.py:525} INFO - Filling up the DagBag from /home/airflow/.local/lib/python3.7/site-packages/airflow/example_dags/tutorial.py
[2023-01-15T14:09:36.664+0000] {processor.py:768} INFO - DAG(s) dict_keys(['tutorial']) retrieved from /home/airflow/.local/lib/python3.7/site-packages/airflow/example_dags/tutorial.py
[2023-01-15T14:09:36.689+0000] {logging_mixin.py:117} INFO - [2023-01-15T14:09:36.689+0000] {dag.py:2573} INFO - Sync 1 DAGs
[2023-01-15T14:09:36.703+0000] {logging_mixin.py:117} INFO - [2023-01-15T14:09:36.703+0000] {dag.py:3328} INFO - Setting next_dagrun for tutorial to 2023-01-14T14:09:36.703284+00:00, run_after=2023-01-15T14:09:36.703284+00:00
[2023-01-15T14:09:36.714+0000] {processor.py:178} INFO - Processing /home/airflow/.local/lib/python3.7/site-packages/airflow/example_dags/tutorial.py took 0.065 seconds
[2023-01-15T14:59:10.219+0000] {processor.py:156} INFO - Started process (PID=25862) to work on /home/airflow/.local/lib/python3.7/site-packages/airflow/example_dags/tutorial.py
[2023-01-15T14:59:10.220+0000] {processor.py:758} INFO - Processing file /home/airflow/.local/lib/python3.7/site-packages/airflow/example_dags/tutorial.py for tasks to queue
[2023-01-15T14:59:10.227+0000] {logging_mixin.py:117} INFO - [2023-01-15T14:59:10.227+0000] {dagbag.py:525} INFO - Filling up the DagBag from /home/airflow/.local/lib/python3.7/site-packages/airflow/example_dags/tutorial.py
[2023-01-15T14:59:10.254+0000] {processor.py:768} INFO - DAG(s) dict_keys(['tutorial']) retrieved from /home/airflow/.local/lib/python3.7/site-packages/airflow/example_dags/tutorial.py
[2023-01-15T14:59:10.446+0000] {logging_mixin.py:117} INFO - [2023-01-15T14:59:10.446+0000] {dag.py:2573} INFO - Sync 1 DAGs
[2023-01-15T14:59:10.515+0000] {logging_mixin.py:117} INFO - [2023-01-15T14:59:10.515+0000] {dag.py:3328} INFO - Setting next_dagrun for tutorial to 2023-01-14T14:59:10.515158+00:00, run_after=2023-01-15T14:59:10.515158+00:00
[2023-01-15T14:59:10.696+0000] {processor.py:178} INFO - Processing /home/airflow/.local/lib/python3.7/site-packages/airflow/example_dags/tutorial.py took 0.481 seconds
[2023-01-15T16:21:34.126+0000] {processor.py:156} INFO - Started process (PID=25925) to work on /home/airflow/.local/lib/python3.7/site-packages/airflow/example_dags/tutorial.py
[2023-01-15T16:21:34.132+0000] {processor.py:758} INFO - Processing file /home/airflow/.local/lib/python3.7/site-packages/airflow/example_dags/tutorial.py for tasks to queue
[2023-01-15T16:21:34.133+0000] {logging_mixin.py:117} INFO - [2023-01-15T16:21:34.133+0000] {dagbag.py:525} INFO - Filling up the DagBag from /home/airflow/.local/lib/python3.7/site-packages/airflow/example_dags/tutorial.py
[2023-01-15T16:21:34.150+0000] {processor.py:768} INFO - DAG(s) dict_keys(['tutorial']) retrieved from /home/airflow/.local/lib/python3.7/site-packages/airflow/example_dags/tutorial.py
[2023-01-15T16:21:34.200+0000] {logging_mixin.py:117} INFO - [2023-01-15T16:21:34.200+0000] {dag.py:2573} INFO - Sync 1 DAGs
[2023-01-15T16:21:34.221+0000] {logging_mixin.py:117} INFO - [2023-01-15T16:21:34.221+0000] {dag.py:3328} INFO - Setting next_dagrun for tutorial to 2023-01-14T16:21:34.221206+00:00, run_after=2023-01-15T16:21:34.221206+00:00
[2023-01-15T16:21:34.234+0000] {processor.py:178} INFO - Processing /home/airflow/.local/lib/python3.7/site-packages/airflow/example_dags/tutorial.py took 0.111 seconds
[2023-01-15T17:27:01.711+0000] {processor.py:156} INFO - Started process (PID=25988) to work on /home/airflow/.local/lib/python3.7/site-packages/airflow/example_dags/tutorial.py
[2023-01-15T17:27:01.714+0000] {processor.py:758} INFO - Processing file /home/airflow/.local/lib/python3.7/site-packages/airflow/example_dags/tutorial.py for tasks to queue
[2023-01-15T17:27:01.715+0000] {logging_mixin.py:117} INFO - [2023-01-15T17:27:01.715+0000] {dagbag.py:525} INFO - Filling up the DagBag from /home/airflow/.local/lib/python3.7/site-packages/airflow/example_dags/tutorial.py
[2023-01-15T17:27:01.735+0000] {processor.py:768} INFO - DAG(s) dict_keys(['tutorial']) retrieved from /home/airflow/.local/lib/python3.7/site-packages/airflow/example_dags/tutorial.py
[2023-01-15T17:27:01.838+0000] {logging_mixin.py:117} INFO - [2023-01-15T17:27:01.838+0000] {dag.py:2573} INFO - Sync 1 DAGs
[2023-01-15T17:27:01.883+0000] {logging_mixin.py:117} INFO - [2023-01-15T17:27:01.883+0000] {dag.py:3328} INFO - Setting next_dagrun for tutorial to 2023-01-14T17:27:01.882776+00:00, run_after=2023-01-15T17:27:01.882776+00:00
[2023-01-15T17:27:01.917+0000] {processor.py:178} INFO - Processing /home/airflow/.local/lib/python3.7/site-packages/airflow/example_dags/tutorial.py took 0.211 seconds
[2023-01-15T18:23:33.843+0000] {processor.py:156} INFO - Started process (PID=26051) to work on /home/airflow/.local/lib/python3.7/site-packages/airflow/example_dags/tutorial.py
[2023-01-15T18:23:33.846+0000] {processor.py:758} INFO - Processing file /home/airflow/.local/lib/python3.7/site-packages/airflow/example_dags/tutorial.py for tasks to queue
[2023-01-15T18:23:33.848+0000] {logging_mixin.py:117} INFO - [2023-01-15T18:23:33.848+0000] {dagbag.py:525} INFO - Filling up the DagBag from /home/airflow/.local/lib/python3.7/site-packages/airflow/example_dags/tutorial.py
[2023-01-15T18:23:33.899+0000] {processor.py:768} INFO - DAG(s) dict_keys(['tutorial']) retrieved from /home/airflow/.local/lib/python3.7/site-packages/airflow/example_dags/tutorial.py
[2023-01-15T18:23:33.958+0000] {logging_mixin.py:117} INFO - [2023-01-15T18:23:33.958+0000] {dag.py:2573} INFO - Sync 1 DAGs
[2023-01-15T18:23:34.032+0000] {logging_mixin.py:117} INFO - [2023-01-15T18:23:34.032+0000] {dag.py:3328} INFO - Setting next_dagrun for tutorial to 2023-01-14T18:23:34.032356+00:00, run_after=2023-01-15T18:23:34.032356+00:00
[2023-01-15T18:23:34.115+0000] {processor.py:178} INFO - Processing /home/airflow/.local/lib/python3.7/site-packages/airflow/example_dags/tutorial.py took 0.281 seconds
[2023-01-15T19:46:51.857+0000] {processor.py:156} INFO - Started process (PID=26105) to work on /home/airflow/.local/lib/python3.7/site-packages/airflow/example_dags/tutorial.py
[2023-01-15T19:46:51.858+0000] {processor.py:758} INFO - Processing file /home/airflow/.local/lib/python3.7/site-packages/airflow/example_dags/tutorial.py for tasks to queue
[2023-01-15T19:46:51.859+0000] {logging_mixin.py:117} INFO - [2023-01-15T19:46:51.859+0000] {dagbag.py:525} INFO - Filling up the DagBag from /home/airflow/.local/lib/python3.7/site-packages/airflow/example_dags/tutorial.py
[2023-01-15T19:46:51.870+0000] {processor.py:768} INFO - DAG(s) dict_keys(['tutorial']) retrieved from /home/airflow/.local/lib/python3.7/site-packages/airflow/example_dags/tutorial.py
[2023-01-15T19:46:51.910+0000] {logging_mixin.py:117} INFO - [2023-01-15T19:46:51.910+0000] {dag.py:2573} INFO - Sync 1 DAGs
[2023-01-15T19:46:51.988+0000] {logging_mixin.py:117} INFO - [2023-01-15T19:46:51.988+0000] {dag.py:3328} INFO - Setting next_dagrun for tutorial to 2023-01-14T19:46:51.987071+00:00, run_after=2023-01-15T19:46:51.987071+00:00
[2023-01-15T19:46:52.054+0000] {processor.py:178} INFO - Processing /home/airflow/.local/lib/python3.7/site-packages/airflow/example_dags/tutorial.py took 0.199 seconds
[2023-01-15T20:53:26.301+0000] {processor.py:156} INFO - Started process (PID=26167) to work on /home/airflow/.local/lib/python3.7/site-packages/airflow/example_dags/tutorial.py
[2023-01-15T20:53:26.307+0000] {processor.py:758} INFO - Processing file /home/airflow/.local/lib/python3.7/site-packages/airflow/example_dags/tutorial.py for tasks to queue
[2023-01-15T20:53:26.309+0000] {logging_mixin.py:117} INFO - [2023-01-15T20:53:26.308+0000] {dagbag.py:525} INFO - Filling up the DagBag from /home/airflow/.local/lib/python3.7/site-packages/airflow/example_dags/tutorial.py
[2023-01-15T20:53:26.331+0000] {processor.py:768} INFO - DAG(s) dict_keys(['tutorial']) retrieved from /home/airflow/.local/lib/python3.7/site-packages/airflow/example_dags/tutorial.py
[2023-01-15T20:53:26.404+0000] {logging_mixin.py:117} INFO - [2023-01-15T20:53:26.404+0000] {dag.py:2573} INFO - Sync 1 DAGs
[2023-01-15T20:53:26.436+0000] {logging_mixin.py:117} INFO - [2023-01-15T20:53:26.436+0000] {dag.py:3328} INFO - Setting next_dagrun for tutorial to 2023-01-14T20:53:26.436483+00:00, run_after=2023-01-15T20:53:26.436483+00:00
[2023-01-15T20:53:26.497+0000] {processor.py:178} INFO - Processing /home/airflow/.local/lib/python3.7/site-packages/airflow/example_dags/tutorial.py took 0.200 seconds
[2023-01-15T21:52:31.060+0000] {processor.py:156} INFO - Started process (PID=26230) to work on /home/airflow/.local/lib/python3.7/site-packages/airflow/example_dags/tutorial.py
[2023-01-15T21:52:31.061+0000] {processor.py:758} INFO - Processing file /home/airflow/.local/lib/python3.7/site-packages/airflow/example_dags/tutorial.py for tasks to queue
[2023-01-15T21:52:31.063+0000] {logging_mixin.py:117} INFO - [2023-01-15T21:52:31.063+0000] {dagbag.py:525} INFO - Filling up the DagBag from /home/airflow/.local/lib/python3.7/site-packages/airflow/example_dags/tutorial.py
[2023-01-15T21:52:31.077+0000] {processor.py:768} INFO - DAG(s) dict_keys(['tutorial']) retrieved from /home/airflow/.local/lib/python3.7/site-packages/airflow/example_dags/tutorial.py
[2023-01-15T21:52:31.127+0000] {logging_mixin.py:117} INFO - [2023-01-15T21:52:31.127+0000] {dag.py:2573} INFO - Sync 1 DAGs
[2023-01-15T21:52:31.159+0000] {logging_mixin.py:117} INFO - [2023-01-15T21:52:31.159+0000] {dag.py:3328} INFO - Setting next_dagrun for tutorial to 2023-01-14T21:52:31.158975+00:00, run_after=2023-01-15T21:52:31.158975+00:00
[2023-01-15T21:52:31.188+0000] {processor.py:178} INFO - Processing /home/airflow/.local/lib/python3.7/site-packages/airflow/example_dags/tutorial.py took 0.131 seconds
[2023-01-15T23:15:48.293+0000] {processor.py:156} INFO - Started process (PID=26284) to work on /home/airflow/.local/lib/python3.7/site-packages/airflow/example_dags/tutorial.py
[2023-01-15T23:15:48.295+0000] {processor.py:758} INFO - Processing file /home/airflow/.local/lib/python3.7/site-packages/airflow/example_dags/tutorial.py for tasks to queue
[2023-01-15T23:15:48.295+0000] {logging_mixin.py:117} INFO - [2023-01-15T23:15:48.295+0000] {dagbag.py:525} INFO - Filling up the DagBag from /home/airflow/.local/lib/python3.7/site-packages/airflow/example_dags/tutorial.py
[2023-01-15T23:15:48.306+0000] {processor.py:768} INFO - DAG(s) dict_keys(['tutorial']) retrieved from /home/airflow/.local/lib/python3.7/site-packages/airflow/example_dags/tutorial.py
[2023-01-15T23:15:48.335+0000] {logging_mixin.py:117} INFO - [2023-01-15T23:15:48.335+0000] {dag.py:2573} INFO - Sync 1 DAGs
[2023-01-15T23:15:48.349+0000] {logging_mixin.py:117} INFO - [2023-01-15T23:15:48.349+0000] {dag.py:3328} INFO - Setting next_dagrun for tutorial to 2023-01-14T23:15:48.349532+00:00, run_after=2023-01-15T23:15:48.349532+00:00
[2023-01-15T23:15:48.361+0000] {processor.py:178} INFO - Processing /home/airflow/.local/lib/python3.7/site-packages/airflow/example_dags/tutorial.py took 0.070 seconds
