[2023-01-15T00:38:57.270+0000] {processor.py:156} INFO - Started process (PID=24091) to work on /home/airflow/.local/lib/python3.7/site-packages/airflow/example_dags/tutorial_taskflow_api.py
[2023-01-15T00:38:57.272+0000] {processor.py:758} INFO - Processing file /home/airflow/.local/lib/python3.7/site-packages/airflow/example_dags/tutorial_taskflow_api.py for tasks to queue
[2023-01-15T00:38:57.273+0000] {logging_mixin.py:117} INFO - [2023-01-15T00:38:57.273+0000] {dagbag.py:525} INFO - Filling up the DagBag from /home/airflow/.local/lib/python3.7/site-packages/airflow/example_dags/tutorial_taskflow_api.py
[2023-01-15T00:38:57.324+0000] {processor.py:768} INFO - DAG(s) dict_keys(['tutorial_taskflow_api']) retrieved from /home/airflow/.local/lib/python3.7/site-packages/airflow/example_dags/tutorial_taskflow_api.py
[2023-01-15T00:38:57.401+0000] {logging_mixin.py:117} INFO - [2023-01-15T00:38:57.401+0000] {dag.py:2573} INFO - Sync 1 DAGs
[2023-01-15T00:38:57.436+0000] {logging_mixin.py:117} INFO - [2023-01-15T00:38:57.435+0000] {dag.py:3328} INFO - Setting next_dagrun for tutorial_taskflow_api to None, run_after=None
[2023-01-15T00:38:57.470+0000] {processor.py:178} INFO - Processing /home/airflow/.local/lib/python3.7/site-packages/airflow/example_dags/tutorial_taskflow_api.py took 0.206 seconds
[2023-01-15T01:44:14.523+0000] {processor.py:156} INFO - Started process (PID=24154) to work on /home/airflow/.local/lib/python3.7/site-packages/airflow/example_dags/tutorial_taskflow_api.py
[2023-01-15T01:44:14.527+0000] {processor.py:758} INFO - Processing file /home/airflow/.local/lib/python3.7/site-packages/airflow/example_dags/tutorial_taskflow_api.py for tasks to queue
[2023-01-15T01:44:14.529+0000] {logging_mixin.py:117} INFO - [2023-01-15T01:44:14.529+0000] {dagbag.py:525} INFO - Filling up the DagBag from /home/airflow/.local/lib/python3.7/site-packages/airflow/example_dags/tutorial_taskflow_api.py
[2023-01-15T01:44:14.576+0000] {processor.py:768} INFO - DAG(s) dict_keys(['tutorial_taskflow_api']) retrieved from /home/airflow/.local/lib/python3.7/site-packages/airflow/example_dags/tutorial_taskflow_api.py
[2023-01-15T01:44:14.688+0000] {logging_mixin.py:117} INFO - [2023-01-15T01:44:14.687+0000] {dag.py:2573} INFO - Sync 1 DAGs
[2023-01-15T01:44:14.730+0000] {logging_mixin.py:117} INFO - [2023-01-15T01:44:14.729+0000] {dag.py:3328} INFO - Setting next_dagrun for tutorial_taskflow_api to None, run_after=None
[2023-01-15T01:44:14.763+0000] {processor.py:178} INFO - Processing /home/airflow/.local/lib/python3.7/site-packages/airflow/example_dags/tutorial_taskflow_api.py took 0.244 seconds
[2023-01-15T02:15:44.955+0000] {processor.py:156} INFO - Started process (PID=24208) to work on /home/airflow/.local/lib/python3.7/site-packages/airflow/example_dags/tutorial_taskflow_api.py
[2023-01-15T02:15:44.956+0000] {processor.py:758} INFO - Processing file /home/airflow/.local/lib/python3.7/site-packages/airflow/example_dags/tutorial_taskflow_api.py for tasks to queue
[2023-01-15T02:15:44.957+0000] {logging_mixin.py:117} INFO - [2023-01-15T02:15:44.957+0000] {dagbag.py:525} INFO - Filling up the DagBag from /home/airflow/.local/lib/python3.7/site-packages/airflow/example_dags/tutorial_taskflow_api.py
[2023-01-15T02:15:44.978+0000] {processor.py:768} INFO - DAG(s) dict_keys(['tutorial_taskflow_api']) retrieved from /home/airflow/.local/lib/python3.7/site-packages/airflow/example_dags/tutorial_taskflow_api.py
[2023-01-15T02:15:45.005+0000] {logging_mixin.py:117} INFO - [2023-01-15T02:15:45.005+0000] {dag.py:2573} INFO - Sync 1 DAGs
[2023-01-15T02:15:45.020+0000] {logging_mixin.py:117} INFO - [2023-01-15T02:15:45.020+0000] {dag.py:3328} INFO - Setting next_dagrun for tutorial_taskflow_api to None, run_after=None
[2023-01-15T02:15:45.031+0000] {processor.py:178} INFO - Processing /home/airflow/.local/lib/python3.7/site-packages/airflow/example_dags/tutorial_taskflow_api.py took 0.079 seconds
[2023-01-15T02:16:15.629+0000] {processor.py:156} INFO - Started process (PID=24271) to work on /home/airflow/.local/lib/python3.7/site-packages/airflow/example_dags/tutorial_taskflow_api.py
[2023-01-15T02:16:15.631+0000] {processor.py:758} INFO - Processing file /home/airflow/.local/lib/python3.7/site-packages/airflow/example_dags/tutorial_taskflow_api.py for tasks to queue
[2023-01-15T02:16:15.632+0000] {logging_mixin.py:117} INFO - [2023-01-15T02:16:15.632+0000] {dagbag.py:525} INFO - Filling up the DagBag from /home/airflow/.local/lib/python3.7/site-packages/airflow/example_dags/tutorial_taskflow_api.py
[2023-01-15T02:16:15.658+0000] {processor.py:768} INFO - DAG(s) dict_keys(['tutorial_taskflow_api']) retrieved from /home/airflow/.local/lib/python3.7/site-packages/airflow/example_dags/tutorial_taskflow_api.py
[2023-01-15T02:16:15.691+0000] {logging_mixin.py:117} INFO - [2023-01-15T02:16:15.691+0000] {dag.py:2573} INFO - Sync 1 DAGs
[2023-01-15T02:16:15.708+0000] {logging_mixin.py:117} INFO - [2023-01-15T02:16:15.708+0000] {dag.py:3328} INFO - Setting next_dagrun for tutorial_taskflow_api to None, run_after=None
[2023-01-15T02:16:15.723+0000] {processor.py:178} INFO - Processing /home/airflow/.local/lib/python3.7/site-packages/airflow/example_dags/tutorial_taskflow_api.py took 0.099 seconds
[2023-01-15T02:49:40.863+0000] {processor.py:156} INFO - Started process (PID=24334) to work on /home/airflow/.local/lib/python3.7/site-packages/airflow/example_dags/tutorial_taskflow_api.py
[2023-01-15T02:49:40.864+0000] {processor.py:758} INFO - Processing file /home/airflow/.local/lib/python3.7/site-packages/airflow/example_dags/tutorial_taskflow_api.py for tasks to queue
[2023-01-15T02:49:40.865+0000] {logging_mixin.py:117} INFO - [2023-01-15T02:49:40.865+0000] {dagbag.py:525} INFO - Filling up the DagBag from /home/airflow/.local/lib/python3.7/site-packages/airflow/example_dags/tutorial_taskflow_api.py
[2023-01-15T02:49:40.884+0000] {processor.py:768} INFO - DAG(s) dict_keys(['tutorial_taskflow_api']) retrieved from /home/airflow/.local/lib/python3.7/site-packages/airflow/example_dags/tutorial_taskflow_api.py
[2023-01-15T02:49:40.913+0000] {logging_mixin.py:117} INFO - [2023-01-15T02:49:40.913+0000] {dag.py:2573} INFO - Sync 1 DAGs
[2023-01-15T02:49:41.261+0000] {logging_mixin.py:117} INFO - [2023-01-15T02:49:41.260+0000] {dag.py:3328} INFO - Setting next_dagrun for tutorial_taskflow_api to None, run_after=None
[2023-01-15T02:49:41.383+0000] {processor.py:178} INFO - Processing /home/airflow/.local/lib/python3.7/site-packages/airflow/example_dags/tutorial_taskflow_api.py took 0.523 seconds
[2023-01-15T04:11:00.058+0000] {processor.py:156} INFO - Started process (PID=24397) to work on /home/airflow/.local/lib/python3.7/site-packages/airflow/example_dags/tutorial_taskflow_api.py
[2023-01-15T04:11:00.060+0000] {processor.py:758} INFO - Processing file /home/airflow/.local/lib/python3.7/site-packages/airflow/example_dags/tutorial_taskflow_api.py for tasks to queue
[2023-01-15T04:11:00.061+0000] {logging_mixin.py:117} INFO - [2023-01-15T04:11:00.061+0000] {dagbag.py:525} INFO - Filling up the DagBag from /home/airflow/.local/lib/python3.7/site-packages/airflow/example_dags/tutorial_taskflow_api.py
[2023-01-15T04:11:00.093+0000] {processor.py:768} INFO - DAG(s) dict_keys(['tutorial_taskflow_api']) retrieved from /home/airflow/.local/lib/python3.7/site-packages/airflow/example_dags/tutorial_taskflow_api.py
[2023-01-15T04:11:00.180+0000] {logging_mixin.py:117} INFO - [2023-01-15T04:11:00.180+0000] {dag.py:2573} INFO - Sync 1 DAGs
[2023-01-15T04:11:00.235+0000] {logging_mixin.py:117} INFO - [2023-01-15T04:11:00.235+0000] {dag.py:3328} INFO - Setting next_dagrun for tutorial_taskflow_api to None, run_after=None
[2023-01-15T04:11:00.277+0000] {processor.py:178} INFO - Processing /home/airflow/.local/lib/python3.7/site-packages/airflow/example_dags/tutorial_taskflow_api.py took 0.222 seconds
[2023-01-15T05:08:47.933+0000] {processor.py:156} INFO - Started process (PID=24459) to work on /home/airflow/.local/lib/python3.7/site-packages/airflow/example_dags/tutorial_taskflow_api.py
[2023-01-15T05:08:47.935+0000] {processor.py:758} INFO - Processing file /home/airflow/.local/lib/python3.7/site-packages/airflow/example_dags/tutorial_taskflow_api.py for tasks to queue
[2023-01-15T05:08:47.937+0000] {logging_mixin.py:117} INFO - [2023-01-15T05:08:47.937+0000] {dagbag.py:525} INFO - Filling up the DagBag from /home/airflow/.local/lib/python3.7/site-packages/airflow/example_dags/tutorial_taskflow_api.py
[2023-01-15T05:08:47.983+0000] {processor.py:768} INFO - DAG(s) dict_keys(['tutorial_taskflow_api']) retrieved from /home/airflow/.local/lib/python3.7/site-packages/airflow/example_dags/tutorial_taskflow_api.py
[2023-01-15T05:08:48.067+0000] {logging_mixin.py:117} INFO - [2023-01-15T05:08:48.067+0000] {dag.py:2573} INFO - Sync 1 DAGs
[2023-01-15T05:08:48.106+0000] {logging_mixin.py:117} INFO - [2023-01-15T05:08:48.106+0000] {dag.py:3328} INFO - Setting next_dagrun for tutorial_taskflow_api to None, run_after=None
[2023-01-15T05:08:48.126+0000] {processor.py:178} INFO - Processing /home/airflow/.local/lib/python3.7/site-packages/airflow/example_dags/tutorial_taskflow_api.py took 0.197 seconds
[2023-01-15T06:14:15.999+0000] {processor.py:156} INFO - Started process (PID=24515) to work on /home/airflow/.local/lib/python3.7/site-packages/airflow/example_dags/tutorial_taskflow_api.py
[2023-01-15T06:14:16.003+0000] {processor.py:758} INFO - Processing file /home/airflow/.local/lib/python3.7/site-packages/airflow/example_dags/tutorial_taskflow_api.py for tasks to queue
[2023-01-15T06:14:16.005+0000] {logging_mixin.py:117} INFO - [2023-01-15T06:14:16.005+0000] {dagbag.py:525} INFO - Filling up the DagBag from /home/airflow/.local/lib/python3.7/site-packages/airflow/example_dags/tutorial_taskflow_api.py
[2023-01-15T06:14:16.089+0000] {processor.py:768} INFO - DAG(s) dict_keys(['tutorial_taskflow_api']) retrieved from /home/airflow/.local/lib/python3.7/site-packages/airflow/example_dags/tutorial_taskflow_api.py
[2023-01-15T06:14:16.176+0000] {logging_mixin.py:117} INFO - [2023-01-15T06:14:16.175+0000] {dag.py:2573} INFO - Sync 1 DAGs
[2023-01-15T06:14:16.204+0000] {logging_mixin.py:117} INFO - [2023-01-15T06:14:16.204+0000] {dag.py:3328} INFO - Setting next_dagrun for tutorial_taskflow_api to None, run_after=None
[2023-01-15T06:14:16.226+0000] {processor.py:178} INFO - Processing /home/airflow/.local/lib/python3.7/site-packages/airflow/example_dags/tutorial_taskflow_api.py took 0.238 seconds
[2023-01-15T06:57:22.349+0000] {processor.py:156} INFO - Started process (PID=24578) to work on /home/airflow/.local/lib/python3.7/site-packages/airflow/example_dags/tutorial_taskflow_api.py
[2023-01-15T06:57:22.351+0000] {processor.py:758} INFO - Processing file /home/airflow/.local/lib/python3.7/site-packages/airflow/example_dags/tutorial_taskflow_api.py for tasks to queue
[2023-01-15T06:57:22.352+0000] {logging_mixin.py:117} INFO - [2023-01-15T06:57:22.352+0000] {dagbag.py:525} INFO - Filling up the DagBag from /home/airflow/.local/lib/python3.7/site-packages/airflow/example_dags/tutorial_taskflow_api.py
[2023-01-15T06:57:22.386+0000] {processor.py:768} INFO - DAG(s) dict_keys(['tutorial_taskflow_api']) retrieved from /home/airflow/.local/lib/python3.7/site-packages/airflow/example_dags/tutorial_taskflow_api.py
[2023-01-15T06:57:22.431+0000] {logging_mixin.py:117} INFO - [2023-01-15T06:57:22.431+0000] {dag.py:2573} INFO - Sync 1 DAGs
[2023-01-15T06:57:22.458+0000] {logging_mixin.py:117} INFO - [2023-01-15T06:57:22.458+0000] {dag.py:3328} INFO - Setting next_dagrun for tutorial_taskflow_api to None, run_after=None
[2023-01-15T06:57:22.501+0000] {processor.py:178} INFO - Processing /home/airflow/.local/lib/python3.7/site-packages/airflow/example_dags/tutorial_taskflow_api.py took 0.156 seconds
[2023-01-15T08:03:13.922+0000] {processor.py:156} INFO - Started process (PID=24641) to work on /home/airflow/.local/lib/python3.7/site-packages/airflow/example_dags/tutorial_taskflow_api.py
[2023-01-15T08:03:13.927+0000] {processor.py:758} INFO - Processing file /home/airflow/.local/lib/python3.7/site-packages/airflow/example_dags/tutorial_taskflow_api.py for tasks to queue
[2023-01-15T08:03:13.928+0000] {logging_mixin.py:117} INFO - [2023-01-15T08:03:13.928+0000] {dagbag.py:525} INFO - Filling up the DagBag from /home/airflow/.local/lib/python3.7/site-packages/airflow/example_dags/tutorial_taskflow_api.py
[2023-01-15T08:03:13.973+0000] {processor.py:768} INFO - DAG(s) dict_keys(['tutorial_taskflow_api']) retrieved from /home/airflow/.local/lib/python3.7/site-packages/airflow/example_dags/tutorial_taskflow_api.py
[2023-01-15T08:03:14.016+0000] {logging_mixin.py:117} INFO - [2023-01-15T08:03:14.016+0000] {dag.py:2573} INFO - Sync 1 DAGs
[2023-01-15T08:03:14.039+0000] {logging_mixin.py:117} INFO - [2023-01-15T08:03:14.039+0000] {dag.py:3328} INFO - Setting next_dagrun for tutorial_taskflow_api to None, run_after=None
[2023-01-15T08:03:14.059+0000] {processor.py:178} INFO - Processing /home/airflow/.local/lib/python3.7/site-packages/airflow/example_dags/tutorial_taskflow_api.py took 0.141 seconds
[2023-01-15T09:11:03.141+0000] {processor.py:156} INFO - Started process (PID=24695) to work on /home/airflow/.local/lib/python3.7/site-packages/airflow/example_dags/tutorial_taskflow_api.py
[2023-01-15T09:11:03.149+0000] {processor.py:758} INFO - Processing file /home/airflow/.local/lib/python3.7/site-packages/airflow/example_dags/tutorial_taskflow_api.py for tasks to queue
[2023-01-15T09:11:03.152+0000] {logging_mixin.py:117} INFO - [2023-01-15T09:11:03.152+0000] {dagbag.py:525} INFO - Filling up the DagBag from /home/airflow/.local/lib/python3.7/site-packages/airflow/example_dags/tutorial_taskflow_api.py
[2023-01-15T09:11:03.233+0000] {processor.py:768} INFO - DAG(s) dict_keys(['tutorial_taskflow_api']) retrieved from /home/airflow/.local/lib/python3.7/site-packages/airflow/example_dags/tutorial_taskflow_api.py
[2023-01-15T09:11:03.329+0000] {logging_mixin.py:117} INFO - [2023-01-15T09:11:03.329+0000] {dag.py:2573} INFO - Sync 1 DAGs
[2023-01-15T09:11:03.357+0000] {logging_mixin.py:117} INFO - [2023-01-15T09:11:03.357+0000] {dag.py:3328} INFO - Setting next_dagrun for tutorial_taskflow_api to None, run_after=None
[2023-01-15T09:11:03.369+0000] {processor.py:178} INFO - Processing /home/airflow/.local/lib/python3.7/site-packages/airflow/example_dags/tutorial_taskflow_api.py took 0.241 seconds
[2023-01-15T09:32:51.080+0000] {processor.py:156} INFO - Started process (PID=24759) to work on /home/airflow/.local/lib/python3.7/site-packages/airflow/example_dags/tutorial_taskflow_api.py
[2023-01-15T09:32:51.088+0000] {processor.py:758} INFO - Processing file /home/airflow/.local/lib/python3.7/site-packages/airflow/example_dags/tutorial_taskflow_api.py for tasks to queue
[2023-01-15T09:32:51.090+0000] {logging_mixin.py:117} INFO - [2023-01-15T09:32:51.090+0000] {dagbag.py:525} INFO - Filling up the DagBag from /home/airflow/.local/lib/python3.7/site-packages/airflow/example_dags/tutorial_taskflow_api.py
[2023-01-15T09:32:51.123+0000] {processor.py:768} INFO - DAG(s) dict_keys(['tutorial_taskflow_api']) retrieved from /home/airflow/.local/lib/python3.7/site-packages/airflow/example_dags/tutorial_taskflow_api.py
[2023-01-15T09:32:51.176+0000] {logging_mixin.py:117} INFO - [2023-01-15T09:32:51.176+0000] {dag.py:2573} INFO - Sync 1 DAGs
[2023-01-15T09:32:51.206+0000] {logging_mixin.py:117} INFO - [2023-01-15T09:32:51.206+0000] {dag.py:3328} INFO - Setting next_dagrun for tutorial_taskflow_api to None, run_after=None
[2023-01-15T09:32:51.226+0000] {processor.py:178} INFO - Processing /home/airflow/.local/lib/python3.7/site-packages/airflow/example_dags/tutorial_taskflow_api.py took 0.151 seconds
[2023-01-15T09:33:54.128+0000] {processor.py:156} INFO - Started process (PID=24822) to work on /home/airflow/.local/lib/python3.7/site-packages/airflow/example_dags/tutorial_taskflow_api.py
[2023-01-15T09:33:54.130+0000] {processor.py:758} INFO - Processing file /home/airflow/.local/lib/python3.7/site-packages/airflow/example_dags/tutorial_taskflow_api.py for tasks to queue
[2023-01-15T09:33:54.131+0000] {logging_mixin.py:117} INFO - [2023-01-15T09:33:54.131+0000] {dagbag.py:525} INFO - Filling up the DagBag from /home/airflow/.local/lib/python3.7/site-packages/airflow/example_dags/tutorial_taskflow_api.py
[2023-01-15T09:33:54.147+0000] {processor.py:768} INFO - DAG(s) dict_keys(['tutorial_taskflow_api']) retrieved from /home/airflow/.local/lib/python3.7/site-packages/airflow/example_dags/tutorial_taskflow_api.py
[2023-01-15T09:33:54.174+0000] {logging_mixin.py:117} INFO - [2023-01-15T09:33:54.174+0000] {dag.py:2573} INFO - Sync 1 DAGs
[2023-01-15T09:33:54.189+0000] {logging_mixin.py:117} INFO - [2023-01-15T09:33:54.189+0000] {dag.py:3328} INFO - Setting next_dagrun for tutorial_taskflow_api to None, run_after=None
[2023-01-15T09:33:54.199+0000] {processor.py:178} INFO - Processing /home/airflow/.local/lib/python3.7/site-packages/airflow/example_dags/tutorial_taskflow_api.py took 0.075 seconds
[2023-01-15T09:43:26.497+0000] {processor.py:156} INFO - Started process (PID=24885) to work on /home/airflow/.local/lib/python3.7/site-packages/airflow/example_dags/tutorial_taskflow_api.py
[2023-01-15T09:43:26.499+0000] {processor.py:758} INFO - Processing file /home/airflow/.local/lib/python3.7/site-packages/airflow/example_dags/tutorial_taskflow_api.py for tasks to queue
[2023-01-15T09:43:26.500+0000] {logging_mixin.py:117} INFO - [2023-01-15T09:43:26.500+0000] {dagbag.py:525} INFO - Filling up the DagBag from /home/airflow/.local/lib/python3.7/site-packages/airflow/example_dags/tutorial_taskflow_api.py
[2023-01-15T09:43:26.543+0000] {processor.py:768} INFO - DAG(s) dict_keys(['tutorial_taskflow_api']) retrieved from /home/airflow/.local/lib/python3.7/site-packages/airflow/example_dags/tutorial_taskflow_api.py
[2023-01-15T09:43:26.601+0000] {logging_mixin.py:117} INFO - [2023-01-15T09:43:26.601+0000] {dag.py:2573} INFO - Sync 1 DAGs
[2023-01-15T09:43:26.629+0000] {logging_mixin.py:117} INFO - [2023-01-15T09:43:26.629+0000] {dag.py:3328} INFO - Setting next_dagrun for tutorial_taskflow_api to None, run_after=None
[2023-01-15T09:43:26.647+0000] {processor.py:178} INFO - Processing /home/airflow/.local/lib/python3.7/site-packages/airflow/example_dags/tutorial_taskflow_api.py took 0.154 seconds
[2023-01-15T11:04:06.739+0000] {processor.py:156} INFO - Started process (PID=24945) to work on /home/airflow/.local/lib/python3.7/site-packages/airflow/example_dags/tutorial_taskflow_api.py
[2023-01-15T11:04:06.742+0000] {processor.py:758} INFO - Processing file /home/airflow/.local/lib/python3.7/site-packages/airflow/example_dags/tutorial_taskflow_api.py for tasks to queue
[2023-01-15T11:04:06.746+0000] {logging_mixin.py:117} INFO - [2023-01-15T11:04:06.745+0000] {dagbag.py:525} INFO - Filling up the DagBag from /home/airflow/.local/lib/python3.7/site-packages/airflow/example_dags/tutorial_taskflow_api.py
[2023-01-15T11:04:06.783+0000] {processor.py:768} INFO - DAG(s) dict_keys(['tutorial_taskflow_api']) retrieved from /home/airflow/.local/lib/python3.7/site-packages/airflow/example_dags/tutorial_taskflow_api.py
[2023-01-15T11:04:06.860+0000] {logging_mixin.py:117} INFO - [2023-01-15T11:04:06.860+0000] {dag.py:2573} INFO - Sync 1 DAGs
[2023-01-15T11:04:06.893+0000] {logging_mixin.py:117} INFO - [2023-01-15T11:04:06.893+0000] {dag.py:3328} INFO - Setting next_dagrun for tutorial_taskflow_api to None, run_after=None
[2023-01-15T11:04:06.923+0000] {processor.py:178} INFO - Processing /home/airflow/.local/lib/python3.7/site-packages/airflow/example_dags/tutorial_taskflow_api.py took 0.198 seconds
[2023-01-15T12:04:13.807+0000] {processor.py:156} INFO - Started process (PID=25002) to work on /home/airflow/.local/lib/python3.7/site-packages/airflow/example_dags/tutorial_taskflow_api.py
[2023-01-15T12:04:13.810+0000] {processor.py:758} INFO - Processing file /home/airflow/.local/lib/python3.7/site-packages/airflow/example_dags/tutorial_taskflow_api.py for tasks to queue
[2023-01-15T12:04:13.811+0000] {logging_mixin.py:117} INFO - [2023-01-15T12:04:13.811+0000] {dagbag.py:525} INFO - Filling up the DagBag from /home/airflow/.local/lib/python3.7/site-packages/airflow/example_dags/tutorial_taskflow_api.py
[2023-01-15T12:04:13.840+0000] {processor.py:768} INFO - DAG(s) dict_keys(['tutorial_taskflow_api']) retrieved from /home/airflow/.local/lib/python3.7/site-packages/airflow/example_dags/tutorial_taskflow_api.py
[2023-01-15T12:04:13.893+0000] {logging_mixin.py:117} INFO - [2023-01-15T12:04:13.893+0000] {dag.py:2573} INFO - Sync 1 DAGs
[2023-01-15T12:04:13.917+0000] {logging_mixin.py:117} INFO - [2023-01-15T12:04:13.917+0000] {dag.py:3328} INFO - Setting next_dagrun for tutorial_taskflow_api to None, run_after=None
[2023-01-15T12:04:13.937+0000] {processor.py:178} INFO - Processing /home/airflow/.local/lib/python3.7/site-packages/airflow/example_dags/tutorial_taskflow_api.py took 0.137 seconds
[2023-01-15T12:42:35.424+0000] {processor.py:156} INFO - Started process (PID=25065) to work on /home/airflow/.local/lib/python3.7/site-packages/airflow/example_dags/tutorial_taskflow_api.py
[2023-01-15T12:42:35.430+0000] {processor.py:758} INFO - Processing file /home/airflow/.local/lib/python3.7/site-packages/airflow/example_dags/tutorial_taskflow_api.py for tasks to queue
[2023-01-15T12:42:35.432+0000] {logging_mixin.py:117} INFO - [2023-01-15T12:42:35.432+0000] {dagbag.py:525} INFO - Filling up the DagBag from /home/airflow/.local/lib/python3.7/site-packages/airflow/example_dags/tutorial_taskflow_api.py
[2023-01-15T12:42:35.486+0000] {processor.py:768} INFO - DAG(s) dict_keys(['tutorial_taskflow_api']) retrieved from /home/airflow/.local/lib/python3.7/site-packages/airflow/example_dags/tutorial_taskflow_api.py
[2023-01-15T12:42:35.554+0000] {logging_mixin.py:117} INFO - [2023-01-15T12:42:35.554+0000] {dag.py:2573} INFO - Sync 1 DAGs
[2023-01-15T12:42:35.603+0000] {logging_mixin.py:117} INFO - [2023-01-15T12:42:35.603+0000] {dag.py:3328} INFO - Setting next_dagrun for tutorial_taskflow_api to None, run_after=None
[2023-01-15T12:42:35.630+0000] {processor.py:178} INFO - Processing /home/airflow/.local/lib/python3.7/site-packages/airflow/example_dags/tutorial_taskflow_api.py took 0.210 seconds
[2023-01-15T13:21:54.100+0000] {processor.py:156} INFO - Started process (PID=25128) to work on /home/airflow/.local/lib/python3.7/site-packages/airflow/example_dags/tutorial_taskflow_api.py
[2023-01-15T13:21:54.101+0000] {processor.py:758} INFO - Processing file /home/airflow/.local/lib/python3.7/site-packages/airflow/example_dags/tutorial_taskflow_api.py for tasks to queue
[2023-01-15T13:21:54.102+0000] {logging_mixin.py:117} INFO - [2023-01-15T13:21:54.102+0000] {dagbag.py:525} INFO - Filling up the DagBag from /home/airflow/.local/lib/python3.7/site-packages/airflow/example_dags/tutorial_taskflow_api.py
[2023-01-15T13:21:54.118+0000] {processor.py:768} INFO - DAG(s) dict_keys(['tutorial_taskflow_api']) retrieved from /home/airflow/.local/lib/python3.7/site-packages/airflow/example_dags/tutorial_taskflow_api.py
[2023-01-15T13:21:54.147+0000] {logging_mixin.py:117} INFO - [2023-01-15T13:21:54.147+0000] {dag.py:2573} INFO - Sync 1 DAGs
[2023-01-15T13:21:54.161+0000] {logging_mixin.py:117} INFO - [2023-01-15T13:21:54.161+0000] {dag.py:3328} INFO - Setting next_dagrun for tutorial_taskflow_api to None, run_after=None
[2023-01-15T13:21:54.171+0000] {processor.py:178} INFO - Processing /home/airflow/.local/lib/python3.7/site-packages/airflow/example_dags/tutorial_taskflow_api.py took 0.074 seconds
[2023-01-15T13:38:26.475+0000] {processor.py:156} INFO - Started process (PID=25182) to work on /home/airflow/.local/lib/python3.7/site-packages/airflow/example_dags/tutorial_taskflow_api.py
[2023-01-15T13:38:26.476+0000] {processor.py:758} INFO - Processing file /home/airflow/.local/lib/python3.7/site-packages/airflow/example_dags/tutorial_taskflow_api.py for tasks to queue
[2023-01-15T13:38:26.477+0000] {logging_mixin.py:117} INFO - [2023-01-15T13:38:26.477+0000] {dagbag.py:525} INFO - Filling up the DagBag from /home/airflow/.local/lib/python3.7/site-packages/airflow/example_dags/tutorial_taskflow_api.py
[2023-01-15T13:38:26.492+0000] {processor.py:768} INFO - DAG(s) dict_keys(['tutorial_taskflow_api']) retrieved from /home/airflow/.local/lib/python3.7/site-packages/airflow/example_dags/tutorial_taskflow_api.py
[2023-01-15T13:38:26.520+0000] {logging_mixin.py:117} INFO - [2023-01-15T13:38:26.520+0000] {dag.py:2573} INFO - Sync 1 DAGs
[2023-01-15T13:38:26.534+0000] {logging_mixin.py:117} INFO - [2023-01-15T13:38:26.534+0000] {dag.py:3328} INFO - Setting next_dagrun for tutorial_taskflow_api to None, run_after=None
[2023-01-15T13:38:26.544+0000] {processor.py:178} INFO - Processing /home/airflow/.local/lib/python3.7/site-packages/airflow/example_dags/tutorial_taskflow_api.py took 0.072 seconds
[2023-01-15T13:38:57.495+0000] {processor.py:156} INFO - Started process (PID=25245) to work on /home/airflow/.local/lib/python3.7/site-packages/airflow/example_dags/tutorial_taskflow_api.py
[2023-01-15T13:38:57.496+0000] {processor.py:758} INFO - Processing file /home/airflow/.local/lib/python3.7/site-packages/airflow/example_dags/tutorial_taskflow_api.py for tasks to queue
[2023-01-15T13:38:57.497+0000] {logging_mixin.py:117} INFO - [2023-01-15T13:38:57.497+0000] {dagbag.py:525} INFO - Filling up the DagBag from /home/airflow/.local/lib/python3.7/site-packages/airflow/example_dags/tutorial_taskflow_api.py
[2023-01-15T13:38:57.513+0000] {processor.py:768} INFO - DAG(s) dict_keys(['tutorial_taskflow_api']) retrieved from /home/airflow/.local/lib/python3.7/site-packages/airflow/example_dags/tutorial_taskflow_api.py
[2023-01-15T13:38:57.541+0000] {logging_mixin.py:117} INFO - [2023-01-15T13:38:57.541+0000] {dag.py:2573} INFO - Sync 1 DAGs
[2023-01-15T13:38:57.556+0000] {logging_mixin.py:117} INFO - [2023-01-15T13:38:57.556+0000] {dag.py:3328} INFO - Setting next_dagrun for tutorial_taskflow_api to None, run_after=None
[2023-01-15T13:38:57.568+0000] {processor.py:178} INFO - Processing /home/airflow/.local/lib/python3.7/site-packages/airflow/example_dags/tutorial_taskflow_api.py took 0.075 seconds
[2023-01-15T13:39:28.130+0000] {processor.py:156} INFO - Started process (PID=25308) to work on /home/airflow/.local/lib/python3.7/site-packages/airflow/example_dags/tutorial_taskflow_api.py
[2023-01-15T13:39:28.132+0000] {processor.py:758} INFO - Processing file /home/airflow/.local/lib/python3.7/site-packages/airflow/example_dags/tutorial_taskflow_api.py for tasks to queue
[2023-01-15T13:39:28.132+0000] {logging_mixin.py:117} INFO - [2023-01-15T13:39:28.132+0000] {dagbag.py:525} INFO - Filling up the DagBag from /home/airflow/.local/lib/python3.7/site-packages/airflow/example_dags/tutorial_taskflow_api.py
[2023-01-15T13:39:28.148+0000] {processor.py:768} INFO - DAG(s) dict_keys(['tutorial_taskflow_api']) retrieved from /home/airflow/.local/lib/python3.7/site-packages/airflow/example_dags/tutorial_taskflow_api.py
[2023-01-15T13:39:28.176+0000] {logging_mixin.py:117} INFO - [2023-01-15T13:39:28.176+0000] {dag.py:2573} INFO - Sync 1 DAGs
[2023-01-15T13:39:28.190+0000] {logging_mixin.py:117} INFO - [2023-01-15T13:39:28.190+0000] {dag.py:3328} INFO - Setting next_dagrun for tutorial_taskflow_api to None, run_after=None
[2023-01-15T13:39:28.206+0000] {processor.py:178} INFO - Processing /home/airflow/.local/lib/python3.7/site-packages/airflow/example_dags/tutorial_taskflow_api.py took 0.079 seconds
[2023-01-15T13:39:58.379+0000] {processor.py:156} INFO - Started process (PID=25371) to work on /home/airflow/.local/lib/python3.7/site-packages/airflow/example_dags/tutorial_taskflow_api.py
[2023-01-15T13:39:58.380+0000] {processor.py:758} INFO - Processing file /home/airflow/.local/lib/python3.7/site-packages/airflow/example_dags/tutorial_taskflow_api.py for tasks to queue
[2023-01-15T13:39:58.381+0000] {logging_mixin.py:117} INFO - [2023-01-15T13:39:58.381+0000] {dagbag.py:525} INFO - Filling up the DagBag from /home/airflow/.local/lib/python3.7/site-packages/airflow/example_dags/tutorial_taskflow_api.py
[2023-01-15T13:39:58.401+0000] {processor.py:768} INFO - DAG(s) dict_keys(['tutorial_taskflow_api']) retrieved from /home/airflow/.local/lib/python3.7/site-packages/airflow/example_dags/tutorial_taskflow_api.py
[2023-01-15T13:39:58.434+0000] {logging_mixin.py:117} INFO - [2023-01-15T13:39:58.433+0000] {dag.py:2573} INFO - Sync 1 DAGs
[2023-01-15T13:39:58.448+0000] {logging_mixin.py:117} INFO - [2023-01-15T13:39:58.448+0000] {dag.py:3328} INFO - Setting next_dagrun for tutorial_taskflow_api to None, run_after=None
[2023-01-15T13:39:58.462+0000] {processor.py:178} INFO - Processing /home/airflow/.local/lib/python3.7/site-packages/airflow/example_dags/tutorial_taskflow_api.py took 0.087 seconds
[2023-01-15T13:40:28.898+0000] {processor.py:156} INFO - Started process (PID=25434) to work on /home/airflow/.local/lib/python3.7/site-packages/airflow/example_dags/tutorial_taskflow_api.py
[2023-01-15T13:40:28.899+0000] {processor.py:758} INFO - Processing file /home/airflow/.local/lib/python3.7/site-packages/airflow/example_dags/tutorial_taskflow_api.py for tasks to queue
[2023-01-15T13:40:28.900+0000] {logging_mixin.py:117} INFO - [2023-01-15T13:40:28.900+0000] {dagbag.py:525} INFO - Filling up the DagBag from /home/airflow/.local/lib/python3.7/site-packages/airflow/example_dags/tutorial_taskflow_api.py
[2023-01-15T13:40:28.915+0000] {processor.py:768} INFO - DAG(s) dict_keys(['tutorial_taskflow_api']) retrieved from /home/airflow/.local/lib/python3.7/site-packages/airflow/example_dags/tutorial_taskflow_api.py
[2023-01-15T13:40:28.942+0000] {logging_mixin.py:117} INFO - [2023-01-15T13:40:28.942+0000] {dag.py:2573} INFO - Sync 1 DAGs
[2023-01-15T13:40:28.956+0000] {logging_mixin.py:117} INFO - [2023-01-15T13:40:28.955+0000] {dag.py:3328} INFO - Setting next_dagrun for tutorial_taskflow_api to None, run_after=None
[2023-01-15T13:40:28.965+0000] {processor.py:178} INFO - Processing /home/airflow/.local/lib/python3.7/site-packages/airflow/example_dags/tutorial_taskflow_api.py took 0.070 seconds
[2023-01-15T13:40:59.501+0000] {processor.py:156} INFO - Started process (PID=25497) to work on /home/airflow/.local/lib/python3.7/site-packages/airflow/example_dags/tutorial_taskflow_api.py
[2023-01-15T13:40:59.502+0000] {processor.py:758} INFO - Processing file /home/airflow/.local/lib/python3.7/site-packages/airflow/example_dags/tutorial_taskflow_api.py for tasks to queue
[2023-01-15T13:40:59.503+0000] {logging_mixin.py:117} INFO - [2023-01-15T13:40:59.503+0000] {dagbag.py:525} INFO - Filling up the DagBag from /home/airflow/.local/lib/python3.7/site-packages/airflow/example_dags/tutorial_taskflow_api.py
[2023-01-15T13:40:59.519+0000] {processor.py:768} INFO - DAG(s) dict_keys(['tutorial_taskflow_api']) retrieved from /home/airflow/.local/lib/python3.7/site-packages/airflow/example_dags/tutorial_taskflow_api.py
[2023-01-15T13:40:59.545+0000] {logging_mixin.py:117} INFO - [2023-01-15T13:40:59.545+0000] {dag.py:2573} INFO - Sync 1 DAGs
[2023-01-15T13:40:59.558+0000] {logging_mixin.py:117} INFO - [2023-01-15T13:40:59.558+0000] {dag.py:3328} INFO - Setting next_dagrun for tutorial_taskflow_api to None, run_after=None
[2023-01-15T13:40:59.569+0000] {processor.py:178} INFO - Processing /home/airflow/.local/lib/python3.7/site-packages/airflow/example_dags/tutorial_taskflow_api.py took 0.072 seconds
[2023-01-15T13:41:29.722+0000] {processor.py:156} INFO - Started process (PID=25551) to work on /home/airflow/.local/lib/python3.7/site-packages/airflow/example_dags/tutorial_taskflow_api.py
[2023-01-15T13:41:29.724+0000] {processor.py:758} INFO - Processing file /home/airflow/.local/lib/python3.7/site-packages/airflow/example_dags/tutorial_taskflow_api.py for tasks to queue
[2023-01-15T13:41:29.725+0000] {logging_mixin.py:117} INFO - [2023-01-15T13:41:29.725+0000] {dagbag.py:525} INFO - Filling up the DagBag from /home/airflow/.local/lib/python3.7/site-packages/airflow/example_dags/tutorial_taskflow_api.py
[2023-01-15T13:41:29.739+0000] {processor.py:768} INFO - DAG(s) dict_keys(['tutorial_taskflow_api']) retrieved from /home/airflow/.local/lib/python3.7/site-packages/airflow/example_dags/tutorial_taskflow_api.py
[2023-01-15T13:41:29.766+0000] {logging_mixin.py:117} INFO - [2023-01-15T13:41:29.766+0000] {dag.py:2573} INFO - Sync 1 DAGs
[2023-01-15T13:41:29.780+0000] {logging_mixin.py:117} INFO - [2023-01-15T13:41:29.780+0000] {dag.py:3328} INFO - Setting next_dagrun for tutorial_taskflow_api to None, run_after=None
[2023-01-15T13:41:29.791+0000] {processor.py:178} INFO - Processing /home/airflow/.local/lib/python3.7/site-packages/airflow/example_dags/tutorial_taskflow_api.py took 0.073 seconds
[2023-01-15T13:42:00.133+0000] {processor.py:156} INFO - Started process (PID=25615) to work on /home/airflow/.local/lib/python3.7/site-packages/airflow/example_dags/tutorial_taskflow_api.py
[2023-01-15T13:42:00.134+0000] {processor.py:758} INFO - Processing file /home/airflow/.local/lib/python3.7/site-packages/airflow/example_dags/tutorial_taskflow_api.py for tasks to queue
[2023-01-15T13:42:00.135+0000] {logging_mixin.py:117} INFO - [2023-01-15T13:42:00.135+0000] {dagbag.py:525} INFO - Filling up the DagBag from /home/airflow/.local/lib/python3.7/site-packages/airflow/example_dags/tutorial_taskflow_api.py
[2023-01-15T13:42:00.149+0000] {processor.py:768} INFO - DAG(s) dict_keys(['tutorial_taskflow_api']) retrieved from /home/airflow/.local/lib/python3.7/site-packages/airflow/example_dags/tutorial_taskflow_api.py
[2023-01-15T13:42:00.177+0000] {logging_mixin.py:117} INFO - [2023-01-15T13:42:00.177+0000] {dag.py:2573} INFO - Sync 1 DAGs
[2023-01-15T13:42:00.191+0000] {logging_mixin.py:117} INFO - [2023-01-15T13:42:00.191+0000] {dag.py:3328} INFO - Setting next_dagrun for tutorial_taskflow_api to None, run_after=None
[2023-01-15T13:42:00.201+0000] {processor.py:178} INFO - Processing /home/airflow/.local/lib/python3.7/site-packages/airflow/example_dags/tutorial_taskflow_api.py took 0.072 seconds
[2023-01-15T13:58:03.676+0000] {processor.py:156} INFO - Started process (PID=25678) to work on /home/airflow/.local/lib/python3.7/site-packages/airflow/example_dags/tutorial_taskflow_api.py
[2023-01-15T13:58:03.680+0000] {processor.py:758} INFO - Processing file /home/airflow/.local/lib/python3.7/site-packages/airflow/example_dags/tutorial_taskflow_api.py for tasks to queue
[2023-01-15T13:58:03.682+0000] {logging_mixin.py:117} INFO - [2023-01-15T13:58:03.682+0000] {dagbag.py:525} INFO - Filling up the DagBag from /home/airflow/.local/lib/python3.7/site-packages/airflow/example_dags/tutorial_taskflow_api.py
[2023-01-15T13:58:03.712+0000] {processor.py:768} INFO - DAG(s) dict_keys(['tutorial_taskflow_api']) retrieved from /home/airflow/.local/lib/python3.7/site-packages/airflow/example_dags/tutorial_taskflow_api.py
[2023-01-15T13:58:03.778+0000] {logging_mixin.py:117} INFO - [2023-01-15T13:58:03.778+0000] {dag.py:2573} INFO - Sync 1 DAGs
[2023-01-15T13:58:03.808+0000] {logging_mixin.py:117} INFO - [2023-01-15T13:58:03.808+0000] {dag.py:3328} INFO - Setting next_dagrun for tutorial_taskflow_api to None, run_after=None
[2023-01-15T13:58:03.838+0000] {processor.py:178} INFO - Processing /home/airflow/.local/lib/python3.7/site-packages/airflow/example_dags/tutorial_taskflow_api.py took 0.166 seconds
[2023-01-15T14:09:05.980+0000] {processor.py:156} INFO - Started process (PID=25741) to work on /home/airflow/.local/lib/python3.7/site-packages/airflow/example_dags/tutorial_taskflow_api.py
[2023-01-15T14:09:05.982+0000] {processor.py:758} INFO - Processing file /home/airflow/.local/lib/python3.7/site-packages/airflow/example_dags/tutorial_taskflow_api.py for tasks to queue
[2023-01-15T14:09:05.984+0000] {logging_mixin.py:117} INFO - [2023-01-15T14:09:05.984+0000] {dagbag.py:525} INFO - Filling up the DagBag from /home/airflow/.local/lib/python3.7/site-packages/airflow/example_dags/tutorial_taskflow_api.py
[2023-01-15T14:09:06.019+0000] {processor.py:768} INFO - DAG(s) dict_keys(['tutorial_taskflow_api']) retrieved from /home/airflow/.local/lib/python3.7/site-packages/airflow/example_dags/tutorial_taskflow_api.py
[2023-01-15T14:09:06.079+0000] {logging_mixin.py:117} INFO - [2023-01-15T14:09:06.078+0000] {dag.py:2573} INFO - Sync 1 DAGs
[2023-01-15T14:09:06.131+0000] {logging_mixin.py:117} INFO - [2023-01-15T14:09:06.131+0000] {dag.py:3328} INFO - Setting next_dagrun for tutorial_taskflow_api to None, run_after=None
[2023-01-15T14:09:06.162+0000] {processor.py:178} INFO - Processing /home/airflow/.local/lib/python3.7/site-packages/airflow/example_dags/tutorial_taskflow_api.py took 0.186 seconds
[2023-01-15T14:09:36.474+0000] {processor.py:156} INFO - Started process (PID=25795) to work on /home/airflow/.local/lib/python3.7/site-packages/airflow/example_dags/tutorial_taskflow_api.py
[2023-01-15T14:09:36.476+0000] {processor.py:758} INFO - Processing file /home/airflow/.local/lib/python3.7/site-packages/airflow/example_dags/tutorial_taskflow_api.py for tasks to queue
[2023-01-15T14:09:36.477+0000] {logging_mixin.py:117} INFO - [2023-01-15T14:09:36.477+0000] {dagbag.py:525} INFO - Filling up the DagBag from /home/airflow/.local/lib/python3.7/site-packages/airflow/example_dags/tutorial_taskflow_api.py
[2023-01-15T14:09:36.492+0000] {processor.py:768} INFO - DAG(s) dict_keys(['tutorial_taskflow_api']) retrieved from /home/airflow/.local/lib/python3.7/site-packages/airflow/example_dags/tutorial_taskflow_api.py
[2023-01-15T14:09:36.519+0000] {logging_mixin.py:117} INFO - [2023-01-15T14:09:36.519+0000] {dag.py:2573} INFO - Sync 1 DAGs
[2023-01-15T14:09:36.533+0000] {logging_mixin.py:117} INFO - [2023-01-15T14:09:36.533+0000] {dag.py:3328} INFO - Setting next_dagrun for tutorial_taskflow_api to None, run_after=None
[2023-01-15T14:09:36.544+0000] {processor.py:178} INFO - Processing /home/airflow/.local/lib/python3.7/site-packages/airflow/example_dags/tutorial_taskflow_api.py took 0.072 seconds
[2023-01-15T14:59:09.886+0000] {processor.py:156} INFO - Started process (PID=25859) to work on /home/airflow/.local/lib/python3.7/site-packages/airflow/example_dags/tutorial_taskflow_api.py
[2023-01-15T14:59:09.890+0000] {processor.py:758} INFO - Processing file /home/airflow/.local/lib/python3.7/site-packages/airflow/example_dags/tutorial_taskflow_api.py for tasks to queue
[2023-01-15T14:59:09.891+0000] {logging_mixin.py:117} INFO - [2023-01-15T14:59:09.891+0000] {dagbag.py:525} INFO - Filling up the DagBag from /home/airflow/.local/lib/python3.7/site-packages/airflow/example_dags/tutorial_taskflow_api.py
[2023-01-15T14:59:09.935+0000] {processor.py:768} INFO - DAG(s) dict_keys(['tutorial_taskflow_api']) retrieved from /home/airflow/.local/lib/python3.7/site-packages/airflow/example_dags/tutorial_taskflow_api.py
[2023-01-15T14:59:09.998+0000] {logging_mixin.py:117} INFO - [2023-01-15T14:59:09.998+0000] {dag.py:2573} INFO - Sync 1 DAGs
[2023-01-15T14:59:10.029+0000] {logging_mixin.py:117} INFO - [2023-01-15T14:59:10.029+0000] {dag.py:3328} INFO - Setting next_dagrun for tutorial_taskflow_api to None, run_after=None
[2023-01-15T14:59:10.062+0000] {processor.py:178} INFO - Processing /home/airflow/.local/lib/python3.7/site-packages/airflow/example_dags/tutorial_taskflow_api.py took 0.180 seconds
[2023-01-15T16:21:33.731+0000] {processor.py:156} INFO - Started process (PID=25922) to work on /home/airflow/.local/lib/python3.7/site-packages/airflow/example_dags/tutorial_taskflow_api.py
[2023-01-15T16:21:33.734+0000] {processor.py:758} INFO - Processing file /home/airflow/.local/lib/python3.7/site-packages/airflow/example_dags/tutorial_taskflow_api.py for tasks to queue
[2023-01-15T16:21:33.736+0000] {logging_mixin.py:117} INFO - [2023-01-15T16:21:33.735+0000] {dagbag.py:525} INFO - Filling up the DagBag from /home/airflow/.local/lib/python3.7/site-packages/airflow/example_dags/tutorial_taskflow_api.py
[2023-01-15T16:21:33.805+0000] {processor.py:768} INFO - DAG(s) dict_keys(['tutorial_taskflow_api']) retrieved from /home/airflow/.local/lib/python3.7/site-packages/airflow/example_dags/tutorial_taskflow_api.py
[2023-01-15T16:21:33.924+0000] {logging_mixin.py:117} INFO - [2023-01-15T16:21:33.924+0000] {dag.py:2573} INFO - Sync 1 DAGs
[2023-01-15T16:21:33.980+0000] {logging_mixin.py:117} INFO - [2023-01-15T16:21:33.980+0000] {dag.py:3328} INFO - Setting next_dagrun for tutorial_taskflow_api to None, run_after=None
[2023-01-15T16:21:34.007+0000] {processor.py:178} INFO - Processing /home/airflow/.local/lib/python3.7/site-packages/airflow/example_dags/tutorial_taskflow_api.py took 0.288 seconds
[2023-01-15T17:27:01.395+0000] {processor.py:156} INFO - Started process (PID=25985) to work on /home/airflow/.local/lib/python3.7/site-packages/airflow/example_dags/tutorial_taskflow_api.py
[2023-01-15T17:27:01.400+0000] {processor.py:758} INFO - Processing file /home/airflow/.local/lib/python3.7/site-packages/airflow/example_dags/tutorial_taskflow_api.py for tasks to queue
[2023-01-15T17:27:01.402+0000] {logging_mixin.py:117} INFO - [2023-01-15T17:27:01.402+0000] {dagbag.py:525} INFO - Filling up the DagBag from /home/airflow/.local/lib/python3.7/site-packages/airflow/example_dags/tutorial_taskflow_api.py
[2023-01-15T17:27:01.427+0000] {processor.py:768} INFO - DAG(s) dict_keys(['tutorial_taskflow_api']) retrieved from /home/airflow/.local/lib/python3.7/site-packages/airflow/example_dags/tutorial_taskflow_api.py
[2023-01-15T17:27:01.495+0000] {logging_mixin.py:117} INFO - [2023-01-15T17:27:01.495+0000] {dag.py:2573} INFO - Sync 1 DAGs
[2023-01-15T17:27:01.519+0000] {logging_mixin.py:117} INFO - [2023-01-15T17:27:01.519+0000] {dag.py:3328} INFO - Setting next_dagrun for tutorial_taskflow_api to None, run_after=None
[2023-01-15T17:27:01.538+0000] {processor.py:178} INFO - Processing /home/airflow/.local/lib/python3.7/site-packages/airflow/example_dags/tutorial_taskflow_api.py took 0.147 seconds
[2023-01-15T18:23:33.097+0000] {processor.py:156} INFO - Started process (PID=26046) to work on /home/airflow/.local/lib/python3.7/site-packages/airflow/example_dags/tutorial_taskflow_api.py
[2023-01-15T18:23:33.103+0000] {processor.py:758} INFO - Processing file /home/airflow/.local/lib/python3.7/site-packages/airflow/example_dags/tutorial_taskflow_api.py for tasks to queue
[2023-01-15T18:23:33.106+0000] {logging_mixin.py:117} INFO - [2023-01-15T18:23:33.106+0000] {dagbag.py:525} INFO - Filling up the DagBag from /home/airflow/.local/lib/python3.7/site-packages/airflow/example_dags/tutorial_taskflow_api.py
[2023-01-15T18:23:33.152+0000] {processor.py:768} INFO - DAG(s) dict_keys(['tutorial_taskflow_api']) retrieved from /home/airflow/.local/lib/python3.7/site-packages/airflow/example_dags/tutorial_taskflow_api.py
[2023-01-15T18:23:33.245+0000] {logging_mixin.py:117} INFO - [2023-01-15T18:23:33.245+0000] {dag.py:2573} INFO - Sync 1 DAGs
[2023-01-15T18:23:33.280+0000] {logging_mixin.py:117} INFO - [2023-01-15T18:23:33.280+0000] {dag.py:3328} INFO - Setting next_dagrun for tutorial_taskflow_api to None, run_after=None
[2023-01-15T18:23:33.309+0000] {processor.py:178} INFO - Processing /home/airflow/.local/lib/python3.7/site-packages/airflow/example_dags/tutorial_taskflow_api.py took 0.216 seconds
[2023-01-15T19:46:51.740+0000] {processor.py:156} INFO - Started process (PID=26102) to work on /home/airflow/.local/lib/python3.7/site-packages/airflow/example_dags/tutorial_taskflow_api.py
[2023-01-15T19:46:51.741+0000] {processor.py:758} INFO - Processing file /home/airflow/.local/lib/python3.7/site-packages/airflow/example_dags/tutorial_taskflow_api.py for tasks to queue
[2023-01-15T19:46:51.742+0000] {logging_mixin.py:117} INFO - [2023-01-15T19:46:51.742+0000] {dagbag.py:525} INFO - Filling up the DagBag from /home/airflow/.local/lib/python3.7/site-packages/airflow/example_dags/tutorial_taskflow_api.py
[2023-01-15T19:46:51.758+0000] {processor.py:768} INFO - DAG(s) dict_keys(['tutorial_taskflow_api']) retrieved from /home/airflow/.local/lib/python3.7/site-packages/airflow/example_dags/tutorial_taskflow_api.py
[2023-01-15T19:46:51.785+0000] {logging_mixin.py:117} INFO - [2023-01-15T19:46:51.785+0000] {dag.py:2573} INFO - Sync 1 DAGs
[2023-01-15T19:46:51.799+0000] {logging_mixin.py:117} INFO - [2023-01-15T19:46:51.799+0000] {dag.py:3328} INFO - Setting next_dagrun for tutorial_taskflow_api to None, run_after=None
[2023-01-15T19:46:51.810+0000] {processor.py:178} INFO - Processing /home/airflow/.local/lib/python3.7/site-packages/airflow/example_dags/tutorial_taskflow_api.py took 0.072 seconds
[2023-01-15T20:53:25.924+0000] {processor.py:156} INFO - Started process (PID=26164) to work on /home/airflow/.local/lib/python3.7/site-packages/airflow/example_dags/tutorial_taskflow_api.py
[2023-01-15T20:53:25.925+0000] {processor.py:758} INFO - Processing file /home/airflow/.local/lib/python3.7/site-packages/airflow/example_dags/tutorial_taskflow_api.py for tasks to queue
[2023-01-15T20:53:25.926+0000] {logging_mixin.py:117} INFO - [2023-01-15T20:53:25.926+0000] {dagbag.py:525} INFO - Filling up the DagBag from /home/airflow/.local/lib/python3.7/site-packages/airflow/example_dags/tutorial_taskflow_api.py
[2023-01-15T20:53:25.947+0000] {processor.py:768} INFO - DAG(s) dict_keys(['tutorial_taskflow_api']) retrieved from /home/airflow/.local/lib/python3.7/site-packages/airflow/example_dags/tutorial_taskflow_api.py
[2023-01-15T20:53:26.025+0000] {logging_mixin.py:117} INFO - [2023-01-15T20:53:26.025+0000] {dag.py:2573} INFO - Sync 1 DAGs
[2023-01-15T20:53:26.065+0000] {logging_mixin.py:117} INFO - [2023-01-15T20:53:26.065+0000] {dag.py:3328} INFO - Setting next_dagrun for tutorial_taskflow_api to None, run_after=None
[2023-01-15T20:53:26.103+0000] {processor.py:178} INFO - Processing /home/airflow/.local/lib/python3.7/site-packages/airflow/example_dags/tutorial_taskflow_api.py took 0.182 seconds
[2023-01-15T21:52:30.672+0000] {processor.py:156} INFO - Started process (PID=26227) to work on /home/airflow/.local/lib/python3.7/site-packages/airflow/example_dags/tutorial_taskflow_api.py
[2023-01-15T21:52:30.697+0000] {processor.py:758} INFO - Processing file /home/airflow/.local/lib/python3.7/site-packages/airflow/example_dags/tutorial_taskflow_api.py for tasks to queue
[2023-01-15T21:52:30.708+0000] {logging_mixin.py:117} INFO - [2023-01-15T21:52:30.706+0000] {dagbag.py:525} INFO - Filling up the DagBag from /home/airflow/.local/lib/python3.7/site-packages/airflow/example_dags/tutorial_taskflow_api.py
[2023-01-15T21:52:30.785+0000] {processor.py:768} INFO - DAG(s) dict_keys(['tutorial_taskflow_api']) retrieved from /home/airflow/.local/lib/python3.7/site-packages/airflow/example_dags/tutorial_taskflow_api.py
[2023-01-15T21:52:30.860+0000] {logging_mixin.py:117} INFO - [2023-01-15T21:52:30.860+0000] {dag.py:2573} INFO - Sync 1 DAGs
[2023-01-15T21:52:30.909+0000] {logging_mixin.py:117} INFO - [2023-01-15T21:52:30.909+0000] {dag.py:3328} INFO - Setting next_dagrun for tutorial_taskflow_api to None, run_after=None
[2023-01-15T21:52:30.923+0000] {processor.py:178} INFO - Processing /home/airflow/.local/lib/python3.7/site-packages/airflow/example_dags/tutorial_taskflow_api.py took 0.257 seconds
[2023-01-15T23:15:48.148+0000] {processor.py:156} INFO - Started process (PID=26281) to work on /home/airflow/.local/lib/python3.7/site-packages/airflow/example_dags/tutorial_taskflow_api.py
[2023-01-15T23:15:48.151+0000] {processor.py:758} INFO - Processing file /home/airflow/.local/lib/python3.7/site-packages/airflow/example_dags/tutorial_taskflow_api.py for tasks to queue
[2023-01-15T23:15:48.151+0000] {logging_mixin.py:117} INFO - [2023-01-15T23:15:48.151+0000] {dagbag.py:525} INFO - Filling up the DagBag from /home/airflow/.local/lib/python3.7/site-packages/airflow/example_dags/tutorial_taskflow_api.py
[2023-01-15T23:15:48.170+0000] {processor.py:768} INFO - DAG(s) dict_keys(['tutorial_taskflow_api']) retrieved from /home/airflow/.local/lib/python3.7/site-packages/airflow/example_dags/tutorial_taskflow_api.py
[2023-01-15T23:15:48.209+0000] {logging_mixin.py:117} INFO - [2023-01-15T23:15:48.209+0000] {dag.py:2573} INFO - Sync 1 DAGs
[2023-01-15T23:15:48.226+0000] {logging_mixin.py:117} INFO - [2023-01-15T23:15:48.226+0000] {dag.py:3328} INFO - Setting next_dagrun for tutorial_taskflow_api to None, run_after=None
[2023-01-15T23:15:48.247+0000] {processor.py:178} INFO - Processing /home/airflow/.local/lib/python3.7/site-packages/airflow/example_dags/tutorial_taskflow_api.py took 0.101 seconds
