[2023-01-15T00:38:59.951+0000] {processor.py:156} INFO - Started process (PID=24116) to work on /home/airflow/.local/lib/python3.7/site-packages/airflow/example_dags/tutorial_dag.py
[2023-01-15T00:38:59.954+0000] {processor.py:758} INFO - Processing file /home/airflow/.local/lib/python3.7/site-packages/airflow/example_dags/tutorial_dag.py for tasks to queue
[2023-01-15T00:38:59.955+0000] {logging_mixin.py:117} INFO - [2023-01-15T00:38:59.955+0000] {dagbag.py:525} INFO - Filling up the DagBag from /home/airflow/.local/lib/python3.7/site-packages/airflow/example_dags/tutorial_dag.py
[2023-01-15T00:38:59.984+0000] {processor.py:768} INFO - DAG(s) dict_keys(['tutorial_dag']) retrieved from /home/airflow/.local/lib/python3.7/site-packages/airflow/example_dags/tutorial_dag.py
[2023-01-15T00:39:00.024+0000] {logging_mixin.py:117} INFO - [2023-01-15T00:39:00.024+0000] {dag.py:2573} INFO - Sync 1 DAGs
[2023-01-15T00:39:00.045+0000] {logging_mixin.py:117} INFO - [2023-01-15T00:39:00.045+0000] {dag.py:3328} INFO - Setting next_dagrun for tutorial_dag to None, run_after=None
[2023-01-15T00:39:00.070+0000] {processor.py:178} INFO - Processing /home/airflow/.local/lib/python3.7/site-packages/airflow/example_dags/tutorial_dag.py took 0.123 seconds
[2023-01-15T01:44:17.963+0000] {processor.py:156} INFO - Started process (PID=24179) to work on /home/airflow/.local/lib/python3.7/site-packages/airflow/example_dags/tutorial_dag.py
[2023-01-15T01:44:17.967+0000] {processor.py:758} INFO - Processing file /home/airflow/.local/lib/python3.7/site-packages/airflow/example_dags/tutorial_dag.py for tasks to queue
[2023-01-15T01:44:17.968+0000] {logging_mixin.py:117} INFO - [2023-01-15T01:44:17.968+0000] {dagbag.py:525} INFO - Filling up the DagBag from /home/airflow/.local/lib/python3.7/site-packages/airflow/example_dags/tutorial_dag.py
[2023-01-15T01:44:17.987+0000] {processor.py:768} INFO - DAG(s) dict_keys(['tutorial_dag']) retrieved from /home/airflow/.local/lib/python3.7/site-packages/airflow/example_dags/tutorial_dag.py
[2023-01-15T01:44:18.034+0000] {logging_mixin.py:117} INFO - [2023-01-15T01:44:18.034+0000] {dag.py:2573} INFO - Sync 1 DAGs
[2023-01-15T01:44:18.053+0000] {logging_mixin.py:117} INFO - [2023-01-15T01:44:18.053+0000] {dag.py:3328} INFO - Setting next_dagrun for tutorial_dag to None, run_after=None
[2023-01-15T01:44:18.081+0000] {processor.py:178} INFO - Processing /home/airflow/.local/lib/python3.7/site-packages/airflow/example_dags/tutorial_dag.py took 0.122 seconds
[2023-01-15T02:15:46.596+0000] {processor.py:156} INFO - Started process (PID=24242) to work on /home/airflow/.local/lib/python3.7/site-packages/airflow/example_dags/tutorial_dag.py
[2023-01-15T02:15:46.598+0000] {processor.py:758} INFO - Processing file /home/airflow/.local/lib/python3.7/site-packages/airflow/example_dags/tutorial_dag.py for tasks to queue
[2023-01-15T02:15:46.605+0000] {logging_mixin.py:117} INFO - [2023-01-15T02:15:46.605+0000] {dagbag.py:525} INFO - Filling up the DagBag from /home/airflow/.local/lib/python3.7/site-packages/airflow/example_dags/tutorial_dag.py
[2023-01-15T02:15:46.618+0000] {processor.py:768} INFO - DAG(s) dict_keys(['tutorial_dag']) retrieved from /home/airflow/.local/lib/python3.7/site-packages/airflow/example_dags/tutorial_dag.py
[2023-01-15T02:15:46.671+0000] {logging_mixin.py:117} INFO - [2023-01-15T02:15:46.671+0000] {dag.py:2573} INFO - Sync 1 DAGs
[2023-01-15T02:15:46.697+0000] {logging_mixin.py:117} INFO - [2023-01-15T02:15:46.697+0000] {dag.py:3328} INFO - Setting next_dagrun for tutorial_dag to None, run_after=None
[2023-01-15T02:15:46.728+0000] {processor.py:178} INFO - Processing /home/airflow/.local/lib/python3.7/site-packages/airflow/example_dags/tutorial_dag.py took 0.135 seconds
[2023-01-15T02:16:17.200+0000] {processor.py:156} INFO - Started process (PID=24296) to work on /home/airflow/.local/lib/python3.7/site-packages/airflow/example_dags/tutorial_dag.py
[2023-01-15T02:16:17.201+0000] {processor.py:758} INFO - Processing file /home/airflow/.local/lib/python3.7/site-packages/airflow/example_dags/tutorial_dag.py for tasks to queue
[2023-01-15T02:16:17.202+0000] {logging_mixin.py:117} INFO - [2023-01-15T02:16:17.202+0000] {dagbag.py:525} INFO - Filling up the DagBag from /home/airflow/.local/lib/python3.7/site-packages/airflow/example_dags/tutorial_dag.py
[2023-01-15T02:16:17.212+0000] {processor.py:768} INFO - DAG(s) dict_keys(['tutorial_dag']) retrieved from /home/airflow/.local/lib/python3.7/site-packages/airflow/example_dags/tutorial_dag.py
[2023-01-15T02:16:17.242+0000] {logging_mixin.py:117} INFO - [2023-01-15T02:16:17.242+0000] {dag.py:2573} INFO - Sync 1 DAGs
[2023-01-15T02:16:17.257+0000] {logging_mixin.py:117} INFO - [2023-01-15T02:16:17.257+0000] {dag.py:3328} INFO - Setting next_dagrun for tutorial_dag to None, run_after=None
[2023-01-15T02:16:17.275+0000] {processor.py:178} INFO - Processing /home/airflow/.local/lib/python3.7/site-packages/airflow/example_dags/tutorial_dag.py took 0.077 seconds
[2023-01-15T02:49:44.241+0000] {processor.py:156} INFO - Started process (PID=24359) to work on /home/airflow/.local/lib/python3.7/site-packages/airflow/example_dags/tutorial_dag.py
[2023-01-15T02:49:44.244+0000] {processor.py:758} INFO - Processing file /home/airflow/.local/lib/python3.7/site-packages/airflow/example_dags/tutorial_dag.py for tasks to queue
[2023-01-15T02:49:44.245+0000] {logging_mixin.py:117} INFO - [2023-01-15T02:49:44.245+0000] {dagbag.py:525} INFO - Filling up the DagBag from /home/airflow/.local/lib/python3.7/site-packages/airflow/example_dags/tutorial_dag.py
[2023-01-15T02:49:44.264+0000] {processor.py:768} INFO - DAG(s) dict_keys(['tutorial_dag']) retrieved from /home/airflow/.local/lib/python3.7/site-packages/airflow/example_dags/tutorial_dag.py
[2023-01-15T02:49:44.328+0000] {logging_mixin.py:117} INFO - [2023-01-15T02:49:44.327+0000] {dag.py:2573} INFO - Sync 1 DAGs
[2023-01-15T02:49:44.374+0000] {logging_mixin.py:117} INFO - [2023-01-15T02:49:44.374+0000] {dag.py:3328} INFO - Setting next_dagrun for tutorial_dag to None, run_after=None
[2023-01-15T02:49:44.407+0000] {processor.py:178} INFO - Processing /home/airflow/.local/lib/python3.7/site-packages/airflow/example_dags/tutorial_dag.py took 0.168 seconds
[2023-01-15T04:11:02.501+0000] {processor.py:156} INFO - Started process (PID=24422) to work on /home/airflow/.local/lib/python3.7/site-packages/airflow/example_dags/tutorial_dag.py
[2023-01-15T04:11:02.502+0000] {processor.py:758} INFO - Processing file /home/airflow/.local/lib/python3.7/site-packages/airflow/example_dags/tutorial_dag.py for tasks to queue
[2023-01-15T04:11:02.503+0000] {logging_mixin.py:117} INFO - [2023-01-15T04:11:02.503+0000] {dagbag.py:525} INFO - Filling up the DagBag from /home/airflow/.local/lib/python3.7/site-packages/airflow/example_dags/tutorial_dag.py
[2023-01-15T04:11:02.530+0000] {processor.py:768} INFO - DAG(s) dict_keys(['tutorial_dag']) retrieved from /home/airflow/.local/lib/python3.7/site-packages/airflow/example_dags/tutorial_dag.py
[2023-01-15T04:11:02.570+0000] {logging_mixin.py:117} INFO - [2023-01-15T04:11:02.569+0000] {dag.py:2573} INFO - Sync 1 DAGs
[2023-01-15T04:11:02.587+0000] {logging_mixin.py:117} INFO - [2023-01-15T04:11:02.587+0000] {dag.py:3328} INFO - Setting next_dagrun for tutorial_dag to None, run_after=None
[2023-01-15T04:11:02.613+0000] {processor.py:178} INFO - Processing /home/airflow/.local/lib/python3.7/site-packages/airflow/example_dags/tutorial_dag.py took 0.115 seconds
[2023-01-15T05:08:51.167+0000] {processor.py:156} INFO - Started process (PID=24486) to work on /home/airflow/.local/lib/python3.7/site-packages/airflow/example_dags/tutorial_dag.py
[2023-01-15T05:08:51.169+0000] {processor.py:758} INFO - Processing file /home/airflow/.local/lib/python3.7/site-packages/airflow/example_dags/tutorial_dag.py for tasks to queue
[2023-01-15T05:08:51.170+0000] {logging_mixin.py:117} INFO - [2023-01-15T05:08:51.170+0000] {dagbag.py:525} INFO - Filling up the DagBag from /home/airflow/.local/lib/python3.7/site-packages/airflow/example_dags/tutorial_dag.py
[2023-01-15T05:08:51.195+0000] {processor.py:768} INFO - DAG(s) dict_keys(['tutorial_dag']) retrieved from /home/airflow/.local/lib/python3.7/site-packages/airflow/example_dags/tutorial_dag.py
[2023-01-15T05:08:51.256+0000] {logging_mixin.py:117} INFO - [2023-01-15T05:08:51.255+0000] {dag.py:2573} INFO - Sync 1 DAGs
[2023-01-15T05:08:51.292+0000] {logging_mixin.py:117} INFO - [2023-01-15T05:08:51.292+0000] {dag.py:3328} INFO - Setting next_dagrun for tutorial_dag to None, run_after=None
[2023-01-15T05:08:51.314+0000] {processor.py:178} INFO - Processing /home/airflow/.local/lib/python3.7/site-packages/airflow/example_dags/tutorial_dag.py took 0.152 seconds
[2023-01-15T06:14:19.358+0000] {processor.py:156} INFO - Started process (PID=24549) to work on /home/airflow/.local/lib/python3.7/site-packages/airflow/example_dags/tutorial_dag.py
[2023-01-15T06:14:19.360+0000] {processor.py:758} INFO - Processing file /home/airflow/.local/lib/python3.7/site-packages/airflow/example_dags/tutorial_dag.py for tasks to queue
[2023-01-15T06:14:19.361+0000] {logging_mixin.py:117} INFO - [2023-01-15T06:14:19.361+0000] {dagbag.py:525} INFO - Filling up the DagBag from /home/airflow/.local/lib/python3.7/site-packages/airflow/example_dags/tutorial_dag.py
[2023-01-15T06:14:19.385+0000] {processor.py:768} INFO - DAG(s) dict_keys(['tutorial_dag']) retrieved from /home/airflow/.local/lib/python3.7/site-packages/airflow/example_dags/tutorial_dag.py
[2023-01-15T06:14:19.457+0000] {logging_mixin.py:117} INFO - [2023-01-15T06:14:19.457+0000] {dag.py:2573} INFO - Sync 1 DAGs
[2023-01-15T06:14:19.478+0000] {logging_mixin.py:117} INFO - [2023-01-15T06:14:19.478+0000] {dag.py:3328} INFO - Setting next_dagrun for tutorial_dag to None, run_after=None
[2023-01-15T06:14:19.492+0000] {processor.py:178} INFO - Processing /home/airflow/.local/lib/python3.7/site-packages/airflow/example_dags/tutorial_dag.py took 0.138 seconds
[2023-01-15T06:57:25.250+0000] {processor.py:156} INFO - Started process (PID=24603) to work on /home/airflow/.local/lib/python3.7/site-packages/airflow/example_dags/tutorial_dag.py
[2023-01-15T06:57:25.252+0000] {processor.py:758} INFO - Processing file /home/airflow/.local/lib/python3.7/site-packages/airflow/example_dags/tutorial_dag.py for tasks to queue
[2023-01-15T06:57:25.254+0000] {logging_mixin.py:117} INFO - [2023-01-15T06:57:25.254+0000] {dagbag.py:525} INFO - Filling up the DagBag from /home/airflow/.local/lib/python3.7/site-packages/airflow/example_dags/tutorial_dag.py
[2023-01-15T06:57:25.308+0000] {processor.py:768} INFO - DAG(s) dict_keys(['tutorial_dag']) retrieved from /home/airflow/.local/lib/python3.7/site-packages/airflow/example_dags/tutorial_dag.py
[2023-01-15T06:57:25.387+0000] {logging_mixin.py:117} INFO - [2023-01-15T06:57:25.387+0000] {dag.py:2573} INFO - Sync 1 DAGs
[2023-01-15T06:57:25.408+0000] {logging_mixin.py:117} INFO - [2023-01-15T06:57:25.408+0000] {dag.py:3328} INFO - Setting next_dagrun for tutorial_dag to None, run_after=None
[2023-01-15T06:57:25.423+0000] {processor.py:178} INFO - Processing /home/airflow/.local/lib/python3.7/site-packages/airflow/example_dags/tutorial_dag.py took 0.184 seconds
[2023-01-15T08:03:17.042+0000] {processor.py:156} INFO - Started process (PID=24666) to work on /home/airflow/.local/lib/python3.7/site-packages/airflow/example_dags/tutorial_dag.py
[2023-01-15T08:03:17.047+0000] {processor.py:758} INFO - Processing file /home/airflow/.local/lib/python3.7/site-packages/airflow/example_dags/tutorial_dag.py for tasks to queue
[2023-01-15T08:03:17.051+0000] {logging_mixin.py:117} INFO - [2023-01-15T08:03:17.050+0000] {dagbag.py:525} INFO - Filling up the DagBag from /home/airflow/.local/lib/python3.7/site-packages/airflow/example_dags/tutorial_dag.py
[2023-01-15T08:03:17.092+0000] {processor.py:768} INFO - DAG(s) dict_keys(['tutorial_dag']) retrieved from /home/airflow/.local/lib/python3.7/site-packages/airflow/example_dags/tutorial_dag.py
[2023-01-15T08:03:17.195+0000] {logging_mixin.py:117} INFO - [2023-01-15T08:03:17.195+0000] {dag.py:2573} INFO - Sync 1 DAGs
[2023-01-15T08:03:17.217+0000] {logging_mixin.py:117} INFO - [2023-01-15T08:03:17.217+0000] {dag.py:3328} INFO - Setting next_dagrun for tutorial_dag to None, run_after=None
[2023-01-15T08:03:17.265+0000] {processor.py:178} INFO - Processing /home/airflow/.local/lib/python3.7/site-packages/airflow/example_dags/tutorial_dag.py took 0.228 seconds
[2023-01-15T09:11:06.874+0000] {processor.py:156} INFO - Started process (PID=24730) to work on /home/airflow/.local/lib/python3.7/site-packages/airflow/example_dags/tutorial_dag.py
[2023-01-15T09:11:06.880+0000] {processor.py:758} INFO - Processing file /home/airflow/.local/lib/python3.7/site-packages/airflow/example_dags/tutorial_dag.py for tasks to queue
[2023-01-15T09:11:06.881+0000] {logging_mixin.py:117} INFO - [2023-01-15T09:11:06.881+0000] {dagbag.py:525} INFO - Filling up the DagBag from /home/airflow/.local/lib/python3.7/site-packages/airflow/example_dags/tutorial_dag.py
[2023-01-15T09:11:06.915+0000] {processor.py:768} INFO - DAG(s) dict_keys(['tutorial_dag']) retrieved from /home/airflow/.local/lib/python3.7/site-packages/airflow/example_dags/tutorial_dag.py
[2023-01-15T09:11:07.018+0000] {logging_mixin.py:117} INFO - [2023-01-15T09:11:07.018+0000] {dag.py:2573} INFO - Sync 1 DAGs
[2023-01-15T09:11:07.058+0000] {logging_mixin.py:117} INFO - [2023-01-15T09:11:07.058+0000] {dag.py:3328} INFO - Setting next_dagrun for tutorial_dag to None, run_after=None
[2023-01-15T09:11:07.077+0000] {processor.py:178} INFO - Processing /home/airflow/.local/lib/python3.7/site-packages/airflow/example_dags/tutorial_dag.py took 0.206 seconds
[2023-01-15T09:32:53.989+0000] {processor.py:156} INFO - Started process (PID=24784) to work on /home/airflow/.local/lib/python3.7/site-packages/airflow/example_dags/tutorial_dag.py
[2023-01-15T09:32:53.993+0000] {processor.py:758} INFO - Processing file /home/airflow/.local/lib/python3.7/site-packages/airflow/example_dags/tutorial_dag.py for tasks to queue
[2023-01-15T09:32:53.994+0000] {logging_mixin.py:117} INFO - [2023-01-15T09:32:53.994+0000] {dagbag.py:525} INFO - Filling up the DagBag from /home/airflow/.local/lib/python3.7/site-packages/airflow/example_dags/tutorial_dag.py
[2023-01-15T09:32:54.011+0000] {processor.py:768} INFO - DAG(s) dict_keys(['tutorial_dag']) retrieved from /home/airflow/.local/lib/python3.7/site-packages/airflow/example_dags/tutorial_dag.py
[2023-01-15T09:32:54.074+0000] {logging_mixin.py:117} INFO - [2023-01-15T09:32:54.074+0000] {dag.py:2573} INFO - Sync 1 DAGs
[2023-01-15T09:32:54.102+0000] {logging_mixin.py:117} INFO - [2023-01-15T09:32:54.102+0000] {dag.py:3328} INFO - Setting next_dagrun for tutorial_dag to None, run_after=None
[2023-01-15T09:32:54.125+0000] {processor.py:178} INFO - Processing /home/airflow/.local/lib/python3.7/site-packages/airflow/example_dags/tutorial_dag.py took 0.139 seconds
[2023-01-15T09:33:55.632+0000] {processor.py:156} INFO - Started process (PID=24847) to work on /home/airflow/.local/lib/python3.7/site-packages/airflow/example_dags/tutorial_dag.py
[2023-01-15T09:33:55.634+0000] {processor.py:758} INFO - Processing file /home/airflow/.local/lib/python3.7/site-packages/airflow/example_dags/tutorial_dag.py for tasks to queue
[2023-01-15T09:33:55.634+0000] {logging_mixin.py:117} INFO - [2023-01-15T09:33:55.634+0000] {dagbag.py:525} INFO - Filling up the DagBag from /home/airflow/.local/lib/python3.7/site-packages/airflow/example_dags/tutorial_dag.py
[2023-01-15T09:33:55.646+0000] {processor.py:768} INFO - DAG(s) dict_keys(['tutorial_dag']) retrieved from /home/airflow/.local/lib/python3.7/site-packages/airflow/example_dags/tutorial_dag.py
[2023-01-15T09:33:55.676+0000] {logging_mixin.py:117} INFO - [2023-01-15T09:33:55.676+0000] {dag.py:2573} INFO - Sync 1 DAGs
[2023-01-15T09:33:55.695+0000] {logging_mixin.py:117} INFO - [2023-01-15T09:33:55.695+0000] {dag.py:3328} INFO - Setting next_dagrun for tutorial_dag to None, run_after=None
[2023-01-15T09:33:55.711+0000] {processor.py:178} INFO - Processing /home/airflow/.local/lib/python3.7/site-packages/airflow/example_dags/tutorial_dag.py took 0.082 seconds
[2023-01-15T09:43:30.283+0000] {processor.py:156} INFO - Started process (PID=24910) to work on /home/airflow/.local/lib/python3.7/site-packages/airflow/example_dags/tutorial_dag.py
[2023-01-15T09:43:30.293+0000] {processor.py:758} INFO - Processing file /home/airflow/.local/lib/python3.7/site-packages/airflow/example_dags/tutorial_dag.py for tasks to queue
[2023-01-15T09:43:30.295+0000] {logging_mixin.py:117} INFO - [2023-01-15T09:43:30.294+0000] {dagbag.py:525} INFO - Filling up the DagBag from /home/airflow/.local/lib/python3.7/site-packages/airflow/example_dags/tutorial_dag.py
[2023-01-15T09:43:30.315+0000] {processor.py:768} INFO - DAG(s) dict_keys(['tutorial_dag']) retrieved from /home/airflow/.local/lib/python3.7/site-packages/airflow/example_dags/tutorial_dag.py
[2023-01-15T09:43:30.384+0000] {logging_mixin.py:117} INFO - [2023-01-15T09:43:30.384+0000] {dag.py:2573} INFO - Sync 1 DAGs
[2023-01-15T09:43:30.408+0000] {logging_mixin.py:117} INFO - [2023-01-15T09:43:30.408+0000] {dag.py:3328} INFO - Setting next_dagrun for tutorial_dag to None, run_after=None
[2023-01-15T09:43:30.434+0000] {processor.py:178} INFO - Processing /home/airflow/.local/lib/python3.7/site-packages/airflow/example_dags/tutorial_dag.py took 0.156 seconds
[2023-01-15T11:04:09.628+0000] {processor.py:156} INFO - Started process (PID=24972) to work on /home/airflow/.local/lib/python3.7/site-packages/airflow/example_dags/tutorial_dag.py
[2023-01-15T11:04:09.632+0000] {processor.py:758} INFO - Processing file /home/airflow/.local/lib/python3.7/site-packages/airflow/example_dags/tutorial_dag.py for tasks to queue
[2023-01-15T11:04:09.634+0000] {logging_mixin.py:117} INFO - [2023-01-15T11:04:09.634+0000] {dagbag.py:525} INFO - Filling up the DagBag from /home/airflow/.local/lib/python3.7/site-packages/airflow/example_dags/tutorial_dag.py
[2023-01-15T11:04:09.669+0000] {processor.py:768} INFO - DAG(s) dict_keys(['tutorial_dag']) retrieved from /home/airflow/.local/lib/python3.7/site-packages/airflow/example_dags/tutorial_dag.py
[2023-01-15T11:04:09.787+0000] {logging_mixin.py:117} INFO - [2023-01-15T11:04:09.787+0000] {dag.py:2573} INFO - Sync 1 DAGs
[2023-01-15T11:04:09.833+0000] {logging_mixin.py:117} INFO - [2023-01-15T11:04:09.833+0000] {dag.py:3328} INFO - Setting next_dagrun for tutorial_dag to None, run_after=None
[2023-01-15T11:04:09.863+0000] {processor.py:178} INFO - Processing /home/airflow/.local/lib/python3.7/site-packages/airflow/example_dags/tutorial_dag.py took 0.238 seconds
[2023-01-15T12:04:16.595+0000] {processor.py:156} INFO - Started process (PID=25027) to work on /home/airflow/.local/lib/python3.7/site-packages/airflow/example_dags/tutorial_dag.py
[2023-01-15T12:04:16.601+0000] {processor.py:758} INFO - Processing file /home/airflow/.local/lib/python3.7/site-packages/airflow/example_dags/tutorial_dag.py for tasks to queue
[2023-01-15T12:04:16.602+0000] {logging_mixin.py:117} INFO - [2023-01-15T12:04:16.602+0000] {dagbag.py:525} INFO - Filling up the DagBag from /home/airflow/.local/lib/python3.7/site-packages/airflow/example_dags/tutorial_dag.py
[2023-01-15T12:04:16.614+0000] {processor.py:768} INFO - DAG(s) dict_keys(['tutorial_dag']) retrieved from /home/airflow/.local/lib/python3.7/site-packages/airflow/example_dags/tutorial_dag.py
[2023-01-15T12:04:16.659+0000] {logging_mixin.py:117} INFO - [2023-01-15T12:04:16.659+0000] {dag.py:2573} INFO - Sync 1 DAGs
[2023-01-15T12:04:16.699+0000] {logging_mixin.py:117} INFO - [2023-01-15T12:04:16.699+0000] {dag.py:3328} INFO - Setting next_dagrun for tutorial_dag to None, run_after=None
[2023-01-15T12:04:16.713+0000] {processor.py:178} INFO - Processing /home/airflow/.local/lib/python3.7/site-packages/airflow/example_dags/tutorial_dag.py took 0.122 seconds
[2023-01-15T12:42:38.361+0000] {processor.py:156} INFO - Started process (PID=25090) to work on /home/airflow/.local/lib/python3.7/site-packages/airflow/example_dags/tutorial_dag.py
[2023-01-15T12:42:38.363+0000] {processor.py:758} INFO - Processing file /home/airflow/.local/lib/python3.7/site-packages/airflow/example_dags/tutorial_dag.py for tasks to queue
[2023-01-15T12:42:38.363+0000] {logging_mixin.py:117} INFO - [2023-01-15T12:42:38.363+0000] {dagbag.py:525} INFO - Filling up the DagBag from /home/airflow/.local/lib/python3.7/site-packages/airflow/example_dags/tutorial_dag.py
[2023-01-15T12:42:38.383+0000] {processor.py:768} INFO - DAG(s) dict_keys(['tutorial_dag']) retrieved from /home/airflow/.local/lib/python3.7/site-packages/airflow/example_dags/tutorial_dag.py
[2023-01-15T12:42:38.425+0000] {logging_mixin.py:117} INFO - [2023-01-15T12:42:38.425+0000] {dag.py:2573} INFO - Sync 1 DAGs
[2023-01-15T12:42:38.449+0000] {logging_mixin.py:117} INFO - [2023-01-15T12:42:38.449+0000] {dag.py:3328} INFO - Setting next_dagrun for tutorial_dag to None, run_after=None
[2023-01-15T12:42:38.494+0000] {processor.py:178} INFO - Processing /home/airflow/.local/lib/python3.7/site-packages/airflow/example_dags/tutorial_dag.py took 0.135 seconds
[2023-01-15T13:21:55.572+0000] {processor.py:156} INFO - Started process (PID=25153) to work on /home/airflow/.local/lib/python3.7/site-packages/airflow/example_dags/tutorial_dag.py
[2023-01-15T13:21:55.573+0000] {processor.py:758} INFO - Processing file /home/airflow/.local/lib/python3.7/site-packages/airflow/example_dags/tutorial_dag.py for tasks to queue
[2023-01-15T13:21:55.573+0000] {logging_mixin.py:117} INFO - [2023-01-15T13:21:55.573+0000] {dagbag.py:525} INFO - Filling up the DagBag from /home/airflow/.local/lib/python3.7/site-packages/airflow/example_dags/tutorial_dag.py
[2023-01-15T13:21:55.585+0000] {processor.py:768} INFO - DAG(s) dict_keys(['tutorial_dag']) retrieved from /home/airflow/.local/lib/python3.7/site-packages/airflow/example_dags/tutorial_dag.py
[2023-01-15T13:21:55.613+0000] {logging_mixin.py:117} INFO - [2023-01-15T13:21:55.613+0000] {dag.py:2573} INFO - Sync 1 DAGs
[2023-01-15T13:21:55.627+0000] {logging_mixin.py:117} INFO - [2023-01-15T13:21:55.627+0000] {dag.py:3328} INFO - Setting next_dagrun for tutorial_dag to None, run_after=None
[2023-01-15T13:21:55.638+0000] {processor.py:178} INFO - Processing /home/airflow/.local/lib/python3.7/site-packages/airflow/example_dags/tutorial_dag.py took 0.068 seconds
[2023-01-15T13:38:29.290+0000] {processor.py:156} INFO - Started process (PID=25216) to work on /home/airflow/.local/lib/python3.7/site-packages/airflow/example_dags/tutorial_dag.py
[2023-01-15T13:38:29.292+0000] {processor.py:758} INFO - Processing file /home/airflow/.local/lib/python3.7/site-packages/airflow/example_dags/tutorial_dag.py for tasks to queue
[2023-01-15T13:38:29.295+0000] {logging_mixin.py:117} INFO - [2023-01-15T13:38:29.295+0000] {dagbag.py:525} INFO - Filling up the DagBag from /home/airflow/.local/lib/python3.7/site-packages/airflow/example_dags/tutorial_dag.py
[2023-01-15T13:38:29.315+0000] {processor.py:768} INFO - DAG(s) dict_keys(['tutorial_dag']) retrieved from /home/airflow/.local/lib/python3.7/site-packages/airflow/example_dags/tutorial_dag.py
[2023-01-15T13:38:29.356+0000] {logging_mixin.py:117} INFO - [2023-01-15T13:38:29.356+0000] {dag.py:2573} INFO - Sync 1 DAGs
[2023-01-15T13:38:29.378+0000] {logging_mixin.py:117} INFO - [2023-01-15T13:38:29.378+0000] {dag.py:3328} INFO - Setting next_dagrun for tutorial_dag to None, run_after=None
[2023-01-15T13:38:29.393+0000] {processor.py:178} INFO - Processing /home/airflow/.local/lib/python3.7/site-packages/airflow/example_dags/tutorial_dag.py took 0.106 seconds
[2023-01-15T13:39:00.198+0000] {processor.py:156} INFO - Started process (PID=25277) to work on /home/airflow/.local/lib/python3.7/site-packages/airflow/example_dags/tutorial_dag.py
[2023-01-15T13:39:00.200+0000] {processor.py:758} INFO - Processing file /home/airflow/.local/lib/python3.7/site-packages/airflow/example_dags/tutorial_dag.py for tasks to queue
[2023-01-15T13:39:00.200+0000] {logging_mixin.py:117} INFO - [2023-01-15T13:39:00.200+0000] {dagbag.py:525} INFO - Filling up the DagBag from /home/airflow/.local/lib/python3.7/site-packages/airflow/example_dags/tutorial_dag.py
[2023-01-15T13:39:00.212+0000] {processor.py:768} INFO - DAG(s) dict_keys(['tutorial_dag']) retrieved from /home/airflow/.local/lib/python3.7/site-packages/airflow/example_dags/tutorial_dag.py
[2023-01-15T13:39:00.243+0000] {logging_mixin.py:117} INFO - [2023-01-15T13:39:00.243+0000] {dag.py:2573} INFO - Sync 1 DAGs
[2023-01-15T13:39:00.258+0000] {logging_mixin.py:117} INFO - [2023-01-15T13:39:00.258+0000] {dag.py:3328} INFO - Setting next_dagrun for tutorial_dag to None, run_after=None
[2023-01-15T13:39:00.271+0000] {processor.py:178} INFO - Processing /home/airflow/.local/lib/python3.7/site-packages/airflow/example_dags/tutorial_dag.py took 0.075 seconds
[2023-01-15T13:39:30.518+0000] {processor.py:156} INFO - Started process (PID=25333) to work on /home/airflow/.local/lib/python3.7/site-packages/airflow/example_dags/tutorial_dag.py
[2023-01-15T13:39:30.520+0000] {processor.py:758} INFO - Processing file /home/airflow/.local/lib/python3.7/site-packages/airflow/example_dags/tutorial_dag.py for tasks to queue
[2023-01-15T13:39:30.520+0000] {logging_mixin.py:117} INFO - [2023-01-15T13:39:30.520+0000] {dagbag.py:525} INFO - Filling up the DagBag from /home/airflow/.local/lib/python3.7/site-packages/airflow/example_dags/tutorial_dag.py
[2023-01-15T13:39:30.531+0000] {processor.py:768} INFO - DAG(s) dict_keys(['tutorial_dag']) retrieved from /home/airflow/.local/lib/python3.7/site-packages/airflow/example_dags/tutorial_dag.py
[2023-01-15T13:39:30.560+0000] {logging_mixin.py:117} INFO - [2023-01-15T13:39:30.560+0000] {dag.py:2573} INFO - Sync 1 DAGs
[2023-01-15T13:39:30.575+0000] {logging_mixin.py:117} INFO - [2023-01-15T13:39:30.575+0000] {dag.py:3328} INFO - Setting next_dagrun for tutorial_dag to None, run_after=None
[2023-01-15T13:39:30.585+0000] {processor.py:178} INFO - Processing /home/airflow/.local/lib/python3.7/site-packages/airflow/example_dags/tutorial_dag.py took 0.070 seconds
[2023-01-15T13:40:00.953+0000] {processor.py:156} INFO - Started process (PID=25396) to work on /home/airflow/.local/lib/python3.7/site-packages/airflow/example_dags/tutorial_dag.py
[2023-01-15T13:40:00.954+0000] {processor.py:758} INFO - Processing file /home/airflow/.local/lib/python3.7/site-packages/airflow/example_dags/tutorial_dag.py for tasks to queue
[2023-01-15T13:40:00.954+0000] {logging_mixin.py:117} INFO - [2023-01-15T13:40:00.954+0000] {dagbag.py:525} INFO - Filling up the DagBag from /home/airflow/.local/lib/python3.7/site-packages/airflow/example_dags/tutorial_dag.py
[2023-01-15T13:40:00.965+0000] {processor.py:768} INFO - DAG(s) dict_keys(['tutorial_dag']) retrieved from /home/airflow/.local/lib/python3.7/site-packages/airflow/example_dags/tutorial_dag.py
[2023-01-15T13:40:00.993+0000] {logging_mixin.py:117} INFO - [2023-01-15T13:40:00.993+0000] {dag.py:2573} INFO - Sync 1 DAGs
[2023-01-15T13:40:01.007+0000] {logging_mixin.py:117} INFO - [2023-01-15T13:40:01.007+0000] {dag.py:3328} INFO - Setting next_dagrun for tutorial_dag to None, run_after=None
[2023-01-15T13:40:01.018+0000] {processor.py:178} INFO - Processing /home/airflow/.local/lib/python3.7/site-packages/airflow/example_dags/tutorial_dag.py took 0.069 seconds
[2023-01-15T13:40:31.533+0000] {processor.py:156} INFO - Started process (PID=25459) to work on /home/airflow/.local/lib/python3.7/site-packages/airflow/example_dags/tutorial_dag.py
[2023-01-15T13:40:31.534+0000] {processor.py:758} INFO - Processing file /home/airflow/.local/lib/python3.7/site-packages/airflow/example_dags/tutorial_dag.py for tasks to queue
[2023-01-15T13:40:31.535+0000] {logging_mixin.py:117} INFO - [2023-01-15T13:40:31.535+0000] {dagbag.py:525} INFO - Filling up the DagBag from /home/airflow/.local/lib/python3.7/site-packages/airflow/example_dags/tutorial_dag.py
[2023-01-15T13:40:31.547+0000] {processor.py:768} INFO - DAG(s) dict_keys(['tutorial_dag']) retrieved from /home/airflow/.local/lib/python3.7/site-packages/airflow/example_dags/tutorial_dag.py
[2023-01-15T13:40:31.582+0000] {logging_mixin.py:117} INFO - [2023-01-15T13:40:31.582+0000] {dag.py:2573} INFO - Sync 1 DAGs
[2023-01-15T13:40:31.600+0000] {logging_mixin.py:117} INFO - [2023-01-15T13:40:31.600+0000] {dag.py:3328} INFO - Setting next_dagrun for tutorial_dag to None, run_after=None
[2023-01-15T13:40:31.612+0000] {processor.py:178} INFO - Processing /home/airflow/.local/lib/python3.7/site-packages/airflow/example_dags/tutorial_dag.py took 0.083 seconds
[2023-01-15T13:41:01.892+0000] {processor.py:156} INFO - Started process (PID=25522) to work on /home/airflow/.local/lib/python3.7/site-packages/airflow/example_dags/tutorial_dag.py
[2023-01-15T13:41:01.893+0000] {processor.py:758} INFO - Processing file /home/airflow/.local/lib/python3.7/site-packages/airflow/example_dags/tutorial_dag.py for tasks to queue
[2023-01-15T13:41:01.894+0000] {logging_mixin.py:117} INFO - [2023-01-15T13:41:01.894+0000] {dagbag.py:525} INFO - Filling up the DagBag from /home/airflow/.local/lib/python3.7/site-packages/airflow/example_dags/tutorial_dag.py
[2023-01-15T13:41:01.904+0000] {processor.py:768} INFO - DAG(s) dict_keys(['tutorial_dag']) retrieved from /home/airflow/.local/lib/python3.7/site-packages/airflow/example_dags/tutorial_dag.py
[2023-01-15T13:41:01.933+0000] {logging_mixin.py:117} INFO - [2023-01-15T13:41:01.933+0000] {dag.py:2573} INFO - Sync 1 DAGs
[2023-01-15T13:41:01.946+0000] {logging_mixin.py:117} INFO - [2023-01-15T13:41:01.946+0000] {dag.py:3328} INFO - Setting next_dagrun for tutorial_dag to None, run_after=None
[2023-01-15T13:41:01.958+0000] {processor.py:178} INFO - Processing /home/airflow/.local/lib/python3.7/site-packages/airflow/example_dags/tutorial_dag.py took 0.069 seconds
[2023-01-15T13:41:32.247+0000] {processor.py:156} INFO - Started process (PID=25585) to work on /home/airflow/.local/lib/python3.7/site-packages/airflow/example_dags/tutorial_dag.py
[2023-01-15T13:41:32.248+0000] {processor.py:758} INFO - Processing file /home/airflow/.local/lib/python3.7/site-packages/airflow/example_dags/tutorial_dag.py for tasks to queue
[2023-01-15T13:41:32.249+0000] {logging_mixin.py:117} INFO - [2023-01-15T13:41:32.249+0000] {dagbag.py:525} INFO - Filling up the DagBag from /home/airflow/.local/lib/python3.7/site-packages/airflow/example_dags/tutorial_dag.py
[2023-01-15T13:41:32.259+0000] {processor.py:768} INFO - DAG(s) dict_keys(['tutorial_dag']) retrieved from /home/airflow/.local/lib/python3.7/site-packages/airflow/example_dags/tutorial_dag.py
[2023-01-15T13:41:32.286+0000] {logging_mixin.py:117} INFO - [2023-01-15T13:41:32.286+0000] {dag.py:2573} INFO - Sync 1 DAGs
[2023-01-15T13:41:32.302+0000] {logging_mixin.py:117} INFO - [2023-01-15T13:41:32.301+0000] {dag.py:3328} INFO - Setting next_dagrun for tutorial_dag to None, run_after=None
[2023-01-15T13:41:32.313+0000] {processor.py:178} INFO - Processing /home/airflow/.local/lib/python3.7/site-packages/airflow/example_dags/tutorial_dag.py took 0.069 seconds
[2023-01-15T13:42:02.621+0000] {processor.py:156} INFO - Started process (PID=25649) to work on /home/airflow/.local/lib/python3.7/site-packages/airflow/example_dags/tutorial_dag.py
[2023-01-15T13:42:02.623+0000] {processor.py:758} INFO - Processing file /home/airflow/.local/lib/python3.7/site-packages/airflow/example_dags/tutorial_dag.py for tasks to queue
[2023-01-15T13:42:02.623+0000] {logging_mixin.py:117} INFO - [2023-01-15T13:42:02.623+0000] {dagbag.py:525} INFO - Filling up the DagBag from /home/airflow/.local/lib/python3.7/site-packages/airflow/example_dags/tutorial_dag.py
[2023-01-15T13:42:02.635+0000] {processor.py:768} INFO - DAG(s) dict_keys(['tutorial_dag']) retrieved from /home/airflow/.local/lib/python3.7/site-packages/airflow/example_dags/tutorial_dag.py
[2023-01-15T13:42:02.666+0000] {logging_mixin.py:117} INFO - [2023-01-15T13:42:02.666+0000] {dag.py:2573} INFO - Sync 1 DAGs
[2023-01-15T13:42:02.681+0000] {logging_mixin.py:117} INFO - [2023-01-15T13:42:02.681+0000] {dag.py:3328} INFO - Setting next_dagrun for tutorial_dag to None, run_after=None
[2023-01-15T13:42:02.693+0000] {processor.py:178} INFO - Processing /home/airflow/.local/lib/python3.7/site-packages/airflow/example_dags/tutorial_dag.py took 0.074 seconds
[2023-01-15T13:58:06.103+0000] {processor.py:156} INFO - Started process (PID=25703) to work on /home/airflow/.local/lib/python3.7/site-packages/airflow/example_dags/tutorial_dag.py
[2023-01-15T13:58:06.104+0000] {processor.py:758} INFO - Processing file /home/airflow/.local/lib/python3.7/site-packages/airflow/example_dags/tutorial_dag.py for tasks to queue
[2023-01-15T13:58:06.106+0000] {logging_mixin.py:117} INFO - [2023-01-15T13:58:06.106+0000] {dagbag.py:525} INFO - Filling up the DagBag from /home/airflow/.local/lib/python3.7/site-packages/airflow/example_dags/tutorial_dag.py
[2023-01-15T13:58:06.124+0000] {processor.py:768} INFO - DAG(s) dict_keys(['tutorial_dag']) retrieved from /home/airflow/.local/lib/python3.7/site-packages/airflow/example_dags/tutorial_dag.py
[2023-01-15T13:58:06.180+0000] {logging_mixin.py:117} INFO - [2023-01-15T13:58:06.180+0000] {dag.py:2573} INFO - Sync 1 DAGs
[2023-01-15T13:58:06.201+0000] {logging_mixin.py:117} INFO - [2023-01-15T13:58:06.201+0000] {dag.py:3328} INFO - Setting next_dagrun for tutorial_dag to None, run_after=None
[2023-01-15T13:58:06.227+0000] {processor.py:178} INFO - Processing /home/airflow/.local/lib/python3.7/site-packages/airflow/example_dags/tutorial_dag.py took 0.127 seconds
[2023-01-15T14:09:08.472+0000] {processor.py:156} INFO - Started process (PID=25766) to work on /home/airflow/.local/lib/python3.7/site-packages/airflow/example_dags/tutorial_dag.py
[2023-01-15T14:09:08.473+0000] {processor.py:758} INFO - Processing file /home/airflow/.local/lib/python3.7/site-packages/airflow/example_dags/tutorial_dag.py for tasks to queue
[2023-01-15T14:09:08.474+0000] {logging_mixin.py:117} INFO - [2023-01-15T14:09:08.474+0000] {dagbag.py:525} INFO - Filling up the DagBag from /home/airflow/.local/lib/python3.7/site-packages/airflow/example_dags/tutorial_dag.py
[2023-01-15T14:09:08.499+0000] {processor.py:768} INFO - DAG(s) dict_keys(['tutorial_dag']) retrieved from /home/airflow/.local/lib/python3.7/site-packages/airflow/example_dags/tutorial_dag.py
[2023-01-15T14:09:08.549+0000] {logging_mixin.py:117} INFO - [2023-01-15T14:09:08.548+0000] {dag.py:2573} INFO - Sync 1 DAGs
[2023-01-15T14:09:08.576+0000] {logging_mixin.py:117} INFO - [2023-01-15T14:09:08.576+0000] {dag.py:3328} INFO - Setting next_dagrun for tutorial_dag to None, run_after=None
[2023-01-15T14:09:08.589+0000] {processor.py:178} INFO - Processing /home/airflow/.local/lib/python3.7/site-packages/airflow/example_dags/tutorial_dag.py took 0.120 seconds
[2023-01-15T14:09:38.742+0000] {processor.py:156} INFO - Started process (PID=25829) to work on /home/airflow/.local/lib/python3.7/site-packages/airflow/example_dags/tutorial_dag.py
[2023-01-15T14:09:38.743+0000] {processor.py:758} INFO - Processing file /home/airflow/.local/lib/python3.7/site-packages/airflow/example_dags/tutorial_dag.py for tasks to queue
[2023-01-15T14:09:38.744+0000] {logging_mixin.py:117} INFO - [2023-01-15T14:09:38.744+0000] {dagbag.py:525} INFO - Filling up the DagBag from /home/airflow/.local/lib/python3.7/site-packages/airflow/example_dags/tutorial_dag.py
[2023-01-15T14:09:38.754+0000] {processor.py:768} INFO - DAG(s) dict_keys(['tutorial_dag']) retrieved from /home/airflow/.local/lib/python3.7/site-packages/airflow/example_dags/tutorial_dag.py
[2023-01-15T14:09:38.781+0000] {logging_mixin.py:117} INFO - [2023-01-15T14:09:38.781+0000] {dag.py:2573} INFO - Sync 1 DAGs
[2023-01-15T14:09:38.796+0000] {logging_mixin.py:117} INFO - [2023-01-15T14:09:38.796+0000] {dag.py:3328} INFO - Setting next_dagrun for tutorial_dag to None, run_after=None
[2023-01-15T14:09:38.807+0000] {processor.py:178} INFO - Processing /home/airflow/.local/lib/python3.7/site-packages/airflow/example_dags/tutorial_dag.py took 0.068 seconds
[2023-01-15T14:59:14.201+0000] {processor.py:156} INFO - Started process (PID=25893) to work on /home/airflow/.local/lib/python3.7/site-packages/airflow/example_dags/tutorial_dag.py
[2023-01-15T14:59:14.203+0000] {processor.py:758} INFO - Processing file /home/airflow/.local/lib/python3.7/site-packages/airflow/example_dags/tutorial_dag.py for tasks to queue
[2023-01-15T14:59:14.203+0000] {logging_mixin.py:117} INFO - [2023-01-15T14:59:14.203+0000] {dagbag.py:525} INFO - Filling up the DagBag from /home/airflow/.local/lib/python3.7/site-packages/airflow/example_dags/tutorial_dag.py
[2023-01-15T14:59:14.230+0000] {processor.py:768} INFO - DAG(s) dict_keys(['tutorial_dag']) retrieved from /home/airflow/.local/lib/python3.7/site-packages/airflow/example_dags/tutorial_dag.py
[2023-01-15T14:59:14.284+0000] {logging_mixin.py:117} INFO - [2023-01-15T14:59:14.284+0000] {dag.py:2573} INFO - Sync 1 DAGs
[2023-01-15T14:59:14.309+0000] {logging_mixin.py:117} INFO - [2023-01-15T14:59:14.309+0000] {dag.py:3328} INFO - Setting next_dagrun for tutorial_dag to None, run_after=None
[2023-01-15T14:59:14.324+0000] {processor.py:178} INFO - Processing /home/airflow/.local/lib/python3.7/site-packages/airflow/example_dags/tutorial_dag.py took 0.130 seconds
[2023-01-15T16:21:36.197+0000] {processor.py:156} INFO - Started process (PID=25947) to work on /home/airflow/.local/lib/python3.7/site-packages/airflow/example_dags/tutorial_dag.py
[2023-01-15T16:21:36.199+0000] {processor.py:758} INFO - Processing file /home/airflow/.local/lib/python3.7/site-packages/airflow/example_dags/tutorial_dag.py for tasks to queue
[2023-01-15T16:21:36.201+0000] {logging_mixin.py:117} INFO - [2023-01-15T16:21:36.201+0000] {dagbag.py:525} INFO - Filling up the DagBag from /home/airflow/.local/lib/python3.7/site-packages/airflow/example_dags/tutorial_dag.py
[2023-01-15T16:21:36.217+0000] {processor.py:768} INFO - DAG(s) dict_keys(['tutorial_dag']) retrieved from /home/airflow/.local/lib/python3.7/site-packages/airflow/example_dags/tutorial_dag.py
[2023-01-15T16:21:36.273+0000] {logging_mixin.py:117} INFO - [2023-01-15T16:21:36.273+0000] {dag.py:2573} INFO - Sync 1 DAGs
[2023-01-15T16:21:36.305+0000] {logging_mixin.py:117} INFO - [2023-01-15T16:21:36.304+0000] {dag.py:3328} INFO - Setting next_dagrun for tutorial_dag to None, run_after=None
[2023-01-15T16:21:36.331+0000] {processor.py:178} INFO - Processing /home/airflow/.local/lib/python3.7/site-packages/airflow/example_dags/tutorial_dag.py took 0.137 seconds
[2023-01-15T17:27:04.066+0000] {processor.py:156} INFO - Started process (PID=26010) to work on /home/airflow/.local/lib/python3.7/site-packages/airflow/example_dags/tutorial_dag.py
[2023-01-15T17:27:04.069+0000] {processor.py:758} INFO - Processing file /home/airflow/.local/lib/python3.7/site-packages/airflow/example_dags/tutorial_dag.py for tasks to queue
[2023-01-15T17:27:04.070+0000] {logging_mixin.py:117} INFO - [2023-01-15T17:27:04.070+0000] {dagbag.py:525} INFO - Filling up the DagBag from /home/airflow/.local/lib/python3.7/site-packages/airflow/example_dags/tutorial_dag.py
[2023-01-15T17:27:04.086+0000] {processor.py:768} INFO - DAG(s) dict_keys(['tutorial_dag']) retrieved from /home/airflow/.local/lib/python3.7/site-packages/airflow/example_dags/tutorial_dag.py
[2023-01-15T17:27:04.131+0000] {logging_mixin.py:117} INFO - [2023-01-15T17:27:04.131+0000] {dag.py:2573} INFO - Sync 1 DAGs
[2023-01-15T17:27:04.154+0000] {logging_mixin.py:117} INFO - [2023-01-15T17:27:04.154+0000] {dag.py:3328} INFO - Setting next_dagrun for tutorial_dag to None, run_after=None
[2023-01-15T17:27:04.203+0000] {processor.py:178} INFO - Processing /home/airflow/.local/lib/python3.7/site-packages/airflow/example_dags/tutorial_dag.py took 0.140 seconds
[2023-01-15T18:23:36.974+0000] {processor.py:156} INFO - Started process (PID=26073) to work on /home/airflow/.local/lib/python3.7/site-packages/airflow/example_dags/tutorial_dag.py
[2023-01-15T18:23:36.985+0000] {processor.py:758} INFO - Processing file /home/airflow/.local/lib/python3.7/site-packages/airflow/example_dags/tutorial_dag.py for tasks to queue
[2023-01-15T18:23:36.987+0000] {logging_mixin.py:117} INFO - [2023-01-15T18:23:36.987+0000] {dagbag.py:525} INFO - Filling up the DagBag from /home/airflow/.local/lib/python3.7/site-packages/airflow/example_dags/tutorial_dag.py
[2023-01-15T18:23:37.011+0000] {processor.py:768} INFO - DAG(s) dict_keys(['tutorial_dag']) retrieved from /home/airflow/.local/lib/python3.7/site-packages/airflow/example_dags/tutorial_dag.py
[2023-01-15T18:23:37.067+0000] {logging_mixin.py:117} INFO - [2023-01-15T18:23:37.067+0000] {dag.py:2573} INFO - Sync 1 DAGs
[2023-01-15T18:23:37.090+0000] {logging_mixin.py:117} INFO - [2023-01-15T18:23:37.090+0000] {dag.py:3328} INFO - Setting next_dagrun for tutorial_dag to None, run_after=None
[2023-01-15T18:23:37.108+0000] {processor.py:178} INFO - Processing /home/airflow/.local/lib/python3.7/site-packages/airflow/example_dags/tutorial_dag.py took 0.139 seconds
[2023-01-15T19:46:54.869+0000] {processor.py:156} INFO - Started process (PID=26127) to work on /home/airflow/.local/lib/python3.7/site-packages/airflow/example_dags/tutorial_dag.py
[2023-01-15T19:46:54.871+0000] {processor.py:758} INFO - Processing file /home/airflow/.local/lib/python3.7/site-packages/airflow/example_dags/tutorial_dag.py for tasks to queue
[2023-01-15T19:46:54.872+0000] {logging_mixin.py:117} INFO - [2023-01-15T19:46:54.871+0000] {dagbag.py:525} INFO - Filling up the DagBag from /home/airflow/.local/lib/python3.7/site-packages/airflow/example_dags/tutorial_dag.py
[2023-01-15T19:46:54.892+0000] {processor.py:768} INFO - DAG(s) dict_keys(['tutorial_dag']) retrieved from /home/airflow/.local/lib/python3.7/site-packages/airflow/example_dags/tutorial_dag.py
[2023-01-15T19:46:55.014+0000] {logging_mixin.py:117} INFO - [2023-01-15T19:46:55.014+0000] {dag.py:2573} INFO - Sync 1 DAGs
[2023-01-15T19:46:55.078+0000] {logging_mixin.py:117} INFO - [2023-01-15T19:46:55.078+0000] {dag.py:3328} INFO - Setting next_dagrun for tutorial_dag to None, run_after=None
[2023-01-15T19:46:55.111+0000] {processor.py:178} INFO - Processing /home/airflow/.local/lib/python3.7/site-packages/airflow/example_dags/tutorial_dag.py took 0.247 seconds
[2023-01-15T20:53:29.839+0000] {processor.py:156} INFO - Started process (PID=26189) to work on /home/airflow/.local/lib/python3.7/site-packages/airflow/example_dags/tutorial_dag.py
[2023-01-15T20:53:29.842+0000] {processor.py:758} INFO - Processing file /home/airflow/.local/lib/python3.7/site-packages/airflow/example_dags/tutorial_dag.py for tasks to queue
[2023-01-15T20:53:29.844+0000] {logging_mixin.py:117} INFO - [2023-01-15T20:53:29.844+0000] {dagbag.py:525} INFO - Filling up the DagBag from /home/airflow/.local/lib/python3.7/site-packages/airflow/example_dags/tutorial_dag.py
[2023-01-15T20:53:29.862+0000] {processor.py:768} INFO - DAG(s) dict_keys(['tutorial_dag']) retrieved from /home/airflow/.local/lib/python3.7/site-packages/airflow/example_dags/tutorial_dag.py
[2023-01-15T20:53:29.899+0000] {logging_mixin.py:117} INFO - [2023-01-15T20:53:29.899+0000] {dag.py:2573} INFO - Sync 1 DAGs
[2023-01-15T20:53:29.926+0000] {logging_mixin.py:117} INFO - [2023-01-15T20:53:29.926+0000] {dag.py:3328} INFO - Setting next_dagrun for tutorial_dag to None, run_after=None
[2023-01-15T20:53:29.962+0000] {processor.py:178} INFO - Processing /home/airflow/.local/lib/python3.7/site-packages/airflow/example_dags/tutorial_dag.py took 0.130 seconds
[2023-01-15T21:52:33.287+0000] {processor.py:156} INFO - Started process (PID=26252) to work on /home/airflow/.local/lib/python3.7/site-packages/airflow/example_dags/tutorial_dag.py
[2023-01-15T21:52:33.290+0000] {processor.py:758} INFO - Processing file /home/airflow/.local/lib/python3.7/site-packages/airflow/example_dags/tutorial_dag.py for tasks to queue
[2023-01-15T21:52:33.291+0000] {logging_mixin.py:117} INFO - [2023-01-15T21:52:33.290+0000] {dagbag.py:525} INFO - Filling up the DagBag from /home/airflow/.local/lib/python3.7/site-packages/airflow/example_dags/tutorial_dag.py
[2023-01-15T21:52:33.311+0000] {processor.py:768} INFO - DAG(s) dict_keys(['tutorial_dag']) retrieved from /home/airflow/.local/lib/python3.7/site-packages/airflow/example_dags/tutorial_dag.py
[2023-01-15T21:52:33.358+0000] {logging_mixin.py:117} INFO - [2023-01-15T21:52:33.358+0000] {dag.py:2573} INFO - Sync 1 DAGs
[2023-01-15T21:52:33.384+0000] {logging_mixin.py:117} INFO - [2023-01-15T21:52:33.384+0000] {dag.py:3328} INFO - Setting next_dagrun for tutorial_dag to None, run_after=None
[2023-01-15T21:52:33.423+0000] {processor.py:178} INFO - Processing /home/airflow/.local/lib/python3.7/site-packages/airflow/example_dags/tutorial_dag.py took 0.139 seconds
[2023-01-15T23:15:51.345+0000] {processor.py:156} INFO - Started process (PID=26315) to work on /home/airflow/.local/lib/python3.7/site-packages/airflow/example_dags/tutorial_dag.py
[2023-01-15T23:15:51.349+0000] {processor.py:758} INFO - Processing file /home/airflow/.local/lib/python3.7/site-packages/airflow/example_dags/tutorial_dag.py for tasks to queue
[2023-01-15T23:15:51.350+0000] {logging_mixin.py:117} INFO - [2023-01-15T23:15:51.350+0000] {dagbag.py:525} INFO - Filling up the DagBag from /home/airflow/.local/lib/python3.7/site-packages/airflow/example_dags/tutorial_dag.py
[2023-01-15T23:15:51.369+0000] {processor.py:768} INFO - DAG(s) dict_keys(['tutorial_dag']) retrieved from /home/airflow/.local/lib/python3.7/site-packages/airflow/example_dags/tutorial_dag.py
[2023-01-15T23:15:51.413+0000] {logging_mixin.py:117} INFO - [2023-01-15T23:15:51.413+0000] {dag.py:2573} INFO - Sync 1 DAGs
[2023-01-15T23:15:51.452+0000] {logging_mixin.py:117} INFO - [2023-01-15T23:15:51.452+0000] {dag.py:3328} INFO - Setting next_dagrun for tutorial_dag to None, run_after=None
[2023-01-15T23:15:51.488+0000] {processor.py:178} INFO - Processing /home/airflow/.local/lib/python3.7/site-packages/airflow/example_dags/tutorial_dag.py took 0.146 seconds
